"../../../Engine/Content/ArtTools/RenderToTexture/Enums/RenderToTexture_Enum.uasset" 0
"../../../Engine/Content/ArtTools/RenderToTexture/Enums/RenderToTexture_Flipbook_Enum.uasset" 1
"../../../Engine/Content/ArtTools/RenderToTexture/Enums/RenderToTexture_Imposter_Enum.uasset" 2
"../../../Engine/Content/EditorBlueprintResources/StandardMacros.uasset" 3
"../../../Engine/Content/ArtTools/RenderToTexture/Enums/EIntTypes.uasset" 4
"../../../Engine/Content/ArtTools/RenderToTexture/Macros/RenderToTextureFunctionLibrary.uasset" 5
"../../../Engine/Content/ArtTools/RenderToTexture/Enums/EFloatTypes.uasset" 6
"../../../Engine/Content/ArtTools/RenderToTexture/Macros/RenderToTextureMacros.uasset" 7
"../../../Engine/Content/Functions/Engine_MaterialFunctions01/Opacity/CameraDepthFade.uasset" 8
"../../../Engine/Content/EngineMaterials/T_Default_Material_Grid_M.uasset" 9
"../../../Engine/Content/EngineMaterials/T_Default_Material_Grid_N.uasset" 10
"../../../Engine/Content/EngineMaterials/WorldGridMaterial.uasset" 11
"../../../Engine/Content/ArtTools/RenderToTexture/Meshes/S_1_Unit_Plane.uasset" 12
"../../../Engine/Content/EngineMaterials/DefaultMaterial.uasset" 13
"../../../Engine/Content/BasicShapes/Cone.uasset" 14
"../../../Engine/Content/BasicShapes/Cube.uasset" 15
"../../../Engine/Content/BasicShapes/Cylinder.uasset" 16
"../../../Engine/Content/BasicShapes/Plane.uasset" 17
"../../../Engine/Content/BasicShapes/Sphere.uasset" 18
"../../../Engine/Content/EngineMaterials/DefaultPhysicalMaterial.uasset" 19
"../../../Engine/Content/BufferVisualization/AmbientOcclusion.uasset" 20
"../../../Engine/Content/BufferVisualization/BaseColor.uasset" 21
"../../../Engine/Content/BufferVisualization/CustomDepth.uasset" 22
"../../../Engine/Content/Functions/Engine_MaterialFunctions02/Utility/VectorLength.uasset" 23
"../../../Engine/Content/BufferVisualization/CustomDepthWorldUnits.uasset" 24
"../../../Engine/Content/Functions/Engine_MaterialFunctions02/Utility/BreakOutFloat2Components.uasset" 25
"../../../Engine/Content/Functions/Engine_MaterialFunctions01/Texturing/ScaleUVsByCenter.uasset" 26
"../../../Engine/Content/Functions/Engine_MaterialFunctions02/ScreenResolution.uasset" 27
"../../../Engine/Content/Functions/Engine_MaterialFunctions02/Texturing/ScreenAlignedUVs.uasset" 28
"../../../Engine/Content/Functions/Engine_MaterialFunctions02/Utility/MakeFloat2.uasset" 29
"../../../Engine/Content/Functions/Engine_MaterialFunctions02/Utility/MakeFloat3.uasset" 30
"../../../Engine/Content/EngineMaterials/MiniFont.uasset" 31
"../../../Engine/Content/BufferVisualization/CustomStencil.uasset" 32
"../../../Engine/Content/BufferVisualization/FinalImage.uasset" 33
"../../../Engine/Content/BufferVisualization/LightingModel.uasset" 34
"../../../Engine/Content/BufferVisualization/MaterialAO.uasset" 35
"../../../Engine/Content/BufferVisualization/Metallic.uasset" 36
"../../../Engine/Content/BufferVisualization/Opacity.uasset" 37
"../../../Engine/Content/BufferVisualization/PostTonemapHDRColor.uasset" 38
"../../../Engine/Content/BufferVisualization/PreTonemapHDRColor.uasset" 39
"../../../Engine/Content/BufferVisualization/Roughness.uasset" 40
"../../../Engine/Content/BufferVisualization/SceneColor.uasset" 41
"../../../Engine/Content/BufferVisualization/SceneDepth.uasset" 42
"../../../Engine/Content/BufferVisualization/SceneDepthWorldUnits.uasset" 43
"../../../Engine/Content/BufferVisualization/SeparateTranslucencyA.uasset" 44
"../../../Engine/Content/BufferVisualization/SeparateTranslucencyRGB.uasset" 45
"../../../Engine/Content/BufferVisualization/Specular.uasset" 46
"../../../Engine/Content/BufferVisualization/SubsurfaceColor.uasset" 47
"../../../Engine/Content/BufferVisualization/WorldNormal.uasset" 48
"../../../Engine/Content/EditorBlueprintResources/ActorMacros.uasset" 49
"../../../Engine/Content/EditorLandscapeResources/DataLayer.uasset" 50
"../../../Engine/Content/EditorLandscapeResources/DefaultAlphaTexture.uasset" 51
"../../../Engine/Content/EditorLandscapeResources/LandscapeGizmoHeight_Mat.uasset" 52
"../../../Engine/Content/EditorLandscapeResources/LandscapeGizmo_Mat.uasset" 53
"../../../Engine/Content/EditorLandscapeResources/LandscapeGizmo_Mat_Copied.uasset" 54
"../../../Engine/Content/EditorLandscapeResources/SplineEditorMeshMat.uasset" 55
"../../../Engine/Content/EditorLandscapeResources/SplineEditorMesh.uasset" 56
"../../../Engine/Content/EditorMaterials/Cross.uasset" 57
"../../../Engine/Content/EditorMaterials/Cross_Mat.uasset" 58
"../../../Engine/Content/EditorMaterials/GizmoMaterial.uasset" 59
"../../../Engine/Content/Functions/Engine_MaterialFunctions02/Utility/Sign.uasset" 60
"../../../Engine/Content/Functions/Engine_MaterialFunctions02/Utility/Round.uasset" 61
"../../../Engine/Content/Functions/Engine_MaterialFunctions02/ExampleContent/Textures/flipbook.uasset" 62
"../../../Engine/Content/Functions/Engine_MaterialFunctions02/Texturing/FlipBook.uasset" 63
"../../../Engine/Content/EditorResources/T_EditorHelp.uasset" 64
"../../../Engine/Content/EditorMaterials/HelpActorMaterial.uasset" 65
"../../../Engine/Content/EditorMaterials/CompositeARGBLayer.uasset" 66
"../../../Engine/Content/EditorMaterials/TilingAALineIntegral.uasset" 67
"../../../Engine/Content/EditorMaterials/TilingAALineBoxFiltered.uasset" 68
"../../../Engine/Content/Functions/Engine_MaterialFunctions03/Procedurals/ComputeFilterWidth.uasset" 69
"../../../Engine/Content/EditorMaterials/TilingAADots.uasset" 70
"../../../Engine/Content/EditorMaterials/Cascade/CASC_Cross.uasset" 71
"../../../Engine/Content/EditorMaterials/Cascade/CASC_None.uasset" 72
"../../../Engine/Content/Functions/Engine_MaterialFunctions03/Blends/Blend_Screen.uasset" 73
"../../../Engine/Content/EditorMaterials/TilingAAGrid.uasset" 74
"../../../Engine/Content/EditorMaterials/LevelGridMaterial.uasset" 75
"../../../Engine/Content/EditorMaterials/MakeCompositeARGBLayer.uasset" 76
"../../../Engine/Content/EditorResources/LevelGrid1DStripes.uasset" 77
"../../../Engine/Content/EditorMaterials/TextureGridCascaded1D.uasset" 78
"../../../Engine/Content/EditorMaterials/TextureGridCascaded2D.uasset" 79
"../../../Engine/Content/EditorMaterials/LevelGridMaterial2.uasset" 80
"../../../Engine/Content/EditorMaterials/MAT_Groups_Toggle.uasset" 81
"../../../Engine/Content/EditorMaterials/MAT_Groups_Visibility.uasset" 82
"../../../Engine/Content/EditorMaterials/AntialiasedGridFloor.uasset" 83
"../../../Engine/Content/EditorResources/TilePatine_D.uasset" 84
"../../../Engine/Content/EditorResources/TilePatine_N.uasset" 85
"../../../Engine/Content/EngineMaterials/Grid.uasset" 86
"../../../Engine/Content/EditorMaterials/PersonaFloorMat.uasset" 87
"../../../Engine/Content/EditorMaterials/PhAT_BoneSelectedMaterial.uasset" 88
"../../../Engine/Content/EditorMaterials/PhAT_ElemSelectedMaterial.uasset" 89
"../../../Engine/Content/EditorMaterials/PhAT_NoCollisionMaterial.uasset" 90
"../../../Engine/Content/EditorMaterials/PhAT_UnselectedMaterial.uasset" 91
"../../../Engine/Content/EditorMaterials/PreviewShadowIndicator.uasset" 92
"../../../Engine/Content/EditorMaterials/PreviewShadowIndicatorMaterial.uasset" 93
"../../../Engine/Content/EditorMaterials/TargetIcon.uasset" 94
"../../../Engine/Content/EditorMaterials/Tick.uasset" 95
"../../../Engine/Content/EditorMaterials/Tick_Mat.uasset" 96
"../../../Engine/Content/EditorMaterials/WidgetGridVertexColorMaterial.uasset" 97
"../../../Engine/Content/EditorMaterials/WidgetGridVertexColorMaterial_Ma.uasset" 98
"../../../Engine/Content/EditorMaterials/WidgetMaterial.uasset" 99
"../../../Engine/Content/EditorMaterials/WidgetMaterial_Current.uasset" 100
"../../../Engine/Content/EditorMaterials/WidgetMaterial_X.uasset" 101
"../../../Engine/Content/EditorMaterials/WidgetMaterial_Y.uasset" 102
"../../../Engine/Content/EditorMaterials/WidgetMaterial_Z.uasset" 103
"../../../Engine/Content/EditorMaterials/WidgetVertexColorMaterial.uasset" 104
"../../../Engine/Content/EditorMaterials/AssetViewer/EpicQuadPanorama_CC+EV1.uasset" 105
"../../../Engine/Content/MapTemplates/Sky/SunsetAmbientCubemap.uasset" 106
"../../../Engine/Content/EditorMaterials/AssetViewer/M_SkyBox.uasset" 107
"../../../Engine/Content/EditorMaterials/MatineeGroups/MAT_ColorTrack.uasset" 108
"../../../Engine/Content/EditorMaterials/MatineeGroups/MAT_Groups_Anim.uasset" 109
"../../../Engine/Content/EditorMaterials/MatineeGroups/MAT_Groups_AudioMaster.uasset" 110
"../../../Engine/Content/EditorMaterials/MatineeGroups/MAT_Groups_Director.uasset" 111
"../../../Engine/Content/EditorMaterials/MatineeGroups/MAT_Groups_Event.uasset" 112
"../../../Engine/Content/EditorMaterials/MatineeGroups/MAT_Groups_Fade.uasset" 113
"../../../Engine/Content/EditorMaterials/MatineeGroups/MAT_Groups_Float.uasset" 114
"../../../Engine/Content/EditorMaterials/MatineeGroups/MAT_Groups_Move.uasset" 115
"../../../Engine/Content/EditorMaterials/MatineeGroups/MAT_Groups_Slomo.uasset" 116
"../../../Engine/Content/EditorMaterials/MatineeGroups/MAT_Groups_Sound.uasset" 117
"../../../Engine/Content/EditorMaterials/MatineeGroups/MAT_Groups_Vector.uasset" 118
"../../../Engine/Content/EditorMaterials/ParticleSystems/PSysThumbnail_NoImage.uasset" 119
"../../../Engine/Content/EditorMaterials/ParticleSystems/PSysThumbnail_OOD.uasset" 120
"../../../Engine/Content/EditorMaterials/Thumbnails/FloorPlaneMaterial.uasset" 121
"../../../Engine/Content/EditorMeshes/EditorCube.uasset" 122
"../../../Engine/Content/EditorMeshes/EditorCylinder.uasset" 123
"../../../Engine/Content/EditorMeshes/EditorPlane.uasset" 124
"../../../Engine/Content/EditorMaterials/Thumbnails/SkySphereMaterial.uasset" 125
"../../../Engine/Content/EditorMeshes/EditorSkySphere.uasset" 126
"../../../Engine/Content/EditorMeshes/EditorSphere.uasset" 127
"../../../Engine/Content/EditorResources/MatineeCam_D.uasset" 128
"../../../Engine/Content/EditorMaterials/MatineeCam_mat.uasset" 129
"../../../Engine/Content/EditorMeshes/MatineeCam_SM.uasset" 130
"../../../Engine/Content/Functions/Engine_MaterialFunctions01/Shading/ConvertFromDiffSpec.uasset" 131
"../../../Engine/Content/EditorMaterials/GridMaterial.uasset" 132
"../../../Engine/Content/EditorMeshes/PhAT_FloorBox.uasset" 133
"../../../Engine/Content/EditorMeshes/AssetViewer/Floor_Mesh.uasset" 134
"../../../Engine/Content/EditorMeshes/AssetViewer/Sphere_inversenormals.uasset" 135
"../../../Engine/Content/EditorMaterials/Camera/CineMat.uasset" 136
"../../../Engine/Content/EditorMaterials/Camera/MI_CineMat_CameraBody.uasset" 137
"../../../Engine/Content/EngineDebugMaterials/M_SimpleOpaque.uasset" 138
"../../../Engine/Content/EditorMaterials/Camera/MI_CineMat_CamViewFinder.uasset" 139
"../../../Engine/Content/EditorMeshes/Camera/SM_CineCam.uasset" 140
"../../../Engine/Content/EditorMaterials/Camera/MI_CineMat_Rig.uasset" 141
"../../../Engine/Content/EditorMeshes/Camera/SM_CraneRig_Arm.uasset" 142
"../../../Engine/Content/EditorMeshes/Camera/SM_CraneRig_Base.uasset" 143
"../../../Engine/Content/EditorMeshes/Camera/SM_CraneRig_Body.uasset" 144
"../../../Engine/Content/EditorMeshes/Camera/SM_CraneRig_Mount.uasset" 145
"../../../Engine/Content/EditorMeshes/Camera/SM_RailRig_Mount.uasset" 146
"../../../Engine/Content/EditorMeshes/Camera/SM_RailRig_Track.uasset" 147
"../../../Engine/Content/EditorMeshes/ColorCalibrator/M_ChromeBall.uasset" 148
"../../../Engine/Content/EditorMeshes/ColorCalibrator/M_ClearCoat.uasset" 149
"../../../Engine/Content/EditorMeshes/ColorCalibrator/M_ClearCoatBlack.uasset" 150
"../../../Engine/Content/EditorMeshes/ColorCalibrator/Color_checker.uasset" 151
"../../../Engine/Content/EditorMeshes/ColorCalibrator/M_ColorGrid.uasset" 152
"../../../Engine/Content/EditorMeshes/ColorCalibrator/M_GreyBall.uasset" 153
"../../../Engine/Content/EditorMeshes/ColorCalibrator/SM_ColorCalibrator.uasset" 154
"../../../Engine/Content/EditorResources/Bad.uasset" 155
"../../../Engine/Content/EditorResources/BSPVertex.uasset" 156
"../../../Engine/Content/EditorResources/EmptyActor.uasset" 157
"../../../Engine/Content/EditorResources/MatInstActSprite.uasset" 158
"../../../Engine/Content/EditorResources/SceneManager.uasset" 159
"../../../Engine/Content/EditorResources/SmallFont.uasset" 160
"../../../Engine/Content/EditorResources/S_Actor.uasset" 161
"../../../Engine/Content/EditorResources/S_DecalActorIcon.uasset" 162
"../../../Engine/Content/EditorResources/S_Emitter.uasset" 163
"../../../Engine/Content/EditorResources/S_ExpoHeightFog.uasset" 164
"../../../Engine/Content/EditorResources/S_FTest.uasset" 165
"../../../Engine/Content/EditorResources/S_KBSJoint.uasset" 166
"../../../Engine/Content/EditorResources/S_KHinge.uasset" 167
"../../../Engine/Content/EditorResources/S_KPrismatic.uasset" 168
"../../../Engine/Content/EditorResources/S_LevelSequence.uasset" 169
"../../../Engine/Content/EditorResources/S_NavP.uasset" 170
"../../../Engine/Content/EditorResources/S_Note.uasset" 171
"../../../Engine/Content/EditorResources/S_Player.uasset" 172
"../../../Engine/Content/EditorResources/S_PortalActorIcon2.uasset" 173
"../../../Engine/Content/EditorResources/S_RadForce.uasset" 174
"../../../Engine/Content/EditorResources/S_ReflActorIcon.uasset" 175
"../../../Engine/Content/EditorResources/S_Terrain.uasset" 176
"../../../Engine/Content/EditorResources/S_TextRenderActorIcon.uasset" 177
"../../../Engine/Content/EditorResources/S_Thruster.uasset" 178
"../../../Engine/Content/EditorResources/S_Trigger.uasset" 179
"../../../Engine/Content/EditorResources/S_VectorFieldVol.uasset" 180
"../../../Engine/Content/EditorResources/S_WindDirectional.uasset" 181
"../../../Engine/Content/EditorResources/AI/S_NavLink.uasset" 182
"../../../Engine/Content/EditorResources/LightIcons/SkyLight.uasset" 183
"../../../Engine/Content/EditorResources/LightIcons/S_LightDirectional.uasset" 184
"../../../Engine/Content/EditorResources/LightIcons/S_LightDirectionalMove.uasset" 185
"../../../Engine/Content/EditorResources/LightIcons/S_LightError.uasset" 186
"../../../Engine/Content/EditorResources/LightIcons/S_LightPoint.uasset" 187
"../../../Engine/Content/EditorResources/LightIcons/S_LightPointMove.uasset" 188
"../../../Engine/Content/EditorResources/LightIcons/S_LightSpot.uasset" 189
"../../../Engine/Content/EditorResources/LightIcons/S_LightSpotMove.uasset" 190
"../../../Engine/Content/EditorResources/SequenceRecorder/Countdown.uasset" 191
"../../../Engine/Content/EditorResources/SequenceRecorder/RecordingIndicator.uasset" 192
"../../../Engine/Content/EditorResources/Spline/T_Loft_Spline.uasset" 193
"../../../Engine/Content/EditorSounds/Notifications/CompileFailed.uasset" 194
"../../../Engine/Content/EditorSounds/Notifications/CompileFailed_Cue.uasset" 195
"../../../Engine/Content/EditorSounds/Notifications/CompileSuccess.uasset" 196
"../../../Engine/Content/EditorSounds/Notifications/CompileStart_Cue.uasset" 197
"../../../Engine/Content/EditorSounds/Notifications/CompileSuccess_Cue.uasset" 198
"../../../Engine/Content/EngineDamageTypes/DmgTypeBP_Environmental.uasset" 199
"../../../Engine/Content/EngineDebugMaterials/HeatmapGradient.uasset" 200
"../../../Engine/Content/EngineDebugMaterials/BoneWeightMaterial.uasset" 201
"../../../Engine/Content/EngineDebugMaterials/ClothMaterial.uasset" 202
"../../../Engine/Content/EngineDebugMaterials/ClothMaterial_WF.uasset" 203
"../../../Engine/Content/EngineDebugMaterials/DebugEditorMaterial.uasset" 204
"../../../Engine/Content/EngineDebugMaterials/DebugMeshMaterial.uasset" 205
"../../../Engine/Content/EngineDebugMaterials/GeomMaterial.uasset" 206
"../../../Engine/Content/EngineDebugMaterials/LevelColorationLitMaterial.uasset" 207
"../../../Engine/Content/EngineDebugMaterials/LevelColorationUnlitMaterial.uasset" 208
"../../../Engine/Content/EngineMaterials/DefaultWhiteGrid.uasset" 209
"../../../Engine/Content/EngineDebugMaterials/MAT_LevelColorationLitLightmapUV.uasset" 210
"../../../Engine/Content/EngineDebugMaterials/M_SimpleTranslucent.uasset" 211
"../../../Engine/Content/EngineDebugMaterials/ShadedLevelColorationLitMaterial.uasset" 212
"../../../Engine/Content/EngineDebugMaterials/ShadedLevelColorationUnlitMateri.uasset" 213
"../../../Engine/Content/EngineDebugMaterials/VertexColorMaterial.uasset" 214
"../../../Engine/Content/EngineDebugMaterials/VertexColorViewMode_AlphaAsColor.uasset" 215
"../../../Engine/Content/EngineDebugMaterials/VertexColorViewMode_BlueOnly.uasset" 216
"../../../Engine/Content/EngineDebugMaterials/VertexColorViewMode_ColorOnly.uasset" 217
"../../../Engine/Content/EngineDebugMaterials/VertexColorViewMode_GreenOnly.uasset" 218
"../../../Engine/Content/EngineDebugMaterials/VertexColorViewMode_RedOnly.uasset" 219
"../../../Engine/Content/EngineDebugMaterials/WireframeMaterial.uasset" 220
"../../../Engine/Content/EngineFonts/Faces/RobotoBold.uasset" 221
"../../../Engine/Content/EngineFonts/Faces/RobotoBoldItalic.uasset" 222
"../../../Engine/Content/EngineFonts/Faces/RobotoItalic.uasset" 223
"../../../Engine/Content/EngineFonts/Faces/RobotoLight.uasset" 224
"../../../Engine/Content/EngineFonts/Faces/RobotoRegular.uasset" 225
"../../../Engine/Content/EngineFonts/Roboto.uasset" 226
"../../../Engine/Content/EngineFonts/Faces/RobotoTiny.uasset" 227
"../../../Engine/Content/EngineFonts/RobotoTiny.uasset" 228
"../../../Engine/Content/EngineFonts/SmallFont.uasset" 229
"../../../Engine/Content/EngineFonts/TinyFont.uasset" 230
"../../../Engine/Content/EngineResources/WhiteSquareTexture.uasset" 231
"../../../Engine/Content/EngineMaterials/BlinkingCaret.uasset" 232
"../../../Engine/Content/EngineMaterials/DefaultBloomKernel.uasset" 233
"../../../Engine/Content/EngineMaterials/DefaultBokeh.uasset" 234
"../../../Engine/Content/EngineMaterials/DefaultDiffuse.uasset" 235
"../../../Engine/Content/EngineMaterials/DefaultDeferredDecalMaterial.uasset" 236
"../../../Engine/Content/EngineMaterials/DefaultLightFunctionMaterial.uasset" 237
"../../../Engine/Content/EngineMaterials/DefaultNormal.uasset" 238
"../../../Engine/Content/EngineMaterials/DefaultPostProcessMaterial.uasset" 239
"../../../Engine/Content/EngineFonts/RobotoDistanceField.uasset" 240
"../../../Engine/Content/EngineMaterials/DefaultTextMaterialOpaque.uasset" 241
"../../../Engine/Content/EngineMaterials/EditorBrushMaterial.uasset" 242
"../../../Engine/Content/EngineMaterials/Good64x64TilingNoiseHighFreq.uasset" 243
"../../../Engine/Content/EngineMaterials/Grid_N.uasset" 244
"../../../Engine/Content/EngineMaterials/HighResolutionScreenshotMaskFunction.uasset" 245
"../../../Engine/Content/EngineMaterials/HighResScreenshot.uasset" 246
"../../../Engine/Content/EngineMaterials/HighResScreenshotCaptureRegion.uasset" 247
"../../../Engine/Content/EngineMaterials/HighResScreenshotMask.uasset" 248
"../../../Engine/Content/EngineMaterials/LandscapeHolePhysicalMaterial.uasset" 249
"../../../Engine/Content/EngineMaterials/InvalidLightmapSettings.uasset" 250
"../../../Engine/Content/EngineMaterials/M_InvalidLightmapSettings.uasset" 251
"../../../Engine/Content/EngineMaterials/PaperDiffuse.uasset" 252
"../../../Engine/Content/EngineMaterials/PaperNormal.uasset" 253
"../../../Engine/Content/Functions/Engine_MaterialFunctions02/WorldPositionOffset/CameraOffset.uasset" 254
"../../../Engine/Content/EngineMaterials/PhAT_JointLimitMaterial.uasset" 255
"../../../Engine/Content/EngineMaterials/PhysMat_Rubber.uasset" 256
"../../../Engine/Content/EngineMaterials/PreintegratedSkinBRDF.uasset" 257
"../../../Engine/Content/EngineMaterials/RemoveSurfaceMaterial.uasset" 258
"../../../Engine/Content/EngineMaterials/WeightMapPlaceholderTexture.uasset" 259
"../../../Engine/Content/EngineMaterials/Widget3DPassThrough.uasset" 260
"../../../Engine/Content/EngineMaterials/Widget3DPassThrough_Masked.uasset" 261
"../../../Engine/Content/EngineMaterials/Widget3DPassThrough_Opaque.uasset" 262
"../../../Engine/Content/EngineMaterials/Widget3DPassThrough_Masked_OneSided.uasset" 263
"../../../Engine/Content/EngineMaterials/Widget3DPassThrough_Opaque_OneSided.uasset" 264
"../../../Engine/Content/EngineMaterials/Widget3DPassThrough_Translucent.uasset" 265
"../../../Engine/Content/EngineMaterials/Widget3DPassThrough_Translucent_OneSided.uasset" 266
"../../../Engine/Content/EngineMeshes/Cube.uasset" 267
"../../../Engine/Content/EngineMeshes/Cylinder.uasset" 268
"../../../Engine/Content/EngineMeshes/Sphere.uasset" 269
"../../../Engine/Content/EngineResources/Black.uasset" 270
"../../../Engine/Content/EngineResources/DefaultTexture.uasset" 271
"../../../Engine/Content/EngineResources/DefaultTextureCube.uasset" 272
"../../../Engine/Content/EngineResources/GradientTexture0.uasset" 273
"../../../Engine/Content/EngineResources/StreamingPauseIcon.uasset" 274
"../../../Engine/Content/EngineResources/M_StreamingPause.uasset" 275
"../../../Engine/Content/EngineSounds/Master.uasset" 276
"../../../Engine/Content/Functions/Engine_MaterialFunctions01/Shading/PowerToRoughness.uasset" 277
"../../../Engine/Content/Maps/Templates/Thumbnails/Default.uasset" 278
"../../../Engine/Content/Maps/Templates/Thumbnails/VR-Basic.uasset" 279
"../../../Engine/Content/MapTemplates/Sky/DaylightAmbientCubemap.uasset" 280
"../../../Engine/Content/MobileResources/T_MobileControls_texture.uasset" 281
"../../../Engine/Content/MobileResources/T_MobileMenu2.uasset" 282
"../../../Engine/Content/MobileResources/HUD/AnalogHat.uasset" 283
"../../../Engine/Content/MobileResources/HUD/VirtualJoystick_Background.uasset" 284
"../../../Engine/Content/MobileResources/HUD/VirtualJoystick_Thumb.uasset" 285
"../../../Engine/Content/MobileResources/HUD/DefaultVirtualJoysticks.uasset" 286
"../../../Engine/Content/MobileResources/HUD/LeftVirtualJoystickOnly.uasset" 287
"../../../Engine/Content/MobileResources/HUD/MobileHUDButton1_off.uasset" 288
"../../../Engine/Content/MobileResources/HUD/MobileHUDButton1_on.uasset" 289
"../../../Engine/Content/MobileResources/HUD/MobileHUDButton2_off.uasset" 290
"../../../Engine/Content/MobileResources/HUD/MobileHUDButton2_on.uasset" 291
"../../../Engine/Content/MobileResources/HUD/MobileHUDButton3.uasset" 292
"../../../Engine/Content/MobileResources/HUD/MobileHUDButtonFire.uasset" 293
"../../../Engine/Content/MobileResources/HUD/MobileHUDDirectionPad.uasset" 294
"../../../Engine/Content/MobileResources/HUD/MobileHUDDirectionPad2.uasset" 295
"../../../Engine/Content/MobileResources/HUD/MobileHUDDirectionPad3.uasset" 296
"../../../Engine/Content/MobileResources/HUD/MobileHUDDirectionStick.uasset" 297
"../../../Engine/Content/MobileResources/HUD/T_Castle_ThumbstickInner.uasset" 298
"../../../Engine/Content/MobileResources/HUD/T_Castle_ThumbstickOutter.uasset" 299
"../../../Engine/Content/Tutorial/ContentIntroCurve.uasset" 300
"../../../Engine/Content/Tutorial/Basics/TutorialAssets/icon_tab_Levels_40x.uasset" 301
"../../../Engine/Content/Tutorial/BlueprintTutorials/TutorialAssets/BlueprintInterface_64x.uasset" 302
"../../../Engine/Content/Tutorial/BlueprintTutorials/TutorialAssets/BlueprintMacroLibrary_64x.uasset" 303
"../../../Engine/Content/Tutorial/BlueprintTutorials/TutorialAssets/Blueprint_64x.uasset" 304
"../../../Engine/Content/Tutorial/BlueprintTutorials/TutorialAssets/Tutorial_BP_Interface.uasset" 305
"../../../Engine/Content/Tutorial/Foliage/TutorialAssets/Foliage.uasset" 306
"../../../Engine/Content/Tutorial/Landscape/TutorialAssets/Landscape.uasset" 307
"../../../Engine/Content/Tutorial/Paper2D/TutorialAssets/Paper2DFlipbook_TutorialIcon.uasset" 308
"../../../Engine/Content/Tutorial/Paper2D/TutorialAssets/Paper2DSprite_TutorialIcon.uasset" 309
"../../../Engine/Content/Tutorial/SubEditors/TutorialAssets/icon_Editor_Preferences_General_40x.uasset" 310
"../../../Engine/Content/Tutorial/SubEditors/TutorialAssets/icon_ShowSkeletalMeshes_40x.uasset" 311
"../../../Engine/Content/Tutorial/SubEditors/TutorialAssets/TutorialMaterial.uasset" 312
"../../../Engine/Content/Tutorial/SubEditors/TutorialAssets/T_SmokeSubUV_8X8.uasset" 313
"../../../Engine/Content/Tutorial/SubEditors/TutorialAssets/T_soft_smoke.uasset" 314
"../../../Engine/Content/Tutorial/SubEditors/TutorialAssets/M_smoke_subUV_blackbody.uasset" 315
"../../../Engine/Content/Tutorial/SubEditors/TutorialAssets/TutorialParticleSystem.uasset" 316
"../../../Engine/Content/VREditor/Devices/Generic/GenericHMDMaterial.uasset" 317
"../../../Engine/Content/VREditor/Devices/Generic/GenericHMD.uasset" 318
"../../../Engine/Content/VREditor/FloatingText/LineMaterial.uasset" 319
"../../../Engine/Content/VREditor/FloatingText/JointSphere.uasset" 320
"../../../Engine/Content/VREditor/FloatingText/LineSegmentCylinder.uasset" 321
"../../../Engine/Content/VREditor/Fonts/VRText_RobotoLarge.uasset" 322
"../../../Engine/Content/VREditor/Fonts/VRTextMaterial.uasset" 323
"../../../Engine/Content/VREditor/Fonts/TranslucentVRTextMaterial.uasset" 324
"../../../Engine/Content/VREditor/LaserPointer/CursorPointer.uasset" 325
"../../../Engine/Content/VREditor/LaserPointer/VR_LaserPower_01.uasset" 326
"../../../Engine/Content/VREditor/TransformGizmo/TransformGizmoMaterial.uasset" 327
"../../../Engine/Content/VREditor/LaserPointer/HoverMaterial.uasset" 328
"../../../Engine/Content/VREditor/TransformGizmo/TranslucentTransformGizmoMaterial.uasset" 329
"../../../Engine/Content/VREditor/LaserPointer/TranslucentHoverMaterial.uasset" 330
"../../../Engine/Content/VREditor/LaserPointer/HoverMesh.uasset" 331
"../../../Engine/Content/VREditor/LaserPointer/LaserPointerMaterial.uasset" 332
"../../../Engine/Content/VREditor/LaserPointer/LaserPointerMaterialInst.uasset" 333
"../../../Engine/Content/VREditor/LaserPointer/TranslucentLaserPointerMaterialInst.uasset" 334
"../../../Engine/Content/VREditor/LaserPointer/LaserPointerMesh.uasset" 335
"../../../Engine/Content/VREditor/LaserPointer/LaserPointerMesh_End.uasset" 336
"../../../Engine/Content/VREditor/LaserPointer/LaserPointerMesh_Start.uasset" 337
"../../../Engine/Content/Functions/Engine_MaterialFunctions02/Utility/BreakOutFloat3Components.uasset" 338
"../../../Engine/Content/Functions/Engine_MaterialFunctions02/Math/Transform3x3Matrix.uasset" 339
"../../../Engine/Content/Functions/Engine_MaterialFunctions02/SplitComponents.uasset" 340
"../../../Engine/Content/VREditor/SnapGrid/SnapGridMaterial.uasset" 341
"../../../Engine/Content/VREditor/SnapGrid/SnapGridPlaneMesh.uasset" 342
"../../../Engine/Content/VREditor/Sounds/VR_teleport.uasset" 343
"../../../Engine/Content/VREditor/Sounds/UI/Click_on_Button_Cue.uasset" 344
"../../../Engine/Content/VREditor/Sounds/UI/Dockable_Window_Close.uasset" 345
"../../../Engine/Content/VREditor/Sounds/UI/Dockable_Window_Drop.uasset" 346
"../../../Engine/Content/VREditor/Sounds/UI/Dockable_Window_Open.uasset" 347
"../../../Engine/Content/VREditor/Sounds/UI/Dockable_Window_Pick_Up.uasset" 348
"../../../Engine/Content/VREditor/Sounds/UI/Drop_Item_From_ContentBrowser.uasset" 349
"../../../Engine/Content/VREditor/Sounds/UI/Floating_UI_Open-001.uasset" 350
"../../../Engine/Content/VREditor/Sounds/UI/Gizmo_Handle_Clicked.uasset" 351
"../../../Engine/Content/VREditor/Sounds/UI/Object_PickUp.uasset" 352
"../../../Engine/Content/VREditor/Sounds/UI/Object_Snaps_To_Another_Actor.uasset" 353
"../../../Engine/Content/VREditor/Sounds/UI/Object_Snaps_To_Grid.uasset" 354
"../../../Engine/Content/VREditor/Sounds/UI/Radial_Menu_FadeOut.uasset" 355
"../../../Engine/Content/VREditor/Sounds/UI/Scaling_Down.uasset" 356
"../../../Engine/Content/VREditor/Sounds/UI/Scaling_Up.uasset" 357
"../../../Engine/Content/VREditor/Sounds/UI/Selection_Changes.uasset" 358
"../../../Engine/Content/VREditor/Sounds/UI/Teleport_Mode_Entered.uasset" 359
"../../../Engine/Content/VREditor/Teleport/TeleportDirectionMaterial.uasset" 360
"../../../Engine/Content/VREditor/Teleport/TeleportDirectionMaterial_Inst.uasset" 361
"../../../Engine/Content/VREditor/Teleport/TeleportDirectionMesh.uasset" 362
"../../../Engine/Content/VREditor/TransformGizmo/BoundingBoxCorner.uasset" 363
"../../../Engine/Content/VREditor/TransformGizmo/BoundingBoxEdge.uasset" 364
"../../../Engine/Content/VREditor/TransformGizmo/PlaneTranslationHandle.uasset" 365
"../../../Engine/Content/VREditor/TransformGizmo/RotationHandleFull.uasset" 366
"../../../Engine/Content/VREditor/TransformGizmo/RotationHandleIndicator.uasset" 367
"../../../Engine/Content/VREditor/TransformGizmo/RotationHandleQuarter.uasset" 368
"../../../Engine/Content/VREditor/TransformGizmo/Main.uasset" 369
"../../../Engine/Content/VREditor/TransformGizmo/Xray.uasset" 370
"../../../Engine/Content/VREditor/TransformGizmo/SM_Dialog_Close.uasset" 371
"../../../Engine/Content/VREditor/TransformGizmo/SM_Dialog_Move.uasset" 372
"../../../Engine/Content/VREditor/TransformGizmo/SM_Sequencer_Key.uasset" 373
"../../../Engine/Content/VREditor/TransformGizmo/SM_Sequencer_Node.uasset" 374
"../../../Engine/Content/VREditor/TransformGizmo/StartRotationHandleIndicator.uasset" 375
"../../../Engine/Content/VREditor/TransformGizmo/TranslucentTransformGizmoMaterial_Inst.uasset" 376
"../../../Engine/Content/VREditor/TransformGizmo/TransformGizmoFreeRotation.uasset" 377
"../../../Engine/Content/VREditor/TransformGizmo/TransformGizmoMaterial_Inst.uasset" 378
"../../../Engine/Content/VREditor/TransformGizmo/TranslateArrowHandle.uasset" 379
"../../../Engine/Content/VREditor/TransformGizmo/UniformScaleHandle.uasset" 380
"../../../Engine/Content/VREditor/UI/KeyDiskMaterial.uasset" 381
"../../../Engine/Content/VREditor/UI/DiscMaterial.uasset" 382
"../../../Engine/Content/VREditor/UI/SM_Radial_Disk.uasset" 383
"../../../Engine/Content/Functions/Engine_MaterialFunctions01/Gradient/RadialGradient.uasset" 384
"../../../Engine/Content/VREditor/WorldMovementGrid/SimpleGrid.uasset" 385
"../../../Engine/Content/VREditor/WorldMovementGrid/GridMaterial.uasset" 386
"../../../Engine/Content/Functions/Engine_MaterialFunctions01/Density/ExponentialDensity.uasset" 387
"../../../Engine/Content/VREditor/WorldMovementGrid/GridPostProcess.uasset" 388
"../../../Engine/Content/EditorLandscapeResources/FlattenHeightMat.uasset" 389
"../../../Engine/Content/VREditor/WorldMovementGrid/PlaneMesh.uasset" 390
"../../../allinone/Content/InfinityBladeAdversaries/Enemy/Enemy_Master_Grunt/SK_Master_Grunt_Skeleton.uasset" 391
"../../../allinone/Content/InfinityBladeAdversaries/Enemy/Enemy_Master_Grunt/Enemy_Master_Grunt_Animation/ExoGame_MasterGrunt_Attack_Melee.uasset" 392
"../../../allinone/Content/InfinityBladeAdversaries/Enemy/Enemy_Master_Grunt/Enemy_Master_Grunt_Animation/ExoGame_MasterGrunt_Attack_Melee_C.uasset" 393
"../../../allinone/Content/InfinityBladeAdversaries/Enemy/Enemy_Master_Grunt/Enemy_Master_Grunt_Animation/ExoGame_MasterGrunt_Attack_Ranged.uasset" 394
"../../../allinone/Content/InfinityBladeAdversaries/Enemy/Enemy_Master_Grunt/Enemy_Master_Grunt_Animation/ExoGame_MasterGrunt_Cast_Summon.uasset" 395
"../../../allinone/Content/InfinityBladeAdversaries/Enemy/Enemy_Master_Grunt/Enemy_Master_Grunt_Animation/ExoGame_MasterGrunt_Dropdown.uasset" 396
"../../../allinone/Content/InfinityBladeAdversaries/Enemy/Enemy_Master_Grunt/Enemy_Master_Grunt_Animation/ExoGame_MasterGrunt_Intro.uasset" 397
"../../../allinone/Content/InfinityBladeAdversaries/Enemy/Enemy_Master_Grunt/Enemy_Master_Grunt_Animation/ExoGame_MasterGrunt_React_Knockback_Front.uasset" 398
"../../../allinone/Content/InfinityBladeAdversaries/Enemy/Enemy_Master_Grunt/Enemy_Master_Grunt_Animation/ExoGame_MasterGrunt_TurnLeft_90.uasset" 399
"../../../allinone/Content/InfinityBladeAdversaries/Enemy/Enemy_Master_Grunt/Enemy_Master_Grunt_Animation/ExoGame_MasterGrunt_Walldown_Slide.uasset" 400
"../../../Engine/Plugins/2D/Paper2D/Content/PlaceholderTextures/DummySpriteTexture.uasset" 401
"../../../Engine/Plugins/2D/Paper2D/Content/DummySprite.uasset" 402
"../../../Engine/Plugins/2D/Paper2D/Content/DefaultPaperTerrainMaterial.uasset" 403
"../../../Engine/Plugins/2D/Paper2D/Content/DefaultSpriteMaterial.uasset" 404
"../../../Engine/Plugins/2D/Paper2D/Content/MaskedUnlitSpriteMaterial.uasset" 405
"../../../Engine/Plugins/2D/Paper2D/Content/OpaqueUnlitSpriteMaterial.uasset" 406
"../../../Engine/Plugins/Media/MediaCompositing/Content/DefaultMediaPlaneMaterial.uasset" 407
"../../../Engine/Content/Functions/Engine_MaterialFunctions02/Utility/MakeFloat4.uasset" 408
"../../../Engine/Plugins/Runtime/AppleARKit/Content/ARKitCameraMaterial.uasset" 409
"../../../Engine/Plugins/Runtime/Oculus/OculusVR/Content/Textures/GearVRController_AO.uasset" 410
"../../../Engine/Plugins/Runtime/Oculus/OculusVR/Content/Textures/GearVRController_Color.uasset" 411
"../../../Engine/Plugins/Runtime/Oculus/OculusVR/Content/Textures/GearVRController_Normal.uasset" 412
"../../../Engine/Plugins/Runtime/Oculus/OculusVR/Content/Materials/GearVRControllerMaterial.uasset" 413
"../../../Engine/Plugins/Runtime/Oculus/OculusVR/Content/Meshes/GearVrController.uasset" 414
"../../../Engine/Content/Maps/Entry.umap" 415
"../../../allinone/Content/InfinityBladeAdversaries/Enemy/Enemy_Master_Grunt/Enemy_Master_Grunt_Animation/ExoGame_MasterGrunt_Attack_Melee_B.uasset" 416
"../../../allinone/Content/StarterContent/Audio/Explosion01.uasset" 417
"../../../allinone/Content/pratice/animmontage.uasset" 418
"../../../allinone/Content/InfinityBladeAdversaries/Enemy/Enemy_Master_Grunt/Enemy_Master_Grunt_Animation/ExoGame_MasterGrunt_Idle.uasset" 419
"../../../allinone/Content/InfinityBladeAdversaries/Enemy/Enemy_Master_Grunt/Enemy_Master_Grunt_Animation/ExoGame_MasterGrunt_Walk_Bwd.uasset" 420
"../../../allinone/Content/InfinityBladeAdversaries/Enemy/Enemy_Master_Grunt/Enemy_Master_Grunt_Animation/ExoGame_MasterGrunt_Walk_Fwd.uasset" 421
"../../../allinone/Content/InfinityBladeAdversaries/Enemy/Enemy_Master_Grunt/Enemy_Master_Grunt_Animation/ExoGame_MasterGrunt_Walk_Left.uasset" 422
"../../../allinone/Content/InfinityBladeAdversaries/Enemy/Enemy_Master_Grunt/Enemy_Master_Grunt_Animation/ExoGame_MasterGrunt_Walk_Right.uasset" 423
"../../../allinone/Content/InfinityBladeAdversaries/Enemy/Enemy_Master_Grunt/NewBlendSpace.uasset" 424
"../../../allinone/Content/InfinityBladeAdversaries/Enemy/Enemy_Master_Grunt/camerashake.uasset" 425
"../../../allinone/Content/InfinityBladeAdversaries/Enemy/Enemy_Gruntling_Weapons/Textures/T_PickAxe_N.uasset" 426
"../../../allinone/Content/InfinityBladeAdversaries/Enemy/Enemy_Gruntling_Weapons/Textures/T_PickAxe_D.uasset" 427
"../../../allinone/Content/InfinityBladeAdversaries/Enemy/Enemy_Gruntling_Weapons/Textures/T_PickAxe_E.uasset" 428
"../../../allinone/Content/InfinityBladeAdversaries/Enemy/Enemy_Gruntling_Weapons/Textures/T_PickAxe_M.uasset" 429
"../../../allinone/Content/InfinityBladeAdversaries/Enemy/Enemy_Gruntling_Weapons/Materials/M_Gruntling_weapons.uasset" 430
"../../../allinone/Content/InfinityBladeAdversaries/Enemy/Enemy_Gruntling_Weapons/Meshes/SM_Creature_Gruntling_Weapon05_Internal.uasset" 431
"../../../allinone/Content/pratice/weapon.uasset" 432
"../../../allinone/Content/InfinityBladeAdversaries/Enemy/Enemy_Master_Grunt/Textures/T_Master_Grunt_N.uasset" 433
"../../../allinone/Content/InfinityBladeAdversaries/Enemy/Enemy_Master_Grunt/Textures/T_Master_Grunt_D.uasset" 434
"../../../allinone/Content/InfinityBladeAdversaries/Enemy/Enemy_Master_Grunt/Textures/T_Master_Grunt_M.uasset" 435
"../../../allinone/Content/InfinityBladeAdversaries/Enemy/Enemy_Master_Grunt/Materials/CharM_Master_Grunt.uasset" 436
"../../../allinone/Content/InfinityBladeAdversaries/Enemy/Enemy_Master_Grunt/SK_Master_Grunt.uasset" 437
"../../../allinone/Content/ThirdPersonCPP/Blueprints/ThirdPersonCharacter.uasset" 438
"../../../allinone/Content/InfinityBladeAdversaries/Enemy/Enemy_Master_Grunt/NewAnimBlueprint.uasset" 439
"../../../Engine/Content/EngineSky/C_Sky_Cloud_Color.uasset" 440
"../../../Engine/Content/EngineSky/C_Sky_Horizon_Color.uasset" 441
"../../../Engine/Content/EngineSky/C_Sky_Zenith_Color.uasset" 442
"../../../Engine/Content/EngineSky/T_Sky_Blue.uasset" 443
"../../../Engine/Content/EngineSky/T_Sky_Clouds_M.uasset" 444
"../../../Engine/Content/EngineSky/T_Sky_Stars.uasset" 445
"../../../Engine/Content/EngineSky/M_Sky_Panning_Clouds2.uasset" 446
"../../../Engine/Content/EngineSky/SM_SkySphere.uasset" 447
"../../../Engine/Content/EngineSky/BP_Sky_Sphere.uasset" 448
"../../../allinone/Content/InfinityBladeGrassLands/Environments/Plains/Env_Plains_Statues/Textures/T_Plains_Angel_Statue_D.uasset" 449
"../../../allinone/Content/InfinityBladeGrassLands/Environments/Plains/Env_Plains_Statues/Textures/T_Plains_Angel_Statue_N.uasset" 450
"../../../allinone/Content/InfinityBladeGrassLands/Environments/Plains/Env_Plains_Statues/Materials/M_Plains_Angel_Statue.uasset" 451
"../../../allinone/Content/InfinityBladeGrassLands/Environments/Plains/Env_Plains_Statues/StaticMesh/SM_Plains_Angel_Statue_01_nobase.uasset" 452
"../../../allinone/Content/InfinityBladeGrassLands/Environments/Plains/Env_Plains_Statues/StaticMesh/SM_Plains_Angel_Statue_01_nobase_DM.uasset" 453
"../../../allinone/Content/InfinityBladeGrassLands/Environments/Plains/Env_Plains_Organic/Textures/T_Env_Ice_Ground_Rock_4_N.uasset" 454
"../../../allinone/Content/InfinityBladeGrassLands/Environments/Plains/Env_Plains_Organic/Textures/T_Env_Snow_D.uasset" 455
"../../../allinone/Content/InfinityBladeGrassLands/Environments/Plains/Env_Plains_Organic/Textures/T_Ice_Ground_Rock01_N.uasset" 456
"../../../allinone/Content/InfinityBladeGrassLands/Environments/Plains/Env_Plains_Organic/Textures/T_Snow_Ice_Generic.uasset" 457
"../../../allinone/Content/InfinityBladeGrassLands/Environments/Plains/Env_Plains_Organic/Textures/T_Snow_Ice_Generic_NRM.uasset" 458
"../../../allinone/Content/InfinityBladeGrassLands/Environments/Plains/Env_Plains_Organic/Materials/M_Plains_Ocean.uasset" 459
"../../../allinone/Content/InfinityBladeGrassLands/Environments/Plains/Env_Plains_Terrain/Textures/T_Dirt_D.uasset" 460
"../../../allinone/Content/InfinityBladeGrassLands/Environments/Plains/Env_Plains_Terrain/Textures/T_Dirt_N.uasset" 461
"../../../allinone/Content/InfinityBladeGrassLands/Environments/Plains/Env_Plains_Terrain/Textures/T_Grass01_D.uasset" 462
"../../../allinone/Content/InfinityBladeGrassLands/Environments/Plains/Env_Plains_Terrain/Textures/T_Grass01_N.uasset" 463
"../../../allinone/Content/InfinityBladeGrassLands/Environments/Plains/Env_Plains_Terrain/Textures/T_Grass02_D.uasset" 464
"../../../allinone/Content/InfinityBladeGrassLands/Environments/SurfaceTypes/PhysicalMaterial_Land.uasset" 465
"../../../allinone/Content/InfinityBladeGrassLands/Environments/Plains/Env_Plains_Terrain/Materials/M_Terrain_Blend_Mobile.uasset" 466
"../../../allinone/Content/InfinityBladeGrassLands/Effects/FX_Materials/M_PostSharpen.uasset" 467
"../../../allinone/Content/InfinityBladeGrassLands/Effects/FX_Materials/M_PostSharpen_Inst.uasset" 468
"../../../allinone/Content/InfinityBladeGrassLands/Environments/Plains/Env_Plains_Floors/Textures/T_Plains_Terrain_Floors01_D.uasset" 469
"../../../allinone/Content/InfinityBladeGrassLands/Environments/Plains/Env_Plains_Floors/Textures/T_Plains_Terrain_Floors01_N.uasset" 470
"../../../allinone/Content/InfinityBladeGrassLands/Environments/SurfaceTypes/PhysicalMaterial_Stone.uasset" 471
"../../../allinone/Content/InfinityBladeGrassLands/Environments/Plains/Env_Plains_Floors/Materials/M_Plains_Floors_Block.uasset" 472
"../../../allinone/Content/InfinityBladeGrassLands/Environments/Plains/Env_Plains_Floors/Materials/M_Plains_Floors_Block_Inst.uasset" 473
"../../../allinone/Content/InfinityBladeGrassLands/Environments/Plains/Env_Plains_Floors/Textures/T_Plains_FloorsTrim_D.uasset" 474
"../../../allinone/Content/InfinityBladeGrassLands/Environments/Plains/Env_Plains_Floors/Textures/T_Plains_FloorsTrim_N.uasset" 475
"../../../allinone/Content/InfinityBladeGrassLands/Environments/Plains/Env_Plains_Floors/Materials/M_Plains_FloorTrims.uasset" 476
"../../../allinone/Content/InfinityBladeGrassLands/Environments/Plains/Env_Plains_Floors/Materials/M_Plains_FloorTrims_Inst.uasset" 477
"../../../allinone/Content/InfinityBladeGrassLands/Environments/Plains/Env_Plains_Ruins/Textures/T_Plains_Ruins_Pillars_02_D.uasset" 478
"../../../allinone/Content/InfinityBladeGrassLands/Environments/Plains/Env_Plains_Ruins/Textures/T_Plains_Ruins_Pillars_02_N.uasset" 479
"../../../allinone/Content/InfinityBladeGrassLands/Environments/Plains/Env_Plains_Ruins/Materials/M_Plains_Pillars02.uasset" 480
"../../../allinone/Content/InfinityBladeGrassLands/Environments/Plains/Env_Plains_Ruins/Materials/M_Plains_Pillars02_Inst.uasset" 481
"../../../allinone/Content/InfinityBladeGrassLands/Environments/Plains/Env_Plains_Ruins/Textures/T_Plains_Ruins_Pillars_03_D.uasset" 482
"../../../allinone/Content/InfinityBladeGrassLands/Environments/Plains/Env_Plains_Ruins/Textures/T_Plains_Ruins_Pillars_03_N.uasset" 483
"../../../allinone/Content/InfinityBladeGrassLands/Environments/Plains/Env_Plains_Ruins/Materials/M_Plains_Pillars03.uasset" 484
"../../../allinone/Content/InfinityBladeGrassLands/Environments/Plains/Env_Plains_Ruins/Materials/M_Plains_Pillars03_Inst.uasset" 485
"../../../allinone/Content/InfinityBladeGrassLands/Environments/Plains/Env_Plains_Ruins/Textures/T_Plains_Ruins_Pillars_D.uasset" 486
"../../../allinone/Content/InfinityBladeGrassLands/Environments/Plains/Env_Plains_Ruins/Textures/T_Plains_Ruins_Pillars_M.uasset" 487
"../../../allinone/Content/InfinityBladeGrassLands/Environments/Plains/Env_Plains_Ruins/Textures/T_Plains_Ruins_Pillars_N.uasset" 488
"../../../allinone/Content/InfinityBladeGrassLands/Environments/Plains/Env_Plains_Ruins/Materials/M_Plains_Pillars.uasset" 489
"../../../allinone/Content/InfinityBladeGrassLands/Environments/Plains/Env_Plains_Ruins/Materials/M_Plains_Pillars_Inst.uasset" 490
"../../../allinone/Content/InfinityBladeGrassLands/Environments/Plains/Env_Plains_Ruins/Textures/T_Plains_ExtCastle_StoneWall_01_D.uasset" 491
"../../../allinone/Content/InfinityBladeGrassLands/Environments/Plains/Env_Plains_Ruins/Textures/T_Plains_ExtCastle_StoneWall_01_N.uasset" 492
"../../../allinone/Content/InfinityBladeGrassLands/Environments/Plains/Env_Plains_Ruins/Materials/M_Plains_StoneWall.uasset" 493
"../../../allinone/Content/InfinityBladeGrassLands/Environments/Plains/Env_Plains_Ruins/Materials/M_Plains_StoneWall_Inst.uasset" 494
"../../../allinone/Content/InfinityBladeGrassLands/Environments/Plains/Env_Plains_Statues/Materials/M_Plains_Angel_Statue_Inst.uasset" 495
"../../../allinone/Content/InfinityBladeGrassLands/Environments/Plains/Env_Plains_Statues/Textures/T_Plains_Man_Statue_D.uasset" 496
"../../../allinone/Content/InfinityBladeGrassLands/Environments/Plains/Env_Plains_Statues/Textures/T_Plains_Man_Statue_N.uasset" 497
"../../../allinone/Content/InfinityBladeGrassLands/Environments/Plains/Env_Plains_Statues/Materials/M_Plains_Man_Statue.uasset" 498
"../../../allinone/Content/InfinityBladeGrassLands/Environments/Plains/Env_Plains_Statues/Materials/M_Plains_Man_Statue_Inst.uasset" 499
"../../../Engine/Content/MapTemplates/lut/LUT_Morning.uasset" 500
"../../../Engine/Content/MapTemplates/T_ScreenDirt02_w.uasset" 501
"../../../allinone/Content/InfinityBladeGrassLands/Environments/Breakables/Textures/T_Env_Breakables_Breakables_D.uasset" 502
"../../../allinone/Content/InfinityBladeGrassLands/Environments/Breakables/Textures/T_Env_Breakables_Breakables_N.uasset" 503
"../../../allinone/Content/InfinityBladeGrassLands/Environments/Breakables/Textures/T_Env_Breakables_Breakables_R.uasset" 504
"../../../allinone/Content/InfinityBladeGrassLands/Environments/Breakables/Textures/T_Env_Breakables_BreakablesSnow_M.uasset" 505
"../../../allinone/Content/InfinityBladeGrassLands/Environments/Breakables/Materials/M_Breakables_Barrels.uasset" 506
"../../../allinone/Content/InfinityBladeGrassLands/Environments/Breakables/StaticMesh/Box/SM_Env_Breakables_Box1.uasset" 507
"../../../allinone/Content/InfinityBladeGrassLands/Environments/Breakables/StaticMesh/Box/SM_Env_Breakables_Box1_destroyed.uasset" 508
"../../../allinone/Content/InfinityBladeGrassLands/Environments/Breakables/StaticMesh/Box/SM_Env_Breakables_Boxes.uasset" 509
"../../../allinone/Content/InfinityBladeGrassLands/Environments/Breakables/StaticMesh/Box/SM_Env_Breakables_BoxesBITS.uasset" 510
"../../../allinone/Content/InfinityBladeGrassLands/Environments/Breakables/StaticMesh/Objects/SM_Env_Breakables_GroupLg.uasset" 511
"../../../Engine/Content/Functions/Engine_MaterialFunctions01/WorldPositionOffset/SimpleGrassWind.uasset" 512
"../../../allinone/Content/InfinityBladeGrassLands/Environments/Earth/EX_EnvAssets/Textures/T_Env_Ice_Deco2_Flag_D.uasset" 513
"../../../allinone/Content/InfinityBladeGrassLands/Environments/Earth/EX_EnvAssets/Materials/M_Env_Ice_Deco2_Flags.uasset" 514
"../../../allinone/Content/InfinityBladeGrassLands/Environments/Earth/EX_EnvAssets/Meshes/SK_Env_Ice_Deco2_BlowingFlag_Skeleton.uasset" 515
"../../../allinone/Content/InfinityBladeGrassLands/Environments/Earth/EX_EnvAssets/Meshes/SK_Env_Ice_Deco2_BlowingFlag.uasset" 516
"../../../allinone/Content/InfinityBladeGrassLands/Environments/Earth/EX_EnvAssets/Meshes/SK_Env_Ice_Deco2_BlowingFlag3.uasset" 517
"../../../allinone/Content/InfinityBladeGrassLands/Environments/Earth/Textures/T_Cherry_Tree_Flowers_D.uasset" 518
"../../../allinone/Content/InfinityBladeGrassLands/Environments/Earth/Textures/T_Cherry_Tree_Flowers_N.uasset" 519
"../../../allinone/Content/InfinityBladeGrassLands/Environments/Earth/Materials/M_Cherry_Tree.uasset" 520
"../../../allinone/Content/InfinityBladeGrassLands/Environments/Earth/Textures/T_TreeBase1_D.uasset" 521
"../../../allinone/Content/InfinityBladeGrassLands/Environments/Earth/Textures/T_TreeBase1_N.uasset" 522
"../../../allinone/Content/InfinityBladeGrassLands/Environments/Earth/Materials/M_TreeBark.uasset" 523
"../../../allinone/Content/InfinityBladeGrassLands/Environments/Earth/StaticMesh/SM_Cherry_Tree.uasset" 524
"../../../allinone/Content/InfinityBladeGrassLands/Environments/Earth/Textures/T_GroundCover_Leaf01_D.uasset" 525
"../../../allinone/Content/InfinityBladeGrassLands/Environments/Earth/Textures/T_GroundCover_Leaf01_N.uasset" 526
"../../../allinone/Content/InfinityBladeGrassLands/Environments/Earth/Materials/M_GroundCover_LEafy.uasset" 527
"../../../allinone/Content/InfinityBladeGrassLands/Environments/Earth/StaticMesh/SM_GroundCover_Leafy01.uasset" 528
"../../../allinone/Content/InfinityBladeGrassLands/Environments/Earth/StaticMesh/SM_GroundCover_Leafy03.uasset" 529
"../../../allinone/Content/InfinityBladeGrassLands/Environments/Earth/Textures/T_BranchTrunk_D.uasset" 530
"../../../allinone/Content/InfinityBladeGrassLands/Environments/Earth/Materials/M_LeavesPile.uasset" 531
"../../../allinone/Content/InfinityBladeGrassLands/Environments/Earth/StaticMesh/SM_LeavePiles_01.uasset" 532
"../../../allinone/Content/InfinityBladeGrassLands/Environments/Earth/StaticMesh/SM_LeavePiles_02.uasset" 533
"../../../allinone/Content/InfinityBladeGrassLands/Environments/Earth/StaticMesh/SM_Rootcluster_A.uasset" 534
"../../../allinone/Content/InfinityBladeGrassLands/Environments/Earth/Textures/T_Plants_D.uasset" 535
"../../../allinone/Content/InfinityBladeGrassLands/Environments/Earth/Textures/T_Plants_N.uasset" 536
"../../../allinone/Content/InfinityBladeGrassLands/Environments/Earth/Materials/M_Exo_Generic_Plants.uasset" 537
"../../../allinone/Content/InfinityBladeGrassLands/Environments/Earth/StaticMesh/SM_SmallTree02.uasset" 538
"../../../allinone/Content/InfinityBladeGrassLands/Environments/Misc/Exo_Deco01/Textures/T_Exo_Cart_D.uasset" 539
"../../../allinone/Content/InfinityBladeGrassLands/Environments/Misc/Exo_Deco01/Textures/T_Exo_Cart_N.uasset" 540
"../../../allinone/Content/InfinityBladeGrassLands/Environments/Misc/Exo_Deco01/Materials/M_Exo_Cart.uasset" 541
"../../../allinone/Content/InfinityBladeGrassLands/Environments/Misc/Exo_Deco01/StaticMesh/SM_Exo_Cart_Damaged.uasset" 542
"../../../allinone/Content/InfinityBladeGrassLands/Environments/Misc/Exo_Deco01/Textures/T_Exo_Crate_Open_D.uasset" 543
"../../../allinone/Content/InfinityBladeGrassLands/Environments/Misc/Exo_Deco01/Textures/T_Exo_Crate_Open_N.uasset" 544
"../../../allinone/Content/InfinityBladeGrassLands/Environments/Misc/Exo_Deco01/Materials/M_Exo_Crate_Open.uasset" 545
"../../../allinone/Content/InfinityBladeGrassLands/Environments/Misc/Exo_Deco01/StaticMesh/SM_Exo_Crate_Open_Damaged.uasset" 546
"../../../allinone/Content/InfinityBladeGrassLands/Environments/Misc/Exo_Deco01/StaticMesh/SM_Exo_Crate_Open_Destroyed.uasset" 547
"../../../allinone/Content/InfinityBladeGrassLands/Environments/Misc/Exo_Deco01/StaticMesh/SM_Exo_Crate_Open_Intact.uasset" 548
"../../../allinone/Content/InfinityBladeGrassLands/Environments/Misc/Exo_Deco01/Textures/T_Snowy_Pine_Low.uasset" 549
"../../../allinone/Content/InfinityBladeGrassLands/Environments/Misc/Exo_Deco01/Textures/T_Snowy_Pine_Low_N.uasset" 550
"../../../allinone/Content/InfinityBladeGrassLands/Environments/Misc/Exo_Deco01/Materials/M_Pine_Low.uasset" 551
"../../../allinone/Content/InfinityBladeGrassLands/Environments/Misc/Exo_Deco01/StaticMesh/SM_Pine_Low_Cluster.uasset" 552
"../../../allinone/Content/InfinityBladeGrassLands/Environments/Misc/Exo_Deco01/Textures/T_WoodenBarrel_01_D.uasset" 553
"../../../allinone/Content/InfinityBladeGrassLands/Environments/Misc/Exo_Deco01/Textures/T_WoodenBarrel_01_N.uasset" 554
"../../../allinone/Content/InfinityBladeGrassLands/Environments/Misc/Exo_Deco01/Materials/M_WoodenBarrel_01.uasset" 555
"../../../allinone/Content/InfinityBladeGrassLands/Environments/Misc/Exo_Deco01/StaticMesh/SM_WoodenBarrel_Damaged.uasset" 556
"../../../allinone/Content/InfinityBladeGrassLands/Environments/Misc/Exo_Deco01/StaticMesh/SM_WoodenBarrel_Destroyed.uasset" 557
"../../../allinone/Content/InfinityBladeGrassLands/Environments/Misc/Exo_Deco01/StaticMesh/SM_WoodenBarrel_Intact.uasset" 558
"../../../allinone/Content/InfinityBladeGrassLands/Environments/Misc/Exo_Deco02/Textures/T_Decos_Door_D.uasset" 559
"../../../allinone/Content/InfinityBladeGrassLands/Environments/Misc/Exo_Deco02/Textures/T_Decos_Door_M.uasset" 560
"../../../allinone/Content/InfinityBladeGrassLands/Environments/Misc/Exo_Deco02/Textures/T_Decos_Door_N.uasset" 561
"../../../allinone/Content/InfinityBladeGrassLands/Environments/Misc/Exo_Deco02/Materials/M_Decos_Door.uasset" 562
"../../../allinone/Content/InfinityBladeGrassLands/Environments/Misc/Exo_Deco02/StaticMesh/SM_Exo_Decos_Door02.uasset" 563
"../../../allinone/Content/InfinityBladeGrassLands/Environments/Misc/Exo_Deco02/StaticMesh/SM_Exo_Decos_Door04.uasset" 564
"../../../allinone/Content/InfinityBladeGrassLands/Environments/Misc/Exo_Deco02/Textures/T_Decos_Door_Frame_D.uasset" 565
"../../../allinone/Content/InfinityBladeGrassLands/Environments/Misc/Exo_Deco02/Textures/T_Decos_Door_Frame_D_NRM.uasset" 566
"../../../allinone/Content/InfinityBladeGrassLands/Environments/Misc/Exo_Deco02/Materials/M_Decos_Door_Frame.uasset" 567
"../../../allinone/Content/InfinityBladeGrassLands/Environments/Misc/Exo_Deco02/StaticMesh/SM_Exo_Decos_Door_Frame02.uasset" 568
"../../../allinone/Content/InfinityBladeGrassLands/Environments/Misc/Exo_Deco02/Textures/T_Pew_D.uasset" 569
"../../../allinone/Content/InfinityBladeGrassLands/Environments/Misc/Exo_Deco02/Textures/T_Pew_N.uasset" 570
"../../../allinone/Content/InfinityBladeGrassLands/Environments/Misc/Exo_Deco02/Materials/M_Pew.uasset" 571
"../../../allinone/Content/InfinityBladeGrassLands/Environments/Misc/Exo_Deco02/StaticMesh/SM_Exo_Pew.uasset" 572
"../../../allinone/Content/InfinityBladeGrassLands/Environments/Misc/Exo_Deco02/Textures/T_HardWood_Floor_D.uasset" 573
"../../../allinone/Content/InfinityBladeGrassLands/Environments/Misc/Exo_Deco02/Textures/T_HardWood_Floor_D_NRM.uasset" 574
"../../../allinone/Content/InfinityBladeGrassLands/Environments/Misc/Exo_Deco02/Materials/M_HardWood_Floor.uasset" 575
"../../../allinone/Content/InfinityBladeGrassLands/Environments/Misc/Exo_Deco02/StaticMesh/SM_Exo_ShantyBeams_Single_01.uasset" 576
"../../../allinone/Content/InfinityBladeGrassLands/Environments/Plains/Env_Plains_Background/Textures/T_Env_Plains_Mountain01_D.uasset" 577
"../../../allinone/Content/InfinityBladeGrassLands/Environments/Plains/Env_Plains_Background/Textures/T_Env_Plains_Mountain01_N.uasset" 578
"../../../allinone/Content/InfinityBladeGrassLands/Environments/Plains/Env_Plains_Background/Materials/M_Env_Plains_Mountain01.uasset" 579
"../../../allinone/Content/InfinityBladeGrassLands/Environments/Plains/Env_Plains_Background/StaticMesh/SM_Env_Plains_Mountain_01.uasset" 580
"../../../allinone/Content/InfinityBladeGrassLands/Environments/Plains/Env_Plains_Floors/StaticMesh/SM_Env_Plains_Floors_Rubble05.uasset" 581
"../../../allinone/Content/InfinityBladeGrassLands/Environments/Plains/Env_Plains_Floors/StaticMesh/SM_Plains_Floors_Block01.uasset" 582
"../../../allinone/Content/InfinityBladeGrassLands/Environments/Plains/Env_Plains_Floors/StaticMesh/SM_Plains_Floors_Block02.uasset" 583
"../../../allinone/Content/InfinityBladeGrassLands/Environments/Plains/Env_Plains_Floors/StaticMesh/SM_Plains_Floors_Block02_Broken.uasset" 584
"../../../allinone/Content/InfinityBladeGrassLands/Environments/Plains/Env_Plains_Floors/StaticMesh/SM_Plains_Floors_Block03.uasset" 585
"../../../allinone/Content/InfinityBladeGrassLands/Environments/Plains/Env_Plains_Floors/StaticMesh/SM_Plains_Floors_Block04.uasset" 586
"../../../allinone/Content/InfinityBladeGrassLands/Environments/Plains/Env_Plains_Floors/StaticMesh/SM_Plains_Floors_Brick01.uasset" 587
"../../../allinone/Content/InfinityBladeGrassLands/Environments/Plains/Env_Plains_Floors/StaticMesh/SM_Plains_Floors_Flat01.uasset" 588
"../../../allinone/Content/InfinityBladeGrassLands/Environments/Plains/Env_Plains_Floors/StaticMesh/SM_Plains_Floors_Flat02.uasset" 589
"../../../allinone/Content/InfinityBladeGrassLands/Environments/Plains/Env_Plains_Floors/StaticMesh/SM_Plains_Floors_Rubble.uasset" 590
"../../../allinone/Content/InfinityBladeGrassLands/Environments/Plains/Env_Plains_Floors/StaticMesh/SM_Plains_Floors_Rubble02.uasset" 591
"../../../allinone/Content/InfinityBladeGrassLands/Environments/Plains/Env_Plains_Floors/StaticMesh/SM_Plains_Floors_Rubble03.uasset" 592
"../../../allinone/Content/InfinityBladeGrassLands/Environments/Plains/Env_Plains_Floors/StaticMesh/SM_Plains_Floors_Rubble04.uasset" 593
"../../../allinone/Content/InfinityBladeGrassLands/Environments/Plains/Env_Plains_Floors/StaticMesh/SM_Plains_Floors_Rubble05.uasset" 594
"../../../allinone/Content/InfinityBladeGrassLands/Environments/Plains/Env_Plains_Floors/StaticMesh/SM_Plains_Floors_TrimBlock01.uasset" 595
"../../../allinone/Content/InfinityBladeGrassLands/Environments/Plains/Env_Plains_Floors/StaticMesh/SM_Plains_Floors_TrimDesign03.uasset" 596
"../../../allinone/Content/InfinityBladeGrassLands/Environments/Plains/Env_Plains_Floors/StaticMesh/SM_Plains_Floors_TrimDesignRubble01.uasset" 597
"../../../allinone/Content/InfinityBladeGrassLands/Environments/Plains/Env_Plains_Floors/Textures/T_Plains_FloorsBeams_D.uasset" 598
"../../../allinone/Content/InfinityBladeGrassLands/Environments/Plains/Env_Plains_Floors/Textures/T_Plains_FloorsBeams_N.uasset" 599
"../../../allinone/Content/InfinityBladeGrassLands/Environments/Plains/Env_Plains_Floors/Materials/M_PLains_Scrap_Bridge.uasset" 600
"../../../allinone/Content/InfinityBladeGrassLands/Environments/Plains/Env_Plains_Floors/StaticMesh/SM_Plains_Scrap_Bridge01.uasset" 601
"../../../allinone/Content/InfinityBladeGrassLands/Environments/Plains/Env_Plains_Floors/StaticMesh/SM_Plains_Scrap_Bridge02.uasset" 602
"../../../allinone/Content/InfinityBladeGrassLands/Environments/Plains/Env_Plains_Floors/StaticMesh/SM_Plains_Scrap_BridgeRail03.uasset" 603
"../../../allinone/Content/InfinityBladeGrassLands/Environments/Plains/Env_Plains_Floors/StaticMesh/SM_Plains_Scrap_BridgeRail04.uasset" 604
"../../../allinone/Content/InfinityBladeGrassLands/Environments/Plains/Env_Plains_Flora/Textures/T_Plains_Fern01_D.uasset" 605
"../../../allinone/Content/InfinityBladeGrassLands/Environments/Plains/Env_Plains_Flora/Textures/T_Plains_Fern01_N.uasset" 606
"../../../allinone/Content/InfinityBladeGrassLands/Environments/Plains/Env_Plains_Flora/Materials/M_PLains_Fern01.uasset" 607
"../../../allinone/Content/InfinityBladeGrassLands/Environments/Plains/Env_Plains_Flora/StaticMesh/SM_Plains_Fern01.uasset" 608
"../../../allinone/Content/InfinityBladeGrassLands/Environments/Plains/Env_Plains_Flora/StaticMesh/SM_Plains_Fern02.uasset" 609
"../../../allinone/Content/InfinityBladeGrassLands/Environments/Plains/Env_Plains_Flora/StaticMesh/SM_Plains_Fern03.uasset" 610
"../../../allinone/Content/InfinityBladeGrassLands/Environments/Plains/Env_Plains_Flora/StaticMesh/SM_Plains_Fern04.uasset" 611
"../../../allinone/Content/InfinityBladeGrassLands/Environments/Plains/Env_Plains_Flora/StaticMesh/SM_Plains_Flowers01.uasset" 612
"../../../allinone/Content/InfinityBladeGrassLands/Environments/Plains/Env_Plains_Flora/StaticMesh/SM_Plains_Flowers03.uasset" 613
"../../../allinone/Content/InfinityBladeGrassLands/Environments/Plains/Env_Plains_Flora/StaticMesh/SM_Plains_Grass01.uasset" 614
"../../../allinone/Content/InfinityBladeGrassLands/Environments/Plains/Env_Plains_Flora/Textures/T_Plains_Tree01_D.uasset" 615
"../../../allinone/Content/InfinityBladeGrassLands/Environments/Plains/Env_Plains_Flora/Textures/T_Plains_Tree01_N.uasset" 616
"../../../allinone/Content/InfinityBladeGrassLands/Environments/Plains/Env_Plains_Flora/Materials/M_Plains_Tree_Stump01.uasset" 617
"../../../allinone/Content/InfinityBladeGrassLands/Environments/Plains/Env_Plains_Flora/StaticMesh/SM_Plains_Tree01.uasset" 618
"../../../allinone/Content/InfinityBladeGrassLands/Environments/Plains/Env_Plains_Flora/StaticMesh/SM_Plains_Tree_Branch01.uasset" 619
"../../../allinone/Content/InfinityBladeGrassLands/Environments/Plains/Env_Plains_Flora/StaticMesh/SM_Plains_Tree_Branch02.uasset" 620
"../../../allinone/Content/InfinityBladeGrassLands/Environments/Plains/Env_Plains_Flora/StaticMesh/SM_Plains_Tree_Stump01.uasset" 621
"../../../allinone/Content/InfinityBladeGrassLands/Environments/Plains/Env_Plains_Flora/StaticMesh/SM_Plains_Vine02.uasset" 622
"../../../allinone/Content/InfinityBladeGrassLands/Environments/Plains/Env_Plains_Organic/Textures/T_Plains_Rock01_D.uasset" 623
"../../../allinone/Content/InfinityBladeGrassLands/Environments/Plains/Env_Plains_Organic/Textures/T_Plains_Rock01_N.uasset" 624
"../../../allinone/Content/InfinityBladeGrassLands/Environments/Plains/Env_Plains_Organic/Materials/M_Plains_LargeRock.uasset" 625
"../../../allinone/Content/InfinityBladeGrassLands/Environments/Plains/Env_Plains_Organic/StaticMesh/SM_Plains_LargeRock01.uasset" 626
"../../../allinone/Content/InfinityBladeGrassLands/Environments/Plains/Env_Plains_Organic/StaticMesh/SM_Plains_LargeRock02.uasset" 627
"../../../allinone/Content/InfinityBladeGrassLands/Environments/Plains/Env_Plains_Organic/StaticMesh/SM_Plains_LargeRock03.uasset" 628
"../../../allinone/Content/InfinityBladeGrassLands/Environments/Plains/Env_Plains_Organic/StaticMesh/SM_Plains_LargeRock_Pile01.uasset" 629
"../../../allinone/Content/InfinityBladeGrassLands/Environments/Plains/Env_Plains_Organic/StaticMesh/SM_Plains_LargeRock_SpireLOD.uasset" 630
"../../../allinone/Content/InfinityBladeGrassLands/Environments/Plains/Env_Plains_Organic/StaticMesh/SM_Plains_LargeRock_SpireLOD2.uasset" 631
"../../../allinone/Content/InfinityBladeGrassLands/Environments/Plains/Env_Plains_Organic/Textures/T_Plains_Ground01_D.uasset" 632
"../../../allinone/Content/InfinityBladeGrassLands/Environments/Plains/Env_Plains_Organic/Textures/T_Plains_Ground01_N.uasset" 633
"../../../allinone/Content/InfinityBladeGrassLands/Environments/Plains/Env_Plains_Organic/Materials/M_Plains_GroundBrick.uasset" 634
"../../../allinone/Content/InfinityBladeGrassLands/Environments/Plains/Env_Plains_Organic/StaticMesh/SM_Plains_LargeRock_SpireLOD4.uasset" 635
"../../../allinone/Content/InfinityBladeGrassLands/Environments/Plains/Env_Plains_Organic/Textures/T_Plains_Cliff001.uasset" 636
"../../../allinone/Content/InfinityBladeGrassLands/Environments/Plains/Env_Plains_Organic/Textures/T_Plains_Cliff01.uasset" 637
"../../../allinone/Content/InfinityBladeGrassLands/Environments/Plains/Env_Plains_Organic/Materials/M_Plains_Cliff1.uasset" 638
"../../../allinone/Content/InfinityBladeGrassLands/Environments/Plains/Env_Plains_Organic/StaticMesh/SM_Plains_LargeRock_SpireLOD5.uasset" 639
"../../../allinone/Content/InfinityBladeGrassLands/Environments/Plains/Env_Plains_Organic/Textures/T_Plains_Rock02_D.uasset" 640
"../../../allinone/Content/InfinityBladeGrassLands/Environments/Plains/Env_Plains_Organic/Textures/T_Plains_Rock02_N.uasset" 641
"../../../allinone/Content/InfinityBladeGrassLands/Environments/Plains/Env_Plains_Organic/Materials/M_Plains_SmallRock.uasset" 642
"../../../allinone/Content/InfinityBladeGrassLands/Environments/Plains/Env_Plains_Organic/StaticMesh/SM_Plains_SmallRock01.uasset" 643
"../../../allinone/Content/InfinityBladeGrassLands/Environments/Plains/Env_Plains_Organic/StaticMesh/SM_WaterPlain.uasset" 644
"../../../allinone/Content/InfinityBladeGrassLands/Environments/Plains/Env_Plains_Ruins/StaticMesh/SM_Plains_Buttress_01.uasset" 645
"../../../allinone/Content/InfinityBladeGrassLands/Environments/Plains/Env_Plains_Ruins/StaticMesh/SM_Plains_Buttress_02.uasset" 646
"../../../allinone/Content/InfinityBladeGrassLands/Environments/Plains/Env_Plains_Ruins/StaticMesh/SM_Plains_Castle_Bridge_Wall_01.uasset" 647
"../../../allinone/Content/InfinityBladeGrassLands/Environments/Plains/Env_Plains_Ruins/StaticMesh/SM_Plains_Castle_Circle_Railing_01.uasset" 648
"../../../allinone/Content/InfinityBladeGrassLands/Environments/Plains/Env_Plains_Ruins/StaticMesh/SM_Plains_Castle_Fountain_01.uasset" 649
"../../../allinone/Content/InfinityBladeGrassLands/Environments/Plains/Env_Plains_Ruins/StaticMesh/SM_Plains_Castle_Railing_Curved.uasset" 650
"../../../allinone/Content/InfinityBladeGrassLands/Environments/Plains/Env_Plains_Ruins/StaticMesh/SM_Plains_Castle_Railing_Curved_45.uasset" 651
"../../../allinone/Content/InfinityBladeGrassLands/Environments/Plains/Env_Plains_Ruins/StaticMesh/SM_Plains_Castle_Stairs_01.uasset" 652
"../../../allinone/Content/InfinityBladeGrassLands/Environments/Plains/Env_Plains_Ruins/StaticMesh/SM_Plains_CastleArch_01.uasset" 653
"../../../allinone/Content/InfinityBladeGrassLands/Environments/Plains/Env_Plains_Ruins/StaticMesh/SM_Plains_CastleArch_02.uasset" 654
"../../../allinone/Content/InfinityBladeGrassLands/Environments/Plains/Env_Plains_Ruins/StaticMesh/SM_Plains_CastleArch_03.uasset" 655
"../../../allinone/Content/InfinityBladeGrassLands/Environments/Plains/Env_Plains_Ruins/Textures/T_Plains_Castle_Wroughtlron_D.uasset" 656
"../../../allinone/Content/InfinityBladeGrassLands/Environments/Plains/Env_Plains_Ruins/Textures/T_Plains_Castle_Wroughtlron_N.uasset" 657
"../../../allinone/Content/InfinityBladeGrassLands/Environments/Plains/Env_Plains_Ruins/Materials/M_PLains_Castle_WroughtIron.uasset" 658
"../../../allinone/Content/InfinityBladeGrassLands/Environments/Plains/Env_Plains_Ruins/StaticMesh/SM_Plains_CastleArch_Iron_Gate_01.uasset" 659
"../../../allinone/Content/InfinityBladeGrassLands/Environments/Plains/Env_Plains_Ruins/StaticMesh/SM_Plains_CastleArch_Iron_Gate_01_Broken.uasset" 660
"../../../allinone/Content/InfinityBladeGrassLands/Environments/Plains/Env_Plains_Ruins/StaticMesh/SM_Plains_CastleArch_Iron_Gate_02_Broken.uasset" 661
"../../../allinone/Content/InfinityBladeGrassLands/Environments/Plains/Env_Plains_Ruins/StaticMesh/SM_Plains_CastleArch_Ruin_01.uasset" 662
"../../../allinone/Content/InfinityBladeGrassLands/Environments/Plains/Env_Plains_Ruins/StaticMesh/SM_Plains_CastleArch_Ruin_03.uasset" 663
"../../../allinone/Content/InfinityBladeGrassLands/Environments/Plains/Env_Plains_Ruins/StaticMesh/SM_Plains_CastleDoorArch_01.uasset" 664
"../../../allinone/Content/InfinityBladeGrassLands/Environments/Plains/Env_Plains_Ruins/StaticMesh/SM_Plains_CastleTower_01.uasset" 665
"../../../allinone/Content/InfinityBladeGrassLands/Environments/Plains/Env_Plains_Ruins/StaticMesh/SM_Plains_CastleTower_Ruin_01.uasset" 666
"../../../allinone/Content/InfinityBladeGrassLands/Environments/Plains/Env_Plains_Ruins/StaticMesh/SM_Plains_CastleTower_Ruin_02.uasset" 667
"../../../allinone/Content/InfinityBladeGrassLands/Environments/Plains/Env_Plains_Ruins/StaticMesh/SM_Plains_CastleWall_Curved_Ruin_01.uasset" 668
"../../../allinone/Content/InfinityBladeGrassLands/Environments/Plains/Env_Plains_Ruins/StaticMesh/SM_Plains_CastleWall_Ruin_01.uasset" 669
"../../../allinone/Content/InfinityBladeGrassLands/Environments/Plains/Env_Plains_Ruins/StaticMesh/SM_Plains_CastleWall_Ruin_02.uasset" 670
"../../../allinone/Content/InfinityBladeGrassLands/Environments/Plains/Env_Plains_Ruins/StaticMesh/SM_Plains_CastleWall_Ruin_03.uasset" 671
"../../../allinone/Content/InfinityBladeGrassLands/Environments/Plains/Env_Plains_Ruins/StaticMesh/SM_Plains_CastleWall_Ruin_04.uasset" 672
"../../../allinone/Content/InfinityBladeGrassLands/Environments/Plains/Env_Plains_Ruins/StaticMesh/SM_Plains_CastleWall_Support_01.uasset" 673
"../../../allinone/Content/InfinityBladeGrassLands/Environments/Plains/Env_Plains_Ruins/StaticMesh/SM_Plains_Column_Large_01.uasset" 674
"../../../allinone/Content/InfinityBladeGrassLands/Environments/Plains/Env_Plains_Ruins/StaticMesh/SM_Plains_Column_Large_Broken_01.uasset" 675
"../../../allinone/Content/InfinityBladeGrassLands/Environments/Plains/Env_Plains_Ruins/StaticMesh/SM_Plains_Column_Large_Broken_02.uasset" 676
"../../../allinone/Content/InfinityBladeGrassLands/Environments/Plains/Env_Plains_Ruins/StaticMesh/SM_Plains_Column_Large_Broken_03.uasset" 677
"../../../allinone/Content/InfinityBladeGrassLands/Environments/Plains/Env_Plains_Ruins/StaticMesh/SM_Plains_Column_Mid_01.uasset" 678
"../../../allinone/Content/InfinityBladeGrassLands/Environments/Plains/Env_Plains_Ruins/StaticMesh/SM_Plains_Column_Small_01.uasset" 679
"../../../allinone/Content/InfinityBladeGrassLands/Environments/Plains/Env_Plains_Ruins/StaticMesh/SM_Plains_Column_Small_Broken_01.uasset" 680
"../../../allinone/Content/InfinityBladeGrassLands/Environments/Plains/Env_Plains_Ruins/StaticMesh/SM_Plains_Column_Small_Broken_02.uasset" 681
"../../../allinone/Content/InfinityBladeGrassLands/Environments/Plains/Env_Plains_Ruins/StaticMesh/SM_Plains_Ruin_BuildingLOD01.uasset" 682
"../../../allinone/Content/InfinityBladeGrassLands/Environments/Plains/Env_Plains_Ruins/StaticMesh/SM_Plains_Ruin_BuildingLOD02.uasset" 683
"../../../allinone/Content/InfinityBladeGrassLands/Environments/Plains/Env_Plains_Ruins/StaticMesh/SM_Plains_Ruin_BuildingLOD03.uasset" 684
"../../../allinone/Content/InfinityBladeGrassLands/Environments/Plains/Env_Plains_Ruins/Textures/T_Plains_Ruins_Cage_D.uasset" 685
"../../../allinone/Content/InfinityBladeGrassLands/Environments/Plains/Env_Plains_Ruins/Textures/T_Plains_Ruins_Cage_N.uasset" 686
"../../../allinone/Content/InfinityBladeGrassLands/Environments/Plains/Env_Plains_Ruins/Materials/M_Plains_Cage.uasset" 687
"../../../allinone/Content/InfinityBladeGrassLands/Environments/Plains/Env_Plains_Ruins/StaticMesh/SM_Plains_Ruins_Brazier_01.uasset" 688
"../../../allinone/Content/InfinityBladeGrassLands/Environments/Plains/Env_Plains_Ruins/StaticMesh/SM_Plains_Ruins_Cage_Broken_02.uasset" 689
"../../../allinone/Content/InfinityBladeGrassLands/Environments/Plains/Env_Plains_Ruins/StaticMesh/SM_Plains_ShortColumn_01.uasset" 690
"../../../allinone/Content/InfinityBladeGrassLands/Environments/Plains/Env_Plains_Ruins/StaticMesh/SM_Plains_ShortWall_Straight_01.uasset" 691
"../../../allinone/Content/InfinityBladeGrassLands/Environments/Plains/Env_Plains_Ruins/StaticMesh/SM_Plains_Wall_Railing_01.uasset" 692
"../../../allinone/Content/InfinityBladeGrassLands/Environments/Plains/Env_Plains_Ruins/StaticMesh/SM_Plains_Wall_Straight_01.uasset" 693
"../../../allinone/Content/InfinityBladeGrassLands/Environments/Plains/Env_Plains_Statues/StaticMesh/SM_Plains_Angel_Statue_01_nobase_torch.uasset" 694
"../../../allinone/Content/InfinityBladeGrassLands/Environments/Plains/Env_Plains_Statues/StaticMesh/SM_Plains_Man_Statue_01.uasset" 695
"../../../allinone/Content/InfinityBladeGrassLands/Environments/Plains/Env_Plains_Statues/StaticMesh/SM_Plains_Man_Statue_01_torch.uasset" 696
"../../../allinone/Content/InfinityBladeGrassLands/Environments/Plains/Env_Plains_Terrain/ElvenRuins_Terrain.uasset" 697
"../../../allinone/Content/L10N/ko-KR/InfinityBladeGrassLands/Environments/Plains/Env_Plains_Statues/StaticMesh/SM_Plains_Angel_Statue_01_nobase.uasset" 698
"../../../allinone/Content/InfinityBladeGrassLands/Maps/ElvenRuins.umap" 699
"../../../allinone/Content/InfinityBladeAdversaries/Enemy/Enemy_Bear/Bear_Export_Skeleton.uasset" 700
"../../../allinone/Content/InfinityBladeAdversaries/Enemy/Enemy_Bear/Enemy_Bear_Animations/ExoGame_Bears_Idle.uasset" 701
"../../../allinone/Content/Geometry/Meshes/CubeMaterial.uasset" 702
"../../../allinone/Content/Geometry/Meshes/1M_Cube.uasset" 703
"../../../allinone/Content/Geometry/Meshes/1M_Cube_Chamfer.uasset" 704
"../../../allinone/Content/Geometry/Meshes/TemplateFloor.uasset" 705
"../../../allinone/Content/InfinityBladeAdversaries/Enemy/Enemy_Bear/Textures/T_Enemy_Bear_D.uasset" 706
"../../../allinone/Content/InfinityBladeAdversaries/Enemy/Enemy_Bear/Textures/T_Enemy_Bear_M.uasset" 707
"../../../allinone/Content/InfinityBladeAdversaries/Enemy/Enemy_Bear/Textures/T_Enemy_Bear_N.uasset" 708
"../../../allinone/Content/InfinityBladeAdversaries/Enemy/Enemy_Bear/Materials/M_Bear_Master.uasset" 709
"../../../allinone/Content/InfinityBladeAdversaries/Enemy/Enemy_Bear/Materials/M_Bear_Stone_Inst.uasset" 710
"../../../allinone/Content/InfinityBladeAdversaries/Enemy/Enemy_Bear/Enemy_Bear.uasset" 711
"../../../allinone/Content/ThirdPerson/Meshes/RampMaterial.uasset" 712
"../../../allinone/Content/ThirdPerson/Meshes/Bump_StaticMesh.uasset" 713
"../../../allinone/Content/ThirdPerson/Meshes/LeftArm_StaticMesh.uasset" 714
"../../../allinone/Content/ThirdPerson/Meshes/Linear_Stair_StaticMesh.uasset" 715
"../../../allinone/Content/ThirdPerson/Meshes/Ramp_StaticMesh.uasset" 716
"../../../allinone/Content/ThirdPerson/Meshes/RightArm_StaticMesh.uasset" 717
"../../../allinone/Content/ThirdPersonCPP/Maps/ThirdPersonExampleMap.umap" 718
