Log file open, 01/24/18 22:45:13
LogWindows: Failed to load 'aqProf.dll' (GetLastError=126)
LogWindows: File 'aqProf.dll' does not exist
LogWindows: Failed to load 'VSPerf140.dll' (GetLastError=126)
LogWindows: File 'VSPerf140.dll' does not exist
LogWindows: Failed to load 'VtuneApi.dll' (GetLastError=126)
LogWindows: File 'VtuneApi.dll' does not exist
LogWindows: Failed to load 'VtuneApi32e.dll' (GetLastError=126)
LogWindows: File 'VtuneApi32e.dll' does not exist
LogInit: Display: Running engine for game: main
LogPlatformFile: Not using cached read wrapper
LogInit: Display: RandInit(1561926061) SRandInit(1561926061).
LogInit: Read version file with build ID '3709383'
LogInit: Overriding engine version to CL 3794801, compatible CL 3709383
LogInit: Registered custom module enumerator with build ID '3709383'
LogTaskGraph: Started task graph with 5 named threads and 14 total threads with 3 sets of task threads.
LogStats: Stats thread started at 0.183782
LogD3D11RHI: Aftermath initialized
LogPluginManager: Mounting plugin Paper2D
LogPluginManager: Mounting plugin LightPropagationVolume
LogPluginManager: Mounting plugin CodeLiteSourceCodeAccess
LogPluginManager: Mounting plugin GitSourceControl
LogPluginManager: Mounting plugin KDevelopSourceCodeAccess
LogPluginManager: Mounting plugin NullSourceCodeAccess
LogPluginManager: Mounting plugin PerforceSourceControl
LogPluginManager: Mounting plugin SubversionSourceControl
LogPluginManager: Mounting plugin UObjectPlugin
LogPluginManager: Mounting plugin VisualStudioCodeSourceCodeAccess
LogPluginManager: Mounting plugin VisualStudioSourceCodeAccess
LogPluginManager: Mounting plugin XCodeSourceCodeAccess
LogPluginManager: Mounting plugin AssetManagerEditor
LogPluginManager: Mounting plugin AudioCapture
LogPluginManager: Mounting plugin FacialAnimation
LogPluginManager: Mounting plugin GameplayTagsEditor
LogPluginManager: Mounting plugin MobileLauncherProfileWizard
LogPluginManager: Mounting plugin PluginBrowser
LogPluginManager: Mounting plugin SpeedTreeImporter
LogPluginManager: Mounting plugin AlembicImporter
LogPluginManager: Mounting plugin CharacterAI
LogPluginManager: Mounting plugin HTML5Networking
LogPluginManager: Mounting plugin AndroidMedia
LogPluginManager: Mounting plugin AvfMedia
LogPluginManager: Mounting plugin ImgMedia
LogPluginManager: Mounting plugin MediaCompositing
LogPluginManager: Mounting plugin MediaPlayerEditor
LogPluginManager: Mounting plugin WmfMedia
LogPluginManager: Mounting plugin TcpMessaging
LogPluginManager: Mounting plugin UdpMessaging
LogPluginManager: Mounting plugin ActorSequence
LogPluginManager: Mounting plugin LevelSequenceEditor
LogPluginManager: Mounting plugin MatineeToLevelSequence
LogPluginManager: Mounting plugin OnlineSubsystemGooglePlay
LogPluginManager: Mounting plugin OnlineSubsystemIOS
LogPluginManager: Mounting plugin OnlineSubsystem
LogPluginManager: Mounting plugin OnlineSubsystemNull
LogPluginManager: Mounting plugin OnlineSubsystemSteam
LogPluginManager: Mounting plugin OnlineSubsystemUtils
LogPluginManager: Mounting plugin AndroidDeviceProfileSelector
LogPluginManager: Mounting plugin AndroidMoviePlayer
LogPluginManager: Mounting plugin AndroidPermission
LogPluginManager: Mounting plugin AppleARKit
LogPluginManager: Mounting plugin AppleMoviePlayer
LogPluginManager: Mounting plugin ArchVisCharacter
LogPluginManager: Mounting plugin CableComponent
LogPluginManager: Mounting plugin CustomMeshComponent
LogPluginManager: Mounting plugin ExampleDeviceProfileSelector
LogPluginManager: Mounting plugin GoogleCloudMessaging
LogPluginManager: Mounting plugin ImmediatePhysics
LogPluginManager: Mounting plugin IOSDeviceProfileSelector
LogPluginManager: Mounting plugin LinuxDeviceProfileSelector
LogPluginManager: Mounting plugin LocationServicesBPLibrary
LogPluginManager: Mounting plugin MobilePatchingUtils
LogPluginManager: Mounting plugin OculusVR
LogPluginManager: Plugin shader directory ../../../Engine/Plugins/Runtime/Oculus/OculusVR/Shaders found
LogPluginManager: Mapping shader source directory ../../../Engine/Plugins/Runtime/Oculus/OculusVR/Shaders to virtual directory /Plugin/OculusVR
LogPluginManager: Mounting plugin PhysXVehicles
LogPluginManager: Mounting plugin ProceduralMeshComponent
LogPluginManager: Mounting plugin RuntimePhysXCooking
LogPluginManager: Mounting plugin SteamVR
LogPluginManager: Mounting plugin WindowsMoviePlayer
LogModuleManager: Display: Found up-to-date module file D:/20180120/set/main/Binaries/Win64/UE4Editor-main.dll (API version 3709383).
LogModuleManager: Display: Found up-to-date module file ../../../Engine/Plugins/2D/Paper2D/Binaries/Win64/UE4Editor-Paper2D.dll (API version 3709383).
LogModuleManager: Display: Found up-to-date module file ../../../Engine/Plugins/2D/Paper2D/Binaries/Win64/UE4Editor-Paper2DEditor.dll (API version 3709383).
LogModuleManager: Display: Found up-to-date module file ../../../Engine/Plugins/2D/Paper2D/Binaries/Win64/UE4Editor-PaperSpriteSheetImporter.dll (API version 3709383).
LogModuleManager: Display: Found up-to-date module file ../../../Engine/Plugins/2D/Paper2D/Binaries/Win64/UE4Editor-PaperTiledImporter.dll (API version 3709383).
LogModuleManager: Display: Found up-to-date module file ../../../Engine/Plugins/2D/Paper2D/Binaries/Win64/UE4Editor-SmartSnapping.dll (API version 3709383).
LogModuleManager: Display: Found up-to-date module file ../../../Engine/Plugins/Blendables/LightPropagationVolume/Binaries/Win64/UE4Editor-LightPropagationVolumeRuntime.dll (API version 3709383).
LogModuleManager: Display: Found up-to-date module file ../../../Engine/Plugins/Blendables/LightPropagationVolume/Binaries/Win64/UE4Editor-LightPropagationVolumeEditor.dll (API version 3709383).
LogModuleManager: Display: Found up-to-date module file ../../../Engine/Plugins/Developer/GitSourceControl/Binaries/Win64/UE4Editor-GitSourceControl.dll (API version 3709383).
LogModuleManager: Display: Found up-to-date module file ../../../Engine/Plugins/Developer/PerforceSourceControl/Binaries/Win64/UE4Editor-PerforceSourceControl.dll (API version 3709383).
LogModuleManager: Display: Found up-to-date module file ../../../Engine/Plugins/Developer/SubversionSourceControl/Binaries/Win64/UE4Editor-SubversionSourceControl.dll (API version 3709383).
LogModuleManager: Display: Found up-to-date module file ../../../Engine/Plugins/Developer/UObjectPlugin/Binaries/Win64/UE4Editor-UObjectPlugin.dll (API version 3709383).
LogModuleManager: Display: Found up-to-date module file ../../../Engine/Plugins/Developer/VisualStudioCodeSourceCodeAccess/Binaries/Win64/UE4Editor-VisualStudioCodeSourceCodeAccess.dll (API version 3709383).
LogModuleManager: Display: Found up-to-date module file ../../../Engine/Plugins/Developer/VisualStudioSourceCodeAccess/Binaries/Win64/UE4Editor-VisualStudioSourceCodeAccess.dll (API version 3709383).
LogModuleManager: Display: Found up-to-date module file ../../../Engine/Plugins/Editor/AssetManagerEditor/Binaries/Win64/UE4Editor-AssetManagerEditor.dll (API version 3709383).
LogModuleManager: Display: Found up-to-date module file ../../../Engine/Plugins/Editor/AudioCapture/Binaries/Win64/UE4Editor-AudioCapture.dll (API version 3709383).
LogModuleManager: Display: Found up-to-date module file ../../../Engine/Plugins/Editor/FacialAnimation/Binaries/Win64/UE4Editor-FacialAnimation.dll (API version 3709383).
LogModuleManager: Display: Found up-to-date module file ../../../Engine/Plugins/Editor/FacialAnimation/Binaries/Win64/UE4Editor-FacialAnimationEditor.dll (API version 3709383).
LogModuleManager: Display: Found up-to-date module file ../../../Engine/Plugins/Editor/GameplayTagsEditor/Binaries/Win64/UE4Editor-GameplayTagsEditor.dll (API version 3709383).
LogModuleManager: Display: Found up-to-date module file ../../../Engine/Plugins/Editor/MobileLauncherProfileWizard/Binaries/Win64/UE4Editor-MobileLauncherProfileWizard.dll (API version 3709383).
LogModuleManager: Display: Found up-to-date module file ../../../Engine/Plugins/Editor/PluginBrowser/Binaries/Win64/UE4Editor-PluginBrowser.dll (API version 3709383).
LogModuleManager: Display: Found up-to-date module file ../../../Engine/Plugins/Editor/SpeedTreeImporter/Binaries/Win64/UE4Editor-SpeedTreeImporter.dll (API version 3709383).
LogModuleManager: Display: Found up-to-date module file ../../../Engine/Plugins/Experimental/AlembicImporter/Binaries/Win64/UE4Editor-AlembicImporter.dll (API version 3709383).
LogModuleManager: Display: Found up-to-date module file ../../../Engine/Plugins/Experimental/AlembicImporter/Binaries/Win64/UE4Editor-AlembicLibrary.dll (API version 3709383).
LogModuleManager: Display: Found up-to-date module file ../../../Engine/Plugins/Experimental/CharacterAI/Binaries/Win64/UE4Editor-CharacterAI.dll (API version 3709383).
LogModuleManager: Display: Found up-to-date module file ../../../Engine/Plugins/Experimental/HTML5Networking/Binaries/Win64/UE4Editor-HTML5Networking.dll (API version 3709383).
LogModuleManager: Display: Found up-to-date module file ../../../Engine/Plugins/Media/AndroidMedia/Binaries/Win64/UE4Editor-AndroidMediaEditor.dll (API version 3709383).
LogModuleManager: Display: Found up-to-date module file ../../../Engine/Plugins/Media/AndroidMedia/Binaries/Win64/UE4Editor-AndroidMediaFactory.dll (API version 3709383).
LogModuleManager: Display: Found up-to-date module file ../../../Engine/Plugins/Media/AvfMedia/Binaries/Win64/UE4Editor-AvfMediaEditor.dll (API version 3709383).
LogModuleManager: Display: Found up-to-date module file ../../../Engine/Plugins/Media/AvfMedia/Binaries/Win64/UE4Editor-AvfMediaFactory.dll (API version 3709383).
LogModuleManager: Display: Found up-to-date module file ../../../Engine/Plugins/Media/AvfMedia/Binaries/Win64/UE4Editor-AvfMediaFactory.dll (API version 3709383).
LogModuleManager: Display: Found up-to-date module file ../../../Engine/Plugins/Media/ImgMedia/Binaries/Win64/UE4Editor-ImgMedia.dll (API version 3709383).
LogModuleManager: Display: Found up-to-date module file ../../../Engine/Plugins/Media/ImgMedia/Binaries/Win64/UE4Editor-ImgMediaEditor.dll (API version 3709383).
LogModuleManager: Display: Found up-to-date module file ../../../Engine/Plugins/Media/ImgMedia/Binaries/Win64/UE4Editor-ImgMediaFactory.dll (API version 3709383).
LogModuleManager: Display: Found up-to-date module file ../../../Engine/Plugins/Media/ImgMedia/Binaries/Win64/UE4Editor-ImgMediaFactory.dll (API version 3709383).
LogModuleManager: Display: Found up-to-date module file ../../../Engine/Plugins/Media/ImgMedia/Binaries/Win64/UE4Editor-OpenExrWrapper.dll (API version 3709383).
LogModuleManager: Display: Found up-to-date module file ../../../Engine/Plugins/Media/MediaCompositing/Binaries/Win64/UE4Editor-MediaCompositing.dll (API version 3709383).
LogModuleManager: Display: Found up-to-date module file ../../../Engine/Plugins/Media/MediaCompositing/Binaries/Win64/UE4Editor-MediaCompositingEditor.dll (API version 3709383).
LogModuleManager: Display: Found up-to-date module file ../../../Engine/Plugins/Media/MediaPlayerEditor/Binaries/Win64/UE4Editor-MediaPlayerEditor.dll (API version 3709383).
LogModuleManager: Display: Found up-to-date module file ../../../Engine/Plugins/Media/WmfMedia/Binaries/Win64/UE4Editor-WmfMedia.dll (API version 3709383).
LogModuleManager: Display: Found up-to-date module file ../../../Engine/Plugins/Media/WmfMedia/Binaries/Win64/UE4Editor-WmfMediaEditor.dll (API version 3709383).
LogModuleManager: Display: Found up-to-date module file ../../../Engine/Plugins/Media/WmfMedia/Binaries/Win64/UE4Editor-WmfMediaFactory.dll (API version 3709383).
LogModuleManager: Display: Found up-to-date module file ../../../Engine/Plugins/Media/WmfMedia/Binaries/Win64/UE4Editor-WmfMediaFactory.dll (API version 3709383).
LogModuleManager: Display: Found up-to-date module file ../../../Engine/Plugins/Messaging/TcpMessaging/Binaries/Win64/UE4Editor-TcpMessaging.dll (API version 3709383).
LogModuleManager: Display: Found up-to-date module file ../../../Engine/Plugins/Messaging/UdpMessaging/Binaries/Win64/UE4Editor-UdpMessaging.dll (API version 3709383).
LogModuleManager: Display: Found up-to-date module file ../../../Engine/Plugins/MovieScene/ActorSequence/Binaries/Win64/UE4Editor-ActorSequence.dll (API version 3709383).
LogModuleManager: Display: Found up-to-date module file ../../../Engine/Plugins/MovieScene/LevelSequenceEditor/Binaries/Win64/UE4Editor-LevelSequenceEditor.dll (API version 3709383).
LogModuleManager: Display: Found up-to-date module file ../../../Engine/Plugins/MovieScene/MatineeToLevelSequence/Binaries/Win64/UE4Editor-MatineeToLevelSequence.dll (API version 3709383).
LogModuleManager: Display: Found up-to-date module file ../../../Engine/Plugins/Online/OnlineSubsystem/Binaries/Win64/UE4Editor-OnlineSubsystem.dll (API version 3709383).
LogModuleManager: Display: Found up-to-date module file ../../../Engine/Plugins/Online/OnlineSubsystemNull/Binaries/Win64/UE4Editor-OnlineSubsystemNull.dll (API version 3709383).
LogModuleManager: Display: Found up-to-date module file ../../../Engine/Plugins/Online/OnlineSubsystemSteam/Binaries/Win64/UE4Editor-OnlineSubsystemSteam.dll (API version 3709383).
LogModuleManager: Display: Found up-to-date module file ../../../Engine/Plugins/Online/OnlineSubsystemUtils/Binaries/Win64/UE4Editor-OnlineSubsystemUtils.dll (API version 3709383).
LogModuleManager: Display: Found up-to-date module file ../../../Engine/Plugins/Online/OnlineSubsystemUtils/Binaries/Win64/UE4Editor-OnlineBlueprintSupport.dll (API version 3709383).
LogModuleManager: Display: Found up-to-date module file ../../../Engine/Plugins/Runtime/AndroidDeviceProfileSelector/Binaries/Win64/UE4Editor-AndroidDeviceProfileSelector.dll (API version 3709383).
LogModuleManager: Display: Found up-to-date module file ../../../Engine/Plugins/Runtime/AndroidPermission/Binaries/Win64/UE4Editor-AndroidPermission.dll (API version 3709383).
LogModuleManager: Display: Found up-to-date module file ../../../Engine/Plugins/Runtime/AppleARKit/Binaries/Win64/UE4Editor-AppleARKit.dll (API version 3709383).
LogModuleManager: Display: Found up-to-date module file ../../../Engine/Plugins/Runtime/ArchVisCharacter/Binaries/Win64/UE4Editor-ArchVisCharacter.dll (API version 3709383).
LogModuleManager: Display: Found up-to-date module file ../../../Engine/Plugins/Runtime/CableComponent/Binaries/Win64/UE4Editor-CableComponent.dll (API version 3709383).
LogModuleManager: Display: Found up-to-date module file ../../../Engine/Plugins/Runtime/CustomMeshComponent/Binaries/Win64/UE4Editor-CustomMeshComponent.dll (API version 3709383).
LogModuleManager: Display: Found up-to-date module file ../../../Engine/Plugins/Runtime/ExampleDeviceProfileSelector/Binaries/Win64/UE4Editor-ExampleDeviceProfileSelector.dll (API version 3709383).
LogModuleManager: Display: Found up-to-date module file ../../../Engine/Plugins/Runtime/ImmediatePhysics/Binaries/Win64/UE4Editor-ImmediatePhysics.dll (API version 3709383).
LogModuleManager: Display: Found up-to-date module file ../../../Engine/Plugins/Runtime/ImmediatePhysics/Binaries/Win64/UE4Editor-ImmediatePhysicsEditor.dll (API version 3709383).
LogModuleManager: Display: Found up-to-date module file ../../../Engine/Plugins/Runtime/LocationServicesBPLibrary/Binaries/Win64/UE4Editor-LocationServicesBPLibrary.dll (API version 3709383).
LogModuleManager: Display: Found up-to-date module file ../../../Engine/Plugins/Runtime/MobilePatchingUtils/Binaries/Win64/UE4Editor-MobilePatchingUtils.dll (API version 3709383).
LogModuleManager: Display: Found up-to-date module file ../../../Engine/Plugins/Runtime/Oculus/OculusVR/Binaries/Win64/UE4Editor-OculusHMD.dll (API version 3709383).
LogModuleManager: Display: Found up-to-date module file ../../../Engine/Plugins/Runtime/Oculus/OculusVR/Binaries/Win64/UE4Editor-OculusInput.dll (API version 3709383).
LogModuleManager: Display: Found up-to-date module file ../../../Engine/Plugins/Runtime/Oculus/OculusVR/Binaries/Win64/UE4Editor-OculusEditor.dll (API version 3709383).
LogModuleManager: Display: Found up-to-date module file ../../../Engine/Plugins/Runtime/PhysXVehicles/Binaries/Win64/UE4Editor-PhysXVehicles.dll (API version 3709383).
LogModuleManager: Display: Found up-to-date module file ../../../Engine/Plugins/Runtime/PhysXVehicles/Binaries/Win64/UE4Editor-PhysXVehiclesEditor.dll (API version 3709383).
LogModuleManager: Display: Found up-to-date module file ../../../Engine/Plugins/Runtime/ProceduralMeshComponent/Binaries/Win64/UE4Editor-ProceduralMeshComponent.dll (API version 3709383).
LogModuleManager: Display: Found up-to-date module file ../../../Engine/Plugins/Runtime/ProceduralMeshComponent/Binaries/Win64/UE4Editor-ProceduralMeshComponentEditor.dll (API version 3709383).
LogModuleManager: Display: Found up-to-date module file ../../../Engine/Plugins/Runtime/RuntimePhysXCooking/Binaries/Win64/UE4Editor-RuntimePhysXCooking.dll (API version 3709383).
LogModuleManager: Display: Found up-to-date module file ../../../Engine/Plugins/Runtime/Steam/SteamVR/Binaries/Win64/UE4Editor-SteamVR.dll (API version 3709383).
LogModuleManager: Display: Found up-to-date module file ../../../Engine/Plugins/Runtime/Steam/SteamVR/Binaries/Win64/UE4Editor-SteamVRController.dll (API version 3709383).
LogModuleManager: Display: Found up-to-date module file ../../../Engine/Plugins/Runtime/WindowsMoviePlayer/Binaries/Win64/UE4Editor-WindowsMoviePlayer.dll (API version 3709383).
LogInit: Using libcurl 7.47.1
LogInit:  - built for x86_64-pc-win32
LogInit:  - supports SSL with OpenSSL/1.0.2g
LogInit:  - supports HTTP deflate (compression) using libz 1.2.8
LogInit:  - other features:
LogInit:      CURL_VERSION_SSL
LogInit:      CURL_VERSION_LIBZ
LogInit:      CURL_VERSION_IPV6
LogInit:      CURL_VERSION_ASYNCHDNS
LogInit:      CURL_VERSION_LARGEFILE
LogInit:      CURL_VERSION_IDN
LogInit:  CurlRequestOptions (configurable via config and command line):
LogInit:  - bVerifyPeer = false  - Libcurl will NOT verify peer certificate
LogInit:  - bUseHttpProxy = false  - Libcurl will NOT use HTTP proxy
LogInit:  - bDontReuseConnections = false  - Libcurl will reuse connections
LogInit:  - CertBundlePath = nullptr  - Libcurl will use whatever was configured at build time.
LogOnline: Display: STEAM: Loading Steam SDK 1.39
LogOnline: Warning: STEAM: Steam API disabled!
LogOnline: Display: STEAM: OnlineSubsystemSteam::Shutdown()
LogInit: WinSock: version 1.1 (2.2), MaxSocks=32767, MaxUdp=65467
LogInit: Build: ++UE4+Release-4.18-CL-3794801
LogInit: Engine Version: 4.18.2-3794801+++UE4+Release-4.18
LogInit: Compatible Engine Version: 4.18.0-3709383+++UE4+Release-4.18
LogInit: Net CL: 3709383
LogDevObjectVersion: Number of dev versions registered: 16
LogDevObjectVersion:   Dev-Blueprints (B0D832E4-1F89-4F0D-ACCF-7EB736FD4AA2): 10
LogDevObjectVersion:   Dev-Build (E1C64328-A22C-4D53-A36C-8E866417BD8C): 0
LogDevObjectVersion:   Dev-Core (375EC13C-06E4-48FB-B500-84F0262A717E): 2
LogDevObjectVersion:   Dev-Editor (E4B068ED-F494-42E9-A231-DA0B2E46BB41): 20
LogDevObjectVersion:   Dev-Framework (CFFC743F-43B0-4480-9391-14DF171D2073): 30
LogDevObjectVersion:   Dev-Mobile (B02B49B5-BB20-44E9-A304-32B752E40360): 0
LogDevObjectVersion:   Dev-Networking (A4E4105C-59A1-49B5-A7C5-40C4547EDFEE): 0
LogDevObjectVersion:   Dev-Online (39C831C9-5AE6-47DC-9A44-9C173E1C8E7C): 0
LogDevObjectVersion:   Dev-Physics (78F01B33-EBEA-4F98-B9B4-84EACCB95AA2): 0
LogDevObjectVersion:   Dev-Platform (6631380F-2D4D-43E0-8009-CF276956A95A): 0
LogDevObjectVersion:   Dev-Rendering (12F88B9F-8875-4AFC-A67C-D90C383ABD29): 20
LogDevObjectVersion:   Dev-Sequencer (7B5AE74C-D270-4C10-A958-57980B212A5A): 4
LogDevObjectVersion:   Dev-VR (D7296918-1DD6-4BDD-9DE2-64A83CC13884): 0
LogDevObjectVersion:   Dev-LoadTimes (C2A15278-BFE7-4AFE-6C17-90FF531DF755): 1
LogDevObjectVersion:   Private-Geometry (6EACA3D4-40EC-4CC1-B786-8BED09428FC5): 1
LogDevObjectVersion:   Dev-AnimPhys (29E575DD-E0A3-4627-9D10-D276232CDCEA): 12
LogInit: Compiled (64-bit): Dec  8 2017 02:04:53
LogInit: Compiled with Visual C++: 19.00.24215.01
LogInit: Build Configuration: Development
LogInit: Branch Name: ++UE4+Release-4.18
LogInit: Command line:  
LogInit: Base directory: C:/Program Files/Epic Games/UE_4.18/Engine/Binaries/Win64/
LogInit: Installed Engine Build: 1
LogInit: Presizing for max 8388607 objects, including 0 objects not considered by GC, pre-allocating 0 bytes for permanent pool.
LogInit: Object subsystem initialized
[2018.01.24-13.45.16:481][  0]LogInit: Selected Device Profile: [Windows]
[2018.01.24-13.45.16:481][  0]LogInit: Applying CVar settings loaded from the selected device profile: [Windows]
[2018.01.24-13.45.16:508][  0]LogInit: Computer: DESKTOP-LOUV37F
[2018.01.24-13.45.16:508][  0]LogInit: User: choiw
[2018.01.24-13.45.16:508][  0]LogInit: CPU Page size=4096, Cores=4
[2018.01.24-13.45.16:508][  0]LogInit: High frequency timer resolution =2.742187 MHz
[2018.01.24-13.45.16:508][  0]LogMemory: Memory total: Physical=7.9GB (8GB approx)
[2018.01.24-13.45.16:508][  0]LogMemory: Platform Memory Stats for Windows
[2018.01.24-13.45.16:508][  0]LogMemory: Process Physical Memory: 276.27 MB used, 276.27 MB peak
[2018.01.24-13.45.16:508][  0]LogMemory: Process Virtual Memory: 282.00 MB used, 282.00 MB peak
[2018.01.24-13.45.16:508][  0]LogMemory: Physical Memory: 3273.43 MB used,  4810.65 MB free, 8084.07 MB total
[2018.01.24-13.45.16:508][  0]LogMemory: Virtual Memory: 692.42 MB used,  4810.65 MB free, 134217728.00 MB total
[2018.01.24-13.45.16:851][  0]LogInit: Using OS detected language (ko-KR).
[2018.01.24-13.45.16:851][  0]LogInit: Using OS detected locale (ko-KR).
[2018.01.24-13.45.16:908][  0]LogTextLocalizationManager: No specific localization for 'ko-KR' exists, so the 'ko' localization will be used.
[2018.01.24-13.45.17:124][  0]LogInit: Setting process to per monitor DPI aware
[2018.01.24-13.45.19:712][  0]LogD3D11RHI: D3D11 adapters:
[2018.01.24-13.45.19:753][  0]LogD3D11RHI:    0. 'NVIDIA GeForce GTX 1060 with Max-Q Design' (Feature Level 11_0)
[2018.01.24-13.45.19:753][  0]LogD3D11RHI:       6061/0/4042 MB DedicatedVideo/DedicatedSystem/SharedSystem, Outputs:1, VendorId:0x10de
[2018.01.24-13.45.19:766][  0]LogD3D11RHI:    1. 'Intel(R) HD Graphics 630' (Feature Level 11_0)
[2018.01.24-13.45.19:766][  0]LogD3D11RHI:       128/0/4042 MB DedicatedVideo/DedicatedSystem/SharedSystem, Outputs:0, VendorId:0x8086
[2018.01.24-13.45.19:768][  0]LogD3D11RHI:    2. 'Microsoft Basic Render Driver' (Feature Level 11_0)
[2018.01.24-13.45.19:768][  0]LogD3D11RHI:       0/0/4042 MB DedicatedVideo/DedicatedSystem/SharedSystem, Outputs:0, VendorId:0x1414
[2018.01.24-13.45.19:768][  0]LogD3D11RHI: Chosen D3D11 Adapter: 0
[2018.01.24-13.45.19:775][  0]LogD3D11RHI: Creating new Direct3DDevice
[2018.01.24-13.45.19:775][  0]LogD3D11RHI:     GPU DeviceId: 0x1c20 (for the marketing name, search the web for "GPU Device Id")
[2018.01.24-13.45.19:775][  0]LogWindows: EnumDisplayDevices:
[2018.01.24-13.45.19:775][  0]LogWindows:    0. 'Intel(R) HD Graphics 630' (P:1 D:1)
[2018.01.24-13.45.19:776][  0]LogWindows:    1. 'Intel(R) HD Graphics 630' (P:0 D:0)
[2018.01.24-13.45.19:776][  0]LogWindows:    2. 'Intel(R) HD Graphics 630' (P:0 D:0)
[2018.01.24-13.45.19:776][  0]LogWindows:    3. 'NVIDIA GeForce GTX 1060 with Max-Q Design' (P:0 D:0)
[2018.01.24-13.45.19:776][  0]LogWindows:    4. 'NVIDIA GeForce GTX 1060 with Max-Q Design' (P:0 D:0)
[2018.01.24-13.45.19:776][  0]LogWindows:    5. 'NVIDIA GeForce GTX 1060 with Max-Q Design' (P:0 D:0)
[2018.01.24-13.45.19:776][  0]LogWindows:    6. 'NVIDIA GeForce GTX 1060 with Max-Q Design' (P:0 D:0)
[2018.01.24-13.45.19:777][  0]LogWindows: DebugString: GetVideoDriverDetailsInvalid PrimaryIsNotTheChoosenAdapter GetVideoDriverDetailsInvalid PrimaryIsNotTheChoosenAdapter GetVideoDriverDetailsInvalid PrimaryIsNotTheChoosenAdapter GetVideoDriverDetailsInvalid PrimaryIsNotTheChoosenAdapter GetVideoDriverDetailsInvalid PrimaryIsNotTheChoosenAdapter GetVideoDriverDetailsInvalid PrimaryIsNotTheChoosenAdapter GetVideoDriverDetailsInvalid PrimaryIsNotTheChoosenAdapter FoundDriverCount:0 
[2018.01.24-13.45.19:777][  0]LogD3D11RHI:     Adapter Name: NVIDIA GeForce GTX 1060 with Max-Q Design
[2018.01.24-13.45.19:777][  0]LogD3D11RHI:   Driver Version: Unknown (internal:Unknown, unified:Unknown)
[2018.01.24-13.45.19:777][  0]LogD3D11RHI:      Driver Date: Unknown
[2018.01.24-13.45.19:777][  0]LogRHI: Texture pool is 4242 MB (70% of 6061 MB)
[2018.01.24-13.45.19:801][  0]LogD3D11RHI: Async texture creation enabled
[2018.01.24-13.45.20:116][  0]LogD3D11RHI: GPU Timing Frequency: 1000.000000 (Debug: 2 1)
[2018.01.24-13.45.20:117][  0]LogShaderCompilers: Guid format shader working directory is 25 characters bigger than the processId version (D:/20180120/set/main/Intermediate/Shaders/WorkingDirectory/12792/).
[2018.01.24-13.45.20:117][  0]LogShaderCompilers: Cleaned the shader compiler working directory 'C:/Users/choiw/AppData/Local/Temp/UnrealShaderWorkingDir/4301DF44453CA943929535808CA57433/'.
[2018.01.24-13.45.20:117][  0]LogShaderCompilers: Display: Using Local Shader Compiler.
[2018.01.24-13.45.22:254][  0]LogTemp: Display: Loaded TP AllDesktopTargetPlatform
[2018.01.24-13.45.22:327][  0]LogTemp: Display: Loaded TP MacClientTargetPlatform
[2018.01.24-13.45.22:401][  0]LogTemp: Display: Loaded TP MacNoEditorTargetPlatform
[2018.01.24-13.45.22:480][  0]LogTemp: Display: Loaded TP MacServerTargetPlatform
[2018.01.24-13.45.22:564][  0]LogTemp: Display: Loaded TP MacTargetPlatform
[2018.01.24-13.45.22:641][  0]LogTemp: Display: Loaded TP WindowsClientTargetPlatform
[2018.01.24-13.45.22:720][  0]LogTemp: Display: Loaded TP WindowsNoEditorTargetPlatform
[2018.01.24-13.45.22:792][  0]LogTemp: Display: Loaded TP WindowsServerTargetPlatform
[2018.01.24-13.45.22:859][  0]LogTemp: Display: Loaded TP WindowsTargetPlatform
[2018.01.24-13.45.22:935][  0]LogTemp: Display: Loaded TP Android_ASTCTargetPlatform
[2018.01.24-13.45.23:007][  0]LogTemp: Display: Loaded TP Android_ATCTargetPlatform
[2018.01.24-13.45.23:084][  0]LogTemp: Display: Loaded TP Android_DXTTargetPlatform
[2018.01.24-13.45.23:157][  0]LogTemp: Display: Loaded TP Android_ETC1TargetPlatform
[2018.01.24-13.45.23:233][  0]LogTemp: Display: Loaded TP Android_ETC2TargetPlatform
[2018.01.24-13.45.23:383][  0]LogTemp: Display: Loaded TP Android_MultiTargetPlatform
[2018.01.24-13.45.23:384][  0]LogTemp: Display: Loaded TP Android_PVRTCTargetPlatform
[2018.01.24-13.45.23:463][  0]LogTemp: Display: Loaded TP AndroidTargetPlatform
[2018.01.24-13.45.23:523][  0]LogTemp: Display: Loaded TP HTML5TargetPlatform
[2018.01.24-13.45.23:656][  0]LogTemp: Display: Loaded TP IOSTargetPlatform
[2018.01.24-13.45.23:696][  0]LogTemp: Display: Loaded TP TVOSTargetPlatform
[2018.01.24-13.45.23:774][  0]LogTemp: Display: Loaded TP LinuxClientTargetPlatform
[2018.01.24-13.45.23:847][  0]LogTemp: Display: Loaded TP LinuxNoEditorTargetPlatform
[2018.01.24-13.45.23:920][  0]LogTemp: Display: Loaded TP LinuxServerTargetPlatform
[2018.01.24-13.45.23:996][  0]LogTemp: Display: Loaded TP LinuxTargetPlatform
[2018.01.24-13.45.23:996][  0]LogTargetPlatformManager: Display: Building Assets For Windows
[2018.01.24-13.45.24:807][  0]LogDerivedDataCache: Display: Max Cache Size: 512 MB
[2018.01.24-13.45.24:898][  0]LogDerivedDataCache: Loaded boot cache 0.09s 79MB C:/Users/choiw/AppData/Local/UnrealEngine/4.18/DerivedDataCache/Boot.ddc.
[2018.01.24-13.45.24:899][  0]LogDerivedDataCache: Display: Loaded Boot cache: C:/Users/choiw/AppData/Local/UnrealEngine/4.18/DerivedDataCache/Boot.ddc
[2018.01.24-13.45.24:899][  0]LogDerivedDataCache: FDerivedDataBackendGraph:  Pak pak cache file D:/20180120/set/main/DerivedDataCache/DDC.ddp not found, will not use a pak cache.
[2018.01.24-13.45.24:899][  0]LogDerivedDataCache: Unable to find inner node Pak for hierarchical cache Hierarchy.
[2018.01.24-13.45.24:899][  0]LogDerivedDataCache: FDerivedDataBackendGraph:  CompressedPak pak cache file D:/20180120/set/main/DerivedDataCache/Compressed.ddp not found, will not use a pak cache.
[2018.01.24-13.45.24:899][  0]LogDerivedDataCache: Unable to find inner node CompressedPak for hierarchical cache Hierarchy.
[2018.01.24-13.45.24:920][  0]LogDerivedDataCache: Display: Pak cache opened for reading ../../../Engine/DerivedDataCache/Compressed.ddp.
[2018.01.24-13.45.24:932][  0]LogDerivedDataCache: Using Local data cache path C:/Users/choiw/AppData/Local/UnrealEngine/Common/DerivedDataCache: Writable
[2018.01.24-13.45.24:944][  0]LogMaterial: Verifying Global Shaders for PCD3D_SM5
[2018.01.24-13.45.24:944][  0]LogSlate: Using Freetype 2.6.0
[2018.01.24-13.45.24:952][  0]LogSlate: SlateFontCache - WITH_FREETYPE: 1, WITH_HARFBUZZ: 1
[2018.01.24-13.45.24:952][  0]LogSlate: SlateFontCache - WITH_FREETYPE: 1, WITH_HARFBUZZ: 1
[2018.01.24-13.45.25:527][  0]LogInit: Selected Device Profile: [Windows]
[2018.01.24-13.45.26:114][  0]LogSimplygon: Simplygon DLL not present - disabling.
[2018.01.24-13.45.26:176][  0]LogMeshReduction: Using SimplygonSwarm for distributed automatic mesh merging
[2018.01.24-13.45.26:176][  0]LogMeshReduction: Using QuadricMeshReduction for automatic static mesh reduction
[2018.01.24-13.45.26:176][  0]LogMeshReduction: No automatic skeletal mesh reduction module available
[2018.01.24-13.45.26:176][  0]LogMeshReduction: No automatic mesh merging module available
[2018.01.24-13.45.26:176][  0]LogMeshMerging: No automatic mesh merging module available
[2018.01.24-13.45.26:230][  0]LogNetVersion: main , NetCL: 3709383, EngineNetVer: 2, GameNetVer: 0 (Checksum: 1998149536)
[2018.01.24-13.45.26:649][  0]LogAssetRegistry: FAssetRegistry took 0.0261 seconds to start up
[2018.01.24-13.45.27:667][  0]LogPackageLocalizationCache: Processed 7 localized package path(s) for 2 prioritized culture(s) in 0.075042 seconds
[2018.01.24-13.45.27:673][  0]LogUObjectArray: 35907 objects as part of root set at end of initial load.
[2018.01.24-13.45.27:673][  0]LogUObjectAllocator: 7585952 out of 0 bytes used by permanent object pool.
[2018.01.24-13.45.27:673][  0]LogUObjectArray: CloseDisregardForGC: 0/0 objects in disregard for GC pool
[2018.01.24-13.45.33:501][  0]LogTcpMessaging: Initializing TcpMessaging bridge
[2018.01.24-13.45.33:558][  0]LogUdpMessaging: Initializing bridge on interface 0.0.0.0:0 to multicast group 230.0.0.1:6666.
[2018.01.24-13.45.34:748][  0]LogBlueprint: Warning: [Compiler ThirdPersonCharacter] 입력 액션 이벤트가  click 입력 액션  에 대한 미확인 'click' 액션을 레퍼런싱합니다.
[2018.01.24-13.45.34:768][  0]LogBlueprint: Warning: [Compiler ThirdPersonCharacter] [0023.20] ThirdPersonCharacter 컴파일에 성공했습니다만, 경고가 1 회 있습니다. [소요시간 43 ms] (/Game/ThirdPersonCPP/Blueprints/ThirdPersonCharacter.ThirdPersonCharacter)
[2018.01.24-13.45.35:231][  0]LogMaterial: Uniform references updated for custom material expression Custom.
[2018.01.24-13.45.35:923][  0]SourceControl: 소스 콘트롤이 꺼졌습니다.
[2018.01.24-13.45.35:923][  0]SourceControl: 소스 콘트롤이 꺼졌습니다.
[2018.01.24-13.45.35:999][  0]SourceControl: 소스 콘트롤이 꺼졌습니다.
[2018.01.24-13.45.36:076][  0]SourceControl: 소스 콘트롤이 꺼졌습니다.
[2018.01.24-13.45.37:188][  0]LogAndroidPermission: UAndroidPermissionCallbackProxy::GetInstance
[2018.01.24-13.45.37:582][  0]LogOcInput: OculusInput pre-init called
[2018.01.24-13.45.37:981][  0]LogEngine: Initializing Engine...
[2018.01.24-13.45.37:984][  0]LogHMD: Failed to initialize OpenVR with code 110
[2018.01.24-13.45.38:436][  0]LogStats: UGameplayTagsManager::ConstructGameplayTagTree: Construct from data asset -  0.000 s
[2018.01.24-13.45.38:436][  0]LogStats: UGameplayTagsManager::ConstructGameplayTagTree: GameplayTagTreeChangedEvent.Broadcast -  0.000 s
[2018.01.24-13.45.38:630][  0]LogAIModule: Creating AISystem for world Untitled
[2018.01.24-13.45.38:635][  0]LogInit: XAudio2 using '스피커(Realtek High Definition Audio)' : 2 channels at 48 kHz using 32 bits per sample (channel mask 0x3)
[2018.01.24-13.45.38:652][  0]LogInit: FAudioDevice initialized.
[2018.01.24-13.45.38:736][  0]LogDerivedDataCache: Saved boot cache 0.08s 79MB C:/Users/choiw/AppData/Local/UnrealEngine/4.18/DerivedDataCache/Boot.ddc.
[2018.01.24-13.45.38:756][  0]LogInit: Texture streaming: Enabled
[2018.01.24-13.45.38:908][  0]LogEngineSessionManager: EngineSessionManager initialized
[2018.01.24-13.45.39:134][  0]LogInit: Transaction tracking system initialized
[2018.01.24-13.45.39:638][  0]BlueprintLog: New page: 에디터 로드
[2018.01.24-13.45.41:106][  0]LocalizationService: 현지화 서비스가 비활성화되었습니다.
[2018.01.24-13.45.42:312][  0]LogConsoleResponse: Display: 
[2018.01.24-13.45.42:966][  0]LogCook: Display: Max memory allowance for cook 16384mb min free memory 0mb
[2018.01.24-13.45.42:966][  0]LogCook: Display: Mobile HDR setting 1
[2018.01.24-13.45.42:966][  0]LogGameplayTags: Display: UGameplayTagsManager::DoneAddingNativeTags. DelegateIsBound: 0
[2018.01.24-13.45.44:111][  0]LogFileCache: Scanning file cache for directory 'D:/20180120/set/main/Content/' took 0.15s
[2018.01.24-13.45.44:973][  0]SourceControl: 소스 콘트롤이 꺼졌습니다.
[2018.01.24-13.45.44:973][  0]Cmd: MAP LOAD FILE="D:/20180120/set/main/Content/pratice/wonseok/MultiPlay/Maps/MainMenu.umap" TEMPLATE=0 SHOWPROGRESS=1 FEATURELEVEL=3
[2018.01.24-13.45.44:979][  0]LightingResults: New page: 라이팅 빌드
[2018.01.24-13.45.45:040][  0]MapCheck: New page: 맵 체크
[2018.01.24-13.45.45:040][  0]LightingResults: New page: 라이팅 빌드
[2018.01.24-13.45.45:362][  0]LogAIModule: Creating AISystem for world MainMenu
[2018.01.24-13.45.45:365][  0]LogEditorServer: Finished looking for orphan Actors (0.000 secs)
[2018.01.24-13.45.45:376][  0]Cmd: MAP CHECKDEP NOCLEARLOG
[2018.01.24-13.45.45:442][  0]MapCheck: 맵 체크 완료: 오류 0 회, 경고 0 회, 소요 시간 66.088ms.
[2018.01.24-13.45.45:442][  0]LogFileHelpers: Loading map 'MainMenu' took 0.469
[2018.01.24-13.45.45:625][  0]LogCollectionManager: Loaded 0 collections in 0.001927 seconds
[2018.01.24-13.45.45:726][  0]LogFileCache: Scanning file cache for directory 'D:/20180120/set/main/Saved/Collections/' took 0.01s
[2018.01.24-13.45.45:727][  0]LogFileCache: Scanning file cache for directory 'D:/20180120/set/main/Content/Developers/choiw/Collections/' took 0.01s
[2018.01.24-13.45.45:727][  0]LogFileCache: Scanning file cache for directory 'D:/20180120/set/main/Content/Collections/' took 0.01s
[2018.01.24-13.45.45:727][  0]LogCollectionManager: Rebuilt the GUID cache for 0 collections in 0.000001 seconds
[2018.01.24-13.45.45:738][  0]LogContentBrowser: Native class hierarchy populated in 0.0116 seconds. Added 2367 classes and 524 folders.
[2018.01.24-13.45.45:845][  0]LogContentBrowser: Native class hierarchy updated for 'WidgetCarousel' in 0.0005 seconds. Added 0 classes and 0 folders.
[2018.01.24-13.45.46:177][  0]LogContentBrowser: Native class hierarchy updated for 'AddContentDialog' in 0.0005 seconds. Added 0 classes and 0 folders.
[2018.01.24-13.45.46:241][  0]LogContentBrowser: Native class hierarchy updated for 'SceneOutliner' in 0.0005 seconds. Added 1 classes and 2 folders.
[2018.01.24-13.45.46:358][  0]LogSlate: Took 0.005795 seconds to synchronously load lazily loaded font '../../../Engine/Content/Slate/Fonts/Roboto-Regular.ttf' (155K)
[2018.01.24-13.45.46:368][  0]LogSlate: Took 0.008887 seconds to synchronously load lazily loaded font '../../../Engine/Content/Slate/Fonts/NanumGothic.ttf' (4243K)
[2018.01.24-13.45.46:376][  0]LogSlate: Took 0.007472 seconds to synchronously load lazily loaded font '../../../Engine/Content/Slate/Fonts/Roboto-Bold.ttf' (160K)
[2018.01.24-13.45.46:386][  0]LogSlate: Took 0.006256 seconds to synchronously load lazily loaded font '../../../Engine/Content/Editor/Slate/Fonts/FontAwesome.ttf' (139K)
[2018.01.24-13.45.46:607][  0]LogRenderer: Reallocating scene render targets to support 980x456 Format 9 NumSamples 1 (Frame:1).
[2018.01.24-13.45.47:120][  0]LogContentBrowser: Native class hierarchy updated for 'HierarchicalLODOutliner' in 0.0005 seconds. Added 1 classes and 2 folders.
[2018.01.24-13.45.47:120][  0]LogLoad: (Engine Initialization) Total time: 35.55 seconds
[2018.01.24-13.45.47:120][  0]LogLoad: (Engine Initialization) Total Blueprint compile time: 0.00 seconds
[2018.01.24-13.45.47:120][  0]LogExternalProfiler: No external profilers were discovered.  External profiling features will not be available.
[2018.01.24-13.45.47:484][  0]LogContentStreaming: Texture pool size now 800 MB
[2018.01.24-13.45.47:550][  0]LogSlate: Took 0.004248 seconds to synchronously load lazily loaded font '../../../Engine/Content/Slate/Fonts/Roboto-Light.ttf' (159K)
[2018.01.24-13.45.49:130][  5]LogAssetRegistry: Asset discovery search completed in 22.5033 seconds
[2018.01.24-13.45.49:136][  5]LogCollectionManager: Rebuilt the object cache for 0 collections in 0.000000 seconds (found 0 objects)
[2018.01.24-13.45.49:136][  5]LogCollectionManager: Fixed up redirectors for 0 collections in 0.000057 seconds (updated 0 objects)
[2018.01.24-13.46.07:497][653]LogSlate: Took 0.000145 seconds to synchronously load lazily loaded font '../../../Engine/Content/Slate/Fonts/Roboto-Light.ttf' (159K)
[2018.01.24-13.46.08:003][653]LogContentBrowser: Native class hierarchy updated for 'BlueprintGraph' in 0.0009 seconds. Added 116 classes and 0 folders.
[2018.01.24-13.46.08:727][653]LogSlate: Took 0.000148 seconds to synchronously load lazily loaded font '../../../Engine/Content/Slate/Fonts/Roboto-Regular.ttf' (155K)
[2018.01.24-13.46.09:034][653]LogSlate: Took 0.005313 seconds to synchronously load lazily loaded font '../../../Engine/Content/Editor/Slate/Fonts/Roboto-BoldCondensed.ttf' (158K)
[2018.01.24-13.46.09:251][654]LogSlate: Took 0.009099 seconds to synchronously load lazily loaded font '../../../Engine/Content/Editor/Slate/Fonts/Roboto-Italic.ttf' (157K)
[2018.01.24-13.46.12:731][759]LogContentBrowser: Native class hierarchy updated for 'SkeletonEditor' in 0.0005 seconds. Added 1 classes and 2 folders.
[2018.01.24-13.46.13:057][759]LogActorComponent: RegisterComponentWithWorld: (/Engine/Transient.World_8:PersistentLevel.Actor_0.DebugSkelMeshComponent_0) Already registered. Aborting.
[2018.01.24-13.46.13:748][759]LogContentBrowser: Native class hierarchy updated for 'ClothingSystemEditorInterface' in 0.0006 seconds. Added 1 classes and 0 folders.
[2018.01.24-13.46.13:775][759]LogContentBrowser: Verbose: The majority of assets in the view are of type: AnimSequence
[2018.01.24-13.48.16:255][132]BlueprintLog: New page: mbpc 컴파일
[2018.01.24-13.48.58:657][357]BlueprintLog: New page: mbpc 컴파일
[2018.01.24-13.49.44:951][334]BlueprintLog: New page: mbpc 컴파일
[2018.01.24-13.50.02:862][211]LogBlueprint: Warning: [Compiler ThirdPersonCharacter_3] 입력 액션 이벤트가  click 입력 액션  에 대한 미확인 'click' 액션을 레퍼런싱합니다.
[2018.01.24-13.50.02:930][211]LogBlueprint: Warning: [Compiler ThirdPersonCharacter_3] [0291.36] ThirdPersonCharacter_3 컴파일에 성공했습니다만, 경고가 1 회 있습니다. [소요시간 171 ms] (/Game/pratice/wonseok/character/ThirdPersonCharacter_3.ThirdPersonCharacter_3)
[2018.01.24-13.51.28:108][284]LogActorComponent: RegisterComponentWithWorld: (/Engine/Transient.World_17:PersistentLevel.Actor_1.DebugSkelMeshComponent_2) Already registered. Aborting.
[2018.01.24-13.51.28:397][284]LogSkeletalMesh: USkeletalMeshComponent::InitArticulated : Bodies already created (/Engine/Transient.World_17:PersistentLevel.Actor_1.DebugSkelMeshComponent_2) - call TermArticulated first.
[2018.01.24-13.51.28:849][284]LogContentBrowser: Verbose: The majority of assets in the view are of type: AnimSequence
[2018.01.24-13.57.01:730][894]BlueprintLog: New page: MAnimation 컴파일
[2018.01.24-13.57.19:592][711]BlueprintLog: New page: MAnimation 컴파일
[2018.01.24-13.57.50:211][715]BlueprintLog: New page: MAnimation 컴파일
[2018.01.24-13.57.52:938][821]LogTemp: Repeating last play command: 새 에디터 창 (PIE)
[2018.01.24-13.57.53:157][821]LogBlueprintUserMessages: Early PlayInEditor Detection: Level '/Game/pratice/wonseok/MultiPlay/Maps/MainMenu.MainMenu:PersistentLevel' has LevelScriptBlueprint '/Game/pratice/wonseok/MultiPlay/Maps/MainMenu.MainMenu:PersistentLevel.MainMenu' with GeneratedClass '/Game/pratice/wonseok/MultiPlay/Maps/MainMenu.MainMenu_C' with ClassGeneratedBy '/Game/pratice/wonseok/MultiPlay/Maps/MainMenu.MainMenu:PersistentLevel.MainMenu'
[2018.01.24-13.57.53:157][821]LogPlayLevel: PlayLevel: No blueprints needed recompiling
[2018.01.24-13.57.53:157][821]LogOnline: Display: OSS: FOnlineSubsystemNull::Shutdown()
[2018.01.24-13.57.53:157][821]LogOnline: Display: OSS: FOnlineAsyncTaskManager::Stop() ActiveTask:0000000000000000 Tasks[0/0]
[2018.01.24-13.57.53:158][821]LogOnline: Display: OSS: FOnlineAsyncTaskManager::Exit() started
[2018.01.24-13.57.53:158][821]LogOnline: Display: OSS: FOnlineAsyncTaskManager::Exit() finished
[2018.01.24-13.57.53:158][821]LogOnline: Warning: STEAM: Steam API disabled!
[2018.01.24-13.57.53:158][821]LogOnline: Display: STEAM: OnlineSubsystemSteam::Shutdown()
[2018.01.24-13.57.53:171][821]PIE: New page: PIE 세션: MainMenu (2018. 1. 25. 오전 7:57:53)
[2018.01.24-13.57.53:171][821]LogPlayLevel: Creating play world package: /Game/pratice/wonseok/MultiPlay/Maps/UEDPIE_1_MainMenu
[2018.01.24-13.57.53:172][821]LogPlayLevel: PIE: StaticDuplicateObject took: (0.000899s)
[2018.01.24-13.57.53:173][821]LogAIModule: Creating AISystem for world MainMenu
[2018.01.24-13.57.53:173][821]LogPlayLevel: PIE: World Init took: (0.000758s)
[2018.01.24-13.57.53:173][821]LogPlayLevel: PIE: Created PIE world by copying editor world from /Game/pratice/wonseok/MultiPlay/Maps/MainMenu.MainMenu to /Game/pratice/wonseok/MultiPlay/Maps/UEDPIE_1_MainMenu.MainMenu (0.002004s)
[2018.01.24-13.57.53:196][821]LogInit: XAudio2 using '스피커(Realtek High Definition Audio)' : 2 channels at 48 kHz using 32 bits per sample (channel mask 0x3)
[2018.01.24-13.57.53:209][821]LogInit: FAudioDevice initialized.
[2018.01.24-13.57.53:349][821]LogLoad: Game class is 'mainGameMode'
[2018.01.24-13.57.53:350][821]LogWorld: Bringing World /Game/pratice/wonseok/MultiPlay/Maps/UEDPIE_1_MainMenu.MainMenu up for play (max tick rate 60) at 2018.01.24-22.57.53
[2018.01.24-13.57.53:350][821]LogWorld: Bringing up level for play took: 0.000627
[2018.01.24-13.57.53:464][821]LogContentBrowser: Native class hierarchy updated for 'MovieSceneCapture' in 0.0006 seconds. Added 11 classes and 0 folders.
[2018.01.24-13.57.53:467][821]LogTemp: Display: ParseSettings for GameNetDriver
[2018.01.24-13.57.53:467][821]LogTemp: Display: ParseSettings for IpNetDriver_0
[2018.01.24-13.57.53:467][821]LogTemp: Display: ParseSettings for GameNetDriver
[2018.01.24-13.57.53:468][821]LogInit: WinSock: Socket queue 131072 / 131072
[2018.01.24-13.57.53:468][821]LogInit: WinSock: I am DESKTOP-LOUV37F (192.168.0.8:0)
[2018.01.24-13.57.53:468][821]PacketHandlerLog: Loaded PacketHandler component: Engine.EngineHandlerComponentFactory (StatelessConnectHandlerComponent)
[2018.01.24-13.57.53:468][821]LogNet: GameNetDriver IpNetDriver_0 IpNetDriver listening on port 17777
[2018.01.24-13.57.53:491][821]PIE: /Game/pratice/wonseok/MultiPlay/Maps/UEDPIE_1_MainMenu 에 대한 에디터에서 플레이 시작 시간: -0.125
[2018.01.24-13.57.53:495][821]PIE: New page: PIE 세션: MainMenu (2018. 1. 25. 오전 7:57:53)
[2018.01.24-13.57.53:596][821]LogNet: Browse: 127.0.0.1:17777//Game/pratice/wonseok/MultiPlay/Maps/MainMenu
[2018.01.24-13.57.53:596][821]LogTemp: Display: ParseSettings for GameNetDriver
[2018.01.24-13.57.53:596][821]LogTemp: Display: ParseSettings for IpNetDriver_1
[2018.01.24-13.57.53:596][821]LogTemp: Display: ParseSettings for PendingNetDriver
[2018.01.24-13.57.53:596][821]LogInit: WinSock: Socket queue 32768 / 32768
[2018.01.24-13.57.53:597][821]PacketHandlerLog: Loaded PacketHandler component: Engine.EngineHandlerComponentFactory (StatelessConnectHandlerComponent)
[2018.01.24-13.57.53:597][821]LogNet: Game client on port 17777, rate 10000
[2018.01.24-13.57.53:602][821]PIE: /Game/pratice/wonseok/MultiPlay/Maps/MainMenu 에 대한 에디터에서 플레이 시작 시간: -0.013
[2018.01.24-13.57.53:620][821]LogBlueprintUserMessages: Late PlayInEditor Detection: Level '/Game/pratice/wonseok/MultiPlay/Maps/MainMenu.MainMenu:PersistentLevel' has LevelScriptBlueprint '/Game/pratice/wonseok/MultiPlay/Maps/MainMenu.MainMenu:PersistentLevel.MainMenu' with GeneratedClass '/Game/pratice/wonseok/MultiPlay/Maps/MainMenu.MainMenu_C' with ClassGeneratedBy '/Game/pratice/wonseok/MultiPlay/Maps/MainMenu.MainMenu:PersistentLevel.MainMenu'
[2018.01.24-13.57.53:624][821]LogNet: NotifyAcceptingConnection accepted from: 127.0.0.1:53762
[2018.01.24-13.57.53:624][821]LogHandshake: SendConnectChallenge. Timestamp: 0.039745, Cookie: 194195039112003065040043223182121045088058124069018030012211
[2018.01.24-13.57.53:669][821]LogHandshake: SendChallengeResponse. Timestamp: 0.039745, Cookie: 194195039112003065040043223182121045088058124069018030012211
[2018.01.24-13.57.53:818][822]LogNet: NotifyAcceptingConnection accepted from: 127.0.0.1:53762
[2018.01.24-13.57.53:818][822]LogHandshake: SendChallengeAck. InCookie: 194195039112003065040043223182121045088058124069018030012211
[2018.01.24-13.57.53:819][822]LogNet: Server accepting post-challenge connection from: 127.0.0.1:53762
[2018.01.24-13.57.53:819][822]PacketHandlerLog: Loaded PacketHandler component: Engine.EngineHandlerComponentFactory (StatelessConnectHandlerComponent)
[2018.01.24-13.57.53:819][822]LogNet: NotifyAcceptedConnection: Name: MainMenu, TimeStamp: 01/24/18 22:57:53, [UNetConnection] RemoteAddr: 127.0.0.1:53762, Name: IpConnection_1, Driver: GameNetDriver IpNetDriver_0, IsServer: YES, PC: NULL, Owner: NULL
[2018.01.24-13.57.53:819][822]LogNet: AddClientConnection: Added client connection: [UNetConnection] RemoteAddr: 127.0.0.1:53762, Name: IpConnection_1, Driver: GameNetDriver IpNetDriver_0, IsServer: YES, PC: NULL, Owner: NULL
[2018.01.24-13.57.53:820][822]LogNetVersion: main 1.0.0.0, NetCL: 3709383, EngineNetVer: 2, GameNetVer: 0 (Checksum: 285256623)
[2018.01.24-13.57.53:820][822]LogNet: UPendingNetGame::SendInitialJoin: Sending hello. [UNetConnection] RemoteAddr: 127.0.0.1:17777, Name: IpConnection_0, Driver: PendingNetDriver IpNetDriver_1, IsServer: NO, PC: NULL, Owner: NULL
[2018.01.24-13.57.53:824][822]LogBlueprintUserMessages: Early EndPlayMap Detection: Level '/Game/pratice/wonseok/MultiPlay/Maps/MainMenu.MainMenu:PersistentLevel' has LevelScriptBlueprint '/Game/pratice/wonseok/MultiPlay/Maps/MainMenu.MainMenu:PersistentLevel.MainMenu' with GeneratedClass '/Game/pratice/wonseok/MultiPlay/Maps/MainMenu.MainMenu_C' with ClassGeneratedBy '/Game/pratice/wonseok/MultiPlay/Maps/MainMenu.MainMenu:PersistentLevel.MainMenu'
[2018.01.24-13.57.53:885][822]LogOnline: Warning: OSS: No game present to leave for session (GameSession)
[2018.01.24-13.57.53:950][822]LogOnline: Display: OSS: FOnlineSubsystemNull::Shutdown()
[2018.01.24-13.57.53:950][822]LogOnline: Display: OSS: FOnlineAsyncTaskManager::Stop() ActiveTask:0000000000000000 Tasks[0/0]
[2018.01.24-13.57.53:951][822]LogOnline: Display: OSS: FOnlineAsyncTaskManager::Exit() started
[2018.01.24-13.57.53:951][822]LogOnline: Display: OSS: FOnlineAsyncTaskManager::Exit() finished
[2018.01.24-13.57.53:951][822]LogPlayLevel: Display: Shutting down PIE online subsystems
[2018.01.24-13.57.53:951][822]LogBlueprintUserMessages: Late EndPlayMap Detection: Level '/Game/pratice/wonseok/MultiPlay/Maps/MainMenu.MainMenu:PersistentLevel' has LevelScriptBlueprint '/Game/pratice/wonseok/MultiPlay/Maps/MainMenu.MainMenu:PersistentLevel.MainMenu' with GeneratedClass '/Game/pratice/wonseok/MultiPlay/Maps/MainMenu.MainMenu_C' with ClassGeneratedBy '/Game/pratice/wonseok/MultiPlay/Maps/MainMenu.MainMenu:PersistentLevel.MainMenu'
[2018.01.24-13.57.53:977][822]LogNet: UChannel::CleanUp: ChIndex == 0. Closing connection. [UChannel] ChIndex: 0, Closing: 0 [UNetConnection] RemoteAddr: 127.0.0.1:17777, Name: IpConnection_0, Driver: PendingNetDriver IpNetDriver_1, IsServer: NO, PC: NULL, Owner: NULL
[2018.01.24-13.57.53:977][822]LogNet: UNetConnection::Close: [UNetConnection] RemoteAddr: 127.0.0.1:17777, Name: IpConnection_0, Driver: PendingNetDriver IpNetDriver_1, IsServer: NO, PC: NULL, Owner: NULL, Channels: 2, Time: 2018.01.24-13.57.53
[2018.01.24-13.57.53:977][822]LogNet: UChannel::Close: Sending CloseBunch. ChIndex == 0. Name: [UChannel] ChIndex: 0, Closing: 0 [UNetConnection] RemoteAddr: 127.0.0.1:17777, Name: IpConnection_0, Driver: PendingNetDriver IpNetDriver_1, IsServer: NO, PC: NULL, Owner: NULL
[2018.01.24-13.57.53:980][822]LogNet: UNetConnection::Cleanup: Closing open connection. [UNetConnection] RemoteAddr: 127.0.0.1:53762, Name: None, Driver: GameNetDriver None, IsServer: YES, PC: NULL, Owner: NULL
[2018.01.24-13.57.53:980][822]LogNet: UNetConnection::Close: [UNetConnection] RemoteAddr: 127.0.0.1:53762, Name: None, Driver: GameNetDriver None, IsServer: YES, PC: NULL, Owner: NULL, Channels: 0, Time: 2018.01.24-13.57.53
[2018.01.24-13.57.53:981][822]LogExit: PendingNetDriver None shut down
[2018.01.24-13.57.53:982][822]LogExit: GameNetDriver None shut down
[2018.01.24-13.57.54:010][823]LogPlayLevel: Display: Destroying online subsystem :Context_20
[2018.01.24-13.57.54:010][823]LogOnline: Display: OSS: FOnlineSubsystemNull::Shutdown()
[2018.01.24-13.57.58:314][992]LogAIModule: Creating AISystem for world mappp
[2018.01.24-13.57.59:605][992]Cmd: OBJ SAVEPACKAGE PACKAGE="/Game/pratice/wonseok/character/ThirdPersonCharacter_3" FILE="D:/20180120/set/main/Content/pratice/wonseok/character/ThirdPersonCharacter_3.uasset" SILENT=true
[2018.01.24-13.58.00:369][992]LogSavePackage: Save=741.84ms
[2018.01.24-13.58.00:369][992]LogSavePackage: Moving 'D:/20180120/set/main/Saved/ThirdPersonCharacter_35FAB3A4443DE768304F823811E03AA1C.tmp' to 'D:/20180120/set/main/Content/pratice/wonseok/character/ThirdPersonCharacter_3.uasset'
[2018.01.24-13.58.00:374][992]LogSavePackage: Display: Finished SavePackage D:/20180120/set/main/Content/pratice/wonseok/character/ThirdPersonCharacter_3.uasset
[2018.01.24-13.58.00:508][992]LogSavePackage: Save=98.87ms
[2018.01.24-13.58.00:508][992]LogSavePackage: Moving 'D:/20180120/set/main/Saved/MAnimationC30E91BE451D1F77359C77AFA3512AF2.tmp' to 'D:/20180120/set/main/Content/pratice/wonseok/MultiPlay/BluePrints/Character/MAnimation.uasset'
[2018.01.24-13.58.00:510][992]LogSavePackage: Display: Finished SavePackage D:/20180120/set/main/Content/pratice/wonseok/MultiPlay/BluePrints/Character/MAnimation.uasset
[2018.01.24-13.58.00:522][992]Cmd: OBJ SAVEPACKAGE PACKAGE="/Game/pratice/wonseok/MultiPlay/BluePrints/Character/mbpc" FILE="D:/20180120/set/main/Content/pratice/wonseok/MultiPlay/BluePrints/Character/mbpc.uasset" SILENT=true
[2018.01.24-13.58.00:829][992]LogSavePackage: Save=285.72ms
[2018.01.24-13.58.00:829][992]LogSavePackage: Moving 'D:/20180120/set/main/Saved/mbpc1F38D7D246A0688200DF3CB1B1D48ECD.tmp' to 'D:/20180120/set/main/Content/pratice/wonseok/MultiPlay/BluePrints/Character/mbpc.uasset'
[2018.01.24-13.58.00:832][992]LogSavePackage: Display: Finished SavePackage D:/20180120/set/main/Content/pratice/wonseok/MultiPlay/BluePrints/Character/mbpc.uasset
[2018.01.24-13.58.00:833][992]Cmd: MAP LOAD FILE="D:/20180120/set/main/Content/pratice/wonseok/MultiPlay/Maps/mappp.umap" TEMPLATE=0 SHOWPROGRESS=1 FEATURELEVEL=3
[2018.01.24-13.58.00:833][992]LightingResults: New page: 라이팅 빌드
[2018.01.24-13.58.00:835][992]LoadErrors: New page: 맵 로드중: mappp.umap
[2018.01.24-13.58.00:835][992]MapCheck: New page: 맵 체크
[2018.01.24-13.58.00:835][992]LightingResults: New page: 라이팅 빌드
[2018.01.24-13.58.00:949][992]LogEditorServer: Finished looking for orphan Actors (0.000 secs)
[2018.01.24-13.58.01:031][992]Cmd: MAP CHECKDEP NOCLEARLOG
[2018.01.24-13.58.01:136][992]MapCheck: 맵 체크 완료: 오류 0 회, 경고 0 회, 소요 시간 104.53ms.
[2018.01.24-13.58.01:136][992]LogFileHelpers: Loading map 'mappp' took 0.304
[2018.01.24-13.58.09:604][ 98]LogPlayLevel: PlayLevel: No blueprints needed recompiling
[2018.01.24-13.58.09:604][ 98]PIE: New page: PIE 세션: mappp (2018. 1. 25. 오전 7:58:09)
[2018.01.24-13.58.09:605][ 98]LogPlayLevel: Creating play world package: /Game/pratice/wonseok/MultiPlay/Maps/UEDPIE_0_mappp
[2018.01.24-13.58.09:612][ 98]LogPlayLevel: PIE: StaticDuplicateObject took: (0.006971s)
[2018.01.24-13.58.09:613][ 98]LogAIModule: Creating AISystem for world mappp
[2018.01.24-13.58.09:613][ 98]LogPlayLevel: PIE: World Init took: (0.001139s)
[2018.01.24-13.58.09:613][ 98]LogPlayLevel: PIE: Created PIE world by copying editor world from /Game/pratice/wonseok/MultiPlay/Maps/mappp.mappp to /Game/pratice/wonseok/MultiPlay/Maps/UEDPIE_0_mappp.mappp (0.008589s)
[2018.01.24-13.58.09:637][ 98]LogInit: XAudio2 using '스피커(Realtek High Definition Audio)' : 2 channels at 48 kHz using 32 bits per sample (channel mask 0x3)
[2018.01.24-13.58.09:649][ 98]LogInit: FAudioDevice initialized.
[2018.01.24-13.58.09:679][ 98]LogLoad: Game class is 'MtestMode_C'
[2018.01.24-13.58.09:681][ 98]LogWorld: Bringing World /Game/pratice/wonseok/MultiPlay/Maps/UEDPIE_0_mappp.mappp up for play (max tick rate 60) at 2018.01.24-22.58.09
[2018.01.24-13.58.09:681][ 98]LogWorld: Bringing up level for play took: 0.000608
[2018.01.24-13.58.09:696][ 98]PIE: /Game/pratice/wonseok/MultiPlay/Maps/UEDPIE_0_mappp 에 대한 에디터에서 플레이 시작 시간: 0.08
[2018.01.24-13.58.51:465][599]LogOnline: Display: OSS: FOnlineSubsystemNull::Shutdown()
[2018.01.24-13.58.51:465][599]LogOnline: Display: OSS: FOnlineAsyncTaskManager::Stop() ActiveTask:0000000000000000 Tasks[0/0]
[2018.01.24-13.58.51:466][599]LogOnline: Display: OSS: FOnlineAsyncTaskManager::Exit() started
[2018.01.24-13.58.51:466][599]LogOnline: Display: OSS: FOnlineAsyncTaskManager::Exit() finished
[2018.01.24-13.58.51:466][599]LogPlayLevel: Display: Shutting down PIE online subsystems
[2018.01.24-13.58.51:542][602]LogPlayLevel: Display: Destroying online subsystem :Context_22
[2018.01.24-13.58.51:542][602]LogOnline: Display: OSS: FOnlineSubsystemNull::Shutdown()
[2018.01.24-13.59.01:239][ 26]LogRenderer: Reallocating scene render targets to support 980x524 Format 9 NumSamples 1 (Frame:1).
[2018.01.24-14.00.05:047][371]BlueprintLog: New page: mbpc 컴파일
[2018.01.24-14.00.16:987][975]BlueprintLog: New page: mbpc 컴파일
[2018.01.24-14.01.49:106][489]LogAnimationCompression: Building Anim DDC data for AnimSequence /Game/pratice/wonseok/character/animation/jump.jump
[2018.01.24-14.01.49:106][489]LogAnimationCompression: Recompressing (AnimSequence /Game/pratice/wonseok/character/animation/jump.jump) using current/default (AnimCompress_BitwiseCompressOnly_0) bFirstRecompressUsingCurrentOrDefault(1) bTryAlternateCompressor(0) IsCompressedDataValid(0)
[2018.01.24-14.01.49:663][505]LogAnimationCompression: Building Anim DDC data for AnimSequence /Game/pratice/wonseok/character/animation/right_turn_90.right_turn_90
[2018.01.24-14.01.49:663][505]LogAnimationCompression: Recompressing (AnimSequence /Game/pratice/wonseok/character/animation/right_turn_90.right_turn_90) using current/default (AnimCompress_BitwiseCompressOnly_0) bFirstRecompressUsingCurrentOrDefault(1) bTryAlternateCompressor(0) IsCompressedDataValid(0)
[2018.01.24-14.01.50:115][518]LogAnimationCompression: Building Anim DDC data for AnimSequence /Game/pratice/wonseok/character/animation/left_turn_90.left_turn_90
[2018.01.24-14.01.50:116][518]LogAnimationCompression: Recompressing (AnimSequence /Game/pratice/wonseok/character/animation/left_turn_90.left_turn_90) using current/default (AnimCompress_BitwiseCompressOnly_0) bFirstRecompressUsingCurrentOrDefault(1) bTryAlternateCompressor(0) IsCompressedDataValid(0)
[2018.01.24-14.02.09:914][285]LogActorComponent: RegisterComponentWithWorld: (/Engine/Transient.World_19:PersistentLevel.Actor_2.DebugSkelMeshComponent_4) Already registered. Aborting.
[2018.01.24-14.02.09:963][285]LogSkeletalMesh: USkeletalMeshComponent::InitArticulated : Bodies already created (/Engine/Transient.World_19:PersistentLevel.Actor_2.DebugSkelMeshComponent_4) - call TermArticulated first.
[2018.01.24-14.02.10:405][285]LogContentBrowser: Verbose: The majority of assets in the view are of type: AnimSequence
[2018.01.24-14.02.11:288][334]LogAnimationCompression: Building Anim DDC data for AnimSequence /Game/pratice/wonseok/character/animation/greatsword/great_sword_strafe__4_.great_sword_strafe__4_
[2018.01.24-14.02.11:288][334]LogAnimationCompression: Recompressing (AnimSequence /Game/pratice/wonseok/character/animation/greatsword/great_sword_strafe__4_.great_sword_strafe__4_) using current/default (AnimCompress_BitwiseCompressOnly_0) bFirstRecompressUsingCurrentOrDefault(1) bTryAlternateCompressor(0) IsCompressedDataValid(0)
[2018.01.24-14.03.07:711][116]BlueprintLog: New page: mbpc 컴파일
[2018.01.24-14.03.35:430][460]LogActorComponent: RegisterComponentWithWorld: (/Engine/Transient.World_26:PersistentLevel.Actor_3.DebugSkelMeshComponent_11) Already registered. Aborting.
[2018.01.24-14.03.35:884][460]LogContentBrowser: Verbose: The majority of assets in the view are of type: AnimSequence
[2018.01.24-14.03.40:865][723]LogActorComponent: RegisterComponentWithWorld: (/Engine/Transient.World_29:PersistentLevel.Actor_4.DebugSkelMeshComponent_14) Already registered. Aborting.
[2018.01.24-14.03.41:210][724]LogRenderer: Reallocating scene render targets to support 980x672 Format 9 NumSamples 1 (Frame:1).
[2018.01.24-14.05.01:184][755]LogSlate: Took 0.000182 seconds to synchronously load lazily loaded font '../../../Engine/Content/Slate/Fonts/Roboto-Light.ttf' (159K)
[2018.01.24-14.07.40:879][741]BlueprintLog: New page: mbpc 컴파일
[2018.01.24-14.07.42:969][779]LogActorComponent: UnregisterComponent: (/Engine/Transient.EditorFloorComp) Not registered. Aborting.
[2018.01.24-14.07.43:872][779]Cmd: OBJ SAVEPACKAGE PACKAGE="/Game/pratice/wonseok/MultiPlay/Maps/mappp" FILE="D:/20180120/set/main/Content/pratice/wonseok/MultiPlay/Maps/mappp.umap" SILENT=true AUTOSAVING=false KEEPDIRTY=false
[2018.01.24-14.07.43:962][779]LogSavePackage: Save=32.46ms
[2018.01.24-14.07.43:962][779]LogSavePackage: Moving 'D:/20180120/set/main/Saved/mappp2E64AC72468CCEDFA3B7AE85F52EA4F6.tmp' to 'D:/20180120/set/main/Content/pratice/wonseok/MultiPlay/Maps/mappp.umap'
[2018.01.24-14.07.43:963][779]LogSavePackage: Display: Finished SavePackage D:/20180120/set/main/Content/pratice/wonseok/MultiPlay/Maps/mappp.umap
[2018.01.24-14.07.46:301][843]LogSavePackage: Save=7.67ms
[2018.01.24-14.07.46:301][843]LogSavePackage: Moving 'D:/20180120/set/main/Saved/SK_Mannequin_Skeleton7AA40239431507DF6AC47F83D12A8393.tmp' to 'D:/20180120/set/main/Content/InfinityBladeWarriors/Character/CompleteCharacters/SK_Mannequin_Skeleton.uasset'
[2018.01.24-14.07.46:303][843]LogSavePackage: Display: Finished SavePackage D:/20180120/set/main/Content/InfinityBladeWarriors/Character/CompleteCharacters/SK_Mannequin_Skeleton.uasset
[2018.01.24-14.07.46:322][843]Cmd: OBJ SAVEPACKAGE PACKAGE="/Game/pratice/wonseok/MultiPlay/BluePrints/Character/mbpc" FILE="D:/20180120/set/main/Content/pratice/wonseok/MultiPlay/BluePrints/Character/mbpc.uasset" SILENT=true
[2018.01.24-14.07.46:598][843]LogSavePackage: Save=242.73ms
[2018.01.24-14.07.46:598][843]LogSavePackage: Moving 'D:/20180120/set/main/Saved/mbpcDF8CDD43411C2366849A2FA15BE4E576.tmp' to 'D:/20180120/set/main/Content/pratice/wonseok/MultiPlay/BluePrints/Character/mbpc.uasset'
[2018.01.24-14.07.46:600][843]LogSavePackage: Display: Finished SavePackage D:/20180120/set/main/Content/pratice/wonseok/MultiPlay/BluePrints/Character/mbpc.uasset
[2018.01.24-14.07.46:762][843]LogWindowsTextInputMethodSystem: Display: IME system now activated using TSF (Microsoft 입력기).
[2018.01.24-14.07.47:011][844]Cmd: QUIT_EDITOR
[2018.01.24-14.07.47:574][844]LogExit: Preparing to exit.
[2018.01.24-14.07.48:507][844]LogExit: Editor shut down
[2018.01.24-14.07.48:513][844]LogExit: Transaction tracking system shut down
[2018.01.24-14.07.48:689][844]LogDirectoryWatcher: A directory notification for '../../../Engine/Content/' was aborted.
[2018.01.24-14.07.48:689][844]LogDirectoryWatcher: A directory notification for 'D:/20180120/set/main/Content/' was aborted.
[2018.01.24-14.07.48:689][844]LogDirectoryWatcher: A directory notification for '../../../Engine/Plugins/2D/Paper2D/Content/' was aborted.
[2018.01.24-14.07.48:689][844]LogDirectoryWatcher: A directory notification for '../../../Engine/Plugins/Media/MediaCompositing/Content/' was aborted.
[2018.01.24-14.07.48:689][844]LogDirectoryWatcher: A directory notification for '../../../Engine/Plugins/Runtime/AppleARKit/Content/' was aborted.
[2018.01.24-14.07.48:689][844]LogDirectoryWatcher: A directory notification for '../../../Engine/Plugins/Runtime/Oculus/OculusVR/Content/' was aborted.
[2018.01.24-14.07.48:689][844]LogDirectoryWatcher: A directory notification for '../../../Engine/Plugins/Runtime/Steam/SteamVR/Content/' was aborted.
[2018.01.24-14.07.48:811][844]LogExit: Object subsystem successfully closed.
[2018.01.24-14.07.48:833][844]LogD3D11RHI: Shutdown
[2018.01.24-14.07.48:833][844]LogD3D11RHI: CleanupD3DDevice
[2018.01.24-14.07.48:837][844]LogD3D11RHI: ~FD3D11DynamicRHI
[2018.01.24-14.07.48:857][844]LogModuleManager: Shutting down and abandoning module HierarchicalLODUtilities (570)
[2018.01.24-14.07.48:857][844]LogModuleManager: Shutting down and abandoning module AnimationEditor (568)
[2018.01.24-14.07.48:857][844]LogModuleManager: Shutting down and abandoning module MovieSceneCapture (564)
[2018.01.24-14.07.48:857][844]LogModuleManager: Shutting down and abandoning module Voice (562)
[2018.01.24-14.07.48:857][844]LogModuleManager: Shutting down and abandoning module ClothingSystemEditorInterface (560)
[2018.01.24-14.07.48:857][844]LogModuleManager: Shutting down and abandoning module SkeletonEditor (558)
[2018.01.24-14.07.48:857][844]LogModuleManager: Shutting down and abandoning module AnimationBlueprintEditor (556)
[2018.01.24-14.07.48:857][844]LogModuleManager: Shutting down and abandoning module BlueprintGraph (554)
[2018.01.24-14.07.48:857][844]LogModuleManager: Shutting down and abandoning module HierarchicalLODOutliner (552)
[2018.01.24-14.07.48:857][844]LogModuleManager: Shutting down and abandoning module DesktopPlatform (550)
[2018.01.24-14.07.48:857][844]LogModuleManager: Shutting down and abandoning module SceneOutliner (548)
[2018.01.24-14.07.48:857][844]LogModuleManager: Shutting down and abandoning module AddContentDialog (546)
[2018.01.24-14.07.48:858][844]LogDirectoryWatcher: A directory notification for 'C:/Program Files/Epic Games/UE_4.18/FeaturePacks/' was aborted.
[2018.01.24-14.07.48:858][844]LogModuleManager: Shutting down and abandoning module WidgetCarousel (545)
[2018.01.24-14.07.48:858][844]LogModuleManager: Shutting down and abandoning module EditorWidgets (542)
[2018.01.24-14.07.48:858][844]LogModuleManager: Shutting down and abandoning module CollectionManager (540)
[2018.01.24-14.07.48:858][844]LogDirectoryWatcher: A directory notification for 'D:/20180120/set/main/Content/Collections/' was aborted.
[2018.01.24-14.07.48:858][844]LogDirectoryWatcher: A directory notification for 'D:/20180120/set/main/Content/Developers/choiw/Collections/' was aborted.
[2018.01.24-14.07.48:859][844]LogDirectoryWatcher: A directory notification for 'D:/20180120/set/main/Saved/Collections/' was aborted.
[2018.01.24-14.07.48:859][844]LogModuleManager: Shutting down and abandoning module StatsViewer (538)
[2018.01.24-14.07.48:859][844]LogModuleManager: Shutting down and abandoning module FoliageEdit (536)
[2018.01.24-14.07.48:859][844]LogModuleManager: Shutting down and abandoning module LandscapeEditor (534)
[2018.01.24-14.07.48:859][844]LogModuleManager: Shutting down and abandoning module MeshPaintMode (532)
[2018.01.24-14.07.48:859][844]LogModuleManager: Shutting down and abandoning module SceneDepthPickerMode (530)
[2018.01.24-14.07.48:859][844]LogModuleManager: Shutting down and abandoning module ActorPickerMode (528)
[2018.01.24-14.07.48:859][844]LogModuleManager: Shutting down and abandoning module GeometryMode (526)
[2018.01.24-14.07.48:859][844]LogModuleManager: Shutting down and abandoning module TextureAlignMode (524)
[2018.01.24-14.07.48:859][844]LogModuleManager: Shutting down and abandoning module BspMode (522)
[2018.01.24-14.07.48:859][844]LogModuleManager: Shutting down and abandoning module PIEPreviewDeviceProfileSelector (520)
[2018.01.24-14.07.48:859][844]LogModuleManager: Shutting down and abandoning module HardwareSurvey (518)
[2018.01.24-14.07.48:859][844]LogModuleManager: Shutting down and abandoning module SequenceRecorderSections (516)
[2018.01.24-14.07.48:859][844]LogModuleManager: Shutting down and abandoning module AutomationWorker (514)
[2018.01.24-14.07.48:859][844]LogModuleManager: Shutting down and abandoning module MatineeToLevelSequence (512)
[2018.01.24-14.07.48:859][844]LogModuleManager: Shutting down and abandoning module LevelSequenceEditor (510)
[2018.01.24-14.07.48:859][844]LogModuleManager: Shutting down and abandoning module PlacementMode (509)
[2018.01.24-14.07.48:859][844]LogModuleManager: Shutting down and abandoning module WmfMediaFactory (506)
[2018.01.24-14.07.48:859][844]LogModuleManager: Shutting down and abandoning module WmfMediaEditor (504)
[2018.01.24-14.07.48:859][844]LogModuleManager: Shutting down and abandoning module OpenExrWrapper (502)
[2018.01.24-14.07.48:859][844]LogModuleManager: Shutting down and abandoning module ImgMediaFactory (500)
[2018.01.24-14.07.48:859][844]LogModuleManager: Shutting down and abandoning module ImgMediaEditor (498)
[2018.01.24-14.07.48:859][844]LogModuleManager: Shutting down and abandoning module AvfMediaFactory (496)
[2018.01.24-14.07.48:859][844]LogModuleManager: Shutting down and abandoning module AvfMediaEditor (494)
[2018.01.24-14.07.48:859][844]LogModuleManager: Shutting down and abandoning module AndroidMediaFactory (492)
[2018.01.24-14.07.48:859][844]LogModuleManager: Shutting down and abandoning module AndroidMediaEditor (490)
[2018.01.24-14.07.48:859][844]LogModuleManager: Shutting down and abandoning module CharacterAI (488)
[2018.01.24-14.07.48:859][844]LogModuleManager: Shutting down and abandoning module AudioCapture (486)
[2018.01.24-14.07.48:859][844]LogModuleManager: Shutting down and abandoning module SequenceRecorder (485)
[2018.01.24-14.07.48:859][844]LogModuleManager: Shutting down and abandoning module SmartSnapping (482)
[2018.01.24-14.07.48:859][844]LogModuleManager: Shutting down and abandoning module SessionServices (480)
[2018.01.24-14.07.48:859][844]LogModuleManager: Shutting down and abandoning module ViewportSnapping (478)
[2018.01.24-14.07.48:859][844]LogModuleManager: Shutting down and abandoning module ViewportInteraction (476)
[2018.01.24-14.07.48:859][844]LogModuleManager: Shutting down and abandoning module ClothPainter (474)
[2018.01.24-14.07.48:859][844]LogModuleManager: Shutting down and abandoning module SkeletalMeshEditor (473)
[2018.01.24-14.07.48:859][844]LogModuleManager: Shutting down and abandoning module LogVisualizer (470)
[2018.01.24-14.07.48:859][844]LogModuleManager: Shutting down and abandoning module IntroTutorials (468)
[2018.01.24-14.07.48:860][844]LogModuleManager: Shutting down and abandoning module GameProjectGeneration (467)
[2018.01.24-14.07.48:860][844]LogModuleManager: Shutting down and abandoning module IOSPlatformEditor (464)
[2018.01.24-14.07.48:860][844]LogModuleManager: Shutting down and abandoning module HTML5PlatformEditor (462)
[2018.01.24-14.07.48:860][844]LogModuleManager: Shutting down and abandoning module AndroidPlatformEditor (460)
[2018.01.24-14.07.48:860][844]LogModuleManager: Shutting down and abandoning module AndroidDeviceDetection (459)
[2018.01.24-14.07.49:165][844]LogModuleManager: Shutting down and abandoning module WindowsPlatformEditor (456)
[2018.01.24-14.07.49:165][844]LogModuleManager: Shutting down and abandoning module IOSRuntimeSettings (454)
[2018.01.24-14.07.49:165][844]LogModuleManager: Shutting down and abandoning module AndroidRuntimeSettings (452)
[2018.01.24-14.07.49:165][844]LogModuleManager: Shutting down and abandoning module InputBindingEditor (450)
[2018.01.24-14.07.49:165][844]LogModuleManager: Shutting down and abandoning module MergeActors (448)
[2018.01.24-14.07.49:165][844]LogModuleManager: Shutting down and abandoning module SizeMap (446)
[2018.01.24-14.07.49:165][844]LogModuleManager: Shutting down and abandoning module TreeMap (444)
[2018.01.24-14.07.49:165][844]LogModuleManager: Shutting down and abandoning module ReferenceViewer (442)
[2018.01.24-14.07.49:165][844]LogModuleManager: Shutting down and abandoning module LocalizationDashboard (440)
[2018.01.24-14.07.49:165][844]LogModuleManager: Shutting down and abandoning module LocalizationService (439)
[2018.01.24-14.07.49:165][844]LogModuleManager: Shutting down and abandoning module HardwareTargeting (436)
[2018.01.24-14.07.49:165][844]LogModuleManager: Shutting down and abandoning module DeviceProfileEditor (434)
[2018.01.24-14.07.49:165][844]LogModuleManager: Shutting down and abandoning module UndoHistory (432)
[2018.01.24-14.07.49:166][844]LogModuleManager: Shutting down and abandoning module XmlParser (430)
[2018.01.24-14.07.49:166][844]LogModuleManager: Shutting down and abandoning module Blutility (428)
[2018.01.24-14.07.49:166][844]LogModuleManager: Shutting down and abandoning module ProjectSettingsViewer (426)
[2018.01.24-14.07.49:166][844]LogModuleManager: Shutting down and abandoning module ProjectTargetPlatformEditor (425)
[2018.01.24-14.07.49:166][844]LogModuleManager: Shutting down and abandoning module EditorSettingsViewer (422)
[2018.01.24-14.07.49:166][844]LogModuleManager: Shutting down and abandoning module SettingsEditor (420)
[2018.01.24-14.07.49:166][844]LogModuleManager: Shutting down and abandoning module ProjectLauncher (418)
[2018.01.24-14.07.49:166][844]LogModuleManager: Shutting down and abandoning module SessionFrontend (416)
[2018.01.24-14.07.49:166][844]LogModuleManager: Shutting down and abandoning module ProfilerClient (414)
[2018.01.24-14.07.49:166][844]LogModuleManager: Shutting down and abandoning module DeviceManager (412)
[2018.01.24-14.07.49:166][844]LogModuleManager: Shutting down and abandoning module TargetDeviceServices (411)
[2018.01.24-14.07.49:219][844]LogModuleManager: Shutting down and abandoning module AutomationController (408)
[2018.01.24-14.07.49:219][844]LogModuleManager: Shutting down and abandoning module AutomationWindow (406)
[2018.01.24-14.07.49:219][844]LogModuleManager: Shutting down and abandoning module Layers (404)
[2018.01.24-14.07.49:219][844]LogModuleManager: Shutting down and abandoning module ComponentVisualizers (402)
[2018.01.24-14.07.49:219][844]LogModuleManager: Shutting down and abandoning module DetailCustomizations (400)
[2018.01.24-14.07.49:219][844]LogModuleManager: Shutting down and abandoning module PackagesDialog (398)
[2018.01.24-14.07.49:220][844]LogModuleManager: Shutting down and abandoning module Persona (396)
[2018.01.24-14.07.49:220][844]LogModuleManager: Shutting down and abandoning module AdvancedPreviewScene (395)
[2018.01.24-14.07.49:220][844]LogModuleManager: Shutting down and abandoning module AnimGraph (393)
[2018.01.24-14.07.49:220][844]LogModuleManager: Shutting down and abandoning module Kismet (390)
[2018.01.24-14.07.49:229][844]LogModuleManager: Shutting down and abandoning module ClassViewer (388)
[2018.01.24-14.07.49:229][844]LogModuleManager: Shutting down and abandoning module Toolbox (386)
[2018.01.24-14.07.49:229][844]LogModuleManager: Shutting down and abandoning module ModuleUI (384)
[2018.01.24-14.07.49:229][844]LogModuleManager: Shutting down and abandoning module MovieSceneTools (382)
[2018.01.24-14.07.49:229][844]LogModuleManager: Shutting down and abandoning module OutputLog (380)
[2018.01.24-14.07.49:229][844]LogModuleManager: Shutting down and abandoning module GammaUI (378)
[2018.01.24-14.07.49:229][844]LogModuleManager: Shutting down and abandoning module Documentation (376)
[2018.01.24-14.07.49:230][844]LogModuleManager: Shutting down and abandoning module MovieSceneTracks (374)
[2018.01.24-14.07.49:230][844]LogModuleManager: Shutting down and abandoning module MovieScene (372)
[2018.01.24-14.07.49:230][844]LogModuleManager: Shutting down and abandoning module StreamingPauseRendering (370)
[2018.01.24-14.07.49:230][844]LogModuleManager: Shutting down and abandoning module LauncherPlatform (368)
[2018.01.24-14.07.49:230][844]LogModuleManager: Shutting down and abandoning module AnalyticsET (366)
[2018.01.24-14.07.49:230][844]LogModuleManager: Shutting down and abandoning module PortalServices (364)
[2018.01.24-14.07.49:230][844]LogModuleManager: Shutting down and abandoning module PortalRpc (362)
[2018.01.24-14.07.49:230][844]LogModuleManager: Shutting down and abandoning module MessagingRpc (360)
[2018.01.24-14.07.49:230][844]LogModuleManager: Shutting down and abandoning module AIModule (358)
[2018.01.24-14.07.49:230][844]LogModuleManager: Shutting down and abandoning module GameplayDebugger (357)
[2018.01.24-14.07.49:230][844]LogModuleManager: Shutting down and abandoning module AITestSuite (355)
[2018.01.24-14.07.49:231][844]LogModuleManager: Shutting down and abandoning module ProfilerService (352)
[2018.01.24-14.07.49:400][844]LogModuleManager: Shutting down and abandoning module TaskGraph (350)
[2018.01.24-14.07.49:400][844]LogModuleManager: Shutting down and abandoning module SteamVRController (348)
[2018.01.24-14.07.49:400][844]LogModuleManager: Shutting down and abandoning module ProceduralMeshComponentEditor (346)
[2018.01.24-14.07.49:400][844]LogModuleManager: Shutting down and abandoning module ProceduralMeshComponent (344)
[2018.01.24-14.07.49:400][844]LogModuleManager: Shutting down and abandoning module OculusInput (342)
[2018.01.24-14.07.49:400][844]LogModuleManager: Shutting down and abandoning module MobilePatchingUtils (340)
[2018.01.24-14.07.49:400][844]LogModuleManager: Shutting down and abandoning module CustomMeshComponent (338)
[2018.01.24-14.07.49:400][844]LogModuleManager: Shutting down and abandoning module CableComponent (336)
[2018.01.24-14.07.49:400][844]LogModuleManager: Shutting down and abandoning module ArchVisCharacter (334)
[2018.01.24-14.07.49:400][844]LogModuleManager: Shutting down and abandoning module AndroidPermission (332)
[2018.01.24-14.07.49:400][844]LogModuleManager: Shutting down and abandoning module ActorSequence (330)
[2018.01.24-14.07.49:400][844]LogModuleManager: Shutting down and abandoning module MediaPlayerEditor (328)
[2018.01.24-14.07.49:400][844]LogModuleManager: Shutting down and abandoning module MediaCompositingEditor (326)
[2018.01.24-14.07.49:400][844]LogModuleManager: Shutting down and abandoning module MediaCompositing (324)
[2018.01.24-14.07.49:400][844]LogModuleManager: Shutting down and abandoning module HTML5Networking (322)
[2018.01.24-14.07.49:400][844]LogModuleManager: Shutting down and abandoning module AlembicImporter (320)
[2018.01.24-14.07.49:400][844]LogModuleManager: Shutting down and abandoning module AlembicLibrary (319)
[2018.01.24-14.07.49:400][844]LogModuleManager: Shutting down and abandoning module GeometryCache (318)
[2018.01.24-14.07.49:400][844]LogModuleManager: Shutting down and abandoning module GeometryCacheEd (317)
[2018.01.24-14.07.49:400][844]LogModuleManager: Shutting down and abandoning module SpeedTreeImporter (312)
[2018.01.24-14.07.49:401][844]LogModuleManager: Shutting down and abandoning module PluginBrowser (310)
[2018.01.24-14.07.49:401][844]LogModuleManager: Shutting down and abandoning module MobileLauncherProfileWizard (308)
[2018.01.24-14.07.49:401][844]LogModuleManager: Shutting down and abandoning module VisualStudioSourceCodeAccess (306)
[2018.01.24-14.07.49:401][844]LogModuleManager: Shutting down and abandoning module VisualStudioCodeSourceCodeAccess (304)
[2018.01.24-14.07.49:401][844]LogModuleManager: Shutting down and abandoning module UObjectPlugin (302)
[2018.01.24-14.07.49:401][844]LogModuleManager: Shutting down and abandoning module SubversionSourceControl (300)
[2018.01.24-14.07.49:401][844]LogModuleManager: Shutting down and abandoning module PerforceSourceControl (298)
[2018.01.24-14.07.49:401][844]LogModuleManager: Shutting down and abandoning module GitSourceControl (296)
[2018.01.24-14.07.49:401][844]LogModuleManager: Shutting down and abandoning module SourceControl (295)
[2018.01.24-14.07.49:401][844]LogModuleManager: Shutting down and abandoning module LightPropagationVolumeEditor (292)
[2018.01.24-14.07.49:401][844]LogModuleManager: Shutting down and abandoning module PaperTiledImporter (290)
[2018.01.24-14.07.49:401][844]LogModuleManager: Shutting down and abandoning module PaperSpriteSheetImporter (288)
[2018.01.24-14.07.49:401][844]LogModuleManager: Shutting down and abandoning module Paper2DEditor (286)
[2018.01.24-14.07.49:401][844]LogModuleManager: Shutting down and abandoning module MeshPaint (285)
[2018.01.24-14.07.49:401][844]LogModuleManager: Shutting down and abandoning module LevelEditor (283)
[2018.01.24-14.07.49:402][844]LogModuleManager: Shutting down and abandoning module PixelInspectorModule (282)
[2018.01.24-14.07.49:402][844]LogModuleManager: Shutting down and abandoning module MainFrame (280)
[2018.01.24-14.07.49:402][844]LogModuleManager: Shutting down and abandoning module HotReload (279)
[2018.01.24-14.07.49:402][844]LogDirectoryWatcher: A directory notification for 'D:/20180120/set/main/Binaries/Win64' was aborted.
[2018.01.24-14.07.49:402][844]LogModuleManager: Shutting down and abandoning module main (274)
[2018.01.24-14.07.49:403][844]LogModuleManager: Shutting down and abandoning module RuntimePhysXCooking (272)
[2018.01.24-14.07.49:403][844]LogModuleManager: Shutting down and abandoning module PhysXVehiclesEditor (270)
[2018.01.24-14.07.49:403][844]LogModuleManager: Shutting down and abandoning module PhysXVehicles (268)
[2018.01.24-14.07.49:403][844]LogModuleManager: Shutting down and abandoning module OculusEditor (266)
[2018.01.24-14.07.49:403][844]LogModuleManager: Shutting down and abandoning module LocationServicesBPLibrary (264)
[2018.01.24-14.07.49:403][844]LogModuleManager: Shutting down and abandoning module ImmediatePhysicsEditor (262)
[2018.01.24-14.07.49:403][844]LogModuleManager: Shutting down and abandoning module ImmediatePhysics (260)
[2018.01.24-14.07.49:403][844]LogModuleManager: Shutting down and abandoning module UdpMessaging (258)
[2018.01.24-14.07.49:503][844]LogModuleManager: Shutting down and abandoning module TcpMessaging (256)
[2018.01.24-14.07.49:604][844]LogModuleManager: Shutting down and abandoning module GameplayTagsEditor (254)
[2018.01.24-14.07.49:604][844]LogModuleManager: Shutting down and abandoning module FacialAnimationEditor (252)
[2018.01.24-14.07.49:604][844]LogModuleManager: Shutting down and abandoning module FacialAnimation (250)
[2018.01.24-14.07.49:604][844]LogModuleManager: Shutting down and abandoning module AssetManagerEditor (248)
[2018.01.24-14.07.49:604][844]LogModuleManager: Shutting down and abandoning module GraphEditor (247)
[2018.01.24-14.07.49:604][844]LogModuleManager: Shutting down and abandoning module ContentBrowser (245)
[2018.01.24-14.07.49:605][844]LogModuleManager: Shutting down and abandoning module LightPropagationVolumeRuntime (242)
[2018.01.24-14.07.49:605][844]LogModuleManager: Shutting down and abandoning module Paper2D (240)
[2018.01.24-14.07.49:605][844]LogModuleManager: Shutting down and abandoning module WindowsMoviePlayer (238)
[2018.01.24-14.07.49:605][844]LogModuleManager: Shutting down and abandoning module WmfMedia (236)
[2018.01.24-14.07.49:607][844]LogModuleManager: Shutting down and abandoning module ImgMedia (234)
[2018.01.24-14.07.49:607][844]LogModuleManager: Shutting down and abandoning module PacketHandler (232)
[2018.01.24-14.07.49:607][844]LogModuleManager: Shutting down and abandoning module ClothingSystemEditor (230)
[2018.01.24-14.07.49:607][844]LogModuleManager: Shutting down and abandoning module ClothingSystemRuntime (228)
[2018.01.24-14.07.49:607][844]LogModuleManager: Shutting down and abandoning module MediaAssets (226)
[2018.01.24-14.07.49:607][844]LogModuleManager: Shutting down and abandoning module Media (225)
[2018.01.24-14.07.49:613][844]LogModuleManager: Shutting down and abandoning module Overlay (222)
[2018.01.24-14.07.49:613][844]LogModuleManager: Shutting down and abandoning module OverlayEditor (221)
[2018.01.24-14.07.49:613][844]LogModuleManager: Shutting down and abandoning module VREditor (218)
[2018.01.24-14.07.49:614][844]LogModuleManager: Shutting down and abandoning module StringTableEditor (216)
[2018.01.24-14.07.49:614][844]LogModuleManager: Shutting down and abandoning module GameplayTasksEditor (214)
[2018.01.24-14.07.49:614][844]LogModuleManager: Shutting down and abandoning module BehaviorTreeEditor (212)
[2018.01.24-14.07.49:614][844]LogModuleManager: Shutting down and abandoning module FunctionalTesting (210)
[2018.01.24-14.07.49:614][844]LogModuleManager: Shutting down and abandoning module CollisionAnalyzer (208)
[2018.01.24-14.07.49:614][844]LogModuleManager: Shutting down and abandoning module WorkspaceMenuStructure (207)
[2018.01.24-14.07.49:614][844]LogModuleManager: Shutting down and abandoning module UMG (204)
[2018.01.24-14.07.49:614][844]LogModuleManager: Shutting down and abandoning module UMGEditor (203)
[2018.01.24-14.07.49:614][844]LogModuleManager: Shutting down and abandoning module Sequencer (202)
[2018.01.24-14.07.49:614][844]LogModuleManager: Shutting down and abandoning module MessageLog (199)
[2018.01.24-14.07.49:614][844]LogModuleManager: Shutting down and abandoning module SlateReflector (194)
[2018.01.24-14.07.49:614][844]LogModuleManager: Shutting down and abandoning module Slate (192)
[2018.01.24-14.07.49:614][844]LogModuleManager: Shutting down and abandoning module EditorStyle (190)
[2018.01.24-14.07.49:616][844]LogModuleManager: Shutting down and abandoning module MRMesh (188)
[2018.01.24-14.07.49:616][844]LogModuleManager: Shutting down and abandoning module SourceCodeAccess (186)
[2018.01.24-14.07.49:616][844]LogModuleManager: Shutting down and abandoning module HeadMountedDisplay (184)
[2018.01.24-14.07.49:616][844]LogModuleManager: Shutting down and abandoning module XAudio2 (182)
[2018.01.24-14.07.49:616][844]LogModuleManager: Shutting down and abandoning module Networking (180)
[2018.01.24-14.07.49:616][844]LogModuleManager: Shutting down and abandoning module Core (178)
[2018.01.24-14.07.49:616][844]LogModuleManager: Shutting down and abandoning module LevelSequence (174)
[2018.01.24-14.07.49:616][844]LogModuleManager: Shutting down and abandoning module DirectoryWatcher (172)
[2018.01.24-14.07.49:617][844]LogModuleManager: Shutting down and abandoning module KismetCompiler (170)
[2018.01.24-14.07.49:617][844]LogModuleManager: Shutting down and abandoning module MeshUtilities (168)
[2018.01.24-14.07.49:617][844]LogModuleManager: Shutting down and abandoning module MeshMergeUtilities (167)
[2018.01.24-14.07.49:617][844]LogModuleManager: Shutting down and abandoning module MeshReductionInterface (166)
[2018.01.24-14.07.49:617][844]LogModuleManager: Shutting down and abandoning module SimplygonSwarm (165)
[2018.01.24-14.07.49:617][844]LogModuleManager: Shutting down and abandoning module SimplygonMeshReduction (163)
[2018.01.24-14.07.49:617][844]LogModuleManager: Shutting down and abandoning module QuadricMeshReduction (161)
[2018.01.24-14.07.49:617][844]LogModuleManager: Shutting down and abandoning module MaterialBaking (157)
[2018.01.24-14.07.49:617][844]LogModuleManager: Shutting down and abandoning module DerivedDataCache (154)
[2018.01.24-14.07.49:629][844]LogDerivedDataCache: Shutdown
[2018.01.24-14.07.49:629][844]LogModuleManager: Shutting down and abandoning module TargetPlatform (152)
[2018.01.24-14.07.49:629][844]LogModuleManager: Shutting down and abandoning module VulkanShaderFormat (151)
[2018.01.24-14.07.49:629][844]LogModuleManager: Shutting down and abandoning module ShaderFormatVectorVM (149)
[2018.01.24-14.07.49:629][844]LogModuleManager: Shutting down and abandoning module ShaderFormatOpenGL (147)
[2018.01.24-14.07.49:629][844]LogModuleManager: Shutting down and abandoning module ShaderFormatD3D (145)
[2018.01.24-14.07.49:629][844]LogModuleManager: Shutting down and abandoning module MetalShaderFormat (143)
[2018.01.24-14.07.49:629][844]LogModuleManager: Shutting down and abandoning module TextureFormatUncompressed (141)
[2018.01.24-14.07.49:629][844]LogModuleManager: Shutting down and abandoning module TextureFormatPVR (139)
[2018.01.24-14.07.49:629][844]LogModuleManager: Shutting down and abandoning module TextureFormatDXT (137)
[2018.01.24-14.07.49:629][844]LogModuleManager: Shutting down and abandoning module TextureFormatIntelISPCTexComp (135)
[2018.01.24-14.07.49:629][844]LogModuleManager: Shutting down and abandoning module TextureFormatASTC (133)
[2018.01.24-14.07.49:629][844]LogModuleManager: Shutting down and abandoning module ImageWrapper (132)
[2018.01.24-14.07.49:629][844]LogModuleManager: Shutting down and abandoning module TextureFormatAndroid (129)
[2018.01.24-14.07.49:629][844]LogModuleManager: Shutting down and abandoning module AudioFormatOpus (127)
[2018.01.24-14.07.49:629][844]LogModuleManager: Shutting down and abandoning module AudioFormatOgg (125)
[2018.01.24-14.07.49:629][844]LogModuleManager: Shutting down and abandoning module AudioFormatADPCM (123)
[2018.01.24-14.07.49:629][844]LogModuleManager: Shutting down and abandoning module LinuxTargetPlatform (121)
[2018.01.24-14.07.49:629][844]LogModuleManager: Shutting down and abandoning module LinuxServerTargetPlatform (119)
[2018.01.24-14.07.49:629][844]LogModuleManager: Shutting down and abandoning module LinuxNoEditorTargetPlatform (117)
[2018.01.24-14.07.49:629][844]LogModuleManager: Shutting down and abandoning module LinuxClientTargetPlatform (115)
[2018.01.24-14.07.49:629][844]LogModuleManager: Shutting down and abandoning module TVOSTargetPlatform (113)
[2018.01.24-14.07.49:629][844]LogModuleManager: Shutting down and abandoning module Messaging (111)
[2018.01.24-14.07.49:629][844]LogModuleManager: Shutting down and abandoning module IOSTargetPlatform (109)
[2018.01.24-14.07.49:629][844]LogModuleManager: Shutting down and abandoning module HTML5TargetPlatform (107)
[2018.01.24-14.07.49:629][844]LogModuleManager: Shutting down and abandoning module AndroidTargetPlatform (105)
[2018.01.24-14.07.49:629][844]LogModuleManager: Shutting down and abandoning module Android_PVRTCTargetPlatform (103)
[2018.01.24-14.07.49:629][844]LogModuleManager: Shutting down and abandoning module Android_MultiTargetPlatform (101)
[2018.01.24-14.07.49:629][844]LogModuleManager: Shutting down and abandoning module Android_ETC2TargetPlatform (99)
[2018.01.24-14.07.49:629][844]LogModuleManager: Shutting down and abandoning module Android_ETC1TargetPlatform (97)
[2018.01.24-14.07.49:629][844]LogModuleManager: Shutting down and abandoning module Android_DXTTargetPlatform (95)
[2018.01.24-14.07.49:629][844]LogModuleManager: Shutting down and abandoning module Android_ATCTargetPlatform (93)
[2018.01.24-14.07.49:629][844]LogModuleManager: Shutting down and abandoning module Android_ASTCTargetPlatform (91)
[2018.01.24-14.07.49:629][844]LogModuleManager: Shutting down and abandoning module WindowsTargetPlatform (89)
[2018.01.24-14.07.49:629][844]LogModuleManager: Shutting down and abandoning module WindowsServerTargetPlatform (87)
[2018.01.24-14.07.49:629][844]LogModuleManager: Shutting down and abandoning module WindowsNoEditorTargetPlatform (85)
[2018.01.24-14.07.49:629][844]LogModuleManager: Shutting down and abandoning module WindowsClientTargetPlatform (83)
[2018.01.24-14.07.49:630][844]LogModuleManager: Shutting down and abandoning module MacTargetPlatform (81)
[2018.01.24-14.07.49:630][844]LogModuleManager: Shutting down and abandoning module MacServerTargetPlatform (79)
[2018.01.24-14.07.49:630][844]LogModuleManager: Shutting down and abandoning module MacNoEditorTargetPlatform (77)
[2018.01.24-14.07.49:630][844]LogModuleManager: Shutting down and abandoning module MacClientTargetPlatform (75)
[2018.01.24-14.07.49:630][844]LogModuleManager: Shutting down and abandoning module AllDesktopTargetPlatform (73)
[2018.01.24-14.07.49:630][844]LogModuleManager: Shutting down and abandoning module InputCore (70)
[2018.01.24-14.07.49:630][844]LogModuleManager: Shutting down and abandoning module Settings (68)
[2018.01.24-14.07.49:630][844]LogModuleManager: Shutting down and abandoning module PhysXCooking (66)
[2018.01.24-14.07.49:630][844]LogModuleManager: Shutting down and abandoning module SteamVR (64)
[2018.01.24-14.07.49:630][844]LogModuleManager: Shutting down and abandoning module OculusHMD (62)
[2018.01.24-14.07.49:630][844]LogModuleManager: Shutting down and abandoning module ExampleDeviceProfileSelector (60)
[2018.01.24-14.07.49:630][844]LogModuleManager: Shutting down and abandoning module AppleARKit (58)
[2018.01.24-14.07.49:630][844]LogModuleManager: Shutting down and abandoning module AugmentedReality (57)
[2018.01.24-14.07.49:630][844]LogModuleManager: Shutting down and abandoning module OnlineBlueprintSupport (54)
[2018.01.24-14.07.49:630][844]LogModuleManager: Shutting down and abandoning module OnlineSubsystem (50)
[2018.01.24-14.07.49:630][844]LogOnline: Display: OSS: FOnlineSubsystemNull::Shutdown()
[2018.01.24-14.07.49:630][844]LogOnline: Display: OSS: FOnlineAsyncTaskManager::Stop() ActiveTask:0000000000000000 Tasks[0/0]
[2018.01.24-14.07.49:630][844]LogOnline: Display: OSS: FOnlineAsyncTaskManager::Exit() started
[2018.01.24-14.07.49:630][844]LogOnline: Display: OSS: FOnlineAsyncTaskManager::Exit() finished
[2018.01.24-14.07.49:630][844]LogModuleManager: Shutting down and abandoning module XMPP (43)
[2018.01.24-14.07.49:630][844]LogModuleManager: Shutting down and abandoning module HTTP (41)
[2018.01.24-14.07.49:630][844]LogHttp: Display: Http module shutting down, but needs to wait on 1 outstanding Http requests:
[2018.01.24-14.07.49:630][844]LogHttp: Display: 	verb=[POST] url=[https://datarouter.ol.epicgames.com/datarouter/api/v1/public/data?SessionID=%7B276C802E-4FE8-8745-D078-D98502C7728D%7D&AppID=UEEditor.Rocket.Release&AppVersion=4.18.2-3794801%2B%2B%2BUE4%2BRelease-4.18&UserID=8d73201645b8829efdca98b8ca014480%7C827879c181fe46a9a9ae70ac9af31475%7C5c586428-a53f-40b2-8650-fc78ac88a1f1&AppEnvironment=datacollector-binary&UploadType=eteventstream] status=Processing
[2018.01.24-14.07.49:643][844]LogModuleManager: Shutting down and abandoning module SSL (40)
[2018.01.24-14.07.49:644][844]LogModuleManager: Shutting down and abandoning module AnimationModifiers (36)
[2018.01.24-14.07.49:644][844]LogModuleManager: Shutting down and abandoning module PropertyEditor (35)
[2018.01.24-14.07.49:644][844]LogModuleManager: Shutting down and abandoning module AudioEditor (32)
[2018.01.24-14.07.49:645][844]LogModuleManager: Shutting down and abandoning module TextureCompressor (30)
[2018.01.24-14.07.49:645][844]LogModuleManager: Shutting down and abandoning module ShaderCore (28)
[2018.01.24-14.07.49:645][844]LogModuleManager: Shutting down and abandoning module Landscape (26)
[2018.01.24-14.07.49:645][844]LogModuleManager: Shutting down and abandoning module SlateRHIRenderer (24)
[2018.01.24-14.07.49:649][844]LogModuleManager: Shutting down and abandoning module OpenGLDrv (22)
[2018.01.24-14.07.49:649][844]LogModuleManager: Shutting down and abandoning module D3D11RHI (20)
[2018.01.24-14.07.49:649][844]LogModuleManager: Shutting down and abandoning module AnimGraphRuntime (18)
[2018.01.24-14.07.49:649][844]LogModuleManager: Shutting down and abandoning module Renderer (16)
[2018.01.24-14.07.49:649][844]LogModuleManager: Shutting down and abandoning module Engine (14)
[2018.01.24-14.07.49:649][844]LogModuleManager: Shutting down and abandoning module CoreUObject (12)
[2018.01.24-14.07.49:649][844]LogModuleManager: Shutting down and abandoning module NetworkFile (10)
[2018.01.24-14.07.49:649][844]LogModuleManager: Shutting down and abandoning module CookedIterativeFile (8)
[2018.01.24-14.07.49:649][844]LogModuleManager: Shutting down and abandoning module StreamingFile (6)
[2018.01.24-14.07.49:649][844]LogModuleManager: Shutting down and abandoning module SandboxFile (4)
[2018.01.24-14.07.49:649][844]LogModuleManager: Shutting down and abandoning module PakFile (2)
[2018.01.24-14.07.49:654][844]LogExit: Exiting.
[2018.01.24-14.07.49:683][844]Log file closed, 01/24/18 23:07:49
