Log file open, 01/19/18 01:26:51
LogWindows: Failed to load 'aqProf.dll' (GetLastError=126)
LogWindows: File 'aqProf.dll' does not exist
LogWindows: Failed to load 'VSPerf140.dll' (GetLastError=126)
LogWindows: File 'VSPerf140.dll' does not exist
LogWindows: Failed to load 'VtuneApi.dll' (GetLastError=126)
LogWindows: File 'VtuneApi.dll' does not exist
LogWindows: Failed to load 'VtuneApi32e.dll' (GetLastError=126)
LogWindows: File 'VtuneApi32e.dll' does not exist
LogInit: Display: Running engine for game: main
LogPlatformFile: Not using cached read wrapper
LogInit: Display: RandInit(-524974894) SRandInit(-524974894).
LogInit: Read version file with build ID '3709383'
LogInit: Overriding engine version to CL 3794801, compatible CL 3709383
LogInit: Registered custom module enumerator with build ID '3709383'
LogInit: Warning: Passing commandline switches using / instead of - has been deprecated and will be removed in future versions of Unreal Engine.
LogTaskGraph: Started task graph with 5 named threads and 14 total threads with 3 sets of task threads.
LogStats: Stats thread started at 0.250812
LogD3D11RHI: Aftermath initialized
LogInit: Warning: Passing commandline switches using / instead of - has been deprecated and will be removed in future versions of Unreal Engine.
LogPluginManager: Mounting plugin Paper2D
LogPluginManager: Mounting plugin LightPropagationVolume
LogPluginManager: Mounting plugin CodeLiteSourceCodeAccess
LogPluginManager: Mounting plugin GitSourceControl
LogPluginManager: Mounting plugin KDevelopSourceCodeAccess
LogPluginManager: Mounting plugin NullSourceCodeAccess
LogPluginManager: Mounting plugin PerforceSourceControl
LogPluginManager: Mounting plugin SubversionSourceControl
LogPluginManager: Mounting plugin UObjectPlugin
LogPluginManager: Mounting plugin VisualStudioCodeSourceCodeAccess
LogPluginManager: Mounting plugin VisualStudioSourceCodeAccess
LogPluginManager: Mounting plugin XCodeSourceCodeAccess
LogPluginManager: Mounting plugin AssetManagerEditor
LogPluginManager: Mounting plugin AudioCapture
LogPluginManager: Mounting plugin FacialAnimation
LogPluginManager: Mounting plugin GameplayTagsEditor
LogPluginManager: Mounting plugin MobileLauncherProfileWizard
LogPluginManager: Mounting plugin PluginBrowser
LogPluginManager: Mounting plugin SpeedTreeImporter
LogPluginManager: Mounting plugin AlembicImporter
LogPluginManager: Mounting plugin CharacterAI
LogPluginManager: Mounting plugin HTML5Networking
LogPluginManager: Mounting plugin AndroidMedia
LogPluginManager: Mounting plugin AvfMedia
LogPluginManager: Mounting plugin ImgMedia
LogPluginManager: Mounting plugin MediaCompositing
LogPluginManager: Mounting plugin MediaPlayerEditor
LogPluginManager: Mounting plugin WmfMedia
LogPluginManager: Mounting plugin TcpMessaging
LogPluginManager: Mounting plugin UdpMessaging
LogPluginManager: Mounting plugin ActorSequence
LogPluginManager: Mounting plugin LevelSequenceEditor
LogPluginManager: Mounting plugin MatineeToLevelSequence
LogPluginManager: Mounting plugin OnlineSubsystemGooglePlay
LogPluginManager: Mounting plugin OnlineSubsystemIOS
LogPluginManager: Mounting plugin OnlineSubsystem
LogPluginManager: Mounting plugin OnlineSubsystemNull
LogPluginManager: Mounting plugin OnlineSubsystemUtils
LogPluginManager: Mounting plugin AndroidDeviceProfileSelector
LogPluginManager: Mounting plugin AndroidMoviePlayer
LogPluginManager: Mounting plugin AndroidPermission
LogPluginManager: Mounting plugin AppleARKit
LogPluginManager: Mounting plugin AppleMoviePlayer
LogPluginManager: Mounting plugin ArchVisCharacter
LogPluginManager: Mounting plugin CableComponent
LogPluginManager: Mounting plugin CustomMeshComponent
LogPluginManager: Mounting plugin ExampleDeviceProfileSelector
LogPluginManager: Mounting plugin GoogleCloudMessaging
LogPluginManager: Mounting plugin ImmediatePhysics
LogPluginManager: Mounting plugin IOSDeviceProfileSelector
LogPluginManager: Mounting plugin LinuxDeviceProfileSelector
LogPluginManager: Mounting plugin LocationServicesBPLibrary
LogPluginManager: Mounting plugin MobilePatchingUtils
LogPluginManager: Mounting plugin OculusVR
LogPluginManager: Plugin shader directory ../../../Engine/Plugins/Runtime/Oculus/OculusVR/Shaders found
LogPluginManager: Mapping shader source directory ../../../Engine/Plugins/Runtime/Oculus/OculusVR/Shaders to virtual directory /Plugin/OculusVR
LogPluginManager: Mounting plugin PhysXVehicles
LogPluginManager: Mounting plugin ProceduralMeshComponent
LogPluginManager: Mounting plugin RuntimePhysXCooking
LogPluginManager: Mounting plugin SteamVR
LogPluginManager: Mounting plugin WindowsMoviePlayer
LogModuleManager: Display: Found up-to-date module file ../../../../../../in/set/main/Binaries/Win64/UE4Editor-main.dll (API version 3709383).
LogModuleManager: Display: Found up-to-date module file ../../../Engine/Plugins/2D/Paper2D/Binaries/Win64/UE4Editor-Paper2D.dll (API version 3709383).
LogModuleManager: Display: Found up-to-date module file ../../../Engine/Plugins/2D/Paper2D/Binaries/Win64/UE4Editor-Paper2DEditor.dll (API version 3709383).
LogModuleManager: Display: Found up-to-date module file ../../../Engine/Plugins/2D/Paper2D/Binaries/Win64/UE4Editor-PaperSpriteSheetImporter.dll (API version 3709383).
LogModuleManager: Display: Found up-to-date module file ../../../Engine/Plugins/2D/Paper2D/Binaries/Win64/UE4Editor-PaperTiledImporter.dll (API version 3709383).
LogModuleManager: Display: Found up-to-date module file ../../../Engine/Plugins/2D/Paper2D/Binaries/Win64/UE4Editor-SmartSnapping.dll (API version 3709383).
LogModuleManager: Display: Found up-to-date module file ../../../Engine/Plugins/Blendables/LightPropagationVolume/Binaries/Win64/UE4Editor-LightPropagationVolumeRuntime.dll (API version 3709383).
LogModuleManager: Display: Found up-to-date module file ../../../Engine/Plugins/Blendables/LightPropagationVolume/Binaries/Win64/UE4Editor-LightPropagationVolumeEditor.dll (API version 3709383).
LogModuleManager: Display: Found up-to-date module file ../../../Engine/Plugins/Developer/GitSourceControl/Binaries/Win64/UE4Editor-GitSourceControl.dll (API version 3709383).
LogModuleManager: Display: Found up-to-date module file ../../../Engine/Plugins/Developer/PerforceSourceControl/Binaries/Win64/UE4Editor-PerforceSourceControl.dll (API version 3709383).
LogModuleManager: Display: Found up-to-date module file ../../../Engine/Plugins/Developer/SubversionSourceControl/Binaries/Win64/UE4Editor-SubversionSourceControl.dll (API version 3709383).
LogModuleManager: Display: Found up-to-date module file ../../../Engine/Plugins/Developer/UObjectPlugin/Binaries/Win64/UE4Editor-UObjectPlugin.dll (API version 3709383).
LogModuleManager: Display: Found up-to-date module file ../../../Engine/Plugins/Developer/VisualStudioCodeSourceCodeAccess/Binaries/Win64/UE4Editor-VisualStudioCodeSourceCodeAccess.dll (API version 3709383).
LogModuleManager: Display: Found up-to-date module file ../../../Engine/Plugins/Developer/VisualStudioSourceCodeAccess/Binaries/Win64/UE4Editor-VisualStudioSourceCodeAccess.dll (API version 3709383).
LogModuleManager: Display: Found up-to-date module file ../../../Engine/Plugins/Editor/AssetManagerEditor/Binaries/Win64/UE4Editor-AssetManagerEditor.dll (API version 3709383).
LogModuleManager: Display: Found up-to-date module file ../../../Engine/Plugins/Editor/AudioCapture/Binaries/Win64/UE4Editor-AudioCapture.dll (API version 3709383).
LogModuleManager: Display: Found up-to-date module file ../../../Engine/Plugins/Editor/FacialAnimation/Binaries/Win64/UE4Editor-FacialAnimation.dll (API version 3709383).
LogModuleManager: Display: Found up-to-date module file ../../../Engine/Plugins/Editor/FacialAnimation/Binaries/Win64/UE4Editor-FacialAnimationEditor.dll (API version 3709383).
LogModuleManager: Display: Found up-to-date module file ../../../Engine/Plugins/Editor/GameplayTagsEditor/Binaries/Win64/UE4Editor-GameplayTagsEditor.dll (API version 3709383).
LogModuleManager: Display: Found up-to-date module file ../../../Engine/Plugins/Editor/MobileLauncherProfileWizard/Binaries/Win64/UE4Editor-MobileLauncherProfileWizard.dll (API version 3709383).
LogModuleManager: Display: Found up-to-date module file ../../../Engine/Plugins/Editor/PluginBrowser/Binaries/Win64/UE4Editor-PluginBrowser.dll (API version 3709383).
LogModuleManager: Display: Found up-to-date module file ../../../Engine/Plugins/Editor/SpeedTreeImporter/Binaries/Win64/UE4Editor-SpeedTreeImporter.dll (API version 3709383).
LogModuleManager: Display: Found up-to-date module file ../../../Engine/Plugins/Experimental/AlembicImporter/Binaries/Win64/UE4Editor-AlembicImporter.dll (API version 3709383).
LogModuleManager: Display: Found up-to-date module file ../../../Engine/Plugins/Experimental/AlembicImporter/Binaries/Win64/UE4Editor-AlembicLibrary.dll (API version 3709383).
LogModuleManager: Display: Found up-to-date module file ../../../Engine/Plugins/Experimental/CharacterAI/Binaries/Win64/UE4Editor-CharacterAI.dll (API version 3709383).
LogModuleManager: Display: Found up-to-date module file ../../../Engine/Plugins/Experimental/HTML5Networking/Binaries/Win64/UE4Editor-HTML5Networking.dll (API version 3709383).
LogModuleManager: Display: Found up-to-date module file ../../../Engine/Plugins/Media/AndroidMedia/Binaries/Win64/UE4Editor-AndroidMediaEditor.dll (API version 3709383).
LogModuleManager: Display: Found up-to-date module file ../../../Engine/Plugins/Media/AndroidMedia/Binaries/Win64/UE4Editor-AndroidMediaFactory.dll (API version 3709383).
LogModuleManager: Display: Found up-to-date module file ../../../Engine/Plugins/Media/AvfMedia/Binaries/Win64/UE4Editor-AvfMediaEditor.dll (API version 3709383).
LogModuleManager: Display: Found up-to-date module file ../../../Engine/Plugins/Media/AvfMedia/Binaries/Win64/UE4Editor-AvfMediaFactory.dll (API version 3709383).
LogModuleManager: Display: Found up-to-date module file ../../../Engine/Plugins/Media/AvfMedia/Binaries/Win64/UE4Editor-AvfMediaFactory.dll (API version 3709383).
LogModuleManager: Display: Found up-to-date module file ../../../Engine/Plugins/Media/ImgMedia/Binaries/Win64/UE4Editor-ImgMedia.dll (API version 3709383).
LogModuleManager: Display: Found up-to-date module file ../../../Engine/Plugins/Media/ImgMedia/Binaries/Win64/UE4Editor-ImgMediaEditor.dll (API version 3709383).
LogModuleManager: Display: Found up-to-date module file ../../../Engine/Plugins/Media/ImgMedia/Binaries/Win64/UE4Editor-ImgMediaFactory.dll (API version 3709383).
LogModuleManager: Display: Found up-to-date module file ../../../Engine/Plugins/Media/ImgMedia/Binaries/Win64/UE4Editor-ImgMediaFactory.dll (API version 3709383).
LogModuleManager: Display: Found up-to-date module file ../../../Engine/Plugins/Media/ImgMedia/Binaries/Win64/UE4Editor-OpenExrWrapper.dll (API version 3709383).
LogModuleManager: Display: Found up-to-date module file ../../../Engine/Plugins/Media/MediaCompositing/Binaries/Win64/UE4Editor-MediaCompositing.dll (API version 3709383).
LogModuleManager: Display: Found up-to-date module file ../../../Engine/Plugins/Media/MediaCompositing/Binaries/Win64/UE4Editor-MediaCompositingEditor.dll (API version 3709383).
LogModuleManager: Display: Found up-to-date module file ../../../Engine/Plugins/Media/MediaPlayerEditor/Binaries/Win64/UE4Editor-MediaPlayerEditor.dll (API version 3709383).
LogModuleManager: Display: Found up-to-date module file ../../../Engine/Plugins/Media/WmfMedia/Binaries/Win64/UE4Editor-WmfMedia.dll (API version 3709383).
LogModuleManager: Display: Found up-to-date module file ../../../Engine/Plugins/Media/WmfMedia/Binaries/Win64/UE4Editor-WmfMediaEditor.dll (API version 3709383).
LogModuleManager: Display: Found up-to-date module file ../../../Engine/Plugins/Media/WmfMedia/Binaries/Win64/UE4Editor-WmfMediaFactory.dll (API version 3709383).
LogModuleManager: Display: Found up-to-date module file ../../../Engine/Plugins/Media/WmfMedia/Binaries/Win64/UE4Editor-WmfMediaFactory.dll (API version 3709383).
LogModuleManager: Display: Found up-to-date module file ../../../Engine/Plugins/Messaging/TcpMessaging/Binaries/Win64/UE4Editor-TcpMessaging.dll (API version 3709383).
LogModuleManager: Display: Found up-to-date module file ../../../Engine/Plugins/Messaging/UdpMessaging/Binaries/Win64/UE4Editor-UdpMessaging.dll (API version 3709383).
LogModuleManager: Display: Found up-to-date module file ../../../Engine/Plugins/MovieScene/ActorSequence/Binaries/Win64/UE4Editor-ActorSequence.dll (API version 3709383).
LogModuleManager: Display: Found up-to-date module file ../../../Engine/Plugins/MovieScene/LevelSequenceEditor/Binaries/Win64/UE4Editor-LevelSequenceEditor.dll (API version 3709383).
LogModuleManager: Display: Found up-to-date module file ../../../Engine/Plugins/MovieScene/MatineeToLevelSequence/Binaries/Win64/UE4Editor-MatineeToLevelSequence.dll (API version 3709383).
LogModuleManager: Display: Found up-to-date module file ../../../Engine/Plugins/Online/OnlineSubsystem/Binaries/Win64/UE4Editor-OnlineSubsystem.dll (API version 3709383).
LogModuleManager: Display: Found up-to-date module file ../../../Engine/Plugins/Online/OnlineSubsystemNull/Binaries/Win64/UE4Editor-OnlineSubsystemNull.dll (API version 3709383).
LogModuleManager: Display: Found up-to-date module file ../../../Engine/Plugins/Online/OnlineSubsystemUtils/Binaries/Win64/UE4Editor-OnlineSubsystemUtils.dll (API version 3709383).
LogModuleManager: Display: Found up-to-date module file ../../../Engine/Plugins/Online/OnlineSubsystemUtils/Binaries/Win64/UE4Editor-OnlineBlueprintSupport.dll (API version 3709383).
LogModuleManager: Display: Found up-to-date module file ../../../Engine/Plugins/Runtime/AndroidDeviceProfileSelector/Binaries/Win64/UE4Editor-AndroidDeviceProfileSelector.dll (API version 3709383).
LogModuleManager: Display: Found up-to-date module file ../../../Engine/Plugins/Runtime/AndroidPermission/Binaries/Win64/UE4Editor-AndroidPermission.dll (API version 3709383).
LogModuleManager: Display: Found up-to-date module file ../../../Engine/Plugins/Runtime/AppleARKit/Binaries/Win64/UE4Editor-AppleARKit.dll (API version 3709383).
LogModuleManager: Display: Found up-to-date module file ../../../Engine/Plugins/Runtime/ArchVisCharacter/Binaries/Win64/UE4Editor-ArchVisCharacter.dll (API version 3709383).
LogModuleManager: Display: Found up-to-date module file ../../../Engine/Plugins/Runtime/CableComponent/Binaries/Win64/UE4Editor-CableComponent.dll (API version 3709383).
LogModuleManager: Display: Found up-to-date module file ../../../Engine/Plugins/Runtime/CustomMeshComponent/Binaries/Win64/UE4Editor-CustomMeshComponent.dll (API version 3709383).
LogModuleManager: Display: Found up-to-date module file ../../../Engine/Plugins/Runtime/ExampleDeviceProfileSelector/Binaries/Win64/UE4Editor-ExampleDeviceProfileSelector.dll (API version 3709383).
LogModuleManager: Display: Found up-to-date module file ../../../Engine/Plugins/Runtime/ImmediatePhysics/Binaries/Win64/UE4Editor-ImmediatePhysics.dll (API version 3709383).
LogModuleManager: Display: Found up-to-date module file ../../../Engine/Plugins/Runtime/ImmediatePhysics/Binaries/Win64/UE4Editor-ImmediatePhysicsEditor.dll (API version 3709383).
LogModuleManager: Display: Found up-to-date module file ../../../Engine/Plugins/Runtime/LocationServicesBPLibrary/Binaries/Win64/UE4Editor-LocationServicesBPLibrary.dll (API version 3709383).
LogModuleManager: Display: Found up-to-date module file ../../../Engine/Plugins/Runtime/MobilePatchingUtils/Binaries/Win64/UE4Editor-MobilePatchingUtils.dll (API version 3709383).
LogModuleManager: Display: Found up-to-date module file ../../../Engine/Plugins/Runtime/Oculus/OculusVR/Binaries/Win64/UE4Editor-OculusHMD.dll (API version 3709383).
LogModuleManager: Display: Found up-to-date module file ../../../Engine/Plugins/Runtime/Oculus/OculusVR/Binaries/Win64/UE4Editor-OculusInput.dll (API version 3709383).
LogModuleManager: Display: Found up-to-date module file ../../../Engine/Plugins/Runtime/Oculus/OculusVR/Binaries/Win64/UE4Editor-OculusEditor.dll (API version 3709383).
LogModuleManager: Display: Found up-to-date module file ../../../Engine/Plugins/Runtime/PhysXVehicles/Binaries/Win64/UE4Editor-PhysXVehicles.dll (API version 3709383).
LogModuleManager: Display: Found up-to-date module file ../../../Engine/Plugins/Runtime/PhysXVehicles/Binaries/Win64/UE4Editor-PhysXVehiclesEditor.dll (API version 3709383).
LogModuleManager: Display: Found up-to-date module file ../../../Engine/Plugins/Runtime/ProceduralMeshComponent/Binaries/Win64/UE4Editor-ProceduralMeshComponent.dll (API version 3709383).
LogModuleManager: Display: Found up-to-date module file ../../../Engine/Plugins/Runtime/ProceduralMeshComponent/Binaries/Win64/UE4Editor-ProceduralMeshComponentEditor.dll (API version 3709383).
LogModuleManager: Display: Found up-to-date module file ../../../Engine/Plugins/Runtime/RuntimePhysXCooking/Binaries/Win64/UE4Editor-RuntimePhysXCooking.dll (API version 3709383).
LogModuleManager: Display: Found up-to-date module file ../../../Engine/Plugins/Runtime/Steam/SteamVR/Binaries/Win64/UE4Editor-SteamVR.dll (API version 3709383).
LogModuleManager: Display: Found up-to-date module file ../../../Engine/Plugins/Runtime/Steam/SteamVR/Binaries/Win64/UE4Editor-SteamVRController.dll (API version 3709383).
LogModuleManager: Display: Found up-to-date module file ../../../Engine/Plugins/Runtime/WindowsMoviePlayer/Binaries/Win64/UE4Editor-WindowsMoviePlayer.dll (API version 3709383).
LogInit: Using libcurl 7.47.1
LogInit:  - built for x86_64-pc-win32
LogInit:  - supports SSL with OpenSSL/1.0.2g
LogInit:  - supports HTTP deflate (compression) using libz 1.2.8
LogInit:  - other features:
LogInit:      CURL_VERSION_SSL
LogInit:      CURL_VERSION_LIBZ
LogInit:      CURL_VERSION_IPV6
LogInit:      CURL_VERSION_ASYNCHDNS
LogInit:      CURL_VERSION_LARGEFILE
LogInit:      CURL_VERSION_IDN
LogInit:  CurlRequestOptions (configurable via config and command line):
LogInit:  - bVerifyPeer = false  - Libcurl will NOT verify peer certificate
LogInit:  - bUseHttpProxy = false  - Libcurl will NOT use HTTP proxy
LogInit:  - bDontReuseConnections = false  - Libcurl will reuse connections
LogInit:  - CertBundlePath = nullptr  - Libcurl will use whatever was configured at build time.
LogModuleManager: Warning: No filename provided for module OnlineSubsystemSteam
LogModuleManager: Warning: ModuleManager: Unable to load module 'OnlineSubsystemSteam' because the file 'C:/Program Files/Epic Games/UE_4.18/Engine/Binaries/Win64/' was not found.
LogInit: WinSock: version 1.1 (2.2), MaxSocks=32767, MaxUdp=65467
LogInit: Build: ++UE4+Release-4.18-CL-3794801
LogInit: Engine Version: 4.18.2-3794801+++UE4+Release-4.18
LogInit: Compatible Engine Version: 4.18.0-3709383+++UE4+Release-4.18
LogInit: Net CL: 3709383
LogDevObjectVersion: Number of dev versions registered: 16
LogDevObjectVersion:   Dev-Blueprints (B0D832E4-1F89-4F0D-ACCF-7EB736FD4AA2): 10
LogDevObjectVersion:   Dev-Build (E1C64328-A22C-4D53-A36C-8E866417BD8C): 0
LogDevObjectVersion:   Dev-Core (375EC13C-06E4-48FB-B500-84F0262A717E): 2
LogDevObjectVersion:   Dev-Editor (E4B068ED-F494-42E9-A231-DA0B2E46BB41): 20
LogDevObjectVersion:   Dev-Framework (CFFC743F-43B0-4480-9391-14DF171D2073): 30
LogDevObjectVersion:   Dev-Mobile (B02B49B5-BB20-44E9-A304-32B752E40360): 0
LogDevObjectVersion:   Dev-Networking (A4E4105C-59A1-49B5-A7C5-40C4547EDFEE): 0
LogDevObjectVersion:   Dev-Online (39C831C9-5AE6-47DC-9A44-9C173E1C8E7C): 0
LogDevObjectVersion:   Dev-Physics (78F01B33-EBEA-4F98-B9B4-84EACCB95AA2): 0
LogDevObjectVersion:   Dev-Platform (6631380F-2D4D-43E0-8009-CF276956A95A): 0
LogDevObjectVersion:   Dev-Rendering (12F88B9F-8875-4AFC-A67C-D90C383ABD29): 20
LogDevObjectVersion:   Dev-Sequencer (7B5AE74C-D270-4C10-A958-57980B212A5A): 4
LogDevObjectVersion:   Dev-VR (D7296918-1DD6-4BDD-9DE2-64A83CC13884): 0
LogDevObjectVersion:   Dev-LoadTimes (C2A15278-BFE7-4AFE-6C17-90FF531DF755): 1
LogDevObjectVersion:   Private-Geometry (6EACA3D4-40EC-4CC1-B786-8BED09428FC5): 1
LogDevObjectVersion:   Dev-AnimPhys (29E575DD-E0A3-4627-9D10-D276232CDCEA): 12
LogInit: Compiled (64-bit): Dec  8 2017 02:04:53
LogInit: Compiled with Visual C++: 19.00.24215.01
LogInit: Build Configuration: Development
LogInit: Branch Name: ++UE4+Release-4.18
LogInit: Command line:  /Game/pratice/sinyoung/multiplay/mainmenu -game -PIEVIACONSOLE -ResX=1280 -ResY=720  -Multiprocess -messaging -SessionName="Play in Standalone Game" -windowed 
LogInit: Base directory: C:/Program Files/Epic Games/UE_4.18/Engine/Binaries/Win64/
LogInit: Installed Engine Build: 1
LogInit: Presizing for max 8388607 objects, including 0 objects not considered by GC, pre-allocating 0 bytes for permanent pool.
LogInit: Object subsystem initialized
[2018.01.18-16.26.55:121][  0]LogInit: Selected Device Profile: [Windows]
[2018.01.18-16.26.55:121][  0]LogInit: Applying CVar settings loaded from the selected device profile: [Windows]
[2018.01.18-16.26.55:126][  0]LogInit: Computer: DESKTOP-FRCQVUI
[2018.01.18-16.26.55:126][  0]LogInit: User: oner
[2018.01.18-16.26.55:126][  0]LogInit: CPU Page size=4096, Cores=4
[2018.01.18-16.26.55:126][  0]LogInit: High frequency timer resolution =2.630632 MHz
[2018.01.18-16.26.55:126][  0]LogMemory: Memory total: Physical=7.9GB (8GB approx)
[2018.01.18-16.26.55:126][  0]LogMemory: Platform Memory Stats for Windows
[2018.01.18-16.26.55:126][  0]LogMemory: Process Physical Memory: 273.97 MB used, 273.97 MB peak
[2018.01.18-16.26.55:126][  0]LogMemory: Process Virtual Memory: 266.02 MB used, 266.02 MB peak
[2018.01.18-16.26.55:126][  0]LogMemory: Physical Memory: 5694.52 MB used,  2386.22 MB free, 8080.75 MB total
[2018.01.18-16.26.55:127][  0]LogMemory: Virtual Memory: 675.18 MB used,  2386.22 MB free, 134217728.00 MB total
[2018.01.18-16.26.55:508][  0]LogInit: Using OS detected language (ko-KR).
[2018.01.18-16.26.55:508][  0]LogInit: Using OS detected locale (ko-KR).
[2018.01.18-16.26.55:513][  0]LogTextLocalizationManager: No specific localization for 'ko-KR' exists, so the 'ko' localization will be used.
[2018.01.18-16.26.55:881][  0]LogD3D11RHI: D3D11 adapters:
[2018.01.18-16.26.55:975][  0]LogD3D11RHI:    0. 'NVIDIA GeForce GTX 970M' (Feature Level 11_0)
[2018.01.18-16.26.55:975][  0]LogD3D11RHI:       3040/0/4040 MB DedicatedVideo/DedicatedSystem/SharedSystem, Outputs:1, VendorId:0x10de
[2018.01.18-16.26.55:982][  0]LogD3D11RHI:    1. 'Intel(R) HD Graphics 5600' (Feature Level 11_0)
[2018.01.18-16.26.55:982][  0]LogD3D11RHI:       128/0/4040 MB DedicatedVideo/DedicatedSystem/SharedSystem, Outputs:0, VendorId:0x8086
[2018.01.18-16.26.55:985][  0]LogD3D11RHI:    2. 'Microsoft Basic Render Driver' (Feature Level 11_0)
[2018.01.18-16.26.55:985][  0]LogD3D11RHI:       0/0/4040 MB DedicatedVideo/DedicatedSystem/SharedSystem, Outputs:0, VendorId:0x1414
[2018.01.18-16.26.55:985][  0]LogD3D11RHI: Chosen D3D11 Adapter: 0
[2018.01.18-16.26.55:996][  0]LogD3D11RHI: Creating new Direct3DDevice
[2018.01.18-16.26.55:996][  0]LogD3D11RHI:     GPU DeviceId: 0x13d8 (for the marketing name, search the web for "GPU Device Id")
[2018.01.18-16.26.55:996][  0]LogWindows: EnumDisplayDevices:
[2018.01.18-16.26.55:996][  0]LogWindows:    0. 'Intel(R) HD Graphics 5600' (P:1 D:1)
[2018.01.18-16.26.55:997][  0]LogWindows:    1. 'Intel(R) HD Graphics 5600' (P:0 D:0)
[2018.01.18-16.26.55:997][  0]LogWindows:    2. 'Intel(R) HD Graphics 5600' (P:0 D:0)
[2018.01.18-16.26.55:997][  0]LogWindows: DebugString: GetVideoDriverDetailsInvalid PrimaryIsNotTheChoosenAdapter GetVideoDriverDetailsInvalid PrimaryIsNotTheChoosenAdapter GetVideoDriverDetailsInvalid PrimaryIsNotTheChoosenAdapter FoundDriverCount:0 
[2018.01.18-16.26.55:997][  0]LogD3D11RHI:     Adapter Name: NVIDIA GeForce GTX 970M
[2018.01.18-16.26.55:997][  0]LogD3D11RHI:   Driver Version: Unknown (internal:Unknown, unified:Unknown)
[2018.01.18-16.26.55:997][  0]LogD3D11RHI:      Driver Date: Unknown
[2018.01.18-16.26.55:997][  0]LogRHI: Texture pool is 2128 MB (70% of 3040 MB)
[2018.01.18-16.26.56:043][  0]LogD3D11RHI: Async texture creation enabled
[2018.01.18-16.26.56:123][  0]LogD3D11RHI: GPU Timing Frequency: 1000.000000 (Debug: 2 1)
[2018.01.18-16.26.56:124][  0]LogShaderCompilers: Guid format shader working directory is 14 characters bigger than the processId version (../../../../../../in/set/main/Intermediate/Shaders/WorkingDirectory/9032/).
[2018.01.18-16.26.56:124][  0]LogShaderCompilers: Cleaned the shader compiler working directory 'C:/Users/강망/AppData/Local/Temp/UnrealShaderWorkingDir/8FA65F834C5411C1016BD8824EBB4EE5/'.
[2018.01.18-16.26.56:124][  0]LogShaderCompilers: Display: Using Local Shader Compiler.
[2018.01.18-16.26.57:609][  0]LogTemp: Display: Loaded TP WindowsClientTargetPlatform
[2018.01.18-16.26.57:719][  0]LogTemp: Display: Loaded TP WindowsNoEditorTargetPlatform
[2018.01.18-16.26.57:822][  0]LogTemp: Display: Loaded TP WindowsServerTargetPlatform
[2018.01.18-16.26.57:923][  0]LogTemp: Display: Loaded TP WindowsTargetPlatform
[2018.01.18-16.26.57:923][  0]LogTargetPlatformManager: Display: Building Assets For Windows
[2018.01.18-16.26.58:822][  0]LogDerivedDataCache: Display: Max Cache Size: 512 MB
[2018.01.18-16.26.58:953][  0]LogDerivedDataCache: Loaded boot cache 0.13s 94MB C:/Users/강망/AppData/Local/UnrealEngine/4.18/DerivedDataCache/Boot.ddc.
[2018.01.18-16.26.58:954][  0]LogDerivedDataCache: Display: Loaded Boot cache: C:/Users/강망/AppData/Local/UnrealEngine/4.18/DerivedDataCache/Boot.ddc
[2018.01.18-16.26.58:954][  0]LogDerivedDataCache: FDerivedDataBackendGraph:  Pak pak cache file ../../../../../../in/set/main/DerivedDataCache/DDC.ddp not found, will not use a pak cache.
[2018.01.18-16.26.58:954][  0]LogDerivedDataCache: Unable to find inner node Pak for hierarchical cache Hierarchy.
[2018.01.18-16.26.58:954][  0]LogDerivedDataCache: FDerivedDataBackendGraph:  CompressedPak pak cache file ../../../../../../in/set/main/DerivedDataCache/Compressed.ddp not found, will not use a pak cache.
[2018.01.18-16.26.58:954][  0]LogDerivedDataCache: Unable to find inner node CompressedPak for hierarchical cache Hierarchy.
[2018.01.18-16.26.58:979][  0]LogDerivedDataCache: Display: Pak cache opened for reading ../../../Engine/DerivedDataCache/Compressed.ddp.
[2018.01.18-16.26.58:992][  0]LogDerivedDataCache: Using Local data cache path C:/Users/강망/AppData/Local/UnrealEngine/Common/DerivedDataCache: Writable
[2018.01.18-16.26.59:005][  0]LogMaterial: Verifying Global Shaders for PCD3D_SM5
[2018.01.18-16.26.59:006][  0]LogSlate: Using Freetype 2.6.0
[2018.01.18-16.26.59:006][  0]LogSlate: SlateFontCache - WITH_FREETYPE: 1, WITH_HARFBUZZ: 1
[2018.01.18-16.26.59:006][  0]LogSlate: SlateFontCache - WITH_FREETYPE: 1, WITH_HARFBUZZ: 1
[2018.01.18-16.26.59:420][  0]LogAssetRegistry: FAssetRegistry took 0.0056 seconds to start up
[2018.01.18-16.26.59:440][  0]LogPackageLocalizationCache: Processed 7 localized package path(s) for 2 prioritized culture(s) in 0.019410 seconds
[2018.01.18-16.26.59:584][  0]LogInit: Selected Device Profile: [Windows]
[2018.01.18-16.27.00:126][  0]LogSimplygon: Simplygon DLL not present - disabling.
[2018.01.18-16.27.00:203][  0]LogMeshReduction: Using SimplygonSwarm for distributed automatic mesh merging
[2018.01.18-16.27.00:203][  0]LogMeshReduction: Using QuadricMeshReduction for automatic static mesh reduction
[2018.01.18-16.27.00:203][  0]LogMeshReduction: No automatic skeletal mesh reduction module available
[2018.01.18-16.27.00:203][  0]LogMeshReduction: No automatic mesh merging module available
[2018.01.18-16.27.00:203][  0]LogMeshMerging: No automatic mesh merging module available
[2018.01.18-16.27.00:237][  0]LogNetVersion: main , NetCL: 3709383, EngineNetVer: 2, GameNetVer: 0 (Checksum: 1998149536)
[2018.01.18-16.27.00:545][  0]LogInit: Warning: Passing commandline switches using / instead of - has been deprecated and will be removed in future versions of Unreal Engine.
[2018.01.18-16.27.00:545][  0]LogInit: Warning: Passing commandline switches using / instead of - has been deprecated and will be removed in future versions of Unreal Engine.
[2018.01.18-16.27.00:545][  0]LogInit: Warning: Passing commandline switches using / instead of - has been deprecated and will be removed in future versions of Unreal Engine.
[2018.01.18-16.27.03:393][  0]LogMoviePlayer: Initializing movie player
[2018.01.18-16.27.04:707][  0]LogCollectionManager: Loaded 0 collections in 0.011725 seconds
[2018.01.18-16.27.04:909][  0]LogFileCache: Scanning file cache for directory 'C:/in/set/main/Saved/Collections/' took 0.01s
[2018.01.18-16.27.04:909][  0]LogFileCache: Scanning file cache for directory 'C:/in/set/main/Content/Developers/oner/Collections/' took 0.01s
[2018.01.18-16.27.04:910][  0]LogFileCache: Scanning file cache for directory 'C:/in/set/main/Content/Collections/' took 0.01s
[2018.01.18-16.27.04:910][  0]LogCollectionManager: Rebuilt the object cache for 0 collections in 0.000003 seconds (found 0 objects)
[2018.01.18-16.27.04:910][  0]LogCollectionManager: Fixed up redirectors for 0 collections in 0.000308 seconds (updated 0 objects)
[2018.01.18-16.27.05:485][  0]LogTcpMessaging: Initializing TcpMessaging bridge
[2018.01.18-16.27.05:580][  0]LogUdpMessaging: Initializing bridge on interface 0.0.0.0:0 to multicast group 230.0.0.1:6666.
[2018.01.18-16.27.06:852][  0]LogBlueprint: Warning: [Compiler ThirdPersonCharacter] 입력 액션 이벤트가  click 입력 액션  에 대한 미확인 'click' 액션을 레퍼런싱합니다.
[2018.01.18-16.27.06:949][  0]LogBlueprint: Warning: [Compiler ThirdPersonCharacter] [0017.49] ThirdPersonCharacter 컴파일에 성공했습니다만, 경고가 1 회 있습니다. [소요시간 269 ms] (/Game/ThirdPersonCPP/Blueprints/ThirdPersonCharacter.ThirdPersonCharacter)
[2018.01.18-16.27.07:133][  0]LogMaterial: Uniform references updated for custom material expression Custom.
[2018.01.18-16.27.07:707][  0]LogInit: Warning: Passing commandline switches using / instead of - has been deprecated and will be removed in future versions of Unreal Engine.
[2018.01.18-16.27.07:708][  0]SourceControl: 소스 콘트롤이 꺼졌습니다.
[2018.01.18-16.27.07:708][  0]SourceControl: 소스 콘트롤이 꺼졌습니다.
[2018.01.18-16.27.07:821][  0]SourceControl: 소스 콘트롤이 꺼졌습니다.
[2018.01.18-16.27.08:696][  0]LogAndroidPermission: UAndroidPermissionCallbackProxy::GetInstance
[2018.01.18-16.27.10:067][  0]LogOcInput: OculusInput pre-init called
[2018.01.18-16.27.10:766][  0]LogUObjectArray: 46222 objects as part of root set at end of initial load.
[2018.01.18-16.27.10:766][  0]LogUObjectAllocator: 10654192 out of 0 bytes used by permanent object pool.
[2018.01.18-16.27.10:766][  0]LogUObjectArray: CloseDisregardForGC: 0/0 objects in disregard for GC pool
[2018.01.18-16.27.11:157][  0]LogEngine: Initializing Engine...
[2018.01.18-16.27.11:164][  0]LogHMD: Failed to initialize OpenVR with code 110
[2018.01.18-16.27.11:658][  0]LogStats: UGameplayTagsManager::ConstructGameplayTagTree: Construct from data asset -  0.000 s
[2018.01.18-16.27.11:658][  0]LogStats: UGameplayTagsManager::ConstructGameplayTagTree: GameplayTagTreeChangedEvent.Broadcast -  0.000 s
[2018.01.18-16.27.11:685][  0]LogInit: XAudio2 using '스피커(Realtek High Definition Audio)' : 2 channels at 48 kHz using 32 bits per sample (channel mask 0x3)
[2018.01.18-16.27.11:732][  0]LogInit: FAudioDevice initialized.
[2018.01.18-16.27.11:800][  0]LogInit: Texture streaming: Enabled
[2018.01.18-16.27.13:602][  0]LogInit: Warning: Passing commandline switches using / instead of - has been deprecated and will be removed in future versions of Unreal Engine.
[2018.01.18-16.27.13:808][  0]LogInit: Display: Game Engine Initialized.
[2018.01.18-16.27.13:808][  0]LogGameplayTags: Display: UGameplayTagsManager::DoneAddingNativeTags. DelegateIsBound: 0
[2018.01.18-16.27.14:786][  0]LogInit: Display: Starting Game.
[2018.01.18-16.27.14:787][  0]LogNet: Browse: /Game/pratice/sinyoung/multiplay/mainmenu?Name=Player
[2018.01.18-16.27.14:787][  0]LogLoad: LoadMap: /Game/pratice/sinyoung/multiplay/mainmenu?Name=Player
[2018.01.18-16.27.15:390][  0]LogAIModule: Creating AISystem for world mainmenu
[2018.01.18-16.27.15:390][  0]LogLoad: Game class is 'mainGameMode'
[2018.01.18-16.27.15:391][  0]LogWorld: Bringing World /Game/pratice/sinyoung/multiplay/mainmenu.mainmenu up for play (max tick rate 0) at 2018.01.19-01.27.15
[2018.01.18-16.27.15:392][  0]LogWorld: Bringing up level for play took: 0.000717
[2018.01.18-16.27.15:393][  0]LogGameMode: FindPlayerStart: PATHS NOT DEFINED or NO PLAYERSTART with positive rating
[2018.01.18-16.27.15:515][  0]LogLoad: Took 0.727952 seconds to LoadMap(/Game/pratice/sinyoung/multiplay/mainmenu)
[2018.01.18-16.27.15:516][  0]LogScript: Warning: mychar 프로퍼티를 읽으려던 중 None 에 접근했습니다.
	gamehud_C /Engine/Transient.GameEngine_0:Gameinfolnstance_C_0.gamehud_C_0
	Function /Game/pratice/gamehud.gamehud_C:GetVisibility_0:000F
[2018.01.18-16.27.15:516][  0]LogScript: Warning: Script call stack:
	Function /Game/pratice/gamehud.gamehud_C:GetVisibility_0

[2018.01.18-16.27.15:516][  0]LogScript: Warning: mychar 프로퍼티를 읽으려던 중 None 에 접근했습니다.
	gamehud_C /Engine/Transient.GameEngine_0:Gameinfolnstance_C_0.gamehud_C_0
	Function /Game/pratice/gamehud.gamehud_C:GetVisibility_0:000F
[2018.01.18-16.27.15:516][  0]LogScript: Warning: Script call stack:
	Function /Game/pratice/gamehud.gamehud_C:GetVisibility_0

[2018.01.18-16.27.15:527][  0]LogSlate: Took 0.009536 seconds to synchronously load lazily loaded font '../../../Engine/Content/Slate/Fonts/NanumGothic.ttf' (4243K)
[2018.01.18-16.27.15:541][  0]LogSlate: Took 0.012644 seconds to synchronously load lazily loaded font '../../../Engine/Content/Slate/Fonts/Roboto-Regular.ttf' (155K)
[2018.01.18-16.27.16:354][  0]LogRenderer: Reallocating scene render targets to support 1280x720 Format 10 NumSamples 1 (Frame:1).
[2018.01.18-16.27.16:354][  0]LogLoad: (Engine Initialization) Total time: 26.90 seconds
[2018.01.18-16.27.16:354][  0]LogLoad: (Engine Initialization) Total Blueprint compile time: 0.00 seconds
[2018.01.18-16.27.16:354][  0]LogExternalProfiler: No external profilers were discovered.  External profiling features will not be available.
[2018.01.18-16.27.16:389][  0]LogContentStreaming: Texture pool size now 1000 MB
[2018.01.18-16.27.16:396][  0]LogScript: Warning: mychar 프로퍼티를 읽으려던 중 None 에 접근했습니다.
	gamehud_C /Engine/Transient.GameEngine_0:Gameinfolnstance_C_0.gamehud_C_0
	Function /Game/pratice/gamehud.gamehud_C:GetVisibility_0:000F
[2018.01.18-16.27.16:396][  0]LogScript: Warning: Script call stack:
	Function /Game/pratice/gamehud.gamehud_C:GetVisibility_0

[2018.01.18-16.27.16:396][  0]LogScript: Warning: mychar 프로퍼티를 읽으려던 중 None 에 접근했습니다.
	gamehud_C /Engine/Transient.GameEngine_0:Gameinfolnstance_C_0.gamehud_C_0
	Function /Game/pratice/gamehud.gamehud_C:GetVisibility_0:000F
[2018.01.18-16.27.16:396][  0]LogScript: Warning: Script call stack:
	Function /Game/pratice/gamehud.gamehud_C:GetVisibility_0

[2018.01.18-16.27.16:402][  0]LogScript: Warning: mychar 프로퍼티를 읽으려던 중 None 에 접근했습니다.
	gamehud_C /Engine/Transient.GameEngine_0:Gameinfolnstance_C_0.gamehud_C_0
	Function /Game/pratice/gamehud.gamehud_C:GetVisibility_0:000F
[2018.01.18-16.27.16:402][  0]LogScript: Warning: Script call stack:
	Function /Game/pratice/gamehud.gamehud_C:GetVisibility_0

[2018.01.18-16.27.16:475][  1]LogScript: Warning: mychar 프로퍼티를 읽으려던 중 None 에 접근했습니다.
	gamehud_C /Engine/Transient.GameEngine_0:Gameinfolnstance_C_0.gamehud_C_0
	Function /Game/pratice/gamehud.gamehud_C:GetVisibility_0:000F
[2018.01.18-16.27.16:475][  1]LogScript: Warning: Script call stack:
	Function /Game/pratice/gamehud.gamehud_C:GetVisibility_0

[2018.01.18-16.27.16:475][  1]LogScript: Warning: mychar 프로퍼티를 읽으려던 중 None 에 접근했습니다.
	gamehud_C /Engine/Transient.GameEngine_0:Gameinfolnstance_C_0.gamehud_C_0
	Function /Game/pratice/gamehud.gamehud_C:GetVisibility_0:000F
[2018.01.18-16.27.16:475][  1]LogScript: Warning: Script call stack:
	Function /Game/pratice/gamehud.gamehud_C:GetVisibility_0

[2018.01.18-16.27.16:476][  1]LogScript: Warning: mychar 프로퍼티를 읽으려던 중 None 에 접근했습니다.
	gamehud_C /Engine/Transient.GameEngine_0:Gameinfolnstance_C_0.gamehud_C_0
	Function /Game/pratice/gamehud.gamehud_C:GetVisibility_0:000F
[2018.01.18-16.27.16:476][  1]LogScript: Warning: Script call stack:
	Function /Game/pratice/gamehud.gamehud_C:GetVisibility_0

[2018.01.18-16.27.16:479][  2]LogScript: Warning: mychar 프로퍼티를 읽으려던 중 None 에 접근했습니다.
	gamehud_C /Engine/Transient.GameEngine_0:Gameinfolnstance_C_0.gamehud_C_0
	Function /Game/pratice/gamehud.gamehud_C:GetVisibility_0:000F
[2018.01.18-16.27.16:479][  2]LogScript: Warning: Script call stack:
	Function /Game/pratice/gamehud.gamehud_C:GetVisibility_0

[2018.01.18-16.27.16:479][  2]LogScript: Warning: mychar 프로퍼티를 읽으려던 중 None 에 접근했습니다.
	gamehud_C /Engine/Transient.GameEngine_0:Gameinfolnstance_C_0.gamehud_C_0
	Function /Game/pratice/gamehud.gamehud_C:GetVisibility_0:000F
[2018.01.18-16.27.16:479][  2]LogScript: Warning: Script call stack:
	Function /Game/pratice/gamehud.gamehud_C:GetVisibility_0

[2018.01.18-16.27.16:480][  2]LogScript: Warning: mychar 프로퍼티를 읽으려던 중 None 에 접근했습니다.
	gamehud_C /Engine/Transient.GameEngine_0:Gameinfolnstance_C_0.gamehud_C_0
	Function /Game/pratice/gamehud.gamehud_C:GetVisibility_0:000F
[2018.01.18-16.27.16:480][  2]LogScript: Warning: Script call stack:
	Function /Game/pratice/gamehud.gamehud_C:GetVisibility_0

[2018.01.18-16.27.16:561][  3]LogScript: Warning: mychar 프로퍼티를 읽으려던 중 None 에 접근했습니다.
	gamehud_C /Engine/Transient.GameEngine_0:Gameinfolnstance_C_0.gamehud_C_0
	Function /Game/pratice/gamehud.gamehud_C:GetVisibility_0:000F
[2018.01.18-16.27.16:562][  3]LogScript: Warning: Script call stack:
	Function /Game/pratice/gamehud.gamehud_C:GetVisibility_0

[2018.01.18-16.27.16:562][  3]LogScript: Warning: mychar 프로퍼티를 읽으려던 중 None 에 접근했습니다.
	gamehud_C /Engine/Transient.GameEngine_0:Gameinfolnstance_C_0.gamehud_C_0
	Function /Game/pratice/gamehud.gamehud_C:GetVisibility_0:000F
[2018.01.18-16.27.16:562][  3]LogScript: Warning: Script call stack:
	Function /Game/pratice/gamehud.gamehud_C:GetVisibility_0

[2018.01.18-16.27.16:562][  3]LogScript: Warning: mychar 프로퍼티를 읽으려던 중 None 에 접근했습니다.
	gamehud_C /Engine/Transient.GameEngine_0:Gameinfolnstance_C_0.gamehud_C_0
	Function /Game/pratice/gamehud.gamehud_C:GetVisibility_0:000F
[2018.01.18-16.27.16:562][  3]LogScript: Warning: Script call stack:
	Function /Game/pratice/gamehud.gamehud_C:GetVisibility_0

[2018.01.18-16.27.16:579][  4]LogScript: Warning: mychar 프로퍼티를 읽으려던 중 None 에 접근했습니다.
	gamehud_C /Engine/Transient.GameEngine_0:Gameinfolnstance_C_0.gamehud_C_0
	Function /Game/pratice/gamehud.gamehud_C:GetVisibility_0:000F
[2018.01.18-16.27.16:579][  4]LogScript: Warning: Script call stack:
	Function /Game/pratice/gamehud.gamehud_C:GetVisibility_0

[2018.01.18-16.27.16:579][  4]LogScript: Warning: mychar 프로퍼티를 읽으려던 중 None 에 접근했습니다.
	gamehud_C /Engine/Transient.GameEngine_0:Gameinfolnstance_C_0.gamehud_C_0
	Function /Game/pratice/gamehud.gamehud_C:GetVisibility_0:000F
[2018.01.18-16.27.16:579][  4]LogScript: Warning: Script call stack:
	Function /Game/pratice/gamehud.gamehud_C:GetVisibility_0

[2018.01.18-16.27.16:579][  4]LogScript: Warning: mychar 프로퍼티를 읽으려던 중 None 에 접근했습니다.
	gamehud_C /Engine/Transient.GameEngine_0:Gameinfolnstance_C_0.gamehud_C_0
	Function /Game/pratice/gamehud.gamehud_C:GetVisibility_0:000F
[2018.01.18-16.27.16:579][  4]LogScript: Warning: Script call stack:
	Function /Game/pratice/gamehud.gamehud_C:GetVisibility_0

