Log file open, 01/20/18 02:55:13
LogWindows: Failed to load 'aqProf.dll' (GetLastError=126)
LogWindows: File 'aqProf.dll' does not exist
LogWindows: Failed to load 'VSPerf140.dll' (GetLastError=126)
LogWindows: File 'VSPerf140.dll' does not exist
LogWindows: Failed to load 'VtuneApi.dll' (GetLastError=126)
LogWindows: File 'VtuneApi.dll' does not exist
LogWindows: Failed to load 'VtuneApi32e.dll' (GetLastError=126)
LogWindows: File 'VtuneApi32e.dll' does not exist
LogInit: Display: Running engine for game: main
LogPlatformFile: Not using cached read wrapper
LogInit: Display: RandInit(-878509448) SRandInit(-878509448).
LogInit: Read version file with build ID '3709383'
LogInit: Overriding engine version to CL 3794801, compatible CL 3709383
LogInit: Registered custom module enumerator with build ID '3709383'
LogInit: Warning: Passing commandline switches using / instead of - has been deprecated and will be removed in future versions of Unreal Engine.
LogTaskGraph: Started task graph with 5 named threads and 14 total threads with 3 sets of task threads.
LogStats: Stats thread started at 0.240075
LogD3D11RHI: Aftermath initialized
LogInit: Warning: Passing commandline switches using / instead of - has been deprecated and will be removed in future versions of Unreal Engine.
LogPluginManager: Mounting plugin Paper2D
LogPluginManager: Mounting plugin LightPropagationVolume
LogPluginManager: Mounting plugin CodeLiteSourceCodeAccess
LogPluginManager: Mounting plugin GitSourceControl
LogPluginManager: Mounting plugin KDevelopSourceCodeAccess
LogPluginManager: Mounting plugin NullSourceCodeAccess
LogPluginManager: Mounting plugin PerforceSourceControl
LogPluginManager: Mounting plugin SubversionSourceControl
LogPluginManager: Mounting plugin UObjectPlugin
LogPluginManager: Mounting plugin VisualStudioCodeSourceCodeAccess
LogPluginManager: Mounting plugin VisualStudioSourceCodeAccess
LogPluginManager: Mounting plugin XCodeSourceCodeAccess
LogPluginManager: Mounting plugin AssetManagerEditor
LogPluginManager: Mounting plugin AudioCapture
LogPluginManager: Mounting plugin FacialAnimation
LogPluginManager: Mounting plugin GameplayTagsEditor
LogPluginManager: Mounting plugin MobileLauncherProfileWizard
LogPluginManager: Mounting plugin PluginBrowser
LogPluginManager: Mounting plugin SpeedTreeImporter
LogPluginManager: Mounting plugin AlembicImporter
LogPluginManager: Mounting plugin CharacterAI
LogPluginManager: Mounting plugin HTML5Networking
LogPluginManager: Mounting plugin AndroidMedia
LogPluginManager: Mounting plugin AvfMedia
LogPluginManager: Mounting plugin ImgMedia
LogPluginManager: Mounting plugin MediaCompositing
LogPluginManager: Mounting plugin MediaPlayerEditor
LogPluginManager: Mounting plugin WmfMedia
LogPluginManager: Mounting plugin TcpMessaging
LogPluginManager: Mounting plugin UdpMessaging
LogPluginManager: Mounting plugin ActorSequence
LogPluginManager: Mounting plugin LevelSequenceEditor
LogPluginManager: Mounting plugin MatineeToLevelSequence
LogPluginManager: Mounting plugin OnlineSubsystemGooglePlay
LogPluginManager: Mounting plugin OnlineSubsystemIOS
LogPluginManager: Mounting plugin OnlineSubsystem
LogPluginManager: Mounting plugin OnlineSubsystemNull
LogPluginManager: Mounting plugin OnlineSubsystemSteam
LogPluginManager: Mounting plugin OnlineSubsystemUtils
LogPluginManager: Mounting plugin AndroidDeviceProfileSelector
LogPluginManager: Mounting plugin AndroidMoviePlayer
LogPluginManager: Mounting plugin AndroidPermission
LogPluginManager: Mounting plugin AppleARKit
LogPluginManager: Mounting plugin AppleMoviePlayer
LogPluginManager: Mounting plugin ArchVisCharacter
LogPluginManager: Mounting plugin CableComponent
LogPluginManager: Mounting plugin CustomMeshComponent
LogPluginManager: Mounting plugin ExampleDeviceProfileSelector
LogPluginManager: Mounting plugin GoogleCloudMessaging
LogPluginManager: Mounting plugin ImmediatePhysics
LogPluginManager: Mounting plugin IOSDeviceProfileSelector
LogPluginManager: Mounting plugin LinuxDeviceProfileSelector
LogPluginManager: Mounting plugin LocationServicesBPLibrary
LogPluginManager: Mounting plugin MobilePatchingUtils
LogPluginManager: Mounting plugin OculusVR
LogPluginManager: Plugin shader directory ../../../Engine/Plugins/Runtime/Oculus/OculusVR/Shaders found
LogPluginManager: Mapping shader source directory ../../../Engine/Plugins/Runtime/Oculus/OculusVR/Shaders to virtual directory /Plugin/OculusVR
LogPluginManager: Mounting plugin PhysXVehicles
LogPluginManager: Mounting plugin ProceduralMeshComponent
LogPluginManager: Mounting plugin RuntimePhysXCooking
LogPluginManager: Mounting plugin SteamVR
LogPluginManager: Mounting plugin WindowsMoviePlayer
LogModuleManager: Display: Found up-to-date module file E:/really/set/main/Binaries/Win64/UE4Editor-main.dll (API version 3709383).
LogModuleManager: Display: Found up-to-date module file ../../../Engine/Plugins/2D/Paper2D/Binaries/Win64/UE4Editor-Paper2D.dll (API version 3709383).
LogModuleManager: Display: Found up-to-date module file ../../../Engine/Plugins/2D/Paper2D/Binaries/Win64/UE4Editor-Paper2DEditor.dll (API version 3709383).
LogModuleManager: Display: Found up-to-date module file ../../../Engine/Plugins/2D/Paper2D/Binaries/Win64/UE4Editor-PaperSpriteSheetImporter.dll (API version 3709383).
LogModuleManager: Display: Found up-to-date module file ../../../Engine/Plugins/2D/Paper2D/Binaries/Win64/UE4Editor-PaperTiledImporter.dll (API version 3709383).
LogModuleManager: Display: Found up-to-date module file ../../../Engine/Plugins/2D/Paper2D/Binaries/Win64/UE4Editor-SmartSnapping.dll (API version 3709383).
LogModuleManager: Display: Found up-to-date module file ../../../Engine/Plugins/Blendables/LightPropagationVolume/Binaries/Win64/UE4Editor-LightPropagationVolumeRuntime.dll (API version 3709383).
LogModuleManager: Display: Found up-to-date module file ../../../Engine/Plugins/Blendables/LightPropagationVolume/Binaries/Win64/UE4Editor-LightPropagationVolumeEditor.dll (API version 3709383).
LogModuleManager: Display: Found up-to-date module file ../../../Engine/Plugins/Developer/GitSourceControl/Binaries/Win64/UE4Editor-GitSourceControl.dll (API version 3709383).
LogModuleManager: Display: Found up-to-date module file ../../../Engine/Plugins/Developer/PerforceSourceControl/Binaries/Win64/UE4Editor-PerforceSourceControl.dll (API version 3709383).
LogModuleManager: Display: Found up-to-date module file ../../../Engine/Plugins/Developer/SubversionSourceControl/Binaries/Win64/UE4Editor-SubversionSourceControl.dll (API version 3709383).
LogModuleManager: Display: Found up-to-date module file ../../../Engine/Plugins/Developer/UObjectPlugin/Binaries/Win64/UE4Editor-UObjectPlugin.dll (API version 3709383).
LogModuleManager: Display: Found up-to-date module file ../../../Engine/Plugins/Developer/VisualStudioCodeSourceCodeAccess/Binaries/Win64/UE4Editor-VisualStudioCodeSourceCodeAccess.dll (API version 3709383).
LogModuleManager: Display: Found up-to-date module file ../../../Engine/Plugins/Developer/VisualStudioSourceCodeAccess/Binaries/Win64/UE4Editor-VisualStudioSourceCodeAccess.dll (API version 3709383).
LogModuleManager: Display: Found up-to-date module file ../../../Engine/Plugins/Editor/AssetManagerEditor/Binaries/Win64/UE4Editor-AssetManagerEditor.dll (API version 3709383).
LogModuleManager: Display: Found up-to-date module file ../../../Engine/Plugins/Editor/AudioCapture/Binaries/Win64/UE4Editor-AudioCapture.dll (API version 3709383).
LogModuleManager: Display: Found up-to-date module file ../../../Engine/Plugins/Editor/FacialAnimation/Binaries/Win64/UE4Editor-FacialAnimation.dll (API version 3709383).
LogModuleManager: Display: Found up-to-date module file ../../../Engine/Plugins/Editor/FacialAnimation/Binaries/Win64/UE4Editor-FacialAnimationEditor.dll (API version 3709383).
LogModuleManager: Display: Found up-to-date module file ../../../Engine/Plugins/Editor/GameplayTagsEditor/Binaries/Win64/UE4Editor-GameplayTagsEditor.dll (API version 3709383).
LogModuleManager: Display: Found up-to-date module file ../../../Engine/Plugins/Editor/MobileLauncherProfileWizard/Binaries/Win64/UE4Editor-MobileLauncherProfileWizard.dll (API version 3709383).
LogModuleManager: Display: Found up-to-date module file ../../../Engine/Plugins/Editor/PluginBrowser/Binaries/Win64/UE4Editor-PluginBrowser.dll (API version 3709383).
LogModuleManager: Display: Found up-to-date module file ../../../Engine/Plugins/Editor/SpeedTreeImporter/Binaries/Win64/UE4Editor-SpeedTreeImporter.dll (API version 3709383).
LogModuleManager: Display: Found up-to-date module file ../../../Engine/Plugins/Experimental/AlembicImporter/Binaries/Win64/UE4Editor-AlembicImporter.dll (API version 3709383).
LogModuleManager: Display: Found up-to-date module file ../../../Engine/Plugins/Experimental/AlembicImporter/Binaries/Win64/UE4Editor-AlembicLibrary.dll (API version 3709383).
LogModuleManager: Display: Found up-to-date module file ../../../Engine/Plugins/Experimental/CharacterAI/Binaries/Win64/UE4Editor-CharacterAI.dll (API version 3709383).
LogModuleManager: Display: Found up-to-date module file ../../../Engine/Plugins/Experimental/HTML5Networking/Binaries/Win64/UE4Editor-HTML5Networking.dll (API version 3709383).
LogModuleManager: Display: Found up-to-date module file ../../../Engine/Plugins/Media/AndroidMedia/Binaries/Win64/UE4Editor-AndroidMediaEditor.dll (API version 3709383).
LogModuleManager: Display: Found up-to-date module file ../../../Engine/Plugins/Media/AndroidMedia/Binaries/Win64/UE4Editor-AndroidMediaFactory.dll (API version 3709383).
LogModuleManager: Display: Found up-to-date module file ../../../Engine/Plugins/Media/AvfMedia/Binaries/Win64/UE4Editor-AvfMediaEditor.dll (API version 3709383).
LogModuleManager: Display: Found up-to-date module file ../../../Engine/Plugins/Media/AvfMedia/Binaries/Win64/UE4Editor-AvfMediaFactory.dll (API version 3709383).
LogModuleManager: Display: Found up-to-date module file ../../../Engine/Plugins/Media/AvfMedia/Binaries/Win64/UE4Editor-AvfMediaFactory.dll (API version 3709383).
LogModuleManager: Display: Found up-to-date module file ../../../Engine/Plugins/Media/ImgMedia/Binaries/Win64/UE4Editor-ImgMedia.dll (API version 3709383).
LogModuleManager: Display: Found up-to-date module file ../../../Engine/Plugins/Media/ImgMedia/Binaries/Win64/UE4Editor-ImgMediaEditor.dll (API version 3709383).
LogModuleManager: Display: Found up-to-date module file ../../../Engine/Plugins/Media/ImgMedia/Binaries/Win64/UE4Editor-ImgMediaFactory.dll (API version 3709383).
LogModuleManager: Display: Found up-to-date module file ../../../Engine/Plugins/Media/ImgMedia/Binaries/Win64/UE4Editor-ImgMediaFactory.dll (API version 3709383).
LogModuleManager: Display: Found up-to-date module file ../../../Engine/Plugins/Media/ImgMedia/Binaries/Win64/UE4Editor-OpenExrWrapper.dll (API version 3709383).
LogModuleManager: Display: Found up-to-date module file ../../../Engine/Plugins/Media/MediaCompositing/Binaries/Win64/UE4Editor-MediaCompositing.dll (API version 3709383).
LogModuleManager: Display: Found up-to-date module file ../../../Engine/Plugins/Media/MediaCompositing/Binaries/Win64/UE4Editor-MediaCompositingEditor.dll (API version 3709383).
LogModuleManager: Display: Found up-to-date module file ../../../Engine/Plugins/Media/MediaPlayerEditor/Binaries/Win64/UE4Editor-MediaPlayerEditor.dll (API version 3709383).
LogModuleManager: Display: Found up-to-date module file ../../../Engine/Plugins/Media/WmfMedia/Binaries/Win64/UE4Editor-WmfMedia.dll (API version 3709383).
LogModuleManager: Display: Found up-to-date module file ../../../Engine/Plugins/Media/WmfMedia/Binaries/Win64/UE4Editor-WmfMediaEditor.dll (API version 3709383).
LogModuleManager: Display: Found up-to-date module file ../../../Engine/Plugins/Media/WmfMedia/Binaries/Win64/UE4Editor-WmfMediaFactory.dll (API version 3709383).
LogModuleManager: Display: Found up-to-date module file ../../../Engine/Plugins/Media/WmfMedia/Binaries/Win64/UE4Editor-WmfMediaFactory.dll (API version 3709383).
LogModuleManager: Display: Found up-to-date module file ../../../Engine/Plugins/Messaging/TcpMessaging/Binaries/Win64/UE4Editor-TcpMessaging.dll (API version 3709383).
LogModuleManager: Display: Found up-to-date module file ../../../Engine/Plugins/Messaging/UdpMessaging/Binaries/Win64/UE4Editor-UdpMessaging.dll (API version 3709383).
LogModuleManager: Display: Found up-to-date module file ../../../Engine/Plugins/MovieScene/ActorSequence/Binaries/Win64/UE4Editor-ActorSequence.dll (API version 3709383).
LogModuleManager: Display: Found up-to-date module file ../../../Engine/Plugins/MovieScene/LevelSequenceEditor/Binaries/Win64/UE4Editor-LevelSequenceEditor.dll (API version 3709383).
LogModuleManager: Display: Found up-to-date module file ../../../Engine/Plugins/MovieScene/MatineeToLevelSequence/Binaries/Win64/UE4Editor-MatineeToLevelSequence.dll (API version 3709383).
LogModuleManager: Display: Found up-to-date module file ../../../Engine/Plugins/Online/OnlineSubsystem/Binaries/Win64/UE4Editor-OnlineSubsystem.dll (API version 3709383).
LogModuleManager: Display: Found up-to-date module file ../../../Engine/Plugins/Online/OnlineSubsystemNull/Binaries/Win64/UE4Editor-OnlineSubsystemNull.dll (API version 3709383).
LogModuleManager: Display: Found up-to-date module file ../../../Engine/Plugins/Online/OnlineSubsystemSteam/Binaries/Win64/UE4Editor-OnlineSubsystemSteam.dll (API version 3709383).
LogModuleManager: Display: Found up-to-date module file ../../../Engine/Plugins/Online/OnlineSubsystemUtils/Binaries/Win64/UE4Editor-OnlineSubsystemUtils.dll (API version 3709383).
LogModuleManager: Display: Found up-to-date module file ../../../Engine/Plugins/Online/OnlineSubsystemUtils/Binaries/Win64/UE4Editor-OnlineBlueprintSupport.dll (API version 3709383).
LogModuleManager: Display: Found up-to-date module file ../../../Engine/Plugins/Runtime/AndroidDeviceProfileSelector/Binaries/Win64/UE4Editor-AndroidDeviceProfileSelector.dll (API version 3709383).
LogModuleManager: Display: Found up-to-date module file ../../../Engine/Plugins/Runtime/AndroidPermission/Binaries/Win64/UE4Editor-AndroidPermission.dll (API version 3709383).
LogModuleManager: Display: Found up-to-date module file ../../../Engine/Plugins/Runtime/AppleARKit/Binaries/Win64/UE4Editor-AppleARKit.dll (API version 3709383).
LogModuleManager: Display: Found up-to-date module file ../../../Engine/Plugins/Runtime/ArchVisCharacter/Binaries/Win64/UE4Editor-ArchVisCharacter.dll (API version 3709383).
LogModuleManager: Display: Found up-to-date module file ../../../Engine/Plugins/Runtime/CableComponent/Binaries/Win64/UE4Editor-CableComponent.dll (API version 3709383).
LogModuleManager: Display: Found up-to-date module file ../../../Engine/Plugins/Runtime/CustomMeshComponent/Binaries/Win64/UE4Editor-CustomMeshComponent.dll (API version 3709383).
LogModuleManager: Display: Found up-to-date module file ../../../Engine/Plugins/Runtime/ExampleDeviceProfileSelector/Binaries/Win64/UE4Editor-ExampleDeviceProfileSelector.dll (API version 3709383).
LogModuleManager: Display: Found up-to-date module file ../../../Engine/Plugins/Runtime/ImmediatePhysics/Binaries/Win64/UE4Editor-ImmediatePhysics.dll (API version 3709383).
LogModuleManager: Display: Found up-to-date module file ../../../Engine/Plugins/Runtime/ImmediatePhysics/Binaries/Win64/UE4Editor-ImmediatePhysicsEditor.dll (API version 3709383).
LogModuleManager: Display: Found up-to-date module file ../../../Engine/Plugins/Runtime/LocationServicesBPLibrary/Binaries/Win64/UE4Editor-LocationServicesBPLibrary.dll (API version 3709383).
LogModuleManager: Display: Found up-to-date module file ../../../Engine/Plugins/Runtime/MobilePatchingUtils/Binaries/Win64/UE4Editor-MobilePatchingUtils.dll (API version 3709383).
LogModuleManager: Display: Found up-to-date module file ../../../Engine/Plugins/Runtime/Oculus/OculusVR/Binaries/Win64/UE4Editor-OculusHMD.dll (API version 3709383).
LogModuleManager: Display: Found up-to-date module file ../../../Engine/Plugins/Runtime/Oculus/OculusVR/Binaries/Win64/UE4Editor-OculusInput.dll (API version 3709383).
LogModuleManager: Display: Found up-to-date module file ../../../Engine/Plugins/Runtime/Oculus/OculusVR/Binaries/Win64/UE4Editor-OculusEditor.dll (API version 3709383).
LogModuleManager: Display: Found up-to-date module file ../../../Engine/Plugins/Runtime/PhysXVehicles/Binaries/Win64/UE4Editor-PhysXVehicles.dll (API version 3709383).
LogModuleManager: Display: Found up-to-date module file ../../../Engine/Plugins/Runtime/PhysXVehicles/Binaries/Win64/UE4Editor-PhysXVehiclesEditor.dll (API version 3709383).
LogModuleManager: Display: Found up-to-date module file ../../../Engine/Plugins/Runtime/ProceduralMeshComponent/Binaries/Win64/UE4Editor-ProceduralMeshComponent.dll (API version 3709383).
LogModuleManager: Display: Found up-to-date module file ../../../Engine/Plugins/Runtime/ProceduralMeshComponent/Binaries/Win64/UE4Editor-ProceduralMeshComponentEditor.dll (API version 3709383).
LogModuleManager: Display: Found up-to-date module file ../../../Engine/Plugins/Runtime/RuntimePhysXCooking/Binaries/Win64/UE4Editor-RuntimePhysXCooking.dll (API version 3709383).
LogModuleManager: Display: Found up-to-date module file ../../../Engine/Plugins/Runtime/Steam/SteamVR/Binaries/Win64/UE4Editor-SteamVR.dll (API version 3709383).
LogModuleManager: Display: Found up-to-date module file ../../../Engine/Plugins/Runtime/Steam/SteamVR/Binaries/Win64/UE4Editor-SteamVRController.dll (API version 3709383).
LogModuleManager: Display: Found up-to-date module file ../../../Engine/Plugins/Runtime/WindowsMoviePlayer/Binaries/Win64/UE4Editor-WindowsMoviePlayer.dll (API version 3709383).
LogInit: Using libcurl 7.47.1
LogInit:  - built for x86_64-pc-win32
LogInit:  - supports SSL with OpenSSL/1.0.2g
LogInit:  - supports HTTP deflate (compression) using libz 1.2.8
LogInit:  - other features:
LogInit:      CURL_VERSION_SSL
LogInit:      CURL_VERSION_LIBZ
LogInit:      CURL_VERSION_IPV6
LogInit:      CURL_VERSION_ASYNCHDNS
LogInit:      CURL_VERSION_LARGEFILE
LogInit:      CURL_VERSION_IDN
LogInit:  CurlRequestOptions (configurable via config and command line):
LogInit:  - bVerifyPeer = false  - Libcurl will NOT verify peer certificate
LogInit:  - bUseHttpProxy = false  - Libcurl will NOT use HTTP proxy
LogInit:  - bDontReuseConnections = false  - Libcurl will reuse connections
LogInit:  - CertBundlePath = nullptr  - Libcurl will use whatever was configured at build time.
LogOnline: Display: STEAM: Loading Steam SDK 1.39
LogInit: WinSock: version 1.1 (2.2), MaxSocks=32767, MaxUdp=65467
LogInit: Build: ++UE4+Release-4.18-CL-3794801
LogInit: Engine Version: 4.18.2-3794801+++UE4+Release-4.18
LogInit: Compatible Engine Version: 4.18.0-3709383+++UE4+Release-4.18
LogInit: Net CL: 3709383
LogDevObjectVersion: Number of dev versions registered: 16
LogDevObjectVersion:   Dev-Blueprints (B0D832E4-1F89-4F0D-ACCF-7EB736FD4AA2): 10
LogDevObjectVersion:   Dev-Build (E1C64328-A22C-4D53-A36C-8E866417BD8C): 0
LogDevObjectVersion:   Dev-Core (375EC13C-06E4-48FB-B500-84F0262A717E): 2
LogDevObjectVersion:   Dev-Editor (E4B068ED-F494-42E9-A231-DA0B2E46BB41): 20
LogDevObjectVersion:   Dev-Framework (CFFC743F-43B0-4480-9391-14DF171D2073): 30
LogDevObjectVersion:   Dev-Mobile (B02B49B5-BB20-44E9-A304-32B752E40360): 0
LogDevObjectVersion:   Dev-Networking (A4E4105C-59A1-49B5-A7C5-40C4547EDFEE): 0
LogDevObjectVersion:   Dev-Online (39C831C9-5AE6-47DC-9A44-9C173E1C8E7C): 0
LogDevObjectVersion:   Dev-Physics (78F01B33-EBEA-4F98-B9B4-84EACCB95AA2): 0
LogDevObjectVersion:   Dev-Platform (6631380F-2D4D-43E0-8009-CF276956A95A): 0
LogDevObjectVersion:   Dev-Rendering (12F88B9F-8875-4AFC-A67C-D90C383ABD29): 20
LogDevObjectVersion:   Dev-Sequencer (7B5AE74C-D270-4C10-A958-57980B212A5A): 4
LogDevObjectVersion:   Dev-VR (D7296918-1DD6-4BDD-9DE2-64A83CC13884): 0
LogDevObjectVersion:   Dev-LoadTimes (C2A15278-BFE7-4AFE-6C17-90FF531DF755): 1
LogDevObjectVersion:   Private-Geometry (6EACA3D4-40EC-4CC1-B786-8BED09428FC5): 1
LogDevObjectVersion:   Dev-AnimPhys (29E575DD-E0A3-4627-9D10-D276232CDCEA): 12
LogInit: Compiled (64-bit): Dec  8 2017 02:04:53
LogInit: Compiled with Visual C++: 19.00.24215.01
LogInit: Build Configuration: Development
LogInit: Branch Name: ++UE4+Release-4.18
LogInit: Command line:  /Game/pratice/wonseok/MultiPlay/Maps/MainMenu -game -PIEVIACONSOLE -ResX=1280 -ResY=720  -Multiprocess -messaging -SessionName="Play in Standalone Game" -windowed 
LogInit: Base directory: C:/Program Files/Epic Games/UE_4.18/Engine/Binaries/Win64/
LogInit: Installed Engine Build: 1
LogInit: Presizing for max 8388607 objects, including 0 objects not considered by GC, pre-allocating 0 bytes for permanent pool.
LogInit: Object subsystem initialized
[2018.01.19-17.55.18:752][  0]LogInit: Selected Device Profile: [Windows]
[2018.01.19-17.55.18:752][  0]LogInit: Applying CVar settings loaded from the selected device profile: [Windows]
[2018.01.19-17.55.18:760][  0]LogInit: Computer: DESKTOP-FRCQVUI
[2018.01.19-17.55.18:760][  0]LogInit: User: oner
[2018.01.19-17.55.18:760][  0]LogInit: CPU Page size=4096, Cores=4
[2018.01.19-17.55.18:760][  0]LogInit: High frequency timer resolution =2.630632 MHz
[2018.01.19-17.55.18:760][  0]LogMemory: Memory total: Physical=7.9GB (8GB approx)
[2018.01.19-17.55.18:760][  0]LogMemory: Platform Memory Stats for Windows
[2018.01.19-17.55.18:760][  0]LogMemory: Process Physical Memory: 305.42 MB used, 305.42 MB peak
[2018.01.19-17.55.18:760][  0]LogMemory: Process Virtual Memory: 286.96 MB used, 286.96 MB peak
[2018.01.19-17.55.18:760][  0]LogMemory: Physical Memory: 6113.46 MB used,  1967.29 MB free, 8080.75 MB total
[2018.01.19-17.55.18:760][  0]LogMemory: Virtual Memory: 800.62 MB used,  1967.29 MB free, 134217728.00 MB total
[2018.01.19-17.55.19:306][  0]LogInit: Using OS detected language (ko-KR).
[2018.01.19-17.55.19:306][  0]LogInit: Using OS detected locale (ko-KR).
[2018.01.19-17.55.19:313][  0]LogTextLocalizationManager: No specific localization for 'ko-KR' exists, so the 'ko' localization will be used.
[2018.01.19-17.55.19:854][  0]LogD3D11RHI: D3D11 adapters:
[2018.01.19-17.55.19:939][  0]LogD3D11RHI:    0. 'NVIDIA GeForce GTX 970M' (Feature Level 11_0)
[2018.01.19-17.55.19:940][  0]LogD3D11RHI:       3040/0/4040 MB DedicatedVideo/DedicatedSystem/SharedSystem, Outputs:1, VendorId:0x10de
[2018.01.19-17.55.19:949][  0]LogD3D11RHI:    1. 'Intel(R) HD Graphics 5600' (Feature Level 11_0)
[2018.01.19-17.55.19:949][  0]LogD3D11RHI:       128/0/4040 MB DedicatedVideo/DedicatedSystem/SharedSystem, Outputs:0, VendorId:0x8086
[2018.01.19-17.55.19:954][  0]LogD3D11RHI:    2. 'Microsoft Basic Render Driver' (Feature Level 11_0)
[2018.01.19-17.55.19:954][  0]LogD3D11RHI:       0/0/4040 MB DedicatedVideo/DedicatedSystem/SharedSystem, Outputs:0, VendorId:0x1414
[2018.01.19-17.55.19:954][  0]LogD3D11RHI: Chosen D3D11 Adapter: 0
[2018.01.19-17.55.19:966][  0]LogD3D11RHI: Creating new Direct3DDevice
[2018.01.19-17.55.19:967][  0]LogD3D11RHI:     GPU DeviceId: 0x13d8 (for the marketing name, search the web for "GPU Device Id")
[2018.01.19-17.55.19:967][  0]LogWindows: EnumDisplayDevices:
[2018.01.19-17.55.19:967][  0]LogWindows:    0. 'Intel(R) HD Graphics 5600' (P:1 D:1)
[2018.01.19-17.55.19:968][  0]LogWindows:    1. 'Intel(R) HD Graphics 5600' (P:0 D:0)
[2018.01.19-17.55.19:968][  0]LogWindows:    2. 'Intel(R) HD Graphics 5600' (P:0 D:0)
[2018.01.19-17.55.19:968][  0]LogWindows: DebugString: GetVideoDriverDetailsInvalid PrimaryIsNotTheChoosenAdapter GetVideoDriverDetailsInvalid PrimaryIsNotTheChoosenAdapter GetVideoDriverDetailsInvalid PrimaryIsNotTheChoosenAdapter FoundDriverCount:0 
[2018.01.19-17.55.19:968][  0]LogD3D11RHI:     Adapter Name: NVIDIA GeForce GTX 970M
[2018.01.19-17.55.19:968][  0]LogD3D11RHI:   Driver Version: Unknown (internal:Unknown, unified:Unknown)
[2018.01.19-17.55.19:968][  0]LogD3D11RHI:      Driver Date: Unknown
[2018.01.19-17.55.19:968][  0]LogRHI: Texture pool is 2128 MB (70% of 3040 MB)
[2018.01.19-17.55.20:022][  0]LogD3D11RHI: Async texture creation enabled
[2018.01.19-17.55.20:126][  0]LogD3D11RHI: GPU Timing Frequency: 1000.000000 (Debug: 2 1)
[2018.01.19-17.55.20:128][  0]LogShaderCompilers: Guid format shader working directory is 24 characters bigger than the processId version (E:/really/set/main/Intermediate/Shaders/WorkingDirectory/11784/).
[2018.01.19-17.55.20:128][  0]LogShaderCompilers: Cleaned the shader compiler working directory 'C:/Users/강망/AppData/Local/Temp/UnrealShaderWorkingDir/CC31B7434FAFF77CE7FAED84B8ECA0F7/'.
[2018.01.19-17.55.20:128][  0]LogShaderCompilers: Display: Using Local Shader Compiler.
[2018.01.19-17.55.21:768][  0]LogTemp: Display: Loaded TP WindowsClientTargetPlatform
[2018.01.19-17.55.21:880][  0]LogTemp: Display: Loaded TP WindowsNoEditorTargetPlatform
[2018.01.19-17.55.21:976][  0]LogTemp: Display: Loaded TP WindowsServerTargetPlatform
[2018.01.19-17.55.22:067][  0]LogTemp: Display: Loaded TP WindowsTargetPlatform
[2018.01.19-17.55.22:067][  0]LogTargetPlatformManager: Display: Building Assets For Windows
[2018.01.19-17.55.22:946][  0]LogDerivedDataCache: Display: Max Cache Size: 512 MB
[2018.01.19-17.55.23:084][  0]LogDerivedDataCache: Loaded boot cache 0.14s 94MB C:/Users/강망/AppData/Local/UnrealEngine/4.18/DerivedDataCache/Boot.ddc.
[2018.01.19-17.55.23:084][  0]LogDerivedDataCache: Display: Loaded Boot cache: C:/Users/강망/AppData/Local/UnrealEngine/4.18/DerivedDataCache/Boot.ddc
[2018.01.19-17.55.23:085][  0]LogDerivedDataCache: FDerivedDataBackendGraph:  Pak pak cache file E:/really/set/main/DerivedDataCache/DDC.ddp not found, will not use a pak cache.
[2018.01.19-17.55.23:085][  0]LogDerivedDataCache: Unable to find inner node Pak for hierarchical cache Hierarchy.
[2018.01.19-17.55.23:085][  0]LogDerivedDataCache: FDerivedDataBackendGraph:  CompressedPak pak cache file E:/really/set/main/DerivedDataCache/Compressed.ddp not found, will not use a pak cache.
[2018.01.19-17.55.23:085][  0]LogDerivedDataCache: Unable to find inner node CompressedPak for hierarchical cache Hierarchy.
[2018.01.19-17.55.23:106][  0]LogDerivedDataCache: Display: Pak cache opened for reading ../../../Engine/DerivedDataCache/Compressed.ddp.
[2018.01.19-17.55.23:119][  0]LogDerivedDataCache: Using Local data cache path C:/Users/강망/AppData/Local/UnrealEngine/Common/DerivedDataCache: Writable
[2018.01.19-17.55.23:135][  0]LogMaterial: Verifying Global Shaders for PCD3D_SM5
[2018.01.19-17.55.23:136][  0]LogSlate: Using Freetype 2.6.0
[2018.01.19-17.55.23:136][  0]LogSlate: SlateFontCache - WITH_FREETYPE: 1, WITH_HARFBUZZ: 1
[2018.01.19-17.55.23:136][  0]LogSlate: SlateFontCache - WITH_FREETYPE: 1, WITH_HARFBUZZ: 1
[2018.01.19-17.55.23:683][  0]LogAssetRegistry: FAssetRegistry took 0.0068 seconds to start up
[2018.01.19-17.55.23:712][  0]LogPackageLocalizationCache: Processed 7 localized package path(s) for 2 prioritized culture(s) in 0.028600 seconds
[2018.01.19-17.55.23:858][  0]LogInit: Selected Device Profile: [Windows]
[2018.01.19-17.55.24:487][  0]LogSimplygon: Simplygon DLL not present - disabling.
[2018.01.19-17.55.24:580][  0]LogMeshReduction: Using SimplygonSwarm for distributed automatic mesh merging
[2018.01.19-17.55.24:580][  0]LogMeshReduction: Using QuadricMeshReduction for automatic static mesh reduction
[2018.01.19-17.55.24:580][  0]LogMeshReduction: No automatic skeletal mesh reduction module available
[2018.01.19-17.55.24:580][  0]LogMeshReduction: No automatic mesh merging module available
[2018.01.19-17.55.24:580][  0]LogMeshMerging: No automatic mesh merging module available
[2018.01.19-17.55.24:619][  0]LogNetVersion: main , NetCL: 3709383, EngineNetVer: 2, GameNetVer: 0 (Checksum: 1998149536)
[2018.01.19-17.55.24:960][  0]LogInit: Warning: Passing commandline switches using / instead of - has been deprecated and will be removed in future versions of Unreal Engine.
[2018.01.19-17.55.24:961][  0]LogInit: Warning: Passing commandline switches using / instead of - has been deprecated and will be removed in future versions of Unreal Engine.
[2018.01.19-17.55.24:961][  0]LogInit: Warning: Passing commandline switches using / instead of - has been deprecated and will be removed in future versions of Unreal Engine.
[2018.01.19-17.55.28:336][  0]LogMoviePlayer: Initializing movie player
[2018.01.19-17.55.28:414][  0]LogWindowsTextInputMethodSystem: Display: IME system now activated using TSF (Microsoft 입력기).
[2018.01.19-17.55.29:852][  0]LogCollectionManager: Loaded 0 collections in 0.003070 seconds
[2018.01.19-17.55.29:930][  0]LogFileCache: Scanning file cache for directory 'E:/really/set/main/Saved/Collections/' took 0.01s
[2018.01.19-17.55.29:930][  0]LogFileCache: Scanning file cache for directory 'E:/really/set/main/Content/Developers/oner/Collections/' took 0.01s
[2018.01.19-17.55.29:930][  0]LogFileCache: Scanning file cache for directory 'E:/really/set/main/Content/Collections/' took 0.01s
[2018.01.19-17.55.29:930][  0]LogCollectionManager: Rebuilt the object cache for 0 collections in 0.000000 seconds (found 0 objects)
[2018.01.19-17.55.29:930][  0]LogCollectionManager: Fixed up redirectors for 0 collections in 0.000108 seconds (updated 0 objects)
[2018.01.19-17.55.30:299][  0]LogTcpMessaging: Initializing TcpMessaging bridge
[2018.01.19-17.55.30:392][  0]LogUdpMessaging: Initializing bridge on interface 0.0.0.0:0 to multicast group 230.0.0.1:6666.
[2018.01.19-17.55.31:397][  0]LogBlueprint: Warning: [Compiler ThirdPersonCharacter] 입력 액션 이벤트가  click 입력 액션  에 대한 미확인 'click' 액션을 레퍼런싱합니다.
[2018.01.19-17.55.31:431][  0]LogBlueprint: Warning: [Compiler ThirdPersonCharacter] [0019.62] ThirdPersonCharacter 컴파일에 성공했습니다만, 경고가 1 회 있습니다. [소요시간 85 ms] (/Game/ThirdPersonCPP/Blueprints/ThirdPersonCharacter.ThirdPersonCharacter)
[2018.01.19-17.55.31:749][  0]LogInit: Warning: Passing commandline switches using / instead of - has been deprecated and will be removed in future versions of Unreal Engine.
[2018.01.19-17.55.31:750][  0]SourceControl: 소스 콘트롤이 꺼졌습니다.
[2018.01.19-17.55.31:750][  0]SourceControl: 소스 콘트롤이 꺼졌습니다.
[2018.01.19-17.55.31:870][  0]SourceControl: 소스 콘트롤이 꺼졌습니다.
[2018.01.19-17.55.32:615][  0]LogAndroidPermission: UAndroidPermissionCallbackProxy::GetInstance
[2018.01.19-17.55.33:064][  0]LogOcInput: OculusInput pre-init called
[2018.01.19-17.55.33:262][  0]LogUObjectArray: 41629 objects as part of root set at end of initial load.
[2018.01.19-17.55.33:262][  0]LogUObjectAllocator: 9543672 out of 0 bytes used by permanent object pool.
[2018.01.19-17.55.33:262][  0]LogUObjectArray: CloseDisregardForGC: 0/0 objects in disregard for GC pool
[2018.01.19-17.55.33:449][  0]LogEngine: Initializing Engine...
[2018.01.19-17.55.33:453][  0]LogHMD: Failed to initialize OpenVR with code 110
[2018.01.19-17.55.33:715][  0]LogStats: UGameplayTagsManager::ConstructGameplayTagTree: Construct from data asset -  0.000 s
[2018.01.19-17.55.33:715][  0]LogStats: UGameplayTagsManager::ConstructGameplayTagTree: GameplayTagTreeChangedEvent.Broadcast -  0.000 s
[2018.01.19-17.55.33:730][  0]LogInit: XAudio2 using '스피커(Realtek High Definition Audio)' : 2 channels at 48 kHz using 32 bits per sample (channel mask 0x3)
[2018.01.19-17.55.33:749][  0]LogInit: FAudioDevice initialized.
[2018.01.19-17.55.33:799][  0]LogInit: Texture streaming: Enabled
[2018.01.19-17.55.33:837][  0]LogMaterial: Uniform references updated for custom material expression Custom.
[2018.01.19-17.55.34:746][  0]LogInit: Warning: Passing commandline switches using / instead of - has been deprecated and will be removed in future versions of Unreal Engine.
[2018.01.19-17.55.34:856][  0]LogInit: Display: Game Engine Initialized.
[2018.01.19-17.55.34:856][  0]LogGameplayTags: Display: UGameplayTagsManager::DoneAddingNativeTags. DelegateIsBound: 0
[2018.01.19-17.55.35:254][  0]LogInit: Display: Starting Game.
[2018.01.19-17.55.35:255][  0]LogNet: Browse: /Game/pratice/wonseok/MultiPlay/Maps/MainMenu?Name=Player
[2018.01.19-17.55.35:255][  0]LogLoad: LoadMap: /Game/pratice/wonseok/MultiPlay/Maps/MainMenu?Name=Player
[2018.01.19-17.55.35:496][  0]LogAIModule: Creating AISystem for world MainMenu
[2018.01.19-17.55.35:497][  0]LogLoad: Game class is 'mainGameMode'
[2018.01.19-17.55.35:499][  0]LogWorld: Bringing World /Game/pratice/wonseok/MultiPlay/Maps/MainMenu.MainMenu up for play (max tick rate 0) at 2018.01.20-02.55.35
[2018.01.19-17.55.35:501][  0]LogWorld: Bringing up level for play took: 0.002525
[2018.01.19-17.55.35:507][  0]LogGameMode: FindPlayerStart: PATHS NOT DEFINED or NO PLAYERSTART with positive rating
[2018.01.19-17.55.35:557][  0]LogLoad: Took 0.301312 seconds to LoadMap(/Game/pratice/wonseok/MultiPlay/Maps/MainMenu)
[2018.01.19-17.55.35:561][  0]LogSlate: Took 0.002715 seconds to synchronously load lazily loaded font '../../../Engine/Content/Slate/Fonts/NanumGothic.ttf' (4243K)
[2018.01.19-17.55.35:919][  0]LogRenderer: Reallocating scene render targets to support 1280x720 Format 10 NumSamples 1 (Frame:1).
[2018.01.19-17.55.35:919][  0]LogLoad: (Engine Initialization) Total time: 24.11 seconds
[2018.01.19-17.55.35:919][  0]LogLoad: (Engine Initialization) Total Blueprint compile time: 0.00 seconds
[2018.01.19-17.55.35:919][  0]LogExternalProfiler: No external profilers were discovered.  External profiling features will not be available.
[2018.01.19-17.55.35:946][  0]LogContentStreaming: Texture pool size now 1000 MB
[2018.01.19-17.55.47:142][686]LogSlate: Took 0.000333 seconds to synchronously load lazily loaded font '../../../Engine/Content/Slate/Fonts/Roboto-Regular.ttf' (155K)
[2018.01.19-17.55.51:719][970]LogNetVersion: main 1.0.0.0, NetCL: 3709383, EngineNetVer: 2, GameNetVer: 0 (Checksum: 285256623)
[2018.01.19-17.55.51:731][970]LogInit: WinSock: I am DESKTOP-FRCQVUI (192.168.123.101:0)
[2018.01.19-17.55.51:897][970]LogPackageName: Warning: Found ambiguous long package name for 'testmap.umap'. Returning '/Game/pratice/wonseok/map/testmap', but could also be '/Game/pratice/wonseok/Material/testmap'.
[2018.01.19-17.55.51:897][970]LogPackageName: Warning: Found ambiguous long package name for 'testmap.umap'. Returning '/Game/pratice/wonseok/map/testmap', but could also be '/Game/pratice/wonseok/MultiPlay/Maps/testmap'.
[2018.01.19-17.55.51:897][970]LogPackageName: SearchForPackageOnDisk took   0.142s to resolve testmap.umap.
[2018.01.19-17.55.52:050][970]LogPackageName: Warning: Found ambiguous long package name for 'testmap.umap'. Returning '/Game/pratice/wonseok/map/testmap', but could also be '/Game/pratice/wonseok/Material/testmap'.
[2018.01.19-17.55.52:050][970]LogPackageName: Warning: Found ambiguous long package name for 'testmap.umap'. Returning '/Game/pratice/wonseok/map/testmap', but could also be '/Game/pratice/wonseok/MultiPlay/Maps/testmap'.
[2018.01.19-17.55.52:050][970]LogPackageName: SearchForPackageOnDisk took   0.151s to resolve testmap.umap.
[2018.01.19-17.55.52:050][970]LogNet: Browse: /Game/pratice/wonseok/map/testmap?listen
[2018.01.19-17.55.52:051][970]LogLoad: LoadMap: /Game/pratice/wonseok/map/testmap?listen
[2018.01.19-17.55.52:955][970]LogBlueprint: Warning: [Compiler ThirdPersonCharacter_3] 입력 액션 이벤트가  click 입력 액션  에 대한 미확인 'click' 액션을 레퍼런싱합니다.
[2018.01.19-17.55.53:052][970]LogBlueprint: Warning: [Compiler ThirdPersonCharacter_3] [0041.24] ThirdPersonCharacter_3 컴파일에 성공했습니다만, 경고가 1 회 있습니다. [소요시간 262 ms] (/Game/pratice/wonseok/character/ThirdPersonCharacter_3.ThirdPersonCharacter_3)
[2018.01.19-17.55.54:926][970]LogMaterial: Missing cached shader map for material forcefield, compiling. 
[2018.01.19-17.55.54:984][970]LogStaticMesh: ironbuckler 스태틱 메시 빌드중...
[2018.01.19-17.55.55:038][970]LogStaticMesh: Built static mesh [0.05s] /Game/pratice/wonseok/character/weapon/shield/ironbuckler.ironbuckler
[2018.01.19-17.55.55:069][970]LogTexture: Display: 텍스처 빌드: healthbarDef3 (BGRA8, 1047X96)
[2018.01.19-17.55.55:090][970]LogMaterial: Missing cached shader map for material M_progress, compiling. 
[2018.01.19-17.55.55:171][970]LogStaticMesh: Green_Arrow_Quiver 스태틱 메시 빌드중...
[2018.01.19-17.55.55:259][970]LogStaticMesh: Built static mesh [0.09s] /Game/pratice/wonseok/character/weapon/Green_Arrow_Quiver.Green_Arrow_Quiver
[2018.01.19-17.55.55:265][970]LogStaticMesh: Bow1 스태틱 메시 빌드중...
[2018.01.19-17.55.55:361][970]LogStaticMesh: Built static mesh [0.10s] /Game/pratice/wonseok/character/weapon/bow/Bow1.Bow1
[2018.01.19-17.55.55:370][970]LogAnimationCompression: Building Anim DDC data for AnimSequence /Game/AnimStarterPack/Jump_From_Jog.Jump_From_Jog
[2018.01.19-17.55.55:372][970]LogAnimationCompression: Recompressing (AnimSequence /Game/AnimStarterPack/Jump_From_Jog.Jump_From_Jog) using current/default (AnimCompress_BitwiseCompressOnly_38) bFirstRecompressUsingCurrentOrDefault(1) bTryAlternateCompressor(0) IsCompressedDataValid(0)
[2018.01.19-17.55.55:377][970]LogAnimationCompression: Building Anim DDC data for AnimSequence /Game/AnimStarterPack/Idle_Rifle_Hip.Idle_Rifle_Hip
[2018.01.19-17.55.55:378][970]LogAnimationCompression: Recompressing (AnimSequence /Game/AnimStarterPack/Idle_Rifle_Hip.Idle_Rifle_Hip) using current/default (AnimCompress_BitwiseCompressOnly_30) bFirstRecompressUsingCurrentOrDefault(1) bTryAlternateCompressor(0) IsCompressedDataValid(0)
[2018.01.19-17.55.55:387][970]LogAnimationCompression: Building Anim DDC data for AnimSequence /Game/AnimStarterPack/Crouch_Idle_Rifle_Hip.Crouch_Idle_Rifle_Hip
[2018.01.19-17.55.55:388][970]LogAnimationCompression: Recompressing (AnimSequence /Game/AnimStarterPack/Crouch_Idle_Rifle_Hip.Crouch_Idle_Rifle_Hip) using current/default (AnimCompress_BitwiseCompressOnly_2) bFirstRecompressUsingCurrentOrDefault(1) bTryAlternateCompressor(0) IsCompressedDataValid(0)
[2018.01.19-17.55.55:469][970]LogStaticMesh: Arrow 스태틱 메시 빌드중...
[2018.01.19-17.55.55:484][970]LogStaticMesh: Built static mesh [0.01s] /Game/pratice/wonseok/character/weapon/bow/Arrow.Arrow
[2018.01.19-17.55.55:757][970]LogTexture: Display: 텍스처 빌드: T_cracksPoison_01 (AutoDXT, 1024X1024)
[2018.01.19-17.55.56:829][970]LogTexture: Display: 텍스처 빌드: ThumbnailTexture (DXT1, 512X512)
[2018.01.19-17.55.57:160][970]LogTexture: Display: 텍스처 빌드: ThumbnailTexture (DXT1, 512X512)
[2018.01.19-17.55.57:271][970]LogTexture: Display: 텍스처 빌드: T_Dual_Blade_Tech2_N (BC5, 512X512)
[2018.01.19-17.55.57:324][970]LogMaterial: Missing cached shader map for material M_Ausar_ShieldBlast_01, compiling. 
[2018.01.19-17.55.57:451][970]LogTexture: Display: 텍스처 빌드: T_Fireball_02_SubUV_4_4 (AutoDXT, 512X512)
[2018.01.19-17.55.57:785][970]LogTexture: Display: 텍스처 빌드: T_cracksFirey_01 (AutoDXT, 1024X1024)
[2018.01.19-17.55.58:783][970]LogStaticMesh: SM_ShockCylinder_01 스태틱 메시 빌드중...
[2018.01.19-17.55.58:795][970]LogStaticMesh: Built static mesh [0.01s] /Game/InfinityBladeEffects/Effects/FX_Meshes/Skills/SM_ShockCylinder_01.SM_ShockCylinder_01
[2018.01.19-17.55.58:812][970]LogTexture: Display: 텍스처 빌드: ThumbnailTexture (DXT1, 512X512)
[2018.01.19-17.55.58:966][970]LogTexture: Display: 텍스처 빌드: iron_buckler_diffuse (AutoDXT, 512X512)
[2018.01.19-17.55.59:117][970]LogAnimationCompression: Building Anim DDC data for AnimSequence /Game/pratice/wonseok/character/animation/greatsword/great_sword_strafe__2_.great_sword_strafe__2_
[2018.01.19-17.55.59:117][970]LogAnimationCompression: Recompressing (AnimSequence /Game/pratice/wonseok/character/animation/greatsword/great_sword_strafe__2_.great_sword_strafe__2_) using current/default (AnimCompress_BitwiseCompressOnly_0) bFirstRecompressUsingCurrentOrDefault(1) bTryAlternateCompressor(0) IsCompressedDataValid(0)
[2018.01.19-17.55.59:120][970]LogAnimationCompression: Building Anim DDC data for AnimSequence /Game/pratice/wonseok/character/animation/greatsword/great_sword_strafe.great_sword_strafe
[2018.01.19-17.55.59:121][970]LogAnimationCompression: Recompressing (AnimSequence /Game/pratice/wonseok/character/animation/greatsword/great_sword_strafe.great_sword_strafe) using current/default (AnimCompress_BitwiseCompressOnly_0) bFirstRecompressUsingCurrentOrDefault(1) bTryAlternateCompressor(0) IsCompressedDataValid(0)
[2018.01.19-17.55.59:123][970]LogAnimationCompression: Building Anim DDC data for AnimSequence /Game/pratice/wonseok/character/animation/greatsword/great_sword_walk__2_.great_sword_walk__2_
[2018.01.19-17.55.59:123][970]LogAnimationCompression: Recompressing (AnimSequence /Game/pratice/wonseok/character/animation/greatsword/great_sword_walk__2_.great_sword_walk__2_) using current/default (AnimCompress_BitwiseCompressOnly_0) bFirstRecompressUsingCurrentOrDefault(1) bTryAlternateCompressor(0) IsCompressedDataValid(0)
[2018.01.19-17.55.59:126][970]LogAnimationCompression: Building Anim DDC data for AnimSequence /Game/pratice/wonseok/character/animation/greatsword/great_sword_walk.great_sword_walk
[2018.01.19-17.55.59:126][970]LogAnimationCompression: Recompressing (AnimSequence /Game/pratice/wonseok/character/animation/greatsword/great_sword_walk.great_sword_walk) using current/default (AnimCompress_BitwiseCompressOnly_0) bFirstRecompressUsingCurrentOrDefault(1) bTryAlternateCompressor(0) IsCompressedDataValid(0)
[2018.01.19-17.55.59:129][970]LogAnimationCompression: Building Anim DDC data for AnimSequence /Game/pratice/wonseok/character/animation/greatsword/great_sword_idle.great_sword_idle
[2018.01.19-17.55.59:129][970]LogAnimationCompression: Recompressing (AnimSequence /Game/pratice/wonseok/character/animation/greatsword/great_sword_idle.great_sword_idle) using current/default (AnimCompress_BitwiseCompressOnly_0) bFirstRecompressUsingCurrentOrDefault(1) bTryAlternateCompressor(0) IsCompressedDataValid(0)
[2018.01.19-17.55.59:133][970]LogAnimationCompression: Building Anim DDC data for AnimSequence /Game/pratice/wonseok/character/animation/sword_and_shield_idle.sword_and_shield_idle
[2018.01.19-17.55.59:133][970]LogAnimationCompression: Recompressing (AnimSequence /Game/pratice/wonseok/character/animation/sword_and_shield_idle.sword_and_shield_idle) using current/default (AnimCompress_BitwiseCompressOnly_1) bFirstRecompressUsingCurrentOrDefault(1) bTryAlternateCompressor(0) IsCompressedDataValid(0)
[2018.01.19-17.55.59:142][970]LogAnimationCompression: Building Anim DDC data for AnimSequence /Game/pratice/wonseok/character/animation/Standing_Walk_Back.Standing_Walk_Back
[2018.01.19-17.55.59:142][970]LogAnimationCompression: Recompressing (AnimSequence /Game/pratice/wonseok/character/animation/Standing_Walk_Back.Standing_Walk_Back) using current/default (AnimCompress_BitwiseCompressOnly_4) bFirstRecompressUsingCurrentOrDefault(1) bTryAlternateCompressor(0) IsCompressedDataValid(0)
[2018.01.19-17.55.59:145][970]LogAnimationCompression: Building Anim DDC data for AnimSequence /Game/pratice/wonseok/character/animation/right_strafe_walking.right_strafe_walking
[2018.01.19-17.55.59:146][970]LogAnimationCompression: Recompressing (AnimSequence /Game/pratice/wonseok/character/animation/right_strafe_walking.right_strafe_walking) using current/default (AnimCompress_BitwiseCompressOnly_3) bFirstRecompressUsingCurrentOrDefault(1) bTryAlternateCompressor(0) IsCompressedDataValid(0)
[2018.01.19-17.55.59:149][970]LogAnimationCompression: Building Anim DDC data for AnimSequence /Game/pratice/wonseok/character/animation/left_strafe_walking.left_strafe_walking
[2018.01.19-17.55.59:149][970]LogAnimationCompression: Recompressing (AnimSequence /Game/pratice/wonseok/character/animation/left_strafe_walking.left_strafe_walking) using current/default (AnimCompress_BitwiseCompressOnly_2) bFirstRecompressUsingCurrentOrDefault(1) bTryAlternateCompressor(0) IsCompressedDataValid(0)
[2018.01.19-17.55.59:152][970]LogAnimationCompression: Building Anim DDC data for AnimSequence /Game/pratice/wonseok/character/animation/AnimTrail/Run.Run
[2018.01.19-17.55.59:152][970]LogAnimationCompression: Recompressing (AnimSequence /Game/pratice/wonseok/character/animation/AnimTrail/Run.Run) using current/default (AnimCompress_BitwiseCompressOnly_1) bFirstRecompressUsingCurrentOrDefault(1) bTryAlternateCompressor(0) IsCompressedDataValid(0)
[2018.01.19-17.55.59:335][970]LogStaticMesh: SM_IceSkill_Chrg_Tail 스태틱 메시 빌드중...
[2018.01.19-17.55.59:374][970]LogStaticMesh: Built static mesh [0.04s] /Game/InfinityBladeEffects/Effects/FX_Meshes/ICE/SM_IceSkill_Chrg_Tail.SM_IceSkill_Chrg_Tail
[2018.01.19-17.55.59:382][970]LogStaticMesh: SM_IceSkill_Chrg_F 스태틱 메시 빌드중...
[2018.01.19-17.55.59:426][970]LogStaticMesh: Built static mesh [0.04s] /Game/InfinityBladeEffects/Effects/FX_Meshes/ICE/SM_IceSkill_Chrg_F.SM_IceSkill_Chrg_F
[2018.01.19-17.55.59:436][970]LogStaticMesh: SM_IceWall_Med_Base 스태틱 메시 빌드중...
[2018.01.19-17.55.59:438][970]LogStaticMesh: Built static mesh [0.00s] /Game/InfinityBladeEffects/Effects/FX_Meshes/ICE/SM_IceWall_Med_Base.SM_IceWall_Med_Base
[2018.01.19-17.55.59:478][970]LogTexture: Display: 텍스처 빌드: ThumbnailTexture (DXT1, 512X512)
[2018.01.19-17.55.59:621][970]LogPhysics: Warning: UBodySetup::GetCookInfo: Triangle data from '/Game/pratice/wonseok/Material/testmap.testmap:PersistentLevel.ModelComponent_59' invalid (24 verts, 0 indices).
[2018.01.19-17.55.59:621][970]LogPhysics: Warning: Attempt to build physics data for /Game/pratice/wonseok/Material/testmap.testmap:PersistentLevel.ModelComponent_59.BodySetup_59 when we are unable to.
[2018.01.19-17.55.59:622][970]LogPhysics: Warning: UBodySetup::GetCookInfo: Triangle data from '/Game/pratice/wonseok/Material/testmap.testmap:PersistentLevel.ModelComponent_60' invalid (24 verts, 0 indices).
[2018.01.19-17.55.59:622][970]LogPhysics: Warning: Attempt to build physics data for /Game/pratice/wonseok/Material/testmap.testmap:PersistentLevel.ModelComponent_60.BodySetup_60 when we are unable to.
[2018.01.19-17.55.59:622][970]LogPhysics: Warning: UBodySetup::GetCookInfo: Triangle data from '/Game/pratice/wonseok/Material/testmap.testmap:PersistentLevel.ModelComponent_61' invalid (24 verts, 0 indices).
[2018.01.19-17.55.59:622][970]LogPhysics: Warning: Attempt to build physics data for /Game/pratice/wonseok/Material/testmap.testmap:PersistentLevel.ModelComponent_61.BodySetup_61 when we are unable to.
[2018.01.19-17.55.59:623][970]LogPhysics: Warning: UBodySetup::GetCookInfo: Triangle data from '/Game/pratice/wonseok/Material/testmap.testmap:PersistentLevel.ModelComponent_62' invalid (24 verts, 0 indices).
[2018.01.19-17.55.59:623][970]LogPhysics: Warning: Attempt to build physics data for /Game/pratice/wonseok/Material/testmap.testmap:PersistentLevel.ModelComponent_62.BodySetup_62 when we are unable to.
[2018.01.19-17.55.59:624][970]LogPhysics: Warning: UBodySetup::GetCookInfo: Triangle data from '/Game/pratice/wonseok/Material/testmap.testmap:PersistentLevel.ModelComponent_63' invalid (24 verts, 0 indices).
[2018.01.19-17.55.59:624][970]LogPhysics: Warning: Attempt to build physics data for /Game/pratice/wonseok/Material/testmap.testmap:PersistentLevel.ModelComponent_63.BodySetup_63 when we are unable to.
[2018.01.19-17.55.59:633][970]LogTexture: Display: 텍스처 빌드: T_Blade_BlackKnight_Sword1_D (AutoDXT, 256X256)
[2018.01.19-17.55.59:756][970]LogTexture: Display: 텍스처 빌드: T_Blade_BlackKnight_Sword2_D (AutoDXT, 256X256)
[2018.01.19-17.55.59:880][970]LogTexture: Display: 텍스처 빌드: T_Blade_BlackKnight_Sword1_N (BC5, 256X256)
[2018.01.19-17.55.59:902][970]LogTexture: Display: 텍스처 빌드: T_Blade_BlackKnight_Sword2_N (BC5, 256X256)
[2018.01.19-17.55.59:918][970]LogTexture: Display: 텍스처 빌드: T_Blade_BlackKnight_Sword1_M (AutoDXT, 256X256)
[2018.01.19-17.55.59:934][970]LogTexture: Display: 텍스처 빌드: T_Blade_BlackKnight_Sword2_M (AutoDXT, 256X256)
[2018.01.19-17.55.59:955][970]LogMaterial: Missing cached shader map for material M_Blade_BlackKnight, compiling. 
[2018.01.19-17.56.00:159][970]LogStaticMesh: SM_IceSkill_Chrg_F_00 스태틱 메시 빌드중...
[2018.01.19-17.56.00:185][970]LogStaticMesh: Built static mesh [0.03s] /Game/InfinityBladeEffects/Effects/FX_Meshes/ICE/SM_IceSkill_Chrg_F_00.SM_IceSkill_Chrg_F_00
[2018.01.19-17.56.00:209][970]LogTexture: Display: 텍스처 빌드: ThumbnailTexture (DXT1, 512X512)
[2018.01.19-17.56.00:359][970]LogAnimationCompression: Building Anim DDC data for AnimSequence /Game/AnimStarterPack/Crouch_Walk_Rt_Rifle_Hip.Crouch_Walk_Rt_Rifle_Hip
[2018.01.19-17.56.00:359][970]LogAnimationCompression: Recompressing (AnimSequence /Game/AnimStarterPack/Crouch_Walk_Rt_Rifle_Hip.Crouch_Walk_Rt_Rifle_Hip) using current/default (AnimCompress_BitwiseCompressOnly_12) bFirstRecompressUsingCurrentOrDefault(1) bTryAlternateCompressor(0) IsCompressedDataValid(0)
[2018.01.19-17.56.00:363][970]LogAnimationCompression: Building Anim DDC data for AnimSequence /Game/AnimStarterPack/Crouch_Walk_Fwd_Rifle_Hip.Crouch_Walk_Fwd_Rifle_Hip
[2018.01.19-17.56.00:364][970]LogAnimationCompression: Recompressing (AnimSequence /Game/AnimStarterPack/Crouch_Walk_Fwd_Rifle_Hip.Crouch_Walk_Fwd_Rifle_Hip) using current/default (AnimCompress_BitwiseCompressOnly_8) bFirstRecompressUsingCurrentOrDefault(1) bTryAlternateCompressor(0) IsCompressedDataValid(0)
[2018.01.19-17.56.00:388][970]LogTexture: Display: 텍스처 빌드: ThumbnailTexture (DXT1, 512X512)
[2018.01.19-17.56.00:542][970]LogAnimationCompression: Building Anim DDC data for AnimSequence /Game/AnimStarterPack/Jog_Fwd_Rifle.Jog_Fwd_Rifle
[2018.01.19-17.56.00:542][970]LogAnimationCompression: Recompressing (AnimSequence /Game/AnimStarterPack/Jog_Fwd_Rifle.Jog_Fwd_Rifle) using current/default (AnimCompress_BitwiseCompressOnly_35) bFirstRecompressUsingCurrentOrDefault(1) bTryAlternateCompressor(0) IsCompressedDataValid(0)
[2018.01.19-17.56.00:545][970]LogAnimationCompression: Building Anim DDC data for AnimSequence /Game/AnimStarterPack/Jog_Rt_Rifle.Jog_Rt_Rifle
[2018.01.19-17.56.00:546][970]LogAnimationCompression: Recompressing (AnimSequence /Game/AnimStarterPack/Jog_Rt_Rifle.Jog_Rt_Rifle) using current/default (AnimCompress_BitwiseCompressOnly_37) bFirstRecompressUsingCurrentOrDefault(1) bTryAlternateCompressor(0) IsCompressedDataValid(0)
[2018.01.19-17.56.00:550][970]LogAnimationCompression: Building Anim DDC data for AnimSequence /Game/AnimStarterPack/Crouch_Walk_Lt_Rifle_Hip.Crouch_Walk_Lt_Rifle_Hip
[2018.01.19-17.56.00:550][970]LogAnimationCompression: Recompressing (AnimSequence /Game/AnimStarterPack/Crouch_Walk_Lt_Rifle_Hip.Crouch_Walk_Lt_Rifle_Hip) using current/default (AnimCompress_BitwiseCompressOnly_10) bFirstRecompressUsingCurrentOrDefault(1) bTryAlternateCompressor(0) IsCompressedDataValid(0)
[2018.01.19-17.56.00:554][970]LogAnimationCompression: Building Anim DDC data for AnimSequence /Game/AnimStarterPack/Crouch_Walk_Bwd_Rifle_Hip.Crouch_Walk_Bwd_Rifle_Hip
[2018.01.19-17.56.00:555][970]LogAnimationCompression: Recompressing (AnimSequence /Game/AnimStarterPack/Crouch_Walk_Bwd_Rifle_Hip.Crouch_Walk_Bwd_Rifle_Hip) using current/default (AnimCompress_BitwiseCompressOnly_6) bFirstRecompressUsingCurrentOrDefault(1) bTryAlternateCompressor(0) IsCompressedDataValid(0)
[2018.01.19-17.56.00:559][970]LogAnimationCompression: Building Anim DDC data for AnimSequence /Game/pratice/wonseok/character/animation/bow/standing_aim_overdraw.standing_aim_overdraw
[2018.01.19-17.56.00:559][970]LogAnimationCompression: Recompressing (AnimSequence /Game/pratice/wonseok/character/animation/bow/standing_aim_overdraw.standing_aim_overdraw) using current/default (AnimCompress_BitwiseCompressOnly_0) bFirstRecompressUsingCurrentOrDefault(1) bTryAlternateCompressor(0) IsCompressedDataValid(0)
[2018.01.19-17.56.00:567][970]LogAnimationCompression: Building Anim DDC data for AnimSequence /Game/pratice/wonseok/character/animation/bow/standing_aim_walk_right.standing_aim_walk_right
[2018.01.19-17.56.00:567][970]LogAnimationCompression: Recompressing (AnimSequence /Game/pratice/wonseok/character/animation/bow/standing_aim_walk_right.standing_aim_walk_right) using current/default (AnimCompress_BitwiseCompressOnly_0) bFirstRecompressUsingCurrentOrDefault(1) bTryAlternateCompressor(0) IsCompressedDataValid(0)
[2018.01.19-17.56.00:571][970]LogAnimationCompression: Building Anim DDC data for AnimSequence /Game/pratice/wonseok/character/animation/bow/standing_aim_walk_left.standing_aim_walk_left
[2018.01.19-17.56.00:571][970]LogAnimationCompression: Recompressing (AnimSequence /Game/pratice/wonseok/character/animation/bow/standing_aim_walk_left.standing_aim_walk_left) using current/default (AnimCompress_BitwiseCompressOnly_0) bFirstRecompressUsingCurrentOrDefault(1) bTryAlternateCompressor(0) IsCompressedDataValid(0)
[2018.01.19-17.56.00:574][970]LogAnimationCompression: Building Anim DDC data for AnimSequence /Game/pratice/wonseok/character/animation/bow/standing_aim_walk_forward.standing_aim_walk_forward
[2018.01.19-17.56.00:575][970]LogAnimationCompression: Recompressing (AnimSequence /Game/pratice/wonseok/character/animation/bow/standing_aim_walk_forward.standing_aim_walk_forward) using current/default (AnimCompress_BitwiseCompressOnly_0) bFirstRecompressUsingCurrentOrDefault(1) bTryAlternateCompressor(0) IsCompressedDataValid(0)
[2018.01.19-17.56.00:578][970]LogAnimationCompression: Building Anim DDC data for AnimSequence /Game/pratice/wonseok/character/animation/bow/standing_aim_walk_back.standing_aim_walk_back
[2018.01.19-17.56.00:578][970]LogAnimationCompression: Recompressing (AnimSequence /Game/pratice/wonseok/character/animation/bow/standing_aim_walk_back.standing_aim_walk_back) using current/default (AnimCompress_BitwiseCompressOnly_0) bFirstRecompressUsingCurrentOrDefault(1) bTryAlternateCompressor(0) IsCompressedDataValid(0)
[2018.01.19-17.56.00:581][970]LogAnimationCompression: Building Anim DDC data for AnimSequence /Game/pratice/wonseok/character/animation/bow/standing_run_back.standing_run_back
[2018.01.19-17.56.00:581][970]LogAnimationCompression: Recompressing (AnimSequence /Game/pratice/wonseok/character/animation/bow/standing_run_back.standing_run_back) using current/default (AnimCompress_BitwiseCompressOnly_0) bFirstRecompressUsingCurrentOrDefault(1) bTryAlternateCompressor(0) IsCompressedDataValid(0)
[2018.01.19-17.56.00:583][970]LogAnimationCompression: Building Anim DDC data for AnimSequence /Game/pratice/wonseok/character/animation/bow/standing_run_forward.standing_run_forward
[2018.01.19-17.56.00:584][970]LogAnimationCompression: Recompressing (AnimSequence /Game/pratice/wonseok/character/animation/bow/standing_run_forward.standing_run_forward) using current/default (AnimCompress_BitwiseCompressOnly_0) bFirstRecompressUsingCurrentOrDefault(1) bTryAlternateCompressor(0) IsCompressedDataValid(0)
[2018.01.19-17.56.00:587][970]LogAnimationCompression: Building Anim DDC data for AnimSequence /Game/pratice/wonseok/character/animation/bow/standing_walk_right.standing_walk_right
[2018.01.19-17.56.00:587][970]LogAnimationCompression: Recompressing (AnimSequence /Game/pratice/wonseok/character/animation/bow/standing_walk_right.standing_walk_right) using current/default (AnimCompress_BitwiseCompressOnly_0) bFirstRecompressUsingCurrentOrDefault(1) bTryAlternateCompressor(0) IsCompressedDataValid(0)
[2018.01.19-17.56.00:590][970]LogAnimationCompression: Building Anim DDC data for AnimSequence /Game/pratice/wonseok/character/animation/bow/standing_walk_left.standing_walk_left
[2018.01.19-17.56.00:590][970]LogAnimationCompression: Recompressing (AnimSequence /Game/pratice/wonseok/character/animation/bow/standing_walk_left.standing_walk_left) using current/default (AnimCompress_BitwiseCompressOnly_0) bFirstRecompressUsingCurrentOrDefault(1) bTryAlternateCompressor(0) IsCompressedDataValid(0)
[2018.01.19-17.56.00:593][970]LogAnimationCompression: Building Anim DDC data for AnimSequence /Game/pratice/wonseok/character/animation/bow/standing_idle_01.standing_idle_01
[2018.01.19-17.56.00:594][970]LogAnimationCompression: Recompressing (AnimSequence /Game/pratice/wonseok/character/animation/bow/standing_idle_01.standing_idle_01) using current/default (AnimCompress_BitwiseCompressOnly_1) bFirstRecompressUsingCurrentOrDefault(1) bTryAlternateCompressor(0) IsCompressedDataValid(0)
[2018.01.19-17.56.00:646][970]LogMaterial: Missing cached shader map for material M_Opaque_MeshEmit_Emis_Master_Surface, compiling. 
[2018.01.19-17.56.00:926][970]LogTexture: Display: 텍스처 빌드: T_Ice_Shard_Tiled_N (BC5, 1024X1024)
[2018.01.19-17.56.01:173][970]LogMaterial: Missing cached shader map for material MAT_AnimTrail, compiling. 
[2018.01.19-17.56.01:255][970]LogTexture: Display: 텍스처 빌드: T_ML_Rubber_Blue_01_D (DXT1, 512X512)
[2018.01.19-17.56.01:519][970]LogTexture: Display: 텍스처 빌드: T_ML_Rubber_Blue_01_N (BC5, 512X512)
[2018.01.19-17.56.01:609][970]LogTexture: Display: 텍스처 빌드: T_ML_Aluminum01 (DXT1, 512X512)
[2018.01.19-17.56.01:841][970]LogTexture: Display: 텍스처 빌드: T_ML_Aluminum01_N (BC5, 512X512)
[2018.01.19-17.56.01:934][970]LogTexture: Display: 텍스처 빌드: UE4_Mannequin_MAT_MASKA (AutoDXT, 1024X1024)
[2018.01.19-17.56.02:522][970]LogTexture: Display: 텍스처 빌드: UE4_Mannequin__normals (BC5, 2048X2048)
[2018.01.19-17.56.03:397][970]LogTexture: Display: 텍스처 빌드: UE4_Mannequin_occlusion_Mobile (DXT1, 512X512)
[2018.01.19-17.56.03:584][970]LogMaterial: Missing cached shader map for material M_UE4Man_Body, compiling. 
[2018.01.19-17.56.03:943][970]LogTexture: Display: 텍스처 빌드: UE4Man_Logo_N (BC5, 512X512)
[2018.01.19-17.56.04:057][970]LogMaterial: Missing cached shader map for material M_UE4Man_Body, compiling. 
[2018.01.19-17.56.04:378][970]LogTexture: Display: 텍스처 빌드: T_Dual_Blade_Tech1_D (AutoDXT, 512X512)
[2018.01.19-17.56.04:684][970]LogTexture: Display: 텍스처 빌드: T_Dual_Blade_Tech2_D (AutoDXT, 512X512)
[2018.01.19-17.56.05:015][970]LogTexture: Display: 텍스처 빌드: T_Dual_Blade_Tech1_N (BC5, 512X512)
[2018.01.19-17.56.05:064][970]LogTexture: Display: 텍스처 빌드: T_Dual_Blade_Tech2_M (AutoDXT, 512X512)
[2018.01.19-17.56.05:146][970]LogTexture: Display: 텍스처 빌드: T_Dual_Blade_Tech1_M (AutoDXT, 512X512)
[2018.01.19-17.56.05:322][970]LogMaterial: Missing cached shader map for material M_Dual_Blade_Tech, compiling. 
[2018.01.19-17.56.05:485][970]LogTexture: Display: 텍스처 빌드: iron_buckler_specular (AutoDXT, 512X512)
[2018.01.19-17.56.05:632][970]LogTexture: Display: 텍스처 빌드: iron_buckler_normal (BC5, 512X512)
[2018.01.19-17.56.05:711][970]LogMaterial: Missing cached shader map for material BucklerTex, compiling. 
[2018.01.19-17.56.05:885][970]LogTexture: Display: 텍스처 빌드: Bow_Quiver_Arrow_d (AutoDXT, 1024X512)
[2018.01.19-17.56.06:424][970]LogTexture: Display: 텍스처 빌드: Bow_Quiver_Arrow_n (BC5, 1024X512)
[2018.01.19-17.56.06:649][970]LogTexture: Display: 텍스처 빌드: Bow_Quiver_Arrow_s (AutoDXT, 1024X512)
[2018.01.19-17.56.07:189][970]LogMaterial: Missing cached shader map for material defaultMat, compiling. 
[2018.01.19-17.56.07:265][970]LogTexture: Display: 텍스처 빌드: Green_Arrow_Quiver_D (AutoDXT, 512X512)
[2018.01.19-17.56.07:368][970]LogTexture: Display: 텍스처 빌드: Green_Arrow_Quiver_N (BC5, 512X512)
[2018.01.19-17.56.07:433][970]LogTexture: Display: 텍스처 빌드: Green_Arrow_Quiver_S (AutoDXT, 512X512)
[2018.01.19-17.56.07:537][970]LogMaterial: Missing cached shader map for material GreenArrowQuiver, compiling. 
[2018.01.19-17.56.07:729][970]LogMaterial: Missing cached shader map for material M_Trail, compiling. 
[2018.01.19-17.56.07:792][970]LogAnimationCompression: Building Anim DDC data for AnimSequence /Game/pratice/wonseok/character/animation/sword_and_shield_attack.sword_and_shield_attack
[2018.01.19-17.56.07:792][970]LogAnimationCompression: Recompressing (AnimSequence /Game/pratice/wonseok/character/animation/sword_and_shield_attack.sword_and_shield_attack) using current/default (AnimCompress_BitwiseCompressOnly_1) bFirstRecompressUsingCurrentOrDefault(1) bTryAlternateCompressor(0) IsCompressedDataValid(0)
[2018.01.19-17.56.07:798][970]LogAnimationCompression: Building Anim DDC data for AnimSequence /Game/pratice/wonseok/character/animation/greatsword/great_sword_kick__2_.great_sword_kick__2_
[2018.01.19-17.56.07:798][970]LogAnimationCompression: Recompressing (AnimSequence /Game/pratice/wonseok/character/animation/greatsword/great_sword_kick__2_.great_sword_kick__2_) using current/default (AnimCompress_BitwiseCompressOnly_0) bFirstRecompressUsingCurrentOrDefault(1) bTryAlternateCompressor(0) IsCompressedDataValid(0)
[2018.01.19-17.56.07:806][970]LogAnimationCompression: Building Anim DDC data for AnimSequence /Game/pratice/wonseok/character/animation/sword_and_shield_attack__4_.sword_and_shield_attack__4_
[2018.01.19-17.56.07:806][970]LogAnimationCompression: Recompressing (AnimSequence /Game/pratice/wonseok/character/animation/sword_and_shield_attack__4_.sword_and_shield_attack__4_) using current/default (AnimCompress_BitwiseCompressOnly_0) bFirstRecompressUsingCurrentOrDefault(1) bTryAlternateCompressor(0) IsCompressedDataValid(0)
[2018.01.19-17.56.07:916][970]LogAnimationCompression: Building Anim DDC data for AnimSequence /Game/pratice/wonseok/character/animation/sword_and_shield_slash.sword_and_shield_slash
[2018.01.19-17.56.07:917][970]LogAnimationCompression: Recompressing (AnimSequence /Game/pratice/wonseok/character/animation/sword_and_shield_slash.sword_and_shield_slash) using current/default (AnimCompress_BitwiseCompressOnly_1) bFirstRecompressUsingCurrentOrDefault(1) bTryAlternateCompressor(0) IsCompressedDataValid(0)
[2018.01.19-17.56.08:086][970]LogAnimationCompression: Building Anim DDC data for AnimSequence /Game/pratice/wonseok/character/animation/sword_and_shield_attack__2_.sword_and_shield_attack__2_
[2018.01.19-17.56.08:087][970]LogAnimationCompression: Recompressing (AnimSequence /Game/pratice/wonseok/character/animation/sword_and_shield_attack__2_.sword_and_shield_attack__2_) using current/default (AnimCompress_BitwiseCompressOnly_1) bFirstRecompressUsingCurrentOrDefault(1) bTryAlternateCompressor(0) IsCompressedDataValid(0)
[2018.01.19-17.56.08:282][970]LogAnimationCompression: Building Anim DDC data for AnimSequence /Game/pratice/wonseok/character/animation/sword_and_shield_kick.sword_and_shield_kick
[2018.01.19-17.56.08:282][970]LogAnimationCompression: Recompressing (AnimSequence /Game/pratice/wonseok/character/animation/sword_and_shield_kick.sword_and_shield_kick) using current/default (AnimCompress_BitwiseCompressOnly_0) bFirstRecompressUsingCurrentOrDefault(1) bTryAlternateCompressor(0) IsCompressedDataValid(0)
[2018.01.19-17.56.08:496][970]LogMaterial: Missing cached shader map for material force, compiling. 
[2018.01.19-17.56.08:604][970]LogTexture: Display: 텍스처 빌드: Arrow_D (AutoDXT, 512X512)
[2018.01.19-17.56.08:754][970]LogTexture: Display: 텍스처 빌드: Arrow_N (BC5, 512X512)
[2018.01.19-17.56.08:833][970]LogTexture: Display: 텍스처 빌드: Arrow_S (AutoDXT, 512X512)
[2018.01.19-17.56.08:968][970]LogMaterial: Missing cached shader map for material arrow1, compiling. 
[2018.01.19-17.56.09:068][970]LogAnimationCompression: Building Anim DDC data for AnimSequence /Game/pratice/wonseok/character/animation/greatsword/great_sword_slash.great_sword_slash
[2018.01.19-17.56.09:068][970]LogAnimationCompression: Recompressing (AnimSequence /Game/pratice/wonseok/character/animation/greatsword/great_sword_slash.great_sword_slash) using current/default (AnimCompress_BitwiseCompressOnly_0) bFirstRecompressUsingCurrentOrDefault(1) bTryAlternateCompressor(0) IsCompressedDataValid(0)
[2018.01.19-17.56.09:186][970]LogAnimationCompression: Building Anim DDC data for AnimSequence /Game/pratice/wonseok/character/animation/greatsword/great_sword_slash__3_.great_sword_slash__3_
[2018.01.19-17.56.09:186][970]LogAnimationCompression: Recompressing (AnimSequence /Game/pratice/wonseok/character/animation/greatsword/great_sword_slash__3_.great_sword_slash__3_) using current/default (AnimCompress_BitwiseCompressOnly_0) bFirstRecompressUsingCurrentOrDefault(1) bTryAlternateCompressor(0) IsCompressedDataValid(0)
[2018.01.19-17.56.09:192][970]LogAnimationCompression: Building Anim DDC data for AnimSequence /Game/pratice/wonseok/character/animation/sheath_sword_2.sheath_sword_2
[2018.01.19-17.56.09:192][970]LogAnimationCompression: Recompressing (AnimSequence /Game/pratice/wonseok/character/animation/sheath_sword_2.sheath_sword_2) using current/default (AnimCompress_BitwiseCompressOnly_1) bFirstRecompressUsingCurrentOrDefault(1) bTryAlternateCompressor(0) IsCompressedDataValid(0)
[2018.01.19-17.56.09:194][970]LogAnimationCompression: Building Anim DDC data for AnimSequence /Game/pratice/wonseok/character/animation/sheath_sword_1.sheath_sword_1
[2018.01.19-17.56.09:194][970]LogAnimationCompression: Recompressing (AnimSequence /Game/pratice/wonseok/character/animation/sheath_sword_1.sheath_sword_1) using current/default (AnimCompress_BitwiseCompressOnly_1) bFirstRecompressUsingCurrentOrDefault(1) bTryAlternateCompressor(0) IsCompressedDataValid(0)
[2018.01.19-17.56.09:198][970]LogAnimationCompression: Building Anim DDC data for AnimSequence /Game/pratice/wonseok/character/animation/greatsword/Sheath_A_Great_Sword_2.Sheath_A_Great_Sword_2
[2018.01.19-17.56.09:198][970]LogAnimationCompression: Recompressing (AnimSequence /Game/pratice/wonseok/character/animation/greatsword/Sheath_A_Great_Sword_2.Sheath_A_Great_Sword_2) using current/default (AnimCompress_BitwiseCompressOnly_0) bFirstRecompressUsingCurrentOrDefault(1) bTryAlternateCompressor(0) IsCompressedDataValid(0)
[2018.01.19-17.56.09:201][970]LogAnimationCompression: Building Anim DDC data for AnimSequence /Game/pratice/wonseok/character/animation/greatsword/Sheath_A_Great_Sword_1.Sheath_A_Great_Sword_1
[2018.01.19-17.56.09:202][970]LogAnimationCompression: Recompressing (AnimSequence /Game/pratice/wonseok/character/animation/greatsword/Sheath_A_Great_Sword_1.Sheath_A_Great_Sword_1) using current/default (AnimCompress_BitwiseCompressOnly_0) bFirstRecompressUsingCurrentOrDefault(1) bTryAlternateCompressor(0) IsCompressedDataValid(0)
[2018.01.19-17.56.09:205][970]LogAnimationCompression: Building Anim DDC data for AnimSequence /Game/pratice/wonseok/character/animation/greatsword/draw_a_great_sword_2.draw_a_great_sword_2
[2018.01.19-17.56.09:206][970]LogAnimationCompression: Recompressing (AnimSequence /Game/pratice/wonseok/character/animation/greatsword/draw_a_great_sword_2.draw_a_great_sword_2) using current/default (AnimCompress_BitwiseCompressOnly_0) bFirstRecompressUsingCurrentOrDefault(1) bTryAlternateCompressor(0) IsCompressedDataValid(0)
[2018.01.19-17.56.09:209][970]LogAnimationCompression: Building Anim DDC data for AnimSequence /Game/pratice/wonseok/character/animation/greatsword/draw_a_great_sword_1.draw_a_great_sword_1
[2018.01.19-17.56.09:209][970]LogAnimationCompression: Recompressing (AnimSequence /Game/pratice/wonseok/character/animation/greatsword/draw_a_great_sword_1.draw_a_great_sword_1) using current/default (AnimCompress_BitwiseCompressOnly_0) bFirstRecompressUsingCurrentOrDefault(1) bTryAlternateCompressor(0) IsCompressedDataValid(0)
[2018.01.19-17.56.09:227][970]LogAnimationCompression: Building Anim DDC data for AnimSequence /Game/pratice/wonseok/character/animation/draw_sword_2.draw_sword_2
[2018.01.19-17.56.09:227][970]LogAnimationCompression: Recompressing (AnimSequence /Game/pratice/wonseok/character/animation/draw_sword_2.draw_sword_2) using current/default (AnimCompress_BitwiseCompressOnly_1) bFirstRecompressUsingCurrentOrDefault(1) bTryAlternateCompressor(0) IsCompressedDataValid(0)
[2018.01.19-17.56.09:373][970]LogAnimationCompression: Building Anim DDC data for AnimSequence /Game/pratice/wonseok/character/animation/draw_sword_1.draw_sword_1
[2018.01.19-17.56.09:373][970]LogAnimationCompression: Recompressing (AnimSequence /Game/pratice/wonseok/character/animation/draw_sword_1.draw_sword_1) using current/default (AnimCompress_BitwiseCompressOnly_0) bFirstRecompressUsingCurrentOrDefault(1) bTryAlternateCompressor(0) IsCompressedDataValid(0)
[2018.01.19-17.56.09:375][970]LogAnimationCompression: Building Anim DDC data for AnimSequence /Game/pratice/wonseok/character/animation/bow/standing_draw_arrow.standing_draw_arrow
[2018.01.19-17.56.09:375][970]LogAnimationCompression: Recompressing (AnimSequence /Game/pratice/wonseok/character/animation/bow/standing_draw_arrow.standing_draw_arrow) using current/default (AnimCompress_BitwiseCompressOnly_0) bFirstRecompressUsingCurrentOrDefault(1) bTryAlternateCompressor(0) IsCompressedDataValid(0)
[2018.01.19-17.56.09:528][970]LogAnimationCompression: Building Anim DDC data for AnimSequence /Game/pratice/wonseok/character/animation/bow/standing_aim_recoil.standing_aim_recoil
[2018.01.19-17.56.09:528][970]LogAnimationCompression: Recompressing (AnimSequence /Game/pratice/wonseok/character/animation/bow/standing_aim_recoil.standing_aim_recoil) using current/default (AnimCompress_BitwiseCompressOnly_0) bFirstRecompressUsingCurrentOrDefault(1) bTryAlternateCompressor(0) IsCompressedDataValid(0)
[2018.01.19-17.56.09:543][970]LogAnimationCompression: Building Anim DDC data for AnimSequence /Game/AnimStarterPack/Jog_Lt_Rifle.Jog_Lt_Rifle
[2018.01.19-17.56.09:543][970]LogAnimationCompression: Recompressing (AnimSequence /Game/AnimStarterPack/Jog_Lt_Rifle.Jog_Lt_Rifle) using current/default (AnimCompress_BitwiseCompressOnly_0) bFirstRecompressUsingCurrentOrDefault(1) bTryAlternateCompressor(0) IsCompressedDataValid(0)
[2018.01.19-17.56.09:546][970]LogAnimationCompression: Building Anim DDC data for AnimSequence /Game/AnimStarterPack/Jog_Bwd_Rifle.Jog_Bwd_Rifle
[2018.01.19-17.56.09:546][970]LogAnimationCompression: Recompressing (AnimSequence /Game/AnimStarterPack/Jog_Bwd_Rifle.Jog_Bwd_Rifle) using current/default (AnimCompress_BitwiseCompressOnly_34) bFirstRecompressUsingCurrentOrDefault(1) bTryAlternateCompressor(0) IsCompressedDataValid(0)
[2018.01.19-17.56.09:549][970]LogAnimationCompression: Building Anim DDC data for AnimSequence /Game/AnimStarterPack/Jump_From_Stand.Jump_From_Stand
[2018.01.19-17.56.09:549][970]LogAnimationCompression: Recompressing (AnimSequence /Game/AnimStarterPack/Jump_From_Stand.Jump_From_Stand) using current/default (AnimCompress_BitwiseCompressOnly_39) bFirstRecompressUsingCurrentOrDefault(1) bTryAlternateCompressor(0) IsCompressedDataValid(0)
[2018.01.19-17.56.09:558][970]LogAIModule: Creating AISystem for world testmap
[2018.01.19-17.56.09:559][970]LogLoad: Game class is 'mainGameMode'
[2018.01.19-17.56.09:561][970]LogTemp: Display: ParseSettings for GameNetDriver
[2018.01.19-17.56.09:562][970]LogTemp: Display: ParseSettings for SteamNetDriver_0
[2018.01.19-17.56.09:562][970]LogTemp: Display: ParseSettings for GameNetDriver
[2018.01.19-17.56.09:565][970]LogNet: Display: SteamNetDriver_0 bound to port 7777
[2018.01.19-17.56.09:566][970]PacketHandlerLog: Loaded PacketHandler component: Engine.EngineHandlerComponentFactory (StatelessConnectHandlerComponent)
[2018.01.19-17.56.09:568][970]LogNet: GameNetDriver SteamNetDriver_0 IpNetDriver listening on port 7777
[2018.01.19-17.56.09:646][970]LogWorld: Bringing World /Game/pratice/wonseok/Material/testmap.testmap up for play (max tick rate 0) at 2018.01.20-02.56.09
[2018.01.19-17.56.09:655][970]LogWorld: Bringing up level for play took: 0.037934
[2018.01.19-17.56.09:659][970]LogGameMode: FindPlayerStart: PATHS NOT DEFINED or NO PLAYERSTART with positive rating
[2018.01.19-17.56.09:681][970]LogLoad: Took 17.630109 seconds to LoadMap(/Game/pratice/wonseok/map/testmap)
[2018.01.19-17.56.09:924][971]LogWindowsTextInputMethodSystem: Display: IME system now activated using TSF (Microsoft 입력기).
[2018.01.19-17.56.09:931][971]LogEngine: All Windows Closed
[2018.01.19-17.56.09:931][971]LogWindows: FPlatformMisc::RequestExit(0)
[2018.01.19-17.56.09:946][972]LogNet: World NetDriver shutdown SteamNetDriver_0 [GameNetDriver]
[2018.01.19-17.56.09:946][972]LogNet: DestroyNamedNetDriver SteamNetDriver_0 [GameNetDriver]
[2018.01.19-17.56.09:947][972]LogExit: GameNetDriver SteamNetDriver_0 shut down
[2018.01.19-17.56.10:477][972]LogExit: Preparing to exit.
[2018.01.19-17.56.10:478][972]LogMoviePlayer: Shutting down movie player
[2018.01.19-17.56.11:588][972]LogExit: Game engine shut down
[2018.01.19-17.56.11:881][972]LogExit: Object subsystem successfully closed.
[2018.01.19-17.56.11:936][972]LogD3D11RHI: Shutdown
[2018.01.19-17.56.11:941][972]LogD3D11RHI: CleanupD3DDevice
[2018.01.19-17.56.11:967][972]LogD3D11RHI: ~FD3D11DynamicRHI
[2018.01.19-17.56.11:998][972]LogModuleManager: Shutting down and abandoning module SequenceRecorderSections (316)
[2018.01.19-17.56.11:999][972]LogModuleManager: Shutting down and abandoning module SequenceRecorder (314)
[2018.01.19-17.56.11:999][972]LogModuleManager: Shutting down and abandoning module AutomationController (312)
[2018.01.19-17.56.12:000][972]LogModuleManager: Shutting down and abandoning module AutomationWorker (310)
[2018.01.19-17.56.12:000][972]LogModuleManager: Shutting down and abandoning module AIModule (308)
[2018.01.19-17.56.12:000][972]LogModuleManager: Shutting down and abandoning module GameplayDebugger (307)
[2018.01.19-17.56.12:001][972]LogModuleManager: Shutting down and abandoning module AITestSuite (305)
[2018.01.19-17.56.12:001][972]LogModuleManager: Shutting down and abandoning module WmfMediaFactory (302)
[2018.01.19-17.56.12:001][972]LogModuleManager: Shutting down and abandoning module OpenExrWrapper (300)
[2018.01.19-17.56.12:001][972]LogModuleManager: Shutting down and abandoning module ImgMediaFactory (298)
[2018.01.19-17.56.12:001][972]LogModuleManager: Shutting down and abandoning module AvfMediaFactory (296)
[2018.01.19-17.56.12:001][972]LogModuleManager: Shutting down and abandoning module CharacterAI (294)
[2018.01.19-17.56.12:001][972]LogModuleManager: Shutting down and abandoning module SessionServices (292)
[2018.01.19-17.56.12:002][972]LogModuleManager: Shutting down and abandoning module MovieSceneCapture (290)
[2018.01.19-17.56.12:002][972]LogModuleManager: Shutting down and abandoning module MovieSceneTracks (288)
[2018.01.19-17.56.12:002][972]LogModuleManager: Shutting down and abandoning module MovieScene (286)
[2018.01.19-17.56.12:002][972]LogModuleManager: Shutting down and abandoning module GeometryCache (284)
[2018.01.19-17.56.12:002][972]LogModuleManager: Shutting down and abandoning module GeometryCacheEd (283)
[2018.01.19-17.56.12:002][972]LogModuleManager: Shutting down and abandoning module StreamingPauseRendering (280)
[2018.01.19-17.56.12:002][972]LogModuleManager: Shutting down and abandoning module PortalServices (278)
[2018.01.19-17.56.12:002][972]LogModuleManager: Shutting down and abandoning module PortalRpc (276)
[2018.01.19-17.56.12:002][972]LogModuleManager: Shutting down and abandoning module MessagingRpc (274)
[2018.01.19-17.56.12:003][972]LogModuleManager: Shutting down and abandoning module ProfilerService (272)
[2018.01.19-17.56.12:206][972]LogModuleManager: Shutting down and abandoning module TaskGraph (270)
[2018.01.19-17.56.12:207][972]LogModuleManager: Shutting down and abandoning module SteamVRController (268)
[2018.01.19-17.56.12:207][972]LogModuleManager: Shutting down and abandoning module ProceduralMeshComponent (266)
[2018.01.19-17.56.12:207][972]LogModuleManager: Shutting down and abandoning module OculusInput (264)
[2018.01.19-17.56.12:207][972]LogModuleManager: Shutting down and abandoning module MobilePatchingUtils (262)
[2018.01.19-17.56.12:207][972]LogModuleManager: Shutting down and abandoning module CustomMeshComponent (260)
[2018.01.19-17.56.12:207][972]LogModuleManager: Shutting down and abandoning module CableComponent (258)
[2018.01.19-17.56.12:207][972]LogModuleManager: Shutting down and abandoning module ArchVisCharacter (256)
[2018.01.19-17.56.12:207][972]LogModuleManager: Shutting down and abandoning module AndroidPermission (254)
[2018.01.19-17.56.12:207][972]LogModuleManager: Shutting down and abandoning module ActorSequence (250)
[2018.01.19-17.56.12:207][972]LogModuleManager: Shutting down and abandoning module MediaCompositing (248)
[2018.01.19-17.56.12:207][972]LogModuleManager: Shutting down and abandoning module HTML5Networking (246)
[2018.01.19-17.56.12:207][972]LogModuleManager: Shutting down and abandoning module VisualStudioSourceCodeAccess (244)
[2018.01.19-17.56.12:207][972]LogModuleManager: Shutting down and abandoning module HotReload (243)
[2018.01.19-17.56.12:207][972]LogDirectoryWatcher: A directory notification for 'E:/really/set/main/Binaries/Win64' was aborted.
[2018.01.19-17.56.12:208][972]LogModuleManager: Shutting down and abandoning module VisualStudioCodeSourceCodeAccess (240)
[2018.01.19-17.56.12:208][972]LogModuleManager: Shutting down and abandoning module UObjectPlugin (238)
[2018.01.19-17.56.12:208][972]LogModuleManager: Shutting down and abandoning module SubversionSourceControl (236)
[2018.01.19-17.56.12:208][972]LogModuleManager: Shutting down and abandoning module PerforceSourceControl (234)
[2018.01.19-17.56.12:209][972]LogModuleManager: Shutting down and abandoning module SourceControl (233)
[2018.01.19-17.56.12:209][972]LogModuleManager: Shutting down and abandoning module main (230)
[2018.01.19-17.56.12:209][972]LogModuleManager: Shutting down and abandoning module RuntimePhysXCooking (228)
[2018.01.19-17.56.12:209][972]LogModuleManager: Shutting down and abandoning module PhysXVehiclesEditor (226)
[2018.01.19-17.56.12:209][972]LogModuleManager: Shutting down and abandoning module PhysXVehicles (224)
[2018.01.19-17.56.12:209][972]LogModuleManager: Shutting down and abandoning module LocationServicesBPLibrary (222)
[2018.01.19-17.56.12:209][972]LogModuleManager: Shutting down and abandoning module ImmediatePhysicsEditor (220)
[2018.01.19-17.56.12:209][972]LogModuleManager: Shutting down and abandoning module ImmediatePhysics (218)
[2018.01.19-17.56.12:210][972]LogModuleManager: Shutting down and abandoning module UdpMessaging (216)
[2018.01.19-17.56.12:310][972]LogModuleManager: Shutting down and abandoning module TcpMessaging (214)
