Log file open, 01/20/18 18:59:52
LogWindows: Failed to load 'aqProf.dll' (GetLastError=126)
LogWindows: File 'aqProf.dll' does not exist
LogWindows: Failed to load 'VSPerf140.dll' (GetLastError=126)
LogWindows: File 'VSPerf140.dll' does not exist
LogWindows: Failed to load 'VtuneApi.dll' (GetLastError=126)
LogWindows: File 'VtuneApi.dll' does not exist
LogWindows: Failed to load 'VtuneApi32e.dll' (GetLastError=126)
LogWindows: File 'VtuneApi32e.dll' does not exist
LogInit: Display: Running engine for game: main
LogPlatformFile: Not using cached read wrapper
LogInit: Display: RandInit(1063937639) SRandInit(1063937639).
LogInit: Read version file with build ID '3709383'
LogInit: Overriding engine version to CL 3794801, compatible CL 3709383
LogInit: Registered custom module enumerator with build ID '3709383'
LogTaskGraph: Started task graph with 5 named threads and 14 total threads with 3 sets of task threads.
LogStats: Stats thread started at 0.179154
LogD3D11RHI: Aftermath initialized
LogPluginManager: Mounting plugin Paper2D
LogPluginManager: Mounting plugin LightPropagationVolume
LogPluginManager: Mounting plugin CodeLiteSourceCodeAccess
LogPluginManager: Mounting plugin GitSourceControl
LogPluginManager: Mounting plugin KDevelopSourceCodeAccess
LogPluginManager: Mounting plugin NullSourceCodeAccess
LogPluginManager: Mounting plugin PerforceSourceControl
LogPluginManager: Mounting plugin SubversionSourceControl
LogPluginManager: Mounting plugin UObjectPlugin
LogPluginManager: Mounting plugin VisualStudioCodeSourceCodeAccess
LogPluginManager: Mounting plugin VisualStudioSourceCodeAccess
LogPluginManager: Mounting plugin XCodeSourceCodeAccess
LogPluginManager: Mounting plugin AssetManagerEditor
LogPluginManager: Mounting plugin AudioCapture
LogPluginManager: Mounting plugin FacialAnimation
LogPluginManager: Mounting plugin GameplayTagsEditor
LogPluginManager: Mounting plugin MobileLauncherProfileWizard
LogPluginManager: Mounting plugin PluginBrowser
LogPluginManager: Mounting plugin SpeedTreeImporter
LogPluginManager: Mounting plugin AlembicImporter
LogPluginManager: Mounting plugin CharacterAI
LogPluginManager: Mounting plugin HTML5Networking
LogPluginManager: Mounting plugin AndroidMedia
LogPluginManager: Mounting plugin AvfMedia
LogPluginManager: Mounting plugin ImgMedia
LogPluginManager: Mounting plugin MediaCompositing
LogPluginManager: Mounting plugin MediaPlayerEditor
LogPluginManager: Mounting plugin WmfMedia
LogPluginManager: Mounting plugin TcpMessaging
LogPluginManager: Mounting plugin UdpMessaging
LogPluginManager: Mounting plugin ActorSequence
LogPluginManager: Mounting plugin LevelSequenceEditor
LogPluginManager: Mounting plugin MatineeToLevelSequence
LogPluginManager: Mounting plugin OnlineSubsystemGooglePlay
LogPluginManager: Mounting plugin OnlineSubsystemIOS
LogPluginManager: Mounting plugin OnlineSubsystem
LogPluginManager: Mounting plugin OnlineSubsystemNull
LogPluginManager: Mounting plugin OnlineSubsystemSteam
LogPluginManager: Mounting plugin OnlineSubsystemUtils
LogPluginManager: Mounting plugin AndroidDeviceProfileSelector
LogPluginManager: Mounting plugin AndroidMoviePlayer
LogPluginManager: Mounting plugin AndroidPermission
LogPluginManager: Mounting plugin AppleARKit
LogPluginManager: Mounting plugin AppleMoviePlayer
LogPluginManager: Mounting plugin ArchVisCharacter
LogPluginManager: Mounting plugin CableComponent
LogPluginManager: Mounting plugin CustomMeshComponent
LogPluginManager: Mounting plugin ExampleDeviceProfileSelector
LogPluginManager: Mounting plugin GoogleCloudMessaging
LogPluginManager: Mounting plugin ImmediatePhysics
LogPluginManager: Mounting plugin IOSDeviceProfileSelector
LogPluginManager: Mounting plugin LinuxDeviceProfileSelector
LogPluginManager: Mounting plugin LocationServicesBPLibrary
LogPluginManager: Mounting plugin MobilePatchingUtils
LogPluginManager: Mounting plugin OculusVR
LogPluginManager: Plugin shader directory ../../../Engine/Plugins/Runtime/Oculus/OculusVR/Shaders found
LogPluginManager: Mapping shader source directory ../../../Engine/Plugins/Runtime/Oculus/OculusVR/Shaders to virtual directory /Plugin/OculusVR
LogPluginManager: Mounting plugin PhysXVehicles
LogPluginManager: Mounting plugin ProceduralMeshComponent
LogPluginManager: Mounting plugin RuntimePhysXCooking
LogPluginManager: Mounting plugin SteamVR
LogPluginManager: Mounting plugin WindowsMoviePlayer
LogModuleManager: Display: Found up-to-date module file E:/really/set/main/Binaries/Win64/UE4Editor-main.dll (API version 3709383).
LogModuleManager: Display: Found up-to-date module file ../../../Engine/Plugins/2D/Paper2D/Binaries/Win64/UE4Editor-Paper2D.dll (API version 3709383).
LogModuleManager: Display: Found up-to-date module file ../../../Engine/Plugins/2D/Paper2D/Binaries/Win64/UE4Editor-Paper2DEditor.dll (API version 3709383).
LogModuleManager: Display: Found up-to-date module file ../../../Engine/Plugins/2D/Paper2D/Binaries/Win64/UE4Editor-PaperSpriteSheetImporter.dll (API version 3709383).
LogModuleManager: Display: Found up-to-date module file ../../../Engine/Plugins/2D/Paper2D/Binaries/Win64/UE4Editor-PaperTiledImporter.dll (API version 3709383).
LogModuleManager: Display: Found up-to-date module file ../../../Engine/Plugins/2D/Paper2D/Binaries/Win64/UE4Editor-SmartSnapping.dll (API version 3709383).
LogModuleManager: Display: Found up-to-date module file ../../../Engine/Plugins/Blendables/LightPropagationVolume/Binaries/Win64/UE4Editor-LightPropagationVolumeRuntime.dll (API version 3709383).
LogModuleManager: Display: Found up-to-date module file ../../../Engine/Plugins/Blendables/LightPropagationVolume/Binaries/Win64/UE4Editor-LightPropagationVolumeEditor.dll (API version 3709383).
LogModuleManager: Display: Found up-to-date module file ../../../Engine/Plugins/Developer/GitSourceControl/Binaries/Win64/UE4Editor-GitSourceControl.dll (API version 3709383).
LogModuleManager: Display: Found up-to-date module file ../../../Engine/Plugins/Developer/PerforceSourceControl/Binaries/Win64/UE4Editor-PerforceSourceControl.dll (API version 3709383).
LogModuleManager: Display: Found up-to-date module file ../../../Engine/Plugins/Developer/SubversionSourceControl/Binaries/Win64/UE4Editor-SubversionSourceControl.dll (API version 3709383).
LogModuleManager: Display: Found up-to-date module file ../../../Engine/Plugins/Developer/UObjectPlugin/Binaries/Win64/UE4Editor-UObjectPlugin.dll (API version 3709383).
LogModuleManager: Display: Found up-to-date module file ../../../Engine/Plugins/Developer/VisualStudioCodeSourceCodeAccess/Binaries/Win64/UE4Editor-VisualStudioCodeSourceCodeAccess.dll (API version 3709383).
LogModuleManager: Display: Found up-to-date module file ../../../Engine/Plugins/Developer/VisualStudioSourceCodeAccess/Binaries/Win64/UE4Editor-VisualStudioSourceCodeAccess.dll (API version 3709383).
LogModuleManager: Display: Found up-to-date module file ../../../Engine/Plugins/Editor/AssetManagerEditor/Binaries/Win64/UE4Editor-AssetManagerEditor.dll (API version 3709383).
LogModuleManager: Display: Found up-to-date module file ../../../Engine/Plugins/Editor/AudioCapture/Binaries/Win64/UE4Editor-AudioCapture.dll (API version 3709383).
LogModuleManager: Display: Found up-to-date module file ../../../Engine/Plugins/Editor/FacialAnimation/Binaries/Win64/UE4Editor-FacialAnimation.dll (API version 3709383).
LogModuleManager: Display: Found up-to-date module file ../../../Engine/Plugins/Editor/FacialAnimation/Binaries/Win64/UE4Editor-FacialAnimationEditor.dll (API version 3709383).
LogModuleManager: Display: Found up-to-date module file ../../../Engine/Plugins/Editor/GameplayTagsEditor/Binaries/Win64/UE4Editor-GameplayTagsEditor.dll (API version 3709383).
LogModuleManager: Display: Found up-to-date module file ../../../Engine/Plugins/Editor/MobileLauncherProfileWizard/Binaries/Win64/UE4Editor-MobileLauncherProfileWizard.dll (API version 3709383).
LogModuleManager: Display: Found up-to-date module file ../../../Engine/Plugins/Editor/PluginBrowser/Binaries/Win64/UE4Editor-PluginBrowser.dll (API version 3709383).
LogModuleManager: Display: Found up-to-date module file ../../../Engine/Plugins/Editor/SpeedTreeImporter/Binaries/Win64/UE4Editor-SpeedTreeImporter.dll (API version 3709383).
LogModuleManager: Display: Found up-to-date module file ../../../Engine/Plugins/Experimental/AlembicImporter/Binaries/Win64/UE4Editor-AlembicImporter.dll (API version 3709383).
LogModuleManager: Display: Found up-to-date module file ../../../Engine/Plugins/Experimental/AlembicImporter/Binaries/Win64/UE4Editor-AlembicLibrary.dll (API version 3709383).
LogModuleManager: Display: Found up-to-date module file ../../../Engine/Plugins/Experimental/CharacterAI/Binaries/Win64/UE4Editor-CharacterAI.dll (API version 3709383).
LogModuleManager: Display: Found up-to-date module file ../../../Engine/Plugins/Experimental/HTML5Networking/Binaries/Win64/UE4Editor-HTML5Networking.dll (API version 3709383).
LogModuleManager: Display: Found up-to-date module file ../../../Engine/Plugins/Media/AndroidMedia/Binaries/Win64/UE4Editor-AndroidMediaEditor.dll (API version 3709383).
LogModuleManager: Display: Found up-to-date module file ../../../Engine/Plugins/Media/AndroidMedia/Binaries/Win64/UE4Editor-AndroidMediaFactory.dll (API version 3709383).
LogModuleManager: Display: Found up-to-date module file ../../../Engine/Plugins/Media/AvfMedia/Binaries/Win64/UE4Editor-AvfMediaEditor.dll (API version 3709383).
LogModuleManager: Display: Found up-to-date module file ../../../Engine/Plugins/Media/AvfMedia/Binaries/Win64/UE4Editor-AvfMediaFactory.dll (API version 3709383).
LogModuleManager: Display: Found up-to-date module file ../../../Engine/Plugins/Media/AvfMedia/Binaries/Win64/UE4Editor-AvfMediaFactory.dll (API version 3709383).
LogModuleManager: Display: Found up-to-date module file ../../../Engine/Plugins/Media/ImgMedia/Binaries/Win64/UE4Editor-ImgMedia.dll (API version 3709383).
LogModuleManager: Display: Found up-to-date module file ../../../Engine/Plugins/Media/ImgMedia/Binaries/Win64/UE4Editor-ImgMediaEditor.dll (API version 3709383).
LogModuleManager: Display: Found up-to-date module file ../../../Engine/Plugins/Media/ImgMedia/Binaries/Win64/UE4Editor-ImgMediaFactory.dll (API version 3709383).
LogModuleManager: Display: Found up-to-date module file ../../../Engine/Plugins/Media/ImgMedia/Binaries/Win64/UE4Editor-ImgMediaFactory.dll (API version 3709383).
LogModuleManager: Display: Found up-to-date module file ../../../Engine/Plugins/Media/ImgMedia/Binaries/Win64/UE4Editor-OpenExrWrapper.dll (API version 3709383).
LogModuleManager: Display: Found up-to-date module file ../../../Engine/Plugins/Media/MediaCompositing/Binaries/Win64/UE4Editor-MediaCompositing.dll (API version 3709383).
LogModuleManager: Display: Found up-to-date module file ../../../Engine/Plugins/Media/MediaCompositing/Binaries/Win64/UE4Editor-MediaCompositingEditor.dll (API version 3709383).
LogModuleManager: Display: Found up-to-date module file ../../../Engine/Plugins/Media/MediaPlayerEditor/Binaries/Win64/UE4Editor-MediaPlayerEditor.dll (API version 3709383).
LogModuleManager: Display: Found up-to-date module file ../../../Engine/Plugins/Media/WmfMedia/Binaries/Win64/UE4Editor-WmfMedia.dll (API version 3709383).
LogModuleManager: Display: Found up-to-date module file ../../../Engine/Plugins/Media/WmfMedia/Binaries/Win64/UE4Editor-WmfMediaEditor.dll (API version 3709383).
LogModuleManager: Display: Found up-to-date module file ../../../Engine/Plugins/Media/WmfMedia/Binaries/Win64/UE4Editor-WmfMediaFactory.dll (API version 3709383).
LogModuleManager: Display: Found up-to-date module file ../../../Engine/Plugins/Media/WmfMedia/Binaries/Win64/UE4Editor-WmfMediaFactory.dll (API version 3709383).
LogModuleManager: Display: Found up-to-date module file ../../../Engine/Plugins/Messaging/TcpMessaging/Binaries/Win64/UE4Editor-TcpMessaging.dll (API version 3709383).
LogModuleManager: Display: Found up-to-date module file ../../../Engine/Plugins/Messaging/UdpMessaging/Binaries/Win64/UE4Editor-UdpMessaging.dll (API version 3709383).
LogModuleManager: Display: Found up-to-date module file ../../../Engine/Plugins/MovieScene/ActorSequence/Binaries/Win64/UE4Editor-ActorSequence.dll (API version 3709383).
LogModuleManager: Display: Found up-to-date module file ../../../Engine/Plugins/MovieScene/LevelSequenceEditor/Binaries/Win64/UE4Editor-LevelSequenceEditor.dll (API version 3709383).
LogModuleManager: Display: Found up-to-date module file ../../../Engine/Plugins/MovieScene/MatineeToLevelSequence/Binaries/Win64/UE4Editor-MatineeToLevelSequence.dll (API version 3709383).
LogModuleManager: Display: Found up-to-date module file ../../../Engine/Plugins/Online/OnlineSubsystem/Binaries/Win64/UE4Editor-OnlineSubsystem.dll (API version 3709383).
LogModuleManager: Display: Found up-to-date module file ../../../Engine/Plugins/Online/OnlineSubsystemNull/Binaries/Win64/UE4Editor-OnlineSubsystemNull.dll (API version 3709383).
LogModuleManager: Display: Found up-to-date module file ../../../Engine/Plugins/Online/OnlineSubsystemSteam/Binaries/Win64/UE4Editor-OnlineSubsystemSteam.dll (API version 3709383).
LogModuleManager: Display: Found up-to-date module file ../../../Engine/Plugins/Online/OnlineSubsystemUtils/Binaries/Win64/UE4Editor-OnlineSubsystemUtils.dll (API version 3709383).
LogModuleManager: Display: Found up-to-date module file ../../../Engine/Plugins/Online/OnlineSubsystemUtils/Binaries/Win64/UE4Editor-OnlineBlueprintSupport.dll (API version 3709383).
LogModuleManager: Display: Found up-to-date module file ../../../Engine/Plugins/Runtime/AndroidDeviceProfileSelector/Binaries/Win64/UE4Editor-AndroidDeviceProfileSelector.dll (API version 3709383).
LogModuleManager: Display: Found up-to-date module file ../../../Engine/Plugins/Runtime/AndroidPermission/Binaries/Win64/UE4Editor-AndroidPermission.dll (API version 3709383).
LogModuleManager: Display: Found up-to-date module file ../../../Engine/Plugins/Runtime/AppleARKit/Binaries/Win64/UE4Editor-AppleARKit.dll (API version 3709383).
LogModuleManager: Display: Found up-to-date module file ../../../Engine/Plugins/Runtime/ArchVisCharacter/Binaries/Win64/UE4Editor-ArchVisCharacter.dll (API version 3709383).
LogModuleManager: Display: Found up-to-date module file ../../../Engine/Plugins/Runtime/CableComponent/Binaries/Win64/UE4Editor-CableComponent.dll (API version 3709383).
LogModuleManager: Display: Found up-to-date module file ../../../Engine/Plugins/Runtime/CustomMeshComponent/Binaries/Win64/UE4Editor-CustomMeshComponent.dll (API version 3709383).
LogModuleManager: Display: Found up-to-date module file ../../../Engine/Plugins/Runtime/ExampleDeviceProfileSelector/Binaries/Win64/UE4Editor-ExampleDeviceProfileSelector.dll (API version 3709383).
LogModuleManager: Display: Found up-to-date module file ../../../Engine/Plugins/Runtime/ImmediatePhysics/Binaries/Win64/UE4Editor-ImmediatePhysics.dll (API version 3709383).
LogModuleManager: Display: Found up-to-date module file ../../../Engine/Plugins/Runtime/ImmediatePhysics/Binaries/Win64/UE4Editor-ImmediatePhysicsEditor.dll (API version 3709383).
LogModuleManager: Display: Found up-to-date module file ../../../Engine/Plugins/Runtime/LocationServicesBPLibrary/Binaries/Win64/UE4Editor-LocationServicesBPLibrary.dll (API version 3709383).
LogModuleManager: Display: Found up-to-date module file ../../../Engine/Plugins/Runtime/MobilePatchingUtils/Binaries/Win64/UE4Editor-MobilePatchingUtils.dll (API version 3709383).
LogModuleManager: Display: Found up-to-date module file ../../../Engine/Plugins/Runtime/Oculus/OculusVR/Binaries/Win64/UE4Editor-OculusHMD.dll (API version 3709383).
LogModuleManager: Display: Found up-to-date module file ../../../Engine/Plugins/Runtime/Oculus/OculusVR/Binaries/Win64/UE4Editor-OculusInput.dll (API version 3709383).
LogModuleManager: Display: Found up-to-date module file ../../../Engine/Plugins/Runtime/Oculus/OculusVR/Binaries/Win64/UE4Editor-OculusEditor.dll (API version 3709383).
LogModuleManager: Display: Found up-to-date module file ../../../Engine/Plugins/Runtime/PhysXVehicles/Binaries/Win64/UE4Editor-PhysXVehicles.dll (API version 3709383).
LogModuleManager: Display: Found up-to-date module file ../../../Engine/Plugins/Runtime/PhysXVehicles/Binaries/Win64/UE4Editor-PhysXVehiclesEditor.dll (API version 3709383).
LogModuleManager: Display: Found up-to-date module file ../../../Engine/Plugins/Runtime/ProceduralMeshComponent/Binaries/Win64/UE4Editor-ProceduralMeshComponent.dll (API version 3709383).
LogModuleManager: Display: Found up-to-date module file ../../../Engine/Plugins/Runtime/ProceduralMeshComponent/Binaries/Win64/UE4Editor-ProceduralMeshComponentEditor.dll (API version 3709383).
LogModuleManager: Display: Found up-to-date module file ../../../Engine/Plugins/Runtime/RuntimePhysXCooking/Binaries/Win64/UE4Editor-RuntimePhysXCooking.dll (API version 3709383).
LogModuleManager: Display: Found up-to-date module file ../../../Engine/Plugins/Runtime/Steam/SteamVR/Binaries/Win64/UE4Editor-SteamVR.dll (API version 3709383).
LogModuleManager: Display: Found up-to-date module file ../../../Engine/Plugins/Runtime/Steam/SteamVR/Binaries/Win64/UE4Editor-SteamVRController.dll (API version 3709383).
LogModuleManager: Display: Found up-to-date module file ../../../Engine/Plugins/Runtime/WindowsMoviePlayer/Binaries/Win64/UE4Editor-WindowsMoviePlayer.dll (API version 3709383).
LogInit: Using libcurl 7.47.1
LogInit:  - built for x86_64-pc-win32
LogInit:  - supports SSL with OpenSSL/1.0.2g
LogInit:  - supports HTTP deflate (compression) using libz 1.2.8
LogInit:  - other features:
LogInit:      CURL_VERSION_SSL
LogInit:      CURL_VERSION_LIBZ
LogInit:      CURL_VERSION_IPV6
LogInit:      CURL_VERSION_ASYNCHDNS
LogInit:      CURL_VERSION_LARGEFILE
LogInit:      CURL_VERSION_IDN
LogInit:  CurlRequestOptions (configurable via config and command line):
LogInit:  - bVerifyPeer = false  - Libcurl will NOT verify peer certificate
LogInit:  - bUseHttpProxy = false  - Libcurl will NOT use HTTP proxy
LogInit:  - bDontReuseConnections = false  - Libcurl will reuse connections
LogInit:  - CertBundlePath = nullptr  - Libcurl will use whatever was configured at build time.
LogOnline: Display: STEAM: Loading Steam SDK 1.39
LogOnline: Warning: STEAM: Steam API disabled!
LogOnline: Display: STEAM: OnlineSubsystemSteam::Shutdown()
LogInit: WinSock: version 1.1 (2.2), MaxSocks=32767, MaxUdp=65467
LogInit: Build: ++UE4+Release-4.18-CL-3794801
LogInit: Engine Version: 4.18.2-3794801+++UE4+Release-4.18
LogInit: Compatible Engine Version: 4.18.0-3709383+++UE4+Release-4.18
LogInit: Net CL: 3709383
LogDevObjectVersion: Number of dev versions registered: 16
LogDevObjectVersion:   Dev-Blueprints (B0D832E4-1F89-4F0D-ACCF-7EB736FD4AA2): 10
LogDevObjectVersion:   Dev-Build (E1C64328-A22C-4D53-A36C-8E866417BD8C): 0
LogDevObjectVersion:   Dev-Core (375EC13C-06E4-48FB-B500-84F0262A717E): 2
LogDevObjectVersion:   Dev-Editor (E4B068ED-F494-42E9-A231-DA0B2E46BB41): 20
LogDevObjectVersion:   Dev-Framework (CFFC743F-43B0-4480-9391-14DF171D2073): 30
LogDevObjectVersion:   Dev-Mobile (B02B49B5-BB20-44E9-A304-32B752E40360): 0
LogDevObjectVersion:   Dev-Networking (A4E4105C-59A1-49B5-A7C5-40C4547EDFEE): 0
LogDevObjectVersion:   Dev-Online (39C831C9-5AE6-47DC-9A44-9C173E1C8E7C): 0
LogDevObjectVersion:   Dev-Physics (78F01B33-EBEA-4F98-B9B4-84EACCB95AA2): 0
LogDevObjectVersion:   Dev-Platform (6631380F-2D4D-43E0-8009-CF276956A95A): 0
LogDevObjectVersion:   Dev-Rendering (12F88B9F-8875-4AFC-A67C-D90C383ABD29): 20
LogDevObjectVersion:   Dev-Sequencer (7B5AE74C-D270-4C10-A958-57980B212A5A): 4
LogDevObjectVersion:   Dev-VR (D7296918-1DD6-4BDD-9DE2-64A83CC13884): 0
LogDevObjectVersion:   Dev-LoadTimes (C2A15278-BFE7-4AFE-6C17-90FF531DF755): 1
LogDevObjectVersion:   Private-Geometry (6EACA3D4-40EC-4CC1-B786-8BED09428FC5): 1
LogDevObjectVersion:   Dev-AnimPhys (29E575DD-E0A3-4627-9D10-D276232CDCEA): 12
LogInit: Compiled (64-bit): Dec  8 2017 02:04:53
LogInit: Compiled with Visual C++: 19.00.24215.01
LogInit: Build Configuration: Development
LogInit: Branch Name: ++UE4+Release-4.18
LogInit: Command line:  
LogInit: Base directory: C:/Program Files/Epic Games/UE_4.18/Engine/Binaries/Win64/
LogInit: Installed Engine Build: 1
LogInit: Presizing for max 8388607 objects, including 0 objects not considered by GC, pre-allocating 0 bytes for permanent pool.
LogInit: Object subsystem initialized
[2018.01.20-09.59.54:746][  0]LogInit: Selected Device Profile: [Windows]
[2018.01.20-09.59.54:746][  0]LogInit: Applying CVar settings loaded from the selected device profile: [Windows]
[2018.01.20-09.59.54:756][  0]LogInit: Computer: DESKTOP-FRCQVUI
[2018.01.20-09.59.54:756][  0]LogInit: User: oner
[2018.01.20-09.59.54:756][  0]LogInit: CPU Page size=4096, Cores=4
[2018.01.20-09.59.54:756][  0]LogInit: High frequency timer resolution =2.630632 MHz
[2018.01.20-09.59.54:756][  0]LogMemory: Memory total: Physical=7.9GB (8GB approx)
[2018.01.20-09.59.54:756][  0]LogMemory: Platform Memory Stats for Windows
[2018.01.20-09.59.54:756][  0]LogMemory: Process Physical Memory: 274.77 MB used, 274.77 MB peak
[2018.01.20-09.59.54:756][  0]LogMemory: Process Virtual Memory: 264.97 MB used, 264.97 MB peak
[2018.01.20-09.59.54:756][  0]LogMemory: Physical Memory: 3690.60 MB used,  4390.15 MB free, 8080.75 MB total
[2018.01.20-09.59.54:756][  0]LogMemory: Virtual Memory: 675.42 MB used,  4390.15 MB free, 134217728.00 MB total
[2018.01.20-09.59.55:696][  0]LogInit: Using OS detected language (ko-KR).
[2018.01.20-09.59.55:696][  0]LogInit: Using OS detected locale (ko-KR).
[2018.01.20-09.59.55:698][  0]LogTextLocalizationManager: No specific localization for 'ko-KR' exists, so the 'ko' localization will be used.
[2018.01.20-09.59.55:861][  0]LogInit: Setting process to per monitor DPI aware
[2018.01.20-09.59.56:126][  0]LogD3D11RHI: D3D11 adapters:
[2018.01.20-09.59.56:168][  0]LogD3D11RHI:    0. 'NVIDIA GeForce GTX 970M' (Feature Level 11_0)
[2018.01.20-09.59.56:168][  0]LogD3D11RHI:       3040/0/4040 MB DedicatedVideo/DedicatedSystem/SharedSystem, Outputs:1, VendorId:0x10de
[2018.01.20-09.59.56:173][  0]LogD3D11RHI:    1. 'Intel(R) HD Graphics 5600' (Feature Level 11_0)
[2018.01.20-09.59.56:173][  0]LogD3D11RHI:       128/0/4040 MB DedicatedVideo/DedicatedSystem/SharedSystem, Outputs:0, VendorId:0x8086
[2018.01.20-09.59.56:175][  0]LogD3D11RHI:    2. 'Microsoft Basic Render Driver' (Feature Level 11_0)
[2018.01.20-09.59.56:175][  0]LogD3D11RHI:       0/0/4040 MB DedicatedVideo/DedicatedSystem/SharedSystem, Outputs:0, VendorId:0x1414
[2018.01.20-09.59.56:175][  0]LogD3D11RHI: Chosen D3D11 Adapter: 0
[2018.01.20-09.59.56:181][  0]LogD3D11RHI: Creating new Direct3DDevice
[2018.01.20-09.59.56:181][  0]LogD3D11RHI:     GPU DeviceId: 0x13d8 (for the marketing name, search the web for "GPU Device Id")
[2018.01.20-09.59.56:181][  0]LogWindows: EnumDisplayDevices:
[2018.01.20-09.59.56:181][  0]LogWindows:    0. 'Intel(R) HD Graphics 5600' (P:1 D:1)
[2018.01.20-09.59.56:181][  0]LogWindows:    1. 'Intel(R) HD Graphics 5600' (P:0 D:0)
[2018.01.20-09.59.56:181][  0]LogWindows:    2. 'Intel(R) HD Graphics 5600' (P:0 D:0)
[2018.01.20-09.59.56:181][  0]LogWindows: DebugString: GetVideoDriverDetailsInvalid PrimaryIsNotTheChoosenAdapter GetVideoDriverDetailsInvalid PrimaryIsNotTheChoosenAdapter GetVideoDriverDetailsInvalid PrimaryIsNotTheChoosenAdapter FoundDriverCount:0 
[2018.01.20-09.59.56:181][  0]LogD3D11RHI:     Adapter Name: NVIDIA GeForce GTX 970M
[2018.01.20-09.59.56:181][  0]LogD3D11RHI:   Driver Version: Unknown (internal:Unknown, unified:Unknown)
[2018.01.20-09.59.56:181][  0]LogD3D11RHI:      Driver Date: Unknown
[2018.01.20-09.59.56:181][  0]LogRHI: Texture pool is 2128 MB (70% of 3040 MB)
[2018.01.20-09.59.56:206][  0]LogD3D11RHI: Async texture creation enabled
[2018.01.20-09.59.56:303][  0]LogD3D11RHI: GPU Timing Frequency: 1000.000000 (Debug: 2 1)
[2018.01.20-09.59.56:304][  0]LogShaderCompilers: Guid format shader working directory is 24 characters bigger than the processId version (E:/really/set/main/Intermediate/Shaders/WorkingDirectory/11240/).
[2018.01.20-09.59.56:304][  0]LogShaderCompilers: Cleaned the shader compiler working directory 'C:/Users/강망/AppData/Local/Temp/UnrealShaderWorkingDir/C187F40741CBF9EA4C88C38C6FC081B3/'.
[2018.01.20-09.59.56:304][  0]LogShaderCompilers: Display: Using Local Shader Compiler.
[2018.01.20-09.59.57:244][  0]LogTemp: Display: Loaded TP AllDesktopTargetPlatform
[2018.01.20-09.59.57:306][  0]LogTemp: Display: Loaded TP MacClientTargetPlatform
[2018.01.20-09.59.57:367][  0]LogTemp: Display: Loaded TP MacNoEditorTargetPlatform
[2018.01.20-09.59.57:427][  0]LogTemp: Display: Loaded TP MacServerTargetPlatform
[2018.01.20-09.59.57:489][  0]LogTemp: Display: Loaded TP MacTargetPlatform
[2018.01.20-09.59.57:550][  0]LogTemp: Display: Loaded TP WindowsClientTargetPlatform
[2018.01.20-09.59.57:612][  0]LogTemp: Display: Loaded TP WindowsNoEditorTargetPlatform
[2018.01.20-09.59.57:674][  0]LogTemp: Display: Loaded TP WindowsServerTargetPlatform
[2018.01.20-09.59.57:729][  0]LogTemp: Display: Loaded TP WindowsTargetPlatform
[2018.01.20-09.59.57:791][  0]LogTemp: Display: Loaded TP Android_ASTCTargetPlatform
[2018.01.20-09.59.57:850][  0]LogTemp: Display: Loaded TP Android_ATCTargetPlatform
[2018.01.20-09.59.57:910][  0]LogTemp: Display: Loaded TP Android_DXTTargetPlatform
[2018.01.20-09.59.57:969][  0]LogTemp: Display: Loaded TP Android_ETC1TargetPlatform
[2018.01.20-09.59.58:029][  0]LogTemp: Display: Loaded TP Android_ETC2TargetPlatform
[2018.01.20-09.59.58:149][  0]LogTemp: Display: Loaded TP Android_MultiTargetPlatform
[2018.01.20-09.59.58:149][  0]LogTemp: Display: Loaded TP Android_PVRTCTargetPlatform
[2018.01.20-09.59.58:209][  0]LogTemp: Display: Loaded TP AndroidTargetPlatform
[2018.01.20-09.59.58:259][  0]LogTemp: Display: Loaded TP HTML5TargetPlatform
[2018.01.20-09.59.58:363][  0]LogTemp: Display: Loaded TP IOSTargetPlatform
[2018.01.20-09.59.58:395][  0]LogTemp: Display: Loaded TP TVOSTargetPlatform
[2018.01.20-09.59.58:454][  0]LogTemp: Display: Loaded TP LinuxClientTargetPlatform
[2018.01.20-09.59.58:513][  0]LogTemp: Display: Loaded TP LinuxNoEditorTargetPlatform
[2018.01.20-09.59.58:572][  0]LogTemp: Display: Loaded TP LinuxServerTargetPlatform
[2018.01.20-09.59.58:631][  0]LogTemp: Display: Loaded TP LinuxTargetPlatform
[2018.01.20-09.59.58:631][  0]LogTargetPlatformManager: Display: Building Assets For Windows
[2018.01.20-09.59.59:205][  0]LogDerivedDataCache: Display: Max Cache Size: 512 MB
[2018.01.20-09.59.59:299][  0]LogDerivedDataCache: Loaded boot cache 0.09s 94MB C:/Users/강망/AppData/Local/UnrealEngine/4.18/DerivedDataCache/Boot.ddc.
[2018.01.20-09.59.59:299][  0]LogDerivedDataCache: Display: Loaded Boot cache: C:/Users/강망/AppData/Local/UnrealEngine/4.18/DerivedDataCache/Boot.ddc
[2018.01.20-09.59.59:299][  0]LogDerivedDataCache: FDerivedDataBackendGraph:  Pak pak cache file E:/really/set/main/DerivedDataCache/DDC.ddp not found, will not use a pak cache.
[2018.01.20-09.59.59:299][  0]LogDerivedDataCache: Unable to find inner node Pak for hierarchical cache Hierarchy.
[2018.01.20-09.59.59:299][  0]LogDerivedDataCache: FDerivedDataBackendGraph:  CompressedPak pak cache file E:/really/set/main/DerivedDataCache/Compressed.ddp not found, will not use a pak cache.
[2018.01.20-09.59.59:299][  0]LogDerivedDataCache: Unable to find inner node CompressedPak for hierarchical cache Hierarchy.
[2018.01.20-09.59.59:315][  0]LogDerivedDataCache: Display: Pak cache opened for reading ../../../Engine/DerivedDataCache/Compressed.ddp.
[2018.01.20-09.59.59:327][  0]LogDerivedDataCache: Using Local data cache path C:/Users/강망/AppData/Local/UnrealEngine/Common/DerivedDataCache: Writable
[2018.01.20-09.59.59:337][  0]LogMaterial: Verifying Global Shaders for PCD3D_SM5
[2018.01.20-09.59.59:337][  0]LogSlate: Using Freetype 2.6.0
[2018.01.20-09.59.59:338][  0]LogSlate: SlateFontCache - WITH_FREETYPE: 1, WITH_HARFBUZZ: 1
[2018.01.20-09.59.59:338][  0]LogSlate: SlateFontCache - WITH_FREETYPE: 1, WITH_HARFBUZZ: 1
[2018.01.20-09.59.59:678][  0]LogInit: Selected Device Profile: [Windows]
[2018.01.20-10.00.00:060][  0]LogSimplygon: Simplygon DLL not present - disabling.
[2018.01.20-10.00.00:113][  0]LogMeshReduction: Using SimplygonSwarm for distributed automatic mesh merging
[2018.01.20-10.00.00:113][  0]LogMeshReduction: Using QuadricMeshReduction for automatic static mesh reduction
[2018.01.20-10.00.00:113][  0]LogMeshReduction: No automatic skeletal mesh reduction module available
[2018.01.20-10.00.00:113][  0]LogMeshReduction: No automatic mesh merging module available
[2018.01.20-10.00.00:113][  0]LogMeshMerging: No automatic mesh merging module available
[2018.01.20-10.00.00:141][  0]LogNetVersion: main , NetCL: 3709383, EngineNetVer: 2, GameNetVer: 0 (Checksum: 1998149536)
[2018.01.20-10.00.00:315][  0]LogAssetRegistry: FAssetRegistry took 0.0258 seconds to start up
[2018.01.20-10.00.00:878][  0]LogPackageLocalizationCache: Processed 7 localized package path(s) for 2 prioritized culture(s) in 0.057590 seconds
[2018.01.20-10.00.00:884][  0]LogUObjectArray: 35907 objects as part of root set at end of initial load.
[2018.01.20-10.00.00:884][  0]LogUObjectAllocator: 7585960 out of 0 bytes used by permanent object pool.
[2018.01.20-10.00.00:884][  0]LogUObjectArray: CloseDisregardForGC: 0/0 objects in disregard for GC pool
[2018.01.20-10.00.03:963][  0]LogTcpMessaging: Initializing TcpMessaging bridge
[2018.01.20-10.00.04:011][  0]LogUdpMessaging: Initializing bridge on interface 0.0.0.0:0 to multicast group 230.0.0.1:6666.
[2018.01.20-10.00.04:752][  0]LogBlueprint: Warning: [Compiler ThirdPersonCharacter] 입력 액션 이벤트가  click 입력 액션  에 대한 미확인 'click' 액션을 레퍼런싱합니다.
[2018.01.20-10.00.04:770][  0]LogBlueprint: Warning: [Compiler ThirdPersonCharacter] [0013.24] ThirdPersonCharacter 컴파일에 성공했습니다만, 경고가 1 회 있습니다. [소요시간 38 ms] (/Game/ThirdPersonCPP/Blueprints/ThirdPersonCharacter.ThirdPersonCharacter)
[2018.01.20-10.00.05:086][  0]LogMaterial: Uniform references updated for custom material expression Custom.
[2018.01.20-10.00.05:581][  0]SourceControl: 소스 콘트롤이 꺼졌습니다.
[2018.01.20-10.00.07:315][  0]LogAndroidPermission: UAndroidPermissionCallbackProxy::GetInstance
[2018.01.20-10.00.07:643][  0]LogOcInput: OculusInput pre-init called
[2018.01.20-10.00.07:956][  0]LogEngine: Initializing Engine...
[2018.01.20-10.00.07:958][  0]LogHMD: Failed to initialize OpenVR with code 110
[2018.01.20-10.00.08:173][  0]LogStats: UGameplayTagsManager::ConstructGameplayTagTree: Construct from data asset -  0.000 s
[2018.01.20-10.00.08:173][  0]LogStats: UGameplayTagsManager::ConstructGameplayTagTree: GameplayTagTreeChangedEvent.Broadcast -  0.000 s
[2018.01.20-10.00.08:336][  0]LogAIModule: Creating AISystem for world Untitled
[2018.01.20-10.00.08:343][  0]LogInit: XAudio2 using '스피커(Realtek High Definition Audio)' : 2 channels at 48 kHz using 32 bits per sample (channel mask 0x3)
[2018.01.20-10.00.08:352][  0]LogInit: FAudioDevice initialized.
[2018.01.20-10.00.08:539][  0]LogDerivedDataCache: Saved boot cache 0.19s 79MB C:/Users/강망/AppData/Local/UnrealEngine/4.18/DerivedDataCache/Boot.ddc.
[2018.01.20-10.00.08:561][  0]LogInit: Texture streaming: Enabled
[2018.01.20-10.00.08:689][  0]LogEngineSessionManager: EngineSessionManager initialized
[2018.01.20-10.00.08:850][  0]LogInit: Transaction tracking system initialized
[2018.01.20-10.00.09:237][  0]BlueprintLog: New page: 에디터 로드
[2018.01.20-10.00.10:412][  0]LocalizationService: 현지화 서비스가 비활성화되었습니다.
[2018.01.20-10.00.11:540][  0]LogConsoleResponse: Display: 
[2018.01.20-10.00.11:724][  0]LogCook: Display: Max memory allowance for cook 16384mb min free memory 0mb
[2018.01.20-10.00.11:724][  0]LogCook: Display: Mobile HDR setting 1
[2018.01.20-10.00.11:724][  0]LogGameplayTags: Display: UGameplayTagsManager::DoneAddingNativeTags. DelegateIsBound: 0
[2018.01.20-10.00.12:164][  0]LogFileCache: Scanning file cache for directory 'E:/really/set/main/Content/' took 0.03s
[2018.01.20-10.00.13:189][  0]Cmd: MAP LOAD FILE="E:/really/set/main/Content/pratice/sinyoung/multiplay/mainmenu.umap" TEMPLATE=0 SHOWPROGRESS=1 FEATURELEVEL=3
[2018.01.20-10.00.13:190][  0]LightingResults: New page: 라이팅 빌드
[2018.01.20-10.00.13:241][  0]MapCheck: New page: 맵 체크
[2018.01.20-10.00.13:242][  0]LightingResults: New page: 라이팅 빌드
[2018.01.20-10.00.13:444][  0]LogAIModule: Creating AISystem for world mainmenu
[2018.01.20-10.00.13:445][  0]LogEditorServer: Finished looking for orphan Actors (0.000 secs)
[2018.01.20-10.00.13:455][  0]Cmd: MAP CHECKDEP NOCLEARLOG
[2018.01.20-10.00.13:509][  0]MapCheck: 맵 체크 완료: 오류 0 회, 경고 0 회, 소요 시간 53.882ms.
[2018.01.20-10.00.13:509][  0]LogFileHelpers: Loading map 'mainmenu' took 0.320
[2018.01.20-10.00.13:576][  0]LogWindowsTextInputMethodSystem: Display: IME system now activated using TSF (Microsoft 입력기).
[2018.01.20-10.00.13:682][  0]LogCollectionManager: Loaded 0 collections in 0.001906 seconds
[2018.01.20-10.00.13:783][  0]LogFileCache: Scanning file cache for directory 'E:/really/set/main/Saved/Collections/' took 0.01s
[2018.01.20-10.00.13:783][  0]LogFileCache: Scanning file cache for directory 'E:/really/set/main/Content/Developers/oner/Collections/' took 0.01s
[2018.01.20-10.00.13:783][  0]LogFileCache: Scanning file cache for directory 'E:/really/set/main/Content/Collections/' took 0.01s
[2018.01.20-10.00.13:783][  0]LogCollectionManager: Rebuilt the GUID cache for 0 collections in 0.000000 seconds
[2018.01.20-10.00.13:794][  0]LogContentBrowser: Native class hierarchy populated in 0.0111 seconds. Added 2367 classes and 524 folders.
[2018.01.20-10.00.13:880][  0]LogContentBrowser: Native class hierarchy updated for 'WidgetCarousel' in 0.0005 seconds. Added 0 classes and 0 folders.
[2018.01.20-10.00.13:921][  0]LogContentBrowser: Native class hierarchy updated for 'AddContentDialog' in 0.0005 seconds. Added 0 classes and 0 folders.
[2018.01.20-10.00.13:976][  0]LogContentBrowser: Native class hierarchy updated for 'SceneOutliner' in 0.0006 seconds. Added 1 classes and 2 folders.
[2018.01.20-10.00.14:157][  0]LogContentBrowser: Native class hierarchy updated for 'HierarchicalLODOutliner' in 0.0006 seconds. Added 1 classes and 2 folders.
[2018.01.20-10.00.14:157][  0]LogLoad: (Engine Initialization) Total time: 22.62 seconds
[2018.01.20-10.00.14:157][  0]LogLoad: (Engine Initialization) Total Blueprint compile time: 0.00 seconds
[2018.01.20-10.00.14:157][  0]LogExternalProfiler: No external profilers were discovered.  External profiling features will not be available.
[2018.01.20-10.00.14:208][  0]SourceControl: On branch master
[2018.01.20-10.00.14:208][  0]SourceControl: Changes not staged for commit:
[2018.01.20-10.00.14:208][  0]SourceControl:   (use "git add/rm <file>..." to update what will be committed)
[2018.01.20-10.00.14:208][  0]SourceControl:   (use "git checkout -- <file>..." to discard changes in working directory)
[2018.01.20-10.00.14:208][  0]SourceControl: 	modified:   set/main/Intermediate/CachedAssetRegistry.bin
[2018.01.20-10.00.14:208][  0]SourceControl: 	modified:   set/main/Saved/Config/Windows/Editor.ini
[2018.01.20-10.00.14:208][  0]SourceControl: 	modified:   set/main/Saved/Config/Windows/Engine.ini
[2018.01.20-10.00.14:208][  0]SourceControl: 	deleted:    set/main/Saved/Logs/main-backup-2018.01.18-23.25.47.log
[2018.01.20-10.00.14:208][  0]SourceControl: 	modified:   set/main/Saved/Logs/main.log
[2018.01.20-10.00.14:208][  0]SourceControl: Untracked files:
[2018.01.20-10.00.14:208][  0]SourceControl:   (use "git add <file>..." to include in what will be committed)
[2018.01.20-10.00.14:208][  0]SourceControl: 	set/main/Saved/Config/CrashReportClient/UE4CC-Windows-0CDA18AC436EE648D30DE2B792B0517C/
[2018.01.20-10.00.14:208][  0]SourceControl: 	set/main/Saved/Logs/main-backup-2018.01.20-18.59.52.log
[2018.01.20-10.00.14:208][  0]SourceControl: no changes added to commit (use "git add" and/or "git commit -a")
[2018.01.20-10.00.14:209][  0]LogContentStreaming: Texture pool size now 400 MB
[2018.01.20-10.00.14:210][  0]LogSlate: Took 0.000243 seconds to synchronously load lazily loaded font '../../../Engine/Content/Slate/Fonts/Roboto-Regular.ttf' (155K)
[2018.01.20-10.00.14:213][  0]LogSlate: Took 0.002894 seconds to synchronously load lazily loaded font '../../../Engine/Content/Slate/Fonts/NanumGothic.ttf' (4243K)
[2018.01.20-10.00.14:214][  0]LogSlate: Took 0.000179 seconds to synchronously load lazily loaded font '../../../Engine/Content/Slate/Fonts/Roboto-Bold.ttf' (160K)
[2018.01.20-10.00.14:219][  0]LogSlate: Took 0.000854 seconds to synchronously load lazily loaded font '../../../Engine/Content/Editor/Slate/Fonts/FontAwesome.ttf' (139K)
[2018.01.20-10.00.14:338][  0]LogSlate: Took 0.000233 seconds to synchronously load lazily loaded font '../../../Engine/Content/Slate/Fonts/Roboto-Light.ttf' (159K)
[2018.01.20-10.00.14:366][  1]LogFileCache: Retrieving MD5 hashes for directory 'E:/really/set/main/Content/' took 0.18s
[2018.01.20-10.00.14:404][  2]LogRenderer: Reallocating scene render targets to support 948x456 Format 9 NumSamples 1 (Frame:1).
[2018.01.20-10.00.14:540][  3]LogAssetRegistry: Asset discovery search completed in 14.2465 seconds
[2018.01.20-10.00.14:545][  3]LogCollectionManager: Rebuilt the object cache for 0 collections in 0.000000 seconds (found 0 objects)
[2018.01.20-10.00.14:545][  3]LogCollectionManager: Fixed up redirectors for 0 collections in 0.000059 seconds (updated 0 objects)
[2018.01.20-10.00.15:212][ 41]LogSlate: Took 0.000237 seconds to synchronously load lazily loaded font '../../../Engine/Content/Slate/Fonts/Roboto-Light.ttf' (159K)
[2018.01.20-10.01.03:281][181]LogSlate: Took 0.000155 seconds to synchronously load lazily loaded font '../../../Engine/Content/Slate/Fonts/Roboto-Light.ttf' (159K)
[2018.01.20-10.01.03:706][181]LogContentBrowser: Native class hierarchy updated for 'BlueprintGraph' in 0.0009 seconds. Added 116 classes and 0 folders.
[2018.01.20-10.01.04:354][181]LogSlate: Took 0.000239 seconds to synchronously load lazily loaded font '../../../Engine/Content/Editor/Slate/Fonts/Roboto-BoldCondensed.ttf' (158K)
[2018.01.20-10.01.07:404][288]LogSlate: Took 0.000178 seconds to synchronously load lazily loaded font '../../../Engine/Content/Editor/Slate/Fonts/Roboto-Italic.ttf' (157K)
[2018.01.20-10.02.08:685][678]LogTemp: Repeating last play command: 선택된 뷰포트
[2018.01.20-10.02.08:872][678]LogBlueprintUserMessages: Early PlayInEditor Detection: Level '/Game/pratice/sinyoung/multiplay/mainmenu.mainmenu:PersistentLevel' has LevelScriptBlueprint '/Game/pratice/sinyoung/multiplay/mainmenu.mainmenu:PersistentLevel.mainmenu' with GeneratedClass '/Game/pratice/sinyoung/multiplay/mainmenu.mainmenu_C' with ClassGeneratedBy '/Game/pratice/sinyoung/multiplay/mainmenu.mainmenu:PersistentLevel.mainmenu'
[2018.01.20-10.02.08:872][678]LogPlayLevel: PlayLevel: No blueprints needed recompiling
[2018.01.20-10.02.08:872][678]LogOnline: Display: OSS: FOnlineSubsystemNull::Shutdown()
[2018.01.20-10.02.08:872][678]LogOnline: Display: OSS: FOnlineAsyncTaskManager::Stop() ActiveTask:0000000000000000 Tasks[0/0]
[2018.01.20-10.02.08:873][678]LogOnline: Display: OSS: FOnlineAsyncTaskManager::Exit() started
[2018.01.20-10.02.08:873][678]LogOnline: Display: OSS: FOnlineAsyncTaskManager::Exit() finished
[2018.01.20-10.02.08:873][678]LogOnline: Warning: STEAM: Steam API disabled!
[2018.01.20-10.02.08:873][678]LogOnline: Display: STEAM: OnlineSubsystemSteam::Shutdown()
[2018.01.20-10.02.08:884][678]PIE: New page: PIE 세션: mainmenu (2018. 1. 21. 오전 4:02:08)
[2018.01.20-10.02.08:884][678]LogPlayLevel: Creating play world package: /Game/pratice/sinyoung/multiplay/UEDPIE_0_mainmenu
[2018.01.20-10.02.08:885][678]LogPlayLevel: PIE: StaticDuplicateObject took: (0.000781s)
[2018.01.20-10.02.08:886][678]LogAIModule: Creating AISystem for world mainmenu
[2018.01.20-10.02.08:886][678]LogPlayLevel: PIE: World Init took: (0.000595s)
[2018.01.20-10.02.08:886][678]LogPlayLevel: PIE: Created PIE world by copying editor world from /Game/pratice/sinyoung/multiplay/mainmenu.mainmenu to /Game/pratice/sinyoung/multiplay/UEDPIE_0_mainmenu.mainmenu (0.001583s)
[2018.01.20-10.02.08:908][678]LogInit: XAudio2 using '스피커(Realtek High Definition Audio)' : 2 channels at 48 kHz using 32 bits per sample (channel mask 0x3)
[2018.01.20-10.02.08:912][678]LogInit: FAudioDevice initialized.
[2018.01.20-10.02.08:957][678]LogLoad: Game class is 'mainGameMode'
[2018.01.20-10.02.08:958][678]LogWorld: Bringing World /Game/pratice/sinyoung/multiplay/UEDPIE_0_mainmenu.mainmenu up for play (max tick rate 60) at 2018.01.20-19.02.08
[2018.01.20-10.02.08:958][678]LogWorld: Bringing up level for play took: 0.000400
[2018.01.20-10.02.09:045][678]LogContentBrowser: Native class hierarchy updated for 'MovieSceneCapture' in 0.0006 seconds. Added 11 classes and 0 folders.
[2018.01.20-10.02.09:050][678]PIE: /Game/pratice/sinyoung/multiplay/UEDPIE_0_mainmenu 에 대한 에디터에서 플레이 시작 시간: 0.293
[2018.01.20-10.02.09:050][678]LogBlueprintUserMessages: Late PlayInEditor Detection: Level '/Game/pratice/sinyoung/multiplay/mainmenu.mainmenu:PersistentLevel' has LevelScriptBlueprint '/Game/pratice/sinyoung/multiplay/mainmenu.mainmenu:PersistentLevel.mainmenu' with GeneratedClass '/Game/pratice/sinyoung/multiplay/mainmenu.mainmenu_C' with ClassGeneratedBy '/Game/pratice/sinyoung/multiplay/mainmenu.mainmenu:PersistentLevel.mainmenu'
[2018.01.20-10.02.14:305][989]LogNetVersion: main 1.0.0.0, NetCL: 3709383, EngineNetVer: 2, GameNetVer: 0 (Checksum: 285256623)
[2018.01.20-10.02.14:306][989]LogInit: WinSock: I am DESKTOP-FRCQVUI (172.20.10.11:0)
[2018.01.20-10.02.14:309][989]LogNet: Browse: /Game/pratice/sinyoung/multiplay/lobbyMap?listen
[2018.01.20-10.02.14:323][989]LogLoad: LoadMap: /Game/pratice/sinyoung/multiplay/lobbyMap?listen
[2018.01.20-10.02.15:685][989]LogAIModule: Creating AISystem for world lobbyMap
[2018.01.20-10.02.15:685][989]LogLoad: Game class is 'lobbyGameplayGM_C'
[2018.01.20-10.02.15:685][989]LogTemp: Display: ParseSettings for GameNetDriver
[2018.01.20-10.02.15:685][989]LogTemp: Display: ParseSettings for IpNetDriver_0
[2018.01.20-10.02.15:685][989]LogTemp: Display: ParseSettings for GameNetDriver
[2018.01.20-10.02.15:686][989]LogInit: WinSock: Socket queue 131072 / 131072
[2018.01.20-10.02.15:686][989]PacketHandlerLog: Loaded PacketHandler component: Engine.EngineHandlerComponentFactory (StatelessConnectHandlerComponent)
[2018.01.20-10.02.15:686][989]LogNet: GameNetDriver IpNetDriver_0 IpNetDriver listening on port 7777
[2018.01.20-10.02.15:688][989]LogWorld: Bringing World /Game/pratice/sinyoung/multiplay/UEDPIE_0_lobbyMap.lobbyMap up for play (max tick rate 60) at 2018.01.20-19.02.15
[2018.01.20-10.02.15:688][989]LogWorld: Bringing up level for play took: 0.001519
[2018.01.20-10.02.15:691][989]AnimBlueprint: Warning: 슬롯노드: SWATanimblueprint_C 애니메이션 인스턴트 클래스의 'combo1' 는 이미 존재합니다. 이 클래스의 애니메이션 그래프에서 중복을 제거하세요.
[2018.01.20-10.02.15:692][989]LogGameMode: Display: Match State Changed from EnteringMap to WaitingToStart
[2018.01.20-10.02.15:692][989]LogGameState: Match State Changed from EnteringMap to WaitingToStart
[2018.01.20-10.02.15:692][989]LogGameMode: Display: Match State Changed from WaitingToStart to InProgress
[2018.01.20-10.02.15:693][989]LogGameState: Match State Changed from WaitingToStart to InProgress
[2018.01.20-10.02.15:694][989]LogLoad: Took 1.370360 seconds to LoadMap(/Game/pratice/sinyoung/multiplay/lobbyMap)
[2018.01.20-10.02.24:050][383]LogScript: Warning: gameset 프로퍼티를 읽으려던 중 None 에 접근했습니다.
	lobbymenue_C /Engine/Transient.UnrealEdEngine_0:Gameinfolnstance_C_0.lobbymenue_C_0
	Function /Game/pratice/sinyoung/multiplay/lobby/lobbymenue.lobbymenue_C:ExecuteUbergraph_lobbymenue:0884
[2018.01.20-10.02.24:050][383]LogScript: Warning: gameset 프로퍼티를 읽으려던 중 None 에 접근했습니다.
	lobbymenue_C /Engine/Transient.UnrealEdEngine_0:Gameinfolnstance_C_0.lobbymenue_C_0
	Function /Game/pratice/sinyoung/multiplay/lobby/lobbymenue.lobbymenue_C:ExecuteUbergraph_lobbymenue:08AC
[2018.01.20-10.02.24:276][393]LogScript: Warning: gameset 프로퍼티를 읽으려던 중 None 에 접근했습니다.
	lobbymenue_C /Engine/Transient.UnrealEdEngine_0:Gameinfolnstance_C_0.lobbymenue_C_0
	Function /Game/pratice/sinyoung/multiplay/lobby/lobbymenue.lobbymenue_C:ExecuteUbergraph_lobbymenue:0884
[2018.01.20-10.02.24:276][393]LogScript: Warning: gameset 프로퍼티를 읽으려던 중 None 에 접근했습니다.
	lobbymenue_C /Engine/Transient.UnrealEdEngine_0:Gameinfolnstance_C_0.lobbymenue_C_0
	Function /Game/pratice/sinyoung/multiplay/lobby/lobbymenue.lobbymenue_C:ExecuteUbergraph_lobbymenue:08AC
[2018.01.20-10.02.24:453][402]LogScript: Warning: gameset 프로퍼티를 읽으려던 중 None 에 접근했습니다.
	lobbymenue_C /Engine/Transient.UnrealEdEngine_0:Gameinfolnstance_C_0.lobbymenue_C_0
	Function /Game/pratice/sinyoung/multiplay/lobby/lobbymenue.lobbymenue_C:ExecuteUbergraph_lobbymenue:0884
[2018.01.20-10.02.24:453][402]LogScript: Warning: gameset 프로퍼티를 읽으려던 중 None 에 접근했습니다.
	lobbymenue_C /Engine/Transient.UnrealEdEngine_0:Gameinfolnstance_C_0.lobbymenue_C_0
	Function /Game/pratice/sinyoung/multiplay/lobby/lobbymenue.lobbymenue_C:ExecuteUbergraph_lobbymenue:08AC
[2018.01.20-10.02.25:727][463]LogScript: Warning: gameset 프로퍼티를 읽으려던 중 None 에 접근했습니다.
	lobbymenue_C /Engine/Transient.UnrealEdEngine_0:Gameinfolnstance_C_0.lobbymenue_C_0
	Function /Game/pratice/sinyoung/multiplay/lobby/lobbymenue.lobbymenue_C:ExecuteUbergraph_lobbymenue:0922
[2018.01.20-10.02.25:728][463]LogScript: Warning: gameset 프로퍼티를 읽으려던 중 None 에 접근했습니다.
	lobbymenue_C /Engine/Transient.UnrealEdEngine_0:Gameinfolnstance_C_0.lobbymenue_C_0
	Function /Game/pratice/sinyoung/multiplay/lobby/lobbymenue.lobbymenue_C:ExecuteUbergraph_lobbymenue:095E
[2018.01.20-10.02.26:200][486]LogScript: Warning: gameset 프로퍼티를 읽으려던 중 None 에 접근했습니다.
	lobbymenue_C /Engine/Transient.UnrealEdEngine_0:Gameinfolnstance_C_0.lobbymenue_C_0
	Function /Game/pratice/sinyoung/multiplay/lobby/lobbymenue.lobbymenue_C:ExecuteUbergraph_lobbymenue:0922
[2018.01.20-10.02.26:200][486]LogScript: Warning: gameset 프로퍼티를 읽으려던 중 None 에 접근했습니다.
	lobbymenue_C /Engine/Transient.UnrealEdEngine_0:Gameinfolnstance_C_0.lobbymenue_C_0
	Function /Game/pratice/sinyoung/multiplay/lobby/lobbymenue.lobbymenue_C:ExecuteUbergraph_lobbymenue:095E
[2018.01.20-10.02.26:361][494]LogScript: Warning: gameset 프로퍼티를 읽으려던 중 None 에 접근했습니다.
	lobbymenue_C /Engine/Transient.UnrealEdEngine_0:Gameinfolnstance_C_0.lobbymenue_C_0
	Function /Game/pratice/sinyoung/multiplay/lobby/lobbymenue.lobbymenue_C:ExecuteUbergraph_lobbymenue:0922
[2018.01.20-10.02.26:361][494]LogScript: Warning: gameset 프로퍼티를 읽으려던 중 None 에 접근했습니다.
	lobbymenue_C /Engine/Transient.UnrealEdEngine_0:Gameinfolnstance_C_0.lobbymenue_C_0
	Function /Game/pratice/sinyoung/multiplay/lobby/lobbymenue.lobbymenue_C:ExecuteUbergraph_lobbymenue:095E
[2018.01.20-10.02.26:654][508]LogGameMode: Display: Match State Changed from InProgress to LeavingMap
[2018.01.20-10.02.26:654][508]LogGameState: Match State Changed from InProgress to LeavingMap
[2018.01.20-10.02.26:654][508]LogNet: Browse: /Game/pratice/sinyoung/multiplay/mainmenu
[2018.01.20-10.02.26:671][508]LogLoad: LoadMap: /Game/pratice/sinyoung/multiplay/mainmenu
[2018.01.20-10.02.26:671][508]LogNet: World NetDriver shutdown IpNetDriver_0 [GameNetDriver]
[2018.01.20-10.02.26:671][508]LogNet: DestroyNamedNetDriver IpNetDriver_0 [GameNetDriver]
[2018.01.20-10.02.26:671][508]LogExit: GameNetDriver IpNetDriver_0 shut down
[2018.01.20-10.02.26:671][508]LogScriptCore: Warning: Script Msg: DestroySession - Invalid player state
[2018.01.20-10.02.26:700][508]LogPlayLevel: Creating play world package: /Game/pratice/sinyoung/multiplay/UEDPIE_0_mainmenu
[2018.01.20-10.02.26:701][508]LogPlayLevel: PIE: StaticDuplicateObject took: (0.000807s)
[2018.01.20-10.02.26:701][508]LogAIModule: Creating AISystem for world mainmenu
[2018.01.20-10.02.26:702][508]LogPlayLevel: PIE: World Init took: (0.000610s)
[2018.01.20-10.02.26:702][508]LogPlayLevel: PIE: Created PIE world by copying editor world from /Game/pratice/sinyoung/multiplay/mainmenu.mainmenu to /Game/pratice/sinyoung/multiplay/UEDPIE_0_mainmenu.mainmenu (0.001665s)
[2018.01.20-10.02.26:702][508]LogLoad: Game class is 'mainGameMode'
[2018.01.20-10.02.26:703][508]LogWorld: Bringing World /Game/pratice/sinyoung/multiplay/UEDPIE_0_mainmenu.mainmenu up for play (max tick rate 60) at 2018.01.20-19.02.26
[2018.01.20-10.02.26:703][508]LogWorld: Bringing up level for play took: 0.000491
[2018.01.20-10.02.26:703][508]LogGameMode: FindPlayerStart: PATHS NOT DEFINED or NO PLAYERSTART with positive rating
[2018.01.20-10.02.26:707][508]LogLoad: Took 0.036843 seconds to LoadMap(/Game/pratice/sinyoung/multiplay/UEDPIE_0_mainmenu)
[2018.01.20-10.02.32:509][777]LogBlueprintUserMessages: Early EndPlayMap Detection: Level '/Game/pratice/sinyoung/multiplay/mainmenu.mainmenu:PersistentLevel' has LevelScriptBlueprint '/Game/pratice/sinyoung/multiplay/mainmenu.mainmenu:PersistentLevel.mainmenu' with GeneratedClass '/Game/pratice/sinyoung/multiplay/mainmenu.mainmenu_C' with ClassGeneratedBy '/Game/pratice/sinyoung/multiplay/mainmenu.mainmenu:PersistentLevel.mainmenu'
[2018.01.20-10.02.32:552][777]LogOnline: Display: OSS: FOnlineSubsystemNull::Shutdown()
[2018.01.20-10.02.32:552][777]LogOnline: Display: OSS: FOnlineAsyncTaskManager::Stop() ActiveTask:0000000000000000 Tasks[0/0]
[2018.01.20-10.02.32:553][777]LogOnline: Display: OSS: FOnlineAsyncTaskManager::Exit() started
[2018.01.20-10.02.32:553][777]LogOnline: Display: OSS: FOnlineAsyncTaskManager::Exit() finished
[2018.01.20-10.02.32:553][777]LogPlayLevel: Display: Shutting down PIE online subsystems
[2018.01.20-10.02.32:553][777]LogBlueprintUserMessages: Late EndPlayMap Detection: Level '/Game/pratice/sinyoung/multiplay/mainmenu.mainmenu:PersistentLevel' has LevelScriptBlueprint '/Game/pratice/sinyoung/multiplay/mainmenu.mainmenu:PersistentLevel.mainmenu' with GeneratedClass '/Game/pratice/sinyoung/multiplay/mainmenu.mainmenu_C' with ClassGeneratedBy '/Game/pratice/sinyoung/multiplay/mainmenu.mainmenu:PersistentLevel.mainmenu'
[2018.01.20-10.02.32:613][779]LogPlayLevel: Display: Destroying online subsystem :Context_4
[2018.01.20-10.02.32:613][779]LogOnline: Display: OSS: FOnlineSubsystemNull::Shutdown()
[2018.01.20-10.02.57:301][643]LogTemp: Repeating last play command: 선택된 뷰포트
[2018.01.20-10.02.57:342][643]LogBlueprintUserMessages: Early PlayInEditor Detection: Level '/Game/pratice/sinyoung/multiplay/mainmenu.mainmenu:PersistentLevel' has LevelScriptBlueprint '/Game/pratice/sinyoung/multiplay/mainmenu.mainmenu:PersistentLevel.mainmenu' with GeneratedClass '/Game/pratice/sinyoung/multiplay/mainmenu.mainmenu_C' with ClassGeneratedBy '/Game/pratice/sinyoung/multiplay/mainmenu.mainmenu:PersistentLevel.mainmenu'
[2018.01.20-10.02.57:342][643]LogPlayLevel: PlayLevel: No blueprints needed recompiling
[2018.01.20-10.02.57:342][643]PIE: New page: PIE 세션: mainmenu (2018. 1. 21. 오전 4:02:57)
[2018.01.20-10.02.57:404][643]LogPlayLevel: Creating play world package: /Game/pratice/sinyoung/multiplay/UEDPIE_0_mainmenu
[2018.01.20-10.02.57:405][643]LogPlayLevel: PIE: StaticDuplicateObject took: (0.000728s)
[2018.01.20-10.02.57:405][643]LogAIModule: Creating AISystem for world mainmenu
[2018.01.20-10.02.57:405][643]LogPlayLevel: PIE: World Init took: (0.000569s)
[2018.01.20-10.02.57:405][643]LogPlayLevel: PIE: Created PIE world by copying editor world from /Game/pratice/sinyoung/multiplay/mainmenu.mainmenu to /Game/pratice/sinyoung/multiplay/UEDPIE_0_mainmenu.mainmenu (0.001532s)
[2018.01.20-10.02.57:425][643]LogInit: XAudio2 using '스피커(Realtek High Definition Audio)' : 2 channels at 48 kHz using 32 bits per sample (channel mask 0x3)
[2018.01.20-10.02.57:429][643]LogInit: FAudioDevice initialized.
[2018.01.20-10.02.57:462][643]LogLoad: Game class is 'mainGameMode'
[2018.01.20-10.02.57:463][643]LogWorld: Bringing World /Game/pratice/sinyoung/multiplay/UEDPIE_0_mainmenu.mainmenu up for play (max tick rate 60) at 2018.01.20-19.02.57
[2018.01.20-10.02.57:463][643]LogWorld: Bringing up level for play took: 0.000346
[2018.01.20-10.02.57:479][643]PIE: /Game/pratice/sinyoung/multiplay/UEDPIE_0_mainmenu 에 대한 에디터에서 플레이 시작 시간: 0.722
[2018.01.20-10.02.57:479][643]LogBlueprintUserMessages: Late PlayInEditor Detection: Level '/Game/pratice/sinyoung/multiplay/mainmenu.mainmenu:PersistentLevel' has LevelScriptBlueprint '/Game/pratice/sinyoung/multiplay/mainmenu.mainmenu:PersistentLevel.mainmenu' with GeneratedClass '/Game/pratice/sinyoung/multiplay/mainmenu.mainmenu_C' with ClassGeneratedBy '/Game/pratice/sinyoung/multiplay/mainmenu.mainmenu:PersistentLevel.mainmenu'
[2018.01.20-10.03.10:606][ 36]LogNet: Browse: /Game/pratice/sinyoung/multiplay/lobbyMap?listen
[2018.01.20-10.03.10:628][ 36]LogLoad: LoadMap: /Game/pratice/sinyoung/multiplay/lobbyMap?listen
[2018.01.20-10.03.11:001][ 36]LogAIModule: Creating AISystem for world lobbyMap
[2018.01.20-10.03.11:001][ 36]LogLoad: Game class is 'lobbyGameplayGM_C'
[2018.01.20-10.03.11:002][ 36]LogTemp: Display: ParseSettings for GameNetDriver
[2018.01.20-10.03.11:002][ 36]LogTemp: Display: ParseSettings for IpNetDriver_1
[2018.01.20-10.03.11:002][ 36]LogTemp: Display: ParseSettings for GameNetDriver
[2018.01.20-10.03.11:002][ 36]LogInit: WinSock: Socket queue 131072 / 131072
[2018.01.20-10.03.11:002][ 36]PacketHandlerLog: Loaded PacketHandler component: Engine.EngineHandlerComponentFactory (StatelessConnectHandlerComponent)
[2018.01.20-10.03.11:002][ 36]LogNet: GameNetDriver IpNetDriver_1 IpNetDriver listening on port 7777
[2018.01.20-10.03.11:004][ 36]LogWorld: Bringing World /Game/pratice/sinyoung/multiplay/UEDPIE_0_lobbyMap.lobbyMap up for play (max tick rate 60) at 2018.01.20-19.03.11
[2018.01.20-10.03.11:004][ 36]LogWorld: Bringing up level for play took: 0.001365
[2018.01.20-10.03.11:007][ 36]AnimBlueprint: Warning: 슬롯노드: SWATanimblueprint_C 애니메이션 인스턴트 클래스의 'combo1' 는 이미 존재합니다. 이 클래스의 애니메이션 그래프에서 중복을 제거하세요.
[2018.01.20-10.03.11:008][ 36]LogGameMode: Display: Match State Changed from EnteringMap to WaitingToStart
[2018.01.20-10.03.11:008][ 36]LogGameState: Match State Changed from EnteringMap to WaitingToStart
[2018.01.20-10.03.11:008][ 36]LogGameMode: Display: Match State Changed from WaitingToStart to InProgress
[2018.01.20-10.03.11:009][ 36]LogGameState: Match State Changed from WaitingToStart to InProgress
[2018.01.20-10.03.11:009][ 36]LogLoad: Took 0.380509 seconds to LoadMap(/Game/pratice/sinyoung/multiplay/lobbyMap)
[2018.01.20-10.03.14:027][121]LogBlueprintUserMessages: Early EndPlayMap Detection: Level '/Game/pratice/sinyoung/multiplay/mainmenu.mainmenu:PersistentLevel' has LevelScriptBlueprint '/Game/pratice/sinyoung/multiplay/mainmenu.mainmenu:PersistentLevel.mainmenu' with GeneratedClass '/Game/pratice/sinyoung/multiplay/mainmenu.mainmenu_C' with ClassGeneratedBy '/Game/pratice/sinyoung/multiplay/mainmenu.mainmenu:PersistentLevel.mainmenu'
[2018.01.20-10.03.14:028][121]LogScriptCore: Warning: Script Msg: DestroySession - Invalid player state
[2018.01.20-10.03.14:083][121]LogOnline: Display: OSS: FOnlineSubsystemNull::Shutdown()
[2018.01.20-10.03.14:083][121]LogOnline: Display: OSS: FOnlineAsyncTaskManager::Stop() ActiveTask:0000000000000000 Tasks[0/0]
[2018.01.20-10.03.14:084][121]LogOnline: Display: OSS: FOnlineAsyncTaskManager::Exit() started
[2018.01.20-10.03.14:084][121]LogOnline: Display: OSS: FOnlineAsyncTaskManager::Exit() finished
[2018.01.20-10.03.14:084][121]LogPlayLevel: Display: Shutting down PIE online subsystems
[2018.01.20-10.03.14:084][121]LogBlueprintUserMessages: Late EndPlayMap Detection: Level '/Game/pratice/sinyoung/multiplay/mainmenu.mainmenu:PersistentLevel' has LevelScriptBlueprint '/Game/pratice/sinyoung/multiplay/mainmenu.mainmenu:PersistentLevel.mainmenu' with GeneratedClass '/Game/pratice/sinyoung/multiplay/mainmenu.mainmenu_C' with ClassGeneratedBy '/Game/pratice/sinyoung/multiplay/mainmenu.mainmenu:PersistentLevel.mainmenu'
[2018.01.20-10.03.14:103][121]LogExit: GameNetDriver None shut down
[2018.01.20-10.03.14:171][123]LogPlayLevel: Display: Destroying online subsystem :Context_5
[2018.01.20-10.03.14:171][123]LogOnline: Display: OSS: FOnlineSubsystemNull::Shutdown()
[2018.01.20-10.08.21:980][283]LogAIModule: Creating AISystem for world lobbyMap
[2018.01.20-10.08.23:750][283]Cmd: OBJ SAVEPACKAGE PACKAGE="/Game/pratice/sinyoung/multiplay/alllevel/Gameinfolnstance" FILE="E:/really/set/main/Content/pratice/sinyoung/multiplay/alllevel/Gameinfolnstance.uasset" SILENT=true
[2018.01.20-10.08.23:873][283]LogSavePackage: Save=104.69ms
[2018.01.20-10.08.23:873][283]LogSavePackage: Moving 'E:/really/set/main/Saved/Gameinfolnstance69BEB74E45E46DDEE3C14E97A7E693B4.tmp' to 'E:/really/set/main/Content/pratice/sinyoung/multiplay/alllevel/Gameinfolnstance.uasset'
[2018.01.20-10.08.23:877][283]LogSavePackage: Display: Finished SavePackage E:/really/set/main/Content/pratice/sinyoung/multiplay/alllevel/Gameinfolnstance.uasset
[2018.01.20-10.08.23:877][283]Cmd: OBJ SAVEPACKAGE PACKAGE="/Game/pratice/sinyoung/multiplay/mainmenu/hostmenu" FILE="E:/really/set/main/Content/pratice/sinyoung/multiplay/mainmenu/hostmenu.uasset" SILENT=true
[2018.01.20-10.08.24:005][283]LogSavePackage: Save=110.44ms
[2018.01.20-10.08.24:005][283]LogSavePackage: Moving 'E:/really/set/main/Saved/hostmenu1C1187184FFC53616D541A957F467A36.tmp' to 'E:/really/set/main/Content/pratice/sinyoung/multiplay/mainmenu/hostmenu.uasset'
[2018.01.20-10.08.24:006][283]LogSavePackage: Display: Finished SavePackage E:/really/set/main/Content/pratice/sinyoung/multiplay/mainmenu/hostmenu.uasset
[2018.01.20-10.08.24:007][283]Cmd: MAP LOAD FILE="E:/really/set/main/Content/pratice/sinyoung/multiplay/lobbyMap.umap" TEMPLATE=0 SHOWPROGRESS=1 FEATURELEVEL=3
[2018.01.20-10.08.24:007][283]LightingResults: New page: 라이팅 빌드
[2018.01.20-10.08.24:008][283]LoadErrors: New page: 맵 로드중: lobbyMap.umap
[2018.01.20-10.08.24:017][283]MapCheck: New page: 맵 체크
[2018.01.20-10.08.24:018][283]LightingResults: New page: 라이팅 빌드
[2018.01.20-10.08.24:136][283]LogEditorServer: Finished looking for orphan Actors (0.000 secs)
[2018.01.20-10.08.24:159][283]LogSlate: Took 0.000160 seconds to synchronously load lazily loaded font '../../../Engine/Content/Slate/Fonts/Roboto-Regular.ttf' (155K)
[2018.01.20-10.08.24:215][283]Cmd: MAP CHECKDEP NOCLEARLOG
[2018.01.20-10.08.24:292][283]MapCheck: 맵 체크 완료: 오류 0 회, 경고 0 회, 소요 시간 76.55ms.
[2018.01.20-10.08.24:292][283]LogFileHelpers: Loading map 'lobbyMap' took 0.285
[2018.01.20-10.18.21:843][553]LogFileHelpers: Editor autosave (incl. sublevels) for '/Game/pratice/sinyoung/multiplay/lobbyMap' took 0.038
[2018.01.20-10.18.21:844][553]OBJ SavePackage: Generating thumbnails for [0] asset(s) in package [/Game/pratice/sinyoung/multiplay/alllevel/Gameinfolnstance] ([1] browsable assets)...
[2018.01.20-10.18.21:845][553]OBJ SavePackage: Finished generating thumbnails for package [/Game/pratice/sinyoung/multiplay/alllevel/Gameinfolnstance]
[2018.01.20-10.18.21:970][553]LogSavePackage: Save=104.62ms
[2018.01.20-10.18.21:970][553]LogSavePackage: Moving 'E:/really/set/main/Saved/Gameinfolnstance_Auto1110C011B472FB3F15B3070A2D35607A1.tmp' to 'E:/really/set/main/Saved/Autosaves/Game/pratice/sinyoung/multiplay/alllevel/Gameinfolnstance_Auto1.uasset'
[2018.01.20-10.18.21:971][553]LogSavePackage: Display: Finished SavePackage E:/really/set/main/Saved/Autosaves/Game/pratice/sinyoung/multiplay/alllevel/Gameinfolnstance_Auto1.uasset
[2018.01.20-10.18.21:972][553]OBJ SavePackage: Generating thumbnails for [0] asset(s) in package [/Game/pratice/sinyoung/multiplay/lobby/lobbyGameplayGM] ([1] browsable assets)...
[2018.01.20-10.18.21:972][553]OBJ SavePackage: Finished generating thumbnails for package [/Game/pratice/sinyoung/multiplay/lobby/lobbyGameplayGM]
[2018.01.20-10.18.22:376][553]LogSavePackage: Save=386.20ms
[2018.01.20-10.18.22:376][553]LogSavePackage: Moving 'E:/really/set/main/Saved/lobbyGameplayGM_Auto1B92016AC4BF8DE1DD20F95BF9D266E4C.tmp' to 'E:/really/set/main/Saved/Autosaves/Game/pratice/sinyoung/multiplay/lobby/lobbyGameplayGM_Auto1.uasset'
[2018.01.20-10.18.22:377][553]LogSavePackage: Display: Finished SavePackage E:/really/set/main/Saved/Autosaves/Game/pratice/sinyoung/multiplay/lobby/lobbyGameplayGM_Auto1.uasset
[2018.01.20-10.18.22:377][553]LogFileHelpers: Auto-saving content packages took 0.533
[2018.01.20-10.20.05:790][924]LogRenderer: Reallocating scene render targets to support 1040x580 Format 9 NumSamples 1 (Frame:1).
[2018.01.20-10.20.34:242][795]LogEditorViewport: Clicking on Actor (LMB): BP_Sky_Sphere_C (Sky Sphere)
[2018.01.20-10.20.36:081][882]LogEditorViewport: Clicking on Actor (LMB): BP_Sky_Sphere_C (Sky Sphere)
[2018.01.20-10.23.09:449][716]Cmd: OBJ SAVEPACKAGE PACKAGE="/Game/pratice/sinyoung/multiplay/alllevel/Gameinfolnstance" FILE="E:/really/set/main/Content/pratice/sinyoung/multiplay/alllevel/Gameinfolnstance.uasset" SILENT=true
[2018.01.20-10.23.09:573][716]LogSavePackage: Save=105.37ms
[2018.01.20-10.23.09:573][716]LogSavePackage: Moving 'E:/really/set/main/Saved/GameinfolnstanceA1F2B701483DAACF7D689F88991C1941.tmp' to 'E:/really/set/main/Content/pratice/sinyoung/multiplay/alllevel/Gameinfolnstance.uasset'
[2018.01.20-10.23.09:577][716]LogSavePackage: Display: Finished SavePackage E:/really/set/main/Content/pratice/sinyoung/multiplay/alllevel/Gameinfolnstance.uasset
[2018.01.20-10.23.09:620][716]Cmd: OBJ SAVEPACKAGE PACKAGE="/Game/pratice/sinyoung/multiplay/lobby/lobbyGameplayGM" FILE="E:/really/set/main/Content/pratice/sinyoung/multiplay/lobby/lobbyGameplayGM.uasset" SILENT=true
[2018.01.20-10.23.09:763][716]LogSavePackage: Save=126.29ms
[2018.01.20-10.23.09:763][716]LogSavePackage: Moving 'E:/really/set/main/Saved/lobbyGameplayGMD1DCBDA54158FD7E34C16BA1B80323DD.tmp' to 'E:/really/set/main/Content/pratice/sinyoung/multiplay/lobby/lobbyGameplayGM.uasset'
[2018.01.20-10.23.09:767][716]LogSavePackage: Display: Finished SavePackage E:/really/set/main/Content/pratice/sinyoung/multiplay/lobby/lobbyGameplayGM.uasset
[2018.01.20-10.23.10:131][716]LogActorComponent: UnregisterComponent: (/Engine/Transient.EditorFloorComp) Not registered. Aborting.
[2018.01.20-10.23.10:201][716]LogWindowsTextInputMethodSystem: Display: IME system now activated using TSF (Microsoft 입력기).
[2018.01.20-10.23.10:464][717]Cmd: QUIT_EDITOR
[2018.01.20-10.23.11:384][717]LogExit: Preparing to exit.
[2018.01.20-10.23.11:758][717]LogExit: Editor shut down
[2018.01.20-10.23.11:763][717]LogExit: Transaction tracking system shut down
[2018.01.20-10.23.11:978][717]LogDirectoryWatcher: A directory notification for '../../../Engine/Content/' was aborted.
[2018.01.20-10.23.11:978][717]LogDirectoryWatcher: A directory notification for 'E:/really/set/main/Content/' was aborted.
[2018.01.20-10.23.11:978][717]LogDirectoryWatcher: A directory notification for '../../../Engine/Plugins/2D/Paper2D/Content/' was aborted.
[2018.01.20-10.23.11:978][717]LogDirectoryWatcher: A directory notification for '../../../Engine/Plugins/Media/MediaCompositing/Content/' was aborted.
[2018.01.20-10.23.11:978][717]LogDirectoryWatcher: A directory notification for '../../../Engine/Plugins/Runtime/AppleARKit/Content/' was aborted.
[2018.01.20-10.23.11:978][717]LogDirectoryWatcher: A directory notification for '../../../Engine/Plugins/Runtime/Oculus/OculusVR/Content/' was aborted.
[2018.01.20-10.23.11:979][717]LogDirectoryWatcher: A directory notification for '../../../Engine/Plugins/Runtime/Steam/SteamVR/Content/' was aborted.
[2018.01.20-10.23.12:097][717]LogExit: Object subsystem successfully closed.
[2018.01.20-10.23.12:122][717]LogD3D11RHI: Shutdown
[2018.01.20-10.23.12:123][717]LogD3D11RHI: CleanupD3DDevice
[2018.01.20-10.23.12:125][717]LogD3D11RHI: ~FD3D11DynamicRHI
[2018.01.20-10.23.12:141][717]LogModuleManager: Shutting down and abandoning module MovieSceneCapture (560)
[2018.01.20-10.23.12:141][717]LogModuleManager: Shutting down and abandoning module Voice (558)
[2018.01.20-10.23.12:141][717]LogModuleManager: Shutting down and abandoning module SequencerWidgets (556)
[2018.01.20-10.23.12:141][717]LogModuleManager: Shutting down and abandoning module BlueprintGraph (554)
[2018.01.20-10.23.12:141][717]LogModuleManager: Shutting down and abandoning module HierarchicalLODOutliner (552)
[2018.01.20-10.23.12:142][717]LogModuleManager: Shutting down and abandoning module DesktopPlatform (550)
[2018.01.20-10.23.12:142][717]LogModuleManager: Shutting down and abandoning module SceneOutliner (548)
[2018.01.20-10.23.12:142][717]LogModuleManager: Shutting down and abandoning module AddContentDialog (546)
[2018.01.20-10.23.12:142][717]LogDirectoryWatcher: A directory notification for 'C:/Program Files/Epic Games/UE_4.18/FeaturePacks/' was aborted.
[2018.01.20-10.23.12:142][717]LogModuleManager: Shutting down and abandoning module WidgetCarousel (545)
[2018.01.20-10.23.12:143][717]LogModuleManager: Shutting down and abandoning module EditorWidgets (542)
[2018.01.20-10.23.12:143][717]LogModuleManager: Shutting down and abandoning module CollectionManager (540)
[2018.01.20-10.23.12:143][717]LogDirectoryWatcher: A directory notification for 'E:/really/set/main/Content/Collections/' was aborted.
[2018.01.20-10.23.12:143][717]LogDirectoryWatcher: A directory notification for 'E:/really/set/main/Content/Developers/oner/Collections/' was aborted.
[2018.01.20-10.23.12:143][717]LogDirectoryWatcher: A directory notification for 'E:/really/set/main/Saved/Collections/' was aborted.
[2018.01.20-10.23.12:143][717]LogModuleManager: Shutting down and abandoning module StatsViewer (538)
[2018.01.20-10.23.12:143][717]LogModuleManager: Shutting down and abandoning module FoliageEdit (536)
[2018.01.20-10.23.12:143][717]LogModuleManager: Shutting down and abandoning module LandscapeEditor (534)
[2018.01.20-10.23.12:143][717]LogModuleManager: Shutting down and abandoning module MeshPaintMode (532)
[2018.01.20-10.23.12:143][717]LogModuleManager: Shutting down and abandoning module SceneDepthPickerMode (530)
[2018.01.20-10.23.12:143][717]LogModuleManager: Shutting down and abandoning module ActorPickerMode (528)
[2018.01.20-10.23.12:143][717]LogModuleManager: Shutting down and abandoning module GeometryMode (526)
[2018.01.20-10.23.12:143][717]LogModuleManager: Shutting down and abandoning module TextureAlignMode (524)
[2018.01.20-10.23.12:143][717]LogModuleManager: Shutting down and abandoning module BspMode (522)
[2018.01.20-10.23.12:143][717]LogModuleManager: Shutting down and abandoning module PIEPreviewDeviceProfileSelector (520)
[2018.01.20-10.23.12:143][717]LogModuleManager: Shutting down and abandoning module HardwareSurvey (518)
[2018.01.20-10.23.12:143][717]LogModuleManager: Shutting down and abandoning module SequenceRecorderSections (516)
[2018.01.20-10.23.12:143][717]LogModuleManager: Shutting down and abandoning module AutomationWorker (514)
[2018.01.20-10.23.12:143][717]LogModuleManager: Shutting down and abandoning module MatineeToLevelSequence (512)
[2018.01.20-10.23.12:143][717]LogModuleManager: Shutting down and abandoning module LevelSequenceEditor (510)
[2018.01.20-10.23.12:143][717]LogModuleManager: Shutting down and abandoning module PlacementMode (509)
[2018.01.20-10.23.12:143][717]LogModuleManager: Shutting down and abandoning module WmfMediaFactory (506)
[2018.01.20-10.23.12:143][717]LogModuleManager: Shutting down and abandoning module WmfMediaEditor (504)
[2018.01.20-10.23.12:143][717]LogModuleManager: Shutting down and abandoning module OpenExrWrapper (502)
[2018.01.20-10.23.12:143][717]LogModuleManager: Shutting down and abandoning module ImgMediaFactory (500)
[2018.01.20-10.23.12:143][717]LogModuleManager: Shutting down and abandoning module ImgMediaEditor (498)
[2018.01.20-10.23.12:143][717]LogModuleManager: Shutting down and abandoning module AvfMediaFactory (496)
[2018.01.20-10.23.12:143][717]LogModuleManager: Shutting down and abandoning module AvfMediaEditor (494)
[2018.01.20-10.23.12:143][717]LogModuleManager: Shutting down and abandoning module AndroidMediaFactory (492)
[2018.01.20-10.23.12:143][717]LogModuleManager: Shutting down and abandoning module AndroidMediaEditor (490)
[2018.01.20-10.23.12:143][717]LogModuleManager: Shutting down and abandoning module CharacterAI (488)
[2018.01.20-10.23.12:143][717]LogModuleManager: Shutting down and abandoning module AudioCapture (486)
[2018.01.20-10.23.12:143][717]LogModuleManager: Shutting down and abandoning module SequenceRecorder (485)
[2018.01.20-10.23.12:143][717]LogModuleManager: Shutting down and abandoning module SmartSnapping (482)
[2018.01.20-10.23.12:143][717]LogModuleManager: Shutting down and abandoning module SessionServices (480)
[2018.01.20-10.23.12:143][717]LogModuleManager: Shutting down and abandoning module ViewportSnapping (478)
[2018.01.20-10.23.12:143][717]LogModuleManager: Shutting down and abandoning module ViewportInteraction (476)
[2018.01.20-10.23.12:143][717]LogModuleManager: Shutting down and abandoning module ClothPainter (474)
[2018.01.20-10.23.12:143][717]LogModuleManager: Shutting down and abandoning module SkeletalMeshEditor (473)
[2018.01.20-10.23.12:144][717]LogModuleManager: Shutting down and abandoning module LogVisualizer (470)
[2018.01.20-10.23.12:144][717]LogModuleManager: Shutting down and abandoning module IntroTutorials (468)
[2018.01.20-10.23.12:144][717]LogModuleManager: Shutting down and abandoning module GameProjectGeneration (467)
[2018.01.20-10.23.12:144][717]LogModuleManager: Shutting down and abandoning module IOSPlatformEditor (464)
[2018.01.20-10.23.12:144][717]LogModuleManager: Shutting down and abandoning module HTML5PlatformEditor (462)
[2018.01.20-10.23.12:144][717]LogModuleManager: Shutting down and abandoning module AndroidPlatformEditor (460)
[2018.01.20-10.23.12:144][717]LogModuleManager: Shutting down and abandoning module AndroidDeviceDetection (459)
[2018.01.20-10.23.12:436][717]LogModuleManager: Shutting down and abandoning module WindowsPlatformEditor (456)
[2018.01.20-10.23.12:436][717]LogModuleManager: Shutting down and abandoning module IOSRuntimeSettings (454)
[2018.01.20-10.23.12:436][717]LogModuleManager: Shutting down and abandoning module AndroidRuntimeSettings (452)
[2018.01.20-10.23.12:436][717]LogModuleManager: Shutting down and abandoning module InputBindingEditor (450)
[2018.01.20-10.23.12:436][717]LogModuleManager: Shutting down and abandoning module MergeActors (448)
[2018.01.20-10.23.12:436][717]LogModuleManager: Shutting down and abandoning module SizeMap (446)
[2018.01.20-10.23.12:436][717]LogModuleManager: Shutting down and abandoning module TreeMap (444)
[2018.01.20-10.23.12:436][717]LogModuleManager: Shutting down and abandoning module ReferenceViewer (442)
[2018.01.20-10.23.12:436][717]LogModuleManager: Shutting down and abandoning module LocalizationDashboard (440)
[2018.01.20-10.23.12:436][717]LogModuleManager: Shutting down and abandoning module LocalizationService (439)
[2018.01.20-10.23.12:436][717]LogModuleManager: Shutting down and abandoning module HardwareTargeting (436)
[2018.01.20-10.23.12:436][717]LogModuleManager: Shutting down and abandoning module DeviceProfileEditor (434)
[2018.01.20-10.23.12:436][717]LogModuleManager: Shutting down and abandoning module UndoHistory (432)
[2018.01.20-10.23.12:436][717]LogModuleManager: Shutting down and abandoning module XmlParser (430)
[2018.01.20-10.23.12:436][717]LogModuleManager: Shutting down and abandoning module Blutility (428)
[2018.01.20-10.23.12:436][717]LogModuleManager: Shutting down and abandoning module ProjectSettingsViewer (426)
[2018.01.20-10.23.12:436][717]LogModuleManager: Shutting down and abandoning module ProjectTargetPlatformEditor (425)
[2018.01.20-10.23.12:437][717]LogModuleManager: Shutting down and abandoning module EditorSettingsViewer (422)
[2018.01.20-10.23.12:437][717]LogModuleManager: Shutting down and abandoning module SettingsEditor (420)
[2018.01.20-10.23.12:437][717]LogModuleManager: Shutting down and abandoning module ProjectLauncher (418)
[2018.01.20-10.23.12:437][717]LogModuleManager: Shutting down and abandoning module SessionFrontend (416)
[2018.01.20-10.23.12:437][717]LogModuleManager: Shutting down and abandoning module ProfilerClient (414)
[2018.01.20-10.23.12:437][717]LogModuleManager: Shutting down and abandoning module DeviceManager (412)
[2018.01.20-10.23.12:437][717]LogModuleManager: Shutting down and abandoning module TargetDeviceServices (411)
[2018.01.20-10.23.12:491][717]LogModuleManager: Shutting down and abandoning module AutomationController (408)
[2018.01.20-10.23.12:491][717]LogModuleManager: Shutting down and abandoning module AutomationWindow (406)
[2018.01.20-10.23.12:491][717]LogModuleManager: Shutting down and abandoning module Layers (404)
[2018.01.20-10.23.12:491][717]LogModuleManager: Shutting down and abandoning module ComponentVisualizers (402)
[2018.01.20-10.23.12:491][717]LogModuleManager: Shutting down and abandoning module DetailCustomizations (400)
[2018.01.20-10.23.12:491][717]LogModuleManager: Shutting down and abandoning module PackagesDialog (398)
[2018.01.20-10.23.12:491][717]LogModuleManager: Shutting down and abandoning module Persona (396)
[2018.01.20-10.23.12:491][717]LogModuleManager: Shutting down and abandoning module AdvancedPreviewScene (395)
[2018.01.20-10.23.12:491][717]LogModuleManager: Shutting down and abandoning module AnimGraph (393)
[2018.01.20-10.23.12:491][717]LogModuleManager: Shutting down and abandoning module Kismet (390)
[2018.01.20-10.23.12:499][717]LogModuleManager: Shutting down and abandoning module ClassViewer (388)
[2018.01.20-10.23.12:500][717]LogModuleManager: Shutting down and abandoning module Toolbox (386)
[2018.01.20-10.23.12:500][717]LogModuleManager: Shutting down and abandoning module ModuleUI (384)
[2018.01.20-10.23.12:500][717]LogModuleManager: Shutting down and abandoning module MovieSceneTools (382)
[2018.01.20-10.23.12:500][717]LogModuleManager: Shutting down and abandoning module OutputLog (380)
[2018.01.20-10.23.12:500][717]LogModuleManager: Shutting down and abandoning module GammaUI (378)
[2018.01.20-10.23.12:500][717]LogModuleManager: Shutting down and abandoning module Documentation (376)
[2018.01.20-10.23.12:500][717]LogModuleManager: Shutting down and abandoning module MovieSceneTracks (374)
[2018.01.20-10.23.12:500][717]LogModuleManager: Shutting down and abandoning module MovieScene (372)
[2018.01.20-10.23.12:500][717]LogModuleManager: Shutting down and abandoning module StreamingPauseRendering (370)
[2018.01.20-10.23.12:500][717]LogModuleManager: Shutting down and abandoning module LauncherPlatform (368)
[2018.01.20-10.23.12:500][717]LogModuleManager: Shutting down and abandoning module AnalyticsET (366)
[2018.01.20-10.23.12:500][717]LogModuleManager: Shutting down and abandoning module PortalServices (364)
[2018.01.20-10.23.12:500][717]LogModuleManager: Shutting down and abandoning module PortalRpc (362)
[2018.01.20-10.23.12:500][717]LogModuleManager: Shutting down and abandoning module MessagingRpc (360)
[2018.01.20-10.23.12:500][717]LogModuleManager: Shutting down and abandoning module AIModule (358)
[2018.01.20-10.23.12:501][717]LogModuleManager: Shutting down and abandoning module GameplayDebugger (357)
[2018.01.20-10.23.12:501][717]LogModuleManager: Shutting down and abandoning module AITestSuite (355)
[2018.01.20-10.23.12:501][717]LogModuleManager: Shutting down and abandoning module ProfilerService (352)
[2018.01.20-10.23.12:725][717]LogModuleManager: Shutting down and abandoning module TaskGraph (350)
[2018.01.20-10.23.12:725][717]LogModuleManager: Shutting down and abandoning module SteamVRController (348)
[2018.01.20-10.23.12:725][717]LogModuleManager: Shutting down and abandoning module ProceduralMeshComponentEditor (346)
[2018.01.20-10.23.12:725][717]LogModuleManager: Shutting down and abandoning module ProceduralMeshComponent (344)
[2018.01.20-10.23.12:725][717]LogModuleManager: Shutting down and abandoning module OculusInput (342)
[2018.01.20-10.23.12:725][717]LogModuleManager: Shutting down and abandoning module MobilePatchingUtils (340)
[2018.01.20-10.23.12:725][717]LogModuleManager: Shutting down and abandoning module CustomMeshComponent (338)
[2018.01.20-10.23.12:725][717]LogModuleManager: Shutting down and abandoning module CableComponent (336)
[2018.01.20-10.23.12:725][717]LogModuleManager: Shutting down and abandoning module ArchVisCharacter (334)
[2018.01.20-10.23.12:725][717]LogModuleManager: Shutting down and abandoning module AndroidPermission (332)
[2018.01.20-10.23.12:725][717]LogModuleManager: Shutting down and abandoning module ActorSequence (330)
[2018.01.20-10.23.12:725][717]LogModuleManager: Shutting down and abandoning module MediaPlayerEditor (328)
[2018.01.20-10.23.12:725][717]LogModuleManager: Shutting down and abandoning module MediaCompositingEditor (326)
[2018.01.20-10.23.12:725][717]LogModuleManager: Shutting down and abandoning module MediaCompositing (324)
[2018.01.20-10.23.12:725][717]LogModuleManager: Shutting down and abandoning module HTML5Networking (322)
[2018.01.20-10.23.12:725][717]LogModuleManager: Shutting down and abandoning module AlembicImporter (320)
[2018.01.20-10.23.12:725][717]LogModuleManager: Shutting down and abandoning module AlembicLibrary (319)
[2018.01.20-10.23.12:725][717]LogModuleManager: Shutting down and abandoning module GeometryCache (318)
[2018.01.20-10.23.12:725][717]LogModuleManager: Shutting down and abandoning module GeometryCacheEd (317)
[2018.01.20-10.23.12:726][717]LogModuleManager: Shutting down and abandoning module SpeedTreeImporter (312)
[2018.01.20-10.23.12:726][717]LogModuleManager: Shutting down and abandoning module PluginBrowser (310)
[2018.01.20-10.23.12:726][717]LogModuleManager: Shutting down and abandoning module MobileLauncherProfileWizard (308)
[2018.01.20-10.23.12:726][717]LogModuleManager: Shutting down and abandoning module VisualStudioSourceCodeAccess (306)
[2018.01.20-10.23.12:726][717]LogModuleManager: Shutting down and abandoning module VisualStudioCodeSourceCodeAccess (304)
[2018.01.20-10.23.12:726][717]LogModuleManager: Shutting down and abandoning module UObjectPlugin (302)
[2018.01.20-10.23.12:726][717]LogModuleManager: Shutting down and abandoning module SubversionSourceControl (300)
[2018.01.20-10.23.12:726][717]LogModuleManager: Shutting down and abandoning module PerforceSourceControl (298)
[2018.01.20-10.23.12:726][717]LogModuleManager: Shutting down and abandoning module GitSourceControl (296)
[2018.01.20-10.23.12:726][717]LogModuleManager: Shutting down and abandoning module SourceControl (295)
[2018.01.20-10.23.12:726][717]LogModuleManager: Shutting down and abandoning module LightPropagationVolumeEditor (292)
[2018.01.20-10.23.12:726][717]LogModuleManager: Shutting down and abandoning module PaperTiledImporter (290)
[2018.01.20-10.23.12:726][717]LogModuleManager: Shutting down and abandoning module PaperSpriteSheetImporter (288)
[2018.01.20-10.23.12:726][717]LogModuleManager: Shutting down and abandoning module Paper2DEditor (286)
[2018.01.20-10.23.12:726][717]LogModuleManager: Shutting down and abandoning module MeshPaint (285)
[2018.01.20-10.23.12:726][717]LogModuleManager: Shutting down and abandoning module LevelEditor (283)
[2018.01.20-10.23.12:727][717]LogModuleManager: Shutting down and abandoning module PixelInspectorModule (282)
[2018.01.20-10.23.12:727][717]LogModuleManager: Shutting down and abandoning module MainFrame (280)
[2018.01.20-10.23.12:727][717]LogModuleManager: Shutting down and abandoning module HotReload (279)
[2018.01.20-10.23.12:727][717]LogDirectoryWatcher: A directory notification for 'E:/really/set/main/Binaries/Win64' was aborted.
[2018.01.20-10.23.12:727][717]LogModuleManager: Shutting down and abandoning module main (274)
[2018.01.20-10.23.12:727][717]LogModuleManager: Shutting down and abandoning module RuntimePhysXCooking (272)
[2018.01.20-10.23.12:727][717]LogModuleManager: Shutting down and abandoning module PhysXVehiclesEditor (270)
[2018.01.20-10.23.12:727][717]LogModuleManager: Shutting down and abandoning module PhysXVehicles (268)
[2018.01.20-10.23.12:727][717]LogModuleManager: Shutting down and abandoning module OculusEditor (266)
[2018.01.20-10.23.12:727][717]LogModuleManager: Shutting down and abandoning module LocationServicesBPLibrary (264)
[2018.01.20-10.23.12:727][717]LogModuleManager: Shutting down and abandoning module ImmediatePhysicsEditor (262)
[2018.01.20-10.23.12:727][717]LogModuleManager: Shutting down and abandoning module ImmediatePhysics (260)
[2018.01.20-10.23.12:727][717]LogModuleManager: Shutting down and abandoning module UdpMessaging (258)
[2018.01.20-10.23.12:828][717]LogModuleManager: Shutting down and abandoning module TcpMessaging (256)
[2018.01.20-10.23.12:929][717]LogModuleManager: Shutting down and abandoning module GameplayTagsEditor (254)
[2018.01.20-10.23.12:929][717]LogModuleManager: Shutting down and abandoning module FacialAnimationEditor (252)
[2018.01.20-10.23.12:929][717]LogModuleManager: Shutting down and abandoning module FacialAnimation (250)
[2018.01.20-10.23.12:929][717]LogModuleManager: Shutting down and abandoning module AssetManagerEditor (248)
[2018.01.20-10.23.12:929][717]LogModuleManager: Shutting down and abandoning module GraphEditor (247)
[2018.01.20-10.23.12:929][717]LogModuleManager: Shutting down and abandoning module ContentBrowser (245)
[2018.01.20-10.23.12:930][717]LogModuleManager: Shutting down and abandoning module LightPropagationVolumeRuntime (242)
[2018.01.20-10.23.12:930][717]LogModuleManager: Shutting down and abandoning module Paper2D (240)
[2018.01.20-10.23.12:930][717]LogModuleManager: Shutting down and abandoning module WindowsMoviePlayer (238)
[2018.01.20-10.23.12:930][717]LogModuleManager: Shutting down and abandoning module WmfMedia (236)
[2018.01.20-10.23.12:932][717]LogModuleManager: Shutting down and abandoning module ImgMedia (234)
[2018.01.20-10.23.12:933][717]LogModuleManager: Shutting down and abandoning module PacketHandler (232)
[2018.01.20-10.23.12:933][717]LogModuleManager: Shutting down and abandoning module ClothingSystemEditor (230)
[2018.01.20-10.23.12:933][717]LogModuleManager: Shutting down and abandoning module ClothingSystemRuntime (228)
[2018.01.20-10.23.12:933][717]LogModuleManager: Shutting down and abandoning module MediaAssets (226)
[2018.01.20-10.23.12:933][717]LogModuleManager: Shutting down and abandoning module Media (225)
[2018.01.20-10.23.12:939][717]LogModuleManager: Shutting down and abandoning module Overlay (222)
[2018.01.20-10.23.12:939][717]LogModuleManager: Shutting down and abandoning module OverlayEditor (221)
[2018.01.20-10.23.12:939][717]LogModuleManager: Shutting down and abandoning module VREditor (218)
[2018.01.20-10.23.12:939][717]LogModuleManager: Shutting down and abandoning module StringTableEditor (216)
[2018.01.20-10.23.12:939][717]LogModuleManager: Shutting down and abandoning module GameplayTasksEditor (214)
[2018.01.20-10.23.12:939][717]LogModuleManager: Shutting down and abandoning module BehaviorTreeEditor (212)
[2018.01.20-10.23.12:939][717]LogModuleManager: Shutting down and abandoning module FunctionalTesting (210)
[2018.01.20-10.23.12:939][717]LogModuleManager: Shutting down and abandoning module CollisionAnalyzer (208)
[2018.01.20-10.23.12:939][717]LogModuleManager: Shutting down and abandoning module WorkspaceMenuStructure (207)
[2018.01.20-10.23.12:939][717]LogModuleManager: Shutting down and abandoning module UMG (204)
[2018.01.20-10.23.12:939][717]LogModuleManager: Shutting down and abandoning module UMGEditor (203)
[2018.01.20-10.23.12:939][717]LogModuleManager: Shutting down and abandoning module Sequencer (202)
[2018.01.20-10.23.12:939][717]LogModuleManager: Shutting down and abandoning module MessageLog (199)
[2018.01.20-10.23.12:939][717]LogModuleManager: Shutting down and abandoning module SlateReflector (194)
[2018.01.20-10.23.12:940][717]LogModuleManager: Shutting down and abandoning module Slate (192)
[2018.01.20-10.23.12:940][717]LogModuleManager: Shutting down and abandoning module EditorStyle (190)
[2018.01.20-10.23.12:942][717]LogModuleManager: Shutting down and abandoning module MRMesh (188)
[2018.01.20-10.23.12:942][717]LogModuleManager: Shutting down and abandoning module SourceCodeAccess (186)
[2018.01.20-10.23.12:942][717]LogModuleManager: Shutting down and abandoning module HeadMountedDisplay (184)
[2018.01.20-10.23.12:942][717]LogModuleManager: Shutting down and abandoning module XAudio2 (182)
[2018.01.20-10.23.12:942][717]LogModuleManager: Shutting down and abandoning module Networking (180)
[2018.01.20-10.23.12:942][717]LogModuleManager: Shutting down and abandoning module Core (178)
[2018.01.20-10.23.12:942][717]LogModuleManager: Shutting down and abandoning module LevelSequence (174)
[2018.01.20-10.23.12:942][717]LogModuleManager: Shutting down and abandoning module DirectoryWatcher (172)
[2018.01.20-10.23.12:943][717]LogModuleManager: Shutting down and abandoning module KismetCompiler (170)
[2018.01.20-10.23.12:943][717]LogModuleManager: Shutting down and abandoning module MeshUtilities (168)
[2018.01.20-10.23.12:943][717]LogModuleManager: Shutting down and abandoning module MeshMergeUtilities (167)
[2018.01.20-10.23.12:943][717]LogModuleManager: Shutting down and abandoning module MeshReductionInterface (166)
[2018.01.20-10.23.12:943][717]LogModuleManager: Shutting down and abandoning module SimplygonSwarm (165)
[2018.01.20-10.23.12:943][717]LogModuleManager: Shutting down and abandoning module SimplygonMeshReduction (163)
[2018.01.20-10.23.12:943][717]LogModuleManager: Shutting down and abandoning module QuadricMeshReduction (161)
[2018.01.20-10.23.12:943][717]LogModuleManager: Shutting down and abandoning module MaterialBaking (157)
[2018.01.20-10.23.12:943][717]LogModuleManager: Shutting down and abandoning module DerivedDataCache (154)
[2018.01.20-10.23.12:945][717]LogDerivedDataCache: Shutdown
[2018.01.20-10.23.12:945][717]LogModuleManager: Shutting down and abandoning module TargetPlatform (152)
[2018.01.20-10.23.12:945][717]LogModuleManager: Shutting down and abandoning module VulkanShaderFormat (151)
[2018.01.20-10.23.12:945][717]LogModuleManager: Shutting down and abandoning module ShaderFormatVectorVM (149)
[2018.01.20-10.23.12:945][717]LogModuleManager: Shutting down and abandoning module ShaderFormatOpenGL (147)
[2018.01.20-10.23.12:945][717]LogModuleManager: Shutting down and abandoning module ShaderFormatD3D (145)
[2018.01.20-10.23.12:945][717]LogModuleManager: Shutting down and abandoning module MetalShaderFormat (143)
[2018.01.20-10.23.12:945][717]LogModuleManager: Shutting down and abandoning module TextureFormatUncompressed (141)
[2018.01.20-10.23.12:945][717]LogModuleManager: Shutting down and abandoning module TextureFormatPVR (139)
[2018.01.20-10.23.12:945][717]LogModuleManager: Shutting down and abandoning module TextureFormatDXT (137)
[2018.01.20-10.23.12:945][717]LogModuleManager: Shutting down and abandoning module TextureFormatIntelISPCTexComp (135)
[2018.01.20-10.23.12:945][717]LogModuleManager: Shutting down and abandoning module TextureFormatASTC (133)
[2018.01.20-10.23.12:945][717]LogModuleManager: Shutting down and abandoning module ImageWrapper (132)
[2018.01.20-10.23.12:945][717]LogModuleManager: Shutting down and abandoning module TextureFormatAndroid (129)
[2018.01.20-10.23.12:945][717]LogModuleManager: Shutting down and abandoning module AudioFormatOpus (127)
[2018.01.20-10.23.12:945][717]LogModuleManager: Shutting down and abandoning module AudioFormatOgg (125)
[2018.01.20-10.23.12:946][717]LogModuleManager: Shutting down and abandoning module AudioFormatADPCM (123)
[2018.01.20-10.23.12:946][717]LogModuleManager: Shutting down and abandoning module LinuxTargetPlatform (121)
[2018.01.20-10.23.12:946][717]LogModuleManager: Shutting down and abandoning module LinuxServerTargetPlatform (119)
[2018.01.20-10.23.12:946][717]LogModuleManager: Shutting down and abandoning module LinuxNoEditorTargetPlatform (117)
[2018.01.20-10.23.12:946][717]LogModuleManager: Shutting down and abandoning module LinuxClientTargetPlatform (115)
[2018.01.20-10.23.12:946][717]LogModuleManager: Shutting down and abandoning module TVOSTargetPlatform (113)
[2018.01.20-10.23.12:946][717]LogModuleManager: Shutting down and abandoning module Messaging (111)
[2018.01.20-10.23.12:946][717]LogModuleManager: Shutting down and abandoning module IOSTargetPlatform (109)
[2018.01.20-10.23.12:946][717]LogModuleManager: Shutting down and abandoning module HTML5TargetPlatform (107)
[2018.01.20-10.23.12:946][717]LogModuleManager: Shutting down and abandoning module AndroidTargetPlatform (105)
[2018.01.20-10.23.12:946][717]LogModuleManager: Shutting down and abandoning module Android_PVRTCTargetPlatform (103)
[2018.01.20-10.23.12:946][717]LogModuleManager: Shutting down and abandoning module Android_MultiTargetPlatform (101)
[2018.01.20-10.23.12:946][717]LogModuleManager: Shutting down and abandoning module Android_ETC2TargetPlatform (99)
[2018.01.20-10.23.12:946][717]LogModuleManager: Shutting down and abandoning module Android_ETC1TargetPlatform (97)
[2018.01.20-10.23.12:946][717]LogModuleManager: Shutting down and abandoning module Android_DXTTargetPlatform (95)
[2018.01.20-10.23.12:946][717]LogModuleManager: Shutting down and abandoning module Android_ATCTargetPlatform (93)
[2018.01.20-10.23.12:946][717]LogModuleManager: Shutting down and abandoning module Android_ASTCTargetPlatform (91)
[2018.01.20-10.23.12:946][717]LogModuleManager: Shutting down and abandoning module WindowsTargetPlatform (89)
[2018.01.20-10.23.12:946][717]LogModuleManager: Shutting down and abandoning module WindowsServerTargetPlatform (87)
[2018.01.20-10.23.12:946][717]LogModuleManager: Shutting down and abandoning module WindowsNoEditorTargetPlatform (85)
[2018.01.20-10.23.12:946][717]LogModuleManager: Shutting down and abandoning module WindowsClientTargetPlatform (83)
[2018.01.20-10.23.12:946][717]LogModuleManager: Shutting down and abandoning module MacTargetPlatform (81)
[2018.01.20-10.23.12:946][717]LogModuleManager: Shutting down and abandoning module MacServerTargetPlatform (79)
[2018.01.20-10.23.12:946][717]LogModuleManager: Shutting down and abandoning module MacNoEditorTargetPlatform (77)
[2018.01.20-10.23.12:946][717]LogModuleManager: Shutting down and abandoning module MacClientTargetPlatform (75)
[2018.01.20-10.23.12:946][717]LogModuleManager: Shutting down and abandoning module AllDesktopTargetPlatform (73)
[2018.01.20-10.23.12:946][717]LogModuleManager: Shutting down and abandoning module InputCore (70)
[2018.01.20-10.23.12:946][717]LogModuleManager: Shutting down and abandoning module Settings (68)
[2018.01.20-10.23.12:946][717]LogModuleManager: Shutting down and abandoning module PhysXCooking (66)
[2018.01.20-10.23.12:946][717]LogModuleManager: Shutting down and abandoning module SteamVR (64)
[2018.01.20-10.23.12:946][717]LogModuleManager: Shutting down and abandoning module OculusHMD (62)
[2018.01.20-10.23.12:946][717]LogModuleManager: Shutting down and abandoning module ExampleDeviceProfileSelector (60)
[2018.01.20-10.23.12:946][717]LogModuleManager: Shutting down and abandoning module AppleARKit (58)
[2018.01.20-10.23.12:946][717]LogModuleManager: Shutting down and abandoning module AugmentedReality (57)
[2018.01.20-10.23.12:946][717]LogModuleManager: Shutting down and abandoning module OnlineBlueprintSupport (54)
[2018.01.20-10.23.12:946][717]LogModuleManager: Shutting down and abandoning module OnlineSubsystem (50)
[2018.01.20-10.23.12:946][717]LogOnline: Display: OSS: FOnlineSubsystemNull::Shutdown()
[2018.01.20-10.23.12:946][717]LogOnline: Display: OSS: FOnlineAsyncTaskManager::Stop() ActiveTask:0000000000000000 Tasks[0/0]
[2018.01.20-10.23.12:947][717]LogOnline: Display: OSS: FOnlineAsyncTaskManager::Exit() started
[2018.01.20-10.23.12:947][717]LogOnline: Display: OSS: FOnlineAsyncTaskManager::Exit() finished
[2018.01.20-10.23.12:947][717]LogModuleManager: Shutting down and abandoning module XMPP (43)
[2018.01.20-10.23.12:947][717]LogModuleManager: Shutting down and abandoning module HTTP (41)
[2018.01.20-10.23.12:947][717]LogHttp: Display: Http module shutting down, but needs to wait on 1 outstanding Http requests:
[2018.01.20-10.23.12:947][717]LogHttp: Display: 	verb=[POST] url=[https://datarouter.ol.epicgames.com/datarouter/api/v1/public/data?SessionID=%7B1E8F835C-4C7D-A105-B28C-F6B39E2F9D9B%7D&AppID=UEEditor.Rocket.Release&AppVersion=4.18.2-3794801%2B%2B%2BUE4%2BRelease-4.18&UserID=463d32804ed0e00b32bdea8316121d1a%7Cbe7002ba347b47079d44449137132371%7C9fb0c685-e72c-4645-aa63-f3eea19a5c0c&AppEnvironment=datacollector-binary&UploadType=eteventstream] status=Processing
[2018.01.20-10.23.12:955][717]LogModuleManager: Shutting down and abandoning module SSL (40)
[2018.01.20-10.23.12:956][717]LogModuleManager: Shutting down and abandoning module AnimationModifiers (36)
[2018.01.20-10.23.12:956][717]LogModuleManager: Shutting down and abandoning module PropertyEditor (35)
[2018.01.20-10.23.12:956][717]LogModuleManager: Shutting down and abandoning module AudioEditor (32)
[2018.01.20-10.23.12:956][717]LogModuleManager: Shutting down and abandoning module TextureCompressor (30)
[2018.01.20-10.23.12:956][717]LogModuleManager: Shutting down and abandoning module ShaderCore (28)
[2018.01.20-10.23.12:956][717]LogModuleManager: Shutting down and abandoning module Landscape (26)
[2018.01.20-10.23.12:956][717]LogModuleManager: Shutting down and abandoning module SlateRHIRenderer (24)
[2018.01.20-10.23.12:959][717]LogModuleManager: Shutting down and abandoning module OpenGLDrv (22)
[2018.01.20-10.23.12:959][717]LogModuleManager: Shutting down and abandoning module D3D11RHI (20)
[2018.01.20-10.23.12:959][717]LogModuleManager: Shutting down and abandoning module AnimGraphRuntime (18)
[2018.01.20-10.23.12:959][717]LogModuleManager: Shutting down and abandoning module Renderer (16)
[2018.01.20-10.23.12:959][717]LogModuleManager: Shutting down and abandoning module Engine (14)
[2018.01.20-10.23.12:959][717]LogModuleManager: Shutting down and abandoning module CoreUObject (12)
[2018.01.20-10.23.12:959][717]LogModuleManager: Shutting down and abandoning module NetworkFile (10)
[2018.01.20-10.23.12:959][717]LogModuleManager: Shutting down and abandoning module CookedIterativeFile (8)
[2018.01.20-10.23.12:959][717]LogModuleManager: Shutting down and abandoning module StreamingFile (6)
[2018.01.20-10.23.12:959][717]LogModuleManager: Shutting down and abandoning module SandboxFile (4)
[2018.01.20-10.23.12:959][717]LogModuleManager: Shutting down and abandoning module PakFile (2)
[2018.01.20-10.23.12:962][717]LogExit: Exiting.
[2018.01.20-10.23.12:994][717]Log file closed, 01/20/18 19:23:12
