Log file open, 01/20/18 20:42:22
LogWindows: Failed to load 'aqProf.dll' (GetLastError=126)
LogWindows: File 'aqProf.dll' does not exist
LogWindows: Failed to load 'VSPerf140.dll' (GetLastError=126)
LogWindows: File 'VSPerf140.dll' does not exist
LogWindows: Failed to load 'VtuneApi.dll' (GetLastError=126)
LogWindows: File 'VtuneApi.dll' does not exist
LogWindows: Failed to load 'VtuneApi32e.dll' (GetLastError=126)
LogWindows: File 'VtuneApi32e.dll' does not exist
LogInit: Display: Running engine for game: main
LogPlatformFile: Not using cached read wrapper
LogInit: Display: RandInit(61909206) SRandInit(61909206).
LogInit: Read version file with build ID '3709383'
LogInit: Overriding engine version to CL 3794801, compatible CL 3709383
LogInit: Registered custom module enumerator with build ID '3709383'
LogInit: Warning: Passing commandline switches using / instead of - has been deprecated and will be removed in future versions of Unreal Engine.
LogTaskGraph: Started task graph with 5 named threads and 14 total threads with 3 sets of task threads.
LogStats: Stats thread started at 0.216576
LogD3D11RHI: Aftermath initialized
LogInit: Warning: Passing commandline switches using / instead of - has been deprecated and will be removed in future versions of Unreal Engine.
LogPluginManager: Mounting plugin Paper2D
LogPluginManager: Mounting plugin LightPropagationVolume
LogPluginManager: Mounting plugin CodeLiteSourceCodeAccess
LogPluginManager: Mounting plugin GitSourceControl
LogPluginManager: Mounting plugin KDevelopSourceCodeAccess
LogPluginManager: Mounting plugin NullSourceCodeAccess
LogPluginManager: Mounting plugin PerforceSourceControl
LogPluginManager: Mounting plugin SubversionSourceControl
LogPluginManager: Mounting plugin UObjectPlugin
LogPluginManager: Mounting plugin VisualStudioCodeSourceCodeAccess
LogPluginManager: Mounting plugin VisualStudioSourceCodeAccess
LogPluginManager: Mounting plugin XCodeSourceCodeAccess
LogPluginManager: Mounting plugin AssetManagerEditor
LogPluginManager: Mounting plugin AudioCapture
LogPluginManager: Mounting plugin FacialAnimation
LogPluginManager: Mounting plugin GameplayTagsEditor
LogPluginManager: Mounting plugin MobileLauncherProfileWizard
LogPluginManager: Mounting plugin PluginBrowser
LogPluginManager: Mounting plugin SpeedTreeImporter
LogPluginManager: Mounting plugin AlembicImporter
LogPluginManager: Mounting plugin CharacterAI
LogPluginManager: Mounting plugin HTML5Networking
LogPluginManager: Mounting plugin AndroidMedia
LogPluginManager: Mounting plugin AvfMedia
LogPluginManager: Mounting plugin ImgMedia
LogPluginManager: Mounting plugin MediaCompositing
LogPluginManager: Mounting plugin MediaPlayerEditor
LogPluginManager: Mounting plugin WmfMedia
LogPluginManager: Mounting plugin TcpMessaging
LogPluginManager: Mounting plugin UdpMessaging
LogPluginManager: Mounting plugin ActorSequence
LogPluginManager: Mounting plugin LevelSequenceEditor
LogPluginManager: Mounting plugin MatineeToLevelSequence
LogPluginManager: Mounting plugin OnlineSubsystemGooglePlay
LogPluginManager: Mounting plugin OnlineSubsystemIOS
LogPluginManager: Mounting plugin OnlineSubsystem
LogPluginManager: Mounting plugin OnlineSubsystemNull
LogPluginManager: Mounting plugin OnlineSubsystemSteam
LogPluginManager: Mounting plugin OnlineSubsystemUtils
LogPluginManager: Mounting plugin AndroidDeviceProfileSelector
LogPluginManager: Mounting plugin AndroidMoviePlayer
LogPluginManager: Mounting plugin AndroidPermission
LogPluginManager: Mounting plugin AppleARKit
LogPluginManager: Mounting plugin AppleMoviePlayer
LogPluginManager: Mounting plugin ArchVisCharacter
LogPluginManager: Mounting plugin CableComponent
LogPluginManager: Mounting plugin CustomMeshComponent
LogPluginManager: Mounting plugin ExampleDeviceProfileSelector
LogPluginManager: Mounting plugin GoogleCloudMessaging
LogPluginManager: Mounting plugin ImmediatePhysics
LogPluginManager: Mounting plugin IOSDeviceProfileSelector
LogPluginManager: Mounting plugin LinuxDeviceProfileSelector
LogPluginManager: Mounting plugin LocationServicesBPLibrary
LogPluginManager: Mounting plugin MobilePatchingUtils
LogPluginManager: Mounting plugin OculusVR
LogPluginManager: Plugin shader directory ../../../Engine/Plugins/Runtime/Oculus/OculusVR/Shaders found
LogPluginManager: Mapping shader source directory ../../../Engine/Plugins/Runtime/Oculus/OculusVR/Shaders to virtual directory /Plugin/OculusVR
LogPluginManager: Mounting plugin PhysXVehicles
LogPluginManager: Mounting plugin ProceduralMeshComponent
LogPluginManager: Mounting plugin RuntimePhysXCooking
LogPluginManager: Mounting plugin SteamVR
LogPluginManager: Mounting plugin WindowsMoviePlayer
LogModuleManager: Display: Found up-to-date module file E:/really/set/main/Binaries/Win64/UE4Editor-main.dll (API version 3709383).
LogModuleManager: Display: Found up-to-date module file ../../../Engine/Plugins/2D/Paper2D/Binaries/Win64/UE4Editor-Paper2D.dll (API version 3709383).
LogModuleManager: Display: Found up-to-date module file ../../../Engine/Plugins/2D/Paper2D/Binaries/Win64/UE4Editor-Paper2DEditor.dll (API version 3709383).
LogModuleManager: Display: Found up-to-date module file ../../../Engine/Plugins/2D/Paper2D/Binaries/Win64/UE4Editor-PaperSpriteSheetImporter.dll (API version 3709383).
LogModuleManager: Display: Found up-to-date module file ../../../Engine/Plugins/2D/Paper2D/Binaries/Win64/UE4Editor-PaperTiledImporter.dll (API version 3709383).
LogModuleManager: Display: Found up-to-date module file ../../../Engine/Plugins/2D/Paper2D/Binaries/Win64/UE4Editor-SmartSnapping.dll (API version 3709383).
LogModuleManager: Display: Found up-to-date module file ../../../Engine/Plugins/Blendables/LightPropagationVolume/Binaries/Win64/UE4Editor-LightPropagationVolumeRuntime.dll (API version 3709383).
LogModuleManager: Display: Found up-to-date module file ../../../Engine/Plugins/Blendables/LightPropagationVolume/Binaries/Win64/UE4Editor-LightPropagationVolumeEditor.dll (API version 3709383).
LogModuleManager: Display: Found up-to-date module file ../../../Engine/Plugins/Developer/GitSourceControl/Binaries/Win64/UE4Editor-GitSourceControl.dll (API version 3709383).
LogModuleManager: Display: Found up-to-date module file ../../../Engine/Plugins/Developer/PerforceSourceControl/Binaries/Win64/UE4Editor-PerforceSourceControl.dll (API version 3709383).
LogModuleManager: Display: Found up-to-date module file ../../../Engine/Plugins/Developer/SubversionSourceControl/Binaries/Win64/UE4Editor-SubversionSourceControl.dll (API version 3709383).
LogModuleManager: Display: Found up-to-date module file ../../../Engine/Plugins/Developer/UObjectPlugin/Binaries/Win64/UE4Editor-UObjectPlugin.dll (API version 3709383).
LogModuleManager: Display: Found up-to-date module file ../../../Engine/Plugins/Developer/VisualStudioCodeSourceCodeAccess/Binaries/Win64/UE4Editor-VisualStudioCodeSourceCodeAccess.dll (API version 3709383).
LogModuleManager: Display: Found up-to-date module file ../../../Engine/Plugins/Developer/VisualStudioSourceCodeAccess/Binaries/Win64/UE4Editor-VisualStudioSourceCodeAccess.dll (API version 3709383).
LogModuleManager: Display: Found up-to-date module file ../../../Engine/Plugins/Editor/AssetManagerEditor/Binaries/Win64/UE4Editor-AssetManagerEditor.dll (API version 3709383).
LogModuleManager: Display: Found up-to-date module file ../../../Engine/Plugins/Editor/AudioCapture/Binaries/Win64/UE4Editor-AudioCapture.dll (API version 3709383).
LogModuleManager: Display: Found up-to-date module file ../../../Engine/Plugins/Editor/FacialAnimation/Binaries/Win64/UE4Editor-FacialAnimation.dll (API version 3709383).
LogModuleManager: Display: Found up-to-date module file ../../../Engine/Plugins/Editor/FacialAnimation/Binaries/Win64/UE4Editor-FacialAnimationEditor.dll (API version 3709383).
LogModuleManager: Display: Found up-to-date module file ../../../Engine/Plugins/Editor/GameplayTagsEditor/Binaries/Win64/UE4Editor-GameplayTagsEditor.dll (API version 3709383).
LogModuleManager: Display: Found up-to-date module file ../../../Engine/Plugins/Editor/MobileLauncherProfileWizard/Binaries/Win64/UE4Editor-MobileLauncherProfileWizard.dll (API version 3709383).
LogModuleManager: Display: Found up-to-date module file ../../../Engine/Plugins/Editor/PluginBrowser/Binaries/Win64/UE4Editor-PluginBrowser.dll (API version 3709383).
LogModuleManager: Display: Found up-to-date module file ../../../Engine/Plugins/Editor/SpeedTreeImporter/Binaries/Win64/UE4Editor-SpeedTreeImporter.dll (API version 3709383).
LogModuleManager: Display: Found up-to-date module file ../../../Engine/Plugins/Experimental/AlembicImporter/Binaries/Win64/UE4Editor-AlembicImporter.dll (API version 3709383).
LogModuleManager: Display: Found up-to-date module file ../../../Engine/Plugins/Experimental/AlembicImporter/Binaries/Win64/UE4Editor-AlembicLibrary.dll (API version 3709383).
LogModuleManager: Display: Found up-to-date module file ../../../Engine/Plugins/Experimental/CharacterAI/Binaries/Win64/UE4Editor-CharacterAI.dll (API version 3709383).
LogModuleManager: Display: Found up-to-date module file ../../../Engine/Plugins/Experimental/HTML5Networking/Binaries/Win64/UE4Editor-HTML5Networking.dll (API version 3709383).
LogModuleManager: Display: Found up-to-date module file ../../../Engine/Plugins/Media/AndroidMedia/Binaries/Win64/UE4Editor-AndroidMediaEditor.dll (API version 3709383).
LogModuleManager: Display: Found up-to-date module file ../../../Engine/Plugins/Media/AndroidMedia/Binaries/Win64/UE4Editor-AndroidMediaFactory.dll (API version 3709383).
LogModuleManager: Display: Found up-to-date module file ../../../Engine/Plugins/Media/AvfMedia/Binaries/Win64/UE4Editor-AvfMediaEditor.dll (API version 3709383).
LogModuleManager: Display: Found up-to-date module file ../../../Engine/Plugins/Media/AvfMedia/Binaries/Win64/UE4Editor-AvfMediaFactory.dll (API version 3709383).
LogModuleManager: Display: Found up-to-date module file ../../../Engine/Plugins/Media/AvfMedia/Binaries/Win64/UE4Editor-AvfMediaFactory.dll (API version 3709383).
LogModuleManager: Display: Found up-to-date module file ../../../Engine/Plugins/Media/ImgMedia/Binaries/Win64/UE4Editor-ImgMedia.dll (API version 3709383).
LogModuleManager: Display: Found up-to-date module file ../../../Engine/Plugins/Media/ImgMedia/Binaries/Win64/UE4Editor-ImgMediaEditor.dll (API version 3709383).
LogModuleManager: Display: Found up-to-date module file ../../../Engine/Plugins/Media/ImgMedia/Binaries/Win64/UE4Editor-ImgMediaFactory.dll (API version 3709383).
LogModuleManager: Display: Found up-to-date module file ../../../Engine/Plugins/Media/ImgMedia/Binaries/Win64/UE4Editor-ImgMediaFactory.dll (API version 3709383).
LogModuleManager: Display: Found up-to-date module file ../../../Engine/Plugins/Media/ImgMedia/Binaries/Win64/UE4Editor-OpenExrWrapper.dll (API version 3709383).
LogModuleManager: Display: Found up-to-date module file ../../../Engine/Plugins/Media/MediaCompositing/Binaries/Win64/UE4Editor-MediaCompositing.dll (API version 3709383).
LogModuleManager: Display: Found up-to-date module file ../../../Engine/Plugins/Media/MediaCompositing/Binaries/Win64/UE4Editor-MediaCompositingEditor.dll (API version 3709383).
LogModuleManager: Display: Found up-to-date module file ../../../Engine/Plugins/Media/MediaPlayerEditor/Binaries/Win64/UE4Editor-MediaPlayerEditor.dll (API version 3709383).
LogModuleManager: Display: Found up-to-date module file ../../../Engine/Plugins/Media/WmfMedia/Binaries/Win64/UE4Editor-WmfMedia.dll (API version 3709383).
LogModuleManager: Display: Found up-to-date module file ../../../Engine/Plugins/Media/WmfMedia/Binaries/Win64/UE4Editor-WmfMediaEditor.dll (API version 3709383).
LogModuleManager: Display: Found up-to-date module file ../../../Engine/Plugins/Media/WmfMedia/Binaries/Win64/UE4Editor-WmfMediaFactory.dll (API version 3709383).
LogModuleManager: Display: Found up-to-date module file ../../../Engine/Plugins/Media/WmfMedia/Binaries/Win64/UE4Editor-WmfMediaFactory.dll (API version 3709383).
LogModuleManager: Display: Found up-to-date module file ../../../Engine/Plugins/Messaging/TcpMessaging/Binaries/Win64/UE4Editor-TcpMessaging.dll (API version 3709383).
LogModuleManager: Display: Found up-to-date module file ../../../Engine/Plugins/Messaging/UdpMessaging/Binaries/Win64/UE4Editor-UdpMessaging.dll (API version 3709383).
LogModuleManager: Display: Found up-to-date module file ../../../Engine/Plugins/MovieScene/ActorSequence/Binaries/Win64/UE4Editor-ActorSequence.dll (API version 3709383).
LogModuleManager: Display: Found up-to-date module file ../../../Engine/Plugins/MovieScene/LevelSequenceEditor/Binaries/Win64/UE4Editor-LevelSequenceEditor.dll (API version 3709383).
LogModuleManager: Display: Found up-to-date module file ../../../Engine/Plugins/MovieScene/MatineeToLevelSequence/Binaries/Win64/UE4Editor-MatineeToLevelSequence.dll (API version 3709383).
LogModuleManager: Display: Found up-to-date module file ../../../Engine/Plugins/Online/OnlineSubsystem/Binaries/Win64/UE4Editor-OnlineSubsystem.dll (API version 3709383).
LogModuleManager: Display: Found up-to-date module file ../../../Engine/Plugins/Online/OnlineSubsystemNull/Binaries/Win64/UE4Editor-OnlineSubsystemNull.dll (API version 3709383).
LogModuleManager: Display: Found up-to-date module file ../../../Engine/Plugins/Online/OnlineSubsystemSteam/Binaries/Win64/UE4Editor-OnlineSubsystemSteam.dll (API version 3709383).
LogModuleManager: Display: Found up-to-date module file ../../../Engine/Plugins/Online/OnlineSubsystemUtils/Binaries/Win64/UE4Editor-OnlineSubsystemUtils.dll (API version 3709383).
LogModuleManager: Display: Found up-to-date module file ../../../Engine/Plugins/Online/OnlineSubsystemUtils/Binaries/Win64/UE4Editor-OnlineBlueprintSupport.dll (API version 3709383).
LogModuleManager: Display: Found up-to-date module file ../../../Engine/Plugins/Runtime/AndroidDeviceProfileSelector/Binaries/Win64/UE4Editor-AndroidDeviceProfileSelector.dll (API version 3709383).
LogModuleManager: Display: Found up-to-date module file ../../../Engine/Plugins/Runtime/AndroidPermission/Binaries/Win64/UE4Editor-AndroidPermission.dll (API version 3709383).
LogModuleManager: Display: Found up-to-date module file ../../../Engine/Plugins/Runtime/AppleARKit/Binaries/Win64/UE4Editor-AppleARKit.dll (API version 3709383).
LogModuleManager: Display: Found up-to-date module file ../../../Engine/Plugins/Runtime/ArchVisCharacter/Binaries/Win64/UE4Editor-ArchVisCharacter.dll (API version 3709383).
LogModuleManager: Display: Found up-to-date module file ../../../Engine/Plugins/Runtime/CableComponent/Binaries/Win64/UE4Editor-CableComponent.dll (API version 3709383).
LogModuleManager: Display: Found up-to-date module file ../../../Engine/Plugins/Runtime/CustomMeshComponent/Binaries/Win64/UE4Editor-CustomMeshComponent.dll (API version 3709383).
LogModuleManager: Display: Found up-to-date module file ../../../Engine/Plugins/Runtime/ExampleDeviceProfileSelector/Binaries/Win64/UE4Editor-ExampleDeviceProfileSelector.dll (API version 3709383).
LogModuleManager: Display: Found up-to-date module file ../../../Engine/Plugins/Runtime/ImmediatePhysics/Binaries/Win64/UE4Editor-ImmediatePhysics.dll (API version 3709383).
LogModuleManager: Display: Found up-to-date module file ../../../Engine/Plugins/Runtime/ImmediatePhysics/Binaries/Win64/UE4Editor-ImmediatePhysicsEditor.dll (API version 3709383).
LogModuleManager: Display: Found up-to-date module file ../../../Engine/Plugins/Runtime/LocationServicesBPLibrary/Binaries/Win64/UE4Editor-LocationServicesBPLibrary.dll (API version 3709383).
LogModuleManager: Display: Found up-to-date module file ../../../Engine/Plugins/Runtime/MobilePatchingUtils/Binaries/Win64/UE4Editor-MobilePatchingUtils.dll (API version 3709383).
LogModuleManager: Display: Found up-to-date module file ../../../Engine/Plugins/Runtime/Oculus/OculusVR/Binaries/Win64/UE4Editor-OculusHMD.dll (API version 3709383).
LogModuleManager: Display: Found up-to-date module file ../../../Engine/Plugins/Runtime/Oculus/OculusVR/Binaries/Win64/UE4Editor-OculusInput.dll (API version 3709383).
LogModuleManager: Display: Found up-to-date module file ../../../Engine/Plugins/Runtime/Oculus/OculusVR/Binaries/Win64/UE4Editor-OculusEditor.dll (API version 3709383).
LogModuleManager: Display: Found up-to-date module file ../../../Engine/Plugins/Runtime/PhysXVehicles/Binaries/Win64/UE4Editor-PhysXVehicles.dll (API version 3709383).
LogModuleManager: Display: Found up-to-date module file ../../../Engine/Plugins/Runtime/PhysXVehicles/Binaries/Win64/UE4Editor-PhysXVehiclesEditor.dll (API version 3709383).
LogModuleManager: Display: Found up-to-date module file ../../../Engine/Plugins/Runtime/ProceduralMeshComponent/Binaries/Win64/UE4Editor-ProceduralMeshComponent.dll (API version 3709383).
LogModuleManager: Display: Found up-to-date module file ../../../Engine/Plugins/Runtime/ProceduralMeshComponent/Binaries/Win64/UE4Editor-ProceduralMeshComponentEditor.dll (API version 3709383).
LogModuleManager: Display: Found up-to-date module file ../../../Engine/Plugins/Runtime/RuntimePhysXCooking/Binaries/Win64/UE4Editor-RuntimePhysXCooking.dll (API version 3709383).
LogModuleManager: Display: Found up-to-date module file ../../../Engine/Plugins/Runtime/Steam/SteamVR/Binaries/Win64/UE4Editor-SteamVR.dll (API version 3709383).
LogModuleManager: Display: Found up-to-date module file ../../../Engine/Plugins/Runtime/Steam/SteamVR/Binaries/Win64/UE4Editor-SteamVRController.dll (API version 3709383).
LogModuleManager: Display: Found up-to-date module file ../../../Engine/Plugins/Runtime/WindowsMoviePlayer/Binaries/Win64/UE4Editor-WindowsMoviePlayer.dll (API version 3709383).
LogInit: Using libcurl 7.47.1
LogInit:  - built for x86_64-pc-win32
LogInit:  - supports SSL with OpenSSL/1.0.2g
LogInit:  - supports HTTP deflate (compression) using libz 1.2.8
LogInit:  - other features:
LogInit:      CURL_VERSION_SSL
LogInit:      CURL_VERSION_LIBZ
LogInit:      CURL_VERSION_IPV6
LogInit:      CURL_VERSION_ASYNCHDNS
LogInit:      CURL_VERSION_LARGEFILE
LogInit:      CURL_VERSION_IDN
LogInit:  CurlRequestOptions (configurable via config and command line):
LogInit:  - bVerifyPeer = false  - Libcurl will NOT verify peer certificate
LogInit:  - bUseHttpProxy = false  - Libcurl will NOT use HTTP proxy
LogInit:  - bDontReuseConnections = false  - Libcurl will reuse connections
LogInit:  - CertBundlePath = nullptr  - Libcurl will use whatever was configured at build time.
LogOnline: Display: STEAM: Loading Steam SDK 1.39
LogInit: WinSock: version 1.1 (2.2), MaxSocks=32767, MaxUdp=65467
LogInit: Build: ++UE4+Release-4.18-CL-3794801
LogInit: Engine Version: 4.18.2-3794801+++UE4+Release-4.18
LogInit: Compatible Engine Version: 4.18.0-3709383+++UE4+Release-4.18
LogInit: Net CL: 3709383
LogDevObjectVersion: Number of dev versions registered: 16
LogDevObjectVersion:   Dev-Blueprints (B0D832E4-1F89-4F0D-ACCF-7EB736FD4AA2): 10
LogDevObjectVersion:   Dev-Build (E1C64328-A22C-4D53-A36C-8E866417BD8C): 0
LogDevObjectVersion:   Dev-Core (375EC13C-06E4-48FB-B500-84F0262A717E): 2
LogDevObjectVersion:   Dev-Editor (E4B068ED-F494-42E9-A231-DA0B2E46BB41): 20
LogDevObjectVersion:   Dev-Framework (CFFC743F-43B0-4480-9391-14DF171D2073): 30
LogDevObjectVersion:   Dev-Mobile (B02B49B5-BB20-44E9-A304-32B752E40360): 0
LogDevObjectVersion:   Dev-Networking (A4E4105C-59A1-49B5-A7C5-40C4547EDFEE): 0
LogDevObjectVersion:   Dev-Online (39C831C9-5AE6-47DC-9A44-9C173E1C8E7C): 0
LogDevObjectVersion:   Dev-Physics (78F01B33-EBEA-4F98-B9B4-84EACCB95AA2): 0
LogDevObjectVersion:   Dev-Platform (6631380F-2D4D-43E0-8009-CF276956A95A): 0
LogDevObjectVersion:   Dev-Rendering (12F88B9F-8875-4AFC-A67C-D90C383ABD29): 20
LogDevObjectVersion:   Dev-Sequencer (7B5AE74C-D270-4C10-A958-57980B212A5A): 4
LogDevObjectVersion:   Dev-VR (D7296918-1DD6-4BDD-9DE2-64A83CC13884): 0
LogDevObjectVersion:   Dev-LoadTimes (C2A15278-BFE7-4AFE-6C17-90FF531DF755): 1
LogDevObjectVersion:   Private-Geometry (6EACA3D4-40EC-4CC1-B786-8BED09428FC5): 1
LogDevObjectVersion:   Dev-AnimPhys (29E575DD-E0A3-4627-9D10-D276232CDCEA): 12
LogInit: Compiled (64-bit): Dec  8 2017 02:04:53
LogInit: Compiled with Visual C++: 19.00.24215.01
LogInit: Build Configuration: Development
LogInit: Branch Name: ++UE4+Release-4.18
LogInit: Command line:  /Game/pratice/sinyoung/multiplay/mainmenu -game -PIEVIACONSOLE -ResX=1280 -ResY=720  -Multiprocess -messaging -SessionName="Play in Standalone Game" -windowed 
LogInit: Base directory: C:/Program Files/Epic Games/UE_4.18/Engine/Binaries/Win64/
LogInit: Installed Engine Build: 1
LogInit: Presizing for max 8388607 objects, including 0 objects not considered by GC, pre-allocating 0 bytes for permanent pool.
LogInit: Object subsystem initialized
[2018.01.20-11.42.25:931][  0]LogInit: Selected Device Profile: [Windows]
[2018.01.20-11.42.25:931][  0]LogInit: Applying CVar settings loaded from the selected device profile: [Windows]
[2018.01.20-11.42.25:937][  0]LogInit: Computer: DESKTOP-FRCQVUI
[2018.01.20-11.42.25:937][  0]LogInit: User: oner
[2018.01.20-11.42.25:937][  0]LogInit: CPU Page size=4096, Cores=4
[2018.01.20-11.42.25:937][  0]LogInit: High frequency timer resolution =2.630632 MHz
[2018.01.20-11.42.25:937][  0]LogMemory: Memory total: Physical=7.9GB (8GB approx)
[2018.01.20-11.42.25:937][  0]LogMemory: Platform Memory Stats for Windows
[2018.01.20-11.42.25:937][  0]LogMemory: Process Physical Memory: 305.38 MB used, 305.38 MB peak
[2018.01.20-11.42.25:937][  0]LogMemory: Process Virtual Memory: 286.92 MB used, 286.92 MB peak
[2018.01.20-11.42.25:937][  0]LogMemory: Physical Memory: 5050.70 MB used,  3030.05 MB free, 8080.75 MB total
[2018.01.20-11.42.25:937][  0]LogMemory: Virtual Memory: 800.63 MB used,  3030.05 MB free, 134217728.00 MB total
[2018.01.20-11.42.26:220][  0]LogInit: Using OS detected language (ko-KR).
[2018.01.20-11.42.26:220][  0]LogInit: Using OS detected locale (ko-KR).
[2018.01.20-11.42.26:226][  0]LogTextLocalizationManager: No specific localization for 'ko-KR' exists, so the 'ko' localization will be used.
[2018.01.20-11.42.26:546][  0]LogD3D11RHI: D3D11 adapters:
[2018.01.20-11.42.26:609][  0]LogD3D11RHI:    0. 'NVIDIA GeForce GTX 970M' (Feature Level 11_0)
[2018.01.20-11.42.26:609][  0]LogD3D11RHI:       3040/0/4040 MB DedicatedVideo/DedicatedSystem/SharedSystem, Outputs:1, VendorId:0x10de
[2018.01.20-11.42.26:616][  0]LogD3D11RHI:    1. 'Intel(R) HD Graphics 5600' (Feature Level 11_0)
[2018.01.20-11.42.26:616][  0]LogD3D11RHI:       128/0/4040 MB DedicatedVideo/DedicatedSystem/SharedSystem, Outputs:0, VendorId:0x8086
[2018.01.20-11.42.26:619][  0]LogD3D11RHI:    2. 'Microsoft Basic Render Driver' (Feature Level 11_0)
[2018.01.20-11.42.26:619][  0]LogD3D11RHI:       0/0/4040 MB DedicatedVideo/DedicatedSystem/SharedSystem, Outputs:0, VendorId:0x1414
[2018.01.20-11.42.26:619][  0]LogD3D11RHI: Chosen D3D11 Adapter: 0
[2018.01.20-11.42.26:630][  0]LogD3D11RHI: Creating new Direct3DDevice
[2018.01.20-11.42.26:630][  0]LogD3D11RHI:     GPU DeviceId: 0x13d8 (for the marketing name, search the web for "GPU Device Id")
[2018.01.20-11.42.26:631][  0]LogWindows: EnumDisplayDevices:
[2018.01.20-11.42.26:631][  0]LogWindows:    0. 'Intel(R) HD Graphics 5600' (P:1 D:1)
[2018.01.20-11.42.26:631][  0]LogWindows:    1. 'Intel(R) HD Graphics 5600' (P:0 D:0)
[2018.01.20-11.42.26:631][  0]LogWindows:    2. 'Intel(R) HD Graphics 5600' (P:0 D:0)
[2018.01.20-11.42.26:631][  0]LogWindows: DebugString: GetVideoDriverDetailsInvalid PrimaryIsNotTheChoosenAdapter GetVideoDriverDetailsInvalid PrimaryIsNotTheChoosenAdapter GetVideoDriverDetailsInvalid PrimaryIsNotTheChoosenAdapter FoundDriverCount:0 
[2018.01.20-11.42.26:631][  0]LogD3D11RHI:     Adapter Name: NVIDIA GeForce GTX 970M
[2018.01.20-11.42.26:631][  0]LogD3D11RHI:   Driver Version: Unknown (internal:Unknown, unified:Unknown)
[2018.01.20-11.42.26:631][  0]LogD3D11RHI:      Driver Date: Unknown
[2018.01.20-11.42.26:631][  0]LogRHI: Texture pool is 2128 MB (70% of 3040 MB)
[2018.01.20-11.42.26:671][  0]LogD3D11RHI: Async texture creation enabled
[2018.01.20-11.42.26:850][  0]LogD3D11RHI: GPU Timing Frequency: 1000.000000 (Debug: 2 1)
[2018.01.20-11.42.26:851][  0]LogShaderCompilers: Guid format shader working directory is 26 characters bigger than the processId version (E:/really/set/main/Intermediate/Shaders/WorkingDirectory/440/).
[2018.01.20-11.42.26:851][  0]LogShaderCompilers: Cleaned the shader compiler working directory 'C:/Users/강망/AppData/Local/Temp/UnrealShaderWorkingDir/C59A76D14FE15FDAA7F17DA1BAD1F6E0/'.
[2018.01.20-11.42.26:851][  0]LogShaderCompilers: Display: Using Local Shader Compiler.
[2018.01.20-11.42.27:949][  0]LogTemp: Display: Loaded TP WindowsClientTargetPlatform
[2018.01.20-11.42.28:022][  0]LogTemp: Display: Loaded TP WindowsNoEditorTargetPlatform
[2018.01.20-11.42.28:087][  0]LogTemp: Display: Loaded TP WindowsServerTargetPlatform
[2018.01.20-11.42.28:161][  0]LogTemp: Display: Loaded TP WindowsTargetPlatform
[2018.01.20-11.42.28:161][  0]LogTargetPlatformManager: Display: Building Assets For Windows
[2018.01.20-11.42.28:818][  0]LogDerivedDataCache: Display: Max Cache Size: 512 MB
[2018.01.20-11.42.28:906][  0]LogDerivedDataCache: Loaded boot cache 0.09s 79MB C:/Users/강망/AppData/Local/UnrealEngine/4.18/DerivedDataCache/Boot.ddc.
[2018.01.20-11.42.28:906][  0]LogDerivedDataCache: Display: Loaded Boot cache: C:/Users/강망/AppData/Local/UnrealEngine/4.18/DerivedDataCache/Boot.ddc
[2018.01.20-11.42.28:906][  0]LogDerivedDataCache: FDerivedDataBackendGraph:  Pak pak cache file E:/really/set/main/DerivedDataCache/DDC.ddp not found, will not use a pak cache.
[2018.01.20-11.42.28:906][  0]LogDerivedDataCache: Unable to find inner node Pak for hierarchical cache Hierarchy.
[2018.01.20-11.42.28:906][  0]LogDerivedDataCache: FDerivedDataBackendGraph:  CompressedPak pak cache file E:/really/set/main/DerivedDataCache/Compressed.ddp not found, will not use a pak cache.
[2018.01.20-11.42.28:906][  0]LogDerivedDataCache: Unable to find inner node CompressedPak for hierarchical cache Hierarchy.
[2018.01.20-11.42.28:922][  0]LogDerivedDataCache: Display: Pak cache opened for reading ../../../Engine/DerivedDataCache/Compressed.ddp.
[2018.01.20-11.42.28:934][  0]LogDerivedDataCache: Using Local data cache path C:/Users/강망/AppData/Local/UnrealEngine/Common/DerivedDataCache: Writable
[2018.01.20-11.42.28:944][  0]LogMaterial: Verifying Global Shaders for PCD3D_SM5
[2018.01.20-11.42.28:945][  0]LogSlate: Using Freetype 2.6.0
[2018.01.20-11.42.28:945][  0]LogSlate: SlateFontCache - WITH_FREETYPE: 1, WITH_HARFBUZZ: 1
[2018.01.20-11.42.28:945][  0]LogSlate: SlateFontCache - WITH_FREETYPE: 1, WITH_HARFBUZZ: 1
[2018.01.20-11.42.29:395][  0]LogAssetRegistry: FAssetRegistry took 0.0041 seconds to start up
[2018.01.20-11.42.29:418][  0]LogPackageLocalizationCache: Processed 7 localized package path(s) for 2 prioritized culture(s) in 0.022492 seconds
[2018.01.20-11.42.29:551][  0]LogInit: Selected Device Profile: [Windows]
[2018.01.20-11.42.30:046][  0]LogSimplygon: Simplygon DLL not present - disabling.
[2018.01.20-11.42.30:123][  0]LogMeshReduction: Using SimplygonSwarm for distributed automatic mesh merging
[2018.01.20-11.42.30:123][  0]LogMeshReduction: Using QuadricMeshReduction for automatic static mesh reduction
[2018.01.20-11.42.30:123][  0]LogMeshReduction: No automatic skeletal mesh reduction module available
[2018.01.20-11.42.30:123][  0]LogMeshReduction: No automatic mesh merging module available
[2018.01.20-11.42.30:123][  0]LogMeshMerging: No automatic mesh merging module available
[2018.01.20-11.42.30:161][  0]LogNetVersion: main , NetCL: 3709383, EngineNetVer: 2, GameNetVer: 0 (Checksum: 1998149536)
[2018.01.20-11.42.30:439][  0]LogInit: Warning: Passing commandline switches using / instead of - has been deprecated and will be removed in future versions of Unreal Engine.
[2018.01.20-11.42.30:439][  0]LogInit: Warning: Passing commandline switches using / instead of - has been deprecated and will be removed in future versions of Unreal Engine.
[2018.01.20-11.42.30:439][  0]LogInit: Warning: Passing commandline switches using / instead of - has been deprecated and will be removed in future versions of Unreal Engine.
[2018.01.20-11.42.33:105][  0]LogMoviePlayer: Initializing movie player
[2018.01.20-11.42.33:185][  0]LogWindowsTextInputMethodSystem: Display: IME system now activated using TSF (Microsoft 입력기).
[2018.01.20-11.42.33:917][  0]LogCollectionManager: Loaded 0 collections in 0.004614 seconds
[2018.01.20-11.42.34:010][  0]LogFileCache: Scanning file cache for directory 'E:/really/set/main/Saved/Collections/' took 0.01s
[2018.01.20-11.42.34:010][  0]LogFileCache: Scanning file cache for directory 'E:/really/set/main/Content/Developers/oner/Collections/' took 0.01s
[2018.01.20-11.42.34:010][  0]LogFileCache: Scanning file cache for directory 'E:/really/set/main/Content/Collections/' took 0.01s
[2018.01.20-11.42.34:010][  0]LogCollectionManager: Rebuilt the object cache for 0 collections in 0.000000 seconds (found 0 objects)
[2018.01.20-11.42.34:010][  0]LogCollectionManager: Fixed up redirectors for 0 collections in 0.000107 seconds (updated 0 objects)
[2018.01.20-11.42.34:450][  0]LogTcpMessaging: Initializing TcpMessaging bridge
[2018.01.20-11.42.34:569][  0]LogUdpMessaging: Initializing bridge on interface 0.0.0.0:0 to multicast group 230.0.0.1:6666.
[2018.01.20-11.42.35:329][  0]LogBlueprint: Warning: [Compiler ThirdPersonCharacter] 입력 액션 이벤트가  click 입력 액션  에 대한 미확인 'click' 액션을 레퍼런싱합니다.
[2018.01.20-11.42.35:350][  0]LogBlueprint: Warning: [Compiler ThirdPersonCharacter] [0014.06] ThirdPersonCharacter 컴파일에 성공했습니다만, 경고가 1 회 있습니다. [소요시간 56 ms] (/Game/ThirdPersonCPP/Blueprints/ThirdPersonCharacter.ThirdPersonCharacter)
[2018.01.20-11.42.35:564][  0]LogInit: Warning: Passing commandline switches using / instead of - has been deprecated and will be removed in future versions of Unreal Engine.
[2018.01.20-11.42.35:565][  0]SourceControl: 소스 콘트롤이 꺼졌습니다.
[2018.01.20-11.42.35:565][  0]SourceControl: 소스 콘트롤이 꺼졌습니다.
[2018.01.20-11.42.35:646][  0]SourceControl: 소스 콘트롤이 꺼졌습니다.
[2018.01.20-11.42.36:256][  0]LogAndroidPermission: UAndroidPermissionCallbackProxy::GetInstance
[2018.01.20-11.42.36:621][  0]LogOcInput: OculusInput pre-init called
[2018.01.20-11.42.36:763][  0]LogUObjectArray: 41629 objects as part of root set at end of initial load.
[2018.01.20-11.42.36:763][  0]LogUObjectAllocator: 9543672 out of 0 bytes used by permanent object pool.
[2018.01.20-11.42.36:763][  0]LogUObjectArray: CloseDisregardForGC: 0/0 objects in disregard for GC pool
[2018.01.20-11.42.36:896][  0]LogEngine: Initializing Engine...
[2018.01.20-11.42.36:901][  0]LogHMD: Failed to initialize OpenVR with code 110
[2018.01.20-11.42.37:095][  0]LogStats: UGameplayTagsManager::ConstructGameplayTagTree: Construct from data asset -  0.000 s
[2018.01.20-11.42.37:095][  0]LogStats: UGameplayTagsManager::ConstructGameplayTagTree: GameplayTagTreeChangedEvent.Broadcast -  0.000 s
[2018.01.20-11.42.37:106][  0]LogInit: XAudio2 using '스피커(Realtek High Definition Audio)' : 2 channels at 48 kHz using 32 bits per sample (channel mask 0x3)
[2018.01.20-11.42.37:114][  0]LogInit: FAudioDevice initialized.
[2018.01.20-11.42.37:158][  0]LogInit: Texture streaming: Enabled
[2018.01.20-11.42.37:177][  0]LogMaterial: Uniform references updated for custom material expression Custom.
[2018.01.20-11.42.37:718][  0]LogInit: Warning: Passing commandline switches using / instead of - has been deprecated and will be removed in future versions of Unreal Engine.
[2018.01.20-11.42.37:773][  0]LogInit: Display: Game Engine Initialized.
[2018.01.20-11.42.37:773][  0]LogGameplayTags: Display: UGameplayTagsManager::DoneAddingNativeTags. DelegateIsBound: 0
[2018.01.20-11.42.38:007][  0]LogInit: Display: Starting Game.
[2018.01.20-11.42.38:007][  0]LogNet: Browse: /Game/pratice/sinyoung/multiplay/mainmenu?Name=Player
[2018.01.20-11.42.38:007][  0]LogLoad: LoadMap: /Game/pratice/sinyoung/multiplay/mainmenu?Name=Player
[2018.01.20-11.42.38:187][  0]LogAIModule: Creating AISystem for world mainmenu
[2018.01.20-11.42.38:187][  0]LogLoad: Game class is 'mainGameMode'
[2018.01.20-11.42.38:188][  0]LogWorld: Bringing World /Game/pratice/sinyoung/multiplay/mainmenu.mainmenu up for play (max tick rate 0) at 2018.01.20-20.42.38
[2018.01.20-11.42.38:188][  0]LogWorld: Bringing up level for play took: 0.000545
[2018.01.20-11.42.38:190][  0]LogGameMode: FindPlayerStart: PATHS NOT DEFINED or NO PLAYERSTART with positive rating
[2018.01.20-11.42.38:199][  0]LogLoad: Took 0.191709 seconds to LoadMap(/Game/pratice/sinyoung/multiplay/mainmenu)
[2018.01.20-11.42.38:208][  0]LogSlate: Took 0.007057 seconds to synchronously load lazily loaded font '../../../Engine/Content/Slate/Fonts/NanumGothic.ttf' (4243K)
[2018.01.20-11.42.38:464][  0]LogRenderer: Reallocating scene render targets to support 1280x720 Format 10 NumSamples 1 (Frame:1).
[2018.01.20-11.42.38:464][  0]LogLoad: (Engine Initialization) Total time: 17.17 seconds
[2018.01.20-11.42.38:464][  0]LogLoad: (Engine Initialization) Total Blueprint compile time: 0.00 seconds
[2018.01.20-11.42.38:464][  0]LogExternalProfiler: No external profilers were discovered.  External profiling features will not be available.
[2018.01.20-11.42.38:488][  0]LogContentStreaming: Texture pool size now 1000 MB
[2018.01.20-11.42.40:226][ 99]LogSlate: Took 0.000308 seconds to synchronously load lazily loaded font '../../../Engine/Content/Slate/Fonts/Roboto-Regular.ttf' (155K)
[2018.01.20-11.42.46:481][487]LogNetVersion: main 1.0.0.0, NetCL: 3709383, EngineNetVer: 2, GameNetVer: 0 (Checksum: 285256623)
[2018.01.20-11.42.46:823][508]LogOnline: Verbose: dumping NamedSession: 
[2018.01.20-11.42.46:823][508]LogOnline: Verbose: 	SessionName: GameSession
[2018.01.20-11.42.46:823][508]LogOnline: Verbose: 	HostingPlayerNum: 0
[2018.01.20-11.42.46:823][508]LogOnline: Verbose: 	SessionState: Pending
[2018.01.20-11.42.46:823][508]LogOnline: Verbose: 	RegisteredPlayers: 
[2018.01.20-11.42.46:823][508]LogOnline: Verbose: 	    0 registered players
[2018.01.20-11.42.46:823][508]LogOnline: Verbose: dumping Session: 
[2018.01.20-11.42.46:823][508]LogOnline: Verbose: 	OwningPlayerName: a26253290
[2018.01.20-11.42.46:823][508]LogOnline: Verbose: 	OwningPlayerId: a26253290 [0x11000010B5204B0]
[2018.01.20-11.42.46:823][508]LogOnline: Verbose: 	NumOpenPrivateConnections: 0
[2018.01.20-11.42.46:823][508]LogOnline: Verbose: 	NumOpenPublicConnections: 1
[2018.01.20-11.42.46:823][508]LogOnline: Verbose: 	SessionInfo: HostIP: INVALID SteamP2P: 76561198150190256:7777 Type: Lobby session SessionId: Lobby [0x1860000DABC57C5]
[2018.01.20-11.42.46:823][508]LogOnline: Verbose: dumping SessionSettings: 
[2018.01.20-11.42.46:823][508]LogOnline: Verbose: 	NumPublicConnections: 2
[2018.01.20-11.42.46:823][508]LogOnline: Verbose: 	NumPrivateConnections: 0
[2018.01.20-11.42.46:823][508]LogOnline: Verbose: 	bIsLanMatch: false
[2018.01.20-11.42.46:823][508]LogOnline: Verbose: 	bIsDedicated: false
[2018.01.20-11.42.46:823][508]LogOnline: Verbose: 	bUsesStats: false
[2018.01.20-11.42.46:823][508]LogOnline: Verbose: 	bShouldAdvertise: true
[2018.01.20-11.42.46:823][508]LogOnline: Verbose: 	bAllowJoinInProgress: true
[2018.01.20-11.42.46:823][508]LogOnline: Verbose: 	bAllowInvites: false
[2018.01.20-11.42.46:823][508]LogOnline: Verbose: 	bUsesPresence: true
[2018.01.20-11.42.46:823][508]LogOnline: Verbose: 	bAllowJoinViaPresence: true
[2018.01.20-11.42.46:823][508]LogOnline: Verbose: 	bAllowJoinViaPresenceFriendsOnly: false
[2018.01.20-11.42.46:823][508]LogOnline: Verbose: 	BuildUniqueId: 0x427b34bd
[2018.01.20-11.42.46:823][508]LogOnline: Verbose: 	Settings:
[2018.01.20-11.42.46:946][508]LogPackageName: SearchForPackageOnDisk took   0.122s to resolve lobbyMap.umap.
[2018.01.20-11.42.47:059][508]LogPackageName: SearchForPackageOnDisk took   0.113s to resolve lobbyMap.umap.
[2018.01.20-11.42.47:059][508]LogNet: Browse: /Game/pratice/sinyoung/multiplay/lobbyMap?listen
[2018.01.20-11.42.47:060][508]LogLoad: LoadMap: /Game/pratice/sinyoung/multiplay/lobbyMap?listen
[2018.01.20-11.42.47:897][508]LogAIModule: Creating AISystem for world lobbyMap
[2018.01.20-11.42.47:897][508]LogLoad: Game class is 'lobbyGameplayGM_C'
[2018.01.20-11.42.47:897][508]LogTemp: Display: ParseSettings for GameNetDriver
[2018.01.20-11.42.47:898][508]LogTemp: Display: ParseSettings for SteamNetDriver_0
[2018.01.20-11.42.47:898][508]LogTemp: Display: ParseSettings for GameNetDriver
[2018.01.20-11.42.47:898][508]LogNet: Display: SteamNetDriver_0 bound to port 7777
[2018.01.20-11.42.47:898][508]PacketHandlerLog: Loaded PacketHandler component: Engine.EngineHandlerComponentFactory (StatelessConnectHandlerComponent)
[2018.01.20-11.42.47:898][508]LogNet: GameNetDriver SteamNetDriver_0 IpNetDriver listening on port 7777
[2018.01.20-11.42.47:900][508]LogWorld: Bringing World /Game/pratice/sinyoung/multiplay/lobbyMap.lobbyMap up for play (max tick rate 0) at 2018.01.20-20.42.47
[2018.01.20-11.42.47:901][508]LogWorld: Bringing up level for play took: 0.001713
[2018.01.20-11.42.47:904][508]AnimBlueprint: Warning: 슬롯노드: SWATanimblueprint_C 애니메이션 인스턴트 클래스의 'combo1' 는 이미 존재합니다. 이 클래스의 애니메이션 그래프에서 중복을 제거하세요.
[2018.01.20-11.42.47:905][508]LogGameMode: Display: Match State Changed from EnteringMap to WaitingToStart
[2018.01.20-11.42.47:906][508]LogGameState: Match State Changed from EnteringMap to WaitingToStart
[2018.01.20-11.42.47:906][508]LogGameMode: Display: Match State Changed from WaitingToStart to InProgress
[2018.01.20-11.42.47:906][508]LogGameState: Match State Changed from WaitingToStart to InProgress
[2018.01.20-11.42.47:906][508]LogLoad: Took 0.846805 seconds to LoadMap(/Game/pratice/sinyoung/multiplay/lobbyMap)
[2018.01.20-11.42.58:691][171]LogNet: NotifyAcceptingConnection accepted from: 76561198385398695:7777
[2018.01.20-11.42.58:692][171]LogHandshake: SendConnectChallenge. Timestamp: 11.887934, Cookie: 054177187120043007160111122233130240203142131135196236074082
[2018.01.20-11.42.58:692][171]LogNet: NotifyAcceptingConnection accepted from: 76561198385398695:7777
[2018.01.20-11.42.58:692][171]LogHandshake: SendConnectChallenge. Timestamp: 11.887934, Cookie: 054177187120043007160111122233130240203142131135196236074082
[2018.01.20-11.42.58:693][171]LogNet: NotifyAcceptingConnection accepted from: 76561198385398695:7777
[2018.01.20-11.42.58:693][171]LogHandshake: SendConnectChallenge. Timestamp: 11.887934, Cookie: 054177187120043007160111122233130240203142131135196236074082
[2018.01.20-11.42.58:693][171]LogNet: NotifyAcceptingConnection accepted from: 76561198385398695:7777
[2018.01.20-11.42.58:693][171]LogHandshake: SendConnectChallenge. Timestamp: 11.887934, Cookie: 054177187120043007160111122233130240203142131135196236074082
[2018.01.20-11.42.58:723][173]LogNet: NotifyAcceptingConnection accepted from: 76561198385398695:7777
[2018.01.20-11.42.58:723][173]LogHandshake: SendChallengeAck. InCookie: 054177187120043007160111122233130240203142131135196236074082
[2018.01.20-11.42.58:723][173]LogNet: Server accepting post-challenge connection from: 76561198385398695:7777
[2018.01.20-11.42.58:724][173]PacketHandlerLog: Loaded PacketHandler component: Engine.EngineHandlerComponentFactory (StatelessConnectHandlerComponent)
[2018.01.20-11.42.58:725][173]LogNet: NotifyAcceptedConnection: Name: lobbyMap, TimeStamp: 01/20/18 20:42:58, [UNetConnection] RemoteAddr: 76561198385398695:7777, Name: SteamNetConnection_0, Driver: GameNetDriver SteamNetDriver_0, IsServer: YES, PC: NULL, Owner: NULL
[2018.01.20-11.42.58:725][173]LogNet: AddClientConnection: Added client connection: [UNetConnection] RemoteAddr: 76561198385398695:7777, Name: SteamNetConnection_0, Driver: GameNetDriver SteamNetDriver_0, IsServer: YES, PC: NULL, Owner: NULL
[2018.01.20-11.42.58:725][173]LogHandshake: Received unexpected post-connect handshake packet - resending ack.
[2018.01.20-11.42.58:725][173]LogHandshake: SendChallengeAck. InCookie: 054177187120043007160111122233130240203142131135196236074082
[2018.01.20-11.42.58:726][173]LogHandshake: Received unexpected post-connect handshake packet - resending ack.
[2018.01.20-11.42.58:726][173]LogHandshake: SendChallengeAck. InCookie: 054177187120043007160111122233130240203142131135196236074082
[2018.01.20-11.42.58:726][173]LogHandshake: Received unexpected post-connect handshake packet - resending ack.
[2018.01.20-11.42.58:726][173]LogHandshake: SendChallengeAck. InCookie: 054177187120043007160111122233130240203142131135196236074082
[2018.01.20-11.42.58:757][175]LogNet: NotifyAcceptingChannel Control 0 server World /Game/pratice/sinyoung/multiplay/lobbyMap.lobbyMap: Accepted
[2018.01.20-11.42.58:757][175]LogNet: Remote platform little endian=1
[2018.01.20-11.42.58:757][175]LogNet: This platform little endian=1
[2018.01.20-11.42.58:788][177]LogNet: Login request: /Game/pratice/sinyoung/multiplay/mainmenu?Name=a6359539 userId: 76561198385398695
[2018.01.20-11.42.58:804][178]LogNet: Client netspeed is 10000
[2018.01.20-11.42.59:627][229]LogNet: Join request: /Game/pratice/sinyoung/multiplay/mainmenu?Name=a6359539?SplitscreenCount=1
[2018.01.20-11.42.59:633][229]LogScript: Warning: lobbymenuWB 프로퍼티를 읽으려던 중 None 에 접근했습니다.
	lobbyGameplayPc_C /Game/pratice/sinyoung/multiplay/lobbyMap.lobbyMap:PersistentLevel.lobbyGameplayPc_C_1
	Function /Game/pratice/sinyoung/multiplay/lobby/lobbyGameplayPc.lobbyGameplayPc_C:ExecuteUbergraph_lobbyGameplayPc:041D
[2018.01.20-11.42.59:633][229]LogScript: Warning: Script call stack:
	Function /Game/pratice/sinyoung/multiplay/lobby/lobbyGameplayGM.lobbyGameplayGM_C:K2_PostLogin
	Function /Game/pratice/sinyoung/multiplay/lobby/lobbyGameplayGM.lobbyGameplayGM_C:ExecuteUbergraph_lobbyGameplayGM
	Function /Game/pratice/sinyoung/multiplay/lobby/lobbyGameplayPc.lobbyGameplayPc_C:updatelobbysettings
	Function /Game/pratice/sinyoung/multiplay/lobby/lobbyGameplayPc.lobbyGameplayPc_C:ExecuteUbergraph_lobbyGameplayPc

[2018.01.20-11.42.59:633][229]LogScript: Warning: 오브젝트의 변수를 할당하려던 중 None 에 접근했습니다.
	lobbyGameplayPc_C /Game/pratice/sinyoung/multiplay/lobbyMap.lobbyMap:PersistentLevel.lobbyGameplayPc_C_1
	Function /Game/pratice/sinyoung/multiplay/lobby/lobbyGameplayPc.lobbyGameplayPc_C:ExecuteUbergraph_lobbyGameplayPc:0432
[2018.01.20-11.42.59:633][229]LogScript: Warning: Script call stack:
	Function /Game/pratice/sinyoung/multiplay/lobby/lobbyGameplayGM.lobbyGameplayGM_C:K2_PostLogin
	Function /Game/pratice/sinyoung/multiplay/lobby/lobbyGameplayGM.lobbyGameplayGM_C:ExecuteUbergraph_lobbyGameplayGM
	Function /Game/pratice/sinyoung/multiplay/lobby/lobbyGameplayPc.lobbyGameplayPc_C:updatelobbysettings
	Function /Game/pratice/sinyoung/multiplay/lobby/lobbyGameplayPc.lobbyGameplayPc_C:ExecuteUbergraph_lobbyGameplayPc

[2018.01.20-11.42.59:633][229]LogScript: Warning: lobbymenuWB 프로퍼티를 읽으려던 중 None 에 접근했습니다.
	lobbyGameplayPc_C /Game/pratice/sinyoung/multiplay/lobbyMap.lobbyMap:PersistentLevel.lobbyGameplayPc_C_1
	Function /Game/pratice/sinyoung/multiplay/lobby/lobbyGameplayPc.lobbyGameplayPc_C:ExecuteUbergraph_lobbyGameplayPc:044E
[2018.01.20-11.42.59:633][229]LogScript: Warning: Script call stack:
	Function /Game/pratice/sinyoung/multiplay/lobby/lobbyGameplayGM.lobbyGameplayGM_C:K2_PostLogin
	Function /Game/pratice/sinyoung/multiplay/lobby/lobbyGameplayGM.lobbyGameplayGM_C:ExecuteUbergraph_lobbyGameplayGM
	Function /Game/pratice/sinyoung/multiplay/lobby/lobbyGameplayPc.lobbyGameplayPc_C:updatelobbysettings
	Function /Game/pratice/sinyoung/multiplay/lobby/lobbyGameplayPc.lobbyGameplayPc_C:ExecuteUbergraph_lobbyGameplayPc

[2018.01.20-11.42.59:633][229]LogScript: Warning: None 에 할당하려 했습니다.
	lobbyGameplayPc_C /Game/pratice/sinyoung/multiplay/lobbyMap.lobbyMap:PersistentLevel.lobbyGameplayPc_C_1
	Function /Game/pratice/sinyoung/multiplay/lobby/lobbyGameplayPc.lobbyGameplayPc_C:ExecuteUbergraph_lobbyGameplayPc:0463
[2018.01.20-11.42.59:633][229]LogScript: Warning: Script call stack:
	Function /Game/pratice/sinyoung/multiplay/lobby/lobbyGameplayGM.lobbyGameplayGM_C:K2_PostLogin
	Function /Game/pratice/sinyoung/multiplay/lobby/lobbyGameplayGM.lobbyGameplayGM_C:ExecuteUbergraph_lobbyGameplayGM
	Function /Game/pratice/sinyoung/multiplay/lobby/lobbyGameplayPc.lobbyGameplayPc_C:updatelobbysettings
	Function /Game/pratice/sinyoung/multiplay/lobby/lobbyGameplayPc.lobbyGameplayPc_C:ExecuteUbergraph_lobbyGameplayPc

[2018.01.20-11.42.59:633][229]LogScript: Warning: lobbymenuWB 프로퍼티를 읽으려던 중 None 에 접근했습니다.
	lobbyGameplayPc_C /Game/pratice/sinyoung/multiplay/lobbyMap.lobbyMap:PersistentLevel.lobbyGameplayPc_C_1
	Function /Game/pratice/sinyoung/multiplay/lobby/lobbyGameplayPc.lobbyGameplayPc_C:ExecuteUbergraph_lobbyGameplayPc:047F
[2018.01.20-11.42.59:633][229]LogScript: Warning: Script call stack:
	Function /Game/pratice/sinyoung/multiplay/lobby/lobbyGameplayGM.lobbyGameplayGM_C:K2_PostLogin
	Function /Game/pratice/sinyoung/multiplay/lobby/lobbyGameplayGM.lobbyGameplayGM_C:ExecuteUbergraph_lobbyGameplayGM
	Function /Game/pratice/sinyoung/multiplay/lobby/lobbyGameplayPc.lobbyGameplayPc_C:updatelobbysettings
	Function /Game/pratice/sinyoung/multiplay/lobby/lobbyGameplayPc.lobbyGameplayPc_C:ExecuteUbergraph_lobbyGameplayPc

[2018.01.20-11.42.59:633][229]LogScript: Warning: None 에 할당하려 했습니다.
	lobbyGameplayPc_C /Game/pratice/sinyoung/multiplay/lobbyMap.lobbyMap:PersistentLevel.lobbyGameplayPc_C_1
	Function /Game/pratice/sinyoung/multiplay/lobby/lobbyGameplayPc.lobbyGameplayPc_C:ExecuteUbergraph_lobbyGameplayPc:0494
[2018.01.20-11.42.59:633][229]LogScript: Warning: Script call stack:
	Function /Game/pratice/sinyoung/multiplay/lobby/lobbyGameplayGM.lobbyGameplayGM_C:K2_PostLogin
	Function /Game/pratice/sinyoung/multiplay/lobby/lobbyGameplayGM.lobbyGameplayGM_C:ExecuteUbergraph_lobbyGameplayGM
	Function /Game/pratice/sinyoung/multiplay/lobby/lobbyGameplayPc.lobbyGameplayPc_C:updatelobbysettings
	Function /Game/pratice/sinyoung/multiplay/lobby/lobbyGameplayPc.lobbyGameplayPc_C:ExecuteUbergraph_lobbyGameplayPc

[2018.01.20-11.42.59:633][229]AnimBlueprint: Warning: 슬롯노드: SWATanimblueprint_C 애니메이션 인스턴트 클래스의 'combo1' 는 이미 존재합니다. 이 클래스의 애니메이션 그래프에서 중복을 제거하세요.
[2018.01.20-11.42.59:635][229]LogNet: Join succeeded: a6359539
[2018.01.20-11.43.34:306][379]LogScript: Warning: particle 프로퍼티를 통해 ParticleSystemComponent_1 에 접근하려 하였으나, ParticleSystemComponent_1 는 킬 대기중입니다.
	testaim_C /Game/pratice/sinyoung/multiplay/lobbyMap.lobbyMap:PersistentLevel.testaim_C_0
	Function /Game/pratice/sinyoung/testaim.testaim_C:ExecuteUbergraph_testaim:05EC
[2018.01.20-11.43.34:306][379]LogScript: Warning: Script call stack:
	Function /Game/pratice/sinyoung/testaim.testaim_C:InpActEvt_검기_K2Node_InputActionEvent_7
	Function /Game/pratice/sinyoung/testaim.testaim_C:ExecuteUbergraph_testaim

[2018.01.20-11.43.50:340][373]LogParticles: GameplayStatics::SpawnEmitterAttached spawned potentially immortal particle system! /Game/pratice/sinyoung/multiplay/lobbyMap.lobbyMap:PersistentLevel.testaim_C_0.ParticleSystemComponent_4 (/Game/InfinityBladeEffects/Effects/FX_Skill_TeleCharge/P_Skill_Telecharge_Ice_Proj_03.P_Skill_Telecharge_Ice_Proj_03) may stay in world despite never spawning particles after burst spawning is over.
[2018.01.20-11.43.50:967][412]LogParticles: GameplayStatics::SpawnEmitterAttached spawned potentially immortal particle system! /Game/pratice/sinyoung/multiplay/lobbyMap.lobbyMap:PersistentLevel.testaim_C_0.ParticleSystemComponent_5 (/Game/InfinityBladeEffects/Effects/FX_Skill_TeleCharge/P_Skill_Telecharge_Ice_Proj_03.P_Skill_Telecharge_Ice_Proj_03) may stay in world despite never spawning particles after burst spawning is over.
[2018.01.20-11.43.53:178][549]LogParticles: GameplayStatics::SpawnEmitterAttached spawned potentially immortal particle system! /Game/pratice/sinyoung/multiplay/lobbyMap.lobbyMap:PersistentLevel.testaim_C_0.ParticleSystemComponent_6 (/Game/InfinityBladeEffects/Effects/FX_Skill_TeleCharge/P_Skill_Telecharge_Ice_Proj_03.P_Skill_Telecharge_Ice_Proj_03) may stay in world despite never spawning particles after burst spawning is over.
[2018.01.20-11.43.53:467][567]LogParticles: GameplayStatics::SpawnEmitterAttached spawned potentially immortal particle system! /Game/pratice/sinyoung/multiplay/lobbyMap.lobbyMap:PersistentLevel.testaim_C_0.ParticleSystemComponent_7 (/Game/InfinityBladeEffects/Effects/FX_Skill_TeleCharge/P_Skill_Telecharge_Ice_Proj_03.P_Skill_Telecharge_Ice_Proj_03) may stay in world despite never spawning particles after burst spawning is over.
[2018.01.20-11.43.53:774][586]LogParticles: GameplayStatics::SpawnEmitterAttached spawned potentially immortal particle system! /Game/pratice/sinyoung/multiplay/lobbyMap.lobbyMap:PersistentLevel.testaim_C_0.ParticleSystemComponent_8 (/Game/InfinityBladeEffects/Effects/FX_Skill_TeleCharge/P_Skill_Telecharge_Ice_Proj_03.P_Skill_Telecharge_Ice_Proj_03) may stay in world despite never spawning particles after burst spawning is over.
[2018.01.20-11.43.54:113][607]LogScript: Warning: chargingparticle 프로퍼티를 통해 ParticleSystemComponent_8 에 접근하려 하였으나, ParticleSystemComponent_8 는 킬 대기중입니다.
	testaim_C /Game/pratice/sinyoung/multiplay/lobbyMap.lobbyMap:PersistentLevel.testaim_C_0
	Function /Game/pratice/sinyoung/testaim.testaim_C:ExecuteUbergraph_testaim:022D
[2018.01.20-11.43.54:113][607]LogScript: Warning: Script call stack:
	Function /Game/pratice/sinyoung/testaim.testaim_C:ExecuteUbergraph_testaim

[2018.01.20-11.43.56:211][737]LogParticles: GameplayStatics::SpawnEmitterAttached spawned potentially immortal particle system! /Game/pratice/sinyoung/multiplay/lobbyMap.lobbyMap:PersistentLevel.testaim_C_0.ParticleSystemComponent_9 (/Game/InfinityBladeEffects/Effects/FX_Skill_TeleCharge/P_Skill_Telecharge_Ice_Proj_03.P_Skill_Telecharge_Ice_Proj_03) may stay in world despite never spawning particles after burst spawning is over.
[2018.01.20-11.43.56:596][761]LogParticles: GameplayStatics::SpawnEmitterAttached spawned potentially immortal particle system! /Game/pratice/sinyoung/multiplay/lobbyMap.lobbyMap:PersistentLevel.testaim_C_0.ParticleSystemComponent_10 (/Game/InfinityBladeEffects/Effects/FX_Skill_TeleCharge/P_Skill_Telecharge_Ice_Proj_03.P_Skill_Telecharge_Ice_Proj_03) may stay in world despite never spawning particles after burst spawning is over.
[2018.01.20-11.43.56:903][780]LogParticles: GameplayStatics::SpawnEmitterAttached spawned potentially immortal particle system! /Game/pratice/sinyoung/multiplay/lobbyMap.lobbyMap:PersistentLevel.testaim_C_0.ParticleSystemComponent_11 (/Game/InfinityBladeEffects/Effects/FX_Skill_TeleCharge/P_Skill_Telecharge_Ice_Proj_03.P_Skill_Telecharge_Ice_Proj_03) may stay in world despite never spawning particles after burst spawning is over.
[2018.01.20-11.43.57:274][803]LogScript: Warning: chargingparticle 프로퍼티를 통해 ParticleSystemComponent_11 에 접근하려 하였으나, ParticleSystemComponent_11 는 킬 대기중입니다.
	testaim_C /Game/pratice/sinyoung/multiplay/lobbyMap.lobbyMap:PersistentLevel.testaim_C_0
	Function /Game/pratice/sinyoung/testaim.testaim_C:ExecuteUbergraph_testaim:022D
[2018.01.20-11.43.57:274][803]LogScript: Warning: Script call stack:
	Function /Game/pratice/sinyoung/testaim.testaim_C:ExecuteUbergraph_testaim

[2018.01.20-11.43.58:228][862]LogParticles: GameplayStatics::SpawnEmitterAttached spawned potentially immortal particle system! /Game/pratice/sinyoung/multiplay/lobbyMap.lobbyMap:PersistentLevel.testaim_C_0.ParticleSystemComponent_12 (/Game/InfinityBladeEffects/Effects/FX_Skill_TeleCharge/P_Skill_Telecharge_Ice_Proj_03.P_Skill_Telecharge_Ice_Proj_03) may stay in world despite never spawning particles after burst spawning is over.
[2018.01.20-11.44.00:177][983]LogNet: UChannel::ReceivedSequencedBunch: Bunch.bClose == true. ChIndex == 0. Calling ConditionalCleanUp.
[2018.01.20-11.44.00:177][983]LogNet: UChannel::CleanUp: ChIndex == 0. Closing connection. [UChannel] ChIndex: 0, Closing: 0 [UNetConnection] RemoteAddr: 76561198385398695:7777, Name: SteamNetConnection_0, Driver: GameNetDriver SteamNetDriver_0, IsServer: YES, PC: lobbyGameplayPc_C_1, Owner: lobbyGameplayPc_C_1
[2018.01.20-11.44.00:177][983]LogNet: UNetConnection::Close: [UNetConnection] RemoteAddr: 76561198385398695:7777, Name: SteamNetConnection_0, Driver: GameNetDriver SteamNetDriver_0, IsServer: YES, PC: lobbyGameplayPc_C_1, Owner: lobbyGameplayPc_C_1, Channels: 10, Time: 2018.01.20-11.44.00
[2018.01.20-11.44.00:179][983]LogNet: UChannel::Close: Sending CloseBunch. ChIndex == 0. Name: [UChannel] ChIndex: 0, Closing: 0 [UNetConnection] RemoteAddr: 76561198385398695:7777, Name: SteamNetConnection_0, Driver: GameNetDriver SteamNetDriver_0, IsServer: YES, PC: lobbyGameplayPc_C_1, Owner: lobbyGameplayPc_C_1
[2018.01.20-11.44.00:195][984]LogScriptCore: Warning: Script Msg: DestroySession - Invalid player state
[2018.01.20-11.44.01:072][ 30]LogWindowsTextInputMethodSystem: Display: IME system now activated using TSF (Microsoft 입력기).
[2018.01.20-11.44.01:078][ 30]LogScriptCore: Warning: Script Msg: DestroySession - Invalid player state
[2018.01.20-11.44.01:079][ 30]LogEngine: All Windows Closed
[2018.01.20-11.44.01:079][ 30]LogWindows: FPlatformMisc::RequestExit(0)
[2018.01.20-11.44.01:085][ 31]LogNet: World NetDriver shutdown SteamNetDriver_0 [GameNetDriver]
[2018.01.20-11.44.01:085][ 31]LogNet: DestroyNamedNetDriver SteamNetDriver_0 [GameNetDriver]
[2018.01.20-11.44.01:085][ 31]LogExit: GameNetDriver SteamNetDriver_0 shut down
[2018.01.20-11.44.01:938][ 31]LogExit: Preparing to exit.
[2018.01.20-11.44.01:939][ 31]LogMoviePlayer: Shutting down movie player
[2018.01.20-11.44.02:670][ 31]LogExit: Game engine shut down
[2018.01.20-11.44.02:750][ 31]LogExit: Object subsystem successfully closed.
[2018.01.20-11.44.02:761][ 31]LogD3D11RHI: Shutdown
[2018.01.20-11.44.02:761][ 31]LogD3D11RHI: CleanupD3DDevice
[2018.01.20-11.44.02:762][ 31]LogD3D11RHI: ~FD3D11DynamicRHI
[2018.01.20-11.44.02:773][ 31]LogModuleManager: Shutting down and abandoning module SequenceRecorderSections (316)
[2018.01.20-11.44.02:773][ 31]LogModuleManager: Shutting down and abandoning module SequenceRecorder (314)
[2018.01.20-11.44.02:773][ 31]LogModuleManager: Shutting down and abandoning module AutomationController (312)
[2018.01.20-11.44.02:773][ 31]LogModuleManager: Shutting down and abandoning module AutomationWorker (310)
[2018.01.20-11.44.02:773][ 31]LogModuleManager: Shutting down and abandoning module AIModule (308)
[2018.01.20-11.44.02:773][ 31]LogModuleManager: Shutting down and abandoning module GameplayDebugger (307)
[2018.01.20-11.44.02:775][ 31]LogModuleManager: Shutting down and abandoning module AITestSuite (305)
[2018.01.20-11.44.02:775][ 31]LogModuleManager: Shutting down and abandoning module WmfMediaFactory (302)
[2018.01.20-11.44.02:775][ 31]LogModuleManager: Shutting down and abandoning module OpenExrWrapper (300)
[2018.01.20-11.44.02:775][ 31]LogModuleManager: Shutting down and abandoning module ImgMediaFactory (298)
[2018.01.20-11.44.02:775][ 31]LogModuleManager: Shutting down and abandoning module AvfMediaFactory (296)
[2018.01.20-11.44.02:775][ 31]LogModuleManager: Shutting down and abandoning module CharacterAI (294)
[2018.01.20-11.44.02:775][ 31]LogModuleManager: Shutting down and abandoning module SessionServices (292)
[2018.01.20-11.44.02:775][ 31]LogModuleManager: Shutting down and abandoning module MovieSceneCapture (290)
[2018.01.20-11.44.02:776][ 31]LogModuleManager: Shutting down and abandoning module MovieSceneTracks (288)
[2018.01.20-11.44.02:776][ 31]LogModuleManager: Shutting down and abandoning module MovieScene (286)
[2018.01.20-11.44.02:776][ 31]LogModuleManager: Shutting down and abandoning module GeometryCache (284)
[2018.01.20-11.44.02:776][ 31]LogModuleManager: Shutting down and abandoning module GeometryCacheEd (283)
[2018.01.20-11.44.02:776][ 31]LogModuleManager: Shutting down and abandoning module StreamingPauseRendering (280)
[2018.01.20-11.44.02:776][ 31]LogModuleManager: Shutting down and abandoning module PortalServices (278)
[2018.01.20-11.44.02:776][ 31]LogModuleManager: Shutting down and abandoning module PortalRpc (276)
[2018.01.20-11.44.02:776][ 31]LogModuleManager: Shutting down and abandoning module MessagingRpc (274)
[2018.01.20-11.44.02:776][ 31]LogModuleManager: Shutting down and abandoning module ProfilerService (272)
[2018.01.20-11.44.02:983][ 31]LogModuleManager: Shutting down and abandoning module TaskGraph (270)
[2018.01.20-11.44.02:983][ 31]LogModuleManager: Shutting down and abandoning module SteamVRController (268)
[2018.01.20-11.44.02:983][ 31]LogModuleManager: Shutting down and abandoning module ProceduralMeshComponent (266)
[2018.01.20-11.44.02:983][ 31]LogModuleManager: Shutting down and abandoning module OculusInput (264)
[2018.01.20-11.44.02:983][ 31]LogModuleManager: Shutting down and abandoning module MobilePatchingUtils (262)
[2018.01.20-11.44.02:983][ 31]LogModuleManager: Shutting down and abandoning module CustomMeshComponent (260)
[2018.01.20-11.44.02:983][ 31]LogModuleManager: Shutting down and abandoning module CableComponent (258)
[2018.01.20-11.44.02:983][ 31]LogModuleManager: Shutting down and abandoning module ArchVisCharacter (256)
[2018.01.20-11.44.02:983][ 31]LogModuleManager: Shutting down and abandoning module AndroidPermission (254)
[2018.01.20-11.44.02:983][ 31]LogModuleManager: Shutting down and abandoning module ActorSequence (250)
[2018.01.20-11.44.02:983][ 31]LogModuleManager: Shutting down and abandoning module MediaCompositing (248)
[2018.01.20-11.44.02:983][ 31]LogModuleManager: Shutting down and abandoning module HTML5Networking (246)
[2018.01.20-11.44.02:983][ 31]LogModuleManager: Shutting down and abandoning module VisualStudioSourceCodeAccess (244)
[2018.01.20-11.44.02:983][ 31]LogModuleManager: Shutting down and abandoning module HotReload (243)
[2018.01.20-11.44.02:983][ 31]LogDirectoryWatcher: A directory notification for 'E:/really/set/main/Binaries/Win64' was aborted.
[2018.01.20-11.44.02:983][ 31]LogModuleManager: Shutting down and abandoning module VisualStudioCodeSourceCodeAccess (240)
[2018.01.20-11.44.02:983][ 31]LogModuleManager: Shutting down and abandoning module UObjectPlugin (238)
[2018.01.20-11.44.02:983][ 31]LogModuleManager: Shutting down and abandoning module SubversionSourceControl (236)
[2018.01.20-11.44.02:983][ 31]LogModuleManager: Shutting down and abandoning module PerforceSourceControl (234)
[2018.01.20-11.44.02:983][ 31]LogModuleManager: Shutting down and abandoning module SourceControl (233)
[2018.01.20-11.44.02:983][ 31]LogModuleManager: Shutting down and abandoning module main (230)
[2018.01.20-11.44.02:983][ 31]LogModuleManager: Shutting down and abandoning module RuntimePhysXCooking (228)
[2018.01.20-11.44.02:983][ 31]LogModuleManager: Shutting down and abandoning module PhysXVehiclesEditor (226)
[2018.01.20-11.44.02:983][ 31]LogModuleManager: Shutting down and abandoning module PhysXVehicles (224)
[2018.01.20-11.44.02:983][ 31]LogModuleManager: Shutting down and abandoning module LocationServicesBPLibrary (222)
[2018.01.20-11.44.02:983][ 31]LogModuleManager: Shutting down and abandoning module ImmediatePhysicsEditor (220)
[2018.01.20-11.44.02:983][ 31]LogModuleManager: Shutting down and abandoning module ImmediatePhysics (218)
[2018.01.20-11.44.02:983][ 31]LogModuleManager: Shutting down and abandoning module UdpMessaging (216)
[2018.01.20-11.44.03:084][ 31]LogModuleManager: Shutting down and abandoning module TcpMessaging (214)
[2018.01.20-11.44.03:484][ 31]LogModuleManager: Shutting down and abandoning module GameplayTagsEditor (212)
[2018.01.20-11.44.03:485][ 31]LogModuleManager: Shutting down and abandoning module FacialAnimation (210)
[2018.01.20-11.44.03:485][ 31]LogModuleManager: Shutting down and abandoning module AssetManagerEditor (208)
[2018.01.20-11.44.03:485][ 31]LogModuleManager: Shutting down and abandoning module GraphEditor (207)
[2018.01.20-11.44.03:485][ 31]LogModuleManager: Shutting down and abandoning module ContentBrowser (205)
[2018.01.20-11.44.03:485][ 31]LogModuleManager: Shutting down and abandoning module CollectionManager (204)
[2018.01.20-11.44.03:485][ 31]LogDirectoryWatcher: A directory notification for 'E:/really/set/main/Content/Collections/' was aborted.
[2018.01.20-11.44.03:485][ 31]LogDirectoryWatcher: A directory notification for 'E:/really/set/main/Content/Developers/oner/Collections/' was aborted.
[2018.01.20-11.44.03:485][ 31]LogDirectoryWatcher: A directory notification for 'E:/really/set/main/Saved/Collections/' was aborted.
[2018.01.20-11.44.03:485][ 31]LogModuleManager: Shutting down and abandoning module DirectoryWatcher (203)
[2018.01.20-11.44.03:485][ 31]LogModuleManager: Shutting down and abandoning module LightPropagationVolumeRuntime (198)
[2018.01.20-11.44.03:485][ 31]LogModuleManager: Shutting down and abandoning module Paper2D (196)
[2018.01.20-11.44.03:485][ 31]LogModuleManager: Shutting down and abandoning module WindowsMoviePlayer (194)
[2018.01.20-11.44.03:485][ 31]LogModuleManager: Shutting down and abandoning module WmfMedia (192)
[2018.01.20-11.44.03:486][ 31]LogModuleManager: Shutting down and abandoning module ImgMedia (190)
[2018.01.20-11.44.03:486][ 31]LogModuleManager: Shutting down and abandoning module PacketHandler (188)
[2018.01.20-11.44.03:486][ 31]LogModuleManager: Shutting down and abandoning module ClothingSystemEditor (186)
[2018.01.20-11.44.03:486][ 31]LogModuleManager: Shutting down and abandoning module ClothingSystemRuntime (184)
[2018.01.20-11.44.03:487][ 31]LogModuleManager: Shutting down and abandoning module MediaAssets (182)
[2018.01.20-11.44.03:487][ 31]LogModuleManager: Shutting down and abandoning module Media (181)
[2018.01.20-11.44.03:492][ 31]LogModuleManager: Shutting down and abandoning module Overlay (178)
[2018.01.20-11.44.03:493][ 31]LogModuleManager: Shutting down and abandoning module OverlayEditor (177)
[2018.01.20-11.44.03:493][ 31]LogModuleManager: Shutting down and abandoning module VREditor (174)
[2018.01.20-11.44.03:493][ 31]LogModuleManager: Shutting down and abandoning module StringTableEditor (172)
[2018.01.20-11.44.03:493][ 31]LogModuleManager: Shutting down and abandoning module GameplayTasksEditor (170)
[2018.01.20-11.44.03:493][ 31]LogModuleManager: Shutting down and abandoning module BehaviorTreeEditor (168)
[2018.01.20-11.44.03:493][ 31]LogModuleManager: Shutting down and abandoning module FunctionalTesting (166)
[2018.01.20-11.44.03:493][ 31]LogModuleManager: Shutting down and abandoning module CollisionAnalyzer (164)
[2018.01.20-11.44.03:493][ 31]LogModuleManager: Shutting down and abandoning module WorkspaceMenuStructure (163)
[2018.01.20-11.44.03:493][ 31]LogModuleManager: Shutting down and abandoning module UMG (160)
[2018.01.20-11.44.03:493][ 31]LogModuleManager: Shutting down and abandoning module UMGEditor (159)
[2018.01.20-11.44.03:493][ 31]LogModuleManager: Shutting down and abandoning module Sequencer (158)
[2018.01.20-11.44.03:493][ 31]LogModuleManager: Shutting down and abandoning module MessageLog (155)
[2018.01.20-11.44.03:493][ 31]LogModuleManager: Shutting down and abandoning module SlateReflector (150)
[2018.01.20-11.44.03:493][ 31]LogModuleManager: Shutting down and abandoning module Slate (148)
[2018.01.20-11.44.03:493][ 31]LogModuleManager: Shutting down and abandoning module EditorStyle (146)
[2018.01.20-11.44.03:496][ 31]LogModuleManager: Shutting down and abandoning module MRMesh (144)
[2018.01.20-11.44.03:496][ 31]LogModuleManager: Shutting down and abandoning module Messaging (142)
[2018.01.20-11.44.03:496][ 31]LogModuleManager: Shutting down and abandoning module SourceCodeAccess (140)
[2018.01.20-11.44.03:496][ 31]LogModuleManager: Shutting down and abandoning module HeadMountedDisplay (138)
[2018.01.20-11.44.03:496][ 31]LogModuleManager: Shutting down and abandoning module XAudio2 (136)
[2018.01.20-11.44.03:496][ 31]LogModuleManager: Shutting down and abandoning module Networking (134)
[2018.01.20-11.44.03:496][ 31]LogModuleManager: Shutting down and abandoning module Core (132)
[2018.01.20-11.44.03:496][ 31]LogModuleManager: Shutting down and abandoning module LevelSequence (130)
[2018.01.20-11.44.03:496][ 31]LogModuleManager: Shutting down and abandoning module KismetCompiler (128)
[2018.01.20-11.44.03:496][ 31]LogModuleManager: Shutting down and abandoning module MeshUtilities (126)
[2018.01.20-11.44.03:496][ 31]LogModuleManager: Shutting down and abandoning module MeshMergeUtilities (125)
[2018.01.20-11.44.03:496][ 31]LogModuleManager: Shutting down and abandoning module MeshReductionInterface (124)
[2018.01.20-11.44.03:496][ 31]LogModuleManager: Shutting down and abandoning module SimplygonSwarm (123)
[2018.01.20-11.44.03:496][ 31]LogModuleManager: Shutting down and abandoning module SimplygonMeshReduction (121)
[2018.01.20-11.44.03:496][ 31]LogModuleManager: Shutting down and abandoning module QuadricMeshReduction (119)
[2018.01.20-11.44.03:496][ 31]LogModuleManager: Shutting down and abandoning module MaterialBaking (115)
[2018.01.20-11.44.03:496][ 31]LogModuleManager: Shutting down and abandoning module DerivedDataCache (110)
[2018.01.20-11.44.03:501][ 31]LogDerivedDataCache: Shutdown
[2018.01.20-11.44.03:501][ 31]LogModuleManager: Shutting down and abandoning module TargetPlatform (108)
[2018.01.20-11.44.03:501][ 31]LogModuleManager: Shutting down and abandoning module VulkanShaderFormat (107)
[2018.01.20-11.44.03:501][ 31]LogModuleManager: Shutting down and abandoning module ShaderFormatVectorVM (105)
[2018.01.20-11.44.03:501][ 31]LogModuleManager: Shutting down and abandoning module ShaderFormatOpenGL (103)
[2018.01.20-11.44.03:501][ 31]LogModuleManager: Shutting down and abandoning module ShaderFormatD3D (101)
[2018.01.20-11.44.03:501][ 31]LogModuleManager: Shutting down and abandoning module MetalShaderFormat (99)
[2018.01.20-11.44.03:501][ 31]LogModuleManager: Shutting down and abandoning module TextureFormatUncompressed (97)
[2018.01.20-11.44.03:501][ 31]LogModuleManager: Shutting down and abandoning module TextureFormatPVR (95)
[2018.01.20-11.44.03:501][ 31]LogModuleManager: Shutting down and abandoning module TextureFormatDXT (93)
[2018.01.20-11.44.03:501][ 31]LogModuleManager: Shutting down and abandoning module TextureFormatIntelISPCTexComp (91)
[2018.01.20-11.44.03:501][ 31]LogModuleManager: Shutting down and abandoning module TextureFormatASTC (89)
[2018.01.20-11.44.03:501][ 31]LogModuleManager: Shutting down and abandoning module ImageWrapper (88)
[2018.01.20-11.44.03:501][ 31]LogModuleManager: Shutting down and abandoning module TextureFormatAndroid (85)
[2018.01.20-11.44.03:502][ 31]LogModuleManager: Shutting down and abandoning module AudioFormatOpus (83)
[2018.01.20-11.44.03:502][ 31]LogModuleManager: Shutting down and abandoning module AudioFormatOgg (81)
[2018.01.20-11.44.03:502][ 31]LogModuleManager: Shutting down and abandoning module AudioFormatADPCM (79)
[2018.01.20-11.44.03:502][ 31]LogModuleManager: Shutting down and abandoning module WindowsTargetPlatform (77)
[2018.01.20-11.44.03:502][ 31]LogModuleManager: Shutting down and abandoning module WindowsServerTargetPlatform (75)
[2018.01.20-11.44.03:502][ 31]LogModuleManager: Shutting down and abandoning module WindowsNoEditorTargetPlatform (73)
[2018.01.20-11.44.03:502][ 31]LogModuleManager: Shutting down and abandoning module WindowsClientTargetPlatform (71)
[2018.01.20-11.44.03:502][ 31]LogModuleManager: Shutting down and abandoning module InputCore (68)
[2018.01.20-11.44.03:502][ 31]LogModuleManager: Shutting down and abandoning module Settings (66)
[2018.01.20-11.44.03:502][ 31]LogModuleManager: Shutting down and abandoning module PhysXCooking (64)
[2018.01.20-11.44.03:502][ 31]LogModuleManager: Shutting down and abandoning module SteamVR (62)
[2018.01.20-11.44.03:502][ 31]LogModuleManager: Shutting down and abandoning module OculusHMD (60)
[2018.01.20-11.44.03:502][ 31]LogModuleManager: Shutting down and abandoning module ExampleDeviceProfileSelector (58)
[2018.01.20-11.44.03:502][ 31]LogModuleManager: Shutting down and abandoning module AppleARKit (56)
[2018.01.20-11.44.03:502][ 31]LogModuleManager: Shutting down and abandoning module AugmentedReality (55)
[2018.01.20-11.44.03:502][ 31]LogModuleManager: Shutting down and abandoning module OnlineBlueprintSupport (52)
[2018.01.20-11.44.03:502][ 31]LogModuleManager: Shutting down and abandoning module OnlineSubsystem (48)
[2018.01.20-11.44.03:502][ 31]LogOnline: Display: STEAM: OnlineSubsystemSteam::Shutdown()
[2018.01.20-11.44.03:502][ 31]LogOnline: Display: OSS: FOnlineAsyncTaskManager::Stop() ActiveTask:0000000000000000 Tasks[0/1]
[2018.01.20-11.44.03:566][ 31]LogOnline: Display: OSS: FOnlineAsyncTaskManager::Exit() started
[2018.01.20-11.44.03:566][ 31]LogOnline: Display: OSS: FOnlineAsyncTaskManager::Exit() finished
[2018.01.20-11.44.03:566][ 31]LogOnline: Display: STEAM: OnlineSubsystemSteam::Shutdown()
[2018.01.20-11.44.03:566][ 31]LogModuleManager: Shutting down and abandoning module XMPP (43)
[2018.01.20-11.44.03:566][ 31]LogModuleManager: Shutting down and abandoning module HTTP (41)
[2018.01.20-11.44.03:600][ 31]LogModuleManager: Shutting down and abandoning module SSL (40)
[2018.01.20-11.44.03:601][ 31]LogModuleManager: Shutting down and abandoning module AnimationModifiers (36)
[2018.01.20-11.44.03:602][ 31]LogModuleManager: Shutting down and abandoning module PropertyEditor (35)
[2018.01.20-11.44.03:602][ 31]LogModuleManager: Shutting down and abandoning module AudioEditor (32)
[2018.01.20-11.44.03:602][ 31]LogModuleManager: Shutting down and abandoning module TextureCompressor (30)
[2018.01.20-11.44.03:602][ 31]LogModuleManager: Shutting down and abandoning module ShaderCore (28)
[2018.01.20-11.44.03:602][ 31]LogModuleManager: Shutting down and abandoning module Landscape (26)
[2018.01.20-11.44.03:602][ 31]LogModuleManager: Shutting down and abandoning module SlateRHIRenderer (24)
[2018.01.20-11.44.03:603][ 31]LogModuleManager: Shutting down and abandoning module OpenGLDrv (22)
[2018.01.20-11.44.03:603][ 31]LogModuleManager: Shutting down and abandoning module D3D11RHI (20)
[2018.01.20-11.44.03:603][ 31]LogModuleManager: Shutting down and abandoning module AnimGraphRuntime (18)
[2018.01.20-11.44.03:603][ 31]LogModuleManager: Shutting down and abandoning module Renderer (16)
[2018.01.20-11.44.03:603][ 31]LogModuleManager: Shutting down and abandoning module Engine (14)
[2018.01.20-11.44.03:603][ 31]LogModuleManager: Shutting down and abandoning module CoreUObject (12)
[2018.01.20-11.44.03:603][ 31]LogModuleManager: Shutting down and abandoning module NetworkFile (10)
[2018.01.20-11.44.03:603][ 31]LogModuleManager: Shutting down and abandoning module CookedIterativeFile (8)
[2018.01.20-11.44.03:603][ 31]LogModuleManager: Shutting down and abandoning module StreamingFile (6)
[2018.01.20-11.44.03:603][ 31]LogModuleManager: Shutting down and abandoning module SandboxFile (4)
[2018.01.20-11.44.03:603][ 31]LogModuleManager: Shutting down and abandoning module PakFile (2)
[2018.01.20-11.44.03:609][ 31]LogExit: Exiting.
[2018.01.20-11.44.03:611][ 31]Log file closed, 01/20/18 20:44:03
