Log file open, 01/19/18 01:33:11
LogWindows: Failed to load 'aqProf.dll' (GetLastError=126)
LogWindows: File 'aqProf.dll' does not exist
LogWindows: Failed to load 'VSPerf140.dll' (GetLastError=126)
LogWindows: File 'VSPerf140.dll' does not exist
LogWindows: Failed to load 'VtuneApi.dll' (GetLastError=126)
LogWindows: File 'VtuneApi.dll' does not exist
LogWindows: Failed to load 'VtuneApi32e.dll' (GetLastError=126)
LogWindows: File 'VtuneApi32e.dll' does not exist
LogInit: Display: Running engine for game: main
LogPlatformFile: Not using cached read wrapper
LogInit: Display: RandInit(477423549) SRandInit(477423549).
LogInit: Read version file with build ID '3709383'
LogInit: Overriding engine version to CL 3794801, compatible CL 3709383
LogInit: Registered custom module enumerator with build ID '3709383'
LogInit: Warning: Passing commandline switches using / instead of - has been deprecated and will be removed in future versions of Unreal Engine.
LogTaskGraph: Started task graph with 5 named threads and 14 total threads with 3 sets of task threads.
LogStats: Stats thread started at 0.221063
LogD3D11RHI: Aftermath initialized
LogInit: Warning: Passing commandline switches using / instead of - has been deprecated and will be removed in future versions of Unreal Engine.
LogPluginManager: Mounting plugin Paper2D
LogPluginManager: Mounting plugin LightPropagationVolume
LogPluginManager: Mounting plugin CodeLiteSourceCodeAccess
LogPluginManager: Mounting plugin GitSourceControl
LogPluginManager: Mounting plugin KDevelopSourceCodeAccess
LogPluginManager: Mounting plugin NullSourceCodeAccess
LogPluginManager: Mounting plugin PerforceSourceControl
LogPluginManager: Mounting plugin SubversionSourceControl
LogPluginManager: Mounting plugin UObjectPlugin
LogPluginManager: Mounting plugin VisualStudioCodeSourceCodeAccess
LogPluginManager: Mounting plugin VisualStudioSourceCodeAccess
LogPluginManager: Mounting plugin XCodeSourceCodeAccess
LogPluginManager: Mounting plugin AssetManagerEditor
LogPluginManager: Mounting plugin AudioCapture
LogPluginManager: Mounting plugin FacialAnimation
LogPluginManager: Mounting plugin GameplayTagsEditor
LogPluginManager: Mounting plugin MobileLauncherProfileWizard
LogPluginManager: Mounting plugin PluginBrowser
LogPluginManager: Mounting plugin SpeedTreeImporter
LogPluginManager: Mounting plugin AlembicImporter
LogPluginManager: Mounting plugin CharacterAI
LogPluginManager: Mounting plugin HTML5Networking
LogPluginManager: Mounting plugin AndroidMedia
LogPluginManager: Mounting plugin AvfMedia
LogPluginManager: Mounting plugin ImgMedia
LogPluginManager: Mounting plugin MediaCompositing
LogPluginManager: Mounting plugin MediaPlayerEditor
LogPluginManager: Mounting plugin WmfMedia
LogPluginManager: Mounting plugin TcpMessaging
LogPluginManager: Mounting plugin UdpMessaging
LogPluginManager: Mounting plugin ActorSequence
LogPluginManager: Mounting plugin LevelSequenceEditor
LogPluginManager: Mounting plugin MatineeToLevelSequence
LogPluginManager: Mounting plugin OnlineSubsystemGooglePlay
LogPluginManager: Mounting plugin OnlineSubsystemIOS
LogPluginManager: Mounting plugin OnlineSubsystem
LogPluginManager: Mounting plugin OnlineSubsystemNull
LogPluginManager: Mounting plugin OnlineSubsystemUtils
LogPluginManager: Mounting plugin AndroidDeviceProfileSelector
LogPluginManager: Mounting plugin AndroidMoviePlayer
LogPluginManager: Mounting plugin AndroidPermission
LogPluginManager: Mounting plugin AppleARKit
LogPluginManager: Mounting plugin AppleMoviePlayer
LogPluginManager: Mounting plugin ArchVisCharacter
LogPluginManager: Mounting plugin CableComponent
LogPluginManager: Mounting plugin CustomMeshComponent
LogPluginManager: Mounting plugin ExampleDeviceProfileSelector
LogPluginManager: Mounting plugin GoogleCloudMessaging
LogPluginManager: Mounting plugin ImmediatePhysics
LogPluginManager: Mounting plugin IOSDeviceProfileSelector
LogPluginManager: Mounting plugin LinuxDeviceProfileSelector
LogPluginManager: Mounting plugin LocationServicesBPLibrary
LogPluginManager: Mounting plugin MobilePatchingUtils
LogPluginManager: Mounting plugin OculusVR
LogPluginManager: Plugin shader directory ../../../Engine/Plugins/Runtime/Oculus/OculusVR/Shaders found
LogPluginManager: Mapping shader source directory ../../../Engine/Plugins/Runtime/Oculus/OculusVR/Shaders to virtual directory /Plugin/OculusVR
LogPluginManager: Mounting plugin PhysXVehicles
LogPluginManager: Mounting plugin ProceduralMeshComponent
LogPluginManager: Mounting plugin RuntimePhysXCooking
LogPluginManager: Mounting plugin SteamVR
LogPluginManager: Mounting plugin WindowsMoviePlayer
LogModuleManager: Display: Found up-to-date module file ../../../../../../in/set/main/Binaries/Win64/UE4Editor-main.dll (API version 3709383).
LogModuleManager: Display: Found up-to-date module file ../../../Engine/Plugins/2D/Paper2D/Binaries/Win64/UE4Editor-Paper2D.dll (API version 3709383).
LogModuleManager: Display: Found up-to-date module file ../../../Engine/Plugins/2D/Paper2D/Binaries/Win64/UE4Editor-Paper2DEditor.dll (API version 3709383).
LogModuleManager: Display: Found up-to-date module file ../../../Engine/Plugins/2D/Paper2D/Binaries/Win64/UE4Editor-PaperSpriteSheetImporter.dll (API version 3709383).
LogModuleManager: Display: Found up-to-date module file ../../../Engine/Plugins/2D/Paper2D/Binaries/Win64/UE4Editor-PaperTiledImporter.dll (API version 3709383).
LogModuleManager: Display: Found up-to-date module file ../../../Engine/Plugins/2D/Paper2D/Binaries/Win64/UE4Editor-SmartSnapping.dll (API version 3709383).
LogModuleManager: Display: Found up-to-date module file ../../../Engine/Plugins/Blendables/LightPropagationVolume/Binaries/Win64/UE4Editor-LightPropagationVolumeRuntime.dll (API version 3709383).
LogModuleManager: Display: Found up-to-date module file ../../../Engine/Plugins/Blendables/LightPropagationVolume/Binaries/Win64/UE4Editor-LightPropagationVolumeEditor.dll (API version 3709383).
LogModuleManager: Display: Found up-to-date module file ../../../Engine/Plugins/Developer/GitSourceControl/Binaries/Win64/UE4Editor-GitSourceControl.dll (API version 3709383).
LogModuleManager: Display: Found up-to-date module file ../../../Engine/Plugins/Developer/PerforceSourceControl/Binaries/Win64/UE4Editor-PerforceSourceControl.dll (API version 3709383).
LogModuleManager: Display: Found up-to-date module file ../../../Engine/Plugins/Developer/SubversionSourceControl/Binaries/Win64/UE4Editor-SubversionSourceControl.dll (API version 3709383).
LogModuleManager: Display: Found up-to-date module file ../../../Engine/Plugins/Developer/UObjectPlugin/Binaries/Win64/UE4Editor-UObjectPlugin.dll (API version 3709383).
LogModuleManager: Display: Found up-to-date module file ../../../Engine/Plugins/Developer/VisualStudioCodeSourceCodeAccess/Binaries/Win64/UE4Editor-VisualStudioCodeSourceCodeAccess.dll (API version 3709383).
LogModuleManager: Display: Found up-to-date module file ../../../Engine/Plugins/Developer/VisualStudioSourceCodeAccess/Binaries/Win64/UE4Editor-VisualStudioSourceCodeAccess.dll (API version 3709383).
LogModuleManager: Display: Found up-to-date module file ../../../Engine/Plugins/Editor/AssetManagerEditor/Binaries/Win64/UE4Editor-AssetManagerEditor.dll (API version 3709383).
LogModuleManager: Display: Found up-to-date module file ../../../Engine/Plugins/Editor/AudioCapture/Binaries/Win64/UE4Editor-AudioCapture.dll (API version 3709383).
LogModuleManager: Display: Found up-to-date module file ../../../Engine/Plugins/Editor/FacialAnimation/Binaries/Win64/UE4Editor-FacialAnimation.dll (API version 3709383).
LogModuleManager: Display: Found up-to-date module file ../../../Engine/Plugins/Editor/FacialAnimation/Binaries/Win64/UE4Editor-FacialAnimationEditor.dll (API version 3709383).
LogModuleManager: Display: Found up-to-date module file ../../../Engine/Plugins/Editor/GameplayTagsEditor/Binaries/Win64/UE4Editor-GameplayTagsEditor.dll (API version 3709383).
LogModuleManager: Display: Found up-to-date module file ../../../Engine/Plugins/Editor/MobileLauncherProfileWizard/Binaries/Win64/UE4Editor-MobileLauncherProfileWizard.dll (API version 3709383).
LogModuleManager: Display: Found up-to-date module file ../../../Engine/Plugins/Editor/PluginBrowser/Binaries/Win64/UE4Editor-PluginBrowser.dll (API version 3709383).
LogModuleManager: Display: Found up-to-date module file ../../../Engine/Plugins/Editor/SpeedTreeImporter/Binaries/Win64/UE4Editor-SpeedTreeImporter.dll (API version 3709383).
LogModuleManager: Display: Found up-to-date module file ../../../Engine/Plugins/Experimental/AlembicImporter/Binaries/Win64/UE4Editor-AlembicImporter.dll (API version 3709383).
LogModuleManager: Display: Found up-to-date module file ../../../Engine/Plugins/Experimental/AlembicImporter/Binaries/Win64/UE4Editor-AlembicLibrary.dll (API version 3709383).
LogModuleManager: Display: Found up-to-date module file ../../../Engine/Plugins/Experimental/CharacterAI/Binaries/Win64/UE4Editor-CharacterAI.dll (API version 3709383).
LogModuleManager: Display: Found up-to-date module file ../../../Engine/Plugins/Experimental/HTML5Networking/Binaries/Win64/UE4Editor-HTML5Networking.dll (API version 3709383).
LogModuleManager: Display: Found up-to-date module file ../../../Engine/Plugins/Media/AndroidMedia/Binaries/Win64/UE4Editor-AndroidMediaEditor.dll (API version 3709383).
LogModuleManager: Display: Found up-to-date module file ../../../Engine/Plugins/Media/AndroidMedia/Binaries/Win64/UE4Editor-AndroidMediaFactory.dll (API version 3709383).
LogModuleManager: Display: Found up-to-date module file ../../../Engine/Plugins/Media/AvfMedia/Binaries/Win64/UE4Editor-AvfMediaEditor.dll (API version 3709383).
LogModuleManager: Display: Found up-to-date module file ../../../Engine/Plugins/Media/AvfMedia/Binaries/Win64/UE4Editor-AvfMediaFactory.dll (API version 3709383).
LogModuleManager: Display: Found up-to-date module file ../../../Engine/Plugins/Media/AvfMedia/Binaries/Win64/UE4Editor-AvfMediaFactory.dll (API version 3709383).
LogModuleManager: Display: Found up-to-date module file ../../../Engine/Plugins/Media/ImgMedia/Binaries/Win64/UE4Editor-ImgMedia.dll (API version 3709383).
LogModuleManager: Display: Found up-to-date module file ../../../Engine/Plugins/Media/ImgMedia/Binaries/Win64/UE4Editor-ImgMediaEditor.dll (API version 3709383).
LogModuleManager: Display: Found up-to-date module file ../../../Engine/Plugins/Media/ImgMedia/Binaries/Win64/UE4Editor-ImgMediaFactory.dll (API version 3709383).
LogModuleManager: Display: Found up-to-date module file ../../../Engine/Plugins/Media/ImgMedia/Binaries/Win64/UE4Editor-ImgMediaFactory.dll (API version 3709383).
LogModuleManager: Display: Found up-to-date module file ../../../Engine/Plugins/Media/ImgMedia/Binaries/Win64/UE4Editor-OpenExrWrapper.dll (API version 3709383).
LogModuleManager: Display: Found up-to-date module file ../../../Engine/Plugins/Media/MediaCompositing/Binaries/Win64/UE4Editor-MediaCompositing.dll (API version 3709383).
LogModuleManager: Display: Found up-to-date module file ../../../Engine/Plugins/Media/MediaCompositing/Binaries/Win64/UE4Editor-MediaCompositingEditor.dll (API version 3709383).
LogModuleManager: Display: Found up-to-date module file ../../../Engine/Plugins/Media/MediaPlayerEditor/Binaries/Win64/UE4Editor-MediaPlayerEditor.dll (API version 3709383).
LogModuleManager: Display: Found up-to-date module file ../../../Engine/Plugins/Media/WmfMedia/Binaries/Win64/UE4Editor-WmfMedia.dll (API version 3709383).
LogModuleManager: Display: Found up-to-date module file ../../../Engine/Plugins/Media/WmfMedia/Binaries/Win64/UE4Editor-WmfMediaEditor.dll (API version 3709383).
LogModuleManager: Display: Found up-to-date module file ../../../Engine/Plugins/Media/WmfMedia/Binaries/Win64/UE4Editor-WmfMediaFactory.dll (API version 3709383).
LogModuleManager: Display: Found up-to-date module file ../../../Engine/Plugins/Media/WmfMedia/Binaries/Win64/UE4Editor-WmfMediaFactory.dll (API version 3709383).
LogModuleManager: Display: Found up-to-date module file ../../../Engine/Plugins/Messaging/TcpMessaging/Binaries/Win64/UE4Editor-TcpMessaging.dll (API version 3709383).
LogModuleManager: Display: Found up-to-date module file ../../../Engine/Plugins/Messaging/UdpMessaging/Binaries/Win64/UE4Editor-UdpMessaging.dll (API version 3709383).
LogModuleManager: Display: Found up-to-date module file ../../../Engine/Plugins/MovieScene/ActorSequence/Binaries/Win64/UE4Editor-ActorSequence.dll (API version 3709383).
LogModuleManager: Display: Found up-to-date module file ../../../Engine/Plugins/MovieScene/LevelSequenceEditor/Binaries/Win64/UE4Editor-LevelSequenceEditor.dll (API version 3709383).
LogModuleManager: Display: Found up-to-date module file ../../../Engine/Plugins/MovieScene/MatineeToLevelSequence/Binaries/Win64/UE4Editor-MatineeToLevelSequence.dll (API version 3709383).
LogModuleManager: Display: Found up-to-date module file ../../../Engine/Plugins/Online/OnlineSubsystem/Binaries/Win64/UE4Editor-OnlineSubsystem.dll (API version 3709383).
LogModuleManager: Display: Found up-to-date module file ../../../Engine/Plugins/Online/OnlineSubsystemNull/Binaries/Win64/UE4Editor-OnlineSubsystemNull.dll (API version 3709383).
LogModuleManager: Display: Found up-to-date module file ../../../Engine/Plugins/Online/OnlineSubsystemUtils/Binaries/Win64/UE4Editor-OnlineSubsystemUtils.dll (API version 3709383).
LogModuleManager: Display: Found up-to-date module file ../../../Engine/Plugins/Online/OnlineSubsystemUtils/Binaries/Win64/UE4Editor-OnlineBlueprintSupport.dll (API version 3709383).
LogModuleManager: Display: Found up-to-date module file ../../../Engine/Plugins/Runtime/AndroidDeviceProfileSelector/Binaries/Win64/UE4Editor-AndroidDeviceProfileSelector.dll (API version 3709383).
LogModuleManager: Display: Found up-to-date module file ../../../Engine/Plugins/Runtime/AndroidPermission/Binaries/Win64/UE4Editor-AndroidPermission.dll (API version 3709383).
LogModuleManager: Display: Found up-to-date module file ../../../Engine/Plugins/Runtime/AppleARKit/Binaries/Win64/UE4Editor-AppleARKit.dll (API version 3709383).
LogModuleManager: Display: Found up-to-date module file ../../../Engine/Plugins/Runtime/ArchVisCharacter/Binaries/Win64/UE4Editor-ArchVisCharacter.dll (API version 3709383).
LogModuleManager: Display: Found up-to-date module file ../../../Engine/Plugins/Runtime/CableComponent/Binaries/Win64/UE4Editor-CableComponent.dll (API version 3709383).
LogModuleManager: Display: Found up-to-date module file ../../../Engine/Plugins/Runtime/CustomMeshComponent/Binaries/Win64/UE4Editor-CustomMeshComponent.dll (API version 3709383).
LogModuleManager: Display: Found up-to-date module file ../../../Engine/Plugins/Runtime/ExampleDeviceProfileSelector/Binaries/Win64/UE4Editor-ExampleDeviceProfileSelector.dll (API version 3709383).
LogModuleManager: Display: Found up-to-date module file ../../../Engine/Plugins/Runtime/ImmediatePhysics/Binaries/Win64/UE4Editor-ImmediatePhysics.dll (API version 3709383).
LogModuleManager: Display: Found up-to-date module file ../../../Engine/Plugins/Runtime/ImmediatePhysics/Binaries/Win64/UE4Editor-ImmediatePhysicsEditor.dll (API version 3709383).
LogModuleManager: Display: Found up-to-date module file ../../../Engine/Plugins/Runtime/LocationServicesBPLibrary/Binaries/Win64/UE4Editor-LocationServicesBPLibrary.dll (API version 3709383).
LogModuleManager: Display: Found up-to-date module file ../../../Engine/Plugins/Runtime/MobilePatchingUtils/Binaries/Win64/UE4Editor-MobilePatchingUtils.dll (API version 3709383).
LogModuleManager: Display: Found up-to-date module file ../../../Engine/Plugins/Runtime/Oculus/OculusVR/Binaries/Win64/UE4Editor-OculusHMD.dll (API version 3709383).
LogModuleManager: Display: Found up-to-date module file ../../../Engine/Plugins/Runtime/Oculus/OculusVR/Binaries/Win64/UE4Editor-OculusInput.dll (API version 3709383).
LogModuleManager: Display: Found up-to-date module file ../../../Engine/Plugins/Runtime/Oculus/OculusVR/Binaries/Win64/UE4Editor-OculusEditor.dll (API version 3709383).
LogModuleManager: Display: Found up-to-date module file ../../../Engine/Plugins/Runtime/PhysXVehicles/Binaries/Win64/UE4Editor-PhysXVehicles.dll (API version 3709383).
LogModuleManager: Display: Found up-to-date module file ../../../Engine/Plugins/Runtime/PhysXVehicles/Binaries/Win64/UE4Editor-PhysXVehiclesEditor.dll (API version 3709383).
LogModuleManager: Display: Found up-to-date module file ../../../Engine/Plugins/Runtime/ProceduralMeshComponent/Binaries/Win64/UE4Editor-ProceduralMeshComponent.dll (API version 3709383).
LogModuleManager: Display: Found up-to-date module file ../../../Engine/Plugins/Runtime/ProceduralMeshComponent/Binaries/Win64/UE4Editor-ProceduralMeshComponentEditor.dll (API version 3709383).
LogModuleManager: Display: Found up-to-date module file ../../../Engine/Plugins/Runtime/RuntimePhysXCooking/Binaries/Win64/UE4Editor-RuntimePhysXCooking.dll (API version 3709383).
LogModuleManager: Display: Found up-to-date module file ../../../Engine/Plugins/Runtime/Steam/SteamVR/Binaries/Win64/UE4Editor-SteamVR.dll (API version 3709383).
LogModuleManager: Display: Found up-to-date module file ../../../Engine/Plugins/Runtime/Steam/SteamVR/Binaries/Win64/UE4Editor-SteamVRController.dll (API version 3709383).
LogModuleManager: Display: Found up-to-date module file ../../../Engine/Plugins/Runtime/WindowsMoviePlayer/Binaries/Win64/UE4Editor-WindowsMoviePlayer.dll (API version 3709383).
LogInit: Using libcurl 7.47.1
LogInit:  - built for x86_64-pc-win32
LogInit:  - supports SSL with OpenSSL/1.0.2g
LogInit:  - supports HTTP deflate (compression) using libz 1.2.8
LogInit:  - other features:
LogInit:      CURL_VERSION_SSL
LogInit:      CURL_VERSION_LIBZ
LogInit:      CURL_VERSION_IPV6
LogInit:      CURL_VERSION_ASYNCHDNS
LogInit:      CURL_VERSION_LARGEFILE
LogInit:      CURL_VERSION_IDN
LogInit:  CurlRequestOptions (configurable via config and command line):
LogInit:  - bVerifyPeer = false  - Libcurl will NOT verify peer certificate
LogInit:  - bUseHttpProxy = false  - Libcurl will NOT use HTTP proxy
LogInit:  - bDontReuseConnections = false  - Libcurl will reuse connections
LogInit:  - CertBundlePath = nullptr  - Libcurl will use whatever was configured at build time.
LogModuleManager: Warning: No filename provided for module OnlineSubsystemSteam
LogModuleManager: Warning: ModuleManager: Unable to load module 'OnlineSubsystemSteam' because the file 'C:/Program Files/Epic Games/UE_4.18/Engine/Binaries/Win64/' was not found.
LogInit: WinSock: version 1.1 (2.2), MaxSocks=32767, MaxUdp=65467
LogInit: Build: ++UE4+Release-4.18-CL-3794801
LogInit: Engine Version: 4.18.2-3794801+++UE4+Release-4.18
LogInit: Compatible Engine Version: 4.18.0-3709383+++UE4+Release-4.18
LogInit: Net CL: 3709383
LogDevObjectVersion: Number of dev versions registered: 16
LogDevObjectVersion:   Dev-Blueprints (B0D832E4-1F89-4F0D-ACCF-7EB736FD4AA2): 10
LogDevObjectVersion:   Dev-Build (E1C64328-A22C-4D53-A36C-8E866417BD8C): 0
LogDevObjectVersion:   Dev-Core (375EC13C-06E4-48FB-B500-84F0262A717E): 2
LogDevObjectVersion:   Dev-Editor (E4B068ED-F494-42E9-A231-DA0B2E46BB41): 20
LogDevObjectVersion:   Dev-Framework (CFFC743F-43B0-4480-9391-14DF171D2073): 30
LogDevObjectVersion:   Dev-Mobile (B02B49B5-BB20-44E9-A304-32B752E40360): 0
LogDevObjectVersion:   Dev-Networking (A4E4105C-59A1-49B5-A7C5-40C4547EDFEE): 0
LogDevObjectVersion:   Dev-Online (39C831C9-5AE6-47DC-9A44-9C173E1C8E7C): 0
LogDevObjectVersion:   Dev-Physics (78F01B33-EBEA-4F98-B9B4-84EACCB95AA2): 0
LogDevObjectVersion:   Dev-Platform (6631380F-2D4D-43E0-8009-CF276956A95A): 0
LogDevObjectVersion:   Dev-Rendering (12F88B9F-8875-4AFC-A67C-D90C383ABD29): 20
LogDevObjectVersion:   Dev-Sequencer (7B5AE74C-D270-4C10-A958-57980B212A5A): 4
LogDevObjectVersion:   Dev-VR (D7296918-1DD6-4BDD-9DE2-64A83CC13884): 0
LogDevObjectVersion:   Dev-LoadTimes (C2A15278-BFE7-4AFE-6C17-90FF531DF755): 1
LogDevObjectVersion:   Private-Geometry (6EACA3D4-40EC-4CC1-B786-8BED09428FC5): 1
LogDevObjectVersion:   Dev-AnimPhys (29E575DD-E0A3-4627-9D10-D276232CDCEA): 12
LogInit: Compiled (64-bit): Dec  8 2017 02:04:53
LogInit: Compiled with Visual C++: 19.00.24215.01
LogInit: Build Configuration: Development
LogInit: Branch Name: ++UE4+Release-4.18
LogInit: Command line:  /Game/pratice/sinyoung/multiplay/mainmenu -game -PIEVIACONSOLE -ResX=1280 -ResY=720  -Multiprocess -messaging -SessionName="Play in Standalone Game" -windowed 
LogInit: Base directory: C:/Program Files/Epic Games/UE_4.18/Engine/Binaries/Win64/
LogInit: Installed Engine Build: 1
LogInit: Presizing for max 8388607 objects, including 0 objects not considered by GC, pre-allocating 0 bytes for permanent pool.
LogInit: Object subsystem initialized
[2018.01.18-16.33.14:740][  0]LogInit: Selected Device Profile: [Windows]
[2018.01.18-16.33.14:740][  0]LogInit: Applying CVar settings loaded from the selected device profile: [Windows]
[2018.01.18-16.33.14:744][  0]LogInit: Computer: DESKTOP-FRCQVUI
[2018.01.18-16.33.14:744][  0]LogInit: User: oner
[2018.01.18-16.33.14:744][  0]LogInit: CPU Page size=4096, Cores=4
[2018.01.18-16.33.14:744][  0]LogInit: High frequency timer resolution =2.630632 MHz
[2018.01.18-16.33.14:744][  0]LogMemory: Memory total: Physical=7.9GB (8GB approx)
[2018.01.18-16.33.14:744][  0]LogMemory: Platform Memory Stats for Windows
[2018.01.18-16.33.14:744][  0]LogMemory: Process Physical Memory: 274.05 MB used, 274.05 MB peak
[2018.01.18-16.33.14:744][  0]LogMemory: Process Virtual Memory: 266.07 MB used, 266.07 MB peak
[2018.01.18-16.33.14:744][  0]LogMemory: Physical Memory: 5148.46 MB used,  2932.29 MB free, 8080.75 MB total
[2018.01.18-16.33.14:744][  0]LogMemory: Virtual Memory: 675.18 MB used,  2932.29 MB free, 134217728.00 MB total
[2018.01.18-16.33.14:958][  0]LogInit: Using OS detected language (ko-KR).
[2018.01.18-16.33.14:958][  0]LogInit: Using OS detected locale (ko-KR).
[2018.01.18-16.33.14:962][  0]LogTextLocalizationManager: No specific localization for 'ko-KR' exists, so the 'ko' localization will be used.
[2018.01.18-16.33.15:236][  0]LogD3D11RHI: D3D11 adapters:
[2018.01.18-16.33.15:300][  0]LogD3D11RHI:    0. 'NVIDIA GeForce GTX 970M' (Feature Level 11_0)
[2018.01.18-16.33.15:300][  0]LogD3D11RHI:       3040/0/4040 MB DedicatedVideo/DedicatedSystem/SharedSystem, Outputs:1, VendorId:0x10de
[2018.01.18-16.33.15:305][  0]LogD3D11RHI:    1. 'Intel(R) HD Graphics 5600' (Feature Level 11_0)
[2018.01.18-16.33.15:305][  0]LogD3D11RHI:       128/0/4040 MB DedicatedVideo/DedicatedSystem/SharedSystem, Outputs:0, VendorId:0x8086
[2018.01.18-16.33.15:307][  0]LogD3D11RHI:    2. 'Microsoft Basic Render Driver' (Feature Level 11_0)
[2018.01.18-16.33.15:307][  0]LogD3D11RHI:       0/0/4040 MB DedicatedVideo/DedicatedSystem/SharedSystem, Outputs:0, VendorId:0x1414
[2018.01.18-16.33.15:307][  0]LogD3D11RHI: Chosen D3D11 Adapter: 0
[2018.01.18-16.33.15:316][  0]LogD3D11RHI: Creating new Direct3DDevice
[2018.01.18-16.33.15:316][  0]LogD3D11RHI:     GPU DeviceId: 0x13d8 (for the marketing name, search the web for "GPU Device Id")
[2018.01.18-16.33.15:316][  0]LogWindows: EnumDisplayDevices:
[2018.01.18-16.33.15:316][  0]LogWindows:    0. 'Intel(R) HD Graphics 5600' (P:1 D:1)
[2018.01.18-16.33.15:317][  0]LogWindows:    1. 'Intel(R) HD Graphics 5600' (P:0 D:0)
[2018.01.18-16.33.15:317][  0]LogWindows:    2. 'Intel(R) HD Graphics 5600' (P:0 D:0)
[2018.01.18-16.33.15:317][  0]LogWindows: DebugString: GetVideoDriverDetailsInvalid PrimaryIsNotTheChoosenAdapter GetVideoDriverDetailsInvalid PrimaryIsNotTheChoosenAdapter GetVideoDriverDetailsInvalid PrimaryIsNotTheChoosenAdapter FoundDriverCount:0 
[2018.01.18-16.33.15:317][  0]LogD3D11RHI:     Adapter Name: NVIDIA GeForce GTX 970M
[2018.01.18-16.33.15:317][  0]LogD3D11RHI:   Driver Version: Unknown (internal:Unknown, unified:Unknown)
[2018.01.18-16.33.15:317][  0]LogD3D11RHI:      Driver Date: Unknown
[2018.01.18-16.33.15:317][  0]LogRHI: Texture pool is 2128 MB (70% of 3040 MB)
[2018.01.18-16.33.15:353][  0]LogD3D11RHI: Async texture creation enabled
[2018.01.18-16.33.15:437][  0]LogD3D11RHI: GPU Timing Frequency: 1000.000000 (Debug: 2 1)
[2018.01.18-16.33.15:438][  0]LogShaderCompilers: Guid format shader working directory is 13 characters bigger than the processId version (../../../../../../in/set/main/Intermediate/Shaders/WorkingDirectory/14588/).
[2018.01.18-16.33.15:438][  0]LogShaderCompilers: Cleaned the shader compiler working directory 'C:/Users/강망/AppData/Local/Temp/UnrealShaderWorkingDir/939D705340601B2FCBB99AA747979BCA/'.
[2018.01.18-16.33.15:438][  0]LogShaderCompilers: Display: Using Local Shader Compiler.
[2018.01.18-16.33.16:601][  0]LogTemp: Display: Loaded TP WindowsClientTargetPlatform
[2018.01.18-16.33.16:676][  0]LogTemp: Display: Loaded TP WindowsNoEditorTargetPlatform
[2018.01.18-16.33.16:747][  0]LogTemp: Display: Loaded TP WindowsServerTargetPlatform
[2018.01.18-16.33.16:817][  0]LogTemp: Display: Loaded TP WindowsTargetPlatform
[2018.01.18-16.33.16:817][  0]LogTargetPlatformManager: Display: Building Assets For Windows
[2018.01.18-16.33.17:666][  0]LogDerivedDataCache: Display: Max Cache Size: 512 MB
[2018.01.18-16.33.17:802][  0]LogDerivedDataCache: Loaded boot cache 0.14s 94MB C:/Users/강망/AppData/Local/UnrealEngine/4.18/DerivedDataCache/Boot.ddc.
[2018.01.18-16.33.17:802][  0]LogDerivedDataCache: Display: Loaded Boot cache: C:/Users/강망/AppData/Local/UnrealEngine/4.18/DerivedDataCache/Boot.ddc
[2018.01.18-16.33.17:802][  0]LogDerivedDataCache: FDerivedDataBackendGraph:  Pak pak cache file ../../../../../../in/set/main/DerivedDataCache/DDC.ddp not found, will not use a pak cache.
[2018.01.18-16.33.17:802][  0]LogDerivedDataCache: Unable to find inner node Pak for hierarchical cache Hierarchy.
[2018.01.18-16.33.17:803][  0]LogDerivedDataCache: FDerivedDataBackendGraph:  CompressedPak pak cache file ../../../../../../in/set/main/DerivedDataCache/Compressed.ddp not found, will not use a pak cache.
[2018.01.18-16.33.17:803][  0]LogDerivedDataCache: Unable to find inner node CompressedPak for hierarchical cache Hierarchy.
[2018.01.18-16.33.17:830][  0]LogDerivedDataCache: Display: Pak cache opened for reading ../../../Engine/DerivedDataCache/Compressed.ddp.
[2018.01.18-16.33.17:842][  0]LogDerivedDataCache: Using Local data cache path C:/Users/강망/AppData/Local/UnrealEngine/Common/DerivedDataCache: Writable
[2018.01.18-16.33.17:856][  0]LogMaterial: Verifying Global Shaders for PCD3D_SM5
[2018.01.18-16.33.17:857][  0]LogSlate: Using Freetype 2.6.0
[2018.01.18-16.33.17:857][  0]LogSlate: SlateFontCache - WITH_FREETYPE: 1, WITH_HARFBUZZ: 1
[2018.01.18-16.33.17:857][  0]LogSlate: SlateFontCache - WITH_FREETYPE: 1, WITH_HARFBUZZ: 1
[2018.01.18-16.33.18:271][  0]LogAssetRegistry: FAssetRegistry took 0.0043 seconds to start up
[2018.01.18-16.33.18:295][  0]LogPackageLocalizationCache: Processed 7 localized package path(s) for 2 prioritized culture(s) in 0.023733 seconds
[2018.01.18-16.33.18:429][  0]LogInit: Selected Device Profile: [Windows]
[2018.01.18-16.33.18:986][  0]LogSimplygon: Simplygon DLL not present - disabling.
[2018.01.18-16.33.19:063][  0]LogMeshReduction: Using SimplygonSwarm for distributed automatic mesh merging
[2018.01.18-16.33.19:063][  0]LogMeshReduction: Using QuadricMeshReduction for automatic static mesh reduction
[2018.01.18-16.33.19:063][  0]LogMeshReduction: No automatic skeletal mesh reduction module available
[2018.01.18-16.33.19:063][  0]LogMeshReduction: No automatic mesh merging module available
[2018.01.18-16.33.19:063][  0]LogMeshMerging: No automatic mesh merging module available
[2018.01.18-16.33.19:096][  0]LogNetVersion: main , NetCL: 3709383, EngineNetVer: 2, GameNetVer: 0 (Checksum: 1998149536)
[2018.01.18-16.33.19:387][  0]LogInit: Warning: Passing commandline switches using / instead of - has been deprecated and will be removed in future versions of Unreal Engine.
[2018.01.18-16.33.19:387][  0]LogInit: Warning: Passing commandline switches using / instead of - has been deprecated and will be removed in future versions of Unreal Engine.
[2018.01.18-16.33.19:388][  0]LogInit: Warning: Passing commandline switches using / instead of - has been deprecated and will be removed in future versions of Unreal Engine.
[2018.01.18-16.33.21:721][  0]LogMoviePlayer: Initializing movie player
[2018.01.18-16.33.22:343][  0]LogCollectionManager: Loaded 0 collections in 0.003770 seconds
[2018.01.18-16.33.22:444][  0]LogFileCache: Scanning file cache for directory 'C:/in/set/main/Saved/Collections/' took 0.01s
[2018.01.18-16.33.22:444][  0]LogFileCache: Scanning file cache for directory 'C:/in/set/main/Content/Developers/oner/Collections/' took 0.01s
[2018.01.18-16.33.22:444][  0]LogFileCache: Scanning file cache for directory 'C:/in/set/main/Content/Collections/' took 0.01s
[2018.01.18-16.33.22:444][  0]LogCollectionManager: Rebuilt the object cache for 0 collections in 0.000003 seconds (found 0 objects)
[2018.01.18-16.33.22:444][  0]LogCollectionManager: Fixed up redirectors for 0 collections in 0.000251 seconds (updated 0 objects)
[2018.01.18-16.33.23:010][  0]LogTcpMessaging: Initializing TcpMessaging bridge
[2018.01.18-16.33.23:096][  0]LogUdpMessaging: Initializing bridge on interface 0.0.0.0:0 to multicast group 230.0.0.1:6666.
[2018.01.18-16.33.24:102][  0]LogBlueprint: Warning: [Compiler ThirdPersonCharacter] 입력 액션 이벤트가  click 입력 액션  에 대한 미확인 'click' 액션을 레퍼런싱합니다.
[2018.01.18-16.33.24:159][  0]LogBlueprint: Warning: [Compiler ThirdPersonCharacter] [0013.62] ThirdPersonCharacter 컴파일에 성공했습니다만, 경고가 1 회 있습니다. [소요시간 176 ms] (/Game/ThirdPersonCPP/Blueprints/ThirdPersonCharacter.ThirdPersonCharacter)
[2018.01.18-16.33.24:375][  0]LogMaterial: Uniform references updated for custom material expression Custom.
[2018.01.18-16.33.24:802][  0]LogInit: Warning: Passing commandline switches using / instead of - has been deprecated and will be removed in future versions of Unreal Engine.
[2018.01.18-16.33.24:803][  0]SourceControl: 소스 콘트롤이 꺼졌습니다.
[2018.01.18-16.33.24:803][  0]SourceControl: 소스 콘트롤이 꺼졌습니다.
[2018.01.18-16.33.24:874][  0]SourceControl: 소스 콘트롤이 꺼졌습니다.
[2018.01.18-16.33.25:391][  0]LogAndroidPermission: UAndroidPermissionCallbackProxy::GetInstance
[2018.01.18-16.33.25:815][  0]LogOcInput: OculusInput pre-init called
[2018.01.18-16.33.26:175][  0]LogUObjectArray: 46222 objects as part of root set at end of initial load.
[2018.01.18-16.33.26:175][  0]LogUObjectAllocator: 10654192 out of 0 bytes used by permanent object pool.
[2018.01.18-16.33.26:175][  0]LogUObjectArray: CloseDisregardForGC: 0/0 objects in disregard for GC pool
[2018.01.18-16.33.26:351][  0]LogEngine: Initializing Engine...
[2018.01.18-16.33.26:354][  0]LogHMD: Failed to initialize OpenVR with code 110
[2018.01.18-16.33.26:590][  0]LogStats: UGameplayTagsManager::ConstructGameplayTagTree: Construct from data asset -  0.000 s
[2018.01.18-16.33.26:590][  0]LogStats: UGameplayTagsManager::ConstructGameplayTagTree: GameplayTagTreeChangedEvent.Broadcast -  0.000 s
[2018.01.18-16.33.26:598][  0]LogInit: XAudio2 using '스피커(Realtek High Definition Audio)' : 2 channels at 48 kHz using 32 bits per sample (channel mask 0x3)
[2018.01.18-16.33.26:614][  0]LogInit: FAudioDevice initialized.
[2018.01.18-16.33.26:662][  0]LogInit: Texture streaming: Enabled
[2018.01.18-16.33.27:281][  0]LogInit: Warning: Passing commandline switches using / instead of - has been deprecated and will be removed in future versions of Unreal Engine.
[2018.01.18-16.33.27:346][  0]LogInit: Display: Game Engine Initialized.
[2018.01.18-16.33.27:346][  0]LogGameplayTags: Display: UGameplayTagsManager::DoneAddingNativeTags. DelegateIsBound: 0
[2018.01.18-16.33.27:677][  0]LogInit: Display: Starting Game.
[2018.01.18-16.33.27:677][  0]LogNet: Browse: /Game/pratice/sinyoung/multiplay/mainmenu?Name=Player
[2018.01.18-16.33.27:677][  0]LogLoad: LoadMap: /Game/pratice/sinyoung/multiplay/mainmenu?Name=Player
[2018.01.18-16.33.27:935][  0]LogAIModule: Creating AISystem for world mainmenu
[2018.01.18-16.33.27:936][  0]LogLoad: Game class is 'mainGameMode'
[2018.01.18-16.33.27:937][  0]LogWorld: Bringing World /Game/pratice/sinyoung/multiplay/mainmenu.mainmenu up for play (max tick rate 0) at 2018.01.19-01.33.27
[2018.01.18-16.33.27:937][  0]LogWorld: Bringing up level for play took: 0.000499
[2018.01.18-16.33.27:937][  0]LogGameMode: FindPlayerStart: PATHS NOT DEFINED or NO PLAYERSTART with positive rating
[2018.01.18-16.33.27:983][  0]LogLoad: Took 0.305953 seconds to LoadMap(/Game/pratice/sinyoung/multiplay/mainmenu)
[2018.01.18-16.33.27:983][  0]LogScript: Warning: mychar 프로퍼티를 읽으려던 중 None 에 접근했습니다.
	gamehud_C /Engine/Transient.GameEngine_0:Gameinfolnstance_C_0.gamehud_C_0
	Function /Game/pratice/gamehud.gamehud_C:GetVisibility_0:000F
[2018.01.18-16.33.27:983][  0]LogScript: Warning: Script call stack:
	Function /Game/pratice/gamehud.gamehud_C:GetVisibility_0

[2018.01.18-16.33.27:983][  0]LogScript: Warning: mychar 프로퍼티를 읽으려던 중 None 에 접근했습니다.
	gamehud_C /Engine/Transient.GameEngine_0:Gameinfolnstance_C_0.gamehud_C_0
	Function /Game/pratice/gamehud.gamehud_C:GetVisibility_0:000F
[2018.01.18-16.33.27:983][  0]LogScript: Warning: Script call stack:
	Function /Game/pratice/gamehud.gamehud_C:GetVisibility_0

[2018.01.18-16.33.27:987][  0]LogSlate: Took 0.002899 seconds to synchronously load lazily loaded font '../../../Engine/Content/Slate/Fonts/NanumGothic.ttf' (4243K)
[2018.01.18-16.33.28:799][  0]LogRenderer: Reallocating scene render targets to support 1280x720 Format 10 NumSamples 1 (Frame:1).
[2018.01.18-16.33.28:799][  0]LogLoad: (Engine Initialization) Total time: 18.26 seconds
[2018.01.18-16.33.28:799][  0]LogLoad: (Engine Initialization) Total Blueprint compile time: 0.00 seconds
[2018.01.18-16.33.28:799][  0]LogExternalProfiler: No external profilers were discovered.  External profiling features will not be available.
[2018.01.18-16.33.28:834][  0]LogContentStreaming: Texture pool size now 1000 MB
[2018.01.18-16.33.28:837][  0]LogScript: Warning: mychar 프로퍼티를 읽으려던 중 None 에 접근했습니다.
	gamehud_C /Engine/Transient.GameEngine_0:Gameinfolnstance_C_0.gamehud_C_0
	Function /Game/pratice/gamehud.gamehud_C:GetVisibility_0:000F
[2018.01.18-16.33.28:837][  0]LogScript: Warning: Script call stack:
	Function /Game/pratice/gamehud.gamehud_C:GetVisibility_0

[2018.01.18-16.33.28:837][  0]LogScript: Warning: mychar 프로퍼티를 읽으려던 중 None 에 접근했습니다.
	gamehud_C /Engine/Transient.GameEngine_0:Gameinfolnstance_C_0.gamehud_C_0
	Function /Game/pratice/gamehud.gamehud_C:GetVisibility_0:000F
[2018.01.18-16.33.28:837][  0]LogScript: Warning: Script call stack:
	Function /Game/pratice/gamehud.gamehud_C:GetVisibility_0

[2018.01.18-16.33.28:842][  0]LogScript: Warning: mychar 프로퍼티를 읽으려던 중 None 에 접근했습니다.
	gamehud_C /Engine/Transient.GameEngine_0:Gameinfolnstance_C_0.gamehud_C_0
	Function /Game/pratice/gamehud.gamehud_C:GetVisibility_0:000F
[2018.01.18-16.33.28:842][  0]LogScript: Warning: Script call stack:
	Function /Game/pratice/gamehud.gamehud_C:GetVisibility_0

[2018.01.18-16.33.28:917][  1]LogScript: Warning: mychar 프로퍼티를 읽으려던 중 None 에 접근했습니다.
	gamehud_C /Engine/Transient.GameEngine_0:Gameinfolnstance_C_0.gamehud_C_0
	Function /Game/pratice/gamehud.gamehud_C:GetVisibility_0:000F
[2018.01.18-16.33.28:917][  1]LogScript: Warning: Script call stack:
	Function /Game/pratice/gamehud.gamehud_C:GetVisibility_0

[2018.01.18-16.33.28:917][  1]LogScript: Warning: mychar 프로퍼티를 읽으려던 중 None 에 접근했습니다.
	gamehud_C /Engine/Transient.GameEngine_0:Gameinfolnstance_C_0.gamehud_C_0
	Function /Game/pratice/gamehud.gamehud_C:GetVisibility_0:000F
[2018.01.18-16.33.28:917][  1]LogScript: Warning: Script call stack:
	Function /Game/pratice/gamehud.gamehud_C:GetVisibility_0

[2018.01.18-16.33.28:918][  1]LogScript: Warning: mychar 프로퍼티를 읽으려던 중 None 에 접근했습니다.
	gamehud_C /Engine/Transient.GameEngine_0:Gameinfolnstance_C_0.gamehud_C_0
	Function /Game/pratice/gamehud.gamehud_C:GetVisibility_0:000F
[2018.01.18-16.33.28:918][  1]LogScript: Warning: Script call stack:
	Function /Game/pratice/gamehud.gamehud_C:GetVisibility_0

[2018.01.18-16.33.28:920][  2]LogScript: Warning: mychar 프로퍼티를 읽으려던 중 None 에 접근했습니다.
	gamehud_C /Engine/Transient.GameEngine_0:Gameinfolnstance_C_0.gamehud_C_0
	Function /Game/pratice/gamehud.gamehud_C:GetVisibility_0:000F
[2018.01.18-16.33.28:920][  2]LogScript: Warning: Script call stack:
	Function /Game/pratice/gamehud.gamehud_C:GetVisibility_0

[2018.01.18-16.33.28:920][  2]LogScript: Warning: mychar 프로퍼티를 읽으려던 중 None 에 접근했습니다.
	gamehud_C /Engine/Transient.GameEngine_0:Gameinfolnstance_C_0.gamehud_C_0
	Function /Game/pratice/gamehud.gamehud_C:GetVisibility_0:000F
[2018.01.18-16.33.28:920][  2]LogScript: Warning: Script call stack:
	Function /Game/pratice/gamehud.gamehud_C:GetVisibility_0

[2018.01.18-16.33.28:921][  2]LogScript: Warning: mychar 프로퍼티를 읽으려던 중 None 에 접근했습니다.
	gamehud_C /Engine/Transient.GameEngine_0:Gameinfolnstance_C_0.gamehud_C_0
	Function /Game/pratice/gamehud.gamehud_C:GetVisibility_0:000F
[2018.01.18-16.33.28:921][  2]LogScript: Warning: Script call stack:
	Function /Game/pratice/gamehud.gamehud_C:GetVisibility_0

[2018.01.18-16.33.29:098][  3]LogScript: Warning: mychar 프로퍼티를 읽으려던 중 None 에 접근했습니다.
	gamehud_C /Engine/Transient.GameEngine_0:Gameinfolnstance_C_0.gamehud_C_0
	Function /Game/pratice/gamehud.gamehud_C:GetVisibility_0:000F
[2018.01.18-16.33.29:098][  3]LogScript: Warning: Script call stack:
	Function /Game/pratice/gamehud.gamehud_C:GetVisibility_0

[2018.01.18-16.33.29:098][  3]LogScript: Warning: mychar 프로퍼티를 읽으려던 중 None 에 접근했습니다.
	gamehud_C /Engine/Transient.GameEngine_0:Gameinfolnstance_C_0.gamehud_C_0
	Function /Game/pratice/gamehud.gamehud_C:GetVisibility_0:000F
[2018.01.18-16.33.29:098][  3]LogScript: Warning: Script call stack:
	Function /Game/pratice/gamehud.gamehud_C:GetVisibility_0

[2018.01.18-16.33.29:100][  3]LogScript: Warning: mychar 프로퍼티를 읽으려던 중 None 에 접근했습니다.
	gamehud_C /Engine/Transient.GameEngine_0:Gameinfolnstance_C_0.gamehud_C_0
	Function /Game/pratice/gamehud.gamehud_C:GetVisibility_0:000F
[2018.01.18-16.33.29:100][  3]LogScript: Warning: Script call stack:
	Function /Game/pratice/gamehud.gamehud_C:GetVisibility_0

[2018.01.18-16.33.29:115][  4]LogScript: Warning: mychar 프로퍼티를 읽으려던 중 None 에 접근했습니다.
	gamehud_C /Engine/Transient.GameEngine_0:Gameinfolnstance_C_0.gamehud_C_0
	Function /Game/pratice/gamehud.gamehud_C:GetVisibility_0:000F
[2018.01.18-16.33.29:116][  4]LogScript: Warning: Script call stack:
	Function /Game/pratice/gamehud.gamehud_C:GetVisibility_0

[2018.01.18-16.33.29:116][  4]LogScript: Warning: mychar 프로퍼티를 읽으려던 중 None 에 접근했습니다.
	gamehud_C /Engine/Transient.GameEngine_0:Gameinfolnstance_C_0.gamehud_C_0
	Function /Game/pratice/gamehud.gamehud_C:GetVisibility_0:000F
[2018.01.18-16.33.29:117][  4]LogScript: Warning: Script call stack:
	Function /Game/pratice/gamehud.gamehud_C:GetVisibility_0

[2018.01.18-16.33.29:118][  4]LogScript: Warning: mychar 프로퍼티를 읽으려던 중 None 에 접근했습니다.
	gamehud_C /Engine/Transient.GameEngine_0:Gameinfolnstance_C_0.gamehud_C_0
	Function /Game/pratice/gamehud.gamehud_C:GetVisibility_0:000F
[2018.01.18-16.33.29:118][  4]LogScript: Warning: Script call stack:
	Function /Game/pratice/gamehud.gamehud_C:GetVisibility_0

[2018.01.18-16.37.53:020][209]LogActor: Warning: ThirdPersonCharacter_C_0 is outside the world bounds!
[2018.01.18-16.38.26:382][259]LogWindowsTextInputMethodSystem: Display: IME system now activated using TSF (Microsoft 입력기).
[2018.01.18-16.38.26:396][259]LogEngine: All Windows Closed
[2018.01.18-16.38.26:396][259]LogWindows: FPlatformMisc::RequestExit(0)
[2018.01.18-16.38.26:582][260]LogExit: Preparing to exit.
[2018.01.18-16.38.26:582][260]LogMoviePlayer: Shutting down movie player
[2018.01.18-16.38.27:443][260]LogExit: Game engine shut down
[2018.01.18-16.38.27:529][260]LogExit: Object subsystem successfully closed.
[2018.01.18-16.38.27:542][260]LogD3D11RHI: Shutdown
[2018.01.18-16.38.27:542][260]LogD3D11RHI: CleanupD3DDevice
[2018.01.18-16.38.27:543][260]LogD3D11RHI: ~FD3D11DynamicRHI
[2018.01.18-16.38.27:555][260]LogModuleManager: Shutting down and abandoning module SequenceRecorderSections (317)
[2018.01.18-16.38.27:556][260]LogModuleManager: Shutting down and abandoning module SequenceRecorder (315)
[2018.01.18-16.38.27:556][260]LogModuleManager: Shutting down and abandoning module AutomationController (313)
[2018.01.18-16.38.27:556][260]LogModuleManager: Shutting down and abandoning module AutomationWorker (311)
[2018.01.18-16.38.27:556][260]LogModuleManager: Shutting down and abandoning module Voice (309)
[2018.01.18-16.38.27:556][260]LogModuleManager: Shutting down and abandoning module AIModule (307)
[2018.01.18-16.38.27:556][260]LogModuleManager: Shutting down and abandoning module GameplayDebugger (306)
[2018.01.18-16.38.27:556][260]LogModuleManager: Shutting down and abandoning module AITestSuite (304)
[2018.01.18-16.38.27:556][260]LogModuleManager: Shutting down and abandoning module WmfMediaFactory (301)
[2018.01.18-16.38.27:556][260]LogModuleManager: Shutting down and abandoning module OpenExrWrapper (299)
[2018.01.18-16.38.27:556][260]LogModuleManager: Shutting down and abandoning module ImgMediaFactory (297)
[2018.01.18-16.38.27:556][260]LogModuleManager: Shutting down and abandoning module AvfMediaFactory (295)
[2018.01.18-16.38.27:556][260]LogModuleManager: Shutting down and abandoning module CharacterAI (293)
[2018.01.18-16.38.27:556][260]LogModuleManager: Shutting down and abandoning module SessionServices (291)
[2018.01.18-16.38.27:556][260]LogModuleManager: Shutting down and abandoning module MovieSceneCapture (289)
[2018.01.18-16.38.27:556][260]LogModuleManager: Shutting down and abandoning module MovieSceneTracks (287)
[2018.01.18-16.38.27:556][260]LogModuleManager: Shutting down and abandoning module MovieScene (285)
[2018.01.18-16.38.27:556][260]LogModuleManager: Shutting down and abandoning module GeometryCache (283)
[2018.01.18-16.38.27:556][260]LogModuleManager: Shutting down and abandoning module GeometryCacheEd (282)
[2018.01.18-16.38.27:556][260]LogModuleManager: Shutting down and abandoning module StreamingPauseRendering (279)
[2018.01.18-16.38.27:556][260]LogModuleManager: Shutting down and abandoning module PortalServices (277)
[2018.01.18-16.38.27:556][260]LogModuleManager: Shutting down and abandoning module PortalRpc (275)
[2018.01.18-16.38.27:556][260]LogModuleManager: Shutting down and abandoning module MessagingRpc (273)
[2018.01.18-16.38.27:556][260]LogModuleManager: Shutting down and abandoning module ProfilerService (271)
[2018.01.18-16.38.27:688][260]LogModuleManager: Shutting down and abandoning module TaskGraph (269)
[2018.01.18-16.38.27:688][260]LogModuleManager: Shutting down and abandoning module SteamVRController (267)
[2018.01.18-16.38.27:688][260]LogModuleManager: Shutting down and abandoning module ProceduralMeshComponent (265)
[2018.01.18-16.38.27:688][260]LogModuleManager: Shutting down and abandoning module OculusInput (263)
[2018.01.18-16.38.27:688][260]LogModuleManager: Shutting down and abandoning module MobilePatchingUtils (261)
[2018.01.18-16.38.27:688][260]LogModuleManager: Shutting down and abandoning module CustomMeshComponent (259)
[2018.01.18-16.38.27:688][260]LogModuleManager: Shutting down and abandoning module CableComponent (257)
[2018.01.18-16.38.27:689][260]LogModuleManager: Shutting down and abandoning module ArchVisCharacter (255)
[2018.01.18-16.38.27:689][260]LogModuleManager: Shutting down and abandoning module AndroidPermission (253)
[2018.01.18-16.38.27:689][260]LogModuleManager: Shutting down and abandoning module ActorSequence (251)
[2018.01.18-16.38.27:689][260]LogModuleManager: Shutting down and abandoning module MediaCompositing (249)
[2018.01.18-16.38.27:689][260]LogModuleManager: Shutting down and abandoning module HTML5Networking (247)
[2018.01.18-16.38.27:689][260]LogModuleManager: Shutting down and abandoning module VisualStudioSourceCodeAccess (245)
[2018.01.18-16.38.27:689][260]LogModuleManager: Shutting down and abandoning module HotReload (244)
[2018.01.18-16.38.27:689][260]LogDirectoryWatcher: A directory notification for 'C:/in/set/main/Binaries/Win64' was aborted.
[2018.01.18-16.38.27:689][260]LogModuleManager: Shutting down and abandoning module VisualStudioCodeSourceCodeAccess (241)
[2018.01.18-16.38.27:689][260]LogModuleManager: Shutting down and abandoning module UObjectPlugin (239)
[2018.01.18-16.38.27:689][260]LogModuleManager: Shutting down and abandoning module SubversionSourceControl (237)
[2018.01.18-16.38.27:689][260]LogModuleManager: Shutting down and abandoning module PerforceSourceControl (235)
[2018.01.18-16.38.27:689][260]LogModuleManager: Shutting down and abandoning module SourceControl (234)
[2018.01.18-16.38.27:689][260]LogModuleManager: Shutting down and abandoning module main (231)
[2018.01.18-16.38.27:689][260]LogModuleManager: Shutting down and abandoning module RuntimePhysXCooking (229)
[2018.01.18-16.38.27:689][260]LogModuleManager: Shutting down and abandoning module PhysXVehiclesEditor (227)
[2018.01.18-16.38.27:689][260]LogModuleManager: Shutting down and abandoning module PhysXVehicles (225)
[2018.01.18-16.38.27:689][260]LogModuleManager: Shutting down and abandoning module LocationServicesBPLibrary (223)
[2018.01.18-16.38.27:689][260]LogModuleManager: Shutting down and abandoning module ImmediatePhysicsEditor (221)
[2018.01.18-16.38.27:689][260]LogModuleManager: Shutting down and abandoning module ImmediatePhysics (219)
[2018.01.18-16.38.27:689][260]LogModuleManager: Shutting down and abandoning module UdpMessaging (217)
[2018.01.18-16.38.27:790][260]LogModuleManager: Shutting down and abandoning module TcpMessaging (215)
[2018.01.18-16.38.28:223][260]LogModuleManager: Shutting down and abandoning module GameplayTagsEditor (213)
[2018.01.18-16.38.28:223][260]LogModuleManager: Shutting down and abandoning module FacialAnimation (211)
[2018.01.18-16.38.28:223][260]LogModuleManager: Shutting down and abandoning module AssetManagerEditor (209)
[2018.01.18-16.38.28:223][260]LogModuleManager: Shutting down and abandoning module GraphEditor (208)
[2018.01.18-16.38.28:223][260]LogModuleManager: Shutting down and abandoning module ContentBrowser (206)
[2018.01.18-16.38.28:223][260]LogModuleManager: Shutting down and abandoning module CollectionManager (205)
[2018.01.18-16.38.28:223][260]LogDirectoryWatcher: A directory notification for 'C:/in/set/main/Content/Collections/' was aborted.
[2018.01.18-16.38.28:223][260]LogDirectoryWatcher: A directory notification for 'C:/in/set/main/Content/Developers/oner/Collections/' was aborted.
[2018.01.18-16.38.28:223][260]LogDirectoryWatcher: A directory notification for 'C:/in/set/main/Saved/Collections/' was aborted.
[2018.01.18-16.38.28:223][260]LogModuleManager: Shutting down and abandoning module DirectoryWatcher (204)
[2018.01.18-16.38.28:224][260]LogModuleManager: Shutting down and abandoning module LightPropagationVolumeRuntime (199)
[2018.01.18-16.38.28:224][260]LogModuleManager: Shutting down and abandoning module Paper2D (197)
[2018.01.18-16.38.28:224][260]LogModuleManager: Shutting down and abandoning module WindowsMoviePlayer (195)
[2018.01.18-16.38.28:224][260]LogModuleManager: Shutting down and abandoning module WmfMedia (193)
[2018.01.18-16.38.28:225][260]LogModuleManager: Shutting down and abandoning module ImgMedia (191)
[2018.01.18-16.38.28:225][260]LogModuleManager: Shutting down and abandoning module PacketHandler (189)
[2018.01.18-16.38.28:225][260]LogModuleManager: Shutting down and abandoning module ClothingSystemEditor (187)
[2018.01.18-16.38.28:225][260]LogModuleManager: Shutting down and abandoning module ClothingSystemRuntime (185)
[2018.01.18-16.38.28:225][260]LogModuleManager: Shutting down and abandoning module MediaAssets (183)
[2018.01.18-16.38.28:225][260]LogModuleManager: Shutting down and abandoning module Media (182)
[2018.01.18-16.38.28:230][260]LogModuleManager: Shutting down and abandoning module Overlay (179)
[2018.01.18-16.38.28:230][260]LogModuleManager: Shutting down and abandoning module OverlayEditor (178)
[2018.01.18-16.38.28:230][260]LogModuleManager: Shutting down and abandoning module VREditor (175)
[2018.01.18-16.38.28:230][260]LogModuleManager: Shutting down and abandoning module StringTableEditor (173)
[2018.01.18-16.38.28:230][260]LogModuleManager: Shutting down and abandoning module GameplayTasksEditor (171)
[2018.01.18-16.38.28:231][260]LogModuleManager: Shutting down and abandoning module BehaviorTreeEditor (169)
[2018.01.18-16.38.28:231][260]LogModuleManager: Shutting down and abandoning module FunctionalTesting (167)
[2018.01.18-16.38.28:231][260]LogModuleManager: Shutting down and abandoning module CollisionAnalyzer (165)
[2018.01.18-16.38.28:231][260]LogModuleManager: Shutting down and abandoning module WorkspaceMenuStructure (164)
[2018.01.18-16.38.28:231][260]LogModuleManager: Shutting down and abandoning module UMG (161)
[2018.01.18-16.38.28:231][260]LogModuleManager: Shutting down and abandoning module UMGEditor (160)
[2018.01.18-16.38.28:231][260]LogModuleManager: Shutting down and abandoning module Sequencer (159)
[2018.01.18-16.38.28:231][260]LogModuleManager: Shutting down and abandoning module MessageLog (156)
[2018.01.18-16.38.28:231][260]LogModuleManager: Shutting down and abandoning module SlateReflector (151)
[2018.01.18-16.38.28:231][260]LogModuleManager: Shutting down and abandoning module Slate (149)
[2018.01.18-16.38.28:231][260]LogModuleManager: Shutting down and abandoning module EditorStyle (147)
[2018.01.18-16.38.28:233][260]LogModuleManager: Shutting down and abandoning module MRMesh (145)
[2018.01.18-16.38.28:233][260]LogModuleManager: Shutting down and abandoning module Messaging (143)
[2018.01.18-16.38.28:233][260]LogModuleManager: Shutting down and abandoning module SourceCodeAccess (141)
[2018.01.18-16.38.28:233][260]LogModuleManager: Shutting down and abandoning module HeadMountedDisplay (139)
[2018.01.18-16.38.28:233][260]LogModuleManager: Shutting down and abandoning module XAudio2 (137)
[2018.01.18-16.38.28:233][260]LogModuleManager: Shutting down and abandoning module Networking (135)
[2018.01.18-16.38.28:233][260]LogModuleManager: Shutting down and abandoning module Core (133)
[2018.01.18-16.38.28:233][260]LogModuleManager: Shutting down and abandoning module LevelSequence (131)
[2018.01.18-16.38.28:233][260]LogModuleManager: Shutting down and abandoning module KismetCompiler (129)
[2018.01.18-16.38.28:233][260]LogModuleManager: Shutting down and abandoning module MeshUtilities (127)
[2018.01.18-16.38.28:233][260]LogModuleManager: Shutting down and abandoning module MeshMergeUtilities (126)
[2018.01.18-16.38.28:233][260]LogModuleManager: Shutting down and abandoning module MeshReductionInterface (125)
[2018.01.18-16.38.28:233][260]LogModuleManager: Shutting down and abandoning module SimplygonSwarm (124)
[2018.01.18-16.38.28:233][260]LogModuleManager: Shutting down and abandoning module SimplygonMeshReduction (122)
[2018.01.18-16.38.28:233][260]LogModuleManager: Shutting down and abandoning module QuadricMeshReduction (120)
[2018.01.18-16.38.28:233][260]LogModuleManager: Shutting down and abandoning module MaterialBaking (116)
[2018.01.18-16.38.28:233][260]LogModuleManager: Shutting down and abandoning module DerivedDataCache (111)
[2018.01.18-16.38.28:318][260]LogDerivedDataCache: Shutdown
[2018.01.18-16.38.28:318][260]LogModuleManager: Shutting down and abandoning module TargetPlatform (109)
[2018.01.18-16.38.28:319][260]LogModuleManager: Shutting down and abandoning module VulkanShaderFormat (108)
[2018.01.18-16.38.28:319][260]LogModuleManager: Shutting down and abandoning module ShaderFormatVectorVM (106)
[2018.01.18-16.38.28:319][260]LogModuleManager: Shutting down and abandoning module ShaderFormatOpenGL (104)
[2018.01.18-16.38.28:319][260]LogModuleManager: Shutting down and abandoning module ShaderFormatD3D (102)
[2018.01.18-16.38.28:319][260]LogModuleManager: Shutting down and abandoning module MetalShaderFormat (100)
[2018.01.18-16.38.28:319][260]LogModuleManager: Shutting down and abandoning module TextureFormatUncompressed (98)
[2018.01.18-16.38.28:319][260]LogModuleManager: Shutting down and abandoning module TextureFormatPVR (96)
[2018.01.18-16.38.28:319][260]LogModuleManager: Shutting down and abandoning module TextureFormatDXT (94)
[2018.01.18-16.38.28:319][260]LogModuleManager: Shutting down and abandoning module TextureFormatIntelISPCTexComp (92)
[2018.01.18-16.38.28:319][260]LogModuleManager: Shutting down and abandoning module TextureFormatASTC (90)
[2018.01.18-16.38.28:319][260]LogModuleManager: Shutting down and abandoning module ImageWrapper (89)
[2018.01.18-16.38.28:319][260]LogModuleManager: Shutting down and abandoning module TextureFormatAndroid (86)
[2018.01.18-16.38.28:319][260]LogModuleManager: Shutting down and abandoning module AudioFormatOpus (84)
[2018.01.18-16.38.28:319][260]LogModuleManager: Shutting down and abandoning module AudioFormatOgg (82)
[2018.01.18-16.38.28:319][260]LogModuleManager: Shutting down and abandoning module AudioFormatADPCM (80)
[2018.01.18-16.38.28:319][260]LogModuleManager: Shutting down and abandoning module WindowsTargetPlatform (78)
[2018.01.18-16.38.28:319][260]LogModuleManager: Shutting down and abandoning module WindowsServerTargetPlatform (76)
[2018.01.18-16.38.28:319][260]LogModuleManager: Shutting down and abandoning module WindowsNoEditorTargetPlatform (74)
[2018.01.18-16.38.28:319][260]LogModuleManager: Shutting down and abandoning module WindowsClientTargetPlatform (72)
[2018.01.18-16.38.28:319][260]LogModuleManager: Shutting down and abandoning module InputCore (69)
[2018.01.18-16.38.28:319][260]LogModuleManager: Shutting down and abandoning module Settings (67)
[2018.01.18-16.38.28:319][260]LogModuleManager: Shutting down and abandoning module PhysXCooking (65)
[2018.01.18-16.38.28:319][260]LogModuleManager: Shutting down and abandoning module SteamVR (63)
[2018.01.18-16.38.28:319][260]LogModuleManager: Shutting down and abandoning module OculusHMD (61)
[2018.01.18-16.38.28:319][260]LogModuleManager: Shutting down and abandoning module ExampleDeviceProfileSelector (59)
[2018.01.18-16.38.28:319][260]LogModuleManager: Shutting down and abandoning module AppleARKit (57)
[2018.01.18-16.38.28:319][260]LogModuleManager: Shutting down and abandoning module AugmentedReality (56)
[2018.01.18-16.38.28:319][260]LogModuleManager: Shutting down and abandoning module OnlineBlueprintSupport (53)
[2018.01.18-16.38.28:319][260]LogModuleManager: Shutting down and abandoning module OnlineSubsystem (49)
[2018.01.18-16.38.28:319][260]LogOnline: Display: OSS: FOnlineSubsystemNull::Shutdown()
[2018.01.18-16.38.28:319][260]LogOnline: Display: OSS: FOnlineAsyncTaskManager::Stop() ActiveTask:0000000000000000 Tasks[0/0]
[2018.01.18-16.38.28:320][260]LogOnline: Display: OSS: FOnlineAsyncTaskManager::Exit() started
[2018.01.18-16.38.28:320][260]LogOnline: Display: OSS: FOnlineAsyncTaskManager::Exit() finished
[2018.01.18-16.38.28:320][260]LogModuleManager: Shutting down and abandoning module XMPP (43)
[2018.01.18-16.38.28:320][260]LogModuleManager: Shutting down and abandoning module HTTP (41)
[2018.01.18-16.38.28:336][260]LogModuleManager: Shutting down and abandoning module SSL (40)
[2018.01.18-16.38.28:337][260]LogModuleManager: Shutting down and abandoning module AnimationModifiers (36)
[2018.01.18-16.38.28:337][260]LogModuleManager: Shutting down and abandoning module PropertyEditor (35)
[2018.01.18-16.38.28:337][260]LogModuleManager: Shutting down and abandoning module AudioEditor (32)
[2018.01.18-16.38.28:337][260]LogModuleManager: Shutting down and abandoning module TextureCompressor (30)
[2018.01.18-16.38.28:337][260]LogModuleManager: Shutting down and abandoning module ShaderCore (28)
[2018.01.18-16.38.28:337][260]LogModuleManager: Shutting down and abandoning module Landscape (26)
[2018.01.18-16.38.28:337][260]LogModuleManager: Shutting down and abandoning module SlateRHIRenderer (24)
[2018.01.18-16.38.28:340][260]LogModuleManager: Shutting down and abandoning module OpenGLDrv (22)
[2018.01.18-16.38.28:340][260]LogModuleManager: Shutting down and abandoning module D3D11RHI (20)
[2018.01.18-16.38.28:340][260]LogModuleManager: Shutting down and abandoning module AnimGraphRuntime (18)
[2018.01.18-16.38.28:340][260]LogModuleManager: Shutting down and abandoning module Renderer (16)
[2018.01.18-16.38.28:340][260]LogModuleManager: Shutting down and abandoning module Engine (14)
[2018.01.18-16.38.28:340][260]LogModuleManager: Shutting down and abandoning module CoreUObject (12)
[2018.01.18-16.38.28:340][260]LogModuleManager: Shutting down and abandoning module NetworkFile (10)
[2018.01.18-16.38.28:340][260]LogModuleManager: Shutting down and abandoning module CookedIterativeFile (8)
[2018.01.18-16.38.28:340][260]LogModuleManager: Shutting down and abandoning module StreamingFile (6)
[2018.01.18-16.38.28:340][260]LogModuleManager: Shutting down and abandoning module SandboxFile (4)
[2018.01.18-16.38.28:340][260]LogModuleManager: Shutting down and abandoning module PakFile (2)
[2018.01.18-16.38.28:343][260]LogExit: Exiting.
[2018.01.18-16.38.28:344][260]Log file closed, 01/19/18 01:38:28
