Log file open, 01/19/18 03:34:14
LogWindows: Failed to load 'aqProf.dll' (GetLastError=126)
LogWindows: File 'aqProf.dll' does not exist
LogWindows: Failed to load 'VSPerf140.dll' (GetLastError=126)
LogWindows: File 'VSPerf140.dll' does not exist
LogWindows: Failed to load 'VtuneApi.dll' (GetLastError=126)
LogWindows: File 'VtuneApi.dll' does not exist
LogWindows: Failed to load 'VtuneApi32e.dll' (GetLastError=126)
LogWindows: File 'VtuneApi32e.dll' does not exist
LogInit: Display: Running engine for game: main
LogPlatformFile: Not using cached read wrapper
LogInit: Display: RandInit(-1893825421) SRandInit(-1893825421).
LogInit: Read version file with build ID '3709383'
LogInit: Overriding engine version to CL 3794801, compatible CL 3709383
LogInit: Registered custom module enumerator with build ID '3709383'
LogTaskGraph: Started task graph with 5 named threads and 14 total threads with 3 sets of task threads.
LogStats: Stats thread started at 0.268239
LogD3D11RHI: Aftermath initialized
LogPluginManager: Mounting plugin Paper2D
LogPluginManager: Mounting plugin LightPropagationVolume
LogPluginManager: Mounting plugin CodeLiteSourceCodeAccess
LogPluginManager: Mounting plugin GitSourceControl
LogPluginManager: Mounting plugin KDevelopSourceCodeAccess
LogPluginManager: Mounting plugin NullSourceCodeAccess
LogPluginManager: Mounting plugin PerforceSourceControl
LogPluginManager: Mounting plugin SubversionSourceControl
LogPluginManager: Mounting plugin UObjectPlugin
LogPluginManager: Mounting plugin VisualStudioCodeSourceCodeAccess
LogPluginManager: Mounting plugin VisualStudioSourceCodeAccess
LogPluginManager: Mounting plugin XCodeSourceCodeAccess
LogPluginManager: Mounting plugin AssetManagerEditor
LogPluginManager: Mounting plugin AudioCapture
LogPluginManager: Mounting plugin FacialAnimation
LogPluginManager: Mounting plugin GameplayTagsEditor
LogPluginManager: Mounting plugin MobileLauncherProfileWizard
LogPluginManager: Mounting plugin PluginBrowser
LogPluginManager: Mounting plugin SpeedTreeImporter
LogPluginManager: Mounting plugin AlembicImporter
LogPluginManager: Mounting plugin CharacterAI
LogPluginManager: Mounting plugin HTML5Networking
LogPluginManager: Mounting plugin AndroidMedia
LogPluginManager: Mounting plugin AvfMedia
LogPluginManager: Mounting plugin ImgMedia
LogPluginManager: Mounting plugin MediaCompositing
LogPluginManager: Mounting plugin MediaPlayerEditor
LogPluginManager: Mounting plugin WmfMedia
LogPluginManager: Mounting plugin TcpMessaging
LogPluginManager: Mounting plugin UdpMessaging
LogPluginManager: Mounting plugin ActorSequence
LogPluginManager: Mounting plugin LevelSequenceEditor
LogPluginManager: Mounting plugin MatineeToLevelSequence
LogPluginManager: Mounting plugin OnlineSubsystemGooglePlay
LogPluginManager: Mounting plugin OnlineSubsystemIOS
LogPluginManager: Mounting plugin OnlineSubsystem
LogPluginManager: Mounting plugin OnlineSubsystemNull
LogPluginManager: Mounting plugin OnlineSubsystemUtils
LogPluginManager: Mounting plugin AndroidDeviceProfileSelector
LogPluginManager: Mounting plugin AndroidMoviePlayer
LogPluginManager: Mounting plugin AndroidPermission
LogPluginManager: Mounting plugin AppleARKit
LogPluginManager: Mounting plugin AppleMoviePlayer
LogPluginManager: Mounting plugin ArchVisCharacter
LogPluginManager: Mounting plugin CableComponent
LogPluginManager: Mounting plugin CustomMeshComponent
LogPluginManager: Mounting plugin ExampleDeviceProfileSelector
LogPluginManager: Mounting plugin GoogleCloudMessaging
LogPluginManager: Mounting plugin ImmediatePhysics
LogPluginManager: Mounting plugin IOSDeviceProfileSelector
LogPluginManager: Mounting plugin LinuxDeviceProfileSelector
LogPluginManager: Mounting plugin LocationServicesBPLibrary
LogPluginManager: Mounting plugin MobilePatchingUtils
LogPluginManager: Mounting plugin OculusVR
LogPluginManager: Plugin shader directory ../../../Engine/Plugins/Runtime/Oculus/OculusVR/Shaders found
LogPluginManager: Mapping shader source directory ../../../Engine/Plugins/Runtime/Oculus/OculusVR/Shaders to virtual directory /Plugin/OculusVR
LogPluginManager: Mounting plugin PhysXVehicles
LogPluginManager: Mounting plugin ProceduralMeshComponent
LogPluginManager: Mounting plugin RuntimePhysXCooking
LogPluginManager: Mounting plugin SteamVR
LogPluginManager: Mounting plugin WindowsMoviePlayer
LogModuleManager: Display: Found up-to-date module file ../../../../../../in/set/main/Binaries/Win64/UE4Editor-main.dll (API version 3709383).
LogModuleManager: Display: Found up-to-date module file ../../../Engine/Plugins/2D/Paper2D/Binaries/Win64/UE4Editor-Paper2D.dll (API version 3709383).
LogModuleManager: Display: Found up-to-date module file ../../../Engine/Plugins/2D/Paper2D/Binaries/Win64/UE4Editor-Paper2DEditor.dll (API version 3709383).
LogModuleManager: Display: Found up-to-date module file ../../../Engine/Plugins/2D/Paper2D/Binaries/Win64/UE4Editor-PaperSpriteSheetImporter.dll (API version 3709383).
LogModuleManager: Display: Found up-to-date module file ../../../Engine/Plugins/2D/Paper2D/Binaries/Win64/UE4Editor-PaperTiledImporter.dll (API version 3709383).
LogModuleManager: Display: Found up-to-date module file ../../../Engine/Plugins/2D/Paper2D/Binaries/Win64/UE4Editor-SmartSnapping.dll (API version 3709383).
LogModuleManager: Display: Found up-to-date module file ../../../Engine/Plugins/Blendables/LightPropagationVolume/Binaries/Win64/UE4Editor-LightPropagationVolumeRuntime.dll (API version 3709383).
LogModuleManager: Display: Found up-to-date module file ../../../Engine/Plugins/Blendables/LightPropagationVolume/Binaries/Win64/UE4Editor-LightPropagationVolumeEditor.dll (API version 3709383).
LogModuleManager: Display: Found up-to-date module file ../../../Engine/Plugins/Developer/GitSourceControl/Binaries/Win64/UE4Editor-GitSourceControl.dll (API version 3709383).
LogModuleManager: Display: Found up-to-date module file ../../../Engine/Plugins/Developer/PerforceSourceControl/Binaries/Win64/UE4Editor-PerforceSourceControl.dll (API version 3709383).
LogModuleManager: Display: Found up-to-date module file ../../../Engine/Plugins/Developer/SubversionSourceControl/Binaries/Win64/UE4Editor-SubversionSourceControl.dll (API version 3709383).
LogModuleManager: Display: Found up-to-date module file ../../../Engine/Plugins/Developer/UObjectPlugin/Binaries/Win64/UE4Editor-UObjectPlugin.dll (API version 3709383).
LogModuleManager: Display: Found up-to-date module file ../../../Engine/Plugins/Developer/VisualStudioCodeSourceCodeAccess/Binaries/Win64/UE4Editor-VisualStudioCodeSourceCodeAccess.dll (API version 3709383).
LogModuleManager: Display: Found up-to-date module file ../../../Engine/Plugins/Developer/VisualStudioSourceCodeAccess/Binaries/Win64/UE4Editor-VisualStudioSourceCodeAccess.dll (API version 3709383).
LogModuleManager: Display: Found up-to-date module file ../../../Engine/Plugins/Editor/AssetManagerEditor/Binaries/Win64/UE4Editor-AssetManagerEditor.dll (API version 3709383).
LogModuleManager: Display: Found up-to-date module file ../../../Engine/Plugins/Editor/AudioCapture/Binaries/Win64/UE4Editor-AudioCapture.dll (API version 3709383).
LogModuleManager: Display: Found up-to-date module file ../../../Engine/Plugins/Editor/FacialAnimation/Binaries/Win64/UE4Editor-FacialAnimation.dll (API version 3709383).
LogModuleManager: Display: Found up-to-date module file ../../../Engine/Plugins/Editor/FacialAnimation/Binaries/Win64/UE4Editor-FacialAnimationEditor.dll (API version 3709383).
LogModuleManager: Display: Found up-to-date module file ../../../Engine/Plugins/Editor/GameplayTagsEditor/Binaries/Win64/UE4Editor-GameplayTagsEditor.dll (API version 3709383).
LogModuleManager: Display: Found up-to-date module file ../../../Engine/Plugins/Editor/MobileLauncherProfileWizard/Binaries/Win64/UE4Editor-MobileLauncherProfileWizard.dll (API version 3709383).
LogModuleManager: Display: Found up-to-date module file ../../../Engine/Plugins/Editor/PluginBrowser/Binaries/Win64/UE4Editor-PluginBrowser.dll (API version 3709383).
LogModuleManager: Display: Found up-to-date module file ../../../Engine/Plugins/Editor/SpeedTreeImporter/Binaries/Win64/UE4Editor-SpeedTreeImporter.dll (API version 3709383).
LogModuleManager: Display: Found up-to-date module file ../../../Engine/Plugins/Experimental/AlembicImporter/Binaries/Win64/UE4Editor-AlembicImporter.dll (API version 3709383).
LogModuleManager: Display: Found up-to-date module file ../../../Engine/Plugins/Experimental/AlembicImporter/Binaries/Win64/UE4Editor-AlembicLibrary.dll (API version 3709383).
LogModuleManager: Display: Found up-to-date module file ../../../Engine/Plugins/Experimental/CharacterAI/Binaries/Win64/UE4Editor-CharacterAI.dll (API version 3709383).
LogModuleManager: Display: Found up-to-date module file ../../../Engine/Plugins/Experimental/HTML5Networking/Binaries/Win64/UE4Editor-HTML5Networking.dll (API version 3709383).
LogModuleManager: Display: Found up-to-date module file ../../../Engine/Plugins/Media/AndroidMedia/Binaries/Win64/UE4Editor-AndroidMediaEditor.dll (API version 3709383).
LogModuleManager: Display: Found up-to-date module file ../../../Engine/Plugins/Media/AndroidMedia/Binaries/Win64/UE4Editor-AndroidMediaFactory.dll (API version 3709383).
LogModuleManager: Display: Found up-to-date module file ../../../Engine/Plugins/Media/AvfMedia/Binaries/Win64/UE4Editor-AvfMediaEditor.dll (API version 3709383).
LogModuleManager: Display: Found up-to-date module file ../../../Engine/Plugins/Media/AvfMedia/Binaries/Win64/UE4Editor-AvfMediaFactory.dll (API version 3709383).
LogModuleManager: Display: Found up-to-date module file ../../../Engine/Plugins/Media/AvfMedia/Binaries/Win64/UE4Editor-AvfMediaFactory.dll (API version 3709383).
LogModuleManager: Display: Found up-to-date module file ../../../Engine/Plugins/Media/ImgMedia/Binaries/Win64/UE4Editor-ImgMedia.dll (API version 3709383).
LogModuleManager: Display: Found up-to-date module file ../../../Engine/Plugins/Media/ImgMedia/Binaries/Win64/UE4Editor-ImgMediaEditor.dll (API version 3709383).
LogModuleManager: Display: Found up-to-date module file ../../../Engine/Plugins/Media/ImgMedia/Binaries/Win64/UE4Editor-ImgMediaFactory.dll (API version 3709383).
LogModuleManager: Display: Found up-to-date module file ../../../Engine/Plugins/Media/ImgMedia/Binaries/Win64/UE4Editor-ImgMediaFactory.dll (API version 3709383).
LogModuleManager: Display: Found up-to-date module file ../../../Engine/Plugins/Media/ImgMedia/Binaries/Win64/UE4Editor-OpenExrWrapper.dll (API version 3709383).
LogModuleManager: Display: Found up-to-date module file ../../../Engine/Plugins/Media/MediaCompositing/Binaries/Win64/UE4Editor-MediaCompositing.dll (API version 3709383).
LogModuleManager: Display: Found up-to-date module file ../../../Engine/Plugins/Media/MediaCompositing/Binaries/Win64/UE4Editor-MediaCompositingEditor.dll (API version 3709383).
LogModuleManager: Display: Found up-to-date module file ../../../Engine/Plugins/Media/MediaPlayerEditor/Binaries/Win64/UE4Editor-MediaPlayerEditor.dll (API version 3709383).
LogModuleManager: Display: Found up-to-date module file ../../../Engine/Plugins/Media/WmfMedia/Binaries/Win64/UE4Editor-WmfMedia.dll (API version 3709383).
LogModuleManager: Display: Found up-to-date module file ../../../Engine/Plugins/Media/WmfMedia/Binaries/Win64/UE4Editor-WmfMediaEditor.dll (API version 3709383).
LogModuleManager: Display: Found up-to-date module file ../../../Engine/Plugins/Media/WmfMedia/Binaries/Win64/UE4Editor-WmfMediaFactory.dll (API version 3709383).
LogModuleManager: Display: Found up-to-date module file ../../../Engine/Plugins/Media/WmfMedia/Binaries/Win64/UE4Editor-WmfMediaFactory.dll (API version 3709383).
LogModuleManager: Display: Found up-to-date module file ../../../Engine/Plugins/Messaging/TcpMessaging/Binaries/Win64/UE4Editor-TcpMessaging.dll (API version 3709383).
LogModuleManager: Display: Found up-to-date module file ../../../Engine/Plugins/Messaging/UdpMessaging/Binaries/Win64/UE4Editor-UdpMessaging.dll (API version 3709383).
LogModuleManager: Display: Found up-to-date module file ../../../Engine/Plugins/MovieScene/ActorSequence/Binaries/Win64/UE4Editor-ActorSequence.dll (API version 3709383).
LogModuleManager: Display: Found up-to-date module file ../../../Engine/Plugins/MovieScene/LevelSequenceEditor/Binaries/Win64/UE4Editor-LevelSequenceEditor.dll (API version 3709383).
LogModuleManager: Display: Found up-to-date module file ../../../Engine/Plugins/MovieScene/MatineeToLevelSequence/Binaries/Win64/UE4Editor-MatineeToLevelSequence.dll (API version 3709383).
LogModuleManager: Display: Found up-to-date module file ../../../Engine/Plugins/Online/OnlineSubsystem/Binaries/Win64/UE4Editor-OnlineSubsystem.dll (API version 3709383).
LogModuleManager: Display: Found up-to-date module file ../../../Engine/Plugins/Online/OnlineSubsystemNull/Binaries/Win64/UE4Editor-OnlineSubsystemNull.dll (API version 3709383).
LogModuleManager: Display: Found up-to-date module file ../../../Engine/Plugins/Online/OnlineSubsystemUtils/Binaries/Win64/UE4Editor-OnlineSubsystemUtils.dll (API version 3709383).
LogModuleManager: Display: Found up-to-date module file ../../../Engine/Plugins/Online/OnlineSubsystemUtils/Binaries/Win64/UE4Editor-OnlineBlueprintSupport.dll (API version 3709383).
LogModuleManager: Display: Found up-to-date module file ../../../Engine/Plugins/Runtime/AndroidDeviceProfileSelector/Binaries/Win64/UE4Editor-AndroidDeviceProfileSelector.dll (API version 3709383).
LogModuleManager: Display: Found up-to-date module file ../../../Engine/Plugins/Runtime/AndroidPermission/Binaries/Win64/UE4Editor-AndroidPermission.dll (API version 3709383).
LogModuleManager: Display: Found up-to-date module file ../../../Engine/Plugins/Runtime/AppleARKit/Binaries/Win64/UE4Editor-AppleARKit.dll (API version 3709383).
LogModuleManager: Display: Found up-to-date module file ../../../Engine/Plugins/Runtime/ArchVisCharacter/Binaries/Win64/UE4Editor-ArchVisCharacter.dll (API version 3709383).
LogModuleManager: Display: Found up-to-date module file ../../../Engine/Plugins/Runtime/CableComponent/Binaries/Win64/UE4Editor-CableComponent.dll (API version 3709383).
LogModuleManager: Display: Found up-to-date module file ../../../Engine/Plugins/Runtime/CustomMeshComponent/Binaries/Win64/UE4Editor-CustomMeshComponent.dll (API version 3709383).
LogModuleManager: Display: Found up-to-date module file ../../../Engine/Plugins/Runtime/ExampleDeviceProfileSelector/Binaries/Win64/UE4Editor-ExampleDeviceProfileSelector.dll (API version 3709383).
LogModuleManager: Display: Found up-to-date module file ../../../Engine/Plugins/Runtime/ImmediatePhysics/Binaries/Win64/UE4Editor-ImmediatePhysics.dll (API version 3709383).
LogModuleManager: Display: Found up-to-date module file ../../../Engine/Plugins/Runtime/ImmediatePhysics/Binaries/Win64/UE4Editor-ImmediatePhysicsEditor.dll (API version 3709383).
LogModuleManager: Display: Found up-to-date module file ../../../Engine/Plugins/Runtime/LocationServicesBPLibrary/Binaries/Win64/UE4Editor-LocationServicesBPLibrary.dll (API version 3709383).
LogModuleManager: Display: Found up-to-date module file ../../../Engine/Plugins/Runtime/MobilePatchingUtils/Binaries/Win64/UE4Editor-MobilePatchingUtils.dll (API version 3709383).
LogModuleManager: Display: Found up-to-date module file ../../../Engine/Plugins/Runtime/Oculus/OculusVR/Binaries/Win64/UE4Editor-OculusHMD.dll (API version 3709383).
LogModuleManager: Display: Found up-to-date module file ../../../Engine/Plugins/Runtime/Oculus/OculusVR/Binaries/Win64/UE4Editor-OculusInput.dll (API version 3709383).
LogModuleManager: Display: Found up-to-date module file ../../../Engine/Plugins/Runtime/Oculus/OculusVR/Binaries/Win64/UE4Editor-OculusEditor.dll (API version 3709383).
LogModuleManager: Display: Found up-to-date module file ../../../Engine/Plugins/Runtime/PhysXVehicles/Binaries/Win64/UE4Editor-PhysXVehicles.dll (API version 3709383).
LogModuleManager: Display: Found up-to-date module file ../../../Engine/Plugins/Runtime/PhysXVehicles/Binaries/Win64/UE4Editor-PhysXVehiclesEditor.dll (API version 3709383).
LogModuleManager: Display: Found up-to-date module file ../../../Engine/Plugins/Runtime/ProceduralMeshComponent/Binaries/Win64/UE4Editor-ProceduralMeshComponent.dll (API version 3709383).
LogModuleManager: Display: Found up-to-date module file ../../../Engine/Plugins/Runtime/ProceduralMeshComponent/Binaries/Win64/UE4Editor-ProceduralMeshComponentEditor.dll (API version 3709383).
LogModuleManager: Display: Found up-to-date module file ../../../Engine/Plugins/Runtime/RuntimePhysXCooking/Binaries/Win64/UE4Editor-RuntimePhysXCooking.dll (API version 3709383).
LogModuleManager: Display: Found up-to-date module file ../../../Engine/Plugins/Runtime/Steam/SteamVR/Binaries/Win64/UE4Editor-SteamVR.dll (API version 3709383).
LogModuleManager: Display: Found up-to-date module file ../../../Engine/Plugins/Runtime/Steam/SteamVR/Binaries/Win64/UE4Editor-SteamVRController.dll (API version 3709383).
LogModuleManager: Display: Found up-to-date module file ../../../Engine/Plugins/Runtime/WindowsMoviePlayer/Binaries/Win64/UE4Editor-WindowsMoviePlayer.dll (API version 3709383).
LogInit: Using libcurl 7.47.1
LogInit:  - built for x86_64-pc-win32
LogInit:  - supports SSL with OpenSSL/1.0.2g
LogInit:  - supports HTTP deflate (compression) using libz 1.2.8
LogInit:  - other features:
LogInit:      CURL_VERSION_SSL
LogInit:      CURL_VERSION_LIBZ
LogInit:      CURL_VERSION_IPV6
LogInit:      CURL_VERSION_ASYNCHDNS
LogInit:      CURL_VERSION_LARGEFILE
LogInit:      CURL_VERSION_IDN
LogInit:  CurlRequestOptions (configurable via config and command line):
LogInit:  - bVerifyPeer = false  - Libcurl will NOT verify peer certificate
LogInit:  - bUseHttpProxy = false  - Libcurl will NOT use HTTP proxy
LogInit:  - bDontReuseConnections = false  - Libcurl will reuse connections
LogInit:  - CertBundlePath = nullptr  - Libcurl will use whatever was configured at build time.
LogModuleManager: Warning: No filename provided for module OnlineSubsystemSteam
LogModuleManager: Warning: ModuleManager: Unable to load module 'OnlineSubsystemSteam' because the file 'C:/Program Files/Epic Games/UE_4.18/Engine/Binaries/Win64/' was not found.
LogInit: WinSock: version 1.1 (2.2), MaxSocks=32767, MaxUdp=65467
LogInit: Build: ++UE4+Release-4.18-CL-3794801
LogInit: Engine Version: 4.18.2-3794801+++UE4+Release-4.18
LogInit: Compatible Engine Version: 4.18.0-3709383+++UE4+Release-4.18
LogInit: Net CL: 3709383
LogDevObjectVersion: Number of dev versions registered: 16
LogDevObjectVersion:   Dev-Blueprints (B0D832E4-1F89-4F0D-ACCF-7EB736FD4AA2): 10
LogDevObjectVersion:   Dev-Build (E1C64328-A22C-4D53-A36C-8E866417BD8C): 0
LogDevObjectVersion:   Dev-Core (375EC13C-06E4-48FB-B500-84F0262A717E): 2
LogDevObjectVersion:   Dev-Editor (E4B068ED-F494-42E9-A231-DA0B2E46BB41): 20
LogDevObjectVersion:   Dev-Framework (CFFC743F-43B0-4480-9391-14DF171D2073): 30
LogDevObjectVersion:   Dev-Mobile (B02B49B5-BB20-44E9-A304-32B752E40360): 0
LogDevObjectVersion:   Dev-Networking (A4E4105C-59A1-49B5-A7C5-40C4547EDFEE): 0
LogDevObjectVersion:   Dev-Online (39C831C9-5AE6-47DC-9A44-9C173E1C8E7C): 0
LogDevObjectVersion:   Dev-Physics (78F01B33-EBEA-4F98-B9B4-84EACCB95AA2): 0
LogDevObjectVersion:   Dev-Platform (6631380F-2D4D-43E0-8009-CF276956A95A): 0
LogDevObjectVersion:   Dev-Rendering (12F88B9F-8875-4AFC-A67C-D90C383ABD29): 20
LogDevObjectVersion:   Dev-Sequencer (7B5AE74C-D270-4C10-A958-57980B212A5A): 4
LogDevObjectVersion:   Dev-VR (D7296918-1DD6-4BDD-9DE2-64A83CC13884): 0
LogDevObjectVersion:   Dev-LoadTimes (C2A15278-BFE7-4AFE-6C17-90FF531DF755): 1
LogDevObjectVersion:   Private-Geometry (6EACA3D4-40EC-4CC1-B786-8BED09428FC5): 1
LogDevObjectVersion:   Dev-AnimPhys (29E575DD-E0A3-4627-9D10-D276232CDCEA): 12
LogInit: Compiled (64-bit): Dec  8 2017 02:04:53
LogInit: Compiled with Visual C++: 19.00.24215.01
LogInit: Build Configuration: Development
LogInit: Branch Name: ++UE4+Release-4.18
LogInit: Command line:  
LogInit: Base directory: C:/Program Files/Epic Games/UE_4.18/Engine/Binaries/Win64/
LogInit: Installed Engine Build: 1
LogInit: Presizing for max 8388607 objects, including 0 objects not considered by GC, pre-allocating 0 bytes for permanent pool.
LogInit: Object subsystem initialized
[2018.01.18-18.34.20:460][  0]LogInit: Selected Device Profile: [Windows]
[2018.01.18-18.34.20:460][  0]LogInit: Applying CVar settings loaded from the selected device profile: [Windows]
[2018.01.18-18.34.20:491][  0]LogInit: Computer: DESKTOP-FRCQVUI
[2018.01.18-18.34.20:491][  0]LogInit: User: oner
[2018.01.18-18.34.20:491][  0]LogInit: CPU Page size=4096, Cores=4
[2018.01.18-18.34.20:491][  0]LogInit: High frequency timer resolution =2.630632 MHz
[2018.01.18-18.34.20:491][  0]LogMemory: Memory total: Physical=7.9GB (8GB approx)
[2018.01.18-18.34.20:491][  0]LogMemory: Platform Memory Stats for Windows
[2018.01.18-18.34.20:491][  0]LogMemory: Process Physical Memory: 275.69 MB used, 275.69 MB peak
[2018.01.18-18.34.20:491][  0]LogMemory: Process Virtual Memory: 265.92 MB used, 265.92 MB peak
[2018.01.18-18.34.20:491][  0]LogMemory: Physical Memory: 6131.57 MB used,  1949.18 MB free, 8080.75 MB total
[2018.01.18-18.34.20:491][  0]LogMemory: Virtual Memory: 675.18 MB used,  1949.18 MB free, 134217728.00 MB total
[2018.01.18-18.34.21:081][  0]LogInit: Using OS detected language (ko-KR).
[2018.01.18-18.34.21:082][  0]LogInit: Using OS detected locale (ko-KR).
[2018.01.18-18.34.21:092][  0]LogTextLocalizationManager: No specific localization for 'ko-KR' exists, so the 'ko' localization will be used.
[2018.01.18-18.34.21:659][  0]LogInit: Setting process to per monitor DPI aware
[2018.01.18-18.34.22:573][  0]LogD3D11RHI: D3D11 adapters:
[2018.01.18-18.34.22:674][  0]LogD3D11RHI:    0. 'NVIDIA GeForce GTX 970M' (Feature Level 11_0)
[2018.01.18-18.34.22:674][  0]LogD3D11RHI:       3040/0/4040 MB DedicatedVideo/DedicatedSystem/SharedSystem, Outputs:1, VendorId:0x10de
[2018.01.18-18.34.22:687][  0]LogD3D11RHI:    1. 'Intel(R) HD Graphics 5600' (Feature Level 11_0)
[2018.01.18-18.34.22:687][  0]LogD3D11RHI:       128/0/4040 MB DedicatedVideo/DedicatedSystem/SharedSystem, Outputs:0, VendorId:0x8086
[2018.01.18-18.34.22:690][  0]LogD3D11RHI:    2. 'Microsoft Basic Render Driver' (Feature Level 11_0)
[2018.01.18-18.34.22:690][  0]LogD3D11RHI:       0/0/4040 MB DedicatedVideo/DedicatedSystem/SharedSystem, Outputs:0, VendorId:0x1414
[2018.01.18-18.34.22:690][  0]LogD3D11RHI: Chosen D3D11 Adapter: 0
[2018.01.18-18.34.22:706][  0]LogD3D11RHI: Creating new Direct3DDevice
[2018.01.18-18.34.22:706][  0]LogD3D11RHI:     GPU DeviceId: 0x13d8 (for the marketing name, search the web for "GPU Device Id")
[2018.01.18-18.34.22:706][  0]LogWindows: EnumDisplayDevices:
[2018.01.18-18.34.22:706][  0]LogWindows:    0. 'Intel(R) HD Graphics 5600' (P:1 D:1)
[2018.01.18-18.34.22:707][  0]LogWindows:    1. 'Intel(R) HD Graphics 5600' (P:0 D:0)
[2018.01.18-18.34.22:707][  0]LogWindows:    2. 'Intel(R) HD Graphics 5600' (P:0 D:0)
[2018.01.18-18.34.22:707][  0]LogWindows: DebugString: GetVideoDriverDetailsInvalid PrimaryIsNotTheChoosenAdapter GetVideoDriverDetailsInvalid PrimaryIsNotTheChoosenAdapter GetVideoDriverDetailsInvalid PrimaryIsNotTheChoosenAdapter FoundDriverCount:0 
[2018.01.18-18.34.22:707][  0]LogD3D11RHI:     Adapter Name: NVIDIA GeForce GTX 970M
[2018.01.18-18.34.22:707][  0]LogD3D11RHI:   Driver Version: Unknown (internal:Unknown, unified:Unknown)
[2018.01.18-18.34.22:707][  0]LogD3D11RHI:      Driver Date: Unknown
[2018.01.18-18.34.22:707][  0]LogRHI: Texture pool is 2128 MB (70% of 3040 MB)
[2018.01.18-18.34.22:773][  0]LogD3D11RHI: Async texture creation enabled
[2018.01.18-18.34.23:148][  0]LogD3D11RHI: GPU Timing Frequency: 1000.000000 (Debug: 2 1)
[2018.01.18-18.34.23:152][  0]LogShaderCompilers: Guid format shader working directory is 14 characters bigger than the processId version (../../../../../../in/set/main/Intermediate/Shaders/WorkingDirectory/1864/).
[2018.01.18-18.34.23:152][  0]LogShaderCompilers: Cleaned the shader compiler working directory 'C:/Users/강망/AppData/Local/Temp/UnrealShaderWorkingDir/84DFD5BF4CD2ABD2ADE86D949ED44578/'.
[2018.01.18-18.34.23:152][  0]LogShaderCompilers: Display: Using Local Shader Compiler.
[2018.01.18-18.34.26:944][  0]LogTemp: Display: Loaded TP AllDesktopTargetPlatform
[2018.01.18-18.34.27:061][  0]LogTemp: Display: Loaded TP MacClientTargetPlatform
[2018.01.18-18.34.27:194][  0]LogTemp: Display: Loaded TP MacNoEditorTargetPlatform
[2018.01.18-18.34.27:327][  0]LogTemp: Display: Loaded TP MacServerTargetPlatform
[2018.01.18-18.34.27:457][  0]LogTemp: Display: Loaded TP MacTargetPlatform
[2018.01.18-18.34.27:590][  0]LogTemp: Display: Loaded TP WindowsClientTargetPlatform
[2018.01.18-18.34.27:717][  0]LogTemp: Display: Loaded TP WindowsNoEditorTargetPlatform
[2018.01.18-18.34.27:851][  0]LogTemp: Display: Loaded TP WindowsServerTargetPlatform
[2018.01.18-18.34.27:976][  0]LogTemp: Display: Loaded TP WindowsTargetPlatform
[2018.01.18-18.34.28:125][  0]LogTemp: Display: Loaded TP Android_ASTCTargetPlatform
[2018.01.18-18.34.28:261][  0]LogTemp: Display: Loaded TP Android_ATCTargetPlatform
[2018.01.18-18.34.28:402][  0]LogTemp: Display: Loaded TP Android_DXTTargetPlatform
[2018.01.18-18.34.28:521][  0]LogTemp: Display: Loaded TP Android_ETC1TargetPlatform
[2018.01.18-18.34.28:636][  0]LogTemp: Display: Loaded TP Android_ETC2TargetPlatform
[2018.01.18-18.34.28:906][  0]LogTemp: Display: Loaded TP Android_MultiTargetPlatform
[2018.01.18-18.34.28:906][  0]LogTemp: Display: Loaded TP Android_PVRTCTargetPlatform
[2018.01.18-18.34.29:051][  0]LogTemp: Display: Loaded TP AndroidTargetPlatform
[2018.01.18-18.34.29:156][  0]LogTemp: Display: Loaded TP HTML5TargetPlatform
[2018.01.18-18.34.29:376][  0]LogTemp: Display: Loaded TP IOSTargetPlatform
[2018.01.18-18.34.29:449][  0]LogTemp: Display: Loaded TP TVOSTargetPlatform
[2018.01.18-18.34.29:586][  0]LogTemp: Display: Loaded TP LinuxClientTargetPlatform
[2018.01.18-18.34.29:710][  0]LogTemp: Display: Loaded TP LinuxNoEditorTargetPlatform
[2018.01.18-18.34.29:832][  0]LogTemp: Display: Loaded TP LinuxServerTargetPlatform
[2018.01.18-18.34.29:974][  0]LogTemp: Display: Loaded TP LinuxTargetPlatform
[2018.01.18-18.34.29:974][  0]LogTargetPlatformManager: Display: Building Assets For Windows
[2018.01.18-18.34.31:347][  0]LogDerivedDataCache: Display: Max Cache Size: 512 MB
[2018.01.18-18.34.31:559][  0]LogDerivedDataCache: Loaded boot cache 0.21s 94MB C:/Users/강망/AppData/Local/UnrealEngine/4.18/DerivedDataCache/Boot.ddc.
[2018.01.18-18.34.31:559][  0]LogDerivedDataCache: Display: Loaded Boot cache: C:/Users/강망/AppData/Local/UnrealEngine/4.18/DerivedDataCache/Boot.ddc
[2018.01.18-18.34.31:559][  0]LogDerivedDataCache: FDerivedDataBackendGraph:  Pak pak cache file ../../../../../../in/set/main/DerivedDataCache/DDC.ddp not found, will not use a pak cache.
[2018.01.18-18.34.31:559][  0]LogDerivedDataCache: Unable to find inner node Pak for hierarchical cache Hierarchy.
[2018.01.18-18.34.31:559][  0]LogDerivedDataCache: FDerivedDataBackendGraph:  CompressedPak pak cache file ../../../../../../in/set/main/DerivedDataCache/Compressed.ddp not found, will not use a pak cache.
[2018.01.18-18.34.31:559][  0]LogDerivedDataCache: Unable to find inner node CompressedPak for hierarchical cache Hierarchy.
[2018.01.18-18.34.31:592][  0]LogDerivedDataCache: Display: Pak cache opened for reading ../../../Engine/DerivedDataCache/Compressed.ddp.
[2018.01.18-18.34.31:605][  0]LogDerivedDataCache: Using Local data cache path C:/Users/강망/AppData/Local/UnrealEngine/Common/DerivedDataCache: Writable
[2018.01.18-18.34.31:624][  0]LogMaterial: Verifying Global Shaders for PCD3D_SM5
[2018.01.18-18.34.31:625][  0]LogSlate: Using Freetype 2.6.0
[2018.01.18-18.34.31:626][  0]LogSlate: SlateFontCache - WITH_FREETYPE: 1, WITH_HARFBUZZ: 1
[2018.01.18-18.34.31:626][  0]LogSlate: SlateFontCache - WITH_FREETYPE: 1, WITH_HARFBUZZ: 1
[2018.01.18-18.34.32:366][  0]LogInit: Selected Device Profile: [Windows]
[2018.01.18-18.34.33:183][  0]LogSimplygon: Simplygon DLL not present - disabling.
[2018.01.18-18.34.33:291][  0]LogMeshReduction: Using SimplygonSwarm for distributed automatic mesh merging
[2018.01.18-18.34.33:291][  0]LogMeshReduction: Using QuadricMeshReduction for automatic static mesh reduction
[2018.01.18-18.34.33:291][  0]LogMeshReduction: No automatic skeletal mesh reduction module available
[2018.01.18-18.34.33:291][  0]LogMeshReduction: No automatic mesh merging module available
[2018.01.18-18.34.33:291][  0]LogMeshMerging: No automatic mesh merging module available
[2018.01.18-18.34.33:361][  0]LogNetVersion: main , NetCL: 3709383, EngineNetVer: 2, GameNetVer: 0 (Checksum: 1998149536)
[2018.01.18-18.34.33:712][  0]LogAssetRegistry: FAssetRegistry took 0.0294 seconds to start up
[2018.01.18-18.34.34:891][  0]LogPackageLocalizationCache: Processed 7 localized package path(s) for 2 prioritized culture(s) in 0.126292 seconds
[2018.01.18-18.34.34:904][  0]LogUObjectArray: 35900 objects as part of root set at end of initial load.
[2018.01.18-18.34.34:904][  0]LogUObjectAllocator: 7372024 out of 0 bytes used by permanent object pool.
[2018.01.18-18.34.34:904][  0]LogUObjectArray: CloseDisregardForGC: 0/0 objects in disregard for GC pool
[2018.01.18-18.34.41:144][  0]LogTcpMessaging: Initializing TcpMessaging bridge
[2018.01.18-18.34.41:233][  0]LogUdpMessaging: Initializing bridge on interface 0.0.0.0:0 to multicast group 230.0.0.1:6666.
[2018.01.18-18.34.43:915][  0]LogBlueprint: Warning: [Compiler ThirdPersonCharacter] 입력 액션 이벤트가  click 입력 액션  에 대한 미확인 'click' 액션을 레퍼런싱합니다.
[2018.01.18-18.34.43:926][  0]LogBlueprint: Warning: [Compiler ThirdPersonCharacter] [0031.46] ThirdPersonCharacter 컴파일에 성공했습니다만, 경고가 1 회 있습니다. [소요시간 29 ms] (/Game/ThirdPersonCPP/Blueprints/ThirdPersonCharacter.ThirdPersonCharacter)
[2018.01.18-18.34.43:952][  0]LogMaterial: Uniform references updated for custom material expression Custom.
[2018.01.18-18.34.46:065][  0]SourceControl: 소스 콘트롤이 꺼졌습니다.
[2018.01.18-18.34.46:065][  0]SourceControl: 소스 콘트롤이 꺼졌습니다.
[2018.01.18-18.34.46:197][  0]SourceControl: 소스 콘트롤이 꺼졌습니다.
[2018.01.18-18.34.46:324][  0]SourceControl: 소스 콘트롤이 꺼졌습니다.
[2018.01.18-18.34.48:390][  0]LogAndroidPermission: UAndroidPermissionCallbackProxy::GetInstance
[2018.01.18-18.34.49:077][  0]LogOcInput: OculusInput pre-init called
[2018.01.18-18.34.49:828][  0]LogEngine: Initializing Engine...
[2018.01.18-18.34.49:834][  0]LogHMD: Failed to initialize OpenVR with code 110
[2018.01.18-18.34.50:387][  0]LogStats: UGameplayTagsManager::ConstructGameplayTagTree: Construct from data asset -  0.000 s
[2018.01.18-18.34.50:387][  0]LogStats: UGameplayTagsManager::ConstructGameplayTagTree: GameplayTagTreeChangedEvent.Broadcast -  0.000 s
[2018.01.18-18.34.50:781][  0]LogAIModule: Creating AISystem for world Untitled
[2018.01.18-18.34.50:791][  0]LogInit: XAudio2 using '스피커(Realtek High Definition Audio)' : 2 channels at 48 kHz using 32 bits per sample (channel mask 0x3)
[2018.01.18-18.34.50:804][  0]LogInit: FAudioDevice initialized.
[2018.01.18-18.34.50:992][  0]LogDerivedDataCache: Saved boot cache 0.19s 94MB C:/Users/강망/AppData/Local/UnrealEngine/4.18/DerivedDataCache/Boot.ddc.
[2018.01.18-18.34.51:044][  0]LogInit: Texture streaming: Enabled
[2018.01.18-18.34.51:287][  0]LogEngineSessionManager: EngineSessionManager initialized
[2018.01.18-18.34.51:599][  0]LogInit: Transaction tracking system initialized
[2018.01.18-18.34.52:635][  0]BlueprintLog: New page: 에디터 로드
[2018.01.18-18.34.55:535][  0]LocalizationService: 현지화 서비스가 비활성화되었습니다.
[2018.01.18-18.34.58:044][  0]LogConsoleResponse: Display: 
[2018.01.18-18.34.58:581][  0]LogCook: Display: Max memory allowance for cook 16384mb min free memory 0mb
[2018.01.18-18.34.58:582][  0]LogCook: Display: Mobile HDR setting 1
[2018.01.18-18.34.58:582][  0]LogGameplayTags: Display: UGameplayTagsManager::DoneAddingNativeTags. DelegateIsBound: 0
[2018.01.18-18.34.59:077][  0]LogFileCache: Scanning file cache for directory 'C:/in/set/main/Content/' took 0.11s
[2018.01.18-18.35.01:840][  0]SourceControl: 소스 콘트롤이 꺼졌습니다.
[2018.01.18-18.35.01:840][  0]Cmd: MAP LOAD FILE="../../../../../../in/set/main/Content/pratice/sinyoung/multiplay/mainmenu.umap" TEMPLATE=0 SHOWPROGRESS=1 FEATURELEVEL=3
[2018.01.18-18.35.01:841][  0]LightingResults: New page: 라이팅 빌드
[2018.01.18-18.35.01:975][  0]MapCheck: New page: 맵 체크
[2018.01.18-18.35.01:975][  0]LightingResults: New page: 라이팅 빌드
[2018.01.18-18.35.02:459][  0]LogAIModule: Creating AISystem for world mainmenu
[2018.01.18-18.35.02:460][  0]LogEditorServer: Finished looking for orphan Actors (0.000 secs)
[2018.01.18-18.35.02:480][  0]Cmd: MAP CHECKDEP NOCLEARLOG
[2018.01.18-18.35.02:611][  0]MapCheck: 맵 체크 완료: 오류 0 회, 경고 0 회, 소요 시간 131.517ms.
[2018.01.18-18.35.02:611][  0]LogFileHelpers: Loading map 'mainmenu' took 0.771
[2018.01.18-18.35.02:816][  0]LogCollectionManager: Loaded 0 collections in 0.002263 seconds
[2018.01.18-18.35.02:965][  0]LogFileCache: Scanning file cache for directory 'C:/in/set/main/Saved/Collections/' took 0.01s
[2018.01.18-18.35.02:965][  0]LogFileCache: Scanning file cache for directory 'C:/in/set/main/Content/Developers/oner/Collections/' took 0.01s
[2018.01.18-18.35.02:965][  0]LogFileCache: Scanning file cache for directory 'C:/in/set/main/Content/Collections/' took 0.01s
[2018.01.18-18.35.02:966][  0]LogCollectionManager: Rebuilt the GUID cache for 0 collections in 0.000001 seconds
[2018.01.18-18.35.02:991][  0]LogContentBrowser: Native class hierarchy populated in 0.0245 seconds. Added 2365 classes and 521 folders.
[2018.01.18-18.35.03:157][  0]LogContentBrowser: Native class hierarchy updated for 'WidgetCarousel' in 0.0008 seconds. Added 0 classes and 0 folders.
[2018.01.18-18.35.03:261][  0]LogContentBrowser: Native class hierarchy updated for 'AddContentDialog' in 0.0013 seconds. Added 0 classes and 0 folders.
[2018.01.18-18.35.03:405][  0]LogContentBrowser: Native class hierarchy updated for 'SceneOutliner' in 0.0010 seconds. Added 1 classes and 2 folders.
[2018.01.18-18.35.03:753][  0]LogContentBrowser: Native class hierarchy updated for 'HierarchicalLODOutliner' in 0.0028 seconds. Added 1 classes and 2 folders.
[2018.01.18-18.35.03:753][  0]LogLoad: (Engine Initialization) Total time: 51.28 seconds
[2018.01.18-18.35.03:753][  0]LogLoad: (Engine Initialization) Total Blueprint compile time: 0.00 seconds
[2018.01.18-18.35.03:753][  0]LogExternalProfiler: No external profilers were discovered.  External profiling features will not be available.
[2018.01.18-18.35.04:153][  0]LogContentStreaming: Texture pool size now 400 MB
[2018.01.18-18.35.04:159][  0]LogSlate: Took 0.001047 seconds to synchronously load lazily loaded font '../../../Engine/Content/Slate/Fonts/Roboto-Regular.ttf' (155K)
[2018.01.18-18.35.04:165][  0]LogSlate: Took 0.004225 seconds to synchronously load lazily loaded font '../../../Engine/Content/Slate/Fonts/NanumGothic.ttf' (4243K)
[2018.01.18-18.35.04:168][  0]LogSlate: Took 0.001440 seconds to synchronously load lazily loaded font '../../../Engine/Content/Slate/Fonts/Roboto-Bold.ttf' (160K)
[2018.01.18-18.35.04:178][  0]LogSlate: Took 0.000271 seconds to synchronously load lazily loaded font '../../../Engine/Content/Editor/Slate/Fonts/FontAwesome.ttf' (139K)
[2018.01.18-18.35.04:409][  0]LogSlate: Took 0.000263 seconds to synchronously load lazily loaded font '../../../Engine/Content/Slate/Fonts/Roboto-Light.ttf' (159K)
[2018.01.18-18.35.04:460][  1]LogRenderer: Reallocating scene render targets to support 808x524 Format 9 NumSamples 1 (Frame:1).
[2018.01.18-18.35.04:460][  1]LogFileCache: Retrieving MD5 hashes for directory 'C:/in/set/main/Content/' took 0.35s
[2018.01.18-18.35.06:475][  7]LogAssetRegistry: Asset discovery search completed in 32.7867 seconds
[2018.01.18-18.35.06:482][  7]LogCollectionManager: Rebuilt the object cache for 0 collections in 0.000004 seconds (found 0 objects)
[2018.01.18-18.35.06:483][  7]LogCollectionManager: Fixed up redirectors for 0 collections in 0.000383 seconds (updated 0 objects)
[2018.01.18-18.35.28:986][569]LogSlate: Took 0.000438 seconds to synchronously load lazily loaded font '../../../Engine/Content/Slate/Fonts/Roboto-Light.ttf' (159K)
[2018.01.18-18.35.54:823][236]LogContentBrowser: Native class hierarchy updated for 'BlueprintGraph' in 0.0012 seconds. Added 116 classes and 0 folders.
[2018.01.18-18.35.55:589][236]LogSlate: Took 0.000193 seconds to synchronously load lazily loaded font '../../../Engine/Content/Slate/Fonts/Roboto-Regular.ttf' (155K)
[2018.01.18-18.36.02:424][284]LogSlate: Took 0.011535 seconds to synchronously load lazily loaded font '../../../Engine/Content/Editor/Slate/Fonts/Roboto-BoldCondensed.ttf' (158K)
[2018.01.18-18.36.23:703][391]LogSlate: Took 0.010424 seconds to synchronously load lazily loaded font '../../../Engine/Content/Editor/Slate/Fonts/Roboto-Italic.ttf' (157K)
[2018.01.18-18.37.29:173][282]LogSlate: Took 0.008361 seconds to synchronously load lazily loaded font '../../../Engine/Content/Editor/Slate/Fonts/Roboto-BoldCondensedItalic.ttf' (160K)
[2018.01.18-18.41.26:722][800]BlueprintLog: New page: lobbyGameplayGM 컴파일
[2018.01.18-18.41.52:270][ 94]LogSlate: Took 0.000208 seconds to synchronously load lazily loaded font '../../../Engine/Content/Slate/Fonts/Roboto-Light.ttf' (159K)
[2018.01.18-18.42.57:572][826]BlueprintLog: New page: lobbymenue 컴파일
[2018.01.18-18.45.31:267][682]LogFileHelpers: Editor autosave (incl. sublevels) for '/Game/pratice/sinyoung/multiplay/mainmenu' took 0.056
[2018.01.18-18.45.31:273][682]OBJ SavePackage: Generating thumbnails for [0] asset(s) in package [/Game/pratice/sinyoung/multiplay/lobby/lobbyGameplayGM] ([1] browsable assets)...
[2018.01.18-18.45.31:273][682]OBJ SavePackage: Finished generating thumbnails for package [/Game/pratice/sinyoung/multiplay/lobby/lobbyGameplayGM]
[2018.01.18-18.45.31:352][682]LogSavePackage: Save=22.30ms
[2018.01.18-18.45.31:352][682]LogSavePackage: Moving '../../../../../../in/set/main/Saved/lobbyGameplayGM_Auto11F32A0A346C07A13616CDCB0C082CB34.tmp' to '../../../../../../in/set/main/Saved/Autosaves/Game/pratice/sinyoung/multiplay/lobby/lobbyGameplayGM_Auto1.uasset'
[2018.01.18-18.45.31:354][682]LogSavePackage: Display: Finished SavePackage ../../../../../../in/set/main/Saved/Autosaves/Game/pratice/sinyoung/multiplay/lobby/lobbyGameplayGM_Auto1.uasset
[2018.01.18-18.45.31:357][682]OBJ SavePackage: Generating thumbnails for [0] asset(s) in package [/Game/pratice/sinyoung/multiplay/lobby/lobbymenue] ([1] browsable assets)...
[2018.01.18-18.45.31:357][682]OBJ SavePackage: Finished generating thumbnails for package [/Game/pratice/sinyoung/multiplay/lobby/lobbymenue]
[2018.01.18-18.45.31:417][682]LogSavePackage: Save=27.71ms
[2018.01.18-18.45.31:417][682]LogSavePackage: Moving '../../../../../../in/set/main/Saved/lobbymenue_Auto1D71B106C4BC427283B405C9678938BD3.tmp' to '../../../../../../in/set/main/Saved/Autosaves/Game/pratice/sinyoung/multiplay/lobby/lobbymenue_Auto1.uasset'
[2018.01.18-18.45.31:419][682]LogSavePackage: Display: Finished SavePackage ../../../../../../in/set/main/Saved/Autosaves/Game/pratice/sinyoung/multiplay/lobby/lobbymenue_Auto1.uasset
[2018.01.18-18.45.31:420][682]LogFileHelpers: Auto-saving content packages took 0.152
[2018.01.18-18.48.16:307][825]BlueprintLog: New page: lobbymenue 컴파일
[2018.01.18-18.49.26:748][810]BlueprintLog: New page: lobbyGameplayPc 컴파일
[2018.01.18-18.50.02:052][208]BlueprintLog: New page: lobbymenue 컴파일
[2018.01.18-18.52.13:959][ 20]BlueprintLog: New page: lobbyGameplayPc 컴파일
[2018.01.18-18.52.44:755][486]BlueprintLog: New page: lobbyGameplayPc 컴파일
[2018.01.18-18.56.37:341][822]LogFileHelpers: Editor autosave (incl. sublevels) for '/Game/pratice/sinyoung/multiplay/mainmenu' took 0.058
[2018.01.18-18.56.37:356][822]OBJ SavePackage: Generating thumbnails for [0] asset(s) in package [/Game/pratice/sinyoung/multiplay/lobby/lobbyGameplayPc] ([1] browsable assets)...
[2018.01.18-18.56.37:356][822]OBJ SavePackage: Finished generating thumbnails for package [/Game/pratice/sinyoung/multiplay/lobby/lobbyGameplayPc]
[2018.01.18-18.56.37:472][822]LogSavePackage: Save=45.26ms
[2018.01.18-18.56.37:472][822]LogSavePackage: Moving '../../../../../../in/set/main/Saved/lobbyGameplayPc_Auto2061786C94A30461A82D1B2B726DA7158.tmp' to '../../../../../../in/set/main/Saved/Autosaves/Game/pratice/sinyoung/multiplay/lobby/lobbyGameplayPc_Auto2.uasset'
[2018.01.18-18.56.37:475][822]LogSavePackage: Display: Finished SavePackage ../../../../../../in/set/main/Saved/Autosaves/Game/pratice/sinyoung/multiplay/lobby/lobbyGameplayPc_Auto2.uasset
[2018.01.18-18.56.37:476][822]OBJ SavePackage: Generating thumbnails for [0] asset(s) in package [/Game/pratice/sinyoung/multiplay/lobby/lobbymenue] ([1] browsable assets)...
[2018.01.18-18.56.37:476][822]OBJ SavePackage: Finished generating thumbnails for package [/Game/pratice/sinyoung/multiplay/lobby/lobbymenue]
[2018.01.18-18.56.37:536][822]LogSavePackage: Save=25.16ms
[2018.01.18-18.56.37:536][822]LogSavePackage: Moving '../../../../../../in/set/main/Saved/lobbymenue_Auto2F36468B34F725AB37E1E15A6FE53BAF7.tmp' to '../../../../../../in/set/main/Saved/Autosaves/Game/pratice/sinyoung/multiplay/lobby/lobbymenue_Auto2.uasset'
[2018.01.18-18.56.37:538][822]LogSavePackage: Display: Finished SavePackage ../../../../../../in/set/main/Saved/Autosaves/Game/pratice/sinyoung/multiplay/lobby/lobbymenue_Auto2.uasset
[2018.01.18-18.56.37:538][822]LogFileHelpers: Auto-saving content packages took 0.183
[2018.01.18-18.57.52:182][483]BlueprintLog: New page: lobbyGameplayPc 컴파일
[2018.01.18-19.04.36:029][282]BlueprintLog: New page: lobbyGameplayPc 컴파일
[2018.01.18-19.07.21:891][369]LogFileHelpers: Editor autosave (incl. sublevels) for '/Game/pratice/sinyoung/multiplay/mainmenu' took 0.091
[2018.01.18-19.07.21:899][369]OBJ SavePackage: Generating thumbnails for [0] asset(s) in package [/Game/pratice/sinyoung/multiplay/lobby/lobbyGameplayPc] ([1] browsable assets)...
[2018.01.18-19.07.21:899][369]OBJ SavePackage: Finished generating thumbnails for package [/Game/pratice/sinyoung/multiplay/lobby/lobbyGameplayPc]
[2018.01.18-19.07.22:087][369]LogSavePackage: Save=121.11ms
[2018.01.18-19.07.22:087][369]LogSavePackage: Moving '../../../../../../in/set/main/Saved/lobbyGameplayPc_Auto37F79916B4A6CDD71660798A663CD6C6D.tmp' to '../../../../../../in/set/main/Saved/Autosaves/Game/pratice/sinyoung/multiplay/lobby/lobbyGameplayPc_Auto3.uasset'
[2018.01.18-19.07.22:090][369]LogSavePackage: Display: Finished SavePackage ../../../../../../in/set/main/Saved/Autosaves/Game/pratice/sinyoung/multiplay/lobby/lobbyGameplayPc_Auto3.uasset
[2018.01.18-19.07.22:090][369]LogFileHelpers: Auto-saving content packages took 0.194
[2018.01.18-19.09.33:491][581]BlueprintLog: New page: lobbyGameplayPc 컴파일
[2018.01.18-19.09.42:757][704]LogTemp: Repeating last play command: 독립형 게임
[2018.01.18-19.09.44:242][704]Cmd: OBJ SAVEPACKAGE PACKAGE="/Game/pratice/sinyoung/multiplay/lobby/lobbyGameplayGM" FILE="../../../../../../in/set/main/Content/pratice/sinyoung/multiplay/lobby/lobbyGameplayGM.uasset" SILENT=true
[2018.01.18-19.09.44:321][704]LogSavePackage: Save=22.68ms
[2018.01.18-19.09.44:321][704]LogSavePackage: Moving '../../../../../../in/set/main/Saved/lobbyGameplayGMA2D6D7ED4FD8A65680DB6780D58AB1A4.tmp' to '../../../../../../in/set/main/Content/pratice/sinyoung/multiplay/lobby/lobbyGameplayGM.uasset'
[2018.01.18-19.09.44:332][704]LogSavePackage: Display: Finished SavePackage ../../../../../../in/set/main/Content/pratice/sinyoung/multiplay/lobby/lobbyGameplayGM.uasset
[2018.01.18-19.09.44:345][704]Cmd: OBJ SAVEPACKAGE PACKAGE="/Game/pratice/sinyoung/multiplay/lobby/lobbyGameplayPc" FILE="../../../../../../in/set/main/Content/pratice/sinyoung/multiplay/lobby/lobbyGameplayPc.uasset" SILENT=true
[2018.01.18-19.09.44:466][704]LogSavePackage: Save=96.68ms
[2018.01.18-19.09.44:466][704]LogSavePackage: Moving '../../../../../../in/set/main/Saved/lobbyGameplayPcC638FA74452953E81E3569937BFE8735.tmp' to '../../../../../../in/set/main/Content/pratice/sinyoung/multiplay/lobby/lobbyGameplayPc.uasset'
[2018.01.18-19.09.44:473][704]LogSavePackage: Display: Finished SavePackage ../../../../../../in/set/main/Content/pratice/sinyoung/multiplay/lobby/lobbyGameplayPc.uasset
[2018.01.18-19.09.44:484][704]Cmd: OBJ SAVEPACKAGE PACKAGE="/Game/pratice/sinyoung/multiplay/lobby/lobbymenue" FILE="../../../../../../in/set/main/Content/pratice/sinyoung/multiplay/lobby/lobbymenue.uasset" SILENT=true
[2018.01.18-19.09.44:545][704]LogSavePackage: Save=26.23ms
[2018.01.18-19.09.44:545][704]LogSavePackage: Moving '../../../../../../in/set/main/Saved/lobbymenue12AA754D48EA82A12805F8B693E054FA.tmp' to '../../../../../../in/set/main/Content/pratice/sinyoung/multiplay/lobby/lobbymenue.uasset'
[2018.01.18-19.09.44:551][704]LogSavePackage: Display: Finished SavePackage ../../../../../../in/set/main/Content/pratice/sinyoung/multiplay/lobby/lobbymenue.uasset
[2018.01.18-19.10.21:357][859]LogTemp: Repeating last play command: 독립형 게임
[2018.01.18-19.18.11:941][174]LogSlate: Warning: Prevented a slow task dialog from being summoned while a context menu was open
[2018.01.18-19.19.27:570][814]LogFileHelpers: Editor autosave (incl. sublevels) for '/Game/pratice/sinyoung/multiplay/mainmenu' took 0.035
[2018.01.18-19.19.27:578][814]OBJ SavePackage: Generating thumbnails for [0] asset(s) in package [/Game/pratice/sinyoung/multiplay/lobby/lobbyGameplayPc] ([1] browsable assets)...
[2018.01.18-19.19.27:578][814]OBJ SavePackage: Finished generating thumbnails for package [/Game/pratice/sinyoung/multiplay/lobby/lobbyGameplayPc]
[2018.01.18-19.19.27:722][814]LogSavePackage: Save=89.81ms
[2018.01.18-19.19.27:722][814]LogSavePackage: Moving '../../../../../../in/set/main/Saved/lobbyGameplayPc_Auto4A66808984E211B902221BFB4E84427FF.tmp' to '../../../../../../in/set/main/Saved/Autosaves/Game/pratice/sinyoung/multiplay/lobby/lobbyGameplayPc_Auto4.uasset'
[2018.01.18-19.19.27:723][814]LogSavePackage: Display: Finished SavePackage ../../../../../../in/set/main/Saved/Autosaves/Game/pratice/sinyoung/multiplay/lobby/lobbyGameplayPc_Auto4.uasset
[2018.01.18-19.19.27:723][814]LogFileHelpers: Auto-saving content packages took 0.147
[2018.01.18-19.26.18:145][470]LogTemp: Repeating last play command: 독립형 게임
[2018.01.18-19.26.20:004][470]Cmd: OBJ SAVEPACKAGE PACKAGE="/Game/pratice/sinyoung/multiplay/lobby/lobbyGameplayPc" FILE="../../../../../../in/set/main/Content/pratice/sinyoung/multiplay/lobby/lobbyGameplayPc.uasset" SILENT=true
[2018.01.18-19.26.20:165][470]LogSavePackage: Save=121.30ms
[2018.01.18-19.26.20:165][470]LogSavePackage: Moving '../../../../../../in/set/main/Saved/lobbyGameplayPc364BC6AB45539CF6167C72A404DED7BD.tmp' to '../../../../../../in/set/main/Content/pratice/sinyoung/multiplay/lobby/lobbyGameplayPc.uasset'
[2018.01.18-19.26.20:170][470]LogSavePackage: Display: Finished SavePackage ../../../../../../in/set/main/Content/pratice/sinyoung/multiplay/lobby/lobbyGameplayPc.uasset
[2018.01.18-19.40.18:763][256]LogWindowsTextInputMethodSystem: Display: IME system now activated using TSF (Microsoft 입력기).
[2018.01.18-19.40.19:030][257]Cmd: QUIT_EDITOR
[2018.01.18-19.40.19:081][257]LogExit: Preparing to exit.
[2018.01.18-19.40.20:353][257]LogDirectoryWatcher: A directory notification for 'C:/in/set/main/Content/' was aborted.
[2018.01.18-19.40.20:457][257]LogExit: Editor shut down
[2018.01.18-19.40.20:486][257]LogExit: Transaction tracking system shut down
[2018.01.18-19.40.20:657][257]LogDirectoryWatcher: A directory notification for '../../../Engine/Content/' was aborted.
[2018.01.18-19.40.20:658][257]LogDirectoryWatcher: A directory notification for '../../../../../../in/set/main/Content/' was aborted.
[2018.01.18-19.40.20:658][257]LogDirectoryWatcher: A directory notification for '../../../Engine/Plugins/2D/Paper2D/Content/' was aborted.
[2018.01.18-19.40.20:658][257]LogDirectoryWatcher: A directory notification for '../../../Engine/Plugins/Media/MediaCompositing/Content/' was aborted.
[2018.01.18-19.40.20:658][257]LogDirectoryWatcher: A directory notification for '../../../Engine/Plugins/Runtime/AppleARKit/Content/' was aborted.
[2018.01.18-19.40.20:658][257]LogDirectoryWatcher: A directory notification for '../../../Engine/Plugins/Runtime/Oculus/OculusVR/Content/' was aborted.
[2018.01.18-19.40.20:658][257]LogDirectoryWatcher: A directory notification for '../../../Engine/Plugins/Runtime/Steam/SteamVR/Content/' was aborted.
[2018.01.18-19.40.20:874][257]LogExit: Object subsystem successfully closed.
[2018.01.18-19.40.20:903][257]LogD3D11RHI: Shutdown
[2018.01.18-19.40.20:903][257]LogD3D11RHI: CleanupD3DDevice
[2018.01.18-19.40.20:909][257]LogD3D11RHI: ~FD3D11DynamicRHI
[2018.01.18-19.40.20:935][257]LogModuleManager: Shutting down and abandoning module SequencerWidgets (555)
[2018.01.18-19.40.20:935][257]LogModuleManager: Shutting down and abandoning module BlueprintGraph (553)
[2018.01.18-19.40.20:935][257]LogModuleManager: Shutting down and abandoning module HierarchicalLODOutliner (551)
[2018.01.18-19.40.20:935][257]LogModuleManager: Shutting down and abandoning module DesktopPlatform (549)
[2018.01.18-19.40.20:935][257]LogModuleManager: Shutting down and abandoning module SceneOutliner (547)
[2018.01.18-19.40.20:935][257]LogModuleManager: Shutting down and abandoning module AddContentDialog (545)
[2018.01.18-19.40.20:935][257]LogDirectoryWatcher: A directory notification for 'C:/Program Files/Epic Games/UE_4.18/FeaturePacks/' was aborted.
[2018.01.18-19.40.20:943][257]LogModuleManager: Shutting down and abandoning module WidgetCarousel (544)
[2018.01.18-19.40.20:943][257]LogModuleManager: Shutting down and abandoning module EditorWidgets (541)
[2018.01.18-19.40.20:943][257]LogModuleManager: Shutting down and abandoning module CollectionManager (539)
[2018.01.18-19.40.20:943][257]LogDirectoryWatcher: A directory notification for 'C:/in/set/main/Content/Collections/' was aborted.
[2018.01.18-19.40.20:943][257]LogDirectoryWatcher: A directory notification for 'C:/in/set/main/Content/Developers/oner/Collections/' was aborted.
[2018.01.18-19.40.20:943][257]LogDirectoryWatcher: A directory notification for 'C:/in/set/main/Saved/Collections/' was aborted.
[2018.01.18-19.40.20:943][257]LogModuleManager: Shutting down and abandoning module StatsViewer (537)
[2018.01.18-19.40.20:943][257]LogModuleManager: Shutting down and abandoning module FoliageEdit (535)
[2018.01.18-19.40.20:943][257]LogModuleManager: Shutting down and abandoning module LandscapeEditor (533)
[2018.01.18-19.40.20:943][257]LogModuleManager: Shutting down and abandoning module MeshPaintMode (531)
[2018.01.18-19.40.20:944][257]LogModuleManager: Shutting down and abandoning module SceneDepthPickerMode (529)
[2018.01.18-19.40.20:944][257]LogModuleManager: Shutting down and abandoning module ActorPickerMode (527)
[2018.01.18-19.40.20:944][257]LogModuleManager: Shutting down and abandoning module GeometryMode (525)
[2018.01.18-19.40.20:944][257]LogModuleManager: Shutting down and abandoning module TextureAlignMode (523)
[2018.01.18-19.40.20:944][257]LogModuleManager: Shutting down and abandoning module BspMode (521)
[2018.01.18-19.40.20:944][257]LogModuleManager: Shutting down and abandoning module PIEPreviewDeviceProfileSelector (519)
[2018.01.18-19.40.20:944][257]LogModuleManager: Shutting down and abandoning module HardwareSurvey (517)
[2018.01.18-19.40.20:944][257]LogModuleManager: Shutting down and abandoning module SequenceRecorderSections (515)
[2018.01.18-19.40.20:944][257]LogModuleManager: Shutting down and abandoning module AutomationWorker (513)
[2018.01.18-19.40.20:944][257]LogModuleManager: Shutting down and abandoning module MatineeToLevelSequence (511)
[2018.01.18-19.40.20:944][257]LogModuleManager: Shutting down and abandoning module LevelSequenceEditor (509)
[2018.01.18-19.40.20:944][257]LogModuleManager: Shutting down and abandoning module PlacementMode (508)
[2018.01.18-19.40.20:944][257]LogModuleManager: Shutting down and abandoning module WmfMediaFactory (505)
[2018.01.18-19.40.20:944][257]LogModuleManager: Shutting down and abandoning module WmfMediaEditor (503)
[2018.01.18-19.40.20:944][257]LogModuleManager: Shutting down and abandoning module OpenExrWrapper (501)
[2018.01.18-19.40.20:944][257]LogModuleManager: Shutting down and abandoning module ImgMediaFactory (499)
[2018.01.18-19.40.20:944][257]LogModuleManager: Shutting down and abandoning module ImgMediaEditor (497)
[2018.01.18-19.40.20:944][257]LogModuleManager: Shutting down and abandoning module AvfMediaFactory (495)
[2018.01.18-19.40.20:944][257]LogModuleManager: Shutting down and abandoning module AvfMediaEditor (493)
[2018.01.18-19.40.20:944][257]LogModuleManager: Shutting down and abandoning module AndroidMediaFactory (491)
[2018.01.18-19.40.20:944][257]LogModuleManager: Shutting down and abandoning module AndroidMediaEditor (489)
[2018.01.18-19.40.20:944][257]LogModuleManager: Shutting down and abandoning module CharacterAI (487)
[2018.01.18-19.40.20:944][257]LogModuleManager: Shutting down and abandoning module AudioCapture (485)
[2018.01.18-19.40.20:944][257]LogModuleManager: Shutting down and abandoning module SequenceRecorder (484)
[2018.01.18-19.40.20:944][257]LogModuleManager: Shutting down and abandoning module SmartSnapping (481)
[2018.01.18-19.40.20:944][257]LogModuleManager: Shutting down and abandoning module SessionServices (479)
[2018.01.18-19.40.20:944][257]LogModuleManager: Shutting down and abandoning module ViewportSnapping (477)
[2018.01.18-19.40.20:944][257]LogModuleManager: Shutting down and abandoning module ViewportInteraction (475)
[2018.01.18-19.40.20:944][257]LogModuleManager: Shutting down and abandoning module ClothPainter (473)
[2018.01.18-19.40.20:944][257]LogModuleManager: Shutting down and abandoning module SkeletalMeshEditor (472)
[2018.01.18-19.40.20:944][257]LogModuleManager: Shutting down and abandoning module LogVisualizer (469)
[2018.01.18-19.40.20:944][257]LogModuleManager: Shutting down and abandoning module IntroTutorials (467)
[2018.01.18-19.40.20:944][257]LogModuleManager: Shutting down and abandoning module GameProjectGeneration (466)
[2018.01.18-19.40.20:945][257]LogModuleManager: Shutting down and abandoning module IOSPlatformEditor (463)
[2018.01.18-19.40.20:945][257]LogModuleManager: Shutting down and abandoning module HTML5PlatformEditor (461)
[2018.01.18-19.40.20:945][257]LogModuleManager: Shutting down and abandoning module AndroidPlatformEditor (459)
[2018.01.18-19.40.20:945][257]LogModuleManager: Shutting down and abandoning module AndroidDeviceDetection (458)
[2018.01.18-19.40.21:364][257]LogModuleManager: Shutting down and abandoning module WindowsPlatformEditor (455)
[2018.01.18-19.40.21:364][257]LogModuleManager: Shutting down and abandoning module IOSRuntimeSettings (453)
[2018.01.18-19.40.21:364][257]LogModuleManager: Shutting down and abandoning module AndroidRuntimeSettings (451)
[2018.01.18-19.40.21:364][257]LogModuleManager: Shutting down and abandoning module InputBindingEditor (449)
[2018.01.18-19.40.21:364][257]LogModuleManager: Shutting down and abandoning module MergeActors (447)
[2018.01.18-19.40.21:364][257]LogModuleManager: Shutting down and abandoning module SizeMap (445)
[2018.01.18-19.40.21:364][257]LogModuleManager: Shutting down and abandoning module TreeMap (443)
[2018.01.18-19.40.21:364][257]LogModuleManager: Shutting down and abandoning module ReferenceViewer (441)
[2018.01.18-19.40.21:364][257]LogModuleManager: Shutting down and abandoning module LocalizationDashboard (439)
[2018.01.18-19.40.21:364][257]LogModuleManager: Shutting down and abandoning module LocalizationService (438)
[2018.01.18-19.40.21:364][257]LogModuleManager: Shutting down and abandoning module HardwareTargeting (435)
[2018.01.18-19.40.21:364][257]LogModuleManager: Shutting down and abandoning module DeviceProfileEditor (433)
[2018.01.18-19.40.21:364][257]LogModuleManager: Shutting down and abandoning module UndoHistory (431)
[2018.01.18-19.40.21:364][257]LogModuleManager: Shutting down and abandoning module XmlParser (429)
[2018.01.18-19.40.21:364][257]LogModuleManager: Shutting down and abandoning module Blutility (427)
[2018.01.18-19.40.21:364][257]LogModuleManager: Shutting down and abandoning module ProjectSettingsViewer (425)
[2018.01.18-19.40.21:364][257]LogModuleManager: Shutting down and abandoning module ProjectTargetPlatformEditor (424)
[2018.01.18-19.40.21:365][257]LogModuleManager: Shutting down and abandoning module EditorSettingsViewer (421)
[2018.01.18-19.40.21:365][257]LogModuleManager: Shutting down and abandoning module SettingsEditor (419)
[2018.01.18-19.40.21:365][257]LogModuleManager: Shutting down and abandoning module ProjectLauncher (417)
[2018.01.18-19.40.21:365][257]LogModuleManager: Shutting down and abandoning module SessionFrontend (415)
[2018.01.18-19.40.21:365][257]LogModuleManager: Shutting down and abandoning module ProfilerClient (413)
[2018.01.18-19.40.21:365][257]LogModuleManager: Shutting down and abandoning module DeviceManager (411)
[2018.01.18-19.40.21:365][257]LogModuleManager: Shutting down and abandoning module TargetDeviceServices (410)
[2018.01.18-19.40.21:417][257]LogModuleManager: Shutting down and abandoning module AutomationController (407)
[2018.01.18-19.40.21:417][257]LogModuleManager: Shutting down and abandoning module AutomationWindow (405)
[2018.01.18-19.40.21:417][257]LogModuleManager: Shutting down and abandoning module Layers (403)
[2018.01.18-19.40.21:417][257]LogModuleManager: Shutting down and abandoning module ComponentVisualizers (401)
[2018.01.18-19.40.21:418][257]LogModuleManager: Shutting down and abandoning module DetailCustomizations (399)
[2018.01.18-19.40.21:418][257]LogModuleManager: Shutting down and abandoning module PackagesDialog (397)
[2018.01.18-19.40.21:418][257]LogModuleManager: Shutting down and abandoning module Persona (395)
[2018.01.18-19.40.21:418][257]LogModuleManager: Shutting down and abandoning module AdvancedPreviewScene (394)
[2018.01.18-19.40.21:418][257]LogModuleManager: Shutting down and abandoning module AnimGraph (392)
[2018.01.18-19.40.21:418][257]LogModuleManager: Shutting down and abandoning module Kismet (389)
[2018.01.18-19.40.21:449][257]LogModuleManager: Shutting down and abandoning module ClassViewer (387)
[2018.01.18-19.40.21:455][257]LogModuleManager: Shutting down and abandoning module Toolbox (385)
[2018.01.18-19.40.21:455][257]LogModuleManager: Shutting down and abandoning module ModuleUI (383)
[2018.01.18-19.40.21:455][257]LogModuleManager: Shutting down and abandoning module MovieSceneTools (381)
[2018.01.18-19.40.21:455][257]LogModuleManager: Shutting down and abandoning module OutputLog (379)
[2018.01.18-19.40.21:455][257]LogModuleManager: Shutting down and abandoning module GammaUI (377)
[2018.01.18-19.40.21:455][257]LogModuleManager: Shutting down and abandoning module Documentation (375)
[2018.01.18-19.40.21:457][257]LogModuleManager: Shutting down and abandoning module MovieSceneTracks (373)
[2018.01.18-19.40.21:457][257]LogModuleManager: Shutting down and abandoning module MovieScene (371)
[2018.01.18-19.40.21:457][257]LogModuleManager: Shutting down and abandoning module StreamingPauseRendering (369)
[2018.01.18-19.40.21:457][257]LogModuleManager: Shutting down and abandoning module LauncherPlatform (367)
[2018.01.18-19.40.21:457][257]LogModuleManager: Shutting down and abandoning module AnalyticsET (365)
[2018.01.18-19.40.21:457][257]LogModuleManager: Shutting down and abandoning module PortalServices (363)
[2018.01.18-19.40.21:457][257]LogModuleManager: Shutting down and abandoning module PortalRpc (361)
[2018.01.18-19.40.21:457][257]LogModuleManager: Shutting down and abandoning module MessagingRpc (359)
[2018.01.18-19.40.21:457][257]LogModuleManager: Shutting down and abandoning module AIModule (357)
[2018.01.18-19.40.21:458][257]LogModuleManager: Shutting down and abandoning module GameplayDebugger (356)
[2018.01.18-19.40.21:458][257]LogModuleManager: Shutting down and abandoning module AITestSuite (354)
[2018.01.18-19.40.21:458][257]LogModuleManager: Shutting down and abandoning module ProfilerService (351)
[2018.01.18-19.40.21:511][257]LogModuleManager: Shutting down and abandoning module TaskGraph (349)
[2018.01.18-19.40.21:512][257]LogModuleManager: Shutting down and abandoning module SteamVRController (347)
[2018.01.18-19.40.21:512][257]LogModuleManager: Shutting down and abandoning module ProceduralMeshComponentEditor (345)
[2018.01.18-19.40.21:512][257]LogModuleManager: Shutting down and abandoning module ProceduralMeshComponent (343)
[2018.01.18-19.40.21:512][257]LogModuleManager: Shutting down and abandoning module OculusInput (341)
[2018.01.18-19.40.21:512][257]LogModuleManager: Shutting down and abandoning module MobilePatchingUtils (339)
[2018.01.18-19.40.21:512][257]LogModuleManager: Shutting down and abandoning module CustomMeshComponent (337)
[2018.01.18-19.40.21:512][257]LogModuleManager: Shutting down and abandoning module CableComponent (335)
[2018.01.18-19.40.21:512][257]LogModuleManager: Shutting down and abandoning module ArchVisCharacter (333)
[2018.01.18-19.40.21:512][257]LogModuleManager: Shutting down and abandoning module AndroidPermission (331)
[2018.01.18-19.40.21:512][257]LogModuleManager: Shutting down and abandoning module ActorSequence (329)
[2018.01.18-19.40.21:512][257]LogModuleManager: Shutting down and abandoning module MediaPlayerEditor (327)
[2018.01.18-19.40.21:512][257]LogModuleManager: Shutting down and abandoning module MediaCompositingEditor (325)
[2018.01.18-19.40.21:512][257]LogModuleManager: Shutting down and abandoning module MediaCompositing (323)
[2018.01.18-19.40.21:512][257]LogModuleManager: Shutting down and abandoning module HTML5Networking (321)
[2018.01.18-19.40.21:512][257]LogModuleManager: Shutting down and abandoning module AlembicImporter (319)
[2018.01.18-19.40.21:512][257]LogModuleManager: Shutting down and abandoning module AlembicLibrary (318)
[2018.01.18-19.40.21:512][257]LogModuleManager: Shutting down and abandoning module GeometryCache (317)
[2018.01.18-19.40.21:512][257]LogModuleManager: Shutting down and abandoning module GeometryCacheEd (316)
[2018.01.18-19.40.21:512][257]LogModuleManager: Shutting down and abandoning module SpeedTreeImporter (311)
[2018.01.18-19.40.21:512][257]LogModuleManager: Shutting down and abandoning module PluginBrowser (309)
[2018.01.18-19.40.21:512][257]LogModuleManager: Shutting down and abandoning module MobileLauncherProfileWizard (307)
[2018.01.18-19.40.21:512][257]LogModuleManager: Shutting down and abandoning module VisualStudioSourceCodeAccess (305)
[2018.01.18-19.40.21:512][257]LogModuleManager: Shutting down and abandoning module VisualStudioCodeSourceCodeAccess (303)
[2018.01.18-19.40.21:512][257]LogModuleManager: Shutting down and abandoning module UObjectPlugin (301)
[2018.01.18-19.40.21:512][257]LogModuleManager: Shutting down and abandoning module SubversionSourceControl (299)
[2018.01.18-19.40.21:512][257]LogModuleManager: Shutting down and abandoning module PerforceSourceControl (297)
[2018.01.18-19.40.21:513][257]LogModuleManager: Shutting down and abandoning module GitSourceControl (295)
[2018.01.18-19.40.21:513][257]LogModuleManager: Shutting down and abandoning module SourceControl (294)
[2018.01.18-19.40.21:513][257]LogModuleManager: Shutting down and abandoning module LightPropagationVolumeEditor (291)
[2018.01.18-19.40.21:513][257]LogModuleManager: Shutting down and abandoning module PaperTiledImporter (289)
[2018.01.18-19.40.21:513][257]LogModuleManager: Shutting down and abandoning module PaperSpriteSheetImporter (287)
[2018.01.18-19.40.21:513][257]LogModuleManager: Shutting down and abandoning module Paper2DEditor (285)
[2018.01.18-19.40.21:513][257]LogModuleManager: Shutting down and abandoning module MeshPaint (284)
[2018.01.18-19.40.21:513][257]LogModuleManager: Shutting down and abandoning module LevelEditor (282)
[2018.01.18-19.40.21:515][257]LogModuleManager: Shutting down and abandoning module PixelInspectorModule (281)
[2018.01.18-19.40.21:516][257]LogModuleManager: Shutting down and abandoning module MainFrame (279)
[2018.01.18-19.40.21:516][257]LogModuleManager: Shutting down and abandoning module HotReload (278)
[2018.01.18-19.40.21:516][257]LogDirectoryWatcher: A directory notification for 'C:/in/set/main/Binaries/Win64' was aborted.
[2018.01.18-19.40.21:516][257]LogModuleManager: Shutting down and abandoning module main (273)
[2018.01.18-19.40.21:516][257]LogModuleManager: Shutting down and abandoning module RuntimePhysXCooking (271)
[2018.01.18-19.40.21:516][257]LogModuleManager: Shutting down and abandoning module PhysXVehiclesEditor (269)
[2018.01.18-19.40.21:516][257]LogModuleManager: Shutting down and abandoning module PhysXVehicles (267)
[2018.01.18-19.40.21:516][257]LogModuleManager: Shutting down and abandoning module OculusEditor (265)
[2018.01.18-19.40.21:516][257]LogModuleManager: Shutting down and abandoning module LocationServicesBPLibrary (263)
[2018.01.18-19.40.21:516][257]LogModuleManager: Shutting down and abandoning module ImmediatePhysicsEditor (261)
[2018.01.18-19.40.21:516][257]LogModuleManager: Shutting down and abandoning module ImmediatePhysics (259)
[2018.01.18-19.40.21:517][257]LogModuleManager: Shutting down and abandoning module UdpMessaging (257)
[2018.01.18-19.40.21:618][257]LogModuleManager: Shutting down and abandoning module TcpMessaging (255)
[2018.01.18-19.40.21:719][257]LogModuleManager: Shutting down and abandoning module GameplayTagsEditor (253)
[2018.01.18-19.40.21:719][257]LogModuleManager: Shutting down and abandoning module FacialAnimationEditor (251)
[2018.01.18-19.40.21:719][257]LogModuleManager: Shutting down and abandoning module FacialAnimation (249)
[2018.01.18-19.40.21:719][257]LogModuleManager: Shutting down and abandoning module AssetManagerEditor (247)
[2018.01.18-19.40.21:719][257]LogModuleManager: Shutting down and abandoning module GraphEditor (246)
[2018.01.18-19.40.21:719][257]LogModuleManager: Shutting down and abandoning module ContentBrowser (244)
[2018.01.18-19.40.21:721][257]LogModuleManager: Shutting down and abandoning module LightPropagationVolumeRuntime (241)
[2018.01.18-19.40.21:721][257]LogModuleManager: Shutting down and abandoning module Paper2D (239)
[2018.01.18-19.40.21:721][257]LogModuleManager: Shutting down and abandoning module WindowsMoviePlayer (237)
[2018.01.18-19.40.21:721][257]LogModuleManager: Shutting down and abandoning module WmfMedia (235)
[2018.01.18-19.40.21:727][257]LogModuleManager: Shutting down and abandoning module ImgMedia (233)
[2018.01.18-19.40.21:727][257]LogModuleManager: Shutting down and abandoning module PacketHandler (231)
[2018.01.18-19.40.21:727][257]LogModuleManager: Shutting down and abandoning module ClothingSystemEditor (229)
[2018.01.18-19.40.21:727][257]LogModuleManager: Shutting down and abandoning module ClothingSystemRuntime (227)
[2018.01.18-19.40.21:727][257]LogModuleManager: Shutting down and abandoning module MediaAssets (225)
[2018.01.18-19.40.21:727][257]LogModuleManager: Shutting down and abandoning module Media (224)
[2018.01.18-19.40.21:734][257]LogModuleManager: Shutting down and abandoning module Overlay (221)
[2018.01.18-19.40.21:734][257]LogModuleManager: Shutting down and abandoning module OverlayEditor (220)
[2018.01.18-19.40.21:734][257]LogModuleManager: Shutting down and abandoning module VREditor (217)
[2018.01.18-19.40.21:735][257]LogModuleManager: Shutting down and abandoning module StringTableEditor (215)
[2018.01.18-19.40.21:735][257]LogModuleManager: Shutting down and abandoning module GameplayTasksEditor (213)
[2018.01.18-19.40.21:735][257]LogModuleManager: Shutting down and abandoning module BehaviorTreeEditor (211)
[2018.01.18-19.40.21:735][257]LogModuleManager: Shutting down and abandoning module FunctionalTesting (209)
[2018.01.18-19.40.21:735][257]LogModuleManager: Shutting down and abandoning module CollisionAnalyzer (207)
[2018.01.18-19.40.21:735][257]LogModuleManager: Shutting down and abandoning module WorkspaceMenuStructure (206)
[2018.01.18-19.40.21:735][257]LogModuleManager: Shutting down and abandoning module UMG (203)
[2018.01.18-19.40.21:735][257]LogModuleManager: Shutting down and abandoning module UMGEditor (202)
[2018.01.18-19.40.21:735][257]LogModuleManager: Shutting down and abandoning module Sequencer (201)
[2018.01.18-19.40.21:735][257]LogModuleManager: Shutting down and abandoning module MessageLog (198)
[2018.01.18-19.40.21:735][257]LogModuleManager: Shutting down and abandoning module SlateReflector (193)
[2018.01.18-19.40.21:735][257]LogModuleManager: Shutting down and abandoning module Slate (191)
[2018.01.18-19.40.21:735][257]LogModuleManager: Shutting down and abandoning module EditorStyle (189)
[2018.01.18-19.40.21:738][257]LogModuleManager: Shutting down and abandoning module MRMesh (187)
[2018.01.18-19.40.21:739][257]LogModuleManager: Shutting down and abandoning module SourceCodeAccess (185)
[2018.01.18-19.40.21:739][257]LogModuleManager: Shutting down and abandoning module HeadMountedDisplay (183)
[2018.01.18-19.40.21:739][257]LogModuleManager: Shutting down and abandoning module XAudio2 (181)
[2018.01.18-19.40.21:739][257]LogModuleManager: Shutting down and abandoning module Networking (179)
[2018.01.18-19.40.21:739][257]LogModuleManager: Shutting down and abandoning module Core (177)
[2018.01.18-19.40.21:739][257]LogModuleManager: Shutting down and abandoning module LevelSequence (173)
[2018.01.18-19.40.21:739][257]LogModuleManager: Shutting down and abandoning module DirectoryWatcher (171)
[2018.01.18-19.40.21:748][257]LogModuleManager: Shutting down and abandoning module KismetCompiler (169)
[2018.01.18-19.40.21:748][257]LogModuleManager: Shutting down and abandoning module MeshUtilities (167)
[2018.01.18-19.40.21:748][257]LogModuleManager: Shutting down and abandoning module MeshMergeUtilities (166)
[2018.01.18-19.40.21:748][257]LogModuleManager: Shutting down and abandoning module MeshReductionInterface (165)
[2018.01.18-19.40.21:748][257]LogModuleManager: Shutting down and abandoning module SimplygonSwarm (164)
[2018.01.18-19.40.21:748][257]LogModuleManager: Shutting down and abandoning module SimplygonMeshReduction (162)
[2018.01.18-19.40.21:748][257]LogModuleManager: Shutting down and abandoning module QuadricMeshReduction (160)
[2018.01.18-19.40.21:748][257]LogModuleManager: Shutting down and abandoning module MaterialBaking (156)
[2018.01.18-19.40.21:748][257]LogModuleManager: Shutting down and abandoning module DerivedDataCache (153)
[2018.01.18-19.40.21:760][257]LogDerivedDataCache: Shutdown
[2018.01.18-19.40.21:760][257]LogModuleManager: Shutting down and abandoning module TargetPlatform (151)
[2018.01.18-19.40.21:760][257]LogModuleManager: Shutting down and abandoning module VulkanShaderFormat (150)
[2018.01.18-19.40.21:760][257]LogModuleManager: Shutting down and abandoning module ShaderFormatVectorVM (148)
[2018.01.18-19.40.21:761][257]LogModuleManager: Shutting down and abandoning module ShaderFormatOpenGL (146)
[2018.01.18-19.40.21:761][257]LogModuleManager: Shutting down and abandoning module ShaderFormatD3D (144)
[2018.01.18-19.40.21:761][257]LogModuleManager: Shutting down and abandoning module MetalShaderFormat (142)
[2018.01.18-19.40.21:761][257]LogModuleManager: Shutting down and abandoning module TextureFormatUncompressed (140)
[2018.01.18-19.40.21:761][257]LogModuleManager: Shutting down and abandoning module TextureFormatPVR (138)
[2018.01.18-19.40.21:761][257]LogModuleManager: Shutting down and abandoning module TextureFormatDXT (136)
[2018.01.18-19.40.21:761][257]LogModuleManager: Shutting down and abandoning module TextureFormatIntelISPCTexComp (134)
[2018.01.18-19.40.21:761][257]LogModuleManager: Shutting down and abandoning module TextureFormatASTC (132)
[2018.01.18-19.40.21:761][257]LogModuleManager: Shutting down and abandoning module ImageWrapper (131)
[2018.01.18-19.40.21:761][257]LogModuleManager: Shutting down and abandoning module TextureFormatAndroid (128)
[2018.01.18-19.40.21:761][257]LogModuleManager: Shutting down and abandoning module AudioFormatOpus (126)
[2018.01.18-19.40.21:761][257]LogModuleManager: Shutting down and abandoning module AudioFormatOgg (124)
[2018.01.18-19.40.21:761][257]LogModuleManager: Shutting down and abandoning module AudioFormatADPCM (122)
[2018.01.18-19.40.21:761][257]LogModuleManager: Shutting down and abandoning module LinuxTargetPlatform (120)
[2018.01.18-19.40.21:761][257]LogModuleManager: Shutting down and abandoning module LinuxServerTargetPlatform (118)
[2018.01.18-19.40.21:761][257]LogModuleManager: Shutting down and abandoning module LinuxNoEditorTargetPlatform (116)
[2018.01.18-19.40.21:761][257]LogModuleManager: Shutting down and abandoning module LinuxClientTargetPlatform (114)
[2018.01.18-19.40.21:761][257]LogModuleManager: Shutting down and abandoning module TVOSTargetPlatform (112)
[2018.01.18-19.40.21:761][257]LogModuleManager: Shutting down and abandoning module Messaging (110)
[2018.01.18-19.40.21:761][257]LogModuleManager: Shutting down and abandoning module IOSTargetPlatform (108)
[2018.01.18-19.40.21:761][257]LogModuleManager: Shutting down and abandoning module HTML5TargetPlatform (106)
[2018.01.18-19.40.21:761][257]LogModuleManager: Shutting down and abandoning module AndroidTargetPlatform (104)
[2018.01.18-19.40.21:761][257]LogModuleManager: Shutting down and abandoning module Android_PVRTCTargetPlatform (102)
[2018.01.18-19.40.21:761][257]LogModuleManager: Shutting down and abandoning module Android_MultiTargetPlatform (100)
[2018.01.18-19.40.21:761][257]LogModuleManager: Shutting down and abandoning module Android_ETC2TargetPlatform (98)
[2018.01.18-19.40.21:761][257]LogModuleManager: Shutting down and abandoning module Android_ETC1TargetPlatform (96)
[2018.01.18-19.40.21:761][257]LogModuleManager: Shutting down and abandoning module Android_DXTTargetPlatform (94)
[2018.01.18-19.40.21:762][257]LogModuleManager: Shutting down and abandoning module Android_ATCTargetPlatform (92)
[2018.01.18-19.40.21:762][257]LogModuleManager: Shutting down and abandoning module Android_ASTCTargetPlatform (90)
[2018.01.18-19.40.21:762][257]LogModuleManager: Shutting down and abandoning module WindowsTargetPlatform (88)
[2018.01.18-19.40.21:762][257]LogModuleManager: Shutting down and abandoning module WindowsServerTargetPlatform (86)
[2018.01.18-19.40.21:762][257]LogModuleManager: Shutting down and abandoning module WindowsNoEditorTargetPlatform (84)
[2018.01.18-19.40.21:762][257]LogModuleManager: Shutting down and abandoning module WindowsClientTargetPlatform (82)
[2018.01.18-19.40.21:762][257]LogModuleManager: Shutting down and abandoning module MacTargetPlatform (80)
[2018.01.18-19.40.21:762][257]LogModuleManager: Shutting down and abandoning module MacServerTargetPlatform (78)
[2018.01.18-19.40.21:762][257]LogModuleManager: Shutting down and abandoning module MacNoEditorTargetPlatform (76)
[2018.01.18-19.40.21:762][257]LogModuleManager: Shutting down and abandoning module MacClientTargetPlatform (74)
[2018.01.18-19.40.21:762][257]LogModuleManager: Shutting down and abandoning module AllDesktopTargetPlatform (72)
[2018.01.18-19.40.21:762][257]LogModuleManager: Shutting down and abandoning module InputCore (69)
[2018.01.18-19.40.21:762][257]LogModuleManager: Shutting down and abandoning module Settings (67)
[2018.01.18-19.40.21:762][257]LogModuleManager: Shutting down and abandoning module PhysXCooking (65)
[2018.01.18-19.40.21:762][257]LogModuleManager: Shutting down and abandoning module SteamVR (63)
[2018.01.18-19.40.21:762][257]LogModuleManager: Shutting down and abandoning module OculusHMD (61)
[2018.01.18-19.40.21:762][257]LogModuleManager: Shutting down and abandoning module ExampleDeviceProfileSelector (59)
[2018.01.18-19.40.21:762][257]LogModuleManager: Shutting down and abandoning module AppleARKit (57)
[2018.01.18-19.40.21:762][257]LogModuleManager: Shutting down and abandoning module AugmentedReality (56)
[2018.01.18-19.40.21:762][257]LogModuleManager: Shutting down and abandoning module OnlineBlueprintSupport (53)
[2018.01.18-19.40.21:762][257]LogModuleManager: Shutting down and abandoning module OnlineSubsystem (49)
[2018.01.18-19.40.21:762][257]LogOnline: Display: OSS: FOnlineSubsystemNull::Shutdown()
[2018.01.18-19.40.21:762][257]LogOnline: Display: OSS: FOnlineAsyncTaskManager::Stop() ActiveTask:0000000000000000 Tasks[0/0]
[2018.01.18-19.40.21:763][257]LogOnline: Display: OSS: FOnlineAsyncTaskManager::Exit() started
[2018.01.18-19.40.21:763][257]LogOnline: Display: OSS: FOnlineAsyncTaskManager::Exit() finished
[2018.01.18-19.40.21:763][257]LogModuleManager: Shutting down and abandoning module XMPP (43)
[2018.01.18-19.40.21:763][257]LogModuleManager: Shutting down and abandoning module HTTP (41)
[2018.01.18-19.40.21:763][257]LogHttp: Display: Http module shutting down, but needs to wait on 1 outstanding Http requests:
[2018.01.18-19.40.21:763][257]LogHttp: Display: 	verb=[POST] url=[https://datarouter.ol.epicgames.com/datarouter/api/v1/public/data?SessionID=%7B5DB2909B-495A-0FDD-477A-7FBD2979357A%7D&AppID=UEEditor.Rocket.Release&AppVersion=4.18.2-3794801%2B%2B%2BUE4%2BRelease-4.18&UserID=463d32804ed0e00b32bdea8316121d1a%7Cbe7002ba347b47079d44449137132371%7C9fb0c685-e72c-4645-aa63-f3eea19a5c0c&AppEnvironment=datacollector-binary&UploadType=eteventstream] status=Processing
[2018.01.18-19.40.21:788][257]LogModuleManager: Shutting down and abandoning module SSL (40)
[2018.01.18-19.40.21:791][257]LogModuleManager: Shutting down and abandoning module AnimationModifiers (36)
[2018.01.18-19.40.21:791][257]LogModuleManager: Shutting down and abandoning module PropertyEditor (35)
[2018.01.18-19.40.21:791][257]LogModuleManager: Shutting down and abandoning module AudioEditor (32)
[2018.01.18-19.40.21:791][257]LogModuleManager: Shutting down and abandoning module TextureCompressor (30)
[2018.01.18-19.40.21:791][257]LogModuleManager: Shutting down and abandoning module ShaderCore (28)
[2018.01.18-19.40.21:791][257]LogModuleManager: Shutting down and abandoning module Landscape (26)
[2018.01.18-19.40.21:791][257]LogModuleManager: Shutting down and abandoning module SlateRHIRenderer (24)
[2018.01.18-19.40.21:807][257]LogModuleManager: Shutting down and abandoning module OpenGLDrv (22)
[2018.01.18-19.40.21:807][257]LogModuleManager: Shutting down and abandoning module D3D11RHI (20)
[2018.01.18-19.40.21:807][257]LogModuleManager: Shutting down and abandoning module AnimGraphRuntime (18)
[2018.01.18-19.40.21:807][257]LogModuleManager: Shutting down and abandoning module Renderer (16)
[2018.01.18-19.40.21:807][257]LogModuleManager: Shutting down and abandoning module Engine (14)
[2018.01.18-19.40.21:807][257]LogModuleManager: Shutting down and abandoning module CoreUObject (12)
[2018.01.18-19.40.21:807][257]LogModuleManager: Shutting down and abandoning module NetworkFile (10)
[2018.01.18-19.40.21:807][257]LogModuleManager: Shutting down and abandoning module CookedIterativeFile (8)
[2018.01.18-19.40.21:807][257]LogModuleManager: Shutting down and abandoning module StreamingFile (6)
[2018.01.18-19.40.21:807][257]LogModuleManager: Shutting down and abandoning module SandboxFile (4)
[2018.01.18-19.40.21:807][257]LogModuleManager: Shutting down and abandoning module PakFile (2)
[2018.01.18-19.40.21:811][257]LogExit: Exiting.
[2018.01.18-19.40.21:853][257]Log file closed, 01/19/18 04:40:21
