Log file open, 01/20/18 02:53:28
LogWindows: Failed to load 'aqProf.dll' (GetLastError=126)
LogWindows: File 'aqProf.dll' does not exist
LogWindows: Failed to load 'VSPerf140.dll' (GetLastError=126)
LogWindows: File 'VSPerf140.dll' does not exist
LogWindows: Failed to load 'VtuneApi.dll' (GetLastError=126)
LogWindows: File 'VtuneApi.dll' does not exist
LogWindows: Failed to load 'VtuneApi32e.dll' (GetLastError=126)
LogWindows: File 'VtuneApi32e.dll' does not exist
LogInit: Display: Running engine for game: main
LogPlatformFile: Not using cached read wrapper
LogInit: Display: RandInit(-1161149756) SRandInit(-1161149756).
LogInit: Read version file with build ID '3709383'
LogInit: Overriding engine version to CL 3794801, compatible CL 3709383
LogInit: Registered custom module enumerator with build ID '3709383'
LogTaskGraph: Started task graph with 5 named threads and 14 total threads with 3 sets of task threads.
LogStats: Stats thread started at 0.696785
LogD3D11RHI: Aftermath initialized
LogPluginManager: Mounting plugin Paper2D
LogPluginManager: Mounting plugin LightPropagationVolume
LogPluginManager: Mounting plugin CodeLiteSourceCodeAccess
LogPluginManager: Mounting plugin GitSourceControl
LogPluginManager: Mounting plugin KDevelopSourceCodeAccess
LogPluginManager: Mounting plugin NullSourceCodeAccess
LogPluginManager: Mounting plugin PerforceSourceControl
LogPluginManager: Mounting plugin SubversionSourceControl
LogPluginManager: Mounting plugin UObjectPlugin
LogPluginManager: Mounting plugin VisualStudioCodeSourceCodeAccess
LogPluginManager: Mounting plugin VisualStudioSourceCodeAccess
LogPluginManager: Mounting plugin XCodeSourceCodeAccess
LogPluginManager: Mounting plugin AssetManagerEditor
LogPluginManager: Mounting plugin AudioCapture
LogPluginManager: Mounting plugin FacialAnimation
LogPluginManager: Mounting plugin GameplayTagsEditor
LogPluginManager: Mounting plugin MobileLauncherProfileWizard
LogPluginManager: Mounting plugin PluginBrowser
LogPluginManager: Mounting plugin SpeedTreeImporter
LogPluginManager: Mounting plugin AlembicImporter
LogPluginManager: Mounting plugin CharacterAI
LogPluginManager: Mounting plugin HTML5Networking
LogPluginManager: Mounting plugin AndroidMedia
LogPluginManager: Mounting plugin AvfMedia
LogPluginManager: Mounting plugin ImgMedia
LogPluginManager: Mounting plugin MediaCompositing
LogPluginManager: Mounting plugin MediaPlayerEditor
LogPluginManager: Mounting plugin WmfMedia
LogPluginManager: Mounting plugin TcpMessaging
LogPluginManager: Mounting plugin UdpMessaging
LogPluginManager: Mounting plugin ActorSequence
LogPluginManager: Mounting plugin LevelSequenceEditor
LogPluginManager: Mounting plugin MatineeToLevelSequence
LogPluginManager: Mounting plugin OnlineSubsystemGooglePlay
LogPluginManager: Mounting plugin OnlineSubsystemIOS
LogPluginManager: Mounting plugin OnlineSubsystem
LogPluginManager: Mounting plugin OnlineSubsystemNull
LogPluginManager: Mounting plugin OnlineSubsystemSteam
LogPluginManager: Mounting plugin OnlineSubsystemUtils
LogPluginManager: Mounting plugin AndroidDeviceProfileSelector
LogPluginManager: Mounting plugin AndroidMoviePlayer
LogPluginManager: Mounting plugin AndroidPermission
LogPluginManager: Mounting plugin AppleARKit
LogPluginManager: Mounting plugin AppleMoviePlayer
LogPluginManager: Mounting plugin ArchVisCharacter
LogPluginManager: Mounting plugin CableComponent
LogPluginManager: Mounting plugin CustomMeshComponent
LogPluginManager: Mounting plugin ExampleDeviceProfileSelector
LogPluginManager: Mounting plugin GoogleCloudMessaging
LogPluginManager: Mounting plugin ImmediatePhysics
LogPluginManager: Mounting plugin IOSDeviceProfileSelector
LogPluginManager: Mounting plugin LinuxDeviceProfileSelector
LogPluginManager: Mounting plugin LocationServicesBPLibrary
LogPluginManager: Mounting plugin MobilePatchingUtils
LogPluginManager: Mounting plugin OculusVR
LogPluginManager: Plugin shader directory ../../../Engine/Plugins/Runtime/Oculus/OculusVR/Shaders found
LogPluginManager: Mapping shader source directory ../../../Engine/Plugins/Runtime/Oculus/OculusVR/Shaders to virtual directory /Plugin/OculusVR
LogPluginManager: Mounting plugin PhysXVehicles
LogPluginManager: Mounting plugin ProceduralMeshComponent
LogPluginManager: Mounting plugin RuntimePhysXCooking
LogPluginManager: Mounting plugin SteamVR
LogPluginManager: Mounting plugin WindowsMoviePlayer
LogModuleManager: Display: Found up-to-date module file E:/really/set/main/Binaries/Win64/UE4Editor-main.dll (API version 3709383).
LogModuleManager: Display: Found up-to-date module file ../../../Engine/Plugins/2D/Paper2D/Binaries/Win64/UE4Editor-Paper2D.dll (API version 3709383).
LogModuleManager: Display: Found up-to-date module file ../../../Engine/Plugins/2D/Paper2D/Binaries/Win64/UE4Editor-Paper2DEditor.dll (API version 3709383).
LogModuleManager: Display: Found up-to-date module file ../../../Engine/Plugins/2D/Paper2D/Binaries/Win64/UE4Editor-PaperSpriteSheetImporter.dll (API version 3709383).
LogModuleManager: Display: Found up-to-date module file ../../../Engine/Plugins/2D/Paper2D/Binaries/Win64/UE4Editor-PaperTiledImporter.dll (API version 3709383).
LogModuleManager: Display: Found up-to-date module file ../../../Engine/Plugins/2D/Paper2D/Binaries/Win64/UE4Editor-SmartSnapping.dll (API version 3709383).
LogModuleManager: Display: Found up-to-date module file ../../../Engine/Plugins/Blendables/LightPropagationVolume/Binaries/Win64/UE4Editor-LightPropagationVolumeRuntime.dll (API version 3709383).
LogModuleManager: Display: Found up-to-date module file ../../../Engine/Plugins/Blendables/LightPropagationVolume/Binaries/Win64/UE4Editor-LightPropagationVolumeEditor.dll (API version 3709383).
LogModuleManager: Display: Found up-to-date module file ../../../Engine/Plugins/Developer/GitSourceControl/Binaries/Win64/UE4Editor-GitSourceControl.dll (API version 3709383).
LogModuleManager: Display: Found up-to-date module file ../../../Engine/Plugins/Developer/PerforceSourceControl/Binaries/Win64/UE4Editor-PerforceSourceControl.dll (API version 3709383).
LogModuleManager: Display: Found up-to-date module file ../../../Engine/Plugins/Developer/SubversionSourceControl/Binaries/Win64/UE4Editor-SubversionSourceControl.dll (API version 3709383).
LogModuleManager: Display: Found up-to-date module file ../../../Engine/Plugins/Developer/UObjectPlugin/Binaries/Win64/UE4Editor-UObjectPlugin.dll (API version 3709383).
LogModuleManager: Display: Found up-to-date module file ../../../Engine/Plugins/Developer/VisualStudioCodeSourceCodeAccess/Binaries/Win64/UE4Editor-VisualStudioCodeSourceCodeAccess.dll (API version 3709383).
LogModuleManager: Display: Found up-to-date module file ../../../Engine/Plugins/Developer/VisualStudioSourceCodeAccess/Binaries/Win64/UE4Editor-VisualStudioSourceCodeAccess.dll (API version 3709383).
LogModuleManager: Display: Found up-to-date module file ../../../Engine/Plugins/Editor/AssetManagerEditor/Binaries/Win64/UE4Editor-AssetManagerEditor.dll (API version 3709383).
LogModuleManager: Display: Found up-to-date module file ../../../Engine/Plugins/Editor/AudioCapture/Binaries/Win64/UE4Editor-AudioCapture.dll (API version 3709383).
LogModuleManager: Display: Found up-to-date module file ../../../Engine/Plugins/Editor/FacialAnimation/Binaries/Win64/UE4Editor-FacialAnimation.dll (API version 3709383).
LogModuleManager: Display: Found up-to-date module file ../../../Engine/Plugins/Editor/FacialAnimation/Binaries/Win64/UE4Editor-FacialAnimationEditor.dll (API version 3709383).
LogModuleManager: Display: Found up-to-date module file ../../../Engine/Plugins/Editor/GameplayTagsEditor/Binaries/Win64/UE4Editor-GameplayTagsEditor.dll (API version 3709383).
LogModuleManager: Display: Found up-to-date module file ../../../Engine/Plugins/Editor/MobileLauncherProfileWizard/Binaries/Win64/UE4Editor-MobileLauncherProfileWizard.dll (API version 3709383).
LogModuleManager: Display: Found up-to-date module file ../../../Engine/Plugins/Editor/PluginBrowser/Binaries/Win64/UE4Editor-PluginBrowser.dll (API version 3709383).
LogModuleManager: Display: Found up-to-date module file ../../../Engine/Plugins/Editor/SpeedTreeImporter/Binaries/Win64/UE4Editor-SpeedTreeImporter.dll (API version 3709383).
LogModuleManager: Display: Found up-to-date module file ../../../Engine/Plugins/Experimental/AlembicImporter/Binaries/Win64/UE4Editor-AlembicImporter.dll (API version 3709383).
LogModuleManager: Display: Found up-to-date module file ../../../Engine/Plugins/Experimental/AlembicImporter/Binaries/Win64/UE4Editor-AlembicLibrary.dll (API version 3709383).
LogModuleManager: Display: Found up-to-date module file ../../../Engine/Plugins/Experimental/CharacterAI/Binaries/Win64/UE4Editor-CharacterAI.dll (API version 3709383).
LogModuleManager: Display: Found up-to-date module file ../../../Engine/Plugins/Experimental/HTML5Networking/Binaries/Win64/UE4Editor-HTML5Networking.dll (API version 3709383).
LogModuleManager: Display: Found up-to-date module file ../../../Engine/Plugins/Media/AndroidMedia/Binaries/Win64/UE4Editor-AndroidMediaEditor.dll (API version 3709383).
LogModuleManager: Display: Found up-to-date module file ../../../Engine/Plugins/Media/AndroidMedia/Binaries/Win64/UE4Editor-AndroidMediaFactory.dll (API version 3709383).
LogModuleManager: Display: Found up-to-date module file ../../../Engine/Plugins/Media/AvfMedia/Binaries/Win64/UE4Editor-AvfMediaEditor.dll (API version 3709383).
LogModuleManager: Display: Found up-to-date module file ../../../Engine/Plugins/Media/AvfMedia/Binaries/Win64/UE4Editor-AvfMediaFactory.dll (API version 3709383).
LogModuleManager: Display: Found up-to-date module file ../../../Engine/Plugins/Media/AvfMedia/Binaries/Win64/UE4Editor-AvfMediaFactory.dll (API version 3709383).
LogModuleManager: Display: Found up-to-date module file ../../../Engine/Plugins/Media/ImgMedia/Binaries/Win64/UE4Editor-ImgMedia.dll (API version 3709383).
LogModuleManager: Display: Found up-to-date module file ../../../Engine/Plugins/Media/ImgMedia/Binaries/Win64/UE4Editor-ImgMediaEditor.dll (API version 3709383).
LogModuleManager: Display: Found up-to-date module file ../../../Engine/Plugins/Media/ImgMedia/Binaries/Win64/UE4Editor-ImgMediaFactory.dll (API version 3709383).
LogModuleManager: Display: Found up-to-date module file ../../../Engine/Plugins/Media/ImgMedia/Binaries/Win64/UE4Editor-ImgMediaFactory.dll (API version 3709383).
LogModuleManager: Display: Found up-to-date module file ../../../Engine/Plugins/Media/ImgMedia/Binaries/Win64/UE4Editor-OpenExrWrapper.dll (API version 3709383).
LogModuleManager: Display: Found up-to-date module file ../../../Engine/Plugins/Media/MediaCompositing/Binaries/Win64/UE4Editor-MediaCompositing.dll (API version 3709383).
LogModuleManager: Display: Found up-to-date module file ../../../Engine/Plugins/Media/MediaCompositing/Binaries/Win64/UE4Editor-MediaCompositingEditor.dll (API version 3709383).
LogModuleManager: Display: Found up-to-date module file ../../../Engine/Plugins/Media/MediaPlayerEditor/Binaries/Win64/UE4Editor-MediaPlayerEditor.dll (API version 3709383).
LogModuleManager: Display: Found up-to-date module file ../../../Engine/Plugins/Media/WmfMedia/Binaries/Win64/UE4Editor-WmfMedia.dll (API version 3709383).
LogModuleManager: Display: Found up-to-date module file ../../../Engine/Plugins/Media/WmfMedia/Binaries/Win64/UE4Editor-WmfMediaEditor.dll (API version 3709383).
LogModuleManager: Display: Found up-to-date module file ../../../Engine/Plugins/Media/WmfMedia/Binaries/Win64/UE4Editor-WmfMediaFactory.dll (API version 3709383).
LogModuleManager: Display: Found up-to-date module file ../../../Engine/Plugins/Media/WmfMedia/Binaries/Win64/UE4Editor-WmfMediaFactory.dll (API version 3709383).
LogModuleManager: Display: Found up-to-date module file ../../../Engine/Plugins/Messaging/TcpMessaging/Binaries/Win64/UE4Editor-TcpMessaging.dll (API version 3709383).
LogModuleManager: Display: Found up-to-date module file ../../../Engine/Plugins/Messaging/UdpMessaging/Binaries/Win64/UE4Editor-UdpMessaging.dll (API version 3709383).
LogModuleManager: Display: Found up-to-date module file ../../../Engine/Plugins/MovieScene/ActorSequence/Binaries/Win64/UE4Editor-ActorSequence.dll (API version 3709383).
LogModuleManager: Display: Found up-to-date module file ../../../Engine/Plugins/MovieScene/LevelSequenceEditor/Binaries/Win64/UE4Editor-LevelSequenceEditor.dll (API version 3709383).
LogModuleManager: Display: Found up-to-date module file ../../../Engine/Plugins/MovieScene/MatineeToLevelSequence/Binaries/Win64/UE4Editor-MatineeToLevelSequence.dll (API version 3709383).
LogModuleManager: Display: Found up-to-date module file ../../../Engine/Plugins/Online/OnlineSubsystem/Binaries/Win64/UE4Editor-OnlineSubsystem.dll (API version 3709383).
LogModuleManager: Display: Found up-to-date module file ../../../Engine/Plugins/Online/OnlineSubsystemNull/Binaries/Win64/UE4Editor-OnlineSubsystemNull.dll (API version 3709383).
LogModuleManager: Display: Found up-to-date module file ../../../Engine/Plugins/Online/OnlineSubsystemSteam/Binaries/Win64/UE4Editor-OnlineSubsystemSteam.dll (API version 3709383).
LogModuleManager: Display: Found up-to-date module file ../../../Engine/Plugins/Online/OnlineSubsystemUtils/Binaries/Win64/UE4Editor-OnlineSubsystemUtils.dll (API version 3709383).
LogModuleManager: Display: Found up-to-date module file ../../../Engine/Plugins/Online/OnlineSubsystemUtils/Binaries/Win64/UE4Editor-OnlineBlueprintSupport.dll (API version 3709383).
LogModuleManager: Display: Found up-to-date module file ../../../Engine/Plugins/Runtime/AndroidDeviceProfileSelector/Binaries/Win64/UE4Editor-AndroidDeviceProfileSelector.dll (API version 3709383).
LogModuleManager: Display: Found up-to-date module file ../../../Engine/Plugins/Runtime/AndroidPermission/Binaries/Win64/UE4Editor-AndroidPermission.dll (API version 3709383).
LogModuleManager: Display: Found up-to-date module file ../../../Engine/Plugins/Runtime/AppleARKit/Binaries/Win64/UE4Editor-AppleARKit.dll (API version 3709383).
LogModuleManager: Display: Found up-to-date module file ../../../Engine/Plugins/Runtime/ArchVisCharacter/Binaries/Win64/UE4Editor-ArchVisCharacter.dll (API version 3709383).
LogModuleManager: Display: Found up-to-date module file ../../../Engine/Plugins/Runtime/CableComponent/Binaries/Win64/UE4Editor-CableComponent.dll (API version 3709383).
LogModuleManager: Display: Found up-to-date module file ../../../Engine/Plugins/Runtime/CustomMeshComponent/Binaries/Win64/UE4Editor-CustomMeshComponent.dll (API version 3709383).
LogModuleManager: Display: Found up-to-date module file ../../../Engine/Plugins/Runtime/ExampleDeviceProfileSelector/Binaries/Win64/UE4Editor-ExampleDeviceProfileSelector.dll (API version 3709383).
LogModuleManager: Display: Found up-to-date module file ../../../Engine/Plugins/Runtime/ImmediatePhysics/Binaries/Win64/UE4Editor-ImmediatePhysics.dll (API version 3709383).
LogModuleManager: Display: Found up-to-date module file ../../../Engine/Plugins/Runtime/ImmediatePhysics/Binaries/Win64/UE4Editor-ImmediatePhysicsEditor.dll (API version 3709383).
LogModuleManager: Display: Found up-to-date module file ../../../Engine/Plugins/Runtime/LocationServicesBPLibrary/Binaries/Win64/UE4Editor-LocationServicesBPLibrary.dll (API version 3709383).
LogModuleManager: Display: Found up-to-date module file ../../../Engine/Plugins/Runtime/MobilePatchingUtils/Binaries/Win64/UE4Editor-MobilePatchingUtils.dll (API version 3709383).
LogModuleManager: Display: Found up-to-date module file ../../../Engine/Plugins/Runtime/Oculus/OculusVR/Binaries/Win64/UE4Editor-OculusHMD.dll (API version 3709383).
LogModuleManager: Display: Found up-to-date module file ../../../Engine/Plugins/Runtime/Oculus/OculusVR/Binaries/Win64/UE4Editor-OculusInput.dll (API version 3709383).
LogModuleManager: Display: Found up-to-date module file ../../../Engine/Plugins/Runtime/Oculus/OculusVR/Binaries/Win64/UE4Editor-OculusEditor.dll (API version 3709383).
LogModuleManager: Display: Found up-to-date module file ../../../Engine/Plugins/Runtime/PhysXVehicles/Binaries/Win64/UE4Editor-PhysXVehicles.dll (API version 3709383).
LogModuleManager: Display: Found up-to-date module file ../../../Engine/Plugins/Runtime/PhysXVehicles/Binaries/Win64/UE4Editor-PhysXVehiclesEditor.dll (API version 3709383).
LogModuleManager: Display: Found up-to-date module file ../../../Engine/Plugins/Runtime/ProceduralMeshComponent/Binaries/Win64/UE4Editor-ProceduralMeshComponent.dll (API version 3709383).
LogModuleManager: Display: Found up-to-date module file ../../../Engine/Plugins/Runtime/ProceduralMeshComponent/Binaries/Win64/UE4Editor-ProceduralMeshComponentEditor.dll (API version 3709383).
LogModuleManager: Display: Found up-to-date module file ../../../Engine/Plugins/Runtime/RuntimePhysXCooking/Binaries/Win64/UE4Editor-RuntimePhysXCooking.dll (API version 3709383).
LogModuleManager: Display: Found up-to-date module file ../../../Engine/Plugins/Runtime/Steam/SteamVR/Binaries/Win64/UE4Editor-SteamVR.dll (API version 3709383).
LogModuleManager: Display: Found up-to-date module file ../../../Engine/Plugins/Runtime/Steam/SteamVR/Binaries/Win64/UE4Editor-SteamVRController.dll (API version 3709383).
LogModuleManager: Display: Found up-to-date module file ../../../Engine/Plugins/Runtime/WindowsMoviePlayer/Binaries/Win64/UE4Editor-WindowsMoviePlayer.dll (API version 3709383).
LogInit: Using libcurl 7.47.1
LogInit:  - built for x86_64-pc-win32
LogInit:  - supports SSL with OpenSSL/1.0.2g
LogInit:  - supports HTTP deflate (compression) using libz 1.2.8
LogInit:  - other features:
LogInit:      CURL_VERSION_SSL
LogInit:      CURL_VERSION_LIBZ
LogInit:      CURL_VERSION_IPV6
LogInit:      CURL_VERSION_ASYNCHDNS
LogInit:      CURL_VERSION_LARGEFILE
LogInit:      CURL_VERSION_IDN
LogInit:  CurlRequestOptions (configurable via config and command line):
LogInit:  - bVerifyPeer = false  - Libcurl will NOT verify peer certificate
LogInit:  - bUseHttpProxy = false  - Libcurl will NOT use HTTP proxy
LogInit:  - bDontReuseConnections = false  - Libcurl will reuse connections
LogInit:  - CertBundlePath = nullptr  - Libcurl will use whatever was configured at build time.
LogOnline: Display: STEAM: Loading Steam SDK 1.39
LogOnline: Warning: STEAM: Steam API disabled!
LogOnline: Display: STEAM: OnlineSubsystemSteam::Shutdown()
LogInit: WinSock: version 1.1 (2.2), MaxSocks=32767, MaxUdp=65467
LogInit: Build: ++UE4+Release-4.18-CL-3794801
LogInit: Engine Version: 4.18.2-3794801+++UE4+Release-4.18
LogInit: Compatible Engine Version: 4.18.0-3709383+++UE4+Release-4.18
LogInit: Net CL: 3709383
LogDevObjectVersion: Number of dev versions registered: 16
LogDevObjectVersion:   Dev-Blueprints (B0D832E4-1F89-4F0D-ACCF-7EB736FD4AA2): 10
LogDevObjectVersion:   Dev-Build (E1C64328-A22C-4D53-A36C-8E866417BD8C): 0
LogDevObjectVersion:   Dev-Core (375EC13C-06E4-48FB-B500-84F0262A717E): 2
LogDevObjectVersion:   Dev-Editor (E4B068ED-F494-42E9-A231-DA0B2E46BB41): 20
LogDevObjectVersion:   Dev-Framework (CFFC743F-43B0-4480-9391-14DF171D2073): 30
LogDevObjectVersion:   Dev-Mobile (B02B49B5-BB20-44E9-A304-32B752E40360): 0
LogDevObjectVersion:   Dev-Networking (A4E4105C-59A1-49B5-A7C5-40C4547EDFEE): 0
LogDevObjectVersion:   Dev-Online (39C831C9-5AE6-47DC-9A44-9C173E1C8E7C): 0
LogDevObjectVersion:   Dev-Physics (78F01B33-EBEA-4F98-B9B4-84EACCB95AA2): 0
LogDevObjectVersion:   Dev-Platform (6631380F-2D4D-43E0-8009-CF276956A95A): 0
LogDevObjectVersion:   Dev-Rendering (12F88B9F-8875-4AFC-A67C-D90C383ABD29): 20
LogDevObjectVersion:   Dev-Sequencer (7B5AE74C-D270-4C10-A958-57980B212A5A): 4
LogDevObjectVersion:   Dev-VR (D7296918-1DD6-4BDD-9DE2-64A83CC13884): 0
LogDevObjectVersion:   Dev-LoadTimes (C2A15278-BFE7-4AFE-6C17-90FF531DF755): 1
LogDevObjectVersion:   Private-Geometry (6EACA3D4-40EC-4CC1-B786-8BED09428FC5): 1
LogDevObjectVersion:   Dev-AnimPhys (29E575DD-E0A3-4627-9D10-D276232CDCEA): 12
LogInit: Compiled (64-bit): Dec  8 2017 02:04:53
LogInit: Compiled with Visual C++: 19.00.24215.01
LogInit: Build Configuration: Development
LogInit: Branch Name: ++UE4+Release-4.18
LogInit: Command line:  
LogInit: Base directory: C:/Program Files/Epic Games/UE_4.18/Engine/Binaries/Win64/
LogInit: Installed Engine Build: 1
LogInit: Presizing for max 8388607 objects, including 0 objects not considered by GC, pre-allocating 0 bytes for permanent pool.
LogInit: Object subsystem initialized
[2018.01.19-17.53.33:102][  0]LogInit: Selected Device Profile: [Windows]
[2018.01.19-17.53.33:102][  0]LogInit: Applying CVar settings loaded from the selected device profile: [Windows]
[2018.01.19-17.53.33:179][  0]LogInit: Computer: DESKTOP-FRCQVUI
[2018.01.19-17.53.33:179][  0]LogInit: User: oner
[2018.01.19-17.53.33:179][  0]LogInit: CPU Page size=4096, Cores=4
[2018.01.19-17.53.33:179][  0]LogInit: High frequency timer resolution =2.630632 MHz
[2018.01.19-17.53.33:180][  0]LogMemory: Memory total: Physical=7.9GB (8GB approx)
[2018.01.19-17.53.33:180][  0]LogMemory: Platform Memory Stats for Windows
[2018.01.19-17.53.33:180][  0]LogMemory: Process Physical Memory: 275.35 MB used, 275.35 MB peak
[2018.01.19-17.53.33:180][  0]LogMemory: Process Virtual Memory: 277.10 MB used, 277.10 MB peak
[2018.01.19-17.53.33:180][  0]LogMemory: Physical Memory: 4920.45 MB used,  3160.30 MB free, 8080.75 MB total
[2018.01.19-17.53.33:180][  0]LogMemory: Virtual Memory: 687.41 MB used,  3160.30 MB free, 134217728.00 MB total
[2018.01.19-17.53.34:725][  0]LogInit: Using OS detected language (ko-KR).
[2018.01.19-17.53.34:725][  0]LogInit: Using OS detected locale (ko-KR).
[2018.01.19-17.53.34:806][  0]LogTextLocalizationManager: No specific localization for 'ko-KR' exists, so the 'ko' localization will be used.
[2018.01.19-17.53.35:084][  0]LogInit: Setting process to per monitor DPI aware
[2018.01.19-17.53.37:902][  0]LogD3D11RHI: D3D11 adapters:
[2018.01.19-17.53.37:954][  0]LogD3D11RHI:    0. 'NVIDIA GeForce GTX 970M' (Feature Level 11_0)
[2018.01.19-17.53.37:954][  0]LogD3D11RHI:       3040/0/4040 MB DedicatedVideo/DedicatedSystem/SharedSystem, Outputs:1, VendorId:0x10de
[2018.01.19-17.53.37:961][  0]LogD3D11RHI:    1. 'Intel(R) HD Graphics 5600' (Feature Level 11_0)
[2018.01.19-17.53.37:961][  0]LogD3D11RHI:       128/0/4040 MB DedicatedVideo/DedicatedSystem/SharedSystem, Outputs:0, VendorId:0x8086
[2018.01.19-17.53.37:965][  0]LogD3D11RHI:    2. 'Microsoft Basic Render Driver' (Feature Level 11_0)
[2018.01.19-17.53.37:965][  0]LogD3D11RHI:       0/0/4040 MB DedicatedVideo/DedicatedSystem/SharedSystem, Outputs:0, VendorId:0x1414
[2018.01.19-17.53.37:965][  0]LogD3D11RHI: Chosen D3D11 Adapter: 0
[2018.01.19-17.53.37:976][  0]LogD3D11RHI: Creating new Direct3DDevice
[2018.01.19-17.53.37:976][  0]LogD3D11RHI:     GPU DeviceId: 0x13d8 (for the marketing name, search the web for "GPU Device Id")
[2018.01.19-17.53.37:976][  0]LogWindows: EnumDisplayDevices:
[2018.01.19-17.53.37:976][  0]LogWindows:    0. 'Intel(R) HD Graphics 5600' (P:1 D:1)
[2018.01.19-17.53.37:976][  0]LogWindows:    1. 'Intel(R) HD Graphics 5600' (P:0 D:0)
[2018.01.19-17.53.37:977][  0]LogWindows:    2. 'Intel(R) HD Graphics 5600' (P:0 D:0)
[2018.01.19-17.53.37:977][  0]LogWindows: DebugString: GetVideoDriverDetailsInvalid PrimaryIsNotTheChoosenAdapter GetVideoDriverDetailsInvalid PrimaryIsNotTheChoosenAdapter GetVideoDriverDetailsInvalid PrimaryIsNotTheChoosenAdapter FoundDriverCount:0 
[2018.01.19-17.53.37:977][  0]LogD3D11RHI:     Adapter Name: NVIDIA GeForce GTX 970M
[2018.01.19-17.53.37:977][  0]LogD3D11RHI:   Driver Version: Unknown (internal:Unknown, unified:Unknown)
[2018.01.19-17.53.37:977][  0]LogD3D11RHI:      Driver Date: Unknown
[2018.01.19-17.53.37:977][  0]LogRHI: Texture pool is 2128 MB (70% of 3040 MB)
[2018.01.19-17.53.38:015][  0]LogD3D11RHI: Async texture creation enabled
[2018.01.19-17.53.38:200][  0]LogD3D11RHI: GPU Timing Frequency: 1000.000000 (Debug: 2 1)
[2018.01.19-17.53.38:208][  0]LogShaderCompilers: Guid format shader working directory is 25 characters bigger than the processId version (E:/really/set/main/Intermediate/Shaders/WorkingDirectory/7356/).
[2018.01.19-17.53.38:209][  0]LogShaderCompilers: Cleaned the shader compiler working directory 'C:/Users/강망/AppData/Local/Temp/UnrealShaderWorkingDir/C20D296D47D488AB4EC04290C3FA965B/'.
[2018.01.19-17.53.38:210][  0]LogShaderCompilers: Display: Using Local Shader Compiler.
[2018.01.19-17.53.42:536][  0]LogTemp: Display: Loaded TP AllDesktopTargetPlatform
[2018.01.19-17.53.42:668][  0]LogTemp: Display: Loaded TP MacClientTargetPlatform
[2018.01.19-17.53.42:803][  0]LogTemp: Display: Loaded TP MacNoEditorTargetPlatform
[2018.01.19-17.53.42:914][  0]LogTemp: Display: Loaded TP MacServerTargetPlatform
[2018.01.19-17.53.43:057][  0]LogTemp: Display: Loaded TP MacTargetPlatform
[2018.01.19-17.53.43:281][  0]LogTemp: Display: Loaded TP WindowsClientTargetPlatform
[2018.01.19-17.53.43:475][  0]LogTemp: Display: Loaded TP WindowsNoEditorTargetPlatform
[2018.01.19-17.53.43:676][  0]LogTemp: Display: Loaded TP WindowsServerTargetPlatform
[2018.01.19-17.53.43:816][  0]LogTemp: Display: Loaded TP WindowsTargetPlatform
[2018.01.19-17.53.43:957][  0]LogTemp: Display: Loaded TP Android_ASTCTargetPlatform
[2018.01.19-17.53.44:083][  0]LogTemp: Display: Loaded TP Android_ATCTargetPlatform
[2018.01.19-17.53.44:212][  0]LogTemp: Display: Loaded TP Android_DXTTargetPlatform
[2018.01.19-17.53.44:311][  0]LogTemp: Display: Loaded TP Android_ETC1TargetPlatform
[2018.01.19-17.53.44:416][  0]LogTemp: Display: Loaded TP Android_ETC2TargetPlatform
[2018.01.19-17.53.44:615][  0]LogTemp: Display: Loaded TP Android_MultiTargetPlatform
[2018.01.19-17.53.44:615][  0]LogTemp: Display: Loaded TP Android_PVRTCTargetPlatform
[2018.01.19-17.53.44:720][  0]LogTemp: Display: Loaded TP AndroidTargetPlatform
[2018.01.19-17.53.44:800][  0]LogTemp: Display: Loaded TP HTML5TargetPlatform
[2018.01.19-17.53.44:973][  0]LogTemp: Display: Loaded TP IOSTargetPlatform
[2018.01.19-17.53.45:025][  0]LogTemp: Display: Loaded TP TVOSTargetPlatform
[2018.01.19-17.53.45:132][  0]LogTemp: Display: Loaded TP LinuxClientTargetPlatform
[2018.01.19-17.53.45:255][  0]LogTemp: Display: Loaded TP LinuxNoEditorTargetPlatform
[2018.01.19-17.53.45:385][  0]LogTemp: Display: Loaded TP LinuxServerTargetPlatform
[2018.01.19-17.53.45:514][  0]LogTemp: Display: Loaded TP LinuxTargetPlatform
[2018.01.19-17.53.45:514][  0]LogTargetPlatformManager: Display: Building Assets For Windows
[2018.01.19-17.53.46:622][  0]LogDerivedDataCache: Display: Max Cache Size: 512 MB
[2018.01.19-17.53.47:044][  0]LogDerivedDataCache: Loaded boot cache 0.42s 94MB C:/Users/강망/AppData/Local/UnrealEngine/4.18/DerivedDataCache/Boot.ddc.
[2018.01.19-17.53.47:044][  0]LogDerivedDataCache: Display: Loaded Boot cache: C:/Users/강망/AppData/Local/UnrealEngine/4.18/DerivedDataCache/Boot.ddc
[2018.01.19-17.53.47:044][  0]LogDerivedDataCache: FDerivedDataBackendGraph:  Pak pak cache file E:/really/set/main/DerivedDataCache/DDC.ddp not found, will not use a pak cache.
[2018.01.19-17.53.47:044][  0]LogDerivedDataCache: Unable to find inner node Pak for hierarchical cache Hierarchy.
[2018.01.19-17.53.47:044][  0]LogDerivedDataCache: FDerivedDataBackendGraph:  CompressedPak pak cache file E:/really/set/main/DerivedDataCache/Compressed.ddp not found, will not use a pak cache.
[2018.01.19-17.53.47:044][  0]LogDerivedDataCache: Unable to find inner node CompressedPak for hierarchical cache Hierarchy.
[2018.01.19-17.53.47:079][  0]LogDerivedDataCache: Display: Pak cache opened for reading ../../../Engine/DerivedDataCache/Compressed.ddp.
[2018.01.19-17.53.47:092][  0]LogDerivedDataCache: Using Local data cache path C:/Users/강망/AppData/Local/UnrealEngine/Common/DerivedDataCache: Writable
[2018.01.19-17.53.47:109][  0]LogMaterial: Verifying Global Shaders for PCD3D_SM5
[2018.01.19-17.53.47:114][  0]LogSlate: Using Freetype 2.6.0
[2018.01.19-17.53.47:129][  0]LogSlate: SlateFontCache - WITH_FREETYPE: 1, WITH_HARFBUZZ: 1
[2018.01.19-17.53.47:129][  0]LogSlate: SlateFontCache - WITH_FREETYPE: 1, WITH_HARFBUZZ: 1
[2018.01.19-17.53.48:141][  0]LogInit: Selected Device Profile: [Windows]
[2018.01.19-17.53.49:222][  0]LogSimplygon: Simplygon DLL not present - disabling.
[2018.01.19-17.53.49:351][  0]LogMeshReduction: Using SimplygonSwarm for distributed automatic mesh merging
[2018.01.19-17.53.49:352][  0]LogMeshReduction: Using QuadricMeshReduction for automatic static mesh reduction
[2018.01.19-17.53.49:352][  0]LogMeshReduction: No automatic skeletal mesh reduction module available
[2018.01.19-17.53.49:352][  0]LogMeshReduction: No automatic mesh merging module available
[2018.01.19-17.53.49:352][  0]LogMeshMerging: No automatic mesh merging module available
[2018.01.19-17.53.49:638][  0]LogNetVersion: main , NetCL: 3709383, EngineNetVer: 2, GameNetVer: 0 (Checksum: 1998149536)
[2018.01.19-17.53.50:367][  0]LogAssetRegistry: FAssetRegistry took 0.0331 seconds to start up
[2018.01.19-17.53.52:473][  0]LogPackageLocalizationCache: Processed 7 localized package path(s) for 2 prioritized culture(s) in 0.105925 seconds
[2018.01.19-17.53.52:489][  0]LogUObjectArray: 35907 objects as part of root set at end of initial load.
[2018.01.19-17.53.52:489][  0]LogUObjectAllocator: 7585960 out of 0 bytes used by permanent object pool.
[2018.01.19-17.53.52:489][  0]LogUObjectArray: CloseDisregardForGC: 0/0 objects in disregard for GC pool
[2018.01.19-17.54.01:867][  0]LogTcpMessaging: Initializing TcpMessaging bridge
[2018.01.19-17.54.01:948][  0]LogUdpMessaging: Initializing bridge on interface 0.0.0.0:0 to multicast group 230.0.0.1:6666.
[2018.01.19-17.54.03:920][  0]LogPackageName: Warning: String asset reference "JW_FlameDungeon.FX.SM_FX_Embers" is in short form, which is unsupported and -- even if valid -- resolving it will be really slow.
[2018.01.19-17.54.03:920][  0]LogPackageName: Warning: Please consider resaving package in order to speed-up loading.
[2018.01.19-17.54.03:920][  0]LogPackageName: SearchForPackageOnDisk took   0.247s, but failed to resolve JW_FlameDungeon.
[2018.01.19-17.54.03:920][  0]LogPackageName: Warning: String asset reference "JW_FlameDungeon.FX.SM_FX_Embers" could not be resolved.
[2018.01.19-17.54.03:920][  0]LogPackageName: Warning: String asset reference "JW_FlameDungeon.FX.SM_FogPlane02" is in short form, which is unsupported and -- even if valid -- resolving it will be really slow.
[2018.01.19-17.54.03:920][  0]LogPackageName: Warning: Please consider resaving package in order to speed-up loading.
[2018.01.19-17.54.03:920][  0]LogPackageName: SearchForPackageOnDisk took   0.142s, but failed to resolve JW_FlameDungeon.
[2018.01.19-17.54.03:920][  0]LogPackageName: Warning: String asset reference "JW_FlameDungeon.FX.SM_FogPlane02" could not be resolved.
[2018.01.19-17.54.03:988][  0]LogBlueprint: Warning: [Compiler ThirdPersonCharacter] 입력 액션 이벤트가  click 입력 액션  에 대한 미확인 'click' 액션을 레퍼런싱합니다.
[2018.01.19-17.54.04:015][  0]LogBlueprint: Warning: [Compiler ThirdPersonCharacter] [0040.08] ThirdPersonCharacter 컴파일에 성공했습니다만, 경고가 1 회 있습니다. [소요시간 63 ms] (/Game/ThirdPersonCPP/Blueprints/ThirdPersonCharacter.ThirdPersonCharacter)
[2018.01.19-17.54.04:692][  0]LogMaterial: Uniform references updated for custom material expression Custom.
[2018.01.19-17.54.05:694][  0]SourceControl: 소스 콘트롤이 꺼졌습니다.
[2018.01.19-17.54.06:967][  0]LogPackageName: Warning: String asset reference "StaticMesh'FX_Meshes_IB.SM_Debris_Box_RadialFull'" is in short form, which is unsupported and -- even if valid -- resolving it will be really slow.
[2018.01.19-17.54.06:967][  0]LogPackageName: Warning: Please consider resaving package in order to speed-up loading.
[2018.01.19-17.54.06:967][  0]LogPackageName: SearchForPackageOnDisk took   0.278s, but failed to resolve StaticMesh'FX_Meshes_IB.
[2018.01.19-17.54.06:967][  0]LogPackageName: Warning: String asset reference "StaticMesh'FX_Meshes_IB.SM_Debris_Box_RadialFull'" could not be resolved.
[2018.01.19-17.54.06:967][  0]LogPackageName: Warning: String asset reference "JW_Ice_Mountain.Mesh.SM_SnowBoulder" is in short form, which is unsupported and -- even if valid -- resolving it will be really slow.
[2018.01.19-17.54.06:967][  0]LogPackageName: Warning: Please consider resaving package in order to speed-up loading.
[2018.01.19-17.54.06:967][  0]LogPackageName: SearchForPackageOnDisk took   0.220s, but failed to resolve JW_Ice_Mountain.
[2018.01.19-17.54.06:967][  0]LogPackageName: Warning: String asset reference "JW_Ice_Mountain.Mesh.SM_SnowBoulder" could not be resolved.
[2018.01.19-17.54.08:192][  0]LogPackageName: Warning: String asset reference "FX_Meshes.UI.SM_SelectionMesh_01" is in short form, which is unsupported and -- even if valid -- resolving it will be really slow.
[2018.01.19-17.54.08:192][  0]LogPackageName: Warning: Please consider resaving package in order to speed-up loading.
[2018.01.19-17.54.08:192][  0]LogPackageName: SearchForPackageOnDisk took   0.211s, but failed to resolve FX_Meshes.
[2018.01.19-17.54.08:192][  0]LogPackageName: Warning: String asset reference "FX_Meshes.UI.SM_SelectionMesh_01" could not be resolved.
[2018.01.19-17.54.08:192][  0]LogPackageName: Warning: String asset reference "FX_Meshes.UI.SM_SelectionMesh_01" is in short form, which is unsupported and -- even if valid -- resolving it will be really slow.
[2018.01.19-17.54.08:192][  0]LogPackageName: Warning: Please consider resaving package in order to speed-up loading.
[2018.01.19-17.54.08:192][  0]LogPackageName: SearchForPackageOnDisk took   0.183s, but failed to resolve FX_Meshes.
[2018.01.19-17.54.08:192][  0]LogPackageName: Warning: String asset reference "FX_Meshes.UI.SM_SelectionMesh_01" could not be resolved.
[2018.01.19-17.54.08:192][  0]LogPackageName: Warning: String asset reference "'FX_Ambient.Meshes.SM_Bats'" is in short form, which is unsupported and -- even if valid -- resolving it will be really slow.
[2018.01.19-17.54.08:192][  0]LogPackageName: Warning: Please consider resaving package in order to speed-up loading.
[2018.01.19-17.54.08:192][  0]LogPackageName: SearchForPackageOnDisk took   0.189s, but failed to resolve 'FX_Ambient.
[2018.01.19-17.54.08:192][  0]LogPackageName: Warning: String asset reference "'FX_Ambient.Meshes.SM_Bats'" could not be resolved.
[2018.01.19-17.54.08:192][  0]LogPackageName: Warning: String asset reference "CastleEffects.TouchToMoveArrow" is in short form, which is unsupported and -- even if valid -- resolving it will be really slow.
[2018.01.19-17.54.08:192][  0]LogPackageName: Warning: Please consider resaving package in order to speed-up loading.
[2018.01.19-17.54.08:192][  0]LogPackageName: SearchForPackageOnDisk took   0.266s, but failed to resolve CastleEffects.
[2018.01.19-17.54.08:192][  0]LogPackageName: Warning: String asset reference "CastleEffects.TouchToMoveArrow" could not be resolved.
[2018.01.19-17.54.08:924][  0]LogPackageName: Warning: String asset reference "StaticMesh'FX_Meshes.Fire.SM_Dungeon_Pipes_Lava01_Cool'" is in short form, which is unsupported and -- even if valid -- resolving it will be really slow.
[2018.01.19-17.54.08:924][  0]LogPackageName: Warning: Please consider resaving package in order to speed-up loading.
[2018.01.19-17.54.08:924][  0]LogPackageName: SearchForPackageOnDisk took   0.193s, but failed to resolve StaticMesh'FX_Meshes.
[2018.01.19-17.54.08:924][  0]LogPackageName: Warning: String asset reference "StaticMesh'FX_Meshes.Fire.SM_Dungeon_Pipes_Lava01_Cool'" could not be resolved.
[2018.01.19-17.54.08:924][  0]LogPackageName: Warning: String asset reference "m_FogSheet_02" is in short form, which is unsupported and -- even if valid -- resolving it will be really slow.
[2018.01.19-17.54.08:924][  0]LogPackageName: Warning: Please consider resaving package in order to speed-up loading.
[2018.01.19-17.54.08:924][  0]LogAndroidPermission: UAndroidPermissionCallbackProxy::GetInstance
[2018.01.19-17.54.09:427][  0]LogPackageName: SearchForPackageOnDisk took   0.199s to resolve m_FogSheet_02.
[2018.01.19-17.54.09:427][  0]LogPackageName: Warning: String asset reference "FX_Test_LAN.Meshes.SM_IceWall01" is in short form, which is unsupported and -- even if valid -- resolving it will be really slow.
[2018.01.19-17.54.09:427][  0]LogPackageName: Warning: Please consider resaving package in order to speed-up loading.
[2018.01.19-17.54.09:556][  0]LogOcInput: OculusInput pre-init called
[2018.01.19-17.54.10:289][  0]LogPackageName: SearchForPackageOnDisk took   0.202s, but failed to resolve FX_Test_LAN.
[2018.01.19-17.54.10:289][  0]LogPackageName: Warning: String asset reference "FX_Test_LAN.Meshes.SM_IceWall01" could not be resolved.
[2018.01.19-17.54.10:289][  0]LogEngine: Initializing Engine...
[2018.01.19-17.54.10:295][  0]LogHMD: Failed to initialize OpenVR with code 110
[2018.01.19-17.54.10:485][  0]LogPackageName: Warning: String asset reference "m_FogSheet_02" is in short form, which is unsupported and -- even if valid -- resolving it will be really slow.
[2018.01.19-17.54.10:485][  0]LogPackageName: Warning: Please consider resaving package in order to speed-up loading.
[2018.01.19-17.54.10:622][  0]LogStats: UGameplayTagsManager::ConstructGameplayTagTree: Construct from data asset -  0.000 s
[2018.01.19-17.54.10:623][  0]LogStats: UGameplayTagsManager::ConstructGameplayTagTree: GameplayTagTreeChangedEvent.Broadcast -  0.000 s
[2018.01.19-17.54.10:926][  0]LogPackageName: SearchForPackageOnDisk took   0.220s to resolve m_FogSheet_02.
[2018.01.19-17.54.10:926][  0]LogPackageName: Warning: String asset reference "m_FogSheet_02" is in short form, which is unsupported and -- even if valid -- resolving it will be really slow.
[2018.01.19-17.54.10:926][  0]LogPackageName: Warning: Please consider resaving package in order to speed-up loading.
[2018.01.19-17.54.10:926][  0]LogPackageName: SearchForPackageOnDisk took   0.182s to resolve m_FogSheet_02.
[2018.01.19-17.54.10:926][  0]LogPackageName: Warning: String asset reference "m_FogSheet_02" is in short form, which is unsupported and -- even if valid -- resolving it will be really slow.
[2018.01.19-17.54.10:926][  0]LogPackageName: Warning: Please consider resaving package in order to speed-up loading.
[2018.01.19-17.54.10:926][  0]LogAIModule: Creating AISystem for world Untitled
[2018.01.19-17.54.10:952][  0]LogInit: XAudio2 using '스피커(Realtek High Definition Audio)' : 2 channels at 48 kHz using 32 bits per sample (channel mask 0x3)
[2018.01.19-17.54.10:975][  0]LogInit: FAudioDevice initialized.
[2018.01.19-17.54.11:168][  0]LogPackageName: SearchForPackageOnDisk took   0.188s to resolve m_FogSheet_02.
[2018.01.19-17.54.11:168][  0]LogDerivedDataCache: Saved boot cache 0.19s 94MB C:/Users/강망/AppData/Local/UnrealEngine/4.18/DerivedDataCache/Boot.ddc.
[2018.01.19-17.54.11:206][  0]LogInit: Texture streaming: Enabled
[2018.01.19-17.54.11:450][  0]LogEngineSessionManager: EngineSessionManager initialized
[2018.01.19-17.54.11:802][  0]LogInit: Transaction tracking system initialized
[2018.01.19-17.54.12:621][  0]BlueprintLog: New page: 에디터 로드
[2018.01.19-17.54.14:989][  0]LocalizationService: 현지화 서비스가 비활성화되었습니다.
[2018.01.19-17.54.17:276][  0]LogConsoleResponse: Display: 
[2018.01.19-17.54.18:072][  0]LogCook: Display: Max memory allowance for cook 16384mb min free memory 0mb
[2018.01.19-17.54.18:073][  0]LogCook: Display: Mobile HDR setting 1
[2018.01.19-17.54.18:074][  0]LogGameplayTags: Display: UGameplayTagsManager::DoneAddingNativeTags. DelegateIsBound: 0
[2018.01.19-17.54.18:748][  0]LogFileCache: Scanning file cache for directory 'E:/really/set/main/Content/' took 0.11s
[2018.01.19-17.54.21:205][  0]LogSlate: Took 0.007389 seconds to synchronously load lazily loaded font '../../../Engine/Content/Slate/Fonts/Roboto-Regular.ttf' (155K)
[2018.01.19-17.54.21:231][  0]LogSlate: Took 0.025970 seconds to synchronously load lazily loaded font '../../../Engine/Content/Slate/Fonts/NanumGothic.ttf' (4243K)
[2018.01.19-17.54.21:905][  0]LogPackageName: Warning: String asset reference "JW_Ice_Mountain.Mesh.SM_SnowBoulder" is in short form, which is unsupported and -- even if valid -- resolving it will be really slow.
[2018.01.19-17.54.21:905][  0]LogPackageName: Warning: Please consider resaving package in order to speed-up loading.
[2018.01.19-17.54.22:141][  0]LogPackageName: SearchForPackageOnDisk took   0.238s, but failed to resolve JW_Ice_Mountain.
[2018.01.19-17.54.22:141][  0]LogPackageName: Warning: String asset reference "JW_Ice_Mountain.Mesh.SM_SnowBoulder" could not be resolved.
[2018.01.19-17.54.22:213][  0]LogPackageName: Warning: String asset reference "S_Survival_CA_Chicken_02.SM.S_Survival_CA_Chicken_02" is in short form, which is unsupported and -- even if valid -- resolving it will be really slow.
[2018.01.19-17.54.22:213][  0]LogPackageName: Warning: Please consider resaving package in order to speed-up loading.
[2018.01.19-17.54.22:513][  0]LogPackageName: SearchForPackageOnDisk took   0.292s to resolve S_Survival_CA_Chicken_02.
[2018.01.19-17.54.23:252][  0]LogPackageName: Warning: String asset reference "JW_Ice_Mountain.Mesh.SM_SnowBoulder" is in short form, which is unsupported and -- even if valid -- resolving it will be really slow.
[2018.01.19-17.54.23:252][  0]LogPackageName: Warning: Please consider resaving package in order to speed-up loading.
[2018.01.19-17.54.23:424][  0]LogPackageName: SearchForPackageOnDisk took   0.166s, but failed to resolve JW_Ice_Mountain.
[2018.01.19-17.54.23:424][  0]LogPackageName: Warning: String asset reference "JW_Ice_Mountain.Mesh.SM_SnowBoulder" could not be resolved.
[2018.01.19-17.54.23:458][  0]LogPackageName: Warning: String asset reference "Env_ALL_Artifacts.Mesh.Env_ALL_Terminus001" is in short form, which is unsupported and -- even if valid -- resolving it will be really slow.
[2018.01.19-17.54.23:458][  0]LogPackageName: Warning: Please consider resaving package in order to speed-up loading.
[2018.01.19-17.54.23:595][  0]LogPackageName: SearchForPackageOnDisk took   0.142s, but failed to resolve Env_ALL_Artifacts.
[2018.01.19-17.54.23:595][  0]LogPackageName: Warning: String asset reference "Env_ALL_Artifacts.Mesh.Env_ALL_Terminus001" could not be resolved.
[2018.01.19-17.54.24:453][  0]LogPackageName: Warning: String asset reference "S_ClothTarps_03.SM.Mesh.S_ClothTarps_03" is in short form, which is unsupported and -- even if valid -- resolving it will be really slow.
[2018.01.19-17.54.24:453][  0]LogPackageName: Warning: Please consider resaving package in order to speed-up loading.
[2018.01.19-17.54.24:678][  0]LogPackageName: SearchForPackageOnDisk took   0.230s, but failed to resolve S_ClothTarps_03.
[2018.01.19-17.54.24:678][  0]LogPackageName: Warning: String asset reference "S_ClothTarps_03.SM.Mesh.S_ClothTarps_03" could not be resolved.
[2018.01.19-17.54.30:140][  0]LogWindowsTextInputMethodSystem: Display: IME system now activated using TSF (Microsoft 입력기).
[2018.01.19-17.54.30:179][  0]LogWindowsTextInputMethodSystem: Display: IME system now activated using TSF (Microsoft 입력기).
[2018.01.19-17.54.33:356][  0]LogWindowsTextInputMethodSystem: Display: IME system now activated using TSF (Microsoft 입력기).
[2018.01.19-17.54.33:711][  0]LogWindowsTextInputMethodSystem: Display: IME system now activated using TSF (Microsoft 입력기).
[2018.01.19-17.54.33:715][  0]Cmd: MAP LOAD FILE="E:/really/set/main/Content/pratice/wonseok/MultiPlay/Maps/MainMenu.umap" TEMPLATE=0 SHOWPROGRESS=1 FEATURELEVEL=3
[2018.01.19-17.54.33:742][  0]LightingResults: New page: 라이팅 빌드
[2018.01.19-17.54.33:926][  0]MapCheck: New page: 맵 체크
[2018.01.19-17.54.33:926][  0]LightingResults: New page: 라이팅 빌드
[2018.01.19-17.54.35:189][  0]LogTexture: Display: 텍스처 빌드: healthbarfill (BGRA8, 1062X100)
[2018.01.19-17.54.35:189][  0]LogTexture: Display: 텍스처 빌드: healthbarfill3 (BGRA8, 1047X96)
[2018.01.19-17.54.35:189][  0]LogAIModule: Creating AISystem for world MainMenu
[2018.01.19-17.54.35:200][  0]LogEditorServer: Finished looking for orphan Actors (0.000 secs)
[2018.01.19-17.54.35:239][  0]Cmd: MAP CHECKDEP NOCLEARLOG
[2018.01.19-17.54.35:396][  0]MapCheck: 맵 체크 완료: 오류 0 회, 경고 0 회, 소요 시간 156.655ms.
[2018.01.19-17.54.35:396][  0]LogFileHelpers: Loading map 'MainMenu' took 1.682
[2018.01.19-17.54.35:860][  0]LogStats: Warning: MetaData mismatch. Did you assign a stat to two groups? New //STATGROUP_Threads//SplashScreenThread///Thread_1594_0///####STATCAT_Advanced#### old //STATGROUP_Threads//SplashScreenThread///Thread_1c88_0///####STATCAT_Advanced####
[2018.01.19-17.54.35:860][  0]LogCollectionManager: Loaded 0 collections in 0.005247 seconds
[2018.01.19-17.54.36:062][  0]LogFileCache: Scanning file cache for directory 'E:/really/set/main/Saved/Collections/' took 0.01s
[2018.01.19-17.54.36:062][  0]LogFileCache: Scanning file cache for directory 'E:/really/set/main/Content/Developers/oner/Collections/' took 0.01s
[2018.01.19-17.54.36:062][  0]LogFileCache: Scanning file cache for directory 'E:/really/set/main/Content/Collections/' took 0.01s
[2018.01.19-17.54.36:063][  0]LogCollectionManager: Rebuilt the GUID cache for 0 collections in 0.000000 seconds
[2018.01.19-17.54.36:080][  0]LogContentBrowser: Native class hierarchy populated in 0.0157 seconds. Added 2367 classes and 524 folders.
[2018.01.19-17.54.36:254][  0]LogContentBrowser: Native class hierarchy updated for 'WidgetCarousel' in 0.0008 seconds. Added 0 classes and 0 folders.
[2018.01.19-17.54.36:915][  0]LogContentBrowser: Native class hierarchy updated for 'AddContentDialog' in 0.0007 seconds. Added 0 classes and 0 folders.
[2018.01.19-17.54.37:025][  0]LogContentBrowser: Native class hierarchy updated for 'SceneOutliner' in 0.0010 seconds. Added 1 classes and 2 folders.
[2018.01.19-17.54.37:343][  0]LogSlate: Took 0.009262 seconds to synchronously load lazily loaded font '../../../Engine/Content/Slate/Fonts/Roboto-Bold.ttf' (160K)
[2018.01.19-17.54.37:365][  0]LogSlate: Took 0.009001 seconds to synchronously load lazily loaded font '../../../Engine/Content/Editor/Slate/Fonts/FontAwesome.ttf' (139K)
[2018.01.19-17.54.37:838][  0]LogRenderer: Reallocating scene render targets to support 1188x576 Format 9 NumSamples 1 (Frame:1).
[2018.01.19-17.54.38:411][  0]LogContentBrowser: Native class hierarchy updated for 'HierarchicalLODOutliner' in 0.0014 seconds. Added 1 classes and 2 folders.
[2018.01.19-17.54.38:412][  0]LogLoad: (Engine Initialization) Total time: 74.48 seconds
[2018.01.19-17.54.38:412][  0]LogLoad: (Engine Initialization) Total Blueprint compile time: 0.00 seconds
[2018.01.19-17.54.38:412][  0]LogExternalProfiler: No external profilers were discovered.  External profiling features will not be available.
[2018.01.19-17.54.38:482][  0]SourceControl: On branch master
[2018.01.19-17.54.38:482][  0]SourceControl: Changes not staged for commit:
[2018.01.19-17.54.38:482][  0]SourceControl:   (use "git add/rm <file>..." to update what will be committed)
[2018.01.19-17.54.38:482][  0]SourceControl:   (use "git checkout -- <file>..." to discard changes in working directory)
[2018.01.19-17.54.38:482][  0]SourceControl: 	modified:   set/main/Content/InfinityBladeGrassLands/Maps/map.umap
[2018.01.19-17.54.38:482][  0]SourceControl: 	modified:   set/main/Content/pratice/sinyoung/MixamoAnimPack/Mixamo_SWAT/Anims/SWATanimblueprint.uasset
[2018.01.19-17.54.38:482][  0]SourceControl: 	modified:   set/main/Content/pratice/sinyoung/MixamoAnimPack/Mixamo_SWAT/Anims/combo1mon.uasset
[2018.01.19-17.54.38:482][  0]SourceControl: 	modified:   set/main/Content/pratice/sinyoung/MixamoAnimPack/Mixamo_SWAT/Mesh/Maximo_SWAT_Skeleton.uasset
[2018.01.19-17.54.38:482][  0]SourceControl: 	modified:   set/main/Content/pratice/sinyoung/testaim.uasset
[2018.01.19-17.54.38:482][  0]SourceControl: 	modified:   set/main/Intermediate/Config/CoalescedSourceConfigs/Engine.ini
[2018.01.19-17.54.38:482][  0]SourceControl: 	modified:   set/main/Saved/Autosaves/PackageRestoreData.json
[2018.01.19-17.54.38:482][  0]SourceControl: 	modified:   set/main/Saved/Config/Windows/Editor.ini
[2018.01.19-17.54.38:482][  0]SourceControl: 	deleted:    set/main/Saved/Logs/main-backup-2018.01.18-21.12.16.log
[2018.01.19-17.54.38:482][  0]SourceControl: 	deleted:    set/main/Saved/Logs/main-backup-2018.01.18-23.29.48.log
[2018.01.19-17.54.38:482][  0]SourceControl: 	deleted:    set/main/Saved/Logs/main-backup-2018.01.19-01.19.39.log
[2018.01.19-17.54.38:482][  0]SourceControl: 	deleted:    set/main/Saved/Logs/main-backup-2018.01.19-01.28.42.log
[2018.01.19-17.54.38:482][  0]SourceControl: 	deleted:    set/main/Saved/Logs/main-backup-2018.01.19-01.33.11.log
[2018.01.19-17.54.38:482][  0]SourceControl: 	deleted:    set/main/Saved/Logs/main-backup-2018.01.19-01.39.52.log
[2018.01.19-17.54.38:482][  0]SourceControl: 	deleted:    set/main/Saved/Logs/main-backup-2018.01.19-01.40.43.log
[2018.01.19-17.54.38:483][  0]SourceControl: 	deleted:    set/main/Saved/Logs/main-backup-2018.01.19-01.51.54.log
[2018.01.19-17.54.38:483][  0]SourceControl: 	deleted:    set/main/Saved/Logs/main-backup-2018.01.19-03.08.31.log
[2018.01.19-17.54.38:483][  0]SourceControl: 	deleted:    set/main/Saved/Logs/main-backup-2018.01.19-03.33.18.log
[2018.01.19-17.54.38:483][  0]SourceControl: 	deleted:    set/main/Saved/Logs/main-backup-2018.01.19-04.27.14.log
[2018.01.19-17.54.38:483][  0]SourceControl: 	modified:   set/main/Saved/Logs/main.log
[2018.01.19-17.54.38:483][  0]SourceControl: 	deleted:    set/main/Saved/Logs/main_2-backup-2018.01.19-01.22.29.log
[2018.01.19-17.54.38:483][  0]SourceControl: 	deleted:    set/main/Saved/Logs/main_2-backup-2018.01.19-01.22.38.log
[2018.01.19-17.54.38:483][  0]SourceControl: 	deleted:    set/main/Saved/Logs/main_2-backup-2018.01.19-01.23.08.log
[2018.01.19-17.54.38:483][  0]SourceControl: 	deleted:    set/main/Saved/Logs/main_2-backup-2018.01.19-01.23.31.log
[2018.01.19-17.54.38:483][  0]SourceControl: 	deleted:    set/main/Saved/Logs/main_2-backup-2018.01.19-01.26.51.log
[2018.01.19-17.54.38:483][  0]SourceControl: 	deleted:    set/main/Saved/Logs/main_2-backup-2018.01.19-01.27.39.log
[2018.01.19-17.54.38:483][  0]SourceControl: Untracked files:
[2018.01.19-17.54.38:483][  0]SourceControl:   (use "git add <file>..." to include in what will be committed)
[2018.01.19-17.54.38:483][  0]SourceControl: 	set/main/Saved/Config/CrashReportClient/UE4CC-Windows-5938A31948970B3862E54AA0FD00B14B/
[2018.01.19-17.54.38:483][  0]SourceControl: 	set/main/Saved/Logs/main-backup-2018.01.20-02.53.27.log
[2018.01.19-17.54.38:483][  0]SourceControl: no changes added to commit (use "git add" and/or "git commit -a")
[2018.01.19-17.54.38:484][  0]LogContentStreaming: Texture pool size now 400 MB
[2018.01.19-17.54.39:529][ 31]LogSlate: Took 0.007927 seconds to synchronously load lazily loaded font '../../../Engine/Content/Slate/Fonts/Roboto-Light.ttf' (159K)
[2018.01.19-17.54.42:978][136]LogSlate: Took 0.000287 seconds to synchronously load lazily loaded font '../../../Engine/Content/Slate/Fonts/Roboto-Light.ttf' (159K)
[2018.01.19-17.54.43:787][158]LogFileCache: Retrieving MD5 hashes for directory 'E:/really/set/main/Content/' took 5.33s
[2018.01.19-17.54.47:001][252]LogAssetRegistry: Asset discovery search completed in 56.6558 seconds
[2018.01.19-17.54.47:016][252]LogCollectionManager: Rebuilt the object cache for 0 collections in 0.000000 seconds (found 0 objects)
[2018.01.19-17.54.47:016][252]LogCollectionManager: Fixed up redirectors for 0 collections in 0.000397 seconds (updated 0 objects)
[2018.01.19-17.55.11:699][824]LogTemp: Repeating last play command: 독립형 게임
[2018.01.19-17.56.12:500][148]LogPlayLevel: Launcher Device ID: WindowsNoEditor@DESKTOP-FRCQVUI
[2018.01.19-17.56.12:520][148]LogPlayLevel: PlayLevel: No blueprints needed recompiling
[2018.01.19-17.56.12:521][148]LogCook: Display: Creating asset registry
[2018.01.19-17.56.12:530][148]LogSlate: Took 0.000214 seconds to synchronously load lazily loaded font '../../../Engine/Content/Slate/Fonts/Roboto-Light.ttf' (159K)
[2018.01.19-17.56.13:803][148]LogCook: Display: Cooked content cleared for platform AllDesktop
[2018.01.19-17.56.13:805][148]LogCook: Display: Unable to read previous cook inisettings for platform AllDesktop invalidating cook
[2018.01.19-17.56.13:878][148]LogCook: Display: Cooked content cleared for platform MacClient
[2018.01.19-17.56.13:878][148]LogCook: Display: Unable to read previous cook inisettings for platform MacClient invalidating cook
[2018.01.19-17.56.13:948][148]LogCook: Display: Cooked content cleared for platform MacNoEditor
[2018.01.19-17.56.13:949][148]LogCook: Display: Unable to read previous cook inisettings for platform MacNoEditor invalidating cook
[2018.01.19-17.56.14:022][148]LogCook: Display: Cooked content cleared for platform MacServer
[2018.01.19-17.56.14:023][148]LogCook: Display: Unable to read previous cook inisettings for platform MacServer invalidating cook
[2018.01.19-17.56.14:088][148]LogCook: Display: Cooked content cleared for platform Mac
[2018.01.19-17.56.14:089][148]LogCook: Display: Unable to read previous cook inisettings for platform Mac invalidating cook
[2018.01.19-17.56.14:155][148]LogCook: Display: Cooked content cleared for platform WindowsClient
[2018.01.19-17.56.14:156][148]LogCook: Display: Unable to read previous cook inisettings for platform WindowsClient invalidating cook
[2018.01.19-17.56.14:223][148]LogCook: Display: Cooked content cleared for platform WindowsNoEditor
[2018.01.19-17.56.14:634][148]LogCook: Display: Unable to read previous cook inisettings for platform WindowsNoEditor invalidating cook
[2018.01.19-17.56.14:711][148]LogCook: Display: Cooked content cleared for platform WindowsServer
[2018.01.19-17.56.14:712][148]LogCook: Display: Unable to read previous cook inisettings for platform WindowsServer invalidating cook
[2018.01.19-17.56.14:775][148]LogCook: Display: Cooked content cleared for platform Windows
[2018.01.19-17.56.14:776][148]LogCook: Display: Unable to read previous cook inisettings for platform Windows invalidating cook
[2018.01.19-17.56.14:848][148]LogCook: Display: Cooked content cleared for platform Android_ASTC
[2018.01.19-17.56.14:849][148]LogCook: Display: Unable to read previous cook inisettings for platform Android_ASTC invalidating cook
[2018.01.19-17.56.14:914][148]LogCook: Display: Cooked content cleared for platform Android_ATC
[2018.01.19-17.56.14:915][148]LogCook: Display: Unable to read previous cook inisettings for platform Android_ATC invalidating cook
[2018.01.19-17.56.14:985][148]LogCook: Display: Cooked content cleared for platform Android_DXT
[2018.01.19-17.56.14:986][148]LogCook: Display: Unable to read previous cook inisettings for platform Android_DXT invalidating cook
[2018.01.19-17.56.15:054][148]LogCook: Display: Cooked content cleared for platform Android_ETC1
[2018.01.19-17.56.15:054][148]LogCook: Display: Unable to read previous cook inisettings for platform Android_ETC1 invalidating cook
[2018.01.19-17.56.15:123][148]LogCook: Display: Cooked content cleared for platform Android_ETC2
[2018.01.19-17.56.15:124][148]LogCook: Display: Unable to read previous cook inisettings for platform Android_ETC2 invalidating cook
[2018.01.19-17.56.15:199][148]LogCook: Display: Cooked content cleared for platform Android_Multi
[2018.01.19-17.56.15:200][148]LogCook: Display: Unable to read previous cook inisettings for platform Android_Multi invalidating cook
[2018.01.19-17.56.15:294][148]LogCook: Display: Cooked content cleared for platform Android_PVRTC
[2018.01.19-17.56.15:294][148]LogCook: Display: Unable to read previous cook inisettings for platform Android_PVRTC invalidating cook
[2018.01.19-17.56.15:381][148]LogCook: Display: Cooked content cleared for platform Android
[2018.01.19-17.56.15:382][148]LogCook: Display: Unable to read previous cook inisettings for platform Android invalidating cook
[2018.01.19-17.56.15:468][148]LogCook: Display: Cooked content cleared for platform HTML5
[2018.01.19-17.56.15:469][148]LogCook: Display: Unable to read previous cook inisettings for platform HTML5 invalidating cook
[2018.01.19-17.56.15:537][148]LogCook: Display: Cooked content cleared for platform IOS
[2018.01.19-17.56.15:537][148]LogCook: Display: Unable to read previous cook inisettings for platform IOS invalidating cook
[2018.01.19-17.56.15:606][148]LogCook: Display: Cooked content cleared for platform TVOS
[2018.01.19-17.56.15:607][148]LogCook: Display: Unable to read previous cook inisettings for platform TVOS invalidating cook
[2018.01.19-17.56.15:677][148]LogCook: Display: Cooked content cleared for platform LinuxClient
[2018.01.19-17.56.15:678][148]LogCook: Display: Unable to read previous cook inisettings for platform LinuxClient invalidating cook
[2018.01.19-17.56.15:744][148]LogCook: Display: Cooked content cleared for platform LinuxNoEditor
[2018.01.19-17.56.15:745][148]LogCook: Display: Unable to read previous cook inisettings for platform LinuxNoEditor invalidating cook
[2018.01.19-17.56.15:817][148]LogCook: Display: Cooked content cleared for platform LinuxServer
[2018.01.19-17.56.15:818][148]LogCook: Display: Unable to read previous cook inisettings for platform LinuxServer invalidating cook
[2018.01.19-17.56.15:893][148]LogCook: Display: Cooked content cleared for platform Linux
[2018.01.19-17.56.15:894][148]LogCook: Display: Unable to read previous cook inisettings for platform Linux invalidating cook
[2018.01.19-17.56.15:964][148]LogCook: Display: Sandbox cleanup took 2.161 seconds for platforms AllDesktop MacClient MacNoEditor MacServer Mac WindowsClient WindowsNoEditor WindowsServer Windows Android_ASTC Android_ATC Android_DXT Android_ETC1 Android_ETC2 Android_Multi Android_PVRTC Android HTML5 IOS TVOS LinuxClient LinuxNoEditor LinuxServer Linux  iterative false
[2018.01.19-17.56.17:040][148]LogMaterial: Verifying Global Shaders for PCD3D_SM4
[2018.01.19-17.56.19:747][167]LogPlayLevel: Completed Launch On Stage: Cooking in the editor, Time: 1.403481
[2018.01.19-17.56.21:349][196]LogTemp: Repeating last play command: 독립형 게임
[2018.01.19-18.02.52:073][414]Cmd: QUIT_EDITOR
[2018.01.19-18.02.52:111][414]LogWindowsTextInputMethodSystem: Display: IME system now activated using TSF (Microsoft 입력기).
[2018.01.19-18.02.52:135][414]LogExit: Preparing to exit.
[2018.01.19-18.02.52:355][414]LogExit: Editor shut down
[2018.01.19-18.02.52:364][414]LogExit: Transaction tracking system shut down
[2018.01.19-18.02.52:677][414]LogDirectoryWatcher: A directory notification for '../../../Engine/Content/' was aborted.
[2018.01.19-18.02.52:678][414]LogDirectoryWatcher: A directory notification for 'E:/really/set/main/Content/' was aborted.
[2018.01.19-18.02.52:678][414]LogDirectoryWatcher: A directory notification for '../../../Engine/Plugins/2D/Paper2D/Content/' was aborted.
[2018.01.19-18.02.52:678][414]LogDirectoryWatcher: A directory notification for '../../../Engine/Plugins/Media/MediaCompositing/Content/' was aborted.
[2018.01.19-18.02.52:678][414]LogDirectoryWatcher: A directory notification for '../../../Engine/Plugins/Runtime/AppleARKit/Content/' was aborted.
[2018.01.19-18.02.52:678][414]LogDirectoryWatcher: A directory notification for '../../../Engine/Plugins/Runtime/Oculus/OculusVR/Content/' was aborted.
[2018.01.19-18.02.52:678][414]LogDirectoryWatcher: A directory notification for '../../../Engine/Plugins/Runtime/Steam/SteamVR/Content/' was aborted.
[2018.01.19-18.02.52:774][414]LogExit: Object subsystem successfully closed.
[2018.01.19-18.02.52:810][414]LogD3D11RHI: Shutdown
[2018.01.19-18.02.52:810][414]LogD3D11RHI: CleanupD3DDevice
[2018.01.19-18.02.52:812][414]LogD3D11RHI: ~FD3D11DynamicRHI
[2018.01.19-18.02.52:853][414]LogModuleManager: Shutting down and abandoning module LauncherServices (554)
[2018.01.19-18.02.52:853][414]LogModuleManager: Shutting down and abandoning module HierarchicalLODOutliner (552)
[2018.01.19-18.02.52:853][414]LogModuleManager: Shutting down and abandoning module DesktopPlatform (550)
[2018.01.19-18.02.52:854][414]LogModuleManager: Shutting down and abandoning module SceneOutliner (548)
[2018.01.19-18.02.52:854][414]LogModuleManager: Shutting down and abandoning module AddContentDialog (546)
[2018.01.19-18.02.52:855][414]LogDirectoryWatcher: A directory notification for 'C:/Program Files/Epic Games/UE_4.18/FeaturePacks/' was aborted.
[2018.01.19-18.02.52:856][414]LogModuleManager: Shutting down and abandoning module WidgetCarousel (545)
[2018.01.19-18.02.52:857][414]LogModuleManager: Shutting down and abandoning module EditorWidgets (542)
[2018.01.19-18.02.52:857][414]LogModuleManager: Shutting down and abandoning module CollectionManager (540)
[2018.01.19-18.02.52:857][414]LogDirectoryWatcher: A directory notification for 'E:/really/set/main/Content/Collections/' was aborted.
[2018.01.19-18.02.52:857][414]LogDirectoryWatcher: A directory notification for 'E:/really/set/main/Content/Developers/oner/Collections/' was aborted.
[2018.01.19-18.02.52:857][414]LogDirectoryWatcher: A directory notification for 'E:/really/set/main/Saved/Collections/' was aborted.
[2018.01.19-18.02.52:857][414]LogModuleManager: Shutting down and abandoning module StatsViewer (538)
[2018.01.19-18.02.52:858][414]LogModuleManager: Shutting down and abandoning module FoliageEdit (536)
[2018.01.19-18.02.52:858][414]LogModuleManager: Shutting down and abandoning module LandscapeEditor (534)
[2018.01.19-18.02.52:859][414]LogModuleManager: Shutting down and abandoning module MeshPaintMode (532)
[2018.01.19-18.02.52:860][414]LogModuleManager: Shutting down and abandoning module SceneDepthPickerMode (530)
[2018.01.19-18.02.52:860][414]LogModuleManager: Shutting down and abandoning module ActorPickerMode (528)
[2018.01.19-18.02.52:860][414]LogModuleManager: Shutting down and abandoning module GeometryMode (526)
[2018.01.19-18.02.52:860][414]LogModuleManager: Shutting down and abandoning module TextureAlignMode (524)
[2018.01.19-18.02.52:860][414]LogModuleManager: Shutting down and abandoning module BspMode (522)
[2018.01.19-18.02.52:860][414]LogModuleManager: Shutting down and abandoning module PIEPreviewDeviceProfileSelector (520)
[2018.01.19-18.02.52:860][414]LogModuleManager: Shutting down and abandoning module HardwareSurvey (518)
[2018.01.19-18.02.52:860][414]LogModuleManager: Shutting down and abandoning module SequenceRecorderSections (516)
[2018.01.19-18.02.52:860][414]LogModuleManager: Shutting down and abandoning module AutomationWorker (514)
[2018.01.19-18.02.52:860][414]LogModuleManager: Shutting down and abandoning module MatineeToLevelSequence (512)
[2018.01.19-18.02.52:860][414]LogModuleManager: Shutting down and abandoning module LevelSequenceEditor (510)
[2018.01.19-18.02.52:862][414]LogModuleManager: Shutting down and abandoning module PlacementMode (509)
[2018.01.19-18.02.52:862][414]LogModuleManager: Shutting down and abandoning module WmfMediaFactory (506)
[2018.01.19-18.02.52:862][414]LogModuleManager: Shutting down and abandoning module WmfMediaEditor (504)
[2018.01.19-18.02.52:862][414]LogModuleManager: Shutting down and abandoning module OpenExrWrapper (502)
[2018.01.19-18.02.52:862][414]LogModuleManager: Shutting down and abandoning module ImgMediaFactory (500)
[2018.01.19-18.02.52:862][414]LogModuleManager: Shutting down and abandoning module ImgMediaEditor (498)
[2018.01.19-18.02.52:862][414]LogModuleManager: Shutting down and abandoning module AvfMediaFactory (496)
[2018.01.19-18.02.52:862][414]LogModuleManager: Shutting down and abandoning module AvfMediaEditor (494)
[2018.01.19-18.02.52:862][414]LogModuleManager: Shutting down and abandoning module AndroidMediaFactory (492)
[2018.01.19-18.02.52:862][414]LogModuleManager: Shutting down and abandoning module AndroidMediaEditor (490)
[2018.01.19-18.02.52:862][414]LogModuleManager: Shutting down and abandoning module CharacterAI (488)
[2018.01.19-18.02.52:862][414]LogModuleManager: Shutting down and abandoning module AudioCapture (486)
[2018.01.19-18.02.52:862][414]LogModuleManager: Shutting down and abandoning module SequenceRecorder (485)
[2018.01.19-18.02.52:862][414]LogModuleManager: Shutting down and abandoning module SmartSnapping (482)
[2018.01.19-18.02.52:862][414]LogModuleManager: Shutting down and abandoning module SessionServices (480)
[2018.01.19-18.02.52:862][414]LogModuleManager: Shutting down and abandoning module ViewportSnapping (478)
[2018.01.19-18.02.52:862][414]LogModuleManager: Shutting down and abandoning module ViewportInteraction (476)
[2018.01.19-18.02.52:862][414]LogModuleManager: Shutting down and abandoning module ClothPainter (474)
[2018.01.19-18.02.52:863][414]LogModuleManager: Shutting down and abandoning module SkeletalMeshEditor (473)
[2018.01.19-18.02.52:864][414]LogModuleManager: Shutting down and abandoning module LogVisualizer (470)
[2018.01.19-18.02.52:865][414]LogModuleManager: Shutting down and abandoning module IntroTutorials (468)
[2018.01.19-18.02.52:866][414]LogModuleManager: Shutting down and abandoning module GameProjectGeneration (467)
[2018.01.19-18.02.52:868][414]LogModuleManager: Shutting down and abandoning module IOSPlatformEditor (464)
[2018.01.19-18.02.52:868][414]LogModuleManager: Shutting down and abandoning module HTML5PlatformEditor (462)
[2018.01.19-18.02.52:869][414]LogModuleManager: Shutting down and abandoning module AndroidPlatformEditor (460)
[2018.01.19-18.02.52:869][414]LogModuleManager: Shutting down and abandoning module AndroidDeviceDetection (459)
[2018.01.19-18.02.53:264][414]LogModuleManager: Shutting down and abandoning module WindowsPlatformEditor (456)
[2018.01.19-18.02.53:264][414]LogModuleManager: Shutting down and abandoning module IOSRuntimeSettings (454)
[2018.01.19-18.02.53:264][414]LogModuleManager: Shutting down and abandoning module AndroidRuntimeSettings (452)
[2018.01.19-18.02.53:264][414]LogModuleManager: Shutting down and abandoning module InputBindingEditor (450)
[2018.01.19-18.02.53:264][414]LogModuleManager: Shutting down and abandoning module MergeActors (448)
[2018.01.19-18.02.53:265][414]LogModuleManager: Shutting down and abandoning module SizeMap (446)
[2018.01.19-18.02.53:265][414]LogModuleManager: Shutting down and abandoning module TreeMap (444)
[2018.01.19-18.02.53:265][414]LogModuleManager: Shutting down and abandoning module ReferenceViewer (442)
[2018.01.19-18.02.53:265][414]LogModuleManager: Shutting down and abandoning module LocalizationDashboard (440)
[2018.01.19-18.02.53:266][414]LogModuleManager: Shutting down and abandoning module LocalizationService (439)
[2018.01.19-18.02.53:266][414]LogModuleManager: Shutting down and abandoning module HardwareTargeting (436)
[2018.01.19-18.02.53:266][414]LogModuleManager: Shutting down and abandoning module DeviceProfileEditor (434)
[2018.01.19-18.02.53:266][414]LogModuleManager: Shutting down and abandoning module UndoHistory (432)
[2018.01.19-18.02.53:266][414]LogModuleManager: Shutting down and abandoning module XmlParser (430)
[2018.01.19-18.02.53:267][414]LogModuleManager: Shutting down and abandoning module Blutility (428)
[2018.01.19-18.02.53:267][414]LogModuleManager: Shutting down and abandoning module ProjectSettingsViewer (426)
[2018.01.19-18.02.53:267][414]LogModuleManager: Shutting down and abandoning module ProjectTargetPlatformEditor (425)
[2018.01.19-18.02.53:267][414]LogModuleManager: Shutting down and abandoning module EditorSettingsViewer (422)
[2018.01.19-18.02.53:267][414]LogModuleManager: Shutting down and abandoning module SettingsEditor (420)
[2018.01.19-18.02.53:268][414]LogModuleManager: Shutting down and abandoning module ProjectLauncher (418)
[2018.01.19-18.02.53:268][414]LogModuleManager: Shutting down and abandoning module SessionFrontend (416)
[2018.01.19-18.02.53:269][414]LogModuleManager: Shutting down and abandoning module ProfilerClient (414)
[2018.01.19-18.02.53:269][414]LogModuleManager: Shutting down and abandoning module DeviceManager (412)
[2018.01.19-18.02.53:270][414]LogModuleManager: Shutting down and abandoning module TargetDeviceServices (411)
[2018.01.19-18.02.53:323][414]LogModuleManager: Shutting down and abandoning module AutomationController (408)
[2018.01.19-18.02.53:323][414]LogModuleManager: Shutting down and abandoning module AutomationWindow (406)
[2018.01.19-18.02.53:325][414]LogModuleManager: Shutting down and abandoning module Layers (404)
[2018.01.19-18.02.53:326][414]LogModuleManager: Shutting down and abandoning module ComponentVisualizers (402)
[2018.01.19-18.02.53:326][414]LogModuleManager: Shutting down and abandoning module DetailCustomizations (400)
[2018.01.19-18.02.53:327][414]LogModuleManager: Shutting down and abandoning module PackagesDialog (398)
[2018.01.19-18.02.53:327][414]LogModuleManager: Shutting down and abandoning module Persona (396)
[2018.01.19-18.02.53:329][414]LogModuleManager: Shutting down and abandoning module AdvancedPreviewScene (395)
[2018.01.19-18.02.53:329][414]LogModuleManager: Shutting down and abandoning module AnimGraph (393)
[2018.01.19-18.02.53:329][414]LogModuleManager: Shutting down and abandoning module Kismet (390)
[2018.01.19-18.02.53:331][414]LogModuleManager: Shutting down and abandoning module ClassViewer (388)
[2018.01.19-18.02.53:331][414]LogModuleManager: Shutting down and abandoning module Toolbox (386)
[2018.01.19-18.02.53:331][414]LogModuleManager: Shutting down and abandoning module ModuleUI (384)
[2018.01.19-18.02.53:331][414]LogModuleManager: Shutting down and abandoning module MovieSceneTools (382)
[2018.01.19-18.02.53:332][414]LogModuleManager: Shutting down and abandoning module OutputLog (380)
[2018.01.19-18.02.53:332][414]LogModuleManager: Shutting down and abandoning module GammaUI (378)
[2018.01.19-18.02.53:333][414]LogModuleManager: Shutting down and abandoning module Documentation (376)
[2018.01.19-18.02.53:333][414]LogModuleManager: Shutting down and abandoning module MovieSceneTracks (374)
[2018.01.19-18.02.53:333][414]LogModuleManager: Shutting down and abandoning module MovieScene (372)
[2018.01.19-18.02.53:333][414]LogModuleManager: Shutting down and abandoning module StreamingPauseRendering (370)
[2018.01.19-18.02.53:333][414]LogModuleManager: Shutting down and abandoning module LauncherPlatform (368)
[2018.01.19-18.02.53:333][414]LogModuleManager: Shutting down and abandoning module AnalyticsET (366)
[2018.01.19-18.02.53:333][414]LogModuleManager: Shutting down and abandoning module PortalServices (364)
[2018.01.19-18.02.53:333][414]LogModuleManager: Shutting down and abandoning module PortalRpc (362)
[2018.01.19-18.02.53:333][414]LogModuleManager: Shutting down and abandoning module MessagingRpc (360)
[2018.01.19-18.02.53:333][414]LogModuleManager: Shutting down and abandoning module AIModule (358)
[2018.01.19-18.02.53:333][414]LogModuleManager: Shutting down and abandoning module GameplayDebugger (357)
[2018.01.19-18.02.53:333][414]LogModuleManager: Shutting down and abandoning module AITestSuite (355)
[2018.01.19-18.02.53:333][414]LogModuleManager: Shutting down and abandoning module ProfilerService (352)
[2018.01.19-18.02.53:353][414]LogModuleManager: Shutting down and abandoning module TaskGraph (350)
[2018.01.19-18.02.53:353][414]LogModuleManager: Shutting down and abandoning module SteamVRController (348)
[2018.01.19-18.02.53:353][414]LogModuleManager: Shutting down and abandoning module ProceduralMeshComponentEditor (346)
[2018.01.19-18.02.53:353][414]LogModuleManager: Shutting down and abandoning module ProceduralMeshComponent (344)
[2018.01.19-18.02.53:353][414]LogModuleManager: Shutting down and abandoning module OculusInput (342)
[2018.01.19-18.02.53:353][414]LogModuleManager: Shutting down and abandoning module MobilePatchingUtils (340)
[2018.01.19-18.02.53:353][414]LogModuleManager: Shutting down and abandoning module CustomMeshComponent (338)
[2018.01.19-18.02.53:353][414]LogModuleManager: Shutting down and abandoning module CableComponent (336)
[2018.01.19-18.02.53:353][414]LogModuleManager: Shutting down and abandoning module ArchVisCharacter (334)
[2018.01.19-18.02.53:353][414]LogModuleManager: Shutting down and abandoning module AndroidPermission (332)
[2018.01.19-18.02.53:353][414]LogModuleManager: Shutting down and abandoning module ActorSequence (330)
[2018.01.19-18.02.53:353][414]LogModuleManager: Shutting down and abandoning module MediaPlayerEditor (328)
[2018.01.19-18.02.53:356][414]LogModuleManager: Shutting down and abandoning module MediaCompositingEditor (326)
[2018.01.19-18.02.53:356][414]LogModuleManager: Shutting down and abandoning module MediaCompositing (324)
[2018.01.19-18.02.53:356][414]LogModuleManager: Shutting down and abandoning module HTML5Networking (322)
[2018.01.19-18.02.53:356][414]LogModuleManager: Shutting down and abandoning module AlembicImporter (320)
[2018.01.19-18.02.53:357][414]LogModuleManager: Shutting down and abandoning module AlembicLibrary (319)
[2018.01.19-18.02.53:357][414]LogModuleManager: Shutting down and abandoning module GeometryCache (318)
[2018.01.19-18.02.53:357][414]LogModuleManager: Shutting down and abandoning module GeometryCacheEd (317)
[2018.01.19-18.02.53:357][414]LogModuleManager: Shutting down and abandoning module SpeedTreeImporter (312)
[2018.01.19-18.02.53:357][414]LogModuleManager: Shutting down and abandoning module PluginBrowser (310)
[2018.01.19-18.02.53:359][414]LogModuleManager: Shutting down and abandoning module MobileLauncherProfileWizard (308)
[2018.01.19-18.02.53:360][414]LogModuleManager: Shutting down and abandoning module VisualStudioSourceCodeAccess (306)
[2018.01.19-18.02.53:360][414]LogModuleManager: Shutting down and abandoning module VisualStudioCodeSourceCodeAccess (304)
[2018.01.19-18.02.53:360][414]LogModuleManager: Shutting down and abandoning module UObjectPlugin (302)
[2018.01.19-18.02.53:360][414]LogModuleManager: Shutting down and abandoning module SubversionSourceControl (300)
[2018.01.19-18.02.53:360][414]LogModuleManager: Shutting down and abandoning module PerforceSourceControl (298)
[2018.01.19-18.02.53:360][414]LogModuleManager: Shutting down and abandoning module GitSourceControl (296)
[2018.01.19-18.02.53:361][414]LogModuleManager: Shutting down and abandoning module SourceControl (295)
[2018.01.19-18.02.53:361][414]LogModuleManager: Shutting down and abandoning module LightPropagationVolumeEditor (292)
[2018.01.19-18.02.53:361][414]LogModuleManager: Shutting down and abandoning module PaperTiledImporter (290)
[2018.01.19-18.02.53:361][414]LogModuleManager: Shutting down and abandoning module PaperSpriteSheetImporter (288)
[2018.01.19-18.02.53:361][414]LogModuleManager: Shutting down and abandoning module Paper2DEditor (286)
[2018.01.19-18.02.53:362][414]LogModuleManager: Shutting down and abandoning module MeshPaint (285)
[2018.01.19-18.02.53:362][414]LogModuleManager: Shutting down and abandoning module LevelEditor (283)
[2018.01.19-18.02.53:363][414]LogModuleManager: Shutting down and abandoning module PixelInspectorModule (282)
[2018.01.19-18.02.53:363][414]LogModuleManager: Shutting down and abandoning module MainFrame (280)
[2018.01.19-18.02.53:364][414]LogModuleManager: Shutting down and abandoning module HotReload (279)
[2018.01.19-18.02.53:364][414]LogDirectoryWatcher: A directory notification for 'E:/really/set/main/Binaries/Win64' was aborted.
[2018.01.19-18.02.53:365][414]LogModuleManager: Shutting down and abandoning module main (274)
[2018.01.19-18.02.53:365][414]LogModuleManager: Shutting down and abandoning module RuntimePhysXCooking (272)
[2018.01.19-18.02.53:365][414]LogModuleManager: Shutting down and abandoning module PhysXVehiclesEditor (270)
[2018.01.19-18.02.53:365][414]LogModuleManager: Shutting down and abandoning module PhysXVehicles (268)
[2018.01.19-18.02.53:365][414]LogModuleManager: Shutting down and abandoning module OculusEditor (266)
[2018.01.19-18.02.53:365][414]LogModuleManager: Shutting down and abandoning module LocationServicesBPLibrary (264)
[2018.01.19-18.02.53:365][414]LogModuleManager: Shutting down and abandoning module ImmediatePhysicsEditor (262)
[2018.01.19-18.02.53:365][414]LogModuleManager: Shutting down and abandoning module ImmediatePhysics (260)
[2018.01.19-18.02.53:365][414]LogModuleManager: Shutting down and abandoning module UdpMessaging (258)
[2018.01.19-18.02.53:465][414]LogModuleManager: Shutting down and abandoning module TcpMessaging (256)
[2018.01.19-18.02.53:566][414]LogModuleManager: Shutting down and abandoning module GameplayTagsEditor (254)
[2018.01.19-18.02.53:567][414]LogModuleManager: Shutting down and abandoning module FacialAnimationEditor (252)
[2018.01.19-18.02.53:567][414]LogModuleManager: Shutting down and abandoning module FacialAnimation (250)
[2018.01.19-18.02.53:568][414]LogModuleManager: Shutting down and abandoning module AssetManagerEditor (248)
[2018.01.19-18.02.53:568][414]LogModuleManager: Shutting down and abandoning module GraphEditor (247)
[2018.01.19-18.02.53:568][414]LogModuleManager: Shutting down and abandoning module ContentBrowser (245)
[2018.01.19-18.02.53:570][414]LogModuleManager: Shutting down and abandoning module LightPropagationVolumeRuntime (242)
[2018.01.19-18.02.53:570][414]LogModuleManager: Shutting down and abandoning module Paper2D (240)
[2018.01.19-18.02.53:570][414]LogModuleManager: Shutting down and abandoning module WindowsMoviePlayer (238)
[2018.01.19-18.02.53:570][414]LogModuleManager: Shutting down and abandoning module WmfMedia (236)
[2018.01.19-18.02.53:574][414]LogModuleManager: Shutting down and abandoning module ImgMedia (234)
[2018.01.19-18.02.53:574][414]LogModuleManager: Shutting down and abandoning module PacketHandler (232)
[2018.01.19-18.02.53:574][414]LogModuleManager: Shutting down and abandoning module ClothingSystemEditor (230)
[2018.01.19-18.02.53:574][414]LogModuleManager: Shutting down and abandoning module ClothingSystemRuntime (228)
[2018.01.19-18.02.53:574][414]LogModuleManager: Shutting down and abandoning module MediaAssets (226)
[2018.01.19-18.02.53:574][414]LogModuleManager: Shutting down and abandoning module Media (225)
[2018.01.19-18.02.53:580][414]LogModuleManager: Shutting down and abandoning module Overlay (222)
[2018.01.19-18.02.53:580][414]LogModuleManager: Shutting down and abandoning module OverlayEditor (221)
[2018.01.19-18.02.53:580][414]LogModuleManager: Shutting down and abandoning module VREditor (218)
[2018.01.19-18.02.53:581][414]LogModuleManager: Shutting down and abandoning module StringTableEditor (216)
[2018.01.19-18.02.53:581][414]LogModuleManager: Shutting down and abandoning module GameplayTasksEditor (214)
[2018.01.19-18.02.53:581][414]LogModuleManager: Shutting down and abandoning module BehaviorTreeEditor (212)
[2018.01.19-18.02.53:581][414]LogModuleManager: Shutting down and abandoning module FunctionalTesting (210)
[2018.01.19-18.02.53:582][414]LogModuleManager: Shutting down and abandoning module CollisionAnalyzer (208)
[2018.01.19-18.02.53:582][414]LogModuleManager: Shutting down and abandoning module WorkspaceMenuStructure (207)
[2018.01.19-18.02.53:582][414]LogModuleManager: Shutting down and abandoning module UMG (204)
[2018.01.19-18.02.53:582][414]LogModuleManager: Shutting down and abandoning module UMGEditor (203)
[2018.01.19-18.02.53:582][414]LogModuleManager: Shutting down and abandoning module Sequencer (202)
[2018.01.19-18.02.53:583][414]LogModuleManager: Shutting down and abandoning module MessageLog (199)
[2018.01.19-18.02.53:583][414]LogModuleManager: Shutting down and abandoning module SlateReflector (194)
[2018.01.19-18.02.53:583][414]LogModuleManager: Shutting down and abandoning module Slate (192)
[2018.01.19-18.02.53:583][414]LogModuleManager: Shutting down and abandoning module EditorStyle (190)
[2018.01.19-18.02.53:589][414]LogModuleManager: Shutting down and abandoning module MRMesh (188)
[2018.01.19-18.02.53:589][414]LogModuleManager: Shutting down and abandoning module SourceCodeAccess (186)
[2018.01.19-18.02.53:589][414]LogModuleManager: Shutting down and abandoning module HeadMountedDisplay (184)
[2018.01.19-18.02.53:589][414]LogModuleManager: Shutting down and abandoning module XAudio2 (182)
[2018.01.19-18.02.53:589][414]LogModuleManager: Shutting down and abandoning module Networking (180)
[2018.01.19-18.02.53:589][414]LogModuleManager: Shutting down and abandoning module Core (178)
[2018.01.19-18.02.53:589][414]LogModuleManager: Shutting down and abandoning module LevelSequence (174)
[2018.01.19-18.02.53:589][414]LogModuleManager: Shutting down and abandoning module DirectoryWatcher (172)
[2018.01.19-18.02.53:591][414]LogModuleManager: Shutting down and abandoning module KismetCompiler (170)
[2018.01.19-18.02.53:591][414]LogModuleManager: Shutting down and abandoning module MeshUtilities (168)
[2018.01.19-18.02.53:592][414]LogModuleManager: Shutting down and abandoning module MeshMergeUtilities (167)
[2018.01.19-18.02.53:592][414]LogModuleManager: Shutting down and abandoning module MeshReductionInterface (166)
[2018.01.19-18.02.53:592][414]LogModuleManager: Shutting down and abandoning module SimplygonSwarm (165)
[2018.01.19-18.02.53:592][414]LogModuleManager: Shutting down and abandoning module SimplygonMeshReduction (163)
[2018.01.19-18.02.53:592][414]LogModuleManager: Shutting down and abandoning module QuadricMeshReduction (161)
[2018.01.19-18.02.53:592][414]LogModuleManager: Shutting down and abandoning module MaterialBaking (157)
[2018.01.19-18.02.53:592][414]LogModuleManager: Shutting down and abandoning module DerivedDataCache (154)
[2018.01.19-18.02.53:632][414]LogDerivedDataCache: Shutdown
[2018.01.19-18.02.53:632][414]LogModuleManager: Shutting down and abandoning module TargetPlatform (152)
[2018.01.19-18.02.53:632][414]LogModuleManager: Shutting down and abandoning module VulkanShaderFormat (151)
[2018.01.19-18.02.53:632][414]LogModuleManager: Shutting down and abandoning module ShaderFormatVectorVM (149)
[2018.01.19-18.02.53:632][414]LogModuleManager: Shutting down and abandoning module ShaderFormatOpenGL (147)
[2018.01.19-18.02.53:632][414]LogModuleManager: Shutting down and abandoning module ShaderFormatD3D (145)
[2018.01.19-18.02.53:632][414]LogModuleManager: Shutting down and abandoning module MetalShaderFormat (143)
[2018.01.19-18.02.53:632][414]LogModuleManager: Shutting down and abandoning module TextureFormatUncompressed (141)
[2018.01.19-18.02.53:632][414]LogModuleManager: Shutting down and abandoning module TextureFormatPVR (139)
[2018.01.19-18.02.53:632][414]LogModuleManager: Shutting down and abandoning module TextureFormatDXT (137)
[2018.01.19-18.02.53:632][414]LogModuleManager: Shutting down and abandoning module TextureFormatIntelISPCTexComp (135)
[2018.01.19-18.02.53:632][414]LogModuleManager: Shutting down and abandoning module TextureFormatASTC (133)
[2018.01.19-18.02.53:632][414]LogModuleManager: Shutting down and abandoning module ImageWrapper (132)
[2018.01.19-18.02.53:632][414]LogModuleManager: Shutting down and abandoning module TextureFormatAndroid (129)
[2018.01.19-18.02.53:632][414]LogModuleManager: Shutting down and abandoning module AudioFormatOpus (127)
[2018.01.19-18.02.53:632][414]LogModuleManager: Shutting down and abandoning module AudioFormatOgg (125)
[2018.01.19-18.02.53:632][414]LogModuleManager: Shutting down and abandoning module AudioFormatADPCM (123)
[2018.01.19-18.02.53:632][414]LogModuleManager: Shutting down and abandoning module LinuxTargetPlatform (121)
[2018.01.19-18.02.53:633][414]LogModuleManager: Shutting down and abandoning module LinuxServerTargetPlatform (119)
[2018.01.19-18.02.53:633][414]LogModuleManager: Shutting down and abandoning module LinuxNoEditorTargetPlatform (117)
[2018.01.19-18.02.53:633][414]LogModuleManager: Shutting down and abandoning module LinuxClientTargetPlatform (115)
[2018.01.19-18.02.53:633][414]LogModuleManager: Shutting down and abandoning module TVOSTargetPlatform (113)
[2018.01.19-18.02.53:633][414]LogModuleManager: Shutting down and abandoning module Messaging (111)
[2018.01.19-18.02.53:633][414]LogModuleManager: Shutting down and abandoning module IOSTargetPlatform (109)
[2018.01.19-18.02.53:633][414]LogModuleManager: Shutting down and abandoning module HTML5TargetPlatform (107)
[2018.01.19-18.02.53:633][414]LogModuleManager: Shutting down and abandoning module AndroidTargetPlatform (105)
[2018.01.19-18.02.53:633][414]LogModuleManager: Shutting down and abandoning module Android_PVRTCTargetPlatform (103)
[2018.01.19-18.02.53:633][414]LogModuleManager: Shutting down and abandoning module Android_MultiTargetPlatform (101)
[2018.01.19-18.02.53:633][414]LogModuleManager: Shutting down and abandoning module Android_ETC2TargetPlatform (99)
[2018.01.19-18.02.53:633][414]LogModuleManager: Shutting down and abandoning module Android_ETC1TargetPlatform (97)
[2018.01.19-18.02.53:633][414]LogModuleManager: Shutting down and abandoning module Android_DXTTargetPlatform (95)
[2018.01.19-18.02.53:633][414]LogModuleManager: Shutting down and abandoning module Android_ATCTargetPlatform (93)
[2018.01.19-18.02.53:633][414]LogModuleManager: Shutting down and abandoning module Android_ASTCTargetPlatform (91)
[2018.01.19-18.02.53:633][414]LogModuleManager: Shutting down and abandoning module WindowsTargetPlatform (89)
[2018.01.19-18.02.53:633][414]LogModuleManager: Shutting down and abandoning module WindowsServerTargetPlatform (87)
[2018.01.19-18.02.53:633][414]LogModuleManager: Shutting down and abandoning module WindowsNoEditorTargetPlatform (85)
[2018.01.19-18.02.53:633][414]LogModuleManager: Shutting down and abandoning module WindowsClientTargetPlatform (83)
[2018.01.19-18.02.53:633][414]LogModuleManager: Shutting down and abandoning module MacTargetPlatform (81)
[2018.01.19-18.02.53:633][414]LogModuleManager: Shutting down and abandoning module MacServerTargetPlatform (79)
[2018.01.19-18.02.53:633][414]LogModuleManager: Shutting down and abandoning module MacNoEditorTargetPlatform (77)
[2018.01.19-18.02.53:633][414]LogModuleManager: Shutting down and abandoning module MacClientTargetPlatform (75)
[2018.01.19-18.02.53:633][414]LogModuleManager: Shutting down and abandoning module AllDesktopTargetPlatform (73)
[2018.01.19-18.02.53:634][414]LogModuleManager: Shutting down and abandoning module InputCore (70)
[2018.01.19-18.02.53:634][414]LogModuleManager: Shutting down and abandoning module Settings (68)
[2018.01.19-18.02.53:634][414]LogModuleManager: Shutting down and abandoning module PhysXCooking (66)
[2018.01.19-18.02.53:634][414]LogModuleManager: Shutting down and abandoning module SteamVR (64)
[2018.01.19-18.02.53:634][414]LogModuleManager: Shutting down and abandoning module OculusHMD (62)
[2018.01.19-18.02.53:634][414]LogModuleManager: Shutting down and abandoning module ExampleDeviceProfileSelector (60)
[2018.01.19-18.02.53:634][414]LogModuleManager: Shutting down and abandoning module AppleARKit (58)
[2018.01.19-18.02.53:634][414]LogModuleManager: Shutting down and abandoning module AugmentedReality (57)
[2018.01.19-18.02.53:634][414]LogModuleManager: Shutting down and abandoning module OnlineBlueprintSupport (54)
[2018.01.19-18.02.53:634][414]LogModuleManager: Shutting down and abandoning module OnlineSubsystem (50)
[2018.01.19-18.02.53:634][414]LogOnline: Display: OSS: FOnlineSubsystemNull::Shutdown()
[2018.01.19-18.02.53:634][414]LogOnline: Display: OSS: FOnlineAsyncTaskManager::Stop() ActiveTask:0000000000000000 Tasks[0/0]
[2018.01.19-18.02.53:637][414]LogOnline: Display: OSS: FOnlineAsyncTaskManager::Exit() started
[2018.01.19-18.02.53:637][414]LogOnline: Display: OSS: FOnlineAsyncTaskManager::Exit() finished
[2018.01.19-18.02.53:637][414]LogModuleManager: Shutting down and abandoning module XMPP (43)
[2018.01.19-18.02.53:637][414]LogModuleManager: Shutting down and abandoning module HTTP (41)
[2018.01.19-18.02.53:637][414]LogHttp: Display: Http module shutting down, but needs to wait on 1 outstanding Http requests:
[2018.01.19-18.02.53:637][414]LogHttp: Display: 	verb=[POST] url=[https://datarouter.ol.epicgames.com/datarouter/api/v1/public/data?SessionID=%7BF908D56D-4F30-FE2C-FC5B-7A9BC7BF94AC%7D&AppID=UEEditor.Rocket.Release&AppVersion=4.18.2-3794801%2B%2B%2BUE4%2BRelease-4.18&UserID=463d32804ed0e00b32bdea8316121d1a%7Cbe7002ba347b47079d44449137132371%7C9fb0c685-e72c-4645-aa63-f3eea19a5c0c&AppEnvironment=datacollector-binary&UploadType=eteventstream] status=Processing
[2018.01.19-18.02.53:642][414]LogModuleManager: Shutting down and abandoning module SSL (40)
[2018.01.19-18.02.53:643][414]LogModuleManager: Shutting down and abandoning module AnimationModifiers (36)
[2018.01.19-18.02.53:644][414]LogModuleManager: Shutting down and abandoning module PropertyEditor (35)
[2018.01.19-18.02.53:644][414]LogModuleManager: Shutting down and abandoning module AudioEditor (32)
[2018.01.19-18.02.53:644][414]LogModuleManager: Shutting down and abandoning module TextureCompressor (30)
[2018.01.19-18.02.53:644][414]LogModuleManager: Shutting down and abandoning module ShaderCore (28)
[2018.01.19-18.02.53:644][414]LogModuleManager: Shutting down and abandoning module Landscape (26)
[2018.01.19-18.02.53:644][414]LogModuleManager: Shutting down and abandoning module SlateRHIRenderer (24)
[2018.01.19-18.02.53:647][414]LogModuleManager: Shutting down and abandoning module OpenGLDrv (22)
[2018.01.19-18.02.53:647][414]LogModuleManager: Shutting down and abandoning module D3D11RHI (20)
[2018.01.19-18.02.53:647][414]LogModuleManager: Shutting down and abandoning module AnimGraphRuntime (18)
[2018.01.19-18.02.53:647][414]LogModuleManager: Shutting down and abandoning module Renderer (16)
[2018.01.19-18.02.53:647][414]LogModuleManager: Shutting down and abandoning module Engine (14)
[2018.01.19-18.02.53:647][414]LogModuleManager: Shutting down and abandoning module CoreUObject (12)
[2018.01.19-18.02.53:647][414]LogModuleManager: Shutting down and abandoning module NetworkFile (10)
[2018.01.19-18.02.53:647][414]LogModuleManager: Shutting down and abandoning module CookedIterativeFile (8)
[2018.01.19-18.02.53:647][414]LogModuleManager: Shutting down and abandoning module StreamingFile (6)
[2018.01.19-18.02.53:647][414]LogModuleManager: Shutting down and abandoning module SandboxFile (4)
[2018.01.19-18.02.53:647][414]LogModuleManager: Shutting down and abandoning module PakFile (2)
[2018.01.19-18.02.53:654][414]LogExit: Exiting.
[2018.01.19-18.02.53:703][414]Log file closed, 01/20/18 03:02:53
