Log file open, 01/19/18 04:28:37
LogWindows: Failed to load 'aqProf.dll' (GetLastError=126)
LogWindows: File 'aqProf.dll' does not exist
LogWindows: Failed to load 'VSPerf140.dll' (GetLastError=126)
LogWindows: File 'VSPerf140.dll' does not exist
LogWindows: Failed to load 'VtuneApi.dll' (GetLastError=126)
LogWindows: File 'VtuneApi.dll' does not exist
LogWindows: Failed to load 'VtuneApi32e.dll' (GetLastError=126)
LogWindows: File 'VtuneApi32e.dll' does not exist
LogInit: Display: Running engine for game: main
LogPlatformFile: Not using cached read wrapper
LogInit: Display: RandInit(-494237711) SRandInit(-494237711).
LogInit: Read version file with build ID '3709383'
LogInit: Overriding engine version to CL 3794801, compatible CL 3709383
LogInit: Registered custom module enumerator with build ID '3709383'
LogInit: Warning: Passing commandline switches using / instead of - has been deprecated and will be removed in future versions of Unreal Engine.
LogTaskGraph: Started task graph with 5 named threads and 14 total threads with 3 sets of task threads.
LogStats: Stats thread started at 0.201871
LogD3D11RHI: Aftermath initialized
LogInit: Warning: Passing commandline switches using / instead of - has been deprecated and will be removed in future versions of Unreal Engine.
LogPluginManager: Mounting plugin Paper2D
LogPluginManager: Mounting plugin LightPropagationVolume
LogPluginManager: Mounting plugin CodeLiteSourceCodeAccess
LogPluginManager: Mounting plugin GitSourceControl
LogPluginManager: Mounting plugin KDevelopSourceCodeAccess
LogPluginManager: Mounting plugin NullSourceCodeAccess
LogPluginManager: Mounting plugin PerforceSourceControl
LogPluginManager: Mounting plugin SubversionSourceControl
LogPluginManager: Mounting plugin UObjectPlugin
LogPluginManager: Mounting plugin VisualStudioCodeSourceCodeAccess
LogPluginManager: Mounting plugin VisualStudioSourceCodeAccess
LogPluginManager: Mounting plugin XCodeSourceCodeAccess
LogPluginManager: Mounting plugin AssetManagerEditor
LogPluginManager: Mounting plugin AudioCapture
LogPluginManager: Mounting plugin FacialAnimation
LogPluginManager: Mounting plugin GameplayTagsEditor
LogPluginManager: Mounting plugin MobileLauncherProfileWizard
LogPluginManager: Mounting plugin PluginBrowser
LogPluginManager: Mounting plugin SpeedTreeImporter
LogPluginManager: Mounting plugin AlembicImporter
LogPluginManager: Mounting plugin CharacterAI
LogPluginManager: Mounting plugin HTML5Networking
LogPluginManager: Mounting plugin AndroidMedia
LogPluginManager: Mounting plugin AvfMedia
LogPluginManager: Mounting plugin ImgMedia
LogPluginManager: Mounting plugin MediaCompositing
LogPluginManager: Mounting plugin MediaPlayerEditor
LogPluginManager: Mounting plugin WmfMedia
LogPluginManager: Mounting plugin TcpMessaging
LogPluginManager: Mounting plugin UdpMessaging
LogPluginManager: Mounting plugin ActorSequence
LogPluginManager: Mounting plugin LevelSequenceEditor
LogPluginManager: Mounting plugin MatineeToLevelSequence
LogPluginManager: Mounting plugin OnlineSubsystemGooglePlay
LogPluginManager: Mounting plugin OnlineSubsystemIOS
LogPluginManager: Mounting plugin OnlineSubsystem
LogPluginManager: Mounting plugin OnlineSubsystemNull
LogPluginManager: Mounting plugin OnlineSubsystemSteam
LogPluginManager: Mounting plugin OnlineSubsystemUtils
LogPluginManager: Mounting plugin AndroidDeviceProfileSelector
LogPluginManager: Mounting plugin AndroidMoviePlayer
LogPluginManager: Mounting plugin AndroidPermission
LogPluginManager: Mounting plugin AppleARKit
LogPluginManager: Mounting plugin AppleMoviePlayer
LogPluginManager: Mounting plugin ArchVisCharacter
LogPluginManager: Mounting plugin CableComponent
LogPluginManager: Mounting plugin CustomMeshComponent
LogPluginManager: Mounting plugin ExampleDeviceProfileSelector
LogPluginManager: Mounting plugin GoogleCloudMessaging
LogPluginManager: Mounting plugin ImmediatePhysics
LogPluginManager: Mounting plugin IOSDeviceProfileSelector
LogPluginManager: Mounting plugin LinuxDeviceProfileSelector
LogPluginManager: Mounting plugin LocationServicesBPLibrary
LogPluginManager: Mounting plugin MobilePatchingUtils
LogPluginManager: Mounting plugin OculusVR
LogPluginManager: Plugin shader directory ../../../Engine/Plugins/Runtime/Oculus/OculusVR/Shaders found
LogPluginManager: Mapping shader source directory ../../../Engine/Plugins/Runtime/Oculus/OculusVR/Shaders to virtual directory /Plugin/OculusVR
LogPluginManager: Mounting plugin PhysXVehicles
LogPluginManager: Mounting plugin ProceduralMeshComponent
LogPluginManager: Mounting plugin RuntimePhysXCooking
LogPluginManager: Mounting plugin SteamVR
LogPluginManager: Mounting plugin WindowsMoviePlayer
LogModuleManager: Display: Found up-to-date module file D:/team/set/main/Binaries/Win64/UE4Editor-main.dll (API version 3709383).
LogModuleManager: Display: Found up-to-date module file ../../../Engine/Plugins/2D/Paper2D/Binaries/Win64/UE4Editor-Paper2D.dll (API version 3709383).
LogModuleManager: Display: Found up-to-date module file ../../../Engine/Plugins/2D/Paper2D/Binaries/Win64/UE4Editor-Paper2DEditor.dll (API version 3709383).
LogModuleManager: Display: Found up-to-date module file ../../../Engine/Plugins/2D/Paper2D/Binaries/Win64/UE4Editor-PaperSpriteSheetImporter.dll (API version 3709383).
LogModuleManager: Display: Found up-to-date module file ../../../Engine/Plugins/2D/Paper2D/Binaries/Win64/UE4Editor-PaperTiledImporter.dll (API version 3709383).
LogModuleManager: Display: Found up-to-date module file ../../../Engine/Plugins/2D/Paper2D/Binaries/Win64/UE4Editor-SmartSnapping.dll (API version 3709383).
LogModuleManager: Display: Found up-to-date module file ../../../Engine/Plugins/Blendables/LightPropagationVolume/Binaries/Win64/UE4Editor-LightPropagationVolumeRuntime.dll (API version 3709383).
LogModuleManager: Display: Found up-to-date module file ../../../Engine/Plugins/Blendables/LightPropagationVolume/Binaries/Win64/UE4Editor-LightPropagationVolumeEditor.dll (API version 3709383).
LogModuleManager: Display: Found up-to-date module file ../../../Engine/Plugins/Developer/GitSourceControl/Binaries/Win64/UE4Editor-GitSourceControl.dll (API version 3709383).
LogModuleManager: Display: Found up-to-date module file ../../../Engine/Plugins/Developer/PerforceSourceControl/Binaries/Win64/UE4Editor-PerforceSourceControl.dll (API version 3709383).
LogModuleManager: Display: Found up-to-date module file ../../../Engine/Plugins/Developer/SubversionSourceControl/Binaries/Win64/UE4Editor-SubversionSourceControl.dll (API version 3709383).
LogModuleManager: Display: Found up-to-date module file ../../../Engine/Plugins/Developer/UObjectPlugin/Binaries/Win64/UE4Editor-UObjectPlugin.dll (API version 3709383).
LogModuleManager: Display: Found up-to-date module file ../../../Engine/Plugins/Developer/VisualStudioCodeSourceCodeAccess/Binaries/Win64/UE4Editor-VisualStudioCodeSourceCodeAccess.dll (API version 3709383).
LogModuleManager: Display: Found up-to-date module file ../../../Engine/Plugins/Developer/VisualStudioSourceCodeAccess/Binaries/Win64/UE4Editor-VisualStudioSourceCodeAccess.dll (API version 3709383).
LogModuleManager: Display: Found up-to-date module file ../../../Engine/Plugins/Editor/AssetManagerEditor/Binaries/Win64/UE4Editor-AssetManagerEditor.dll (API version 3709383).
LogModuleManager: Display: Found up-to-date module file ../../../Engine/Plugins/Editor/AudioCapture/Binaries/Win64/UE4Editor-AudioCapture.dll (API version 3709383).
LogModuleManager: Display: Found up-to-date module file ../../../Engine/Plugins/Editor/FacialAnimation/Binaries/Win64/UE4Editor-FacialAnimation.dll (API version 3709383).
LogModuleManager: Display: Found up-to-date module file ../../../Engine/Plugins/Editor/FacialAnimation/Binaries/Win64/UE4Editor-FacialAnimationEditor.dll (API version 3709383).
LogModuleManager: Display: Found up-to-date module file ../../../Engine/Plugins/Editor/GameplayTagsEditor/Binaries/Win64/UE4Editor-GameplayTagsEditor.dll (API version 3709383).
LogModuleManager: Display: Found up-to-date module file ../../../Engine/Plugins/Editor/MobileLauncherProfileWizard/Binaries/Win64/UE4Editor-MobileLauncherProfileWizard.dll (API version 3709383).
LogModuleManager: Display: Found up-to-date module file ../../../Engine/Plugins/Editor/PluginBrowser/Binaries/Win64/UE4Editor-PluginBrowser.dll (API version 3709383).
LogModuleManager: Display: Found up-to-date module file ../../../Engine/Plugins/Editor/SpeedTreeImporter/Binaries/Win64/UE4Editor-SpeedTreeImporter.dll (API version 3709383).
LogModuleManager: Display: Found up-to-date module file ../../../Engine/Plugins/Experimental/AlembicImporter/Binaries/Win64/UE4Editor-AlembicImporter.dll (API version 3709383).
LogModuleManager: Display: Found up-to-date module file ../../../Engine/Plugins/Experimental/AlembicImporter/Binaries/Win64/UE4Editor-AlembicLibrary.dll (API version 3709383).
LogModuleManager: Display: Found up-to-date module file ../../../Engine/Plugins/Experimental/CharacterAI/Binaries/Win64/UE4Editor-CharacterAI.dll (API version 3709383).
LogModuleManager: Display: Found up-to-date module file ../../../Engine/Plugins/Experimental/HTML5Networking/Binaries/Win64/UE4Editor-HTML5Networking.dll (API version 3709383).
LogModuleManager: Display: Found up-to-date module file ../../../Engine/Plugins/Media/AndroidMedia/Binaries/Win64/UE4Editor-AndroidMediaEditor.dll (API version 3709383).
LogModuleManager: Display: Found up-to-date module file ../../../Engine/Plugins/Media/AndroidMedia/Binaries/Win64/UE4Editor-AndroidMediaFactory.dll (API version 3709383).
LogModuleManager: Display: Found up-to-date module file ../../../Engine/Plugins/Media/AvfMedia/Binaries/Win64/UE4Editor-AvfMediaEditor.dll (API version 3709383).
LogModuleManager: Display: Found up-to-date module file ../../../Engine/Plugins/Media/AvfMedia/Binaries/Win64/UE4Editor-AvfMediaFactory.dll (API version 3709383).
LogModuleManager: Display: Found up-to-date module file ../../../Engine/Plugins/Media/AvfMedia/Binaries/Win64/UE4Editor-AvfMediaFactory.dll (API version 3709383).
LogModuleManager: Display: Found up-to-date module file ../../../Engine/Plugins/Media/ImgMedia/Binaries/Win64/UE4Editor-ImgMedia.dll (API version 3709383).
LogModuleManager: Display: Found up-to-date module file ../../../Engine/Plugins/Media/ImgMedia/Binaries/Win64/UE4Editor-ImgMediaEditor.dll (API version 3709383).
LogModuleManager: Display: Found up-to-date module file ../../../Engine/Plugins/Media/ImgMedia/Binaries/Win64/UE4Editor-ImgMediaFactory.dll (API version 3709383).
LogModuleManager: Display: Found up-to-date module file ../../../Engine/Plugins/Media/ImgMedia/Binaries/Win64/UE4Editor-ImgMediaFactory.dll (API version 3709383).
LogModuleManager: Display: Found up-to-date module file ../../../Engine/Plugins/Media/ImgMedia/Binaries/Win64/UE4Editor-OpenExrWrapper.dll (API version 3709383).
LogModuleManager: Display: Found up-to-date module file ../../../Engine/Plugins/Media/MediaCompositing/Binaries/Win64/UE4Editor-MediaCompositing.dll (API version 3709383).
LogModuleManager: Display: Found up-to-date module file ../../../Engine/Plugins/Media/MediaCompositing/Binaries/Win64/UE4Editor-MediaCompositingEditor.dll (API version 3709383).
LogModuleManager: Display: Found up-to-date module file ../../../Engine/Plugins/Media/MediaPlayerEditor/Binaries/Win64/UE4Editor-MediaPlayerEditor.dll (API version 3709383).
LogModuleManager: Display: Found up-to-date module file ../../../Engine/Plugins/Media/WmfMedia/Binaries/Win64/UE4Editor-WmfMedia.dll (API version 3709383).
LogModuleManager: Display: Found up-to-date module file ../../../Engine/Plugins/Media/WmfMedia/Binaries/Win64/UE4Editor-WmfMediaEditor.dll (API version 3709383).
LogModuleManager: Display: Found up-to-date module file ../../../Engine/Plugins/Media/WmfMedia/Binaries/Win64/UE4Editor-WmfMediaFactory.dll (API version 3709383).
LogModuleManager: Display: Found up-to-date module file ../../../Engine/Plugins/Media/WmfMedia/Binaries/Win64/UE4Editor-WmfMediaFactory.dll (API version 3709383).
LogModuleManager: Display: Found up-to-date module file ../../../Engine/Plugins/Messaging/TcpMessaging/Binaries/Win64/UE4Editor-TcpMessaging.dll (API version 3709383).
LogModuleManager: Display: Found up-to-date module file ../../../Engine/Plugins/Messaging/UdpMessaging/Binaries/Win64/UE4Editor-UdpMessaging.dll (API version 3709383).
LogModuleManager: Display: Found up-to-date module file ../../../Engine/Plugins/MovieScene/ActorSequence/Binaries/Win64/UE4Editor-ActorSequence.dll (API version 3709383).
LogModuleManager: Display: Found up-to-date module file ../../../Engine/Plugins/MovieScene/LevelSequenceEditor/Binaries/Win64/UE4Editor-LevelSequenceEditor.dll (API version 3709383).
LogModuleManager: Display: Found up-to-date module file ../../../Engine/Plugins/MovieScene/MatineeToLevelSequence/Binaries/Win64/UE4Editor-MatineeToLevelSequence.dll (API version 3709383).
LogModuleManager: Display: Found up-to-date module file ../../../Engine/Plugins/Online/OnlineSubsystem/Binaries/Win64/UE4Editor-OnlineSubsystem.dll (API version 3709383).
LogModuleManager: Display: Found up-to-date module file ../../../Engine/Plugins/Online/OnlineSubsystemNull/Binaries/Win64/UE4Editor-OnlineSubsystemNull.dll (API version 3709383).
LogModuleManager: Display: Found up-to-date module file ../../../Engine/Plugins/Online/OnlineSubsystemSteam/Binaries/Win64/UE4Editor-OnlineSubsystemSteam.dll (API version 3709383).
LogModuleManager: Display: Found up-to-date module file ../../../Engine/Plugins/Online/OnlineSubsystemUtils/Binaries/Win64/UE4Editor-OnlineSubsystemUtils.dll (API version 3709383).
LogModuleManager: Display: Found up-to-date module file ../../../Engine/Plugins/Online/OnlineSubsystemUtils/Binaries/Win64/UE4Editor-OnlineBlueprintSupport.dll (API version 3709383).
LogModuleManager: Display: Found up-to-date module file ../../../Engine/Plugins/Runtime/AndroidDeviceProfileSelector/Binaries/Win64/UE4Editor-AndroidDeviceProfileSelector.dll (API version 3709383).
LogModuleManager: Display: Found up-to-date module file ../../../Engine/Plugins/Runtime/AndroidPermission/Binaries/Win64/UE4Editor-AndroidPermission.dll (API version 3709383).
LogModuleManager: Display: Found up-to-date module file ../../../Engine/Plugins/Runtime/AppleARKit/Binaries/Win64/UE4Editor-AppleARKit.dll (API version 3709383).
LogModuleManager: Display: Found up-to-date module file ../../../Engine/Plugins/Runtime/ArchVisCharacter/Binaries/Win64/UE4Editor-ArchVisCharacter.dll (API version 3709383).
LogModuleManager: Display: Found up-to-date module file ../../../Engine/Plugins/Runtime/CableComponent/Binaries/Win64/UE4Editor-CableComponent.dll (API version 3709383).
LogModuleManager: Display: Found up-to-date module file ../../../Engine/Plugins/Runtime/CustomMeshComponent/Binaries/Win64/UE4Editor-CustomMeshComponent.dll (API version 3709383).
LogModuleManager: Display: Found up-to-date module file ../../../Engine/Plugins/Runtime/ExampleDeviceProfileSelector/Binaries/Win64/UE4Editor-ExampleDeviceProfileSelector.dll (API version 3709383).
LogModuleManager: Display: Found up-to-date module file ../../../Engine/Plugins/Runtime/ImmediatePhysics/Binaries/Win64/UE4Editor-ImmediatePhysics.dll (API version 3709383).
LogModuleManager: Display: Found up-to-date module file ../../../Engine/Plugins/Runtime/ImmediatePhysics/Binaries/Win64/UE4Editor-ImmediatePhysicsEditor.dll (API version 3709383).
LogModuleManager: Display: Found up-to-date module file ../../../Engine/Plugins/Runtime/LocationServicesBPLibrary/Binaries/Win64/UE4Editor-LocationServicesBPLibrary.dll (API version 3709383).
LogModuleManager: Display: Found up-to-date module file ../../../Engine/Plugins/Runtime/MobilePatchingUtils/Binaries/Win64/UE4Editor-MobilePatchingUtils.dll (API version 3709383).
LogModuleManager: Display: Found up-to-date module file ../../../Engine/Plugins/Runtime/Oculus/OculusVR/Binaries/Win64/UE4Editor-OculusHMD.dll (API version 3709383).
LogModuleManager: Display: Found up-to-date module file ../../../Engine/Plugins/Runtime/Oculus/OculusVR/Binaries/Win64/UE4Editor-OculusInput.dll (API version 3709383).
LogModuleManager: Display: Found up-to-date module file ../../../Engine/Plugins/Runtime/Oculus/OculusVR/Binaries/Win64/UE4Editor-OculusEditor.dll (API version 3709383).
LogModuleManager: Display: Found up-to-date module file ../../../Engine/Plugins/Runtime/PhysXVehicles/Binaries/Win64/UE4Editor-PhysXVehicles.dll (API version 3709383).
LogModuleManager: Display: Found up-to-date module file ../../../Engine/Plugins/Runtime/PhysXVehicles/Binaries/Win64/UE4Editor-PhysXVehiclesEditor.dll (API version 3709383).
LogModuleManager: Display: Found up-to-date module file ../../../Engine/Plugins/Runtime/ProceduralMeshComponent/Binaries/Win64/UE4Editor-ProceduralMeshComponent.dll (API version 3709383).
LogModuleManager: Display: Found up-to-date module file ../../../Engine/Plugins/Runtime/ProceduralMeshComponent/Binaries/Win64/UE4Editor-ProceduralMeshComponentEditor.dll (API version 3709383).
LogModuleManager: Display: Found up-to-date module file ../../../Engine/Plugins/Runtime/RuntimePhysXCooking/Binaries/Win64/UE4Editor-RuntimePhysXCooking.dll (API version 3709383).
LogModuleManager: Display: Found up-to-date module file ../../../Engine/Plugins/Runtime/Steam/SteamVR/Binaries/Win64/UE4Editor-SteamVR.dll (API version 3709383).
LogModuleManager: Display: Found up-to-date module file ../../../Engine/Plugins/Runtime/Steam/SteamVR/Binaries/Win64/UE4Editor-SteamVRController.dll (API version 3709383).
LogModuleManager: Display: Found up-to-date module file ../../../Engine/Plugins/Runtime/WindowsMoviePlayer/Binaries/Win64/UE4Editor-WindowsMoviePlayer.dll (API version 3709383).
LogInit: Using libcurl 7.47.1
LogInit:  - built for x86_64-pc-win32
LogInit:  - supports SSL with OpenSSL/1.0.2g
LogInit:  - supports HTTP deflate (compression) using libz 1.2.8
LogInit:  - other features:
LogInit:      CURL_VERSION_SSL
LogInit:      CURL_VERSION_LIBZ
LogInit:      CURL_VERSION_IPV6
LogInit:      CURL_VERSION_ASYNCHDNS
LogInit:      CURL_VERSION_LARGEFILE
LogInit:      CURL_VERSION_IDN
LogInit:  CurlRequestOptions (configurable via config and command line):
LogInit:  - bVerifyPeer = false  - Libcurl will NOT verify peer certificate
LogInit:  - bUseHttpProxy = false  - Libcurl will NOT use HTTP proxy
LogInit:  - bDontReuseConnections = false  - Libcurl will reuse connections
LogInit:  - CertBundlePath = nullptr  - Libcurl will use whatever was configured at build time.
LogOnline: Display: STEAM: Loading Steam SDK 1.39
LogInit: WinSock: version 1.1 (2.2), MaxSocks=32767, MaxUdp=65467
LogInit: Build: ++UE4+Release-4.18-CL-3794801
LogInit: Engine Version: 4.18.2-3794801+++UE4+Release-4.18
LogInit: Compatible Engine Version: 4.18.0-3709383+++UE4+Release-4.18
LogInit: Net CL: 3709383
LogDevObjectVersion: Number of dev versions registered: 16
LogDevObjectVersion:   Dev-Blueprints (B0D832E4-1F89-4F0D-ACCF-7EB736FD4AA2): 10
LogDevObjectVersion:   Dev-Build (E1C64328-A22C-4D53-A36C-8E866417BD8C): 0
LogDevObjectVersion:   Dev-Core (375EC13C-06E4-48FB-B500-84F0262A717E): 2
LogDevObjectVersion:   Dev-Editor (E4B068ED-F494-42E9-A231-DA0B2E46BB41): 20
LogDevObjectVersion:   Dev-Framework (CFFC743F-43B0-4480-9391-14DF171D2073): 30
LogDevObjectVersion:   Dev-Mobile (B02B49B5-BB20-44E9-A304-32B752E40360): 0
LogDevObjectVersion:   Dev-Networking (A4E4105C-59A1-49B5-A7C5-40C4547EDFEE): 0
LogDevObjectVersion:   Dev-Online (39C831C9-5AE6-47DC-9A44-9C173E1C8E7C): 0
LogDevObjectVersion:   Dev-Physics (78F01B33-EBEA-4F98-B9B4-84EACCB95AA2): 0
LogDevObjectVersion:   Dev-Platform (6631380F-2D4D-43E0-8009-CF276956A95A): 0
LogDevObjectVersion:   Dev-Rendering (12F88B9F-8875-4AFC-A67C-D90C383ABD29): 20
LogDevObjectVersion:   Dev-Sequencer (7B5AE74C-D270-4C10-A958-57980B212A5A): 4
LogDevObjectVersion:   Dev-VR (D7296918-1DD6-4BDD-9DE2-64A83CC13884): 0
LogDevObjectVersion:   Dev-LoadTimes (C2A15278-BFE7-4AFE-6C17-90FF531DF755): 1
LogDevObjectVersion:   Private-Geometry (6EACA3D4-40EC-4CC1-B786-8BED09428FC5): 1
LogDevObjectVersion:   Dev-AnimPhys (29E575DD-E0A3-4627-9D10-D276232CDCEA): 12
LogInit: Compiled (64-bit): Dec  8 2017 02:04:53
LogInit: Compiled with Visual C++: 19.00.24215.01
LogInit: Build Configuration: Development
LogInit: Branch Name: ++UE4+Release-4.18
LogInit: Command line:  /Game/pratice/wonseok/MultiPlay/Maps/MainMenu -game -PIEVIACONSOLE -ResX=1280 -ResY=720  -Multiprocess -messaging -SessionName="Play in Standalone Game" -windowed 
LogInit: Base directory: C:/Program Files/Epic Games/UE_4.18/Engine/Binaries/Win64/
LogInit: Installed Engine Build: 1
LogInit: Presizing for max 8388607 objects, including 0 objects not considered by GC, pre-allocating 0 bytes for permanent pool.
LogInit: Object subsystem initialized
[2018.01.18-19.28.40:627][  0]LogInit: Selected Device Profile: [Windows]
[2018.01.18-19.28.40:627][  0]LogInit: Applying CVar settings loaded from the selected device profile: [Windows]
[2018.01.18-19.28.40:631][  0]LogInit: Computer: DESKTOP-LOUV37F
[2018.01.18-19.28.40:631][  0]LogInit: User: choiw
[2018.01.18-19.28.40:631][  0]LogInit: CPU Page size=4096, Cores=4
[2018.01.18-19.28.40:631][  0]LogInit: High frequency timer resolution =2.742188 MHz
[2018.01.18-19.28.40:632][  0]LogMemory: Memory total: Physical=7.9GB (8GB approx)
[2018.01.18-19.28.40:632][  0]LogMemory: Platform Memory Stats for Windows
[2018.01.18-19.28.40:632][  0]LogMemory: Process Physical Memory: 304.51 MB used, 304.51 MB peak
[2018.01.18-19.28.40:632][  0]LogMemory: Process Virtual Memory: 286.81 MB used, 286.81 MB peak
[2018.01.18-19.28.40:632][  0]LogMemory: Physical Memory: 5434.86 MB used,  2649.22 MB free, 8084.07 MB total
[2018.01.18-19.28.40:632][  0]LogMemory: Virtual Memory: 767.20 MB used,  2649.22 MB free, 134217728.00 MB total
[2018.01.18-19.28.41:015][  0]LogInit: Using OS detected language (ko-KR).
[2018.01.18-19.28.41:015][  0]LogInit: Using OS detected locale (ko-KR).
[2018.01.18-19.28.41:019][  0]LogTextLocalizationManager: No specific localization for 'ko-KR' exists, so the 'ko' localization will be used.
[2018.01.18-19.28.41:355][  0]LogD3D11RHI: D3D11 adapters:
[2018.01.18-19.28.41:432][  0]LogD3D11RHI:    0. 'NVIDIA GeForce GTX 1060 with Max-Q Design' (Feature Level 11_0)
[2018.01.18-19.28.41:433][  0]LogD3D11RHI:       6061/0/4042 MB DedicatedVideo/DedicatedSystem/SharedSystem, Outputs:1, VendorId:0x10de
[2018.01.18-19.28.41:451][  0]LogD3D11RHI:    1. 'Intel(R) HD Graphics 630' (Feature Level 11_0)
[2018.01.18-19.28.41:451][  0]LogD3D11RHI:       128/0/4042 MB DedicatedVideo/DedicatedSystem/SharedSystem, Outputs:0, VendorId:0x8086
[2018.01.18-19.28.41:455][  0]LogD3D11RHI:    2. 'Microsoft Basic Render Driver' (Feature Level 11_0)
[2018.01.18-19.28.41:455][  0]LogD3D11RHI:       0/0/4042 MB DedicatedVideo/DedicatedSystem/SharedSystem, Outputs:0, VendorId:0x1414
[2018.01.18-19.28.41:455][  0]LogD3D11RHI: Chosen D3D11 Adapter: 0
[2018.01.18-19.28.41:464][  0]LogD3D11RHI: Creating new Direct3DDevice
[2018.01.18-19.28.41:465][  0]LogD3D11RHI:     GPU DeviceId: 0x1c20 (for the marketing name, search the web for "GPU Device Id")
[2018.01.18-19.28.41:465][  0]LogWindows: EnumDisplayDevices:
[2018.01.18-19.28.41:465][  0]LogWindows:    0. 'Intel(R) HD Graphics 630' (P:1 D:1)
[2018.01.18-19.28.41:467][  0]LogWindows:    1. 'Intel(R) HD Graphics 630' (P:0 D:0)
[2018.01.18-19.28.41:468][  0]LogWindows:    2. 'Intel(R) HD Graphics 630' (P:0 D:0)
[2018.01.18-19.28.41:469][  0]LogWindows:    3. 'NVIDIA GeForce GTX 1060 with Max-Q Design' (P:0 D:0)
[2018.01.18-19.28.41:471][  0]LogWindows:    4. 'NVIDIA GeForce GTX 1060 with Max-Q Design' (P:0 D:0)
[2018.01.18-19.28.41:472][  0]LogWindows:    5. 'NVIDIA GeForce GTX 1060 with Max-Q Design' (P:0 D:0)
[2018.01.18-19.28.41:473][  0]LogWindows:    6. 'NVIDIA GeForce GTX 1060 with Max-Q Design' (P:0 D:0)
[2018.01.18-19.28.41:474][  0]LogWindows: DebugString: PrimaryIsNotTheChoosenAdapter PrimaryIsNotTheChoosenAdapter PrimaryIsNotTheChoosenAdapter FoundDriverCount:4 
[2018.01.18-19.28.41:474][  0]LogD3D11RHI:     Adapter Name: NVIDIA GeForce GTX 1060 with Max-Q Design
[2018.01.18-19.28.41:474][  0]LogD3D11RHI:   Driver Version: 388.31 (internal:23.21.13.8831, unified:388.31)
[2018.01.18-19.28.41:474][  0]LogD3D11RHI:      Driver Date: 11-14-2017
[2018.01.18-19.28.41:474][  0]LogRHI: Texture pool is 4242 MB (70% of 6061 MB)
[2018.01.18-19.28.41:515][  0]LogD3D11RHI: Async texture creation enabled
[2018.01.18-19.28.41:650][  0]LogD3D11RHI: GPU Timing Frequency: 1000.000000 (Debug: 2 1)
[2018.01.18-19.28.41:656][  0]LogShaderCompilers: Guid format shader working directory is 29 characters bigger than the processId version (D:/team/set/main/Intermediate/Shaders/WorkingDirectory/14484/).
[2018.01.18-19.28.41:656][  0]LogShaderCompilers: Cleaned the shader compiler working directory 'C:/Users/choiw/AppData/Local/Temp/UnrealShaderWorkingDir/D62B043340CB8CFFCC98949BDCC0379F/'.
[2018.01.18-19.28.41:656][  0]LogShaderCompilers: Display: Using Local Shader Compiler.
[2018.01.18-19.28.42:915][  0]LogTemp: Display: Loaded TP WindowsClientTargetPlatform
[2018.01.18-19.28.43:017][  0]LogTemp: Display: Loaded TP WindowsNoEditorTargetPlatform
[2018.01.18-19.28.43:111][  0]LogTemp: Display: Loaded TP WindowsServerTargetPlatform
[2018.01.18-19.28.43:203][  0]LogTemp: Display: Loaded TP WindowsTargetPlatform
[2018.01.18-19.28.43:203][  0]LogTargetPlatformManager: Display: Building Assets For Windows
[2018.01.18-19.28.44:198][  0]LogDerivedDataCache: Display: Max Cache Size: 512 MB
[2018.01.18-19.28.44:303][  0]LogDerivedDataCache: Loaded boot cache 0.10s 79MB C:/Users/choiw/AppData/Local/UnrealEngine/4.18/DerivedDataCache/Boot.ddc.
[2018.01.18-19.28.44:303][  0]LogDerivedDataCache: Display: Loaded Boot cache: C:/Users/choiw/AppData/Local/UnrealEngine/4.18/DerivedDataCache/Boot.ddc
[2018.01.18-19.28.44:303][  0]LogDerivedDataCache: FDerivedDataBackendGraph:  Pak pak cache file D:/team/set/main/DerivedDataCache/DDC.ddp not found, will not use a pak cache.
[2018.01.18-19.28.44:303][  0]LogDerivedDataCache: Unable to find inner node Pak for hierarchical cache Hierarchy.
[2018.01.18-19.28.44:303][  0]LogDerivedDataCache: FDerivedDataBackendGraph:  CompressedPak pak cache file D:/team/set/main/DerivedDataCache/Compressed.ddp not found, will not use a pak cache.
[2018.01.18-19.28.44:303][  0]LogDerivedDataCache: Unable to find inner node CompressedPak for hierarchical cache Hierarchy.
[2018.01.18-19.28.44:318][  0]LogDerivedDataCache: Display: Pak cache opened for reading ../../../Engine/DerivedDataCache/Compressed.ddp.
[2018.01.18-19.28.44:331][  0]LogDerivedDataCache: Using Local data cache path C:/Users/choiw/AppData/Local/UnrealEngine/Common/DerivedDataCache: Writable
[2018.01.18-19.28.44:340][  0]LogMaterial: Verifying Global Shaders for PCD3D_SM5
[2018.01.18-19.28.44:341][  0]LogSlate: Using Freetype 2.6.0
[2018.01.18-19.28.44:341][  0]LogSlate: SlateFontCache - WITH_FREETYPE: 1, WITH_HARFBUZZ: 1
[2018.01.18-19.28.44:341][  0]LogSlate: SlateFontCache - WITH_FREETYPE: 1, WITH_HARFBUZZ: 1
[2018.01.18-19.28.44:844][  0]LogAssetRegistry: FAssetRegistry took 0.0061 seconds to start up
[2018.01.18-19.28.44:863][  0]LogPackageLocalizationCache: Processed 7 localized package path(s) for 2 prioritized culture(s) in 0.018774 seconds
[2018.01.18-19.28.45:007][  0]LogInit: Selected Device Profile: [Windows]
[2018.01.18-19.28.45:672][  0]LogSimplygon: Simplygon DLL not present - disabling.
[2018.01.18-19.28.45:754][  0]LogMeshReduction: Using SimplygonSwarm for distributed automatic mesh merging
[2018.01.18-19.28.45:754][  0]LogMeshReduction: Using QuadricMeshReduction for automatic static mesh reduction
[2018.01.18-19.28.45:754][  0]LogMeshReduction: No automatic skeletal mesh reduction module available
[2018.01.18-19.28.45:754][  0]LogMeshReduction: No automatic mesh merging module available
[2018.01.18-19.28.45:754][  0]LogMeshMerging: No automatic mesh merging module available
[2018.01.18-19.28.45:795][  0]LogNetVersion: main , NetCL: 3709383, EngineNetVer: 2, GameNetVer: 0 (Checksum: 1998149536)
[2018.01.18-19.28.46:101][  0]LogInit: Warning: Passing commandline switches using / instead of - has been deprecated and will be removed in future versions of Unreal Engine.
[2018.01.18-19.28.46:101][  0]LogInit: Warning: Passing commandline switches using / instead of - has been deprecated and will be removed in future versions of Unreal Engine.
[2018.01.18-19.28.46:101][  0]LogInit: Warning: Passing commandline switches using / instead of - has been deprecated and will be removed in future versions of Unreal Engine.
[2018.01.18-19.28.49:367][  0]LogMoviePlayer: Initializing movie player
[2018.01.18-19.28.50:243][  0]LogCollectionManager: Loaded 0 collections in 0.001691 seconds
[2018.01.18-19.28.50:363][  0]LogFileCache: Scanning file cache for directory 'D:/team/set/main/Saved/Collections/' took 0.01s
[2018.01.18-19.28.50:363][  0]LogFileCache: Scanning file cache for directory 'D:/team/set/main/Content/Developers/choiw/Collections/' took 0.01s
[2018.01.18-19.28.50:363][  0]LogFileCache: Scanning file cache for directory 'D:/team/set/main/Content/Collections/' took 0.01s
[2018.01.18-19.28.50:364][  0]LogCollectionManager: Rebuilt the object cache for 0 collections in 0.000003 seconds (found 0 objects)
[2018.01.18-19.28.50:364][  0]LogCollectionManager: Fixed up redirectors for 0 collections in 0.001060 seconds (updated 0 objects)
[2018.01.18-19.28.50:945][  0]LogTcpMessaging: Initializing TcpMessaging bridge
[2018.01.18-19.28.51:054][  0]LogUdpMessaging: Initializing bridge on interface 0.0.0.0:0 to multicast group 230.0.0.1:6666.
[2018.01.18-19.28.52:295][  0]LogInit: Warning: Passing commandline switches using / instead of - has been deprecated and will be removed in future versions of Unreal Engine.
[2018.01.18-19.28.52:296][  0]SourceControl: 소스 콘트롤이 꺼졌습니다.
[2018.01.18-19.28.52:296][  0]SourceControl: 소스 콘트롤이 꺼졌습니다.
[2018.01.18-19.28.52:414][  0]SourceControl: 소스 콘트롤이 꺼졌습니다.
[2018.01.18-19.28.53:225][  0]LogAndroidPermission: UAndroidPermissionCallbackProxy::GetInstance
[2018.01.18-19.28.53:821][  0]LogOcInput: OculusInput pre-init called
[2018.01.18-19.28.54:047][  0]LogUObjectArray: 41540 objects as part of root set at end of initial load.
[2018.01.18-19.28.54:047][  0]LogUObjectAllocator: 9510696 out of 0 bytes used by permanent object pool.
[2018.01.18-19.28.54:047][  0]LogUObjectArray: CloseDisregardForGC: 0/0 objects in disregard for GC pool
[2018.01.18-19.28.54:250][  0]LogEngine: Initializing Engine...
[2018.01.18-19.28.54:254][  0]LogHMD: Failed to initialize OpenVR with code 110
[2018.01.18-19.28.54:489][  0]LogStats: UGameplayTagsManager::ConstructGameplayTagTree: Construct from data asset -  0.000 s
[2018.01.18-19.28.54:489][  0]LogStats: UGameplayTagsManager::ConstructGameplayTagTree: GameplayTagTreeChangedEvent.Broadcast -  0.000 s
[2018.01.18-19.28.54:505][  0]LogInit: XAudio2 using '스피커(Realtek High Definition Audio)' : 2 channels at 48 kHz using 32 bits per sample (channel mask 0x3)
[2018.01.18-19.28.54:559][  0]LogInit: FAudioDevice initialized.
[2018.01.18-19.28.54:590][  0]LogInit: Texture streaming: Enabled
[2018.01.18-19.28.54:620][  0]LogMaterial: Uniform references updated for custom material expression Custom.
[2018.01.18-19.28.55:406][  0]LogInit: Warning: Passing commandline switches using / instead of - has been deprecated and will be removed in future versions of Unreal Engine.
[2018.01.18-19.28.55:506][  0]LogInit: Display: Game Engine Initialized.
[2018.01.18-19.28.55:506][  0]LogGameplayTags: Display: UGameplayTagsManager::DoneAddingNativeTags. DelegateIsBound: 0
[2018.01.18-19.28.55:862][  0]LogInit: Display: Starting Game.
[2018.01.18-19.28.55:862][  0]LogNet: Browse: /Game/pratice/wonseok/MultiPlay/Maps/MainMenu?Name=Player
[2018.01.18-19.28.55:863][  0]LogLoad: LoadMap: /Game/pratice/wonseok/MultiPlay/Maps/MainMenu?Name=Player
[2018.01.18-19.28.56:303][  0]LogAIModule: Creating AISystem for world MainMenu
[2018.01.18-19.28.56:303][  0]LogLoad: Game class is 'mainGameMode'
[2018.01.18-19.28.56:304][  0]LogWorld: Bringing World /Game/pratice/wonseok/MultiPlay/Maps/MainMenu.MainMenu up for play (max tick rate 0) at 2018.01.19-04.28.56
[2018.01.18-19.28.56:304][  0]LogWorld: Bringing up level for play took: 0.000395
[2018.01.18-19.28.56:305][  0]LogGameMode: FindPlayerStart: PATHS NOT DEFINED or NO PLAYERSTART with positive rating
[2018.01.18-19.28.56:314][  0]LogLoad: Took 0.451465 seconds to LoadMap(/Game/pratice/wonseok/MultiPlay/Maps/MainMenu)
[2018.01.18-19.28.56:325][  0]LogSlate: Took 0.008667 seconds to synchronously load lazily loaded font '../../../Engine/Content/Slate/Fonts/NanumGothic.ttf' (4243K)
[2018.01.18-19.28.56:763][  0]LogRenderer: Reallocating scene render targets to support 1280x720 Format 10 NumSamples 1 (Frame:1).
[2018.01.18-19.28.56:763][  0]LogLoad: (Engine Initialization) Total time: 20.60 seconds
[2018.01.18-19.28.56:763][  0]LogLoad: (Engine Initialization) Total Blueprint compile time: 0.00 seconds
[2018.01.18-19.28.56:764][  0]LogExternalProfiler: No external profilers were discovered.  External profiling features will not be available.
[2018.01.18-19.28.56:786][  0]LogContentStreaming: Texture pool size now 1000 MB
[2018.01.18-19.29.19:292][393]LogOnline: Warning: Unknown or unsupported data type from Steam key data currentmembers 3
[2018.01.18-19.29.19:293][393]LogOnline: Warning: STEAM: Failed to parse setting from key currentmembers value 3
[2018.01.18-19.29.19:293][393]LogOnline: Warning: Unknown or unsupported data type from Steam key data guid a00ce4f5-a736-4f40-9e42-6bfaed881bdb
[2018.01.18-19.29.19:293][393]LogOnline: Warning: STEAM: Failed to parse setting from key guid value a00ce4f5-a736-4f40-9e42-6bfaed881bdb
[2018.01.18-19.29.19:293][393]LogOnline: Warning: Unknown or unsupported data type from Steam key data name gggg (shjm4168)
[2018.01.18-19.29.19:293][393]LogOnline: Warning: STEAM: Failed to parse setting from key name value gggg (shjm4168)
[2018.01.18-19.29.19:293][393]LogOnline: Warning: Unknown or unsupported data type from Steam key data __gameserverIP 0
[2018.01.18-19.29.19:293][393]LogOnline: Warning: STEAM: Failed to parse setting from key __gameserverIP value 0
[2018.01.18-19.29.19:294][393]LogOnline: Warning: Unknown or unsupported data type from Steam key data __gameserverPort 0
[2018.01.18-19.29.19:294][393]LogOnline: Warning: STEAM: Failed to parse setting from key __gameserverPort value 0
[2018.01.18-19.29.19:294][393]LogOnline: Warning: Unknown or unsupported data type from Steam key data __gameserverSteamID 90112946095908865
[2018.01.18-19.29.19:294][393]LogOnline: Warning: STEAM: Failed to parse setting from key __gameserverSteamID value 90112946095908865
[2018.01.18-19.29.19:294][393]LogOnline: Warning: STEAM: Unable to parse search result for lobby 'Lobby [0x1860000DA86BB30]'
[2018.01.18-19.29.19:296][393]LogNetVersion: main 1.0.0.0, NetCL: 3709383, EngineNetVer: 2, GameNetVer: 0 (Checksum: 285256623)
[2018.01.18-19.29.19:297][393]LogOnline: Warning: STEAM: Removed incompatible build: ServerBuildUniqueId = 0x00000114, GetBuildUniqueId() = 0x427b34bd
[2018.01.18-19.29.19:297][393]LogOnline: Warning: STEAM: Unable to parse search result for lobby 'Lobby [0x1860000DA8A3B97]'
[2018.01.18-19.29.19:298][393]LogOnline: Warning: STEAM: Removed incompatible build: ServerBuildUniqueId = 0x6e68973d, GetBuildUniqueId() = 0x427b34bd
[2018.01.18-19.29.19:298][393]LogOnline: Warning: STEAM: Unable to parse search result for lobby 'Lobby [0x1860000DA8AC3E4]'
[2018.01.18-19.29.21:065][501]LogNet: Browse: steam.76561198150190256//Game/pratice/wonseok/MultiPlay/Maps/MainMenu
[2018.01.18-19.29.21:065][501]LogTemp: Display: ParseSettings for GameNetDriver
[2018.01.18-19.29.21:065][501]LogTemp: Display: ParseSettings for SteamNetDriver_0
[2018.01.18-19.29.21:065][501]LogTemp: Display: ParseSettings for PendingNetDriver
[2018.01.18-19.29.21:066][501]LogNet: Display: SteamNetDriver_0 bound to port 7777
[2018.01.18-19.29.21:066][501]PacketHandlerLog: Loaded PacketHandler component: Engine.EngineHandlerComponentFactory (StatelessConnectHandlerComponent)
[2018.01.18-19.29.21:067][501]LogNet: Game client on port 7777, rate 10000
[2018.01.18-19.29.26:344][736]LogHandshake: SendChallengeResponse. Timestamp: 22.299412, Cookie: 099083252113205219158103183080082085202244150128247054098168
[2018.01.18-19.29.26:345][736]LogHandshake: SendChallengeResponse. Timestamp: 22.299412, Cookie: 099083252113205219158103183080082085202244150128247054098168
[2018.01.18-19.29.26:345][736]LogHandshake: SendChallengeResponse. Timestamp: 22.299412, Cookie: 099083252113205219158103183080082085202244150128247054098168
[2018.01.18-19.29.26:346][736]LogHandshake: SendChallengeResponse. Timestamp: 22.299412, Cookie: 099083252113205219158103183080082085202244150128247054098168
[2018.01.18-19.29.26:381][739]LogNet: UPendingNetGame::SendInitialJoin: Sending hello. [UNetConnection] RemoteAddr: 76561198150190256:7777, Name: SteamNetConnection_0, Driver: PendingNetDriver SteamNetDriver_0, IsServer: NO, PC: NULL, Owner: NULL
[2018.01.18-19.29.26:445][743]LogNet: Welcomed by server (Level: /Game/pratice/sinyoung/multiplay/lobbyMap, Game: /Game/pratice/sinyoung/multiplay/lobby/lobbyGameplayGM.lobbyGameplayGM_C)
[2018.01.18-19.29.26:445][743]LogNet: Browse: /Game/pratice/wonseok/MultiPlay/Maps/MainMenu?Name=Player
[2018.01.18-19.29.26:445][743]LogLoad: LoadMap: /Game/pratice/wonseok/MultiPlay/Maps/MainMenu?Name=Player
[2018.01.18-19.29.26:463][743]LogAIModule: Creating AISystem for world MainMenu
[2018.01.18-19.29.26:464][743]LogLoad: Game class is 'mainGameMode'
[2018.01.18-19.29.26:465][743]LogWorld: Bringing World /Game/pratice/wonseok/MultiPlay/Maps/MainMenu.MainMenu up for play (max tick rate 0) at 2018.01.19-04.29.26
[2018.01.18-19.29.26:465][743]LogWorld: Bringing up level for play took: 0.000585
[2018.01.18-19.29.26:466][743]LogGameMode: FindPlayerStart: PATHS NOT DEFINED or NO PLAYERSTART with positive rating
[2018.01.18-19.29.26:470][743]LogLoad: Took 0.024949 seconds to LoadMap(/Game/pratice/wonseok/MultiPlay/Maps/MainMenu)
[2018.01.18-19.29.26:471][743]LogNet: Warning: Travel Failure: [PackageMissing]: 
[2018.01.18-19.29.26:471][743]LogNet: TravelFailure: PackageMissing, Reason for Failure: ''
[2018.01.18-19.29.26:471][743]LogNet: UNetConnection::Close: [UNetConnection] RemoteAddr: 76561198150190256:7777, Name: SteamNetConnection_0, Driver: PendingNetDriver SteamNetDriver_0, IsServer: NO, PC: NULL, Owner: NULL, Channels: 2, Time: 2018.01.18-19.29.26
[2018.01.18-19.29.26:471][743]LogNet: UChannel::Close: Sending CloseBunch. ChIndex == 0. Name: [UChannel] ChIndex: 0, Closing: 0 [UNetConnection] RemoteAddr: 76561198150190256:7777, Name: SteamNetConnection_0, Driver: PendingNetDriver SteamNetDriver_0, IsServer: NO, PC: NULL, Owner: NULL
[2018.01.18-19.29.26:472][743]LogNet: DestroyNamedNetDriver SteamNetDriver_0 [PendingNetDriver]
[2018.01.18-19.29.26:472][743]LogExit: PendingNetDriver SteamNetDriver_0 shut down
[2018.01.18-19.29.26:475][744]LogNet: Browse: /Game/pratice/wonseok/MultiPlay/Maps/MainMenu?closed
[2018.01.18-19.29.26:475][744]LogNet: Failed; returning to Entry
[2018.01.18-19.29.26:478][744]LogLoad: LoadMap: /Game/pratice/wonseok/MultiPlay/Maps/MainMenu?closed
[2018.01.18-19.29.26:497][744]LogAIModule: Creating AISystem for world MainMenu
[2018.01.18-19.29.26:498][744]LogLoad: Game class is 'mainGameMode'
[2018.01.18-19.29.26:499][744]LogWorld: Bringing World /Game/pratice/wonseok/MultiPlay/Maps/MainMenu.MainMenu up for play (max tick rate 0) at 2018.01.19-04.29.26
[2018.01.18-19.29.26:499][744]LogWorld: Bringing up level for play took: 0.000585
[2018.01.18-19.29.26:500][744]LogGameMode: FindPlayerStart: PATHS NOT DEFINED or NO PLAYERSTART with positive rating
[2018.01.18-19.29.26:506][744]LogLoad: Took 0.027889 seconds to LoadMap(/Game/pratice/wonseok/MultiPlay/Maps/MainMenu)
[2018.01.18-19.29.38:417][482]LogSlate: Took 0.000289 seconds to synchronously load lazily loaded font '../../../Engine/Content/Slate/Fonts/Roboto-Regular.ttf' (155K)
[2018.01.18-19.29.41:892][697]LogOnline: Warning: STEAM: Cannot create session 'GameSession': session already exists.
[2018.01.18-19.30.25:057][240]LogWindowsTextInputMethodSystem: Display: IME system now activated using TSF (Microsoft 입력기).
[2018.01.18-19.30.25:070][240]LogEngine: All Windows Closed
[2018.01.18-19.30.25:070][240]LogWindows: FPlatformMisc::RequestExit(0)
[2018.01.18-19.30.25:306][241]LogExit: Preparing to exit.
[2018.01.18-19.30.25:306][241]LogMoviePlayer: Shutting down movie player
[2018.01.18-19.30.26:151][241]LogExit: Game engine shut down
[2018.01.18-19.30.26:203][241]LogExit: Object subsystem successfully closed.
[2018.01.18-19.30.26:215][241]LogD3D11RHI: Shutdown
[2018.01.18-19.30.26:215][241]LogD3D11RHI: CleanupD3DDevice
[2018.01.18-19.30.26:216][241]LogD3D11RHI: ~FD3D11DynamicRHI
[2018.01.18-19.30.26:229][241]LogModuleManager: Shutting down and abandoning module SequenceRecorderSections (316)
[2018.01.18-19.30.26:229][241]LogModuleManager: Shutting down and abandoning module SequenceRecorder (314)
[2018.01.18-19.30.26:229][241]LogModuleManager: Shutting down and abandoning module AutomationController (312)
[2018.01.18-19.30.26:229][241]LogModuleManager: Shutting down and abandoning module AutomationWorker (310)
[2018.01.18-19.30.26:229][241]LogModuleManager: Shutting down and abandoning module AIModule (308)
[2018.01.18-19.30.26:229][241]LogModuleManager: Shutting down and abandoning module GameplayDebugger (307)
[2018.01.18-19.30.26:229][241]LogModuleManager: Shutting down and abandoning module AITestSuite (305)
[2018.01.18-19.30.26:229][241]LogModuleManager: Shutting down and abandoning module WmfMediaFactory (302)
[2018.01.18-19.30.26:229][241]LogModuleManager: Shutting down and abandoning module OpenExrWrapper (300)
[2018.01.18-19.30.26:229][241]LogModuleManager: Shutting down and abandoning module ImgMediaFactory (298)
[2018.01.18-19.30.26:229][241]LogModuleManager: Shutting down and abandoning module AvfMediaFactory (296)
[2018.01.18-19.30.26:229][241]LogModuleManager: Shutting down and abandoning module CharacterAI (294)
[2018.01.18-19.30.26:229][241]LogModuleManager: Shutting down and abandoning module SessionServices (292)
[2018.01.18-19.30.26:229][241]LogModuleManager: Shutting down and abandoning module MovieSceneCapture (290)
[2018.01.18-19.30.26:229][241]LogModuleManager: Shutting down and abandoning module MovieSceneTracks (288)
[2018.01.18-19.30.26:229][241]LogModuleManager: Shutting down and abandoning module MovieScene (286)
[2018.01.18-19.30.26:229][241]LogModuleManager: Shutting down and abandoning module GeometryCache (284)
[2018.01.18-19.30.26:229][241]LogModuleManager: Shutting down and abandoning module GeometryCacheEd (283)
[2018.01.18-19.30.26:229][241]LogModuleManager: Shutting down and abandoning module StreamingPauseRendering (280)
[2018.01.18-19.30.26:229][241]LogModuleManager: Shutting down and abandoning module PortalServices (278)
[2018.01.18-19.30.26:229][241]LogModuleManager: Shutting down and abandoning module PortalRpc (276)
[2018.01.18-19.30.26:229][241]LogModuleManager: Shutting down and abandoning module MessagingRpc (274)
[2018.01.18-19.30.26:229][241]LogModuleManager: Shutting down and abandoning module ProfilerService (272)
[2018.01.18-19.30.26:354][241]LogModuleManager: Shutting down and abandoning module TaskGraph (270)
[2018.01.18-19.30.26:355][241]LogModuleManager: Shutting down and abandoning module SteamVRController (268)
[2018.01.18-19.30.26:355][241]LogModuleManager: Shutting down and abandoning module ProceduralMeshComponent (266)
[2018.01.18-19.30.26:355][241]LogModuleManager: Shutting down and abandoning module OculusInput (264)
[2018.01.18-19.30.26:355][241]LogModuleManager: Shutting down and abandoning module MobilePatchingUtils (262)
[2018.01.18-19.30.26:355][241]LogModuleManager: Shutting down and abandoning module CustomMeshComponent (260)
[2018.01.18-19.30.26:355][241]LogModuleManager: Shutting down and abandoning module CableComponent (258)
[2018.01.18-19.30.26:355][241]LogModuleManager: Shutting down and abandoning module ArchVisCharacter (256)
[2018.01.18-19.30.26:355][241]LogModuleManager: Shutting down and abandoning module AndroidPermission (254)
[2018.01.18-19.30.26:355][241]LogModuleManager: Shutting down and abandoning module ActorSequence (250)
[2018.01.18-19.30.26:355][241]LogModuleManager: Shutting down and abandoning module MediaCompositing (248)
[2018.01.18-19.30.26:355][241]LogModuleManager: Shutting down and abandoning module HTML5Networking (246)
[2018.01.18-19.30.26:355][241]LogModuleManager: Shutting down and abandoning module VisualStudioSourceCodeAccess (244)
[2018.01.18-19.30.26:356][241]LogModuleManager: Shutting down and abandoning module HotReload (243)
[2018.01.18-19.30.26:356][241]LogDirectoryWatcher: A directory notification for 'D:/team/set/main/Binaries/Win64' was aborted.
[2018.01.18-19.30.26:356][241]LogModuleManager: Shutting down and abandoning module VisualStudioCodeSourceCodeAccess (240)
[2018.01.18-19.30.26:356][241]LogModuleManager: Shutting down and abandoning module UObjectPlugin (238)
[2018.01.18-19.30.26:356][241]LogModuleManager: Shutting down and abandoning module SubversionSourceControl (236)
[2018.01.18-19.30.26:356][241]LogModuleManager: Shutting down and abandoning module PerforceSourceControl (234)
[2018.01.18-19.30.26:356][241]LogModuleManager: Shutting down and abandoning module SourceControl (233)
[2018.01.18-19.30.26:356][241]LogModuleManager: Shutting down and abandoning module main (230)
[2018.01.18-19.30.26:356][241]LogModuleManager: Shutting down and abandoning module RuntimePhysXCooking (228)
[2018.01.18-19.30.26:356][241]LogModuleManager: Shutting down and abandoning module PhysXVehiclesEditor (226)
[2018.01.18-19.30.26:356][241]LogModuleManager: Shutting down and abandoning module PhysXVehicles (224)
[2018.01.18-19.30.26:356][241]LogModuleManager: Shutting down and abandoning module LocationServicesBPLibrary (222)
[2018.01.18-19.30.26:356][241]LogModuleManager: Shutting down and abandoning module ImmediatePhysicsEditor (220)
[2018.01.18-19.30.26:356][241]LogModuleManager: Shutting down and abandoning module ImmediatePhysics (218)
[2018.01.18-19.30.26:356][241]LogModuleManager: Shutting down and abandoning module UdpMessaging (216)
[2018.01.18-19.30.26:457][241]LogModuleManager: Shutting down and abandoning module TcpMessaging (214)
[2018.01.18-19.30.26:990][241]LogModuleManager: Shutting down and abandoning module GameplayTagsEditor (212)
[2018.01.18-19.30.26:990][241]LogModuleManager: Shutting down and abandoning module FacialAnimation (210)
[2018.01.18-19.30.26:990][241]LogModuleManager: Shutting down and abandoning module AssetManagerEditor (208)
[2018.01.18-19.30.26:990][241]LogModuleManager: Shutting down and abandoning module GraphEditor (207)
[2018.01.18-19.30.26:990][241]LogModuleManager: Shutting down and abandoning module ContentBrowser (205)
[2018.01.18-19.30.26:990][241]LogModuleManager: Shutting down and abandoning module CollectionManager (204)
[2018.01.18-19.30.26:990][241]LogDirectoryWatcher: A directory notification for 'D:/team/set/main/Content/Collections/' was aborted.
[2018.01.18-19.30.26:990][241]LogDirectoryWatcher: A directory notification for 'D:/team/set/main/Content/Developers/choiw/Collections/' was aborted.
[2018.01.18-19.30.26:991][241]LogDirectoryWatcher: A directory notification for 'D:/team/set/main/Saved/Collections/' was aborted.
[2018.01.18-19.30.26:991][241]LogModuleManager: Shutting down and abandoning module DirectoryWatcher (203)
[2018.01.18-19.30.26:991][241]LogModuleManager: Shutting down and abandoning module LightPropagationVolumeRuntime (198)
[2018.01.18-19.30.26:991][241]LogModuleManager: Shutting down and abandoning module Paper2D (196)
[2018.01.18-19.30.26:991][241]LogModuleManager: Shutting down and abandoning module WindowsMoviePlayer (194)
[2018.01.18-19.30.26:991][241]LogModuleManager: Shutting down and abandoning module WmfMedia (192)
[2018.01.18-19.30.26:991][241]LogModuleManager: Shutting down and abandoning module ImgMedia (190)
[2018.01.18-19.30.26:991][241]LogModuleManager: Shutting down and abandoning module PacketHandler (188)
[2018.01.18-19.30.26:991][241]LogModuleManager: Shutting down and abandoning module ClothingSystemEditor (186)
[2018.01.18-19.30.26:991][241]LogModuleManager: Shutting down and abandoning module ClothingSystemRuntime (184)
[2018.01.18-19.30.26:991][241]LogModuleManager: Shutting down and abandoning module MediaAssets (182)
[2018.01.18-19.30.26:991][241]LogModuleManager: Shutting down and abandoning module Media (181)
[2018.01.18-19.30.26:998][241]LogModuleManager: Shutting down and abandoning module Overlay (178)
[2018.01.18-19.30.26:998][241]LogModuleManager: Shutting down and abandoning module OverlayEditor (177)
[2018.01.18-19.30.26:998][241]LogModuleManager: Shutting down and abandoning module VREditor (174)
[2018.01.18-19.30.26:998][241]LogModuleManager: Shutting down and abandoning module StringTableEditor (172)
[2018.01.18-19.30.26:998][241]LogModuleManager: Shutting down and abandoning module GameplayTasksEditor (170)
[2018.01.18-19.30.26:998][241]LogModuleManager: Shutting down and abandoning module BehaviorTreeEditor (168)
[2018.01.18-19.30.26:998][241]LogModuleManager: Shutting down and abandoning module FunctionalTesting (166)
[2018.01.18-19.30.26:998][241]LogModuleManager: Shutting down and abandoning module CollisionAnalyzer (164)
[2018.01.18-19.30.26:998][241]LogModuleManager: Shutting down and abandoning module WorkspaceMenuStructure (163)
[2018.01.18-19.30.26:998][241]LogModuleManager: Shutting down and abandoning module UMG (160)
[2018.01.18-19.30.26:998][241]LogModuleManager: Shutting down and abandoning module UMGEditor (159)
[2018.01.18-19.30.26:998][241]LogModuleManager: Shutting down and abandoning module Sequencer (158)
[2018.01.18-19.30.26:998][241]LogModuleManager: Shutting down and abandoning module MessageLog (155)
[2018.01.18-19.30.26:999][241]LogModuleManager: Shutting down and abandoning module SlateReflector (150)
[2018.01.18-19.30.26:999][241]LogModuleManager: Shutting down and abandoning module Slate (148)
[2018.01.18-19.30.26:999][241]LogModuleManager: Shutting down and abandoning module EditorStyle (146)
[2018.01.18-19.30.27:002][241]LogModuleManager: Shutting down and abandoning module MRMesh (144)
[2018.01.18-19.30.27:002][241]LogModuleManager: Shutting down and abandoning module Messaging (142)
[2018.01.18-19.30.27:002][241]LogModuleManager: Shutting down and abandoning module SourceCodeAccess (140)
[2018.01.18-19.30.27:002][241]LogModuleManager: Shutting down and abandoning module HeadMountedDisplay (138)
[2018.01.18-19.30.27:002][241]LogModuleManager: Shutting down and abandoning module XAudio2 (136)
[2018.01.18-19.30.27:002][241]LogModuleManager: Shutting down and abandoning module Networking (134)
[2018.01.18-19.30.27:002][241]LogModuleManager: Shutting down and abandoning module Core (132)
[2018.01.18-19.30.27:002][241]LogModuleManager: Shutting down and abandoning module LevelSequence (130)
[2018.01.18-19.30.27:002][241]LogModuleManager: Shutting down and abandoning module KismetCompiler (128)
[2018.01.18-19.30.27:002][241]LogModuleManager: Shutting down and abandoning module MeshUtilities (126)
[2018.01.18-19.30.27:002][241]LogModuleManager: Shutting down and abandoning module MeshMergeUtilities (125)
[2018.01.18-19.30.27:002][241]LogModuleManager: Shutting down and abandoning module MeshReductionInterface (124)
[2018.01.18-19.30.27:002][241]LogModuleManager: Shutting down and abandoning module SimplygonSwarm (123)
[2018.01.18-19.30.27:002][241]LogModuleManager: Shutting down and abandoning module SimplygonMeshReduction (121)
[2018.01.18-19.30.27:002][241]LogModuleManager: Shutting down and abandoning module QuadricMeshReduction (119)
[2018.01.18-19.30.27:002][241]LogModuleManager: Shutting down and abandoning module MaterialBaking (115)
[2018.01.18-19.30.27:003][241]LogModuleManager: Shutting down and abandoning module DerivedDataCache (110)
