Log file open, 01/06/18 18:31:53
LogWindows: Failed to load 'aqProf.dll' (GetLastError=126)
LogWindows: File 'aqProf.dll' does not exist
LogWindows: Failed to load 'VSPerf140.dll' (GetLastError=126)
LogWindows: File 'VSPerf140.dll' does not exist
LogWindows: Failed to load 'VtuneApi.dll' (GetLastError=126)
LogWindows: File 'VtuneApi.dll' does not exist
LogWindows: Failed to load 'VtuneApi32e.dll' (GetLastError=126)
LogWindows: File 'VtuneApi32e.dll' does not exist
LogInit: Display: Running engine for game: main
LogPlatformFile: Not using cached read wrapper
LogInit: Display: RandInit(-1975253456) SRandInit(-1975253455).
LogInit: Read version file with build ID '3709383'
LogInit: Overriding engine version to CL 3794801, compatible CL 3709383
LogInit: Registered custom module enumerator with build ID '3709383'
LogTaskGraph: Started task graph with 5 named threads and 14 total threads with 3 sets of task threads.
LogStats: Stats thread started at 0.637450
LogD3D11RHI: Aftermath initialized
LogPluginManager: Mounting plugin Paper2D
LogPluginManager: Mounting plugin LightPropagationVolume
LogPluginManager: Mounting plugin CodeLiteSourceCodeAccess
LogPluginManager: Mounting plugin GitSourceControl
LogPluginManager: Mounting plugin KDevelopSourceCodeAccess
LogPluginManager: Mounting plugin NullSourceCodeAccess
LogPluginManager: Mounting plugin PerforceSourceControl
LogPluginManager: Mounting plugin SubversionSourceControl
LogPluginManager: Mounting plugin UObjectPlugin
LogPluginManager: Mounting plugin VisualStudioCodeSourceCodeAccess
LogPluginManager: Mounting plugin VisualStudioSourceCodeAccess
LogPluginManager: Mounting plugin XCodeSourceCodeAccess
LogPluginManager: Mounting plugin AssetManagerEditor
LogPluginManager: Mounting plugin AudioCapture
LogPluginManager: Mounting plugin FacialAnimation
LogPluginManager: Mounting plugin GameplayTagsEditor
LogPluginManager: Mounting plugin MobileLauncherProfileWizard
LogPluginManager: Mounting plugin PluginBrowser
LogPluginManager: Mounting plugin SpeedTreeImporter
LogPluginManager: Mounting plugin AlembicImporter
LogPluginManager: Mounting plugin CharacterAI
LogPluginManager: Mounting plugin HTML5Networking
LogPluginManager: Mounting plugin AndroidMedia
LogPluginManager: Mounting plugin AvfMedia
LogPluginManager: Mounting plugin ImgMedia
LogPluginManager: Mounting plugin MediaCompositing
LogPluginManager: Mounting plugin MediaPlayerEditor
LogPluginManager: Mounting plugin WmfMedia
LogPluginManager: Mounting plugin TcpMessaging
LogPluginManager: Mounting plugin UdpMessaging
LogPluginManager: Mounting plugin ActorSequence
LogPluginManager: Mounting plugin LevelSequenceEditor
LogPluginManager: Mounting plugin MatineeToLevelSequence
LogPluginManager: Mounting plugin OnlineSubsystemGooglePlay
LogPluginManager: Mounting plugin OnlineSubsystemIOS
LogPluginManager: Mounting plugin OnlineSubsystem
LogPluginManager: Mounting plugin OnlineSubsystemNull
LogPluginManager: Mounting plugin OnlineSubsystemUtils
LogPluginManager: Mounting plugin AndroidDeviceProfileSelector
LogPluginManager: Mounting plugin AndroidMoviePlayer
LogPluginManager: Mounting plugin AndroidPermission
LogPluginManager: Mounting plugin AppleARKit
LogPluginManager: Mounting plugin AppleMoviePlayer
LogPluginManager: Mounting plugin ArchVisCharacter
LogPluginManager: Mounting plugin CableComponent
LogPluginManager: Mounting plugin CustomMeshComponent
LogPluginManager: Mounting plugin ExampleDeviceProfileSelector
LogPluginManager: Mounting plugin GoogleCloudMessaging
LogPluginManager: Mounting plugin ImmediatePhysics
LogPluginManager: Mounting plugin IOSDeviceProfileSelector
LogPluginManager: Mounting plugin LinuxDeviceProfileSelector
LogPluginManager: Mounting plugin LocationServicesBPLibrary
LogPluginManager: Mounting plugin MobilePatchingUtils
LogPluginManager: Mounting plugin OculusVR
LogPluginManager: Plugin shader directory ../../../Engine/Plugins/Runtime/Oculus/OculusVR/Shaders found
LogPluginManager: Mapping shader source directory ../../../Engine/Plugins/Runtime/Oculus/OculusVR/Shaders to virtual directory /Plugin/OculusVR
LogPluginManager: Mounting plugin PhysXVehicles
LogPluginManager: Mounting plugin ProceduralMeshComponent
LogPluginManager: Mounting plugin RuntimePhysXCooking
LogPluginManager: Mounting plugin SteamVR
LogPluginManager: Mounting plugin WindowsMoviePlayer
LogModuleManager: Display: Found up-to-date module file ../../../../../../in/set/main/Binaries/Win64/UE4Editor-main.dll (API version 3709383).
LogModuleManager: Display: Found up-to-date module file ../../../Engine/Plugins/2D/Paper2D/Binaries/Win64/UE4Editor-Paper2D.dll (API version 3709383).
LogModuleManager: Display: Found up-to-date module file ../../../Engine/Plugins/2D/Paper2D/Binaries/Win64/UE4Editor-Paper2DEditor.dll (API version 3709383).
LogModuleManager: Display: Found up-to-date module file ../../../Engine/Plugins/2D/Paper2D/Binaries/Win64/UE4Editor-PaperSpriteSheetImporter.dll (API version 3709383).
LogModuleManager: Display: Found up-to-date module file ../../../Engine/Plugins/2D/Paper2D/Binaries/Win64/UE4Editor-PaperTiledImporter.dll (API version 3709383).
LogModuleManager: Display: Found up-to-date module file ../../../Engine/Plugins/2D/Paper2D/Binaries/Win64/UE4Editor-SmartSnapping.dll (API version 3709383).
LogModuleManager: Display: Found up-to-date module file ../../../Engine/Plugins/Blendables/LightPropagationVolume/Binaries/Win64/UE4Editor-LightPropagationVolumeRuntime.dll (API version 3709383).
LogModuleManager: Display: Found up-to-date module file ../../../Engine/Plugins/Blendables/LightPropagationVolume/Binaries/Win64/UE4Editor-LightPropagationVolumeEditor.dll (API version 3709383).
LogModuleManager: Display: Found up-to-date module file ../../../Engine/Plugins/Developer/GitSourceControl/Binaries/Win64/UE4Editor-GitSourceControl.dll (API version 3709383).
LogModuleManager: Display: Found up-to-date module file ../../../Engine/Plugins/Developer/PerforceSourceControl/Binaries/Win64/UE4Editor-PerforceSourceControl.dll (API version 3709383).
LogModuleManager: Display: Found up-to-date module file ../../../Engine/Plugins/Developer/SubversionSourceControl/Binaries/Win64/UE4Editor-SubversionSourceControl.dll (API version 3709383).
LogModuleManager: Display: Found up-to-date module file ../../../Engine/Plugins/Developer/UObjectPlugin/Binaries/Win64/UE4Editor-UObjectPlugin.dll (API version 3709383).
LogModuleManager: Display: Found up-to-date module file ../../../Engine/Plugins/Developer/VisualStudioCodeSourceCodeAccess/Binaries/Win64/UE4Editor-VisualStudioCodeSourceCodeAccess.dll (API version 3709383).
LogModuleManager: Display: Found up-to-date module file ../../../Engine/Plugins/Developer/VisualStudioSourceCodeAccess/Binaries/Win64/UE4Editor-VisualStudioSourceCodeAccess.dll (API version 3709383).
LogModuleManager: Display: Found up-to-date module file ../../../Engine/Plugins/Editor/AssetManagerEditor/Binaries/Win64/UE4Editor-AssetManagerEditor.dll (API version 3709383).
LogModuleManager: Display: Found up-to-date module file ../../../Engine/Plugins/Editor/AudioCapture/Binaries/Win64/UE4Editor-AudioCapture.dll (API version 3709383).
LogModuleManager: Display: Found up-to-date module file ../../../Engine/Plugins/Editor/FacialAnimation/Binaries/Win64/UE4Editor-FacialAnimation.dll (API version 3709383).
LogModuleManager: Display: Found up-to-date module file ../../../Engine/Plugins/Editor/FacialAnimation/Binaries/Win64/UE4Editor-FacialAnimationEditor.dll (API version 3709383).
LogModuleManager: Display: Found up-to-date module file ../../../Engine/Plugins/Editor/GameplayTagsEditor/Binaries/Win64/UE4Editor-GameplayTagsEditor.dll (API version 3709383).
LogModuleManager: Display: Found up-to-date module file ../../../Engine/Plugins/Editor/MobileLauncherProfileWizard/Binaries/Win64/UE4Editor-MobileLauncherProfileWizard.dll (API version 3709383).
LogModuleManager: Display: Found up-to-date module file ../../../Engine/Plugins/Editor/PluginBrowser/Binaries/Win64/UE4Editor-PluginBrowser.dll (API version 3709383).
LogModuleManager: Display: Found up-to-date module file ../../../Engine/Plugins/Editor/SpeedTreeImporter/Binaries/Win64/UE4Editor-SpeedTreeImporter.dll (API version 3709383).
LogModuleManager: Display: Found up-to-date module file ../../../Engine/Plugins/Experimental/AlembicImporter/Binaries/Win64/UE4Editor-AlembicImporter.dll (API version 3709383).
LogModuleManager: Display: Found up-to-date module file ../../../Engine/Plugins/Experimental/AlembicImporter/Binaries/Win64/UE4Editor-AlembicLibrary.dll (API version 3709383).
LogModuleManager: Display: Found up-to-date module file ../../../Engine/Plugins/Experimental/CharacterAI/Binaries/Win64/UE4Editor-CharacterAI.dll (API version 3709383).
LogModuleManager: Display: Found up-to-date module file ../../../Engine/Plugins/Experimental/HTML5Networking/Binaries/Win64/UE4Editor-HTML5Networking.dll (API version 3709383).
LogModuleManager: Display: Found up-to-date module file ../../../Engine/Plugins/Media/AndroidMedia/Binaries/Win64/UE4Editor-AndroidMediaEditor.dll (API version 3709383).
LogModuleManager: Display: Found up-to-date module file ../../../Engine/Plugins/Media/AndroidMedia/Binaries/Win64/UE4Editor-AndroidMediaFactory.dll (API version 3709383).
LogModuleManager: Display: Found up-to-date module file ../../../Engine/Plugins/Media/AvfMedia/Binaries/Win64/UE4Editor-AvfMediaEditor.dll (API version 3709383).
LogModuleManager: Display: Found up-to-date module file ../../../Engine/Plugins/Media/AvfMedia/Binaries/Win64/UE4Editor-AvfMediaFactory.dll (API version 3709383).
LogModuleManager: Display: Found up-to-date module file ../../../Engine/Plugins/Media/AvfMedia/Binaries/Win64/UE4Editor-AvfMediaFactory.dll (API version 3709383).
LogModuleManager: Display: Found up-to-date module file ../../../Engine/Plugins/Media/ImgMedia/Binaries/Win64/UE4Editor-ImgMedia.dll (API version 3709383).
LogModuleManager: Display: Found up-to-date module file ../../../Engine/Plugins/Media/ImgMedia/Binaries/Win64/UE4Editor-ImgMediaEditor.dll (API version 3709383).
LogModuleManager: Display: Found up-to-date module file ../../../Engine/Plugins/Media/ImgMedia/Binaries/Win64/UE4Editor-ImgMediaFactory.dll (API version 3709383).
LogModuleManager: Display: Found up-to-date module file ../../../Engine/Plugins/Media/ImgMedia/Binaries/Win64/UE4Editor-ImgMediaFactory.dll (API version 3709383).
LogModuleManager: Display: Found up-to-date module file ../../../Engine/Plugins/Media/ImgMedia/Binaries/Win64/UE4Editor-OpenExrWrapper.dll (API version 3709383).
LogModuleManager: Display: Found up-to-date module file ../../../Engine/Plugins/Media/MediaCompositing/Binaries/Win64/UE4Editor-MediaCompositing.dll (API version 3709383).
LogModuleManager: Display: Found up-to-date module file ../../../Engine/Plugins/Media/MediaCompositing/Binaries/Win64/UE4Editor-MediaCompositingEditor.dll (API version 3709383).
LogModuleManager: Display: Found up-to-date module file ../../../Engine/Plugins/Media/MediaPlayerEditor/Binaries/Win64/UE4Editor-MediaPlayerEditor.dll (API version 3709383).
LogModuleManager: Display: Found up-to-date module file ../../../Engine/Plugins/Media/WmfMedia/Binaries/Win64/UE4Editor-WmfMedia.dll (API version 3709383).
LogModuleManager: Display: Found up-to-date module file ../../../Engine/Plugins/Media/WmfMedia/Binaries/Win64/UE4Editor-WmfMediaEditor.dll (API version 3709383).
LogModuleManager: Display: Found up-to-date module file ../../../Engine/Plugins/Media/WmfMedia/Binaries/Win64/UE4Editor-WmfMediaFactory.dll (API version 3709383).
LogModuleManager: Display: Found up-to-date module file ../../../Engine/Plugins/Media/WmfMedia/Binaries/Win64/UE4Editor-WmfMediaFactory.dll (API version 3709383).
LogModuleManager: Display: Found up-to-date module file ../../../Engine/Plugins/Messaging/TcpMessaging/Binaries/Win64/UE4Editor-TcpMessaging.dll (API version 3709383).
LogModuleManager: Display: Found up-to-date module file ../../../Engine/Plugins/Messaging/UdpMessaging/Binaries/Win64/UE4Editor-UdpMessaging.dll (API version 3709383).
LogModuleManager: Display: Found up-to-date module file ../../../Engine/Plugins/MovieScene/ActorSequence/Binaries/Win64/UE4Editor-ActorSequence.dll (API version 3709383).
LogModuleManager: Display: Found up-to-date module file ../../../Engine/Plugins/MovieScene/LevelSequenceEditor/Binaries/Win64/UE4Editor-LevelSequenceEditor.dll (API version 3709383).
LogModuleManager: Display: Found up-to-date module file ../../../Engine/Plugins/MovieScene/MatineeToLevelSequence/Binaries/Win64/UE4Editor-MatineeToLevelSequence.dll (API version 3709383).
LogModuleManager: Display: Found up-to-date module file ../../../Engine/Plugins/Online/OnlineSubsystem/Binaries/Win64/UE4Editor-OnlineSubsystem.dll (API version 3709383).
LogModuleManager: Display: Found up-to-date module file ../../../Engine/Plugins/Online/OnlineSubsystemNull/Binaries/Win64/UE4Editor-OnlineSubsystemNull.dll (API version 3709383).
LogModuleManager: Display: Found up-to-date module file ../../../Engine/Plugins/Online/OnlineSubsystemUtils/Binaries/Win64/UE4Editor-OnlineSubsystemUtils.dll (API version 3709383).
LogModuleManager: Display: Found up-to-date module file ../../../Engine/Plugins/Online/OnlineSubsystemUtils/Binaries/Win64/UE4Editor-OnlineBlueprintSupport.dll (API version 3709383).
LogModuleManager: Display: Found up-to-date module file ../../../Engine/Plugins/Runtime/AndroidDeviceProfileSelector/Binaries/Win64/UE4Editor-AndroidDeviceProfileSelector.dll (API version 3709383).
LogModuleManager: Display: Found up-to-date module file ../../../Engine/Plugins/Runtime/AndroidPermission/Binaries/Win64/UE4Editor-AndroidPermission.dll (API version 3709383).
LogModuleManager: Display: Found up-to-date module file ../../../Engine/Plugins/Runtime/AppleARKit/Binaries/Win64/UE4Editor-AppleARKit.dll (API version 3709383).
LogModuleManager: Display: Found up-to-date module file ../../../Engine/Plugins/Runtime/ArchVisCharacter/Binaries/Win64/UE4Editor-ArchVisCharacter.dll (API version 3709383).
LogModuleManager: Display: Found up-to-date module file ../../../Engine/Plugins/Runtime/CableComponent/Binaries/Win64/UE4Editor-CableComponent.dll (API version 3709383).
LogModuleManager: Display: Found up-to-date module file ../../../Engine/Plugins/Runtime/CustomMeshComponent/Binaries/Win64/UE4Editor-CustomMeshComponent.dll (API version 3709383).
LogModuleManager: Display: Found up-to-date module file ../../../Engine/Plugins/Runtime/ExampleDeviceProfileSelector/Binaries/Win64/UE4Editor-ExampleDeviceProfileSelector.dll (API version 3709383).
LogModuleManager: Display: Found up-to-date module file ../../../Engine/Plugins/Runtime/ImmediatePhysics/Binaries/Win64/UE4Editor-ImmediatePhysics.dll (API version 3709383).
LogModuleManager: Display: Found up-to-date module file ../../../Engine/Plugins/Runtime/ImmediatePhysics/Binaries/Win64/UE4Editor-ImmediatePhysicsEditor.dll (API version 3709383).
LogModuleManager: Display: Found up-to-date module file ../../../Engine/Plugins/Runtime/LocationServicesBPLibrary/Binaries/Win64/UE4Editor-LocationServicesBPLibrary.dll (API version 3709383).
LogModuleManager: Display: Found up-to-date module file ../../../Engine/Plugins/Runtime/MobilePatchingUtils/Binaries/Win64/UE4Editor-MobilePatchingUtils.dll (API version 3709383).
LogModuleManager: Display: Found up-to-date module file ../../../Engine/Plugins/Runtime/Oculus/OculusVR/Binaries/Win64/UE4Editor-OculusHMD.dll (API version 3709383).
LogModuleManager: Display: Found up-to-date module file ../../../Engine/Plugins/Runtime/Oculus/OculusVR/Binaries/Win64/UE4Editor-OculusInput.dll (API version 3709383).
LogModuleManager: Display: Found up-to-date module file ../../../Engine/Plugins/Runtime/Oculus/OculusVR/Binaries/Win64/UE4Editor-OculusEditor.dll (API version 3709383).
LogModuleManager: Display: Found up-to-date module file ../../../Engine/Plugins/Runtime/PhysXVehicles/Binaries/Win64/UE4Editor-PhysXVehicles.dll (API version 3709383).
LogModuleManager: Display: Found up-to-date module file ../../../Engine/Plugins/Runtime/PhysXVehicles/Binaries/Win64/UE4Editor-PhysXVehiclesEditor.dll (API version 3709383).
LogModuleManager: Display: Found up-to-date module file ../../../Engine/Plugins/Runtime/ProceduralMeshComponent/Binaries/Win64/UE4Editor-ProceduralMeshComponent.dll (API version 3709383).
LogModuleManager: Display: Found up-to-date module file ../../../Engine/Plugins/Runtime/ProceduralMeshComponent/Binaries/Win64/UE4Editor-ProceduralMeshComponentEditor.dll (API version 3709383).
LogModuleManager: Display: Found up-to-date module file ../../../Engine/Plugins/Runtime/RuntimePhysXCooking/Binaries/Win64/UE4Editor-RuntimePhysXCooking.dll (API version 3709383).
LogModuleManager: Display: Found up-to-date module file ../../../Engine/Plugins/Runtime/Steam/SteamVR/Binaries/Win64/UE4Editor-SteamVR.dll (API version 3709383).
LogModuleManager: Display: Found up-to-date module file ../../../Engine/Plugins/Runtime/Steam/SteamVR/Binaries/Win64/UE4Editor-SteamVRController.dll (API version 3709383).
LogModuleManager: Display: Found up-to-date module file ../../../Engine/Plugins/Runtime/WindowsMoviePlayer/Binaries/Win64/UE4Editor-WindowsMoviePlayer.dll (API version 3709383).
LogInit: Using libcurl 7.47.1
LogInit:  - built for x86_64-pc-win32
LogInit:  - supports SSL with OpenSSL/1.0.2g
LogInit:  - supports HTTP deflate (compression) using libz 1.2.8
LogInit:  - other features:
LogInit:      CURL_VERSION_SSL
LogInit:      CURL_VERSION_LIBZ
LogInit:      CURL_VERSION_IPV6
LogInit:      CURL_VERSION_ASYNCHDNS
LogInit:      CURL_VERSION_LARGEFILE
LogInit:      CURL_VERSION_IDN
LogInit:  CurlRequestOptions (configurable via config and command line):
LogInit:  - bVerifyPeer = false  - Libcurl will NOT verify peer certificate
LogInit:  - bUseHttpProxy = false  - Libcurl will NOT use HTTP proxy
LogInit:  - bDontReuseConnections = false  - Libcurl will reuse connections
LogInit:  - CertBundlePath = nullptr  - Libcurl will use whatever was configured at build time.
LogInit: Build: ++UE4+Release-4.18-CL-3794801
LogInit: Engine Version: 4.18.2-3794801+++UE4+Release-4.18
LogInit: Compatible Engine Version: 4.18.0-3709383+++UE4+Release-4.18
LogInit: Net CL: 3709383
LogDevObjectVersion: Number of dev versions registered: 16
LogDevObjectVersion:   Dev-Blueprints (B0D832E4-1F89-4F0D-ACCF-7EB736FD4AA2): 10
LogDevObjectVersion:   Dev-Build (E1C64328-A22C-4D53-A36C-8E866417BD8C): 0
LogDevObjectVersion:   Dev-Core (375EC13C-06E4-48FB-B500-84F0262A717E): 2
LogDevObjectVersion:   Dev-Editor (E4B068ED-F494-42E9-A231-DA0B2E46BB41): 20
LogDevObjectVersion:   Dev-Framework (CFFC743F-43B0-4480-9391-14DF171D2073): 30
LogDevObjectVersion:   Dev-Mobile (B02B49B5-BB20-44E9-A304-32B752E40360): 0
LogDevObjectVersion:   Dev-Networking (A4E4105C-59A1-49B5-A7C5-40C4547EDFEE): 0
LogDevObjectVersion:   Dev-Online (39C831C9-5AE6-47DC-9A44-9C173E1C8E7C): 0
LogDevObjectVersion:   Dev-Physics (78F01B33-EBEA-4F98-B9B4-84EACCB95AA2): 0
LogDevObjectVersion:   Dev-Platform (6631380F-2D4D-43E0-8009-CF276956A95A): 0
LogDevObjectVersion:   Dev-Rendering (12F88B9F-8875-4AFC-A67C-D90C383ABD29): 20
LogDevObjectVersion:   Dev-Sequencer (7B5AE74C-D270-4C10-A958-57980B212A5A): 4
LogDevObjectVersion:   Dev-VR (D7296918-1DD6-4BDD-9DE2-64A83CC13884): 0
LogDevObjectVersion:   Dev-LoadTimes (C2A15278-BFE7-4AFE-6C17-90FF531DF755): 1
LogDevObjectVersion:   Private-Geometry (6EACA3D4-40EC-4CC1-B786-8BED09428FC5): 1
LogDevObjectVersion:   Dev-AnimPhys (29E575DD-E0A3-4627-9D10-D276232CDCEA): 12
LogInit: Compiled (64-bit): Dec  8 2017 02:04:53
LogInit: Compiled with Visual C++: 19.00.24215.01
LogInit: Build Configuration: Development
LogInit: Branch Name: ++UE4+Release-4.18
LogInit: Command line:  
LogInit: Base directory: C:/Program Files/Epic Games/UE_4.18/Engine/Binaries/Win64/
LogInit: Installed Engine Build: 1
LogInit: Presizing for max 8388607 objects, including 0 objects not considered by GC, pre-allocating 0 bytes for permanent pool.
LogInit: Object subsystem initialized
[2018.01.06-09.31.57:671][  0]LogInit: Selected Device Profile: [Windows]
[2018.01.06-09.31.57:671][  0]LogInit: Applying CVar settings loaded from the selected device profile: [Windows]
[2018.01.06-09.31.57:713][  0]LogInit: Computer: DESKTOP-FRCQVUI
[2018.01.06-09.31.57:713][  0]LogInit: User: oner
[2018.01.06-09.31.57:713][  0]LogInit: CPU Page size=4096, Cores=4
[2018.01.06-09.31.57:713][  0]LogInit: High frequency timer resolution =2.630631 MHz
[2018.01.06-09.31.57:714][  0]LogMemory: Memory total: Physical=7.9GB (8GB approx)
[2018.01.06-09.31.57:715][  0]LogMemory: Platform Memory Stats for Windows
[2018.01.06-09.31.57:715][  0]LogMemory: Process Physical Memory: 272.21 MB used, 272.21 MB peak
[2018.01.06-09.31.57:715][  0]LogMemory: Process Virtual Memory: 269.70 MB used, 269.70 MB peak
[2018.01.06-09.31.57:715][  0]LogMemory: Physical Memory: 5040.60 MB used,  3040.14 MB free, 8080.75 MB total
[2018.01.06-09.31.57:715][  0]LogMemory: Virtual Memory: 643.75 MB used,  3040.14 MB free, 134217728.00 MB total
[2018.01.06-09.31.58:372][  0]LogInit: Using OS detected language (ko-KR).
[2018.01.06-09.31.58:372][  0]LogInit: Using OS detected locale (ko-KR).
[2018.01.06-09.31.58:469][  0]LogTextLocalizationManager: No specific localization for 'ko-KR' exists, so the 'ko' localization will be used.
[2018.01.06-09.31.58:940][  0]LogInit: Setting process to per monitor DPI aware
[2018.01.06-09.32.03:095][  0]LogD3D11RHI: D3D11 adapters:
[2018.01.06-09.32.03:159][  0]LogD3D11RHI:    0. 'NVIDIA GeForce GTX 970M' (Feature Level 11_0)
[2018.01.06-09.32.03:159][  0]LogD3D11RHI:       3040/0/4040 MB DedicatedVideo/DedicatedSystem/SharedSystem, Outputs:1, VendorId:0x10de
[2018.01.06-09.32.03:166][  0]LogD3D11RHI:    1. 'Intel(R) HD Graphics 5600' (Feature Level 11_0)
[2018.01.06-09.32.03:166][  0]LogD3D11RHI:       128/0/4040 MB DedicatedVideo/DedicatedSystem/SharedSystem, Outputs:0, VendorId:0x8086
[2018.01.06-09.32.03:168][  0]LogD3D11RHI:    2. 'Microsoft Basic Render Driver' (Feature Level 11_0)
[2018.01.06-09.32.03:168][  0]LogD3D11RHI:       0/0/4040 MB DedicatedVideo/DedicatedSystem/SharedSystem, Outputs:0, VendorId:0x1414
[2018.01.06-09.32.03:168][  0]LogD3D11RHI: Chosen D3D11 Adapter: 0
[2018.01.06-09.32.03:178][  0]LogD3D11RHI: Creating new Direct3DDevice
[2018.01.06-09.32.03:178][  0]LogD3D11RHI:     GPU DeviceId: 0x13d8 (for the marketing name, search the web for "GPU Device Id")
[2018.01.06-09.32.03:178][  0]LogWindows: EnumDisplayDevices:
[2018.01.06-09.32.03:178][  0]LogWindows:    0. 'Intel(R) HD Graphics 5600' (P:1 D:1)
[2018.01.06-09.32.03:179][  0]LogWindows:    1. 'Intel(R) HD Graphics 5600' (P:0 D:0)
[2018.01.06-09.32.03:179][  0]LogWindows:    2. 'Intel(R) HD Graphics 5600' (P:0 D:0)
[2018.01.06-09.32.03:179][  0]LogWindows: DebugString: PrimaryIsNotTheChoosenAdapter PrimaryIsNotTheChoosenAdapter PrimaryIsNotTheChoosenAdapter FoundDriverCount:0 
[2018.01.06-09.32.03:179][  0]LogD3D11RHI:     Adapter Name: NVIDIA GeForce GTX 970M
[2018.01.06-09.32.03:179][  0]LogD3D11RHI:   Driver Version: Unknown (internal:Unknown, unified:Unknown)
[2018.01.06-09.32.03:179][  0]LogD3D11RHI:      Driver Date: Unknown
[2018.01.06-09.32.03:179][  0]LogRHI: Texture pool is 2128 MB (70% of 3040 MB)
[2018.01.06-09.32.03:219][  0]LogD3D11RHI: Async texture creation enabled
[2018.01.06-09.32.03:305][  0]LogD3D11RHI: GPU Timing Frequency: 1000.000000 (Debug: 2 1)
[2018.01.06-09.32.03:313][  0]LogShaderCompilers: Guid format shader working directory is 14 characters bigger than the processId version (../../../../../../in/set/main/Intermediate/Shaders/WorkingDirectory/2724/).
[2018.01.06-09.32.03:313][  0]LogShaderCompilers: Cleaned the shader compiler working directory 'C:/Users/강망/AppData/Local/Temp/UnrealShaderWorkingDir/AFEF490E4A06913F1B8BB98D8E2EA0AD/'.
[2018.01.06-09.32.03:314][  0]LogShaderCompilers: Display: Using Local Shader Compiler.
[2018.01.06-09.32.06:848][  0]LogTemp: Display: Loaded TP AllDesktopTargetPlatform
[2018.01.06-09.32.06:952][  0]LogTemp: Display: Loaded TP MacClientTargetPlatform
[2018.01.06-09.32.07:060][  0]LogTemp: Display: Loaded TP MacNoEditorTargetPlatform
[2018.01.06-09.32.07:200][  0]LogTemp: Display: Loaded TP MacServerTargetPlatform
[2018.01.06-09.32.07:339][  0]LogTemp: Display: Loaded TP MacTargetPlatform
[2018.01.06-09.32.07:462][  0]LogTemp: Display: Loaded TP WindowsClientTargetPlatform
[2018.01.06-09.32.07:593][  0]LogTemp: Display: Loaded TP WindowsNoEditorTargetPlatform
[2018.01.06-09.32.07:714][  0]LogTemp: Display: Loaded TP WindowsServerTargetPlatform
[2018.01.06-09.32.07:823][  0]LogTemp: Display: Loaded TP WindowsTargetPlatform
[2018.01.06-09.32.07:941][  0]LogTemp: Display: Loaded TP Android_ASTCTargetPlatform
[2018.01.06-09.32.08:054][  0]LogTemp: Display: Loaded TP Android_ATCTargetPlatform
[2018.01.06-09.32.08:176][  0]LogTemp: Display: Loaded TP Android_DXTTargetPlatform
[2018.01.06-09.32.08:313][  0]LogTemp: Display: Loaded TP Android_ETC1TargetPlatform
[2018.01.06-09.32.08:449][  0]LogTemp: Display: Loaded TP Android_ETC2TargetPlatform
[2018.01.06-09.32.08:739][  0]LogTemp: Display: Loaded TP Android_MultiTargetPlatform
[2018.01.06-09.32.08:739][  0]LogTemp: Display: Loaded TP Android_PVRTCTargetPlatform
[2018.01.06-09.32.08:873][  0]LogTemp: Display: Loaded TP AndroidTargetPlatform
[2018.01.06-09.32.08:963][  0]LogTemp: Display: Loaded TP HTML5TargetPlatform
[2018.01.06-09.32.09:155][  0]LogTemp: Display: Loaded TP IOSTargetPlatform
[2018.01.06-09.32.09:219][  0]LogTemp: Display: Loaded TP TVOSTargetPlatform
[2018.01.06-09.32.09:355][  0]LogTemp: Display: Loaded TP LinuxClientTargetPlatform
[2018.01.06-09.32.09:485][  0]LogTemp: Display: Loaded TP LinuxNoEditorTargetPlatform
[2018.01.06-09.32.09:610][  0]LogTemp: Display: Loaded TP LinuxServerTargetPlatform
[2018.01.06-09.32.09:725][  0]LogTemp: Display: Loaded TP LinuxTargetPlatform
[2018.01.06-09.32.09:725][  0]LogTargetPlatformManager: Display: Building Assets For Windows
[2018.01.06-09.32.11:027][  0]LogDerivedDataCache: Display: Max Cache Size: 512 MB
[2018.01.06-09.32.11:923][  0]LogDerivedDataCache: Loaded boot cache 0.90s 79MB C:/Users/강망/AppData/Local/UnrealEngine/4.18/DerivedDataCache/Boot.ddc.
[2018.01.06-09.32.11:923][  0]LogDerivedDataCache: Display: Loaded Boot cache: C:/Users/강망/AppData/Local/UnrealEngine/4.18/DerivedDataCache/Boot.ddc
[2018.01.06-09.32.11:923][  0]LogDerivedDataCache: FDerivedDataBackendGraph:  Pak pak cache file ../../../../../../in/set/main/DerivedDataCache/DDC.ddp not found, will not use a pak cache.
[2018.01.06-09.32.11:923][  0]LogDerivedDataCache: Unable to find inner node Pak for hierarchical cache Hierarchy.
[2018.01.06-09.32.11:923][  0]LogDerivedDataCache: FDerivedDataBackendGraph:  CompressedPak pak cache file ../../../../../../in/set/main/DerivedDataCache/Compressed.ddp not found, will not use a pak cache.
[2018.01.06-09.32.11:923][  0]LogDerivedDataCache: Unable to find inner node CompressedPak for hierarchical cache Hierarchy.
[2018.01.06-09.32.11:962][  0]LogDerivedDataCache: Display: Pak cache opened for reading ../../../Engine/DerivedDataCache/Compressed.ddp.
[2018.01.06-09.32.11:976][  0]LogDerivedDataCache: Using Local data cache path C:/Users/강망/AppData/Local/UnrealEngine/Common/DerivedDataCache: Writable
[2018.01.06-09.32.11:999][  0]LogMaterial: Verifying Global Shaders for PCD3D_SM5
[2018.01.06-09.32.12:005][  0]LogSlate: Using Freetype 2.6.0
[2018.01.06-09.32.12:023][  0]LogSlate: SlateFontCache - WITH_FREETYPE: 1, WITH_HARFBUZZ: 1
[2018.01.06-09.32.12:023][  0]LogSlate: SlateFontCache - WITH_FREETYPE: 1, WITH_HARFBUZZ: 1
[2018.01.06-09.32.13:991][  0]LogInit: Selected Device Profile: [Windows]
[2018.01.06-09.32.15:324][  0]LogSimplygon: Simplygon DLL not present - disabling.
[2018.01.06-09.32.15:480][  0]LogMeshReduction: Using SimplygonSwarm for distributed automatic mesh merging
[2018.01.06-09.32.15:484][  0]LogMeshReduction: Using QuadricMeshReduction for automatic static mesh reduction
[2018.01.06-09.32.15:484][  0]LogMeshReduction: No automatic skeletal mesh reduction module available
[2018.01.06-09.32.15:484][  0]LogMeshReduction: No automatic mesh merging module available
[2018.01.06-09.32.15:484][  0]LogMeshMerging: No automatic mesh merging module available
[2018.01.06-09.32.15:742][  0]LogNetVersion: main , NetCL: 3709383, EngineNetVer: 2, GameNetVer: 0 (Checksum: 1998149536)
[2018.01.06-09.32.16:751][  0]LogAssetRegistry: FAssetRegistry took 0.0324 seconds to start up
[2018.01.06-09.32.19:308][  0]LogPackageLocalizationCache: Processed 7 localized package path(s) for 2 prioritized culture(s) in 0.178362 seconds
[2018.01.06-09.32.19:322][  0]LogUObjectArray: 35900 objects as part of root set at end of initial load.
[2018.01.06-09.32.19:323][  0]LogUObjectAllocator: 7372024 out of 0 bytes used by permanent object pool.
[2018.01.06-09.32.19:323][  0]LogUObjectArray: CloseDisregardForGC: 0/0 objects in disregard for GC pool
[2018.01.06-09.32.19:565][  0]LogInit: WinSock: version 1.1 (2.2), MaxSocks=32767, MaxUdp=65467
[2018.01.06-09.32.31:672][  0]LogTcpMessaging: Initializing TcpMessaging bridge
[2018.01.06-09.32.31:784][  0]LogUdpMessaging: Initializing bridge on interface 0.0.0.0:0 to multicast group 230.0.0.1:6666.
[2018.01.06-09.32.32:291][  0]LogPackageName: Warning: String asset reference "S_ClothTarps_03.SM.Mesh.S_ClothTarps_03" is in short form, which is unsupported and -- even if valid -- resolving it will be really slow.
[2018.01.06-09.32.32:291][  0]LogPackageName: Warning: Please consider resaving package in order to speed-up loading.
[2018.01.06-09.32.33:359][  0]LogPackageName: SearchForPackageOnDisk took   0.246s, but failed to resolve S_ClothTarps_03.
[2018.01.06-09.32.33:359][  0]LogPackageName: Warning: String asset reference "S_ClothTarps_03.SM.Mesh.S_ClothTarps_03" could not be resolved.
[2018.01.06-09.32.34:882][  0]LogTexture: Display: 텍스처 빌드: cross (AutoDXT, 84X68)
[2018.01.06-09.32.34:942][  0]LogMaterial: Uniform references updated for custom material expression Custom.
[2018.01.06-09.32.36:045][  0]SourceControl: 소스 콘트롤이 꺼졌습니다.
[2018.01.06-09.32.36:045][  0]SourceControl: 소스 콘트롤이 꺼졌습니다.
[2018.01.06-09.32.36:202][  0]SourceControl: 소스 콘트롤이 꺼졌습니다.
[2018.01.06-09.32.36:352][  0]SourceControl: 소스 콘트롤이 꺼졌습니다.
[2018.01.06-09.32.38:708][  0]LogAndroidPermission: UAndroidPermissionCallbackProxy::GetInstance
[2018.01.06-09.32.39:471][  0]LogOcInput: OculusInput pre-init called
[2018.01.06-09.32.40:178][  0]LogEngine: Initializing Engine...
[2018.01.06-09.32.40:187][  0]LogHMD: Failed to initialize OpenVR with code 110
[2018.01.06-09.32.40:637][  0]LogStats: UGameplayTagsManager::ConstructGameplayTagTree: Construct from data asset -  0.000 s
[2018.01.06-09.32.40:638][  0]LogStats: UGameplayTagsManager::ConstructGameplayTagTree: GameplayTagTreeChangedEvent.Broadcast -  0.000 s
[2018.01.06-09.32.41:055][  0]LogAIModule: Creating AISystem for world Untitled
[2018.01.06-09.32.41:085][  0]LogInit: XAudio2 using '스피커(Realtek High Definition Audio)' : 2 channels at 48 kHz using 32 bits per sample (channel mask 0x3)
[2018.01.06-09.32.41:141][  0]LogInit: FAudioDevice initialized.
[2018.01.06-09.32.41:500][  0]LogDerivedDataCache: Saved boot cache 0.36s 80MB C:/Users/강망/AppData/Local/UnrealEngine/4.18/DerivedDataCache/Boot.ddc.
[2018.01.06-09.32.41:549][  0]LogInit: Texture streaming: Enabled
[2018.01.06-09.32.41:806][  0]LogEngineSessionManager: EngineSessionManager initialized
[2018.01.06-09.32.42:094][  0]LogInit: Transaction tracking system initialized
[2018.01.06-09.32.43:121][  0]BlueprintLog: New page: 에디터 로드
[2018.01.06-09.32.46:353][  0]LocalizationService: 현지화 서비스가 비활성화되었습니다.
[2018.01.06-09.32.49:458][  0]LogConsoleResponse: Display: 
[2018.01.06-09.32.50:516][  0]LogCook: Display: Max memory allowance for cook 16384mb min free memory 0mb
[2018.01.06-09.32.50:517][  0]LogCook: Display: Mobile HDR setting 1
[2018.01.06-09.32.50:526][  0]LogGameplayTags: Display: UGameplayTagsManager::DoneAddingNativeTags. DelegateIsBound: 0
[2018.01.06-09.32.50:556][  0]LogFileCache: Scanning file cache for directory 'C:/in/set/main/Content/' took 0.04s
[2018.01.06-09.32.54:183][  0]SourceControl: 소스 콘트롤이 꺼졌습니다.
[2018.01.06-09.32.54:206][  0]Cmd: MAP LOAD FILE="../../../../../../in/set/main/Content/InfinityBladeGrassLands/Maps/entry.umap" TEMPLATE=0 SHOWPROGRESS=1 FEATURELEVEL=3
[2018.01.06-09.32.54:210][  0]LightingResults: New page: 라이팅 빌드
[2018.01.06-09.32.54:328][  0]MapCheck: New page: 맵 체크
[2018.01.06-09.32.54:329][  0]LightingResults: New page: 라이팅 빌드
[2018.01.06-09.32.54:453][  0]LogAIModule: Creating AISystem for world entry
[2018.01.06-09.32.54:461][  0]LogEditorServer: Finished looking for orphan Actors (0.000 secs)
[2018.01.06-09.32.54:487][  0]Cmd: MAP CHECKDEP NOCLEARLOG
[2018.01.06-09.32.54:581][  0]MapCheck: 맵 체크 완료: 오류 0 회, 경고 0 회, 소요 시간 94.258ms.
[2018.01.06-09.32.54:581][  0]LogFileHelpers: Loading map 'entry' took 0.393
[2018.01.06-09.32.55:591][  0]LogCollectionManager: Loaded 0 collections in 0.002264 seconds
[2018.01.06-09.32.55:792][  0]LogFileCache: Scanning file cache for directory 'C:/in/set/main/Saved/Collections/' took 0.01s
[2018.01.06-09.32.55:792][  0]LogFileCache: Scanning file cache for directory 'C:/in/set/main/Content/Developers/oner/Collections/' took 0.01s
[2018.01.06-09.32.55:792][  0]LogFileCache: Scanning file cache for directory 'C:/in/set/main/Content/Collections/' took 0.01s
[2018.01.06-09.32.55:792][  0]LogCollectionManager: Rebuilt the GUID cache for 0 collections in 0.000000 seconds
[2018.01.06-09.32.55:811][  0]LogContentBrowser: Native class hierarchy populated in 0.0168 seconds. Added 2365 classes and 521 folders.
[2018.01.06-09.32.56:007][  0]LogContentBrowser: Native class hierarchy updated for 'WidgetCarousel' in 0.0010 seconds. Added 0 classes and 0 folders.
[2018.01.06-09.32.57:257][  0]LogContentBrowser: Native class hierarchy updated for 'AddContentDialog' in 0.0013 seconds. Added 0 classes and 0 folders.
[2018.01.06-09.32.57:435][  0]LogContentBrowser: Native class hierarchy updated for 'SceneOutliner' in 0.0009 seconds. Added 1 classes and 2 folders.
[2018.01.06-09.32.58:086][  0]LogSlate: Took 0.038564 seconds to synchronously load lazily loaded font '../../../Engine/Content/Slate/Fonts/Roboto-Regular.ttf' (155K)
[2018.01.06-09.32.58:158][  0]LogSlate: Took 0.067360 seconds to synchronously load lazily loaded font '../../../Engine/Content/Slate/Fonts/NanumGothic.ttf' (4243K)
[2018.01.06-09.32.58:197][  0]LogSlate: Took 0.037681 seconds to synchronously load lazily loaded font '../../../Engine/Content/Slate/Fonts/Roboto-Bold.ttf' (160K)
[2018.01.06-09.32.58:232][  0]LogSlate: Took 0.014570 seconds to synchronously load lazily loaded font '../../../Engine/Content/Editor/Slate/Fonts/FontAwesome.ttf' (139K)
[2018.01.06-09.32.58:752][  0]LogRenderer: Reallocating scene render targets to support 1104x576 Format 9 NumSamples 1 (Frame:1).
[2018.01.06-09.32.59:452][  0]LogContentBrowser: Native class hierarchy updated for 'HierarchicalLODOutliner' in 0.0015 seconds. Added 1 classes and 2 folders.
[2018.01.06-09.32.59:452][  0]LogLoad: (Engine Initialization) Total time: 70.76 seconds
[2018.01.06-09.32.59:452][  0]LogLoad: (Engine Initialization) Total Blueprint compile time: 0.00 seconds
[2018.01.06-09.32.59:453][  0]LogExternalProfiler: No external profilers were discovered.  External profiling features will not be available.
[2018.01.06-09.32.59:535][  0]LogContentStreaming: Texture pool size now 600 MB
[2018.01.06-09.32.59:779][  0]LogSlate: Took 0.012781 seconds to synchronously load lazily loaded font '../../../Engine/Content/Slate/Fonts/Roboto-Light.ttf' (159K)
[2018.01.06-09.32.59:824][  1]LogFileCache: Retrieving MD5 hashes for directory 'C:/in/set/main/Content/' took 0.33s
[2018.01.06-09.32.59:925][  3]LogAssetRegistry: Asset discovery search completed in 43.1967 seconds
[2018.01.06-09.32.59:937][  3]LogCollectionManager: Rebuilt the object cache for 0 collections in 0.000001 seconds (found 0 objects)
[2018.01.06-09.32.59:937][  3]LogCollectionManager: Fixed up redirectors for 0 collections in 0.000128 seconds (updated 0 objects)
[2018.01.06-09.33.17:651][773]LogSlate: Took 0.000289 seconds to synchronously load lazily loaded font '../../../Engine/Content/Slate/Fonts/Roboto-Light.ttf' (159K)
[2018.01.06-09.33.18:475][773]LogSlate: Took 0.000409 seconds to synchronously load lazily loaded font '../../../Engine/Content/Slate/Fonts/Roboto-Regular.ttf' (155K)
[2018.01.06-09.33.19:968][773]LogTexture: Display: 텍스처 빌드: HQ_Lightmap0_79 (AutoDXT, 64X64)
[2018.01.06-09.33.19:968][773]LogTexture: Display: 텍스처 빌드: HQ_Lightmap0_77 (AutoDXT, 128X128)
[2018.01.06-09.33.19:968][773]LogTexture: Display: 텍스처 빌드: HQ_Lightmap0_78 (AutoDXT, 128X128)
[2018.01.06-09.33.19:968][773]LogTexture: Display: 텍스처 빌드: HQ_Lightmap0_75 (AutoDXT, 128X128)
[2018.01.06-09.33.19:968][773]LogTexture: Display: 텍스처 빌드: HQ_Lightmap0_76 (AutoDXT, 128X128)
[2018.01.06-09.33.19:968][773]LogTexture: Display: 텍스처 빌드: HQ_Lightmap1_1 (AutoDXT, 512X512)
[2018.01.06-09.33.19:968][773]LogTexture: Display: 텍스처 빌드: HQ_Lightmap1_13 (AutoDXT, 256X256)
[2018.01.06-09.33.19:968][773]LogTexture: Display: 텍스처 빌드: HQ_Lightmap1_14 (AutoDXT, 128X128)
[2018.01.06-09.33.19:968][773]LogTexture: Display: 텍스처 빌드: HQ_Lightmap1_12 (AutoDXT, 256X256)
[2018.01.06-09.33.19:968][773]LogTexture: Display: 텍스처 빌드: HQ_Lightmap1_10 (AutoDXT, 1024X1024)
[2018.01.06-09.33.19:968][773]LogTexture: Display: 텍스처 빌드: HQ_Lightmap1_11 (AutoDXT, 512X512)
[2018.01.06-09.33.20:176][773]LogTexture: Display: 텍스처 빌드: HQ_Lightmap1_15 (AutoDXT, 128X128)
[2018.01.06-09.33.20:176][773]LogTexture: Display: 텍스처 빌드: HQ_Lightmap1_16 (AutoDXT, 256X256)
[2018.01.06-09.33.20:176][773]LogTexture: Display: 텍스처 빌드: HQ_Lightmap1_17 (AutoDXT, 512X512)
[2018.01.06-09.33.20:176][773]LogTexture: Display: 텍스처 빌드: HQ_Lightmap1_18 (AutoDXT, 256X256)
[2018.01.06-09.33.20:381][773]LogTexture: Display: 텍스처 빌드: HQ_Lightmap1_19 (AutoDXT, 128X128)
[2018.01.06-09.33.20:381][773]LogTexture: Display: 텍스처 빌드: HQ_Lightmap1_20 (AutoDXT, 128X128)
[2018.01.06-09.33.20:381][773]LogTexture: Display: 텍스처 빌드: HQ_Lightmap1_21 (AutoDXT, 128X128)
[2018.01.06-09.33.20:381][773]LogTexture: Display: 텍스처 빌드: HQ_Lightmap1_2 (AutoDXT, 1024X1024)
[2018.01.06-09.33.20:381][773]LogTexture: Display: 텍스처 빌드: HQ_Lightmap1_22 (AutoDXT, 128X128)
[2018.01.06-09.33.20:595][773]LogTexture: Display: 텍스처 빌드: HQ_Lightmap1_23 (AutoDXT, 512X512)
[2018.01.06-09.33.20:595][773]LogTexture: Display: 텍스처 빌드: HQ_Lightmap1_24 (AutoDXT, 128X128)
[2018.01.06-09.33.20:595][773]LogTexture: Display: 텍스처 빌드: HQ_Lightmap1_25 (AutoDXT, 128X128)
[2018.01.06-09.33.20:815][773]LogTexture: Display: 텍스처 빌드: HQ_Lightmap1_26 (AutoDXT, 128X128)
[2018.01.06-09.33.20:815][773]LogTexture: Display: 텍스처 빌드: HQ_Lightmap1_27 (AutoDXT, 128X128)
[2018.01.06-09.33.20:815][773]LogTexture: Display: 텍스처 빌드: HQ_Lightmap1_28 (AutoDXT, 128X128)
[2018.01.06-09.33.20:815][773]LogTexture: Display: 텍스처 빌드: HQ_Lightmap1_29 (AutoDXT, 128X128)
[2018.01.06-09.33.21:019][773]LogTexture: Display: 텍스처 빌드: HQ_Lightmap1_3 (AutoDXT, 1024X1024)
[2018.01.06-09.33.21:019][773]LogTexture: Display: 텍스처 빌드: HQ_Lightmap1_30 (AutoDXT, 128X128)
[2018.01.06-09.33.21:019][773]LogTexture: Display: 텍스처 빌드: HQ_Lightmap1_31 (AutoDXT, 128X128)
[2018.01.06-09.33.21:019][773]LogTexture: Display: 텍스처 빌드: HQ_Lightmap1_32 (AutoDXT, 128X128)
[2018.01.06-09.33.21:260][773]LogTexture: Display: 텍스처 빌드: HQ_Lightmap1_33 (AutoDXT, 128X128)
[2018.01.06-09.33.21:260][773]LogTexture: Display: 텍스처 빌드: HQ_Lightmap1_34 (AutoDXT, 128X128)
[2018.01.06-09.33.21:260][773]LogTexture: Display: 텍스처 빌드: HQ_Lightmap1_35 (AutoDXT, 128X128)
[2018.01.06-09.33.21:260][773]LogTexture: Display: 텍스처 빌드: HQ_Lightmap1_36 (AutoDXT, 128X128)
[2018.01.06-09.33.21:260][773]LogTexture: Display: 텍스처 빌드: HQ_Lightmap1_37 (AutoDXT, 128X128)
[2018.01.06-09.33.21:260][773]LogTexture: Display: 텍스처 빌드: HQ_Lightmap1_38 (AutoDXT, 128X128)
[2018.01.06-09.33.21:260][773]LogTexture: Display: 텍스처 빌드: HQ_Lightmap1_39 (AutoDXT, 128X128)
[2018.01.06-09.33.21:260][773]LogTexture: Display: 텍스처 빌드: HQ_Lightmap1_40 (AutoDXT, 128X128)
[2018.01.06-09.33.21:260][773]LogTexture: Display: 텍스처 빌드: HQ_Lightmap1_41 (AutoDXT, 128X128)
[2018.01.06-09.33.21:475][773]LogTexture: Display: 텍스처 빌드: HQ_Lightmap1_42 (AutoDXT, 128X128)
[2018.01.06-09.33.21:475][773]LogTexture: Display: 텍스처 빌드: HQ_Lightmap1_43 (AutoDXT, 128X128)
[2018.01.06-09.33.21:475][773]LogTexture: Display: 텍스처 빌드: HQ_Lightmap1_44 (AutoDXT, 128X128)
[2018.01.06-09.33.21:475][773]LogTexture: Display: 텍스처 빌드: HQ_Lightmap1_4 (AutoDXT, 1024X1024)
[2018.01.06-09.33.21:475][773]LogTexture: Display: 텍스처 빌드: HQ_Lightmap1_45 (AutoDXT, 128X128)
[2018.01.06-09.33.21:475][773]LogTexture: Display: 텍스처 빌드: HQ_Lightmap1_46 (AutoDXT, 128X128)
[2018.01.06-09.33.21:475][773]LogTexture: Display: 텍스처 빌드: HQ_Lightmap1_47 (AutoDXT, 128X128)
[2018.01.06-09.33.21:475][773]LogTexture: Display: 텍스처 빌드: HQ_Lightmap1_48 (AutoDXT, 128X128)
[2018.01.06-09.33.21:475][773]LogTexture: Display: 텍스처 빌드: HQ_Lightmap1_49 (AutoDXT, 128X128)
[2018.01.06-09.33.21:475][773]LogTexture: Display: 텍스처 빌드: HQ_Lightmap1_50 (AutoDXT, 128X128)
[2018.01.06-09.33.21:677][773]LogTexture: Display: 텍스처 빌드: HQ_Lightmap1_5 (AutoDXT, 1024X1024)
[2018.01.06-09.33.21:677][773]LogTexture: Display: 텍스처 빌드: HQ_Lightmap1_51 (AutoDXT, 128X128)
[2018.01.06-09.33.21:677][773]LogTexture: Display: 텍스처 빌드: HQ_Lightmap1_52 (AutoDXT, 128X128)
[2018.01.06-09.33.21:677][773]LogTexture: Display: 텍스처 빌드: HQ_Lightmap1_53 (AutoDXT, 128X128)
[2018.01.06-09.33.21:677][773]LogTexture: Display: 텍스처 빌드: HQ_Lightmap1_54 (AutoDXT, 128X128)
[2018.01.06-09.33.21:677][773]LogTexture: Display: 텍스처 빌드: HQ_Lightmap1_55 (AutoDXT, 128X128)
[2018.01.06-09.33.21:907][773]LogTexture: Display: 텍스처 빌드: HQ_Lightmap1_56 (AutoDXT, 128X128)
[2018.01.06-09.33.21:907][773]LogTexture: Display: 텍스처 빌드: HQ_Lightmap1_57 (AutoDXT, 128X128)
[2018.01.06-09.33.21:907][773]LogTexture: Display: 텍스처 빌드: HQ_Lightmap1_58 (AutoDXT, 128X128)
[2018.01.06-09.33.21:907][773]LogTexture: Display: 텍스처 빌드: HQ_Lightmap1_59 (AutoDXT, 128X128)
[2018.01.06-09.33.21:907][773]LogTexture: Display: 텍스처 빌드: HQ_Lightmap1_60 (AutoDXT, 128X128)
[2018.01.06-09.33.21:907][773]LogTexture: Display: 텍스처 빌드: HQ_Lightmap1_61 (AutoDXT, 128X128)
[2018.01.06-09.33.21:907][773]LogTexture: Display: 텍스처 빌드: HQ_Lightmap1_6 (AutoDXT, 1024X1024)
[2018.01.06-09.33.21:907][773]LogTexture: Display: 텍스처 빌드: HQ_Lightmap1_62 (AutoDXT, 128X128)
[2018.01.06-09.33.21:907][773]LogTexture: Display: 텍스처 빌드: HQ_Lightmap1_63 (AutoDXT, 128X128)
[2018.01.06-09.33.22:135][773]LogTexture: Display: 텍스처 빌드: HQ_Lightmap1_64 (AutoDXT, 128X128)
[2018.01.06-09.33.22:135][773]LogTexture: Display: 텍스처 빌드: HQ_Lightmap1_65 (AutoDXT, 128X128)
[2018.01.06-09.33.22:136][773]LogTexture: Display: 텍스처 빌드: HQ_Lightmap1_66 (AutoDXT, 128X128)
[2018.01.06-09.33.22:136][773]LogTexture: Display: 텍스처 빌드: HQ_Lightmap1_67 (AutoDXT, 128X128)
[2018.01.06-09.33.22:136][773]LogTexture: Display: 텍스처 빌드: HQ_Lightmap1_69 (AutoDXT, 128X128)
[2018.01.06-09.33.22:136][773]LogTexture: Display: 텍스처 빌드: HQ_Lightmap1_68 (AutoDXT, 128X128)
[2018.01.06-09.33.22:136][773]LogTexture: Display: 텍스처 빌드: HQ_Lightmap1_7 (AutoDXT, 128X128)
[2018.01.06-09.33.22:136][773]LogTexture: Display: 텍스처 빌드: HQ_Lightmap1_70 (AutoDXT, 1024X1024)
[2018.01.06-09.33.22:136][773]LogTexture: Display: 텍스처 빌드: HQ_Lightmap1_71 (AutoDXT, 256X256)
[2018.01.06-09.33.22:348][773]LogTexture: Display: 텍스처 빌드: HQ_Lightmap1_72 (AutoDXT, 128X128)
[2018.01.06-09.33.22:565][773]LogTexture: Display: 텍스처 빌드: HQ_Lightmap1_73 (AutoDXT, 128X128)
[2018.01.06-09.33.22:565][773]LogTexture: Display: 텍스처 빌드: HQ_Lightmap1_74 (AutoDXT, 128X128)
[2018.01.06-09.33.22:565][773]LogTexture: Display: 텍스처 빌드: HQ_Lightmap1_8 (AutoDXT, 512X512)
[2018.01.06-09.33.24:114][773]LogTexture: Display: 텍스처 빌드: HQ_Lightmap1_9 (AutoDXT, 256X256)
[2018.01.06-09.33.24:114][773]LogTexture: Display: 텍스처 빌드: LQ_Lightmap_0_75 (DXT1, 128X128)
[2018.01.06-09.33.24:114][773]LogTexture: Display: 텍스처 빌드: LQ_Lightmap_0_76 (DXT1, 128X128)
[2018.01.06-09.33.24:114][773]LogTexture: Display: 텍스처 빌드: LQ_Lightmap_0_77 (DXT1, 128X128)
[2018.01.06-09.33.24:114][773]LogTexture: Display: 텍스처 빌드: LQ_Lightmap_0_78 (DXT1, 128X128)
[2018.01.06-09.33.24:114][773]LogTexture: Display: 텍스처 빌드: LQ_Lightmap_0_79 (DXT1, 64X64)
[2018.01.06-09.33.24:114][773]LogTexture: Display: 텍스처 빌드: LQ_Lightmap_1_1 (DXT1, 512X512)
[2018.01.06-09.33.24:114][773]LogTexture: Display: 텍스처 빌드: LQ_Lightmap_1_10 (DXT1, 1024X1024)
[2018.01.06-09.33.24:114][773]LogTexture: Display: 텍스처 빌드: LQ_Lightmap_1_11 (DXT1, 512X512)
[2018.01.06-09.33.24:640][773]LogTexture: Display: 텍스처 빌드: LQ_Lightmap_1_13 (DXT1, 256X256)
[2018.01.06-09.33.24:640][773]LogTexture: Display: 텍스처 빌드: LQ_Lightmap_1_12 (DXT1, 256X256)
[2018.01.06-09.33.24:641][773]LogTexture: Display: 텍스처 빌드: LQ_Lightmap_1_14 (DXT1, 128X128)
[2018.01.06-09.33.24:641][773]LogTexture: Display: 텍스처 빌드: LQ_Lightmap_1_15 (DXT1, 128X128)
[2018.01.06-09.33.24:641][773]LogTexture: Display: 텍스처 빌드: LQ_Lightmap_1_16 (DXT1, 256X256)
[2018.01.06-09.33.24:641][773]LogTexture: Display: 텍스처 빌드: LQ_Lightmap_1_18 (DXT1, 256X256)
[2018.01.06-09.33.24:641][773]LogTexture: Display: 텍스처 빌드: LQ_Lightmap_1_17 (DXT1, 512X512)
[2018.01.06-09.33.24:829][773]LogTexture: Display: 텍스처 빌드: LQ_Lightmap_1_19 (DXT1, 128X128)
[2018.01.06-09.33.24:829][773]LogTexture: Display: 텍스처 빌드: LQ_Lightmap_1_20 (DXT1, 128X128)
[2018.01.06-09.33.24:829][773]LogTexture: Display: 텍스처 빌드: LQ_Lightmap_1_21 (DXT1, 128X128)
[2018.01.06-09.33.24:829][773]LogTexture: Display: 텍스처 빌드: LQ_Lightmap_1_2 (DXT1, 1024X1024)
[2018.01.06-09.33.24:829][773]LogTexture: Display: 텍스처 빌드: LQ_Lightmap_1_22 (DXT1, 128X128)
[2018.01.06-09.33.24:829][773]LogTexture: Display: 텍스처 빌드: LQ_Lightmap_1_23 (DXT1, 512X512)
[2018.01.06-09.33.24:829][773]LogTexture: Display: 텍스처 빌드: LQ_Lightmap_1_24 (DXT1, 128X128)
[2018.01.06-09.33.24:967][773]LogTexture: Display: 텍스처 빌드: LQ_Lightmap_1_25 (DXT1, 128X128)
[2018.01.06-09.33.24:967][773]LogTexture: Display: 텍스처 빌드: LQ_Lightmap_1_26 (DXT1, 128X128)
[2018.01.06-09.33.24:967][773]LogTexture: Display: 텍스처 빌드: LQ_Lightmap_1_27 (DXT1, 128X128)
[2018.01.06-09.33.25:044][773]LogTexture: Display: 텍스처 빌드: LQ_Lightmap_1_28 (DXT1, 128X128)
[2018.01.06-09.33.25:044][773]LogTexture: Display: 텍스처 빌드: LQ_Lightmap_1_29 (DXT1, 128X128)
[2018.01.06-09.33.26:392][773]LogTexture: Display: 텍스처 빌드: LQ_Lightmap_1_30 (DXT1, 128X128)
[2018.01.06-09.33.26:393][773]LogTexture: Display: 텍스처 빌드: LQ_Lightmap_1_31 (DXT1, 128X128)
[2018.01.06-09.33.26:393][773]LogTexture: Display: 텍스처 빌드: LQ_Lightmap_1_32 (DXT1, 128X128)
[2018.01.06-09.33.26:393][773]LogTexture: Display: 텍스처 빌드: LQ_Lightmap_1_3 (DXT1, 1024X1024)
[2018.01.06-09.33.26:393][773]LogTexture: Display: 텍스처 빌드: LQ_Lightmap_1_33 (DXT1, 128X128)
[2018.01.06-09.33.26:393][773]LogTexture: Display: 텍스처 빌드: LQ_Lightmap_1_34 (DXT1, 128X128)
[2018.01.06-09.33.26:393][773]LogTexture: Display: 텍스처 빌드: LQ_Lightmap_1_35 (DXT1, 128X128)
[2018.01.06-09.33.26:393][773]LogTexture: Display: 텍스처 빌드: LQ_Lightmap_1_37 (DXT1, 128X128)
[2018.01.06-09.33.26:393][773]LogTexture: Display: 텍스처 빌드: LQ_Lightmap_1_36 (DXT1, 128X128)
[2018.01.06-09.33.26:393][773]LogTexture: Display: 텍스처 빌드: LQ_Lightmap_1_38 (DXT1, 128X128)
[2018.01.06-09.33.26:393][773]LogTexture: Display: 텍스처 빌드: LQ_Lightmap_1_39 (DXT1, 128X128)
[2018.01.06-09.33.26:393][773]LogTexture: Display: 텍스처 빌드: LQ_Lightmap_1_40 (DXT1, 128X128)
[2018.01.06-09.33.26:393][773]LogTexture: Display: 텍스처 빌드: LQ_Lightmap_1_41 (DXT1, 128X128)
[2018.01.06-09.33.26:393][773]LogTexture: Display: 텍스처 빌드: LQ_Lightmap_1_42 (DXT1, 128X128)
[2018.01.06-09.33.26:393][773]LogTexture: Display: 텍스처 빌드: LQ_Lightmap_1_43 (DXT1, 128X128)
[2018.01.06-09.33.26:393][773]LogTexture: Display: 텍스처 빌드: LQ_Lightmap_1_44 (DXT1, 128X128)
[2018.01.06-09.33.26:393][773]LogTexture: Display: 텍스처 빌드: LQ_Lightmap_1_45 (DXT1, 128X128)
[2018.01.06-09.33.26:393][773]LogTexture: Display: 텍스처 빌드: LQ_Lightmap_1_46 (DXT1, 128X128)
[2018.01.06-09.33.26:393][773]LogTexture: Display: 텍스처 빌드: LQ_Lightmap_1_4 (DXT1, 1024X1024)
[2018.01.06-09.33.26:393][773]LogTexture: Display: 텍스처 빌드: LQ_Lightmap_1_47 (DXT1, 128X128)
[2018.01.06-09.33.26:393][773]LogTexture: Display: 텍스처 빌드: LQ_Lightmap_1_48 (DXT1, 128X128)
[2018.01.06-09.33.26:393][773]LogTexture: Display: 텍스처 빌드: LQ_Lightmap_1_49 (DXT1, 128X128)
[2018.01.06-09.33.26:393][773]LogTexture: Display: 텍스처 빌드: LQ_Lightmap_1_5 (DXT1, 1024X1024)
[2018.01.06-09.33.26:393][773]LogTexture: Display: 텍스처 빌드: LQ_Lightmap_1_50 (DXT1, 128X128)
[2018.01.06-09.33.26:393][773]LogTexture: Display: 텍스처 빌드: LQ_Lightmap_1_51 (DXT1, 128X128)
[2018.01.06-09.33.26:393][773]LogTexture: Display: 텍스처 빌드: LQ_Lightmap_1_52 (DXT1, 128X128)
[2018.01.06-09.33.26:393][773]LogTexture: Display: 텍스처 빌드: LQ_Lightmap_1_53 (DXT1, 128X128)
[2018.01.06-09.33.26:393][773]LogTexture: Display: 텍스처 빌드: LQ_Lightmap_1_55 (DXT1, 128X128)
[2018.01.06-09.33.26:393][773]LogTexture: Display: 텍스처 빌드: LQ_Lightmap_1_54 (DXT1, 128X128)
[2018.01.06-09.33.26:393][773]LogTexture: Display: 텍스처 빌드: LQ_Lightmap_1_56 (DXT1, 128X128)
[2018.01.06-09.33.26:393][773]LogTexture: Display: 텍스처 빌드: LQ_Lightmap_1_57 (DXT1, 128X128)
[2018.01.06-09.33.26:394][773]LogTexture: Display: 텍스처 빌드: LQ_Lightmap_1_58 (DXT1, 128X128)
[2018.01.06-09.33.26:394][773]LogTexture: Display: 텍스처 빌드: LQ_Lightmap_1_59 (DXT1, 128X128)
[2018.01.06-09.33.26:394][773]LogTexture: Display: 텍스처 빌드: LQ_Lightmap_1_60 (DXT1, 128X128)
[2018.01.06-09.33.26:394][773]LogTexture: Display: 텍스처 빌드: LQ_Lightmap_1_6 (DXT1, 1024X1024)
[2018.01.06-09.33.26:394][773]LogTexture: Display: 텍스처 빌드: LQ_Lightmap_1_61 (DXT1, 128X128)
[2018.01.06-09.33.26:394][773]LogTexture: Display: 텍스처 빌드: LQ_Lightmap_1_62 (DXT1, 128X128)
[2018.01.06-09.33.26:394][773]LogTexture: Display: 텍스처 빌드: LQ_Lightmap_1_63 (DXT1, 128X128)
[2018.01.06-09.33.26:394][773]LogTexture: Display: 텍스처 빌드: LQ_Lightmap_1_64 (DXT1, 128X128)
[2018.01.06-09.33.26:394][773]LogTexture: Display: 텍스처 빌드: LQ_Lightmap_1_65 (DXT1, 128X128)
[2018.01.06-09.33.26:394][773]LogTexture: Display: 텍스처 빌드: LQ_Lightmap_1_66 (DXT1, 128X128)
[2018.01.06-09.33.26:394][773]LogTexture: Display: 텍스처 빌드: LQ_Lightmap_1_67 (DXT1, 128X128)
[2018.01.06-09.33.26:394][773]LogTexture: Display: 텍스처 빌드: LQ_Lightmap_1_68 (DXT1, 128X128)
[2018.01.06-09.33.26:394][773]LogTexture: Display: 텍스처 빌드: LQ_Lightmap_1_69 (DXT1, 128X128)
[2018.01.06-09.33.26:394][773]LogTexture: Display: 텍스처 빌드: LQ_Lightmap_1_7 (DXT1, 128X128)
[2018.01.06-09.33.26:394][773]LogTexture: Display: 텍스처 빌드: LQ_Lightmap_1_70 (DXT1, 1024X1024)
[2018.01.06-09.33.28:156][773]LogTexture: Display: 텍스처 빌드: LQ_Lightmap_1_71 (DXT1, 256X256)
[2018.01.06-09.33.28:156][773]LogTexture: Display: 텍스처 빌드: LQ_Lightmap_1_72 (DXT1, 128X128)
[2018.01.06-09.33.28:156][773]LogTexture: Display: 텍스처 빌드: LQ_Lightmap_1_73 (DXT1, 128X128)
[2018.01.06-09.33.28:157][773]LogTexture: Display: 텍스처 빌드: LQ_Lightmap_1_74 (DXT1, 128X128)
[2018.01.06-09.33.28:157][773]LogTexture: Display: 텍스처 빌드: LQ_Lightmap_1_8 (DXT1, 512X512)
[2018.01.06-09.33.28:157][773]LogTexture: Display: 텍스처 빌드: LQ_Lightmap_1_9 (DXT1, 256X256)
[2018.01.06-09.33.28:157][773]LogTexture: Display: 텍스처 빌드: SkyOcclusion0_75 (AutoDXT, 128X64)
[2018.01.06-09.33.28:157][773]LogTexture: Display: 텍스처 빌드: SkyOcclusion0_76 (AutoDXT, 128X64)
[2018.01.06-09.33.28:157][773]LogTexture: Display: 텍스처 빌드: SkyOcclusion0_77 (AutoDXT, 128X64)
[2018.01.06-09.33.28:157][773]LogTexture: Display: 텍스처 빌드: SkyOcclusion0_78 (AutoDXT, 128X64)
[2018.01.06-09.33.28:157][773]LogTexture: Display: 텍스처 빌드: SkyOcclusion0_79 (AutoDXT, 64X32)
[2018.01.06-09.33.28:157][773]LogTexture: Display: 텍스처 빌드: SkyOcclusion1_1 (AutoDXT, 512X256)
[2018.01.06-09.33.28:157][773]LogTexture: Display: 텍스처 빌드: SkyOcclusion1_10 (AutoDXT, 1024X512)
[2018.01.06-09.33.28:157][773]LogTexture: Display: 텍스처 빌드: SkyOcclusion1_11 (AutoDXT, 512X256)
[2018.01.06-09.33.28:157][773]LogTexture: Display: 텍스처 빌드: SkyOcclusion1_12 (AutoDXT, 256X128)
[2018.01.06-09.33.28:157][773]LogTexture: Display: 텍스처 빌드: SkyOcclusion1_13 (AutoDXT, 256X128)
[2018.01.06-09.33.28:157][773]LogTexture: Display: 텍스처 빌드: SkyOcclusion1_14 (AutoDXT, 128X64)
[2018.01.06-09.33.28:157][773]LogTexture: Display: 텍스처 빌드: SkyOcclusion1_15 (AutoDXT, 128X64)
[2018.01.06-09.33.28:157][773]LogTexture: Display: 텍스처 빌드: SkyOcclusion1_16 (AutoDXT, 256X128)
[2018.01.06-09.33.28:157][773]LogTexture: Display: 텍스처 빌드: SkyOcclusion1_18 (AutoDXT, 256X128)
[2018.01.06-09.33.28:157][773]LogTexture: Display: 텍스처 빌드: SkyOcclusion1_17 (AutoDXT, 512X256)
[2018.01.06-09.33.28:157][773]LogTexture: Display: 텍스처 빌드: SkyOcclusion1_19 (AutoDXT, 128X64)
[2018.01.06-09.33.28:157][773]LogTexture: Display: 텍스처 빌드: SkyOcclusion1_20 (AutoDXT, 128X64)
[2018.01.06-09.33.28:157][773]LogTexture: Display: 텍스처 빌드: SkyOcclusion1_2 (AutoDXT, 1024X512)
[2018.01.06-09.33.28:157][773]LogTexture: Display: 텍스처 빌드: SkyOcclusion1_21 (AutoDXT, 128X64)
[2018.01.06-09.33.28:157][773]LogTexture: Display: 텍스처 빌드: SkyOcclusion1_22 (AutoDXT, 128X64)
[2018.01.06-09.33.28:157][773]LogTexture: Display: 텍스처 빌드: SkyOcclusion1_23 (AutoDXT, 512X256)
[2018.01.06-09.33.28:157][773]LogTexture: Display: 텍스처 빌드: SkyOcclusion1_24 (AutoDXT, 128X64)
[2018.01.06-09.33.28:157][773]LogTexture: Display: 텍스처 빌드: SkyOcclusion1_25 (AutoDXT, 128X64)
[2018.01.06-09.33.28:157][773]LogTexture: Display: 텍스처 빌드: SkyOcclusion1_26 (AutoDXT, 128X64)
[2018.01.06-09.33.28:157][773]LogTexture: Display: 텍스처 빌드: SkyOcclusion1_27 (AutoDXT, 128X64)
[2018.01.06-09.33.28:157][773]LogTexture: Display: 텍스처 빌드: SkyOcclusion1_28 (AutoDXT, 128X64)
[2018.01.06-09.33.28:157][773]LogTexture: Display: 텍스처 빌드: SkyOcclusion1_29 (AutoDXT, 128X64)
[2018.01.06-09.33.28:158][773]LogTexture: Display: 텍스처 빌드: SkyOcclusion1_30 (AutoDXT, 128X64)
[2018.01.06-09.33.28:158][773]LogTexture: Display: 텍스처 빌드: SkyOcclusion1_31 (AutoDXT, 128X64)
[2018.01.06-09.33.28:158][773]LogTexture: Display: 텍스처 빌드: SkyOcclusion1_3 (AutoDXT, 1024X512)
[2018.01.06-09.33.28:158][773]LogTexture: Display: 텍스처 빌드: SkyOcclusion1_32 (AutoDXT, 128X64)
[2018.01.06-09.33.28:158][773]LogTexture: Display: 텍스처 빌드: SkyOcclusion1_33 (AutoDXT, 128X64)
[2018.01.06-09.33.28:158][773]LogTexture: Display: 텍스처 빌드: SkyOcclusion1_34 (AutoDXT, 128X64)
[2018.01.06-09.33.29:179][773]LogTexture: Display: 텍스처 빌드: SkyOcclusion1_35 (AutoDXT, 128X64)
[2018.01.06-09.33.29:179][773]LogTexture: Display: 텍스처 빌드: SkyOcclusion1_36 (AutoDXT, 128X64)
[2018.01.06-09.33.29:179][773]LogTexture: Display: 텍스처 빌드: SkyOcclusion1_38 (AutoDXT, 128X64)
[2018.01.06-09.33.29:179][773]LogTexture: Display: 텍스처 빌드: SkyOcclusion1_37 (AutoDXT, 128X64)
[2018.01.06-09.33.29:179][773]LogTexture: Display: 텍스처 빌드: SkyOcclusion1_39 (AutoDXT, 128X64)
[2018.01.06-09.33.29:179][773]LogTexture: Display: 텍스처 빌드: SkyOcclusion1_40 (AutoDXT, 128X64)
[2018.01.06-09.33.29:179][773]LogTexture: Display: 텍스처 빌드: SkyOcclusion1_41 (AutoDXT, 128X64)
[2018.01.06-09.33.29:179][773]LogTexture: Display: 텍스처 빌드: SkyOcclusion1_42 (AutoDXT, 128X64)
[2018.01.06-09.33.29:179][773]LogTexture: Display: 텍스처 빌드: SkyOcclusion1_43 (AutoDXT, 128X64)
[2018.01.06-09.33.29:179][773]LogTexture: Display: 텍스처 빌드: SkyOcclusion1_4 (AutoDXT, 1024X512)
[2018.01.06-09.33.29:179][773]LogTexture: Display: 텍스처 빌드: SkyOcclusion1_44 (AutoDXT, 128X64)
[2018.01.06-09.33.29:180][773]LogTexture: Display: 텍스처 빌드: SkyOcclusion1_45 (AutoDXT, 128X64)
[2018.01.06-09.33.29:180][773]LogTexture: Display: 텍스처 빌드: SkyOcclusion1_46 (AutoDXT, 128X64)
[2018.01.06-09.33.29:180][773]LogTexture: Display: 텍스처 빌드: SkyOcclusion1_47 (AutoDXT, 128X64)
[2018.01.06-09.33.29:180][773]LogTexture: Display: 텍스처 빌드: SkyOcclusion1_48 (AutoDXT, 128X64)
[2018.01.06-09.33.29:180][773]LogTexture: Display: 텍스처 빌드: SkyOcclusion1_49 (AutoDXT, 128X64)
[2018.01.06-09.33.29:180][773]LogTexture: Display: 텍스처 빌드: SkyOcclusion1_50 (AutoDXT, 128X64)
[2018.01.06-09.33.29:180][773]LogTexture: Display: 텍스처 빌드: SkyOcclusion1_5 (AutoDXT, 1024X512)
[2018.01.06-09.33.29:180][773]LogTexture: Display: 텍스처 빌드: SkyOcclusion1_51 (AutoDXT, 128X64)
[2018.01.06-09.33.29:180][773]LogTexture: Display: 텍스처 빌드: SkyOcclusion1_52 (AutoDXT, 128X64)
[2018.01.06-09.33.29:180][773]LogTexture: Display: 텍스처 빌드: SkyOcclusion1_53 (AutoDXT, 128X64)
[2018.01.06-09.33.29:180][773]LogTexture: Display: 텍스처 빌드: SkyOcclusion1_54 (AutoDXT, 128X64)
[2018.01.06-09.33.29:180][773]LogTexture: Display: 텍스처 빌드: SkyOcclusion1_55 (AutoDXT, 128X64)
[2018.01.06-09.33.29:180][773]LogTexture: Display: 텍스처 빌드: SkyOcclusion1_56 (AutoDXT, 128X64)
[2018.01.06-09.33.29:180][773]LogTexture: Display: 텍스처 빌드: SkyOcclusion1_57 (AutoDXT, 128X64)
[2018.01.06-09.33.29:180][773]LogTexture: Display: 텍스처 빌드: SkyOcclusion1_58 (AutoDXT, 128X64)
[2018.01.06-09.33.29:180][773]LogTexture: Display: 텍스처 빌드: SkyOcclusion1_59 (AutoDXT, 128X64)
[2018.01.06-09.33.29:180][773]LogTexture: Display: 텍스처 빌드: SkyOcclusion1_60 (AutoDXT, 128X64)
[2018.01.06-09.33.29:180][773]LogTexture: Display: 텍스처 빌드: SkyOcclusion1_6 (AutoDXT, 1024X512)
[2018.01.06-09.33.29:180][773]LogTexture: Display: 텍스처 빌드: SkyOcclusion1_61 (AutoDXT, 128X64)
[2018.01.06-09.33.29:180][773]LogTexture: Display: 텍스처 빌드: SkyOcclusion1_62 (AutoDXT, 128X64)
[2018.01.06-09.33.29:180][773]LogTexture: Display: 텍스처 빌드: SkyOcclusion1_63 (AutoDXT, 128X64)
[2018.01.06-09.33.29:180][773]LogTexture: Display: 텍스처 빌드: SkyOcclusion1_64 (AutoDXT, 128X64)
[2018.01.06-09.33.29:180][773]LogTexture: Display: 텍스처 빌드: SkyOcclusion1_65 (AutoDXT, 128X64)
[2018.01.06-09.33.29:180][773]LogTexture: Display: 텍스처 빌드: SkyOcclusion1_66 (AutoDXT, 128X64)
[2018.01.06-09.33.29:180][773]LogTexture: Display: 텍스처 빌드: SkyOcclusion1_67 (AutoDXT, 128X64)
[2018.01.06-09.33.29:180][773]LogTexture: Display: 텍스처 빌드: SkyOcclusion1_68 (AutoDXT, 128X64)
[2018.01.06-09.33.29:180][773]LogTexture: Display: 텍스처 빌드: SkyOcclusion1_69 (AutoDXT, 128X64)
[2018.01.06-09.33.29:180][773]LogTexture: Display: 텍스처 빌드: SkyOcclusion1_7 (AutoDXT, 128X64)
[2018.01.06-09.33.29:180][773]LogTexture: Display: 텍스처 빌드: SkyOcclusion1_70 (AutoDXT, 1024X512)
[2018.01.06-09.33.29:797][773]LogTexture: Display: 텍스처 빌드: SkyOcclusion1_71 (AutoDXT, 256X128)
[2018.01.06-09.33.29:797][773]LogTexture: Display: 텍스처 빌드: SkyOcclusion1_72 (AutoDXT, 128X64)
[2018.01.06-09.33.29:797][773]LogTexture: Display: 텍스처 빌드: SkyOcclusion1_73 (AutoDXT, 128X64)
[2018.01.06-09.33.29:797][773]LogTexture: Display: 텍스처 빌드: SkyOcclusion1_74 (AutoDXT, 128X64)
[2018.01.06-09.33.29:797][773]LogTexture: Display: 텍스처 빌드: SkyOcclusion1_8 (AutoDXT, 512X256)
[2018.01.06-09.33.29:797][773]LogTexture: Display: 텍스처 빌드: SkyOcclusion1_9 (AutoDXT, 256X128)
[2018.01.06-09.33.30:070][773]LogAIModule: Creating AISystem for world map
[2018.01.06-09.33.30:161][773]AnimBlueprint: Warning: 슬롯노드: NewAnimBlueprint_C 애니메이션 인스턴트 클래스의 'attack' 는 이미 존재합니다. 이 클래스의 애니메이션 그래프에서 중복을 제거하세요.
[2018.01.06-09.33.30:286][773]Cmd: MAP LOAD FILE="../../../../../../in/set/main/Content/InfinityBladeGrassLands/Maps/map.umap" TEMPLATE=0 SHOWPROGRESS=1 FEATURELEVEL=3
[2018.01.06-09.33.30:286][773]LightingResults: New page: 라이팅 빌드
[2018.01.06-09.33.30:288][773]LoadErrors: New page: 맵 로드중: map.umap
[2018.01.06-09.33.30:289][773]MapCheck: New page: 맵 체크
[2018.01.06-09.33.30:289][773]LightingResults: New page: 라이팅 빌드
[2018.01.06-09.33.30:384][773]AnimBlueprint: Warning: 슬롯노드: NewAnimBlueprint_C 애니메이션 인스턴트 클래스의 'attack' 는 이미 존재합니다. 이 클래스의 애니메이션 그래프에서 중복을 제거하세요.
[2018.01.06-09.33.31:036][773]LogEditorServer: Finished looking for orphan Actors (0.000 secs)
[2018.01.06-09.33.31:153][773]Cmd: MAP CHECKDEP NOCLEARLOG
[2018.01.06-09.33.31:339][773]MapCheck: 맵 체크 완료: 오류 0 회, 경고 0 회, 소요 시간 186.237ms.
[2018.01.06-09.33.31:350][773]LogFileHelpers: Loading map 'map' took 1.069
[2018.01.06-09.33.32:740][810]LogTemp: Repeating last play command: 선택된 뷰포트
[2018.01.06-09.33.32:967][810]LogPackageName: Warning: String asset reference "S_ClothTarps_03.SM.Mesh.S_ClothTarps_03" is in short form, which is unsupported and -- even if valid -- resolving it will be really slow.
[2018.01.06-09.33.32:967][810]LogPackageName: Warning: Please consider resaving package in order to speed-up loading.
[2018.01.06-09.33.33:200][810]LogPackageName: SearchForPackageOnDisk took   0.233s, but failed to resolve S_ClothTarps_03.
[2018.01.06-09.33.33:200][810]LogPackageName: Warning: String asset reference "S_ClothTarps_03.SM.Mesh.S_ClothTarps_03" could not be resolved.
[2018.01.06-09.33.33:495][810]LogBlueprintUserMessages: Early PlayInEditor Detection: Level '/Game/InfinityBladeGrassLands/Maps/map.map:PersistentLevel' has LevelScriptBlueprint '/Game/InfinityBladeGrassLands/Maps/map.map:PersistentLevel.map' with GeneratedClass '/Game/InfinityBladeGrassLands/Maps/map.map_C' with ClassGeneratedBy '/Game/InfinityBladeGrassLands/Maps/map.map:PersistentLevel.map'
[2018.01.06-09.33.33:496][810]LogPlayLevel: PlayLevel: No blueprints needed recompiling
[2018.01.06-09.33.33:499][810]PIE: New page: PIE 세션: map (2018. 1. 7. 오전 3:33:33)
[2018.01.06-09.33.33:500][810]LogPlayLevel: Creating play world package: /Game/InfinityBladeGrassLands/Maps/UEDPIE_0_map
[2018.01.06-09.33.33:608][810]LogPlayLevel: PIE: StaticDuplicateObject took: (0.108548s)
[2018.01.06-09.33.33:609][810]LogAIModule: Creating AISystem for world map
[2018.01.06-09.33.33:610][810]LogPlayLevel: PIE: World Init took: (0.001672s)
[2018.01.06-09.33.33:611][810]LogPlayLevel: PIE: Created PIE world by copying editor world from /Game/InfinityBladeGrassLands/Maps/map.map to /Game/InfinityBladeGrassLands/Maps/UEDPIE_0_map.map (0.111559s)
[2018.01.06-09.33.33:634][810]LogInit: XAudio2 using '스피커(Realtek High Definition Audio)' : 2 channels at 48 kHz using 32 bits per sample (channel mask 0x3)
[2018.01.06-09.33.33:669][810]LogInit: FAudioDevice initialized.
[2018.01.06-09.33.33:728][810]LogLoad: Game class is 'mainGameMode'
[2018.01.06-09.33.33:764][810]AnimBlueprint: Warning: 슬롯노드: NewAnimBlueprint_C 애니메이션 인스턴트 클래스의 'attack' 는 이미 존재합니다. 이 클래스의 애니메이션 그래프에서 중복을 제거하세요.
[2018.01.06-09.33.33:766][810]LogWorld: Bringing World /Game/InfinityBladeGrassLands/Maps/UEDPIE_0_map.map up for play (max tick rate 60) at 2018.01.06-18.33.33
[2018.01.06-09.33.33:770][810]LogWorld: Bringing up level for play took: 0.035920
[2018.01.06-09.33.33:902][810]LogContentBrowser: Native class hierarchy updated for 'MovieSceneCapture' in 0.0036 seconds. Added 11 classes and 0 folders.
[2018.01.06-09.33.33:944][810]PIE: /Game/InfinityBladeGrassLands/Maps/UEDPIE_0_map 에 대한 에디터에서 플레이 시작 시간: 0.87
[2018.01.06-09.33.33:945][810]LogBlueprintUserMessages: Late PlayInEditor Detection: Level '/Game/InfinityBladeGrassLands/Maps/map.map:PersistentLevel' has LevelScriptBlueprint '/Game/InfinityBladeGrassLands/Maps/map.map:PersistentLevel.map' with GeneratedClass '/Game/InfinityBladeGrassLands/Maps/map.map_C' with ClassGeneratedBy '/Game/InfinityBladeGrassLands/Maps/map.map:PersistentLevel.map'
[2018.01.06-09.34.26:552][778]LogAnimation: Warning: SLOTNODE: 'attack' in animation instance class NewAnimBlueprint_C already exists. Remove duplicates from the animation graph for this class.
[2018.01.06-09.35.09:791][294]LogBlueprintUserMessages: Early EndPlayMap Detection: Level '/Game/InfinityBladeGrassLands/Maps/map.map:PersistentLevel' has LevelScriptBlueprint '/Game/InfinityBladeGrassLands/Maps/map.map:PersistentLevel.map' with GeneratedClass '/Game/InfinityBladeGrassLands/Maps/map.map_C' with ClassGeneratedBy '/Game/InfinityBladeGrassLands/Maps/map.map:PersistentLevel.map'
[2018.01.06-09.35.09:866][294]LogBlueprintUserMessages: Late EndPlayMap Detection: Level '/Game/InfinityBladeGrassLands/Maps/map.map:PersistentLevel' has LevelScriptBlueprint '/Game/InfinityBladeGrassLands/Maps/map.map:PersistentLevel.map' with GeneratedClass '/Game/InfinityBladeGrassLands/Maps/map.map_C' with ClassGeneratedBy '/Game/InfinityBladeGrassLands/Maps/map.map:PersistentLevel.map'
[2018.01.06-09.36.19:372][707]LogWindowsTextInputMethodSystem: Display: IME system now activated using TSF (Microsoft 입력기).
[2018.01.06-09.36.19:777][708]Cmd: QUIT_EDITOR
[2018.01.06-09.36.20:801][708]LogExit: Preparing to exit.
[2018.01.06-09.36.20:970][708]LogActorComponent: UnregisterComponent: (None.None) Not registered. Aborting.
[2018.01.06-09.36.20:970][708]LogActorComponent: UnregisterComponent: (None.None) Not registered. Aborting.
[2018.01.06-09.36.20:971][708]LogActorComponent: UnregisterComponent: (None.None) Not registered. Aborting.
[2018.01.06-09.36.20:971][708]LogActorComponent: UnregisterComponent: (None.None) Not registered. Aborting.
[2018.01.06-09.36.20:971][708]LogActorComponent: UnregisterComponent: (None.None) Not registered. Aborting.
[2018.01.06-09.36.20:971][708]LogActorComponent: UnregisterComponent: (None.None) Not registered. Aborting.
[2018.01.06-09.36.20:971][708]LogActorComponent: UnregisterComponent: (None.None) Not registered. Aborting.
[2018.01.06-09.36.20:980][708]LogDirectoryWatcher: A directory notification for 'C:/in/set/main/Content/' was aborted.
[2018.01.06-09.36.21:028][708]LogExit: Editor shut down
[2018.01.06-09.36.21:034][708]LogExit: Transaction tracking system shut down
[2018.01.06-09.36.21:170][708]LogDirectoryWatcher: A directory notification for '../../../Engine/Content/' was aborted.
[2018.01.06-09.36.21:170][708]LogDirectoryWatcher: A directory notification for '../../../../../../in/set/main/Content/' was aborted.
[2018.01.06-09.36.21:171][708]LogDirectoryWatcher: A directory notification for '../../../Engine/Plugins/2D/Paper2D/Content/' was aborted.
[2018.01.06-09.36.21:171][708]LogDirectoryWatcher: A directory notification for '../../../Engine/Plugins/Media/MediaCompositing/Content/' was aborted.
[2018.01.06-09.36.21:171][708]LogDirectoryWatcher: A directory notification for '../../../Engine/Plugins/Runtime/AppleARKit/Content/' was aborted.
[2018.01.06-09.36.21:171][708]LogDirectoryWatcher: A directory notification for '../../../Engine/Plugins/Runtime/Oculus/OculusVR/Content/' was aborted.
[2018.01.06-09.36.21:171][708]LogDirectoryWatcher: A directory notification for '../../../Engine/Plugins/Runtime/Steam/SteamVR/Content/' was aborted.
[2018.01.06-09.36.21:299][708]LogExit: Object subsystem successfully closed.
[2018.01.06-09.36.21:327][708]LogD3D11RHI: Shutdown
[2018.01.06-09.36.21:327][708]LogD3D11RHI: CleanupD3DDevice
[2018.01.06-09.36.21:331][708]LogD3D11RHI: ~FD3D11DynamicRHI
[2018.01.06-09.36.21:386][708]LogModuleManager: Shutting down and abandoning module MovieSceneCapture (552)
[2018.01.06-09.36.21:386][708]LogModuleManager: Shutting down and abandoning module HierarchicalLODOutliner (550)
[2018.01.06-09.36.21:386][708]LogModuleManager: Shutting down and abandoning module DesktopPlatform (548)
[2018.01.06-09.36.21:386][708]LogModuleManager: Shutting down and abandoning module SceneOutliner (546)
[2018.01.06-09.36.21:386][708]LogModuleManager: Shutting down and abandoning module AddContentDialog (544)
[2018.01.06-09.36.21:387][708]LogDirectoryWatcher: A directory notification for 'C:/Program Files/Epic Games/UE_4.18/FeaturePacks/' was aborted.
[2018.01.06-09.36.21:389][708]LogModuleManager: Shutting down and abandoning module WidgetCarousel (543)
[2018.01.06-09.36.21:389][708]LogModuleManager: Shutting down and abandoning module EditorWidgets (540)
[2018.01.06-09.36.21:389][708]LogModuleManager: Shutting down and abandoning module CollectionManager (538)
[2018.01.06-09.36.21:389][708]LogDirectoryWatcher: A directory notification for 'C:/in/set/main/Content/Collections/' was aborted.
[2018.01.06-09.36.21:389][708]LogDirectoryWatcher: A directory notification for 'C:/in/set/main/Content/Developers/oner/Collections/' was aborted.
[2018.01.06-09.36.21:390][708]LogDirectoryWatcher: A directory notification for 'C:/in/set/main/Saved/Collections/' was aborted.
[2018.01.06-09.36.21:390][708]LogModuleManager: Shutting down and abandoning module StatsViewer (536)
[2018.01.06-09.36.21:390][708]LogModuleManager: Shutting down and abandoning module FoliageEdit (534)
[2018.01.06-09.36.21:390][708]LogModuleManager: Shutting down and abandoning module LandscapeEditor (532)
[2018.01.06-09.36.21:391][708]LogModuleManager: Shutting down and abandoning module MeshPaintMode (530)
[2018.01.06-09.36.21:392][708]LogModuleManager: Shutting down and abandoning module SceneDepthPickerMode (528)
[2018.01.06-09.36.21:392][708]LogModuleManager: Shutting down and abandoning module ActorPickerMode (526)
[2018.01.06-09.36.21:392][708]LogModuleManager: Shutting down and abandoning module GeometryMode (524)
[2018.01.06-09.36.21:392][708]LogModuleManager: Shutting down and abandoning module TextureAlignMode (522)
[2018.01.06-09.36.21:392][708]LogModuleManager: Shutting down and abandoning module BspMode (520)
[2018.01.06-09.36.21:392][708]LogModuleManager: Shutting down and abandoning module PIEPreviewDeviceProfileSelector (518)
[2018.01.06-09.36.21:392][708]LogModuleManager: Shutting down and abandoning module HardwareSurvey (516)
[2018.01.06-09.36.21:392][708]LogModuleManager: Shutting down and abandoning module SequenceRecorderSections (514)
[2018.01.06-09.36.21:392][708]LogModuleManager: Shutting down and abandoning module AutomationWorker (512)
[2018.01.06-09.36.21:392][708]LogModuleManager: Shutting down and abandoning module MatineeToLevelSequence (510)
[2018.01.06-09.36.21:393][708]LogModuleManager: Shutting down and abandoning module LevelSequenceEditor (508)
[2018.01.06-09.36.21:395][708]LogModuleManager: Shutting down and abandoning module PlacementMode (507)
[2018.01.06-09.36.21:395][708]LogModuleManager: Shutting down and abandoning module WmfMediaFactory (504)
[2018.01.06-09.36.21:395][708]LogModuleManager: Shutting down and abandoning module WmfMediaEditor (502)
[2018.01.06-09.36.21:395][708]LogModuleManager: Shutting down and abandoning module OpenExrWrapper (500)
[2018.01.06-09.36.21:395][708]LogModuleManager: Shutting down and abandoning module ImgMediaFactory (498)
[2018.01.06-09.36.21:395][708]LogModuleManager: Shutting down and abandoning module ImgMediaEditor (496)
[2018.01.06-09.36.21:395][708]LogModuleManager: Shutting down and abandoning module AvfMediaFactory (494)
[2018.01.06-09.36.21:395][708]LogModuleManager: Shutting down and abandoning module AvfMediaEditor (492)
[2018.01.06-09.36.21:395][708]LogModuleManager: Shutting down and abandoning module AndroidMediaFactory (490)
[2018.01.06-09.36.21:395][708]LogModuleManager: Shutting down and abandoning module AndroidMediaEditor (488)
[2018.01.06-09.36.21:395][708]LogModuleManager: Shutting down and abandoning module CharacterAI (486)
[2018.01.06-09.36.21:395][708]LogModuleManager: Shutting down and abandoning module AudioCapture (484)
[2018.01.06-09.36.21:396][708]LogModuleManager: Shutting down and abandoning module SequenceRecorder (483)
[2018.01.06-09.36.21:396][708]LogModuleManager: Shutting down and abandoning module SmartSnapping (480)
[2018.01.06-09.36.21:396][708]LogModuleManager: Shutting down and abandoning module SessionServices (478)
[2018.01.06-09.36.21:396][708]LogModuleManager: Shutting down and abandoning module ViewportSnapping (476)
[2018.01.06-09.36.21:396][708]LogModuleManager: Shutting down and abandoning module ViewportInteraction (474)
[2018.01.06-09.36.21:396][708]LogModuleManager: Shutting down and abandoning module ClothPainter (472)
[2018.01.06-09.36.21:397][708]LogModuleManager: Shutting down and abandoning module SkeletalMeshEditor (471)
[2018.01.06-09.36.21:398][708]LogModuleManager: Shutting down and abandoning module LogVisualizer (468)
[2018.01.06-09.36.21:399][708]LogModuleManager: Shutting down and abandoning module IntroTutorials (466)
[2018.01.06-09.36.21:400][708]LogModuleManager: Shutting down and abandoning module GameProjectGeneration (465)
[2018.01.06-09.36.21:401][708]LogModuleManager: Shutting down and abandoning module IOSPlatformEditor (462)
[2018.01.06-09.36.21:401][708]LogModuleManager: Shutting down and abandoning module HTML5PlatformEditor (460)
[2018.01.06-09.36.21:401][708]LogModuleManager: Shutting down and abandoning module AndroidPlatformEditor (458)
[2018.01.06-09.36.21:401][708]LogModuleManager: Shutting down and abandoning module AndroidDeviceDetection (457)
[2018.01.06-09.36.21:915][708]LogModuleManager: Shutting down and abandoning module WindowsPlatformEditor (454)
[2018.01.06-09.36.21:915][708]LogModuleManager: Shutting down and abandoning module IOSRuntimeSettings (452)
[2018.01.06-09.36.21:915][708]LogModuleManager: Shutting down and abandoning module AndroidRuntimeSettings (450)
[2018.01.06-09.36.21:915][708]LogModuleManager: Shutting down and abandoning module InputBindingEditor (448)
[2018.01.06-09.36.21:915][708]LogModuleManager: Shutting down and abandoning module MergeActors (446)
[2018.01.06-09.36.21:916][708]LogModuleManager: Shutting down and abandoning module SizeMap (444)
[2018.01.06-09.36.21:916][708]LogModuleManager: Shutting down and abandoning module TreeMap (442)
[2018.01.06-09.36.21:916][708]LogModuleManager: Shutting down and abandoning module ReferenceViewer (440)
[2018.01.06-09.36.21:916][708]LogModuleManager: Shutting down and abandoning module LocalizationDashboard (438)
[2018.01.06-09.36.21:917][708]LogModuleManager: Shutting down and abandoning module LocalizationService (437)
[2018.01.06-09.36.21:918][708]LogModuleManager: Shutting down and abandoning module HardwareTargeting (434)
[2018.01.06-09.36.21:918][708]LogModuleManager: Shutting down and abandoning module DeviceProfileEditor (432)
[2018.01.06-09.36.21:919][708]LogModuleManager: Shutting down and abandoning module UndoHistory (430)
[2018.01.06-09.36.21:919][708]LogModuleManager: Shutting down and abandoning module XmlParser (428)
[2018.01.06-09.36.21:920][708]LogModuleManager: Shutting down and abandoning module Blutility (426)
[2018.01.06-09.36.21:920][708]LogModuleManager: Shutting down and abandoning module ProjectSettingsViewer (424)
[2018.01.06-09.36.21:920][708]LogModuleManager: Shutting down and abandoning module ProjectTargetPlatformEditor (423)
[2018.01.06-09.36.21:922][708]LogModuleManager: Shutting down and abandoning module EditorSettingsViewer (420)
[2018.01.06-09.36.21:922][708]LogModuleManager: Shutting down and abandoning module SettingsEditor (418)
[2018.01.06-09.36.21:923][708]LogModuleManager: Shutting down and abandoning module ProjectLauncher (416)
[2018.01.06-09.36.21:924][708]LogModuleManager: Shutting down and abandoning module SessionFrontend (414)
[2018.01.06-09.36.21:925][708]LogModuleManager: Shutting down and abandoning module ProfilerClient (412)
[2018.01.06-09.36.21:925][708]LogModuleManager: Shutting down and abandoning module DeviceManager (410)
[2018.01.06-09.36.21:925][708]LogModuleManager: Shutting down and abandoning module TargetDeviceServices (409)
[2018.01.06-09.36.21:979][708]LogModuleManager: Shutting down and abandoning module AutomationController (406)
[2018.01.06-09.36.21:980][708]LogModuleManager: Shutting down and abandoning module AutomationWindow (404)
[2018.01.06-09.36.21:981][708]LogModuleManager: Shutting down and abandoning module Layers (402)
[2018.01.06-09.36.21:982][708]LogModuleManager: Shutting down and abandoning module ComponentVisualizers (400)
[2018.01.06-09.36.21:982][708]LogModuleManager: Shutting down and abandoning module DetailCustomizations (398)
[2018.01.06-09.36.21:982][708]LogModuleManager: Shutting down and abandoning module PackagesDialog (396)
[2018.01.06-09.36.21:983][708]LogModuleManager: Shutting down and abandoning module Persona (394)
[2018.01.06-09.36.21:984][708]LogModuleManager: Shutting down and abandoning module AdvancedPreviewScene (393)
[2018.01.06-09.36.21:984][708]LogModuleManager: Shutting down and abandoning module AnimGraph (391)
[2018.01.06-09.36.21:984][708]LogModuleManager: Shutting down and abandoning module Kismet (388)
[2018.01.06-09.36.21:989][708]LogModuleManager: Shutting down and abandoning module ClassViewer (386)
[2018.01.06-09.36.21:989][708]LogModuleManager: Shutting down and abandoning module Toolbox (384)
[2018.01.06-09.36.21:989][708]LogModuleManager: Shutting down and abandoning module ModuleUI (382)
[2018.01.06-09.36.21:990][708]LogModuleManager: Shutting down and abandoning module MovieSceneTools (380)
[2018.01.06-09.36.21:990][708]LogModuleManager: Shutting down and abandoning module OutputLog (378)
[2018.01.06-09.36.21:991][708]LogModuleManager: Shutting down and abandoning module GammaUI (376)
[2018.01.06-09.36.21:991][708]LogModuleManager: Shutting down and abandoning module Documentation (374)
[2018.01.06-09.36.21:991][708]LogModuleManager: Shutting down and abandoning module MovieSceneTracks (372)
[2018.01.06-09.36.21:991][708]LogModuleManager: Shutting down and abandoning module MovieScene (370)
[2018.01.06-09.36.21:991][708]LogModuleManager: Shutting down and abandoning module StreamingPauseRendering (368)
[2018.01.06-09.36.21:991][708]LogModuleManager: Shutting down and abandoning module LauncherPlatform (366)
[2018.01.06-09.36.21:991][708]LogModuleManager: Shutting down and abandoning module AnalyticsET (364)
[2018.01.06-09.36.21:991][708]LogModuleManager: Shutting down and abandoning module PortalServices (362)
[2018.01.06-09.36.21:991][708]LogModuleManager: Shutting down and abandoning module PortalRpc (360)
[2018.01.06-09.36.21:991][708]LogModuleManager: Shutting down and abandoning module MessagingRpc (358)
[2018.01.06-09.36.21:991][708]LogModuleManager: Shutting down and abandoning module AIModule (356)
[2018.01.06-09.36.21:991][708]LogModuleManager: Shutting down and abandoning module GameplayDebugger (355)
[2018.01.06-09.36.21:991][708]LogModuleManager: Shutting down and abandoning module AITestSuite (353)
[2018.01.06-09.36.21:992][708]LogModuleManager: Shutting down and abandoning module ProfilerService (350)
[2018.01.06-09.36.22:109][708]LogModuleManager: Shutting down and abandoning module TaskGraph (348)
[2018.01.06-09.36.22:110][708]LogModuleManager: Shutting down and abandoning module SteamVRController (346)
[2018.01.06-09.36.22:110][708]LogModuleManager: Shutting down and abandoning module ProceduralMeshComponentEditor (344)
[2018.01.06-09.36.22:110][708]LogModuleManager: Shutting down and abandoning module ProceduralMeshComponent (342)
[2018.01.06-09.36.22:110][708]LogModuleManager: Shutting down and abandoning module OculusInput (340)
[2018.01.06-09.36.22:110][708]LogModuleManager: Shutting down and abandoning module MobilePatchingUtils (338)
[2018.01.06-09.36.22:110][708]LogModuleManager: Shutting down and abandoning module CustomMeshComponent (336)
[2018.01.06-09.36.22:110][708]LogModuleManager: Shutting down and abandoning module CableComponent (334)
[2018.01.06-09.36.22:110][708]LogModuleManager: Shutting down and abandoning module ArchVisCharacter (332)
[2018.01.06-09.36.22:110][708]LogModuleManager: Shutting down and abandoning module AndroidPermission (330)
[2018.01.06-09.36.22:110][708]LogModuleManager: Shutting down and abandoning module ActorSequence (326)
[2018.01.06-09.36.22:110][708]LogModuleManager: Shutting down and abandoning module MediaPlayerEditor (324)
[2018.01.06-09.36.22:113][708]LogModuleManager: Shutting down and abandoning module MediaCompositingEditor (322)
[2018.01.06-09.36.22:113][708]LogModuleManager: Shutting down and abandoning module MediaCompositing (320)
[2018.01.06-09.36.22:113][708]LogModuleManager: Shutting down and abandoning module HTML5Networking (318)
[2018.01.06-09.36.22:113][708]LogModuleManager: Shutting down and abandoning module AlembicImporter (316)
[2018.01.06-09.36.22:113][708]LogModuleManager: Shutting down and abandoning module AlembicLibrary (315)
[2018.01.06-09.36.22:113][708]LogModuleManager: Shutting down and abandoning module GeometryCache (314)
[2018.01.06-09.36.22:113][708]LogModuleManager: Shutting down and abandoning module GeometryCacheEd (313)
[2018.01.06-09.36.22:113][708]LogModuleManager: Shutting down and abandoning module SpeedTreeImporter (308)
[2018.01.06-09.36.22:113][708]LogModuleManager: Shutting down and abandoning module PluginBrowser (306)
[2018.01.06-09.36.22:115][708]LogModuleManager: Shutting down and abandoning module MobileLauncherProfileWizard (304)
[2018.01.06-09.36.22:116][708]LogModuleManager: Shutting down and abandoning module VisualStudioSourceCodeAccess (302)
[2018.01.06-09.36.22:116][708]LogModuleManager: Shutting down and abandoning module VisualStudioCodeSourceCodeAccess (300)
[2018.01.06-09.36.22:117][708]LogModuleManager: Shutting down and abandoning module UObjectPlugin (298)
[2018.01.06-09.36.22:117][708]LogModuleManager: Shutting down and abandoning module SubversionSourceControl (296)
[2018.01.06-09.36.22:117][708]LogModuleManager: Shutting down and abandoning module PerforceSourceControl (294)
[2018.01.06-09.36.22:118][708]LogModuleManager: Shutting down and abandoning module GitSourceControl (292)
[2018.01.06-09.36.22:119][708]LogModuleManager: Shutting down and abandoning module SourceControl (291)
[2018.01.06-09.36.22:120][708]LogModuleManager: Shutting down and abandoning module LightPropagationVolumeEditor (288)
[2018.01.06-09.36.22:120][708]LogModuleManager: Shutting down and abandoning module PaperTiledImporter (286)
[2018.01.06-09.36.22:120][708]LogModuleManager: Shutting down and abandoning module PaperSpriteSheetImporter (284)
[2018.01.06-09.36.22:120][708]LogModuleManager: Shutting down and abandoning module Paper2DEditor (282)
[2018.01.06-09.36.22:121][708]LogModuleManager: Shutting down and abandoning module MeshPaint (281)
[2018.01.06-09.36.22:121][708]LogModuleManager: Shutting down and abandoning module LevelEditor (279)
[2018.01.06-09.36.22:123][708]LogModuleManager: Shutting down and abandoning module PixelInspectorModule (278)
[2018.01.06-09.36.22:124][708]LogModuleManager: Shutting down and abandoning module MainFrame (276)
[2018.01.06-09.36.22:124][708]LogModuleManager: Shutting down and abandoning module HotReload (275)
[2018.01.06-09.36.22:124][708]LogDirectoryWatcher: A directory notification for 'C:/in/set/main/Binaries/Win64' was aborted.
[2018.01.06-09.36.22:125][708]LogModuleManager: Shutting down and abandoning module main (270)
[2018.01.06-09.36.22:125][708]LogModuleManager: Shutting down and abandoning module RuntimePhysXCooking (268)
[2018.01.06-09.36.22:125][708]LogModuleManager: Shutting down and abandoning module PhysXVehiclesEditor (266)
[2018.01.06-09.36.22:125][708]LogModuleManager: Shutting down and abandoning module PhysXVehicles (264)
[2018.01.06-09.36.22:125][708]LogModuleManager: Shutting down and abandoning module OculusEditor (262)
[2018.01.06-09.36.22:125][708]LogModuleManager: Shutting down and abandoning module LocationServicesBPLibrary (260)
[2018.01.06-09.36.22:125][708]LogModuleManager: Shutting down and abandoning module ImmediatePhysicsEditor (258)
[2018.01.06-09.36.22:125][708]LogModuleManager: Shutting down and abandoning module ImmediatePhysics (256)
[2018.01.06-09.36.22:126][708]LogModuleManager: Shutting down and abandoning module UdpMessaging (254)
[2018.01.06-09.36.22:235][708]LogModuleManager: Shutting down and abandoning module TcpMessaging (252)
[2018.01.06-09.36.22:340][708]LogModuleManager: Shutting down and abandoning module GameplayTagsEditor (250)
[2018.01.06-09.36.22:341][708]LogModuleManager: Shutting down and abandoning module FacialAnimationEditor (248)
[2018.01.06-09.36.22:341][708]LogModuleManager: Shutting down and abandoning module FacialAnimation (246)
[2018.01.06-09.36.22:341][708]LogModuleManager: Shutting down and abandoning module AssetManagerEditor (244)
[2018.01.06-09.36.22:342][708]LogModuleManager: Shutting down and abandoning module GraphEditor (243)
[2018.01.06-09.36.22:346][708]LogModuleManager: Shutting down and abandoning module ContentBrowser (241)
[2018.01.06-09.36.22:347][708]LogModuleManager: Shutting down and abandoning module LightPropagationVolumeRuntime (238)
[2018.01.06-09.36.22:347][708]LogModuleManager: Shutting down and abandoning module Paper2D (236)
[2018.01.06-09.36.22:347][708]LogModuleManager: Shutting down and abandoning module WindowsMoviePlayer (234)
[2018.01.06-09.36.22:348][708]LogModuleManager: Shutting down and abandoning module WmfMedia (232)
[2018.01.06-09.36.22:348][708]LogModuleManager: Shutting down and abandoning module ImgMedia (230)
[2018.01.06-09.36.22:348][708]LogModuleManager: Shutting down and abandoning module PacketHandler (228)
[2018.01.06-09.36.22:348][708]LogModuleManager: Shutting down and abandoning module ClothingSystemEditor (226)
[2018.01.06-09.36.22:348][708]LogModuleManager: Shutting down and abandoning module ClothingSystemRuntime (224)
[2018.01.06-09.36.22:349][708]LogModuleManager: Shutting down and abandoning module MediaAssets (222)
[2018.01.06-09.36.22:349][708]LogModuleManager: Shutting down and abandoning module Media (221)
[2018.01.06-09.36.22:356][708]LogModuleManager: Shutting down and abandoning module Overlay (218)
[2018.01.06-09.36.22:356][708]LogModuleManager: Shutting down and abandoning module OverlayEditor (217)
[2018.01.06-09.36.22:356][708]LogModuleManager: Shutting down and abandoning module VREditor (214)
[2018.01.06-09.36.22:357][708]LogModuleManager: Shutting down and abandoning module StringTableEditor (212)
[2018.01.06-09.36.22:357][708]LogModuleManager: Shutting down and abandoning module GameplayTasksEditor (210)
[2018.01.06-09.36.22:357][708]LogModuleManager: Shutting down and abandoning module BehaviorTreeEditor (208)
[2018.01.06-09.36.22:359][708]LogModuleManager: Shutting down and abandoning module FunctionalTesting (206)
[2018.01.06-09.36.22:359][708]LogModuleManager: Shutting down and abandoning module CollisionAnalyzer (204)
[2018.01.06-09.36.22:360][708]LogModuleManager: Shutting down and abandoning module WorkspaceMenuStructure (203)
[2018.01.06-09.36.22:360][708]LogModuleManager: Shutting down and abandoning module UMG (200)
[2018.01.06-09.36.22:360][708]LogModuleManager: Shutting down and abandoning module UMGEditor (199)
[2018.01.06-09.36.22:362][708]LogModuleManager: Shutting down and abandoning module Sequencer (198)
[2018.01.06-09.36.22:363][708]LogModuleManager: Shutting down and abandoning module MessageLog (195)
[2018.01.06-09.36.22:364][708]LogModuleManager: Shutting down and abandoning module SlateReflector (190)
[2018.01.06-09.36.22:366][708]LogModuleManager: Shutting down and abandoning module Slate (188)
[2018.01.06-09.36.22:366][708]LogModuleManager: Shutting down and abandoning module EditorStyle (186)
[2018.01.06-09.36.22:370][708]LogModuleManager: Shutting down and abandoning module MRMesh (184)
[2018.01.06-09.36.22:370][708]LogModuleManager: Shutting down and abandoning module SourceCodeAccess (182)
[2018.01.06-09.36.22:370][708]LogModuleManager: Shutting down and abandoning module HeadMountedDisplay (180)
[2018.01.06-09.36.22:370][708]LogModuleManager: Shutting down and abandoning module XAudio2 (178)
[2018.01.06-09.36.22:370][708]LogModuleManager: Shutting down and abandoning module Networking (176)
[2018.01.06-09.36.22:370][708]LogModuleManager: Shutting down and abandoning module Core (172)
[2018.01.06-09.36.22:370][708]LogModuleManager: Shutting down and abandoning module LevelSequence (168)
[2018.01.06-09.36.22:370][708]LogModuleManager: Shutting down and abandoning module DirectoryWatcher (166)
[2018.01.06-09.36.22:372][708]LogModuleManager: Shutting down and abandoning module KismetCompiler (164)
[2018.01.06-09.36.22:372][708]LogModuleManager: Shutting down and abandoning module MeshUtilities (162)
[2018.01.06-09.36.22:373][708]LogModuleManager: Shutting down and abandoning module MeshMergeUtilities (161)
[2018.01.06-09.36.22:374][708]LogModuleManager: Shutting down and abandoning module MeshReductionInterface (160)
[2018.01.06-09.36.22:374][708]LogModuleManager: Shutting down and abandoning module SimplygonSwarm (159)
[2018.01.06-09.36.22:374][708]LogModuleManager: Shutting down and abandoning module SimplygonMeshReduction (157)
[2018.01.06-09.36.22:374][708]LogModuleManager: Shutting down and abandoning module QuadricMeshReduction (155)
[2018.01.06-09.36.22:374][708]LogModuleManager: Shutting down and abandoning module MaterialBaking (151)
[2018.01.06-09.36.22:375][708]LogModuleManager: Shutting down and abandoning module DerivedDataCache (148)
[2018.01.06-09.36.22:402][708]LogDerivedDataCache: Shutdown
[2018.01.06-09.36.22:402][708]LogModuleManager: Shutting down and abandoning module TargetPlatform (146)
[2018.01.06-09.36.22:402][708]LogModuleManager: Shutting down and abandoning module VulkanShaderFormat (145)
[2018.01.06-09.36.22:402][708]LogModuleManager: Shutting down and abandoning module ShaderFormatVectorVM (143)
[2018.01.06-09.36.22:402][708]LogModuleManager: Shutting down and abandoning module ShaderFormatOpenGL (141)
[2018.01.06-09.36.22:403][708]LogModuleManager: Shutting down and abandoning module ShaderFormatD3D (139)
[2018.01.06-09.36.22:405][708]LogModuleManager: Shutting down and abandoning module MetalShaderFormat (137)
[2018.01.06-09.36.22:406][708]LogModuleManager: Shutting down and abandoning module TextureFormatUncompressed (135)
[2018.01.06-09.36.22:406][708]LogModuleManager: Shutting down and abandoning module TextureFormatPVR (133)
[2018.01.06-09.36.22:406][708]LogModuleManager: Shutting down and abandoning module TextureFormatDXT (131)
[2018.01.06-09.36.22:406][708]LogModuleManager: Shutting down and abandoning module TextureFormatIntelISPCTexComp (129)
[2018.01.06-09.36.22:406][708]LogModuleManager: Shutting down and abandoning module TextureFormatASTC (127)
[2018.01.06-09.36.22:406][708]LogModuleManager: Shutting down and abandoning module ImageWrapper (126)
[2018.01.06-09.36.22:406][708]LogModuleManager: Shutting down and abandoning module TextureFormatAndroid (123)
[2018.01.06-09.36.22:406][708]LogModuleManager: Shutting down and abandoning module AudioFormatOpus (121)
[2018.01.06-09.36.22:406][708]LogModuleManager: Shutting down and abandoning module AudioFormatOgg (119)
[2018.01.06-09.36.22:406][708]LogModuleManager: Shutting down and abandoning module AudioFormatADPCM (117)
[2018.01.06-09.36.22:406][708]LogModuleManager: Shutting down and abandoning module LinuxTargetPlatform (115)
[2018.01.06-09.36.22:406][708]LogModuleManager: Shutting down and abandoning module LinuxServerTargetPlatform (113)
[2018.01.06-09.36.22:406][708]LogModuleManager: Shutting down and abandoning module LinuxNoEditorTargetPlatform (111)
[2018.01.06-09.36.22:406][708]LogModuleManager: Shutting down and abandoning module LinuxClientTargetPlatform (109)
[2018.01.06-09.36.22:406][708]LogModuleManager: Shutting down and abandoning module TVOSTargetPlatform (107)
[2018.01.06-09.36.22:406][708]LogModuleManager: Shutting down and abandoning module Messaging (105)
[2018.01.06-09.36.22:406][708]LogModuleManager: Shutting down and abandoning module IOSTargetPlatform (103)
[2018.01.06-09.36.22:406][708]LogModuleManager: Shutting down and abandoning module HTML5TargetPlatform (101)
[2018.01.06-09.36.22:406][708]LogModuleManager: Shutting down and abandoning module AndroidTargetPlatform (99)
[2018.01.06-09.36.22:406][708]LogModuleManager: Shutting down and abandoning module Android_PVRTCTargetPlatform (97)
[2018.01.06-09.36.22:407][708]LogModuleManager: Shutting down and abandoning module Android_MultiTargetPlatform (95)
[2018.01.06-09.36.22:407][708]LogModuleManager: Shutting down and abandoning module Android_ETC2TargetPlatform (93)
[2018.01.06-09.36.22:407][708]LogModuleManager: Shutting down and abandoning module Android_ETC1TargetPlatform (91)
[2018.01.06-09.36.22:407][708]LogModuleManager: Shutting down and abandoning module Android_DXTTargetPlatform (89)
[2018.01.06-09.36.22:407][708]LogModuleManager: Shutting down and abandoning module Android_ATCTargetPlatform (87)
[2018.01.06-09.36.22:407][708]LogModuleManager: Shutting down and abandoning module Android_ASTCTargetPlatform (85)
[2018.01.06-09.36.22:407][708]LogModuleManager: Shutting down and abandoning module WindowsTargetPlatform (83)
[2018.01.06-09.36.22:407][708]LogModuleManager: Shutting down and abandoning module WindowsServerTargetPlatform (81)
[2018.01.06-09.36.22:407][708]LogModuleManager: Shutting down and abandoning module WindowsNoEditorTargetPlatform (79)
[2018.01.06-09.36.22:407][708]LogModuleManager: Shutting down and abandoning module WindowsClientTargetPlatform (77)
[2018.01.06-09.36.22:407][708]LogModuleManager: Shutting down and abandoning module MacTargetPlatform (75)
[2018.01.06-09.36.22:407][708]LogModuleManager: Shutting down and abandoning module MacServerTargetPlatform (73)
[2018.01.06-09.36.22:407][708]LogModuleManager: Shutting down and abandoning module MacNoEditorTargetPlatform (71)
[2018.01.06-09.36.22:407][708]LogModuleManager: Shutting down and abandoning module MacClientTargetPlatform (69)
[2018.01.06-09.36.22:407][708]LogModuleManager: Shutting down and abandoning module AllDesktopTargetPlatform (67)
[2018.01.06-09.36.22:407][708]LogModuleManager: Shutting down and abandoning module InputCore (64)
[2018.01.06-09.36.22:407][708]LogModuleManager: Shutting down and abandoning module Settings (62)
[2018.01.06-09.36.22:407][708]LogModuleManager: Shutting down and abandoning module PhysXCooking (60)
[2018.01.06-09.36.22:407][708]LogModuleManager: Shutting down and abandoning module SteamVR (58)
[2018.01.06-09.36.22:407][708]LogModuleManager: Shutting down and abandoning module OculusHMD (56)
[2018.01.06-09.36.22:408][708]LogModuleManager: Shutting down and abandoning module ExampleDeviceProfileSelector (54)
[2018.01.06-09.36.22:408][708]LogModuleManager: Shutting down and abandoning module AppleARKit (52)
[2018.01.06-09.36.22:408][708]LogModuleManager: Shutting down and abandoning module AugmentedReality (51)
[2018.01.06-09.36.22:408][708]LogModuleManager: Shutting down and abandoning module OnlineBlueprintSupport (48)
[2018.01.06-09.36.22:408][708]LogModuleManager: Shutting down and abandoning module OnlineSubsystem (44)
[2018.01.06-09.36.22:409][708]LogModuleManager: Shutting down and abandoning module XMPP (43)
[2018.01.06-09.36.22:410][708]LogModuleManager: Shutting down and abandoning module HTTP (41)
[2018.01.06-09.36.22:410][708]LogHttp: Display: Http module shutting down, but needs to wait on 1 outstanding Http requests:
[2018.01.06-09.36.22:410][708]LogHttp: Display: 	verb=[POST] url=[https://datarouter.ol.epicgames.com/datarouter/api/v1/public/data?SessionID=%7B90693E3C-40A7-83D9-9484-439CEF94C558%7D&AppID=UEEditor.Rocket.Release&AppVersion=4.18.2-3794801%2B%2B%2BUE4%2BRelease-4.18&UserID=463d32804ed0e00b32bdea8316121d1a%7Cbe7002ba347b47079d44449137132371%7C9fb0c685-e72c-4645-aa63-f3eea19a5c0c&AppEnvironment=datacollector-binary&UploadType=eteventstream] status=Processing
[2018.01.06-09.36.22:416][708]LogModuleManager: Shutting down and abandoning module SSL (40)
[2018.01.06-09.36.22:419][708]LogModuleManager: Shutting down and abandoning module AnimationModifiers (36)
[2018.01.06-09.36.22:420][708]LogModuleManager: Shutting down and abandoning module PropertyEditor (35)
[2018.01.06-09.36.22:420][708]LogModuleManager: Shutting down and abandoning module AudioEditor (32)
[2018.01.06-09.36.22:420][708]LogModuleManager: Shutting down and abandoning module TextureCompressor (30)
[2018.01.06-09.36.22:420][708]LogModuleManager: Shutting down and abandoning module ShaderCore (28)
[2018.01.06-09.36.22:420][708]LogModuleManager: Shutting down and abandoning module Landscape (26)
[2018.01.06-09.36.22:420][708]LogModuleManager: Shutting down and abandoning module SlateRHIRenderer (24)
[2018.01.06-09.36.22:424][708]LogModuleManager: Shutting down and abandoning module OpenGLDrv (22)
[2018.01.06-09.36.22:425][708]LogModuleManager: Shutting down and abandoning module D3D11RHI (20)
[2018.01.06-09.36.22:425][708]LogModuleManager: Shutting down and abandoning module AnimGraphRuntime (18)
[2018.01.06-09.36.22:425][708]LogModuleManager: Shutting down and abandoning module Renderer (16)
[2018.01.06-09.36.22:425][708]LogModuleManager: Shutting down and abandoning module Engine (14)
[2018.01.06-09.36.22:426][708]LogModuleManager: Shutting down and abandoning module CoreUObject (12)
[2018.01.06-09.36.22:426][708]LogModuleManager: Shutting down and abandoning module NetworkFile (10)
[2018.01.06-09.36.22:426][708]LogModuleManager: Shutting down and abandoning module CookedIterativeFile (8)
[2018.01.06-09.36.22:426][708]LogModuleManager: Shutting down and abandoning module StreamingFile (6)
[2018.01.06-09.36.22:426][708]LogModuleManager: Shutting down and abandoning module SandboxFile (4)
[2018.01.06-09.36.22:426][708]LogModuleManager: Shutting down and abandoning module PakFile (2)
[2018.01.06-09.36.22:432][708]LogExit: Exiting.
[2018.01.06-09.36.22:464][708]Log file closed, 01/06/18 18:36:22
