Log file open, 01/19/18 04:30:28
LogWindows: Failed to load 'aqProf.dll' (GetLastError=126)
LogWindows: File 'aqProf.dll' does not exist
LogWindows: Failed to load 'VSPerf140.dll' (GetLastError=126)
LogWindows: File 'VSPerf140.dll' does not exist
LogWindows: Failed to load 'VtuneApi.dll' (GetLastError=126)
LogWindows: File 'VtuneApi.dll' does not exist
LogWindows: Failed to load 'VtuneApi32e.dll' (GetLastError=126)
LogWindows: File 'VtuneApi32e.dll' does not exist
LogInit: Display: Running engine for game: main
LogPlatformFile: Not using cached read wrapper
LogInit: Display: RandInit(-189369222) SRandInit(-189369222).
LogInit: Read version file with build ID '3709383'
LogInit: Overriding engine version to CL 3794801, compatible CL 3709383
LogInit: Registered custom module enumerator with build ID '3709383'
LogInit: Warning: Passing commandline switches using / instead of - has been deprecated and will be removed in future versions of Unreal Engine.
LogTaskGraph: Started task graph with 5 named threads and 14 total threads with 3 sets of task threads.
LogStats: Stats thread started at 0.242710
LogD3D11RHI: Aftermath initialized
LogInit: Warning: Passing commandline switches using / instead of - has been deprecated and will be removed in future versions of Unreal Engine.
LogPluginManager: Mounting plugin Paper2D
LogPluginManager: Mounting plugin LightPropagationVolume
LogPluginManager: Mounting plugin CodeLiteSourceCodeAccess
LogPluginManager: Mounting plugin GitSourceControl
LogPluginManager: Mounting plugin KDevelopSourceCodeAccess
LogPluginManager: Mounting plugin NullSourceCodeAccess
LogPluginManager: Mounting plugin PerforceSourceControl
LogPluginManager: Mounting plugin SubversionSourceControl
LogPluginManager: Mounting plugin UObjectPlugin
LogPluginManager: Mounting plugin VisualStudioCodeSourceCodeAccess
LogPluginManager: Mounting plugin VisualStudioSourceCodeAccess
LogPluginManager: Mounting plugin XCodeSourceCodeAccess
LogPluginManager: Mounting plugin AssetManagerEditor
LogPluginManager: Mounting plugin AudioCapture
LogPluginManager: Mounting plugin FacialAnimation
LogPluginManager: Mounting plugin GameplayTagsEditor
LogPluginManager: Mounting plugin MobileLauncherProfileWizard
LogPluginManager: Mounting plugin PluginBrowser
LogPluginManager: Mounting plugin SpeedTreeImporter
LogPluginManager: Mounting plugin AlembicImporter
LogPluginManager: Mounting plugin CharacterAI
LogPluginManager: Mounting plugin HTML5Networking
LogPluginManager: Mounting plugin AndroidMedia
LogPluginManager: Mounting plugin AvfMedia
LogPluginManager: Mounting plugin ImgMedia
LogPluginManager: Mounting plugin MediaCompositing
LogPluginManager: Mounting plugin MediaPlayerEditor
LogPluginManager: Mounting plugin WmfMedia
LogPluginManager: Mounting plugin TcpMessaging
LogPluginManager: Mounting plugin UdpMessaging
LogPluginManager: Mounting plugin ActorSequence
LogPluginManager: Mounting plugin LevelSequenceEditor
LogPluginManager: Mounting plugin MatineeToLevelSequence
LogPluginManager: Mounting plugin OnlineSubsystemGooglePlay
LogPluginManager: Mounting plugin OnlineSubsystemIOS
LogPluginManager: Mounting plugin OnlineSubsystem
LogPluginManager: Mounting plugin OnlineSubsystemNull
LogPluginManager: Mounting plugin OnlineSubsystemSteam
LogPluginManager: Mounting plugin OnlineSubsystemUtils
LogPluginManager: Mounting plugin AndroidDeviceProfileSelector
LogPluginManager: Mounting plugin AndroidMoviePlayer
LogPluginManager: Mounting plugin AndroidPermission
LogPluginManager: Mounting plugin AppleARKit
LogPluginManager: Mounting plugin AppleMoviePlayer
LogPluginManager: Mounting plugin ArchVisCharacter
LogPluginManager: Mounting plugin CableComponent
LogPluginManager: Mounting plugin CustomMeshComponent
LogPluginManager: Mounting plugin ExampleDeviceProfileSelector
LogPluginManager: Mounting plugin GoogleCloudMessaging
LogPluginManager: Mounting plugin ImmediatePhysics
LogPluginManager: Mounting plugin IOSDeviceProfileSelector
LogPluginManager: Mounting plugin LinuxDeviceProfileSelector
LogPluginManager: Mounting plugin LocationServicesBPLibrary
LogPluginManager: Mounting plugin MobilePatchingUtils
LogPluginManager: Mounting plugin OculusVR
LogPluginManager: Plugin shader directory ../../../Engine/Plugins/Runtime/Oculus/OculusVR/Shaders found
LogPluginManager: Mapping shader source directory ../../../Engine/Plugins/Runtime/Oculus/OculusVR/Shaders to virtual directory /Plugin/OculusVR
LogPluginManager: Mounting plugin PhysXVehicles
LogPluginManager: Mounting plugin ProceduralMeshComponent
LogPluginManager: Mounting plugin RuntimePhysXCooking
LogPluginManager: Mounting plugin SteamVR
LogPluginManager: Mounting plugin WindowsMoviePlayer
LogModuleManager: Display: Found up-to-date module file D:/team/set/main/Binaries/Win64/UE4Editor-main.dll (API version 3709383).
LogModuleManager: Display: Found up-to-date module file ../../../Engine/Plugins/2D/Paper2D/Binaries/Win64/UE4Editor-Paper2D.dll (API version 3709383).
LogModuleManager: Display: Found up-to-date module file ../../../Engine/Plugins/2D/Paper2D/Binaries/Win64/UE4Editor-Paper2DEditor.dll (API version 3709383).
LogModuleManager: Display: Found up-to-date module file ../../../Engine/Plugins/2D/Paper2D/Binaries/Win64/UE4Editor-PaperSpriteSheetImporter.dll (API version 3709383).
LogModuleManager: Display: Found up-to-date module file ../../../Engine/Plugins/2D/Paper2D/Binaries/Win64/UE4Editor-PaperTiledImporter.dll (API version 3709383).
LogModuleManager: Display: Found up-to-date module file ../../../Engine/Plugins/2D/Paper2D/Binaries/Win64/UE4Editor-SmartSnapping.dll (API version 3709383).
LogModuleManager: Display: Found up-to-date module file ../../../Engine/Plugins/Blendables/LightPropagationVolume/Binaries/Win64/UE4Editor-LightPropagationVolumeRuntime.dll (API version 3709383).
LogModuleManager: Display: Found up-to-date module file ../../../Engine/Plugins/Blendables/LightPropagationVolume/Binaries/Win64/UE4Editor-LightPropagationVolumeEditor.dll (API version 3709383).
LogModuleManager: Display: Found up-to-date module file ../../../Engine/Plugins/Developer/GitSourceControl/Binaries/Win64/UE4Editor-GitSourceControl.dll (API version 3709383).
LogModuleManager: Display: Found up-to-date module file ../../../Engine/Plugins/Developer/PerforceSourceControl/Binaries/Win64/UE4Editor-PerforceSourceControl.dll (API version 3709383).
LogModuleManager: Display: Found up-to-date module file ../../../Engine/Plugins/Developer/SubversionSourceControl/Binaries/Win64/UE4Editor-SubversionSourceControl.dll (API version 3709383).
LogModuleManager: Display: Found up-to-date module file ../../../Engine/Plugins/Developer/UObjectPlugin/Binaries/Win64/UE4Editor-UObjectPlugin.dll (API version 3709383).
LogModuleManager: Display: Found up-to-date module file ../../../Engine/Plugins/Developer/VisualStudioCodeSourceCodeAccess/Binaries/Win64/UE4Editor-VisualStudioCodeSourceCodeAccess.dll (API version 3709383).
LogModuleManager: Display: Found up-to-date module file ../../../Engine/Plugins/Developer/VisualStudioSourceCodeAccess/Binaries/Win64/UE4Editor-VisualStudioSourceCodeAccess.dll (API version 3709383).
LogModuleManager: Display: Found up-to-date module file ../../../Engine/Plugins/Editor/AssetManagerEditor/Binaries/Win64/UE4Editor-AssetManagerEditor.dll (API version 3709383).
LogModuleManager: Display: Found up-to-date module file ../../../Engine/Plugins/Editor/AudioCapture/Binaries/Win64/UE4Editor-AudioCapture.dll (API version 3709383).
LogModuleManager: Display: Found up-to-date module file ../../../Engine/Plugins/Editor/FacialAnimation/Binaries/Win64/UE4Editor-FacialAnimation.dll (API version 3709383).
LogModuleManager: Display: Found up-to-date module file ../../../Engine/Plugins/Editor/FacialAnimation/Binaries/Win64/UE4Editor-FacialAnimationEditor.dll (API version 3709383).
LogModuleManager: Display: Found up-to-date module file ../../../Engine/Plugins/Editor/GameplayTagsEditor/Binaries/Win64/UE4Editor-GameplayTagsEditor.dll (API version 3709383).
LogModuleManager: Display: Found up-to-date module file ../../../Engine/Plugins/Editor/MobileLauncherProfileWizard/Binaries/Win64/UE4Editor-MobileLauncherProfileWizard.dll (API version 3709383).
LogModuleManager: Display: Found up-to-date module file ../../../Engine/Plugins/Editor/PluginBrowser/Binaries/Win64/UE4Editor-PluginBrowser.dll (API version 3709383).
LogModuleManager: Display: Found up-to-date module file ../../../Engine/Plugins/Editor/SpeedTreeImporter/Binaries/Win64/UE4Editor-SpeedTreeImporter.dll (API version 3709383).
LogModuleManager: Display: Found up-to-date module file ../../../Engine/Plugins/Experimental/AlembicImporter/Binaries/Win64/UE4Editor-AlembicImporter.dll (API version 3709383).
LogModuleManager: Display: Found up-to-date module file ../../../Engine/Plugins/Experimental/AlembicImporter/Binaries/Win64/UE4Editor-AlembicLibrary.dll (API version 3709383).
LogModuleManager: Display: Found up-to-date module file ../../../Engine/Plugins/Experimental/CharacterAI/Binaries/Win64/UE4Editor-CharacterAI.dll (API version 3709383).
LogModuleManager: Display: Found up-to-date module file ../../../Engine/Plugins/Experimental/HTML5Networking/Binaries/Win64/UE4Editor-HTML5Networking.dll (API version 3709383).
LogModuleManager: Display: Found up-to-date module file ../../../Engine/Plugins/Media/AndroidMedia/Binaries/Win64/UE4Editor-AndroidMediaEditor.dll (API version 3709383).
LogModuleManager: Display: Found up-to-date module file ../../../Engine/Plugins/Media/AndroidMedia/Binaries/Win64/UE4Editor-AndroidMediaFactory.dll (API version 3709383).
LogModuleManager: Display: Found up-to-date module file ../../../Engine/Plugins/Media/AvfMedia/Binaries/Win64/UE4Editor-AvfMediaEditor.dll (API version 3709383).
LogModuleManager: Display: Found up-to-date module file ../../../Engine/Plugins/Media/AvfMedia/Binaries/Win64/UE4Editor-AvfMediaFactory.dll (API version 3709383).
LogModuleManager: Display: Found up-to-date module file ../../../Engine/Plugins/Media/AvfMedia/Binaries/Win64/UE4Editor-AvfMediaFactory.dll (API version 3709383).
LogModuleManager: Display: Found up-to-date module file ../../../Engine/Plugins/Media/ImgMedia/Binaries/Win64/UE4Editor-ImgMedia.dll (API version 3709383).
LogModuleManager: Display: Found up-to-date module file ../../../Engine/Plugins/Media/ImgMedia/Binaries/Win64/UE4Editor-ImgMediaEditor.dll (API version 3709383).
LogModuleManager: Display: Found up-to-date module file ../../../Engine/Plugins/Media/ImgMedia/Binaries/Win64/UE4Editor-ImgMediaFactory.dll (API version 3709383).
LogModuleManager: Display: Found up-to-date module file ../../../Engine/Plugins/Media/ImgMedia/Binaries/Win64/UE4Editor-ImgMediaFactory.dll (API version 3709383).
LogModuleManager: Display: Found up-to-date module file ../../../Engine/Plugins/Media/ImgMedia/Binaries/Win64/UE4Editor-OpenExrWrapper.dll (API version 3709383).
LogModuleManager: Display: Found up-to-date module file ../../../Engine/Plugins/Media/MediaCompositing/Binaries/Win64/UE4Editor-MediaCompositing.dll (API version 3709383).
LogModuleManager: Display: Found up-to-date module file ../../../Engine/Plugins/Media/MediaCompositing/Binaries/Win64/UE4Editor-MediaCompositingEditor.dll (API version 3709383).
LogModuleManager: Display: Found up-to-date module file ../../../Engine/Plugins/Media/MediaPlayerEditor/Binaries/Win64/UE4Editor-MediaPlayerEditor.dll (API version 3709383).
LogModuleManager: Display: Found up-to-date module file ../../../Engine/Plugins/Media/WmfMedia/Binaries/Win64/UE4Editor-WmfMedia.dll (API version 3709383).
LogModuleManager: Display: Found up-to-date module file ../../../Engine/Plugins/Media/WmfMedia/Binaries/Win64/UE4Editor-WmfMediaEditor.dll (API version 3709383).
LogModuleManager: Display: Found up-to-date module file ../../../Engine/Plugins/Media/WmfMedia/Binaries/Win64/UE4Editor-WmfMediaFactory.dll (API version 3709383).
LogModuleManager: Display: Found up-to-date module file ../../../Engine/Plugins/Media/WmfMedia/Binaries/Win64/UE4Editor-WmfMediaFactory.dll (API version 3709383).
LogModuleManager: Display: Found up-to-date module file ../../../Engine/Plugins/Messaging/TcpMessaging/Binaries/Win64/UE4Editor-TcpMessaging.dll (API version 3709383).
LogModuleManager: Display: Found up-to-date module file ../../../Engine/Plugins/Messaging/UdpMessaging/Binaries/Win64/UE4Editor-UdpMessaging.dll (API version 3709383).
LogModuleManager: Display: Found up-to-date module file ../../../Engine/Plugins/MovieScene/ActorSequence/Binaries/Win64/UE4Editor-ActorSequence.dll (API version 3709383).
LogModuleManager: Display: Found up-to-date module file ../../../Engine/Plugins/MovieScene/LevelSequenceEditor/Binaries/Win64/UE4Editor-LevelSequenceEditor.dll (API version 3709383).
LogModuleManager: Display: Found up-to-date module file ../../../Engine/Plugins/MovieScene/MatineeToLevelSequence/Binaries/Win64/UE4Editor-MatineeToLevelSequence.dll (API version 3709383).
LogModuleManager: Display: Found up-to-date module file ../../../Engine/Plugins/Online/OnlineSubsystem/Binaries/Win64/UE4Editor-OnlineSubsystem.dll (API version 3709383).
LogModuleManager: Display: Found up-to-date module file ../../../Engine/Plugins/Online/OnlineSubsystemNull/Binaries/Win64/UE4Editor-OnlineSubsystemNull.dll (API version 3709383).
LogModuleManager: Display: Found up-to-date module file ../../../Engine/Plugins/Online/OnlineSubsystemSteam/Binaries/Win64/UE4Editor-OnlineSubsystemSteam.dll (API version 3709383).
LogModuleManager: Display: Found up-to-date module file ../../../Engine/Plugins/Online/OnlineSubsystemUtils/Binaries/Win64/UE4Editor-OnlineSubsystemUtils.dll (API version 3709383).
LogModuleManager: Display: Found up-to-date module file ../../../Engine/Plugins/Online/OnlineSubsystemUtils/Binaries/Win64/UE4Editor-OnlineBlueprintSupport.dll (API version 3709383).
LogModuleManager: Display: Found up-to-date module file ../../../Engine/Plugins/Runtime/AndroidDeviceProfileSelector/Binaries/Win64/UE4Editor-AndroidDeviceProfileSelector.dll (API version 3709383).
LogModuleManager: Display: Found up-to-date module file ../../../Engine/Plugins/Runtime/AndroidPermission/Binaries/Win64/UE4Editor-AndroidPermission.dll (API version 3709383).
LogModuleManager: Display: Found up-to-date module file ../../../Engine/Plugins/Runtime/AppleARKit/Binaries/Win64/UE4Editor-AppleARKit.dll (API version 3709383).
LogModuleManager: Display: Found up-to-date module file ../../../Engine/Plugins/Runtime/ArchVisCharacter/Binaries/Win64/UE4Editor-ArchVisCharacter.dll (API version 3709383).
LogModuleManager: Display: Found up-to-date module file ../../../Engine/Plugins/Runtime/CableComponent/Binaries/Win64/UE4Editor-CableComponent.dll (API version 3709383).
LogModuleManager: Display: Found up-to-date module file ../../../Engine/Plugins/Runtime/CustomMeshComponent/Binaries/Win64/UE4Editor-CustomMeshComponent.dll (API version 3709383).
LogModuleManager: Display: Found up-to-date module file ../../../Engine/Plugins/Runtime/ExampleDeviceProfileSelector/Binaries/Win64/UE4Editor-ExampleDeviceProfileSelector.dll (API version 3709383).
LogModuleManager: Display: Found up-to-date module file ../../../Engine/Plugins/Runtime/ImmediatePhysics/Binaries/Win64/UE4Editor-ImmediatePhysics.dll (API version 3709383).
LogModuleManager: Display: Found up-to-date module file ../../../Engine/Plugins/Runtime/ImmediatePhysics/Binaries/Win64/UE4Editor-ImmediatePhysicsEditor.dll (API version 3709383).
LogModuleManager: Display: Found up-to-date module file ../../../Engine/Plugins/Runtime/LocationServicesBPLibrary/Binaries/Win64/UE4Editor-LocationServicesBPLibrary.dll (API version 3709383).
LogModuleManager: Display: Found up-to-date module file ../../../Engine/Plugins/Runtime/MobilePatchingUtils/Binaries/Win64/UE4Editor-MobilePatchingUtils.dll (API version 3709383).
LogModuleManager: Display: Found up-to-date module file ../../../Engine/Plugins/Runtime/Oculus/OculusVR/Binaries/Win64/UE4Editor-OculusHMD.dll (API version 3709383).
LogModuleManager: Display: Found up-to-date module file ../../../Engine/Plugins/Runtime/Oculus/OculusVR/Binaries/Win64/UE4Editor-OculusInput.dll (API version 3709383).
LogModuleManager: Display: Found up-to-date module file ../../../Engine/Plugins/Runtime/Oculus/OculusVR/Binaries/Win64/UE4Editor-OculusEditor.dll (API version 3709383).
LogModuleManager: Display: Found up-to-date module file ../../../Engine/Plugins/Runtime/PhysXVehicles/Binaries/Win64/UE4Editor-PhysXVehicles.dll (API version 3709383).
LogModuleManager: Display: Found up-to-date module file ../../../Engine/Plugins/Runtime/PhysXVehicles/Binaries/Win64/UE4Editor-PhysXVehiclesEditor.dll (API version 3709383).
LogModuleManager: Display: Found up-to-date module file ../../../Engine/Plugins/Runtime/ProceduralMeshComponent/Binaries/Win64/UE4Editor-ProceduralMeshComponent.dll (API version 3709383).
LogModuleManager: Display: Found up-to-date module file ../../../Engine/Plugins/Runtime/ProceduralMeshComponent/Binaries/Win64/UE4Editor-ProceduralMeshComponentEditor.dll (API version 3709383).
LogModuleManager: Display: Found up-to-date module file ../../../Engine/Plugins/Runtime/RuntimePhysXCooking/Binaries/Win64/UE4Editor-RuntimePhysXCooking.dll (API version 3709383).
LogModuleManager: Display: Found up-to-date module file ../../../Engine/Plugins/Runtime/Steam/SteamVR/Binaries/Win64/UE4Editor-SteamVR.dll (API version 3709383).
LogModuleManager: Display: Found up-to-date module file ../../../Engine/Plugins/Runtime/Steam/SteamVR/Binaries/Win64/UE4Editor-SteamVRController.dll (API version 3709383).
LogModuleManager: Display: Found up-to-date module file ../../../Engine/Plugins/Runtime/WindowsMoviePlayer/Binaries/Win64/UE4Editor-WindowsMoviePlayer.dll (API version 3709383).
LogInit: Using libcurl 7.47.1
LogInit:  - built for x86_64-pc-win32
LogInit:  - supports SSL with OpenSSL/1.0.2g
LogInit:  - supports HTTP deflate (compression) using libz 1.2.8
LogInit:  - other features:
LogInit:      CURL_VERSION_SSL
LogInit:      CURL_VERSION_LIBZ
LogInit:      CURL_VERSION_IPV6
LogInit:      CURL_VERSION_ASYNCHDNS
LogInit:      CURL_VERSION_LARGEFILE
LogInit:      CURL_VERSION_IDN
LogInit:  CurlRequestOptions (configurable via config and command line):
LogInit:  - bVerifyPeer = false  - Libcurl will NOT verify peer certificate
LogInit:  - bUseHttpProxy = false  - Libcurl will NOT use HTTP proxy
LogInit:  - bDontReuseConnections = false  - Libcurl will reuse connections
LogInit:  - CertBundlePath = nullptr  - Libcurl will use whatever was configured at build time.
LogOnline: Display: STEAM: Loading Steam SDK 1.39
LogInit: WinSock: version 1.1 (2.2), MaxSocks=32767, MaxUdp=65467
LogInit: Build: ++UE4+Release-4.18-CL-3794801
LogInit: Engine Version: 4.18.2-3794801+++UE4+Release-4.18
LogInit: Compatible Engine Version: 4.18.0-3709383+++UE4+Release-4.18
LogInit: Net CL: 3709383
LogDevObjectVersion: Number of dev versions registered: 16
LogDevObjectVersion:   Dev-Blueprints (B0D832E4-1F89-4F0D-ACCF-7EB736FD4AA2): 10
LogDevObjectVersion:   Dev-Build (E1C64328-A22C-4D53-A36C-8E866417BD8C): 0
LogDevObjectVersion:   Dev-Core (375EC13C-06E4-48FB-B500-84F0262A717E): 2
LogDevObjectVersion:   Dev-Editor (E4B068ED-F494-42E9-A231-DA0B2E46BB41): 20
LogDevObjectVersion:   Dev-Framework (CFFC743F-43B0-4480-9391-14DF171D2073): 30
LogDevObjectVersion:   Dev-Mobile (B02B49B5-BB20-44E9-A304-32B752E40360): 0
LogDevObjectVersion:   Dev-Networking (A4E4105C-59A1-49B5-A7C5-40C4547EDFEE): 0
LogDevObjectVersion:   Dev-Online (39C831C9-5AE6-47DC-9A44-9C173E1C8E7C): 0
LogDevObjectVersion:   Dev-Physics (78F01B33-EBEA-4F98-B9B4-84EACCB95AA2): 0
LogDevObjectVersion:   Dev-Platform (6631380F-2D4D-43E0-8009-CF276956A95A): 0
LogDevObjectVersion:   Dev-Rendering (12F88B9F-8875-4AFC-A67C-D90C383ABD29): 20
LogDevObjectVersion:   Dev-Sequencer (7B5AE74C-D270-4C10-A958-57980B212A5A): 4
LogDevObjectVersion:   Dev-VR (D7296918-1DD6-4BDD-9DE2-64A83CC13884): 0
LogDevObjectVersion:   Dev-LoadTimes (C2A15278-BFE7-4AFE-6C17-90FF531DF755): 1
LogDevObjectVersion:   Private-Geometry (6EACA3D4-40EC-4CC1-B786-8BED09428FC5): 1
LogDevObjectVersion:   Dev-AnimPhys (29E575DD-E0A3-4627-9D10-D276232CDCEA): 12
LogInit: Compiled (64-bit): Dec  8 2017 02:04:53
LogInit: Compiled with Visual C++: 19.00.24215.01
LogInit: Build Configuration: Development
LogInit: Branch Name: ++UE4+Release-4.18
LogInit: Command line:  /Game/pratice/wonseok/MultiPlay/Maps/MainMenu -game -PIEVIACONSOLE -ResX=1280 -ResY=720  -Multiprocess -messaging -SessionName="Play in Standalone Game" -windowed 
LogInit: Base directory: C:/Program Files/Epic Games/UE_4.18/Engine/Binaries/Win64/
LogInit: Installed Engine Build: 1
LogInit: Presizing for max 8388607 objects, including 0 objects not considered by GC, pre-allocating 0 bytes for permanent pool.
LogInit: Object subsystem initialized
[2018.01.18-19.30.32:710][  0]LogInit: Selected Device Profile: [Windows]
[2018.01.18-19.30.32:710][  0]LogInit: Applying CVar settings loaded from the selected device profile: [Windows]
[2018.01.18-19.30.32:717][  0]LogInit: Computer: DESKTOP-LOUV37F
[2018.01.18-19.30.32:717][  0]LogInit: User: choiw
[2018.01.18-19.30.32:717][  0]LogInit: CPU Page size=4096, Cores=4
[2018.01.18-19.30.32:717][  0]LogInit: High frequency timer resolution =2.742188 MHz
[2018.01.18-19.30.32:718][  0]LogMemory: Memory total: Physical=7.9GB (8GB approx)
[2018.01.18-19.30.32:718][  0]LogMemory: Platform Memory Stats for Windows
[2018.01.18-19.30.32:718][  0]LogMemory: Process Physical Memory: 304.71 MB used, 304.71 MB peak
[2018.01.18-19.30.32:718][  0]LogMemory: Process Virtual Memory: 286.78 MB used, 286.78 MB peak
[2018.01.18-19.30.32:718][  0]LogMemory: Physical Memory: 5381.05 MB used,  2703.02 MB free, 8084.07 MB total
[2018.01.18-19.30.32:718][  0]LogMemory: Virtual Memory: 767.20 MB used,  2703.02 MB free, 134217728.00 MB total
[2018.01.18-19.30.33:228][  0]LogInit: Using OS detected language (ko-KR).
[2018.01.18-19.30.33:228][  0]LogInit: Using OS detected locale (ko-KR).
[2018.01.18-19.30.33:235][  0]LogTextLocalizationManager: No specific localization for 'ko-KR' exists, so the 'ko' localization will be used.
[2018.01.18-19.30.33:635][  0]LogD3D11RHI: D3D11 adapters:
[2018.01.18-19.30.33:711][  0]LogD3D11RHI:    0. 'NVIDIA GeForce GTX 1060 with Max-Q Design' (Feature Level 11_0)
[2018.01.18-19.30.33:711][  0]LogD3D11RHI:       6061/0/4042 MB DedicatedVideo/DedicatedSystem/SharedSystem, Outputs:1, VendorId:0x10de
[2018.01.18-19.30.33:734][  0]LogD3D11RHI:    1. 'Intel(R) HD Graphics 630' (Feature Level 11_0)
[2018.01.18-19.30.33:734][  0]LogD3D11RHI:       128/0/4042 MB DedicatedVideo/DedicatedSystem/SharedSystem, Outputs:0, VendorId:0x8086
[2018.01.18-19.30.33:737][  0]LogD3D11RHI:    2. 'Microsoft Basic Render Driver' (Feature Level 11_0)
[2018.01.18-19.30.33:737][  0]LogD3D11RHI:       0/0/4042 MB DedicatedVideo/DedicatedSystem/SharedSystem, Outputs:0, VendorId:0x1414
[2018.01.18-19.30.33:737][  0]LogD3D11RHI: Chosen D3D11 Adapter: 0
[2018.01.18-19.30.33:747][  0]LogD3D11RHI: Creating new Direct3DDevice
[2018.01.18-19.30.33:748][  0]LogD3D11RHI:     GPU DeviceId: 0x1c20 (for the marketing name, search the web for "GPU Device Id")
[2018.01.18-19.30.33:748][  0]LogWindows: EnumDisplayDevices:
[2018.01.18-19.30.33:748][  0]LogWindows:    0. 'Intel(R) HD Graphics 630' (P:1 D:1)
[2018.01.18-19.30.33:749][  0]LogWindows:    1. 'Intel(R) HD Graphics 630' (P:0 D:0)
[2018.01.18-19.30.33:750][  0]LogWindows:    2. 'Intel(R) HD Graphics 630' (P:0 D:0)
[2018.01.18-19.30.33:751][  0]LogWindows:    3. 'NVIDIA GeForce GTX 1060 with Max-Q Design' (P:0 D:0)
[2018.01.18-19.30.33:753][  0]LogWindows:    4. 'NVIDIA GeForce GTX 1060 with Max-Q Design' (P:0 D:0)
[2018.01.18-19.30.33:754][  0]LogWindows:    5. 'NVIDIA GeForce GTX 1060 with Max-Q Design' (P:0 D:0)
[2018.01.18-19.30.33:755][  0]LogWindows:    6. 'NVIDIA GeForce GTX 1060 with Max-Q Design' (P:0 D:0)
[2018.01.18-19.30.33:756][  0]LogWindows: DebugString: PrimaryIsNotTheChoosenAdapter PrimaryIsNotTheChoosenAdapter PrimaryIsNotTheChoosenAdapter FoundDriverCount:4 
[2018.01.18-19.30.33:756][  0]LogD3D11RHI:     Adapter Name: NVIDIA GeForce GTX 1060 with Max-Q Design
[2018.01.18-19.30.33:756][  0]LogD3D11RHI:   Driver Version: 388.31 (internal:23.21.13.8831, unified:388.31)
[2018.01.18-19.30.33:756][  0]LogD3D11RHI:      Driver Date: 11-14-2017
[2018.01.18-19.30.33:756][  0]LogRHI: Texture pool is 4242 MB (70% of 6061 MB)
[2018.01.18-19.30.33:798][  0]LogD3D11RHI: Async texture creation enabled
[2018.01.18-19.30.33:855][  0]LogD3D11RHI: GPU Timing Frequency: 1000.000000 (Debug: 2 1)
[2018.01.18-19.30.33:858][  0]LogShaderCompilers: Guid format shader working directory is 30 characters bigger than the processId version (D:/team/set/main/Intermediate/Shaders/WorkingDirectory/2124/).
[2018.01.18-19.30.33:859][  0]LogShaderCompilers: Cleaned the shader compiler working directory 'C:/Users/choiw/AppData/Local/Temp/UnrealShaderWorkingDir/63DDE43C4DB9B62F0B2A11857D7A1059/'.
[2018.01.18-19.30.33:859][  0]LogShaderCompilers: Display: Using Local Shader Compiler.
[2018.01.18-19.30.35:086][  0]LogTemp: Display: Loaded TP WindowsClientTargetPlatform
[2018.01.18-19.30.35:185][  0]LogTemp: Display: Loaded TP WindowsNoEditorTargetPlatform
[2018.01.18-19.30.35:275][  0]LogTemp: Display: Loaded TP WindowsServerTargetPlatform
[2018.01.18-19.30.35:360][  0]LogTemp: Display: Loaded TP WindowsTargetPlatform
[2018.01.18-19.30.35:360][  0]LogTargetPlatformManager: Display: Building Assets For Windows
[2018.01.18-19.30.36:354][  0]LogDerivedDataCache: Display: Max Cache Size: 512 MB
[2018.01.18-19.30.36:459][  0]LogDerivedDataCache: Loaded boot cache 0.10s 79MB C:/Users/choiw/AppData/Local/UnrealEngine/4.18/DerivedDataCache/Boot.ddc.
[2018.01.18-19.30.36:459][  0]LogDerivedDataCache: Display: Loaded Boot cache: C:/Users/choiw/AppData/Local/UnrealEngine/4.18/DerivedDataCache/Boot.ddc
[2018.01.18-19.30.36:459][  0]LogDerivedDataCache: FDerivedDataBackendGraph:  Pak pak cache file D:/team/set/main/DerivedDataCache/DDC.ddp not found, will not use a pak cache.
[2018.01.18-19.30.36:459][  0]LogDerivedDataCache: Unable to find inner node Pak for hierarchical cache Hierarchy.
[2018.01.18-19.30.36:459][  0]LogDerivedDataCache: FDerivedDataBackendGraph:  CompressedPak pak cache file D:/team/set/main/DerivedDataCache/Compressed.ddp not found, will not use a pak cache.
[2018.01.18-19.30.36:459][  0]LogDerivedDataCache: Unable to find inner node CompressedPak for hierarchical cache Hierarchy.
[2018.01.18-19.30.36:476][  0]LogDerivedDataCache: Display: Pak cache opened for reading ../../../Engine/DerivedDataCache/Compressed.ddp.
[2018.01.18-19.30.36:488][  0]LogDerivedDataCache: Using Local data cache path C:/Users/choiw/AppData/Local/UnrealEngine/Common/DerivedDataCache: Writable
[2018.01.18-19.30.36:499][  0]LogMaterial: Verifying Global Shaders for PCD3D_SM5
[2018.01.18-19.30.36:500][  0]LogSlate: Using Freetype 2.6.0
[2018.01.18-19.30.36:501][  0]LogSlate: SlateFontCache - WITH_FREETYPE: 1, WITH_HARFBUZZ: 1
[2018.01.18-19.30.36:501][  0]LogSlate: SlateFontCache - WITH_FREETYPE: 1, WITH_HARFBUZZ: 1
[2018.01.18-19.30.37:000][  0]LogAssetRegistry: FAssetRegistry took 0.0039 seconds to start up
[2018.01.18-19.30.37:019][  0]LogPackageLocalizationCache: Processed 7 localized package path(s) for 2 prioritized culture(s) in 0.019603 seconds
[2018.01.18-19.30.37:119][  0]LogInit: Selected Device Profile: [Windows]
[2018.01.18-19.30.37:714][  0]LogSimplygon: Simplygon DLL not present - disabling.
[2018.01.18-19.30.37:812][  0]LogMeshReduction: Using SimplygonSwarm for distributed automatic mesh merging
[2018.01.18-19.30.37:812][  0]LogMeshReduction: Using QuadricMeshReduction for automatic static mesh reduction
[2018.01.18-19.30.37:812][  0]LogMeshReduction: No automatic skeletal mesh reduction module available
[2018.01.18-19.30.37:812][  0]LogMeshReduction: No automatic mesh merging module available
[2018.01.18-19.30.37:812][  0]LogMeshMerging: No automatic mesh merging module available
[2018.01.18-19.30.37:850][  0]LogNetVersion: main , NetCL: 3709383, EngineNetVer: 2, GameNetVer: 0 (Checksum: 1998149536)
[2018.01.18-19.30.38:122][  0]LogInit: Warning: Passing commandline switches using / instead of - has been deprecated and will be removed in future versions of Unreal Engine.
[2018.01.18-19.30.38:122][  0]LogInit: Warning: Passing commandline switches using / instead of - has been deprecated and will be removed in future versions of Unreal Engine.
[2018.01.18-19.30.38:122][  0]LogInit: Warning: Passing commandline switches using / instead of - has been deprecated and will be removed in future versions of Unreal Engine.
[2018.01.18-19.30.41:315][  0]LogMoviePlayer: Initializing movie player
[2018.01.18-19.30.41:472][  0]LogWindowsTextInputMethodSystem: Display: IME system now activated using TSF (Microsoft 입력기).
[2018.01.18-19.30.42:405][  0]LogCollectionManager: Loaded 0 collections in 0.001552 seconds
[2018.01.18-19.30.42:512][  0]LogFileCache: Scanning file cache for directory 'D:/team/set/main/Saved/Collections/' took 0.01s
[2018.01.18-19.30.42:512][  0]LogFileCache: Scanning file cache for directory 'D:/team/set/main/Content/Developers/choiw/Collections/' took 0.01s
[2018.01.18-19.30.42:512][  0]LogFileCache: Scanning file cache for directory 'D:/team/set/main/Content/Collections/' took 0.01s
[2018.01.18-19.30.42:512][  0]LogCollectionManager: Rebuilt the object cache for 0 collections in 0.000001 seconds (found 0 objects)
[2018.01.18-19.30.42:512][  0]LogCollectionManager: Fixed up redirectors for 0 collections in 0.000220 seconds (updated 0 objects)
[2018.01.18-19.30.42:976][  0]LogTcpMessaging: Initializing TcpMessaging bridge
[2018.01.18-19.30.43:044][  0]LogUdpMessaging: Initializing bridge on interface 0.0.0.0:0 to multicast group 230.0.0.1:6666.
[2018.01.18-19.30.44:265][  0]LogInit: Warning: Passing commandline switches using / instead of - has been deprecated and will be removed in future versions of Unreal Engine.
[2018.01.18-19.30.44:266][  0]SourceControl: 소스 콘트롤이 꺼졌습니다.
[2018.01.18-19.30.44:266][  0]SourceControl: 소스 콘트롤이 꺼졌습니다.
[2018.01.18-19.30.44:414][  0]SourceControl: 소스 콘트롤이 꺼졌습니다.
[2018.01.18-19.30.45:228][  0]LogAndroidPermission: UAndroidPermissionCallbackProxy::GetInstance
[2018.01.18-19.30.45:767][  0]LogOcInput: OculusInput pre-init called
[2018.01.18-19.30.46:071][  0]LogUObjectArray: 41540 objects as part of root set at end of initial load.
[2018.01.18-19.30.46:071][  0]LogUObjectAllocator: 9510696 out of 0 bytes used by permanent object pool.
[2018.01.18-19.30.46:071][  0]LogUObjectArray: CloseDisregardForGC: 0/0 objects in disregard for GC pool
[2018.01.18-19.30.46:271][  0]LogEngine: Initializing Engine...
[2018.01.18-19.30.46:276][  0]LogHMD: Failed to initialize OpenVR with code 110
[2018.01.18-19.30.46:496][  0]LogStats: UGameplayTagsManager::ConstructGameplayTagTree: Construct from data asset -  0.000 s
[2018.01.18-19.30.46:497][  0]LogStats: UGameplayTagsManager::ConstructGameplayTagTree: GameplayTagTreeChangedEvent.Broadcast -  0.000 s
[2018.01.18-19.30.46:511][  0]LogInit: XAudio2 using '스피커(Realtek High Definition Audio)' : 2 channels at 48 kHz using 32 bits per sample (channel mask 0x3)
[2018.01.18-19.30.46:552][  0]LogInit: FAudioDevice initialized.
[2018.01.18-19.30.46:578][  0]LogInit: Texture streaming: Enabled
[2018.01.18-19.30.46:595][  0]LogMaterial: Uniform references updated for custom material expression Custom.
[2018.01.18-19.30.47:317][  0]LogInit: Warning: Passing commandline switches using / instead of - has been deprecated and will be removed in future versions of Unreal Engine.
[2018.01.18-19.30.47:402][  0]LogInit: Display: Game Engine Initialized.
[2018.01.18-19.30.47:402][  0]LogGameplayTags: Display: UGameplayTagsManager::DoneAddingNativeTags. DelegateIsBound: 0
[2018.01.18-19.30.47:781][  0]LogInit: Display: Starting Game.
[2018.01.18-19.30.47:781][  0]LogNet: Browse: /Game/pratice/wonseok/MultiPlay/Maps/MainMenu?Name=Player
[2018.01.18-19.30.47:781][  0]LogLoad: LoadMap: /Game/pratice/wonseok/MultiPlay/Maps/MainMenu?Name=Player
[2018.01.18-19.30.48:167][  0]LogAIModule: Creating AISystem for world MainMenu
[2018.01.18-19.30.48:167][  0]LogLoad: Game class is 'mainGameMode'
[2018.01.18-19.30.48:168][  0]LogWorld: Bringing World /Game/pratice/wonseok/MultiPlay/Maps/MainMenu.MainMenu up for play (max tick rate 0) at 2018.01.19-04.30.48
[2018.01.18-19.30.48:168][  0]LogWorld: Bringing up level for play took: 0.000439
[2018.01.18-19.30.48:169][  0]LogGameMode: FindPlayerStart: PATHS NOT DEFINED or NO PLAYERSTART with positive rating
[2018.01.18-19.30.48:176][  0]LogLoad: Took 0.394626 seconds to LoadMap(/Game/pratice/wonseok/MultiPlay/Maps/MainMenu)
[2018.01.18-19.30.48:180][  0]LogSlate: Took 0.003322 seconds to synchronously load lazily loaded font '../../../Engine/Content/Slate/Fonts/NanumGothic.ttf' (4243K)
[2018.01.18-19.30.48:561][  0]LogRenderer: Reallocating scene render targets to support 1280x720 Format 10 NumSamples 1 (Frame:1).
[2018.01.18-19.30.48:561][  0]LogLoad: (Engine Initialization) Total time: 21.26 seconds
[2018.01.18-19.30.48:561][  0]LogLoad: (Engine Initialization) Total Blueprint compile time: 0.00 seconds
[2018.01.18-19.30.48:561][  0]LogExternalProfiler: No external profilers were discovered.  External profiling features will not be available.
[2018.01.18-19.30.48:584][  0]LogContentStreaming: Texture pool size now 1000 MB
[2018.01.18-19.30.50:931][145]LogSlate: Took 0.000272 seconds to synchronously load lazily loaded font '../../../Engine/Content/Slate/Fonts/Roboto-Regular.ttf' (155K)
[2018.01.18-19.30.54:991][397]LogNetVersion: main 1.0.0.0, NetCL: 3709383, EngineNetVer: 2, GameNetVer: 0 (Checksum: 285256623)
[2018.01.18-19.30.55:227][411]LogOnline: Verbose: dumping NamedSession: 
[2018.01.18-19.30.55:227][411]LogOnline: Verbose: 	SessionName: GameSession
[2018.01.18-19.30.55:227][411]LogOnline: Verbose: 	HostingPlayerNum: 0
[2018.01.18-19.30.55:227][411]LogOnline: Verbose: 	SessionState: Pending
[2018.01.18-19.30.55:227][411]LogOnline: Verbose: 	RegisteredPlayers: 
[2018.01.18-19.30.55:227][411]LogOnline: Verbose: 	    0 registered players
[2018.01.18-19.30.55:236][411]LogOnline: Verbose: dumping Session: 
[2018.01.18-19.30.55:236][411]LogOnline: Verbose: 	OwningPlayerName: a6359539
[2018.01.18-19.30.55:236][411]LogOnline: Verbose: 	OwningPlayerId: a6359539 [0x1100001195703A7]
[2018.01.18-19.30.55:236][411]LogOnline: Verbose: 	NumOpenPrivateConnections: 0
[2018.01.18-19.30.55:236][411]LogOnline: Verbose: 	NumOpenPublicConnections: 2
[2018.01.18-19.30.55:236][411]LogOnline: Verbose: 	SessionInfo: HostIP: INVALID SteamP2P: 76561198385398695:7777 Type: Lobby session SessionId: Lobby [0x1860000DA8AEA61]
[2018.01.18-19.30.55:236][411]LogOnline: Verbose: dumping SessionSettings: 
[2018.01.18-19.30.55:236][411]LogOnline: Verbose: 	NumPublicConnections: 3
[2018.01.18-19.30.55:236][411]LogOnline: Verbose: 	NumPrivateConnections: 0
[2018.01.18-19.30.55:236][411]LogOnline: Verbose: 	bIsLanMatch: false
[2018.01.18-19.30.55:237][411]LogOnline: Verbose: 	bIsDedicated: false
[2018.01.18-19.30.55:237][411]LogOnline: Verbose: 	bUsesStats: false
[2018.01.18-19.30.55:237][411]LogOnline: Verbose: 	bShouldAdvertise: true
[2018.01.18-19.30.55:237][411]LogOnline: Verbose: 	bAllowJoinInProgress: true
[2018.01.18-19.30.55:237][411]LogOnline: Verbose: 	bAllowInvites: false
[2018.01.18-19.30.55:237][411]LogOnline: Verbose: 	bUsesPresence: true
[2018.01.18-19.30.55:237][411]LogOnline: Verbose: 	bAllowJoinViaPresence: true
[2018.01.18-19.30.55:237][411]LogOnline: Verbose: 	bAllowJoinViaPresenceFriendsOnly: false
[2018.01.18-19.30.55:237][411]LogOnline: Verbose: 	BuildUniqueId: 0x427b34bd
[2018.01.18-19.30.55:237][411]LogOnline: Verbose: 	Settings:
[2018.01.18-19.30.55:369][411]LogPackageName: Warning: Found ambiguous long package name for 'testmap.umap'. Returning '/Game/pratice/wonseok/map/testmap', but could also be '/Game/pratice/wonseok/Material/testmap'.
[2018.01.18-19.30.55:369][411]LogPackageName: Warning: Found ambiguous long package name for 'testmap.umap'. Returning '/Game/pratice/wonseok/map/testmap', but could also be '/Game/pratice/wonseok/MultiPlay/Maps/testmap'.
[2018.01.18-19.30.55:369][411]LogPackageName: SearchForPackageOnDisk took   0.132s to resolve testmap.umap.
[2018.01.18-19.30.55:500][411]LogPackageName: Warning: Found ambiguous long package name for 'testmap.umap'. Returning '/Game/pratice/wonseok/map/testmap', but could also be '/Game/pratice/wonseok/Material/testmap'.
[2018.01.18-19.30.55:500][411]LogPackageName: Warning: Found ambiguous long package name for 'testmap.umap'. Returning '/Game/pratice/wonseok/map/testmap', but could also be '/Game/pratice/wonseok/MultiPlay/Maps/testmap'.
[2018.01.18-19.30.55:500][411]LogPackageName: SearchForPackageOnDisk took   0.130s to resolve testmap.umap.
[2018.01.18-19.30.55:500][411]LogNet: Browse: /Game/pratice/wonseok/map/testmap?listen
[2018.01.18-19.30.55:500][411]LogLoad: LoadMap: /Game/pratice/wonseok/map/testmap?listen
[2018.01.18-19.30.56:582][411]LogAIModule: Creating AISystem for world testmap
[2018.01.18-19.30.56:582][411]LogLoad: Game class is 'mainGameMode'
[2018.01.18-19.30.56:582][411]LogTemp: Display: ParseSettings for GameNetDriver
[2018.01.18-19.30.56:583][411]LogTemp: Display: ParseSettings for SteamNetDriver_0
[2018.01.18-19.30.56:583][411]LogTemp: Display: ParseSettings for GameNetDriver
[2018.01.18-19.30.56:583][411]LogNet: Display: SteamNetDriver_0 bound to port 7777
[2018.01.18-19.30.56:583][411]PacketHandlerLog: Loaded PacketHandler component: Engine.EngineHandlerComponentFactory (StatelessConnectHandlerComponent)
[2018.01.18-19.30.56:584][411]LogNet: GameNetDriver SteamNetDriver_0 IpNetDriver listening on port 7777
[2018.01.18-19.30.56:590][411]LogWorld: Bringing World /Game/pratice/wonseok/Material/testmap.testmap up for play (max tick rate 0) at 2018.01.19-04.30.56
[2018.01.18-19.30.56:590][411]LogWorld: Bringing up level for play took: 0.005953
[2018.01.18-19.30.56:591][411]LogGameMode: FindPlayerStart: PATHS NOT DEFINED or NO PLAYERSTART with positive rating
[2018.01.18-19.30.56:593][411]LogLoad: Took 1.092822 seconds to LoadMap(/Game/pratice/wonseok/map/testmap)
[2018.01.18-19.31.05:218][936]LogNet: NotifyAcceptingConnection accepted from: 76561198150190256:7777
[2018.01.18-19.31.05:218][936]LogHandshake: SendConnectChallenge. Timestamp: 10.010703, Cookie: 222093242197061121132102111236076013250044162043027040186021
[2018.01.18-19.31.05:242][938]LogNet: NotifyAcceptingConnection accepted from: 76561198150190256:7777
[2018.01.18-19.31.05:242][938]LogHandshake: SendChallengeAck. InCookie: 222093242197061121132102111236076013250044162043027040186021
[2018.01.18-19.31.05:243][938]LogNet: Server accepting post-challenge connection from: 76561198150190256:7777
[2018.01.18-19.31.05:244][938]PacketHandlerLog: Loaded PacketHandler component: Engine.EngineHandlerComponentFactory (StatelessConnectHandlerComponent)
[2018.01.18-19.31.05:244][938]LogNet: NotifyAcceptedConnection: Name: testmap, TimeStamp: 01/19/18 04:31:05, [UNetConnection] RemoteAddr: 76561198150190256:7777, Name: SteamNetConnection_0, Driver: GameNetDriver SteamNetDriver_0, IsServer: YES, PC: NULL, Owner: NULL
[2018.01.18-19.31.05:245][938]LogNet: AddClientConnection: Added client connection: [UNetConnection] RemoteAddr: 76561198150190256:7777, Name: SteamNetConnection_0, Driver: GameNetDriver SteamNetDriver_0, IsServer: YES, PC: NULL, Owner: NULL
[2018.01.18-19.31.05:275][940]LogNet: NotifyAcceptingChannel Control 0 server World /Game/pratice/wonseok/Material/testmap.testmap: Accepted
[2018.01.18-19.31.05:275][940]LogNet: Remote platform little endian=1
[2018.01.18-19.31.05:275][940]LogNet: This platform little endian=1
[2018.01.18-19.31.05:307][942]LogNet: Login request: /Game/pratice/sinyoung/multiplay/mainmenu?Name=a26253290 userId: 76561198150190256
[2018.01.18-19.31.05:339][944]LogNet: Client netspeed is 10000
[2018.01.18-19.31.05:372][946]LogNet: UChannel::ReceivedSequencedBunch: Bunch.bClose == true. ChIndex == 0. Calling ConditionalCleanUp.
[2018.01.18-19.31.05:372][946]LogNet: UChannel::CleanUp: ChIndex == 0. Closing connection. [UChannel] ChIndex: 0, Closing: 0 [UNetConnection] RemoteAddr: 76561198150190256:7777, Name: SteamNetConnection_0, Driver: GameNetDriver SteamNetDriver_0, IsServer: YES, PC: NULL, Owner: NULL
[2018.01.18-19.31.05:372][946]LogNet: UNetConnection::Close: [UNetConnection] RemoteAddr: 76561198150190256:7777, Name: SteamNetConnection_0, Driver: GameNetDriver SteamNetDriver_0, IsServer: YES, PC: NULL, Owner: NULL, Channels: 2, Time: 2018.01.18-19.31.05
[2018.01.18-19.31.05:372][946]LogNet: UChannel::Close: Sending CloseBunch. ChIndex == 0. Name: [UChannel] ChIndex: 0, Closing: 0 [UNetConnection] RemoteAddr: 76561198150190256:7777, Name: SteamNetConnection_0, Driver: GameNetDriver SteamNetDriver_0, IsServer: YES, PC: NULL, Owner: NULL
[2018.01.18-19.32.22:144][699]LogWindowsTextInputMethodSystem: Display: IME system now activated using TSF (Microsoft 입력기).
[2018.01.18-19.32.22:156][699]LogEngine: All Windows Closed
[2018.01.18-19.32.22:156][699]LogWindows: FPlatformMisc::RequestExit(0)
[2018.01.18-19.32.22:176][700]LogNet: World NetDriver shutdown SteamNetDriver_0 [GameNetDriver]
[2018.01.18-19.32.22:176][700]LogNet: DestroyNamedNetDriver SteamNetDriver_0 [GameNetDriver]
[2018.01.18-19.32.22:176][700]LogExit: GameNetDriver SteamNetDriver_0 shut down
[2018.01.18-19.32.22:320][700]LogExit: Preparing to exit.
[2018.01.18-19.32.22:320][700]LogMoviePlayer: Shutting down movie player
[2018.01.18-19.32.23:185][700]LogExit: Game engine shut down
[2018.01.18-19.32.23:252][700]LogExit: Object subsystem successfully closed.
[2018.01.18-19.32.23:272][700]LogD3D11RHI: Shutdown
[2018.01.18-19.32.23:272][700]LogD3D11RHI: CleanupD3DDevice
[2018.01.18-19.32.23:274][700]LogD3D11RHI: ~FD3D11DynamicRHI
[2018.01.18-19.32.23:289][700]LogModuleManager: Shutting down and abandoning module SequenceRecorderSections (316)
[2018.01.18-19.32.23:289][700]LogModuleManager: Shutting down and abandoning module SequenceRecorder (314)
[2018.01.18-19.32.23:289][700]LogModuleManager: Shutting down and abandoning module AutomationController (312)
[2018.01.18-19.32.23:289][700]LogModuleManager: Shutting down and abandoning module AutomationWorker (310)
[2018.01.18-19.32.23:289][700]LogModuleManager: Shutting down and abandoning module AIModule (308)
[2018.01.18-19.32.23:289][700]LogModuleManager: Shutting down and abandoning module GameplayDebugger (307)
[2018.01.18-19.32.23:289][700]LogModuleManager: Shutting down and abandoning module AITestSuite (305)
[2018.01.18-19.32.23:289][700]LogModuleManager: Shutting down and abandoning module WmfMediaFactory (302)
[2018.01.18-19.32.23:289][700]LogModuleManager: Shutting down and abandoning module OpenExrWrapper (300)
[2018.01.18-19.32.23:289][700]LogModuleManager: Shutting down and abandoning module ImgMediaFactory (298)
[2018.01.18-19.32.23:289][700]LogModuleManager: Shutting down and abandoning module AvfMediaFactory (296)
[2018.01.18-19.32.23:289][700]LogModuleManager: Shutting down and abandoning module CharacterAI (294)
[2018.01.18-19.32.23:289][700]LogModuleManager: Shutting down and abandoning module SessionServices (292)
[2018.01.18-19.32.23:289][700]LogModuleManager: Shutting down and abandoning module MovieSceneCapture (290)
[2018.01.18-19.32.23:289][700]LogModuleManager: Shutting down and abandoning module MovieSceneTracks (288)
[2018.01.18-19.32.23:289][700]LogModuleManager: Shutting down and abandoning module MovieScene (286)
[2018.01.18-19.32.23:289][700]LogModuleManager: Shutting down and abandoning module GeometryCache (284)
[2018.01.18-19.32.23:289][700]LogModuleManager: Shutting down and abandoning module GeometryCacheEd (283)
[2018.01.18-19.32.23:289][700]LogModuleManager: Shutting down and abandoning module StreamingPauseRendering (280)
[2018.01.18-19.32.23:289][700]LogModuleManager: Shutting down and abandoning module PortalServices (278)
[2018.01.18-19.32.23:289][700]LogModuleManager: Shutting down and abandoning module PortalRpc (276)
[2018.01.18-19.32.23:289][700]LogModuleManager: Shutting down and abandoning module MessagingRpc (274)
[2018.01.18-19.32.23:289][700]LogModuleManager: Shutting down and abandoning module ProfilerService (272)
[2018.01.18-19.32.23:345][700]LogModuleManager: Shutting down and abandoning module TaskGraph (270)
[2018.01.18-19.32.23:345][700]LogModuleManager: Shutting down and abandoning module SteamVRController (268)
[2018.01.18-19.32.23:345][700]LogModuleManager: Shutting down and abandoning module ProceduralMeshComponent (266)
[2018.01.18-19.32.23:345][700]LogModuleManager: Shutting down and abandoning module OculusInput (264)
[2018.01.18-19.32.23:345][700]LogModuleManager: Shutting down and abandoning module MobilePatchingUtils (262)
[2018.01.18-19.32.23:345][700]LogModuleManager: Shutting down and abandoning module CustomMeshComponent (260)
[2018.01.18-19.32.23:345][700]LogModuleManager: Shutting down and abandoning module CableComponent (258)
[2018.01.18-19.32.23:345][700]LogModuleManager: Shutting down and abandoning module ArchVisCharacter (256)
[2018.01.18-19.32.23:345][700]LogModuleManager: Shutting down and abandoning module AndroidPermission (254)
[2018.01.18-19.32.23:345][700]LogModuleManager: Shutting down and abandoning module ActorSequence (250)
[2018.01.18-19.32.23:345][700]LogModuleManager: Shutting down and abandoning module MediaCompositing (248)
[2018.01.18-19.32.23:345][700]LogModuleManager: Shutting down and abandoning module HTML5Networking (246)
[2018.01.18-19.32.23:345][700]LogModuleManager: Shutting down and abandoning module VisualStudioSourceCodeAccess (244)
[2018.01.18-19.32.23:345][700]LogModuleManager: Shutting down and abandoning module HotReload (243)
[2018.01.18-19.32.23:345][700]LogDirectoryWatcher: A directory notification for 'D:/team/set/main/Binaries/Win64' was aborted.
[2018.01.18-19.32.23:345][700]LogModuleManager: Shutting down and abandoning module VisualStudioCodeSourceCodeAccess (240)
[2018.01.18-19.32.23:345][700]LogModuleManager: Shutting down and abandoning module UObjectPlugin (238)
[2018.01.18-19.32.23:345][700]LogModuleManager: Shutting down and abandoning module SubversionSourceControl (236)
[2018.01.18-19.32.23:345][700]LogModuleManager: Shutting down and abandoning module PerforceSourceControl (234)
[2018.01.18-19.32.23:345][700]LogModuleManager: Shutting down and abandoning module SourceControl (233)
[2018.01.18-19.32.23:345][700]LogModuleManager: Shutting down and abandoning module main (230)
[2018.01.18-19.32.23:345][700]LogModuleManager: Shutting down and abandoning module RuntimePhysXCooking (228)
[2018.01.18-19.32.23:345][700]LogModuleManager: Shutting down and abandoning module PhysXVehiclesEditor (226)
[2018.01.18-19.32.23:345][700]LogModuleManager: Shutting down and abandoning module PhysXVehicles (224)
[2018.01.18-19.32.23:345][700]LogModuleManager: Shutting down and abandoning module LocationServicesBPLibrary (222)
[2018.01.18-19.32.23:345][700]LogModuleManager: Shutting down and abandoning module ImmediatePhysicsEditor (220)
[2018.01.18-19.32.23:345][700]LogModuleManager: Shutting down and abandoning module ImmediatePhysics (218)
[2018.01.18-19.32.23:345][700]LogModuleManager: Shutting down and abandoning module UdpMessaging (216)
[2018.01.18-19.32.23:446][700]LogModuleManager: Shutting down and abandoning module TcpMessaging (214)
[2018.01.18-19.32.24:015][700]LogModuleManager: Shutting down and abandoning module GameplayTagsEditor (212)
[2018.01.18-19.32.24:015][700]LogModuleManager: Shutting down and abandoning module FacialAnimation (210)
[2018.01.18-19.32.24:015][700]LogModuleManager: Shutting down and abandoning module AssetManagerEditor (208)
[2018.01.18-19.32.24:015][700]LogModuleManager: Shutting down and abandoning module GraphEditor (207)
[2018.01.18-19.32.24:015][700]LogModuleManager: Shutting down and abandoning module ContentBrowser (205)
[2018.01.18-19.32.24:015][700]LogModuleManager: Shutting down and abandoning module CollectionManager (204)
[2018.01.18-19.32.24:015][700]LogDirectoryWatcher: A directory notification for 'D:/team/set/main/Content/Collections/' was aborted.
[2018.01.18-19.32.24:016][700]LogDirectoryWatcher: A directory notification for 'D:/team/set/main/Content/Developers/choiw/Collections/' was aborted.
[2018.01.18-19.32.24:016][700]LogDirectoryWatcher: A directory notification for 'D:/team/set/main/Saved/Collections/' was aborted.
[2018.01.18-19.32.24:016][700]LogModuleManager: Shutting down and abandoning module DirectoryWatcher (203)
[2018.01.18-19.32.24:016][700]LogModuleManager: Shutting down and abandoning module LightPropagationVolumeRuntime (198)
[2018.01.18-19.32.24:016][700]LogModuleManager: Shutting down and abandoning module Paper2D (196)
[2018.01.18-19.32.24:016][700]LogModuleManager: Shutting down and abandoning module WindowsMoviePlayer (194)
[2018.01.18-19.32.24:016][700]LogModuleManager: Shutting down and abandoning module WmfMedia (192)
[2018.01.18-19.32.24:016][700]LogModuleManager: Shutting down and abandoning module ImgMedia (190)
[2018.01.18-19.32.24:016][700]LogModuleManager: Shutting down and abandoning module PacketHandler (188)
[2018.01.18-19.32.24:016][700]LogModuleManager: Shutting down and abandoning module ClothingSystemEditor (186)
[2018.01.18-19.32.24:016][700]LogModuleManager: Shutting down and abandoning module ClothingSystemRuntime (184)
[2018.01.18-19.32.24:017][700]LogModuleManager: Shutting down and abandoning module MediaAssets (182)
[2018.01.18-19.32.24:017][700]LogModuleManager: Shutting down and abandoning module Media (181)
[2018.01.18-19.32.24:023][700]LogModuleManager: Shutting down and abandoning module Overlay (178)
[2018.01.18-19.32.24:023][700]LogModuleManager: Shutting down and abandoning module OverlayEditor (177)
[2018.01.18-19.32.24:023][700]LogModuleManager: Shutting down and abandoning module VREditor (174)
[2018.01.18-19.32.24:023][700]LogModuleManager: Shutting down and abandoning module StringTableEditor (172)
[2018.01.18-19.32.24:023][700]LogModuleManager: Shutting down and abandoning module GameplayTasksEditor (170)
[2018.01.18-19.32.24:023][700]LogModuleManager: Shutting down and abandoning module BehaviorTreeEditor (168)
[2018.01.18-19.32.24:023][700]LogModuleManager: Shutting down and abandoning module FunctionalTesting (166)
[2018.01.18-19.32.24:023][700]LogModuleManager: Shutting down and abandoning module CollisionAnalyzer (164)
[2018.01.18-19.32.24:023][700]LogModuleManager: Shutting down and abandoning module WorkspaceMenuStructure (163)
[2018.01.18-19.32.24:023][700]LogModuleManager: Shutting down and abandoning module UMG (160)
[2018.01.18-19.32.24:023][700]LogModuleManager: Shutting down and abandoning module UMGEditor (159)
[2018.01.18-19.32.24:024][700]LogModuleManager: Shutting down and abandoning module Sequencer (158)
[2018.01.18-19.32.24:024][700]LogModuleManager: Shutting down and abandoning module MessageLog (155)
[2018.01.18-19.32.24:024][700]LogModuleManager: Shutting down and abandoning module SlateReflector (150)
[2018.01.18-19.32.24:024][700]LogModuleManager: Shutting down and abandoning module Slate (148)
[2018.01.18-19.32.24:024][700]LogModuleManager: Shutting down and abandoning module EditorStyle (146)
[2018.01.18-19.32.24:030][700]LogModuleManager: Shutting down and abandoning module MRMesh (144)
[2018.01.18-19.32.24:030][700]LogModuleManager: Shutting down and abandoning module Messaging (142)
[2018.01.18-19.32.24:030][700]LogModuleManager: Shutting down and abandoning module SourceCodeAccess (140)
[2018.01.18-19.32.24:030][700]LogModuleManager: Shutting down and abandoning module HeadMountedDisplay (138)
[2018.01.18-19.32.24:030][700]LogModuleManager: Shutting down and abandoning module XAudio2 (136)
[2018.01.18-19.32.24:030][700]LogModuleManager: Shutting down and abandoning module Networking (134)
[2018.01.18-19.32.24:030][700]LogModuleManager: Shutting down and abandoning module Core (132)
[2018.01.18-19.32.24:030][700]LogModuleManager: Shutting down and abandoning module LevelSequence (130)
[2018.01.18-19.32.24:030][700]LogModuleManager: Shutting down and abandoning module KismetCompiler (128)
[2018.01.18-19.32.24:030][700]LogModuleManager: Shutting down and abandoning module MeshUtilities (126)
[2018.01.18-19.32.24:030][700]LogModuleManager: Shutting down and abandoning module MeshMergeUtilities (125)
[2018.01.18-19.32.24:030][700]LogModuleManager: Shutting down and abandoning module MeshReductionInterface (124)
[2018.01.18-19.32.24:030][700]LogModuleManager: Shutting down and abandoning module SimplygonSwarm (123)
[2018.01.18-19.32.24:030][700]LogModuleManager: Shutting down and abandoning module SimplygonMeshReduction (121)
[2018.01.18-19.32.24:030][700]LogModuleManager: Shutting down and abandoning module QuadricMeshReduction (119)
[2018.01.18-19.32.24:030][700]LogModuleManager: Shutting down and abandoning module MaterialBaking (115)
[2018.01.18-19.32.24:030][700]LogModuleManager: Shutting down and abandoning module DerivedDataCache (110)
[2018.01.18-19.32.24:083][700]LogDerivedDataCache: Shutdown
[2018.01.18-19.32.24:084][700]LogModuleManager: Shutting down and abandoning module TargetPlatform (108)
[2018.01.18-19.32.24:084][700]LogModuleManager: Shutting down and abandoning module VulkanShaderFormat (107)
[2018.01.18-19.32.24:084][700]LogModuleManager: Shutting down and abandoning module ShaderFormatVectorVM (105)
[2018.01.18-19.32.24:084][700]LogModuleManager: Shutting down and abandoning module ShaderFormatOpenGL (103)
[2018.01.18-19.32.24:084][700]LogModuleManager: Shutting down and abandoning module ShaderFormatD3D (101)
[2018.01.18-19.32.24:084][700]LogModuleManager: Shutting down and abandoning module MetalShaderFormat (99)
[2018.01.18-19.32.24:084][700]LogModuleManager: Shutting down and abandoning module TextureFormatUncompressed (97)
[2018.01.18-19.32.24:084][700]LogModuleManager: Shutting down and abandoning module TextureFormatPVR (95)
[2018.01.18-19.32.24:084][700]LogModuleManager: Shutting down and abandoning module TextureFormatDXT (93)
[2018.01.18-19.32.24:084][700]LogModuleManager: Shutting down and abandoning module TextureFormatIntelISPCTexComp (91)
[2018.01.18-19.32.24:084][700]LogModuleManager: Shutting down and abandoning module TextureFormatASTC (89)
[2018.01.18-19.32.24:084][700]LogModuleManager: Shutting down and abandoning module ImageWrapper (88)
[2018.01.18-19.32.24:084][700]LogModuleManager: Shutting down and abandoning module TextureFormatAndroid (85)
[2018.01.18-19.32.24:084][700]LogModuleManager: Shutting down and abandoning module AudioFormatOpus (83)
[2018.01.18-19.32.24:084][700]LogModuleManager: Shutting down and abandoning module AudioFormatOgg (81)
[2018.01.18-19.32.24:084][700]LogModuleManager: Shutting down and abandoning module AudioFormatADPCM (79)
[2018.01.18-19.32.24:084][700]LogModuleManager: Shutting down and abandoning module WindowsTargetPlatform (77)
[2018.01.18-19.32.24:084][700]LogModuleManager: Shutting down and abandoning module WindowsServerTargetPlatform (75)
[2018.01.18-19.32.24:084][700]LogModuleManager: Shutting down and abandoning module WindowsNoEditorTargetPlatform (73)
[2018.01.18-19.32.24:084][700]LogModuleManager: Shutting down and abandoning module WindowsClientTargetPlatform (71)
[2018.01.18-19.32.24:084][700]LogModuleManager: Shutting down and abandoning module InputCore (68)
[2018.01.18-19.32.24:084][700]LogModuleManager: Shutting down and abandoning module Settings (66)
[2018.01.18-19.32.24:085][700]LogModuleManager: Shutting down and abandoning module PhysXCooking (64)
[2018.01.18-19.32.24:085][700]LogModuleManager: Shutting down and abandoning module SteamVR (62)
[2018.01.18-19.32.24:085][700]LogModuleManager: Shutting down and abandoning module OculusHMD (60)
[2018.01.18-19.32.24:085][700]LogModuleManager: Shutting down and abandoning module ExampleDeviceProfileSelector (58)
[2018.01.18-19.32.24:085][700]LogModuleManager: Shutting down and abandoning module AppleARKit (56)
[2018.01.18-19.32.24:085][700]LogModuleManager: Shutting down and abandoning module AugmentedReality (55)
[2018.01.18-19.32.24:085][700]LogModuleManager: Shutting down and abandoning module OnlineBlueprintSupport (52)
[2018.01.18-19.32.24:085][700]LogModuleManager: Shutting down and abandoning module OnlineSubsystem (48)
[2018.01.18-19.32.24:085][700]LogOnline: Display: STEAM: OnlineSubsystemSteam::Shutdown()
[2018.01.18-19.32.24:085][700]LogOnline: Display: OSS: FOnlineAsyncTaskManager::Stop() ActiveTask:0000000000000000 Tasks[0/0]
[2018.01.18-19.32.24:139][700]LogOnline: Display: OSS: FOnlineAsyncTaskManager::Exit() started
[2018.01.18-19.32.24:139][700]LogOnline: Display: OSS: FOnlineAsyncTaskManager::Exit() finished
[2018.01.18-19.32.24:139][700]LogOnline: Display: STEAM: OnlineSubsystemSteam::Shutdown()
[2018.01.18-19.32.24:139][700]LogModuleManager: Shutting down and abandoning module XMPP (43)
[2018.01.18-19.32.24:139][700]LogModuleManager: Shutting down and abandoning module HTTP (41)
[2018.01.18-19.32.24:171][700]LogModuleManager: Shutting down and abandoning module SSL (40)
[2018.01.18-19.32.24:173][700]LogModuleManager: Shutting down and abandoning module AnimationModifiers (36)
[2018.01.18-19.32.24:174][700]LogModuleManager: Shutting down and abandoning module PropertyEditor (35)
[2018.01.18-19.32.24:174][700]LogModuleManager: Shutting down and abandoning module AudioEditor (32)
[2018.01.18-19.32.24:174][700]LogModuleManager: Shutting down and abandoning module TextureCompressor (30)
[2018.01.18-19.32.24:174][700]LogModuleManager: Shutting down and abandoning module ShaderCore (28)
[2018.01.18-19.32.24:174][700]LogModuleManager: Shutting down and abandoning module Landscape (26)
[2018.01.18-19.32.24:174][700]LogModuleManager: Shutting down and abandoning module SlateRHIRenderer (24)
[2018.01.18-19.32.24:176][700]LogModuleManager: Shutting down and abandoning module OpenGLDrv (22)
[2018.01.18-19.32.24:176][700]LogModuleManager: Shutting down and abandoning module D3D11RHI (20)
[2018.01.18-19.32.24:176][700]LogModuleManager: Shutting down and abandoning module AnimGraphRuntime (18)
[2018.01.18-19.32.24:176][700]LogModuleManager: Shutting down and abandoning module Renderer (16)
[2018.01.18-19.32.24:176][700]LogModuleManager: Shutting down and abandoning module Engine (14)
[2018.01.18-19.32.24:176][700]LogModuleManager: Shutting down and abandoning module CoreUObject (12)
[2018.01.18-19.32.24:176][700]LogModuleManager: Shutting down and abandoning module NetworkFile (10)
[2018.01.18-19.32.24:176][700]LogModuleManager: Shutting down and abandoning module CookedIterativeFile (8)
[2018.01.18-19.32.24:176][700]LogModuleManager: Shutting down and abandoning module StreamingFile (6)
[2018.01.18-19.32.24:176][700]LogModuleManager: Shutting down and abandoning module SandboxFile (4)
[2018.01.18-19.32.24:176][700]LogModuleManager: Shutting down and abandoning module PakFile (2)
[2018.01.18-19.32.24:180][700]LogExit: Exiting.
[2018.01.18-19.32.24:184][700]Log file closed, 01/19/18 04:32:24
