Log file open, 01/21/18 21:47:47
LogWindows: Failed to load 'aqProf.dll' (GetLastError=126)
LogWindows: File 'aqProf.dll' does not exist
LogWindows: Failed to load 'VSPerf140.dll' (GetLastError=126)
LogWindows: File 'VSPerf140.dll' does not exist
LogWindows: Failed to load 'VtuneApi.dll' (GetLastError=126)
LogWindows: File 'VtuneApi.dll' does not exist
LogWindows: Failed to load 'VtuneApi32e.dll' (GetLastError=126)
LogWindows: File 'VtuneApi32e.dll' does not exist
LogInit: Display: Running engine for game: main
LogPlatformFile: Not using cached read wrapper
LogInit: Display: RandInit(-147587929) SRandInit(-147587929).
LogInit: Read version file with build ID '3709383'
LogInit: Overriding engine version to CL 3794801, compatible CL 3709383
LogInit: Registered custom module enumerator with build ID '3709383'
LogInit: Warning: Passing commandline switches using / instead of - has been deprecated and will be removed in future versions of Unreal Engine.
LogTaskGraph: Started task graph with 5 named threads and 14 total threads with 3 sets of task threads.
LogStats: Stats thread started at 0.220560
LogD3D11RHI: Aftermath initialized
LogInit: Warning: Passing commandline switches using / instead of - has been deprecated and will be removed in future versions of Unreal Engine.
LogPluginManager: Mounting plugin Paper2D
LogPluginManager: Mounting plugin LightPropagationVolume
LogPluginManager: Mounting plugin CodeLiteSourceCodeAccess
LogPluginManager: Mounting plugin GitSourceControl
LogPluginManager: Mounting plugin KDevelopSourceCodeAccess
LogPluginManager: Mounting plugin NullSourceCodeAccess
LogPluginManager: Mounting plugin PerforceSourceControl
LogPluginManager: Mounting plugin SubversionSourceControl
LogPluginManager: Mounting plugin UObjectPlugin
LogPluginManager: Mounting plugin VisualStudioCodeSourceCodeAccess
LogPluginManager: Mounting plugin VisualStudioSourceCodeAccess
LogPluginManager: Mounting plugin XCodeSourceCodeAccess
LogPluginManager: Mounting plugin AssetManagerEditor
LogPluginManager: Mounting plugin AudioCapture
LogPluginManager: Mounting plugin FacialAnimation
LogPluginManager: Mounting plugin GameplayTagsEditor
LogPluginManager: Mounting plugin MobileLauncherProfileWizard
LogPluginManager: Mounting plugin PluginBrowser
LogPluginManager: Mounting plugin SpeedTreeImporter
LogPluginManager: Mounting plugin AlembicImporter
LogPluginManager: Mounting plugin CharacterAI
LogPluginManager: Mounting plugin HTML5Networking
LogPluginManager: Mounting plugin AndroidMedia
LogPluginManager: Mounting plugin AvfMedia
LogPluginManager: Mounting plugin ImgMedia
LogPluginManager: Mounting plugin MediaCompositing
LogPluginManager: Mounting plugin MediaPlayerEditor
LogPluginManager: Mounting plugin WmfMedia
LogPluginManager: Mounting plugin TcpMessaging
LogPluginManager: Mounting plugin UdpMessaging
LogPluginManager: Mounting plugin ActorSequence
LogPluginManager: Mounting plugin LevelSequenceEditor
LogPluginManager: Mounting plugin MatineeToLevelSequence
LogPluginManager: Mounting plugin OnlineSubsystemGooglePlay
LogPluginManager: Mounting plugin OnlineSubsystemIOS
LogPluginManager: Mounting plugin OnlineSubsystem
LogPluginManager: Mounting plugin OnlineSubsystemNull
LogPluginManager: Mounting plugin OnlineSubsystemSteam
LogPluginManager: Mounting plugin OnlineSubsystemUtils
LogPluginManager: Mounting plugin AndroidDeviceProfileSelector
LogPluginManager: Mounting plugin AndroidMoviePlayer
LogPluginManager: Mounting plugin AndroidPermission
LogPluginManager: Mounting plugin AppleARKit
LogPluginManager: Mounting plugin AppleMoviePlayer
LogPluginManager: Mounting plugin ArchVisCharacter
LogPluginManager: Mounting plugin CableComponent
LogPluginManager: Mounting plugin CustomMeshComponent
LogPluginManager: Mounting plugin ExampleDeviceProfileSelector
LogPluginManager: Mounting plugin GoogleCloudMessaging
LogPluginManager: Mounting plugin ImmediatePhysics
LogPluginManager: Mounting plugin IOSDeviceProfileSelector
LogPluginManager: Mounting plugin LinuxDeviceProfileSelector
LogPluginManager: Mounting plugin LocationServicesBPLibrary
LogPluginManager: Mounting plugin MobilePatchingUtils
LogPluginManager: Mounting plugin OculusVR
LogPluginManager: Plugin shader directory ../../../Engine/Plugins/Runtime/Oculus/OculusVR/Shaders found
LogPluginManager: Mapping shader source directory ../../../Engine/Plugins/Runtime/Oculus/OculusVR/Shaders to virtual directory /Plugin/OculusVR
LogPluginManager: Mounting plugin PhysXVehicles
LogPluginManager: Mounting plugin ProceduralMeshComponent
LogPluginManager: Mounting plugin RuntimePhysXCooking
LogPluginManager: Mounting plugin SteamVR
LogPluginManager: Mounting plugin WindowsMoviePlayer
LogModuleManager: Display: Found up-to-date module file D:/20180120/set/main/Binaries/Win64/UE4Editor-main.dll (API version 3709383).
LogModuleManager: Display: Found up-to-date module file ../../../Engine/Plugins/2D/Paper2D/Binaries/Win64/UE4Editor-Paper2D.dll (API version 3709383).
LogModuleManager: Display: Found up-to-date module file ../../../Engine/Plugins/2D/Paper2D/Binaries/Win64/UE4Editor-Paper2DEditor.dll (API version 3709383).
LogModuleManager: Display: Found up-to-date module file ../../../Engine/Plugins/2D/Paper2D/Binaries/Win64/UE4Editor-PaperSpriteSheetImporter.dll (API version 3709383).
LogModuleManager: Display: Found up-to-date module file ../../../Engine/Plugins/2D/Paper2D/Binaries/Win64/UE4Editor-PaperTiledImporter.dll (API version 3709383).
LogModuleManager: Display: Found up-to-date module file ../../../Engine/Plugins/2D/Paper2D/Binaries/Win64/UE4Editor-SmartSnapping.dll (API version 3709383).
LogModuleManager: Display: Found up-to-date module file ../../../Engine/Plugins/Blendables/LightPropagationVolume/Binaries/Win64/UE4Editor-LightPropagationVolumeRuntime.dll (API version 3709383).
LogModuleManager: Display: Found up-to-date module file ../../../Engine/Plugins/Blendables/LightPropagationVolume/Binaries/Win64/UE4Editor-LightPropagationVolumeEditor.dll (API version 3709383).
LogModuleManager: Display: Found up-to-date module file ../../../Engine/Plugins/Developer/GitSourceControl/Binaries/Win64/UE4Editor-GitSourceControl.dll (API version 3709383).
LogModuleManager: Display: Found up-to-date module file ../../../Engine/Plugins/Developer/PerforceSourceControl/Binaries/Win64/UE4Editor-PerforceSourceControl.dll (API version 3709383).
LogModuleManager: Display: Found up-to-date module file ../../../Engine/Plugins/Developer/SubversionSourceControl/Binaries/Win64/UE4Editor-SubversionSourceControl.dll (API version 3709383).
LogModuleManager: Display: Found up-to-date module file ../../../Engine/Plugins/Developer/UObjectPlugin/Binaries/Win64/UE4Editor-UObjectPlugin.dll (API version 3709383).
LogModuleManager: Display: Found up-to-date module file ../../../Engine/Plugins/Developer/VisualStudioCodeSourceCodeAccess/Binaries/Win64/UE4Editor-VisualStudioCodeSourceCodeAccess.dll (API version 3709383).
LogModuleManager: Display: Found up-to-date module file ../../../Engine/Plugins/Developer/VisualStudioSourceCodeAccess/Binaries/Win64/UE4Editor-VisualStudioSourceCodeAccess.dll (API version 3709383).
LogModuleManager: Display: Found up-to-date module file ../../../Engine/Plugins/Editor/AssetManagerEditor/Binaries/Win64/UE4Editor-AssetManagerEditor.dll (API version 3709383).
LogModuleManager: Display: Found up-to-date module file ../../../Engine/Plugins/Editor/AudioCapture/Binaries/Win64/UE4Editor-AudioCapture.dll (API version 3709383).
LogModuleManager: Display: Found up-to-date module file ../../../Engine/Plugins/Editor/FacialAnimation/Binaries/Win64/UE4Editor-FacialAnimation.dll (API version 3709383).
LogModuleManager: Display: Found up-to-date module file ../../../Engine/Plugins/Editor/FacialAnimation/Binaries/Win64/UE4Editor-FacialAnimationEditor.dll (API version 3709383).
LogModuleManager: Display: Found up-to-date module file ../../../Engine/Plugins/Editor/GameplayTagsEditor/Binaries/Win64/UE4Editor-GameplayTagsEditor.dll (API version 3709383).
LogModuleManager: Display: Found up-to-date module file ../../../Engine/Plugins/Editor/MobileLauncherProfileWizard/Binaries/Win64/UE4Editor-MobileLauncherProfileWizard.dll (API version 3709383).
LogModuleManager: Display: Found up-to-date module file ../../../Engine/Plugins/Editor/PluginBrowser/Binaries/Win64/UE4Editor-PluginBrowser.dll (API version 3709383).
LogModuleManager: Display: Found up-to-date module file ../../../Engine/Plugins/Editor/SpeedTreeImporter/Binaries/Win64/UE4Editor-SpeedTreeImporter.dll (API version 3709383).
LogModuleManager: Display: Found up-to-date module file ../../../Engine/Plugins/Experimental/AlembicImporter/Binaries/Win64/UE4Editor-AlembicImporter.dll (API version 3709383).
LogModuleManager: Display: Found up-to-date module file ../../../Engine/Plugins/Experimental/AlembicImporter/Binaries/Win64/UE4Editor-AlembicLibrary.dll (API version 3709383).
LogModuleManager: Display: Found up-to-date module file ../../../Engine/Plugins/Experimental/CharacterAI/Binaries/Win64/UE4Editor-CharacterAI.dll (API version 3709383).
LogModuleManager: Display: Found up-to-date module file ../../../Engine/Plugins/Experimental/HTML5Networking/Binaries/Win64/UE4Editor-HTML5Networking.dll (API version 3709383).
LogModuleManager: Display: Found up-to-date module file ../../../Engine/Plugins/Media/AndroidMedia/Binaries/Win64/UE4Editor-AndroidMediaEditor.dll (API version 3709383).
LogModuleManager: Display: Found up-to-date module file ../../../Engine/Plugins/Media/AndroidMedia/Binaries/Win64/UE4Editor-AndroidMediaFactory.dll (API version 3709383).
LogModuleManager: Display: Found up-to-date module file ../../../Engine/Plugins/Media/AvfMedia/Binaries/Win64/UE4Editor-AvfMediaEditor.dll (API version 3709383).
LogModuleManager: Display: Found up-to-date module file ../../../Engine/Plugins/Media/AvfMedia/Binaries/Win64/UE4Editor-AvfMediaFactory.dll (API version 3709383).
LogModuleManager: Display: Found up-to-date module file ../../../Engine/Plugins/Media/AvfMedia/Binaries/Win64/UE4Editor-AvfMediaFactory.dll (API version 3709383).
LogModuleManager: Display: Found up-to-date module file ../../../Engine/Plugins/Media/ImgMedia/Binaries/Win64/UE4Editor-ImgMedia.dll (API version 3709383).
LogModuleManager: Display: Found up-to-date module file ../../../Engine/Plugins/Media/ImgMedia/Binaries/Win64/UE4Editor-ImgMediaEditor.dll (API version 3709383).
LogModuleManager: Display: Found up-to-date module file ../../../Engine/Plugins/Media/ImgMedia/Binaries/Win64/UE4Editor-ImgMediaFactory.dll (API version 3709383).
LogModuleManager: Display: Found up-to-date module file ../../../Engine/Plugins/Media/ImgMedia/Binaries/Win64/UE4Editor-ImgMediaFactory.dll (API version 3709383).
LogModuleManager: Display: Found up-to-date module file ../../../Engine/Plugins/Media/ImgMedia/Binaries/Win64/UE4Editor-OpenExrWrapper.dll (API version 3709383).
LogModuleManager: Display: Found up-to-date module file ../../../Engine/Plugins/Media/MediaCompositing/Binaries/Win64/UE4Editor-MediaCompositing.dll (API version 3709383).
LogModuleManager: Display: Found up-to-date module file ../../../Engine/Plugins/Media/MediaCompositing/Binaries/Win64/UE4Editor-MediaCompositingEditor.dll (API version 3709383).
LogModuleManager: Display: Found up-to-date module file ../../../Engine/Plugins/Media/MediaPlayerEditor/Binaries/Win64/UE4Editor-MediaPlayerEditor.dll (API version 3709383).
LogModuleManager: Display: Found up-to-date module file ../../../Engine/Plugins/Media/WmfMedia/Binaries/Win64/UE4Editor-WmfMedia.dll (API version 3709383).
LogModuleManager: Display: Found up-to-date module file ../../../Engine/Plugins/Media/WmfMedia/Binaries/Win64/UE4Editor-WmfMediaEditor.dll (API version 3709383).
LogModuleManager: Display: Found up-to-date module file ../../../Engine/Plugins/Media/WmfMedia/Binaries/Win64/UE4Editor-WmfMediaFactory.dll (API version 3709383).
LogModuleManager: Display: Found up-to-date module file ../../../Engine/Plugins/Media/WmfMedia/Binaries/Win64/UE4Editor-WmfMediaFactory.dll (API version 3709383).
LogModuleManager: Display: Found up-to-date module file ../../../Engine/Plugins/Messaging/TcpMessaging/Binaries/Win64/UE4Editor-TcpMessaging.dll (API version 3709383).
LogModuleManager: Display: Found up-to-date module file ../../../Engine/Plugins/Messaging/UdpMessaging/Binaries/Win64/UE4Editor-UdpMessaging.dll (API version 3709383).
LogModuleManager: Display: Found up-to-date module file ../../../Engine/Plugins/MovieScene/ActorSequence/Binaries/Win64/UE4Editor-ActorSequence.dll (API version 3709383).
LogModuleManager: Display: Found up-to-date module file ../../../Engine/Plugins/MovieScene/LevelSequenceEditor/Binaries/Win64/UE4Editor-LevelSequenceEditor.dll (API version 3709383).
LogModuleManager: Display: Found up-to-date module file ../../../Engine/Plugins/MovieScene/MatineeToLevelSequence/Binaries/Win64/UE4Editor-MatineeToLevelSequence.dll (API version 3709383).
LogModuleManager: Display: Found up-to-date module file ../../../Engine/Plugins/Online/OnlineSubsystem/Binaries/Win64/UE4Editor-OnlineSubsystem.dll (API version 3709383).
LogModuleManager: Display: Found up-to-date module file ../../../Engine/Plugins/Online/OnlineSubsystemNull/Binaries/Win64/UE4Editor-OnlineSubsystemNull.dll (API version 3709383).
LogModuleManager: Display: Found up-to-date module file ../../../Engine/Plugins/Online/OnlineSubsystemSteam/Binaries/Win64/UE4Editor-OnlineSubsystemSteam.dll (API version 3709383).
LogModuleManager: Display: Found up-to-date module file ../../../Engine/Plugins/Online/OnlineSubsystemUtils/Binaries/Win64/UE4Editor-OnlineSubsystemUtils.dll (API version 3709383).
LogModuleManager: Display: Found up-to-date module file ../../../Engine/Plugins/Online/OnlineSubsystemUtils/Binaries/Win64/UE4Editor-OnlineBlueprintSupport.dll (API version 3709383).
LogModuleManager: Display: Found up-to-date module file ../../../Engine/Plugins/Runtime/AndroidDeviceProfileSelector/Binaries/Win64/UE4Editor-AndroidDeviceProfileSelector.dll (API version 3709383).
LogModuleManager: Display: Found up-to-date module file ../../../Engine/Plugins/Runtime/AndroidPermission/Binaries/Win64/UE4Editor-AndroidPermission.dll (API version 3709383).
LogModuleManager: Display: Found up-to-date module file ../../../Engine/Plugins/Runtime/AppleARKit/Binaries/Win64/UE4Editor-AppleARKit.dll (API version 3709383).
LogModuleManager: Display: Found up-to-date module file ../../../Engine/Plugins/Runtime/ArchVisCharacter/Binaries/Win64/UE4Editor-ArchVisCharacter.dll (API version 3709383).
LogModuleManager: Display: Found up-to-date module file ../../../Engine/Plugins/Runtime/CableComponent/Binaries/Win64/UE4Editor-CableComponent.dll (API version 3709383).
LogModuleManager: Display: Found up-to-date module file ../../../Engine/Plugins/Runtime/CustomMeshComponent/Binaries/Win64/UE4Editor-CustomMeshComponent.dll (API version 3709383).
LogModuleManager: Display: Found up-to-date module file ../../../Engine/Plugins/Runtime/ExampleDeviceProfileSelector/Binaries/Win64/UE4Editor-ExampleDeviceProfileSelector.dll (API version 3709383).
LogModuleManager: Display: Found up-to-date module file ../../../Engine/Plugins/Runtime/ImmediatePhysics/Binaries/Win64/UE4Editor-ImmediatePhysics.dll (API version 3709383).
LogModuleManager: Display: Found up-to-date module file ../../../Engine/Plugins/Runtime/ImmediatePhysics/Binaries/Win64/UE4Editor-ImmediatePhysicsEditor.dll (API version 3709383).
LogModuleManager: Display: Found up-to-date module file ../../../Engine/Plugins/Runtime/LocationServicesBPLibrary/Binaries/Win64/UE4Editor-LocationServicesBPLibrary.dll (API version 3709383).
LogModuleManager: Display: Found up-to-date module file ../../../Engine/Plugins/Runtime/MobilePatchingUtils/Binaries/Win64/UE4Editor-MobilePatchingUtils.dll (API version 3709383).
LogModuleManager: Display: Found up-to-date module file ../../../Engine/Plugins/Runtime/Oculus/OculusVR/Binaries/Win64/UE4Editor-OculusHMD.dll (API version 3709383).
LogModuleManager: Display: Found up-to-date module file ../../../Engine/Plugins/Runtime/Oculus/OculusVR/Binaries/Win64/UE4Editor-OculusInput.dll (API version 3709383).
LogModuleManager: Display: Found up-to-date module file ../../../Engine/Plugins/Runtime/Oculus/OculusVR/Binaries/Win64/UE4Editor-OculusEditor.dll (API version 3709383).
LogModuleManager: Display: Found up-to-date module file ../../../Engine/Plugins/Runtime/PhysXVehicles/Binaries/Win64/UE4Editor-PhysXVehicles.dll (API version 3709383).
LogModuleManager: Display: Found up-to-date module file ../../../Engine/Plugins/Runtime/PhysXVehicles/Binaries/Win64/UE4Editor-PhysXVehiclesEditor.dll (API version 3709383).
LogModuleManager: Display: Found up-to-date module file ../../../Engine/Plugins/Runtime/ProceduralMeshComponent/Binaries/Win64/UE4Editor-ProceduralMeshComponent.dll (API version 3709383).
LogModuleManager: Display: Found up-to-date module file ../../../Engine/Plugins/Runtime/ProceduralMeshComponent/Binaries/Win64/UE4Editor-ProceduralMeshComponentEditor.dll (API version 3709383).
LogModuleManager: Display: Found up-to-date module file ../../../Engine/Plugins/Runtime/RuntimePhysXCooking/Binaries/Win64/UE4Editor-RuntimePhysXCooking.dll (API version 3709383).
LogModuleManager: Display: Found up-to-date module file ../../../Engine/Plugins/Runtime/Steam/SteamVR/Binaries/Win64/UE4Editor-SteamVR.dll (API version 3709383).
LogModuleManager: Display: Found up-to-date module file ../../../Engine/Plugins/Runtime/Steam/SteamVR/Binaries/Win64/UE4Editor-SteamVRController.dll (API version 3709383).
LogModuleManager: Display: Found up-to-date module file ../../../Engine/Plugins/Runtime/WindowsMoviePlayer/Binaries/Win64/UE4Editor-WindowsMoviePlayer.dll (API version 3709383).
LogInit: Using libcurl 7.47.1
LogInit:  - built for x86_64-pc-win32
LogInit:  - supports SSL with OpenSSL/1.0.2g
LogInit:  - supports HTTP deflate (compression) using libz 1.2.8
LogInit:  - other features:
LogInit:      CURL_VERSION_SSL
LogInit:      CURL_VERSION_LIBZ
LogInit:      CURL_VERSION_IPV6
LogInit:      CURL_VERSION_ASYNCHDNS
LogInit:      CURL_VERSION_LARGEFILE
LogInit:      CURL_VERSION_IDN
LogInit:  CurlRequestOptions (configurable via config and command line):
LogInit:  - bVerifyPeer = false  - Libcurl will NOT verify peer certificate
LogInit:  - bUseHttpProxy = false  - Libcurl will NOT use HTTP proxy
LogInit:  - bDontReuseConnections = false  - Libcurl will reuse connections
LogInit:  - CertBundlePath = nullptr  - Libcurl will use whatever was configured at build time.
LogOnline: Display: STEAM: Loading Steam SDK 1.39
LogOnline: Warning: STEAM: Steamworks: SteamUtils() failed!
LogOnline: Warning: STEAM: Steamworks: SteamUser() failed!
LogOnline: Warning: STEAM: Steamworks: SteamFriends() failed!
LogOnline: Warning: STEAM: Steamworks: SteamRemoteStorage() failed!
LogOnline: Warning: STEAM: Steamworks: SteamUserStats() failed!
LogOnline: Warning: STEAM: Steamworks: SteamMatchmakingServers() failed!
LogOnline: Warning: STEAM: Steamworks: SteamApps() failed!
LogOnline: Warning: STEAM: Steamworks: SteamNetworking() failed!
LogOnline: Warning: STEAM: Steamworks: SteamMatchmaking() failed!
LogOnline: Display: STEAM: OnlineSubsystemSteam::Shutdown()
LogOnline: Warning: STEAM: Steam API failed to initialize!
LogOnline: Display: STEAM: OnlineSubsystemSteam::Shutdown()
LogInit: WinSock: version 1.1 (2.2), MaxSocks=32767, MaxUdp=65467
LogInit: Build: ++UE4+Release-4.18-CL-3794801
LogInit: Engine Version: 4.18.2-3794801+++UE4+Release-4.18
LogInit: Compatible Engine Version: 4.18.0-3709383+++UE4+Release-4.18
LogInit: Net CL: 3709383
LogDevObjectVersion: Number of dev versions registered: 16
LogDevObjectVersion:   Dev-Blueprints (B0D832E4-1F89-4F0D-ACCF-7EB736FD4AA2): 10
LogDevObjectVersion:   Dev-Build (E1C64328-A22C-4D53-A36C-8E866417BD8C): 0
LogDevObjectVersion:   Dev-Core (375EC13C-06E4-48FB-B500-84F0262A717E): 2
LogDevObjectVersion:   Dev-Editor (E4B068ED-F494-42E9-A231-DA0B2E46BB41): 20
LogDevObjectVersion:   Dev-Framework (CFFC743F-43B0-4480-9391-14DF171D2073): 30
LogDevObjectVersion:   Dev-Mobile (B02B49B5-BB20-44E9-A304-32B752E40360): 0
LogDevObjectVersion:   Dev-Networking (A4E4105C-59A1-49B5-A7C5-40C4547EDFEE): 0
LogDevObjectVersion:   Dev-Online (39C831C9-5AE6-47DC-9A44-9C173E1C8E7C): 0
LogDevObjectVersion:   Dev-Physics (78F01B33-EBEA-4F98-B9B4-84EACCB95AA2): 0
LogDevObjectVersion:   Dev-Platform (6631380F-2D4D-43E0-8009-CF276956A95A): 0
LogDevObjectVersion:   Dev-Rendering (12F88B9F-8875-4AFC-A67C-D90C383ABD29): 20
LogDevObjectVersion:   Dev-Sequencer (7B5AE74C-D270-4C10-A958-57980B212A5A): 4
LogDevObjectVersion:   Dev-VR (D7296918-1DD6-4BDD-9DE2-64A83CC13884): 0
LogDevObjectVersion:   Dev-LoadTimes (C2A15278-BFE7-4AFE-6C17-90FF531DF755): 1
LogDevObjectVersion:   Private-Geometry (6EACA3D4-40EC-4CC1-B786-8BED09428FC5): 1
LogDevObjectVersion:   Dev-AnimPhys (29E575DD-E0A3-4627-9D10-D276232CDCEA): 12
LogInit: Compiled (64-bit): Dec  8 2017 02:04:53
LogInit: Compiled with Visual C++: 19.00.24215.01
LogInit: Build Configuration: Development
LogInit: Branch Name: ++UE4+Release-4.18
LogInit: Command line:  /Game/pratice/wonseok/MultiPlay/Maps/MainMenu -game -PIEVIACONSOLE -ResX=1280 -ResY=720  -Multiprocess -messaging -SessionName="Play in Standalone Game" -windowed 
LogInit: Base directory: C:/Program Files/Epic Games/UE_4.18/Engine/Binaries/Win64/
LogInit: Installed Engine Build: 1
LogInit: Presizing for max 8388607 objects, including 0 objects not considered by GC, pre-allocating 0 bytes for permanent pool.
LogInit: Object subsystem initialized
[2018.01.21-12.47.50:770][  0]LogInit: Selected Device Profile: [Windows]
[2018.01.21-12.47.50:770][  0]LogInit: Applying CVar settings loaded from the selected device profile: [Windows]
[2018.01.21-12.47.50:776][  0]LogInit: Computer: DESKTOP-LOUV37F
[2018.01.21-12.47.50:777][  0]LogInit: User: choiw
[2018.01.21-12.47.50:777][  0]LogInit: CPU Page size=4096, Cores=4
[2018.01.21-12.47.50:777][  0]LogInit: High frequency timer resolution =2.742191 MHz
[2018.01.21-12.47.50:777][  0]LogMemory: Memory total: Physical=7.9GB (8GB approx)
[2018.01.21-12.47.50:777][  0]LogMemory: Platform Memory Stats for Windows
[2018.01.21-12.47.50:777][  0]LogMemory: Process Physical Memory: 275.64 MB used, 275.64 MB peak
[2018.01.21-12.47.50:777][  0]LogMemory: Process Virtual Memory: 278.02 MB used, 278.02 MB peak
[2018.01.21-12.47.50:777][  0]LogMemory: Physical Memory: 5555.14 MB used,  2528.94 MB free, 8084.07 MB total
[2018.01.21-12.47.50:777][  0]LogMemory: Virtual Memory: 688.35 MB used,  2528.94 MB free, 134217728.00 MB total
[2018.01.21-12.47.51:151][  0]LogInit: Using OS detected language (ko-KR).
[2018.01.21-12.47.51:151][  0]LogInit: Using OS detected locale (ko-KR).
[2018.01.21-12.47.51:156][  0]LogTextLocalizationManager: No specific localization for 'ko-KR' exists, so the 'ko' localization will be used.
[2018.01.21-12.47.51:521][  0]LogD3D11RHI: D3D11 adapters:
[2018.01.21-12.47.51:558][  0]LogD3D11RHI:    0. 'NVIDIA GeForce GTX 1060 with Max-Q Design' (Feature Level 11_0)
[2018.01.21-12.47.51:559][  0]LogD3D11RHI:       6061/0/4042 MB DedicatedVideo/DedicatedSystem/SharedSystem, Outputs:1, VendorId:0x10de
[2018.01.21-12.47.51:572][  0]LogD3D11RHI:    1. 'Intel(R) HD Graphics 630' (Feature Level 11_0)
[2018.01.21-12.47.51:572][  0]LogD3D11RHI:       128/0/4042 MB DedicatedVideo/DedicatedSystem/SharedSystem, Outputs:0, VendorId:0x8086
[2018.01.21-12.47.51:576][  0]LogD3D11RHI:    2. 'Microsoft Basic Render Driver' (Feature Level 11_0)
[2018.01.21-12.47.51:576][  0]LogD3D11RHI:       0/0/4042 MB DedicatedVideo/DedicatedSystem/SharedSystem, Outputs:0, VendorId:0x1414
[2018.01.21-12.47.51:576][  0]LogD3D11RHI: Chosen D3D11 Adapter: 0
[2018.01.21-12.47.51:586][  0]LogD3D11RHI: Creating new Direct3DDevice
[2018.01.21-12.47.51:587][  0]LogD3D11RHI:     GPU DeviceId: 0x1c20 (for the marketing name, search the web for "GPU Device Id")
[2018.01.21-12.47.51:587][  0]LogWindows: EnumDisplayDevices:
[2018.01.21-12.47.51:587][  0]LogWindows:    0. 'Intel(R) HD Graphics 630' (P:1 D:1)
[2018.01.21-12.47.51:587][  0]LogWindows:    1. 'Intel(R) HD Graphics 630' (P:0 D:0)
[2018.01.21-12.47.51:587][  0]LogWindows:    2. 'Intel(R) HD Graphics 630' (P:0 D:0)
[2018.01.21-12.47.51:588][  0]LogWindows:    3. 'NVIDIA GeForce GTX 1060 with Max-Q Design' (P:0 D:0)
[2018.01.21-12.47.51:588][  0]LogWindows:    4. 'NVIDIA GeForce GTX 1060 with Max-Q Design' (P:0 D:0)
[2018.01.21-12.47.51:588][  0]LogWindows:    5. 'NVIDIA GeForce GTX 1060 with Max-Q Design' (P:0 D:0)
[2018.01.21-12.47.51:588][  0]LogWindows:    6. 'NVIDIA GeForce GTX 1060 with Max-Q Design' (P:0 D:0)
[2018.01.21-12.47.51:588][  0]LogWindows: DebugString: GetVideoDriverDetailsInvalid PrimaryIsNotTheChoosenAdapter GetVideoDriverDetailsInvalid PrimaryIsNotTheChoosenAdapter GetVideoDriverDetailsInvalid PrimaryIsNotTheChoosenAdapter GetVideoDriverDetailsInvalid PrimaryIsNotTheChoosenAdapter GetVideoDriverDetailsInvalid PrimaryIsNotTheChoosenAdapter GetVideoDriverDetailsInvalid PrimaryIsNotTheChoosenAdapter GetVideoDriverDetailsInvalid PrimaryIsNotTheChoosenAdapter FoundDriverCount:0 
[2018.01.21-12.47.51:588][  0]LogD3D11RHI:     Adapter Name: NVIDIA GeForce GTX 1060 with Max-Q Design
[2018.01.21-12.47.51:588][  0]LogD3D11RHI:   Driver Version: Unknown (internal:Unknown, unified:Unknown)
[2018.01.21-12.47.51:588][  0]LogD3D11RHI:      Driver Date: Unknown
[2018.01.21-12.47.51:588][  0]LogRHI: Texture pool is 4242 MB (70% of 6061 MB)
[2018.01.21-12.47.51:622][  0]LogD3D11RHI: Async texture creation enabled
[2018.01.21-12.47.51:755][  0]LogD3D11RHI: GPU Timing Frequency: 1000.000000 (Debug: 2 1)
[2018.01.21-12.47.51:756][  0]LogShaderCompilers: Guid format shader working directory is 25 characters bigger than the processId version (D:/20180120/set/main/Intermediate/Shaders/WorkingDirectory/11576/).
[2018.01.21-12.47.51:756][  0]LogShaderCompilers: Cleaned the shader compiler working directory 'C:/Users/choiw/AppData/Local/Temp/UnrealShaderWorkingDir/6FB69CA74E4B6A5EAF06BE8F5CF9DE10/'.
[2018.01.21-12.47.51:756][  0]LogShaderCompilers: Display: Using Local Shader Compiler.
[2018.01.21-12.47.52:727][  0]LogTemp: Display: Loaded TP WindowsClientTargetPlatform
[2018.01.21-12.47.52:802][  0]LogTemp: Display: Loaded TP WindowsNoEditorTargetPlatform
[2018.01.21-12.47.52:866][  0]LogTemp: Display: Loaded TP WindowsServerTargetPlatform
[2018.01.21-12.47.52:921][  0]LogTemp: Display: Loaded TP WindowsTargetPlatform
[2018.01.21-12.47.52:921][  0]LogTargetPlatformManager: Display: Building Assets For Windows
[2018.01.21-12.47.53:524][  0]LogDerivedDataCache: Display: Max Cache Size: 512 MB
[2018.01.21-12.47.53:607][  0]LogDerivedDataCache: Loaded boot cache 0.08s 79MB C:/Users/choiw/AppData/Local/UnrealEngine/4.18/DerivedDataCache/Boot.ddc.
[2018.01.21-12.47.53:607][  0]LogDerivedDataCache: Display: Loaded Boot cache: C:/Users/choiw/AppData/Local/UnrealEngine/4.18/DerivedDataCache/Boot.ddc
[2018.01.21-12.47.53:607][  0]LogDerivedDataCache: FDerivedDataBackendGraph:  Pak pak cache file D:/20180120/set/main/DerivedDataCache/DDC.ddp not found, will not use a pak cache.
[2018.01.21-12.47.53:607][  0]LogDerivedDataCache: Unable to find inner node Pak for hierarchical cache Hierarchy.
[2018.01.21-12.47.53:607][  0]LogDerivedDataCache: FDerivedDataBackendGraph:  CompressedPak pak cache file D:/20180120/set/main/DerivedDataCache/Compressed.ddp not found, will not use a pak cache.
[2018.01.21-12.47.53:607][  0]LogDerivedDataCache: Unable to find inner node CompressedPak for hierarchical cache Hierarchy.
[2018.01.21-12.47.53:624][  0]LogDerivedDataCache: Display: Pak cache opened for reading ../../../Engine/DerivedDataCache/Compressed.ddp.
[2018.01.21-12.47.53:637][  0]LogDerivedDataCache: Using Local data cache path C:/Users/choiw/AppData/Local/UnrealEngine/Common/DerivedDataCache: Writable
[2018.01.21-12.47.53:646][  0]LogMaterial: Verifying Global Shaders for PCD3D_SM5
[2018.01.21-12.47.53:647][  0]LogSlate: Using Freetype 2.6.0
[2018.01.21-12.47.53:647][  0]LogSlate: SlateFontCache - WITH_FREETYPE: 1, WITH_HARFBUZZ: 1
[2018.01.21-12.47.53:647][  0]LogSlate: SlateFontCache - WITH_FREETYPE: 1, WITH_HARFBUZZ: 1
[2018.01.21-12.47.53:953][  0]LogAssetRegistry: FAssetRegistry took 0.0062 seconds to start up
[2018.01.21-12.47.53:985][  0]LogPackageLocalizationCache: Processed 7 localized package path(s) for 2 prioritized culture(s) in 0.031722 seconds
[2018.01.21-12.47.54:079][  0]LogInit: Selected Device Profile: [Windows]
[2018.01.21-12.47.54:480][  0]LogSimplygon: Simplygon DLL not present - disabling.
[2018.01.21-12.47.54:536][  0]LogMeshReduction: Using SimplygonSwarm for distributed automatic mesh merging
[2018.01.21-12.47.54:536][  0]LogMeshReduction: Using QuadricMeshReduction for automatic static mesh reduction
[2018.01.21-12.47.54:536][  0]LogMeshReduction: No automatic skeletal mesh reduction module available
[2018.01.21-12.47.54:536][  0]LogMeshReduction: No automatic mesh merging module available
[2018.01.21-12.47.54:536][  0]LogMeshMerging: No automatic mesh merging module available
[2018.01.21-12.47.54:565][  0]LogNetVersion: main , NetCL: 3709383, EngineNetVer: 2, GameNetVer: 0 (Checksum: 1998149536)
[2018.01.21-12.47.54:804][  0]LogInit: Warning: Passing commandline switches using / instead of - has been deprecated and will be removed in future versions of Unreal Engine.
[2018.01.21-12.47.54:804][  0]LogInit: Warning: Passing commandline switches using / instead of - has been deprecated and will be removed in future versions of Unreal Engine.
[2018.01.21-12.47.54:805][  0]LogInit: Warning: Passing commandline switches using / instead of - has been deprecated and will be removed in future versions of Unreal Engine.
[2018.01.21-12.47.56:860][  0]LogMoviePlayer: Initializing movie player
[2018.01.21-12.47.56:924][  0]LogWindowsTextInputMethodSystem: Display: IME system now activated using TSF (Microsoft 입력기).
[2018.01.21-12.47.57:380][  0]LogCollectionManager: Loaded 0 collections in 0.002220 seconds
[2018.01.21-12.47.57:436][  0]LogFileCache: Scanning file cache for directory 'D:/20180120/set/main/Saved/Collections/' took 0.01s
[2018.01.21-12.47.57:436][  0]LogFileCache: Scanning file cache for directory 'D:/20180120/set/main/Content/Developers/choiw/Collections/' took 0.01s
[2018.01.21-12.47.57:436][  0]LogFileCache: Scanning file cache for directory 'D:/20180120/set/main/Content/Collections/' took 0.01s
[2018.01.21-12.47.57:436][  0]LogCollectionManager: Rebuilt the object cache for 0 collections in 0.000001 seconds (found 0 objects)
[2018.01.21-12.47.57:436][  0]LogCollectionManager: Fixed up redirectors for 0 collections in 0.000078 seconds (updated 0 objects)
[2018.01.21-12.47.57:688][  0]LogTcpMessaging: Initializing TcpMessaging bridge
[2018.01.21-12.47.57:738][  0]LogUdpMessaging: Initializing bridge on interface 0.0.0.0:0 to multicast group 230.0.0.1:6666.
[2018.01.21-12.47.58:419][  0]LogBlueprint: Warning: [Compiler ThirdPersonCharacter] 입력 액션 이벤트가  click 입력 액션  에 대한 미확인 'click' 액션을 레퍼런싱합니다.
[2018.01.21-12.47.58:444][  0]LogBlueprint: Warning: [Compiler ThirdPersonCharacter] [0011.79] ThirdPersonCharacter 컴파일에 성공했습니다만, 경고가 1 회 있습니다. [소요시간 57 ms] (/Game/ThirdPersonCPP/Blueprints/ThirdPersonCharacter.ThirdPersonCharacter)
[2018.01.21-12.47.58:634][  0]LogInit: Warning: Passing commandline switches using / instead of - has been deprecated and will be removed in future versions of Unreal Engine.
[2018.01.21-12.47.58:635][  0]SourceControl: 소스 콘트롤이 꺼졌습니다.
[2018.01.21-12.47.58:635][  0]SourceControl: 소스 콘트롤이 꺼졌습니다.
[2018.01.21-12.47.58:697][  0]SourceControl: 소스 콘트롤이 꺼졌습니다.
[2018.01.21-12.47.59:113][  0]LogAndroidPermission: UAndroidPermissionCallbackProxy::GetInstance
[2018.01.21-12.47.59:472][  0]LogOcInput: OculusInput pre-init called
[2018.01.21-12.47.59:628][  0]LogUObjectArray: 41629 objects as part of root set at end of initial load.
[2018.01.21-12.47.59:628][  0]LogUObjectAllocator: 9543680 out of 0 bytes used by permanent object pool.
[2018.01.21-12.47.59:628][  0]LogUObjectArray: CloseDisregardForGC: 0/0 objects in disregard for GC pool
[2018.01.21-12.47.59:758][  0]LogEngine: Initializing Engine...
[2018.01.21-12.47.59:760][  0]LogHMD: Failed to initialize OpenVR with code 110
[2018.01.21-12.47.59:967][  0]LogStats: UGameplayTagsManager::ConstructGameplayTagTree: Construct from data asset -  0.000 s
[2018.01.21-12.47.59:967][  0]LogStats: UGameplayTagsManager::ConstructGameplayTagTree: GameplayTagTreeChangedEvent.Broadcast -  0.000 s
[2018.01.21-12.47.59:973][  0]LogInit: XAudio2 using '스피커(Realtek High Definition Audio)' : 2 channels at 48 kHz using 32 bits per sample (channel mask 0x3)
[2018.01.21-12.47.59:993][  0]LogInit: FAudioDevice initialized.
[2018.01.21-12.48.00:045][  0]LogInit: Texture streaming: Enabled
[2018.01.21-12.48.00:068][  0]LogMaterial: Uniform references updated for custom material expression Custom.
[2018.01.21-12.48.00:564][  0]LogInit: Warning: Passing commandline switches using / instead of - has been deprecated and will be removed in future versions of Unreal Engine.
[2018.01.21-12.48.00:614][  0]LogInit: Display: Game Engine Initialized.
[2018.01.21-12.48.00:614][  0]LogGameplayTags: Display: UGameplayTagsManager::DoneAddingNativeTags. DelegateIsBound: 0
[2018.01.21-12.48.00:818][  0]LogInit: Display: Starting Game.
[2018.01.21-12.48.00:818][  0]LogNet: Browse: /Game/pratice/wonseok/MultiPlay/Maps/MainMenu?Name=Player
[2018.01.21-12.48.00:818][  0]LogLoad: LoadMap: /Game/pratice/wonseok/MultiPlay/Maps/MainMenu?Name=Player
[2018.01.21-12.48.00:985][  0]LogAIModule: Creating AISystem for world MainMenu
[2018.01.21-12.48.00:985][  0]LogLoad: Game class is 'mainGameMode'
[2018.01.21-12.48.00:986][  0]LogWorld: Bringing World /Game/pratice/wonseok/MultiPlay/Maps/MainMenu.MainMenu up for play (max tick rate 0) at 2018.01.21-21.48.00
[2018.01.21-12.48.00:987][  0]LogWorld: Bringing up level for play took: 0.000393
[2018.01.21-12.48.00:987][  0]LogGameMode: FindPlayerStart: PATHS NOT DEFINED or NO PLAYERSTART with positive rating
[2018.01.21-12.48.01:018][  0]LogLoad: Took 0.199657 seconds to LoadMap(/Game/pratice/wonseok/MultiPlay/Maps/MainMenu)
[2018.01.21-12.48.01:022][  0]LogSlate: Took 0.002231 seconds to synchronously load lazily loaded font '../../../Engine/Content/Slate/Fonts/NanumGothic.ttf' (4243K)
[2018.01.21-12.48.01:269][  0]LogRenderer: Reallocating scene render targets to support 1280x720 Format 10 NumSamples 1 (Frame:1).
[2018.01.21-12.48.01:269][  0]LogLoad: (Engine Initialization) Total time: 14.61 seconds
[2018.01.21-12.48.01:269][  0]LogLoad: (Engine Initialization) Total Blueprint compile time: 0.00 seconds
[2018.01.21-12.48.01:269][  0]LogExternalProfiler: No external profilers were discovered.  External profiling features will not be available.
[2018.01.21-12.48.01:293][  0]LogContentStreaming: Texture pool size now 1000 MB
[2018.01.21-12.48.02:517][ 73]LogSlate: Took 0.000197 seconds to synchronously load lazily loaded font '../../../Engine/Content/Slate/Fonts/Roboto-Regular.ttf' (155K)
[2018.01.21-12.48.03:978][164]LogNetVersion: main 1.0.0.0, NetCL: 3709383, EngineNetVer: 2, GameNetVer: 0 (Checksum: 285256623)
[2018.01.21-12.48.03:980][164]LogInit: WinSock: I am DESKTOP-LOUV37F (192.168.0.8:0)
[2018.01.21-12.48.04:120][164]LogPackageName: SearchForPackageOnDisk took   0.139s to resolve testmap1.umap.
[2018.01.21-12.48.04:253][164]LogPackageName: SearchForPackageOnDisk took   0.129s to resolve testmap1.umap.
[2018.01.21-12.48.04:253][164]LogNet: Browse: /Game/pratice/wonseok/MultiPlay/Maps/testmap1?listen
[2018.01.21-12.48.04:253][164]LogLoad: LoadMap: /Game/pratice/wonseok/MultiPlay/Maps/testmap1?listen
[2018.01.21-12.48.05:235][164]LogBlueprint: Warning: [Compiler ThirdPersonCharacter_3] 입력 액션 이벤트가  click 입력 액션  에 대한 미확인 'click' 액션을 레퍼런싱합니다.
[2018.01.21-12.48.05:435][164]LogBlueprint: Warning: [Compiler ThirdPersonCharacter_3] [0018.78] ThirdPersonCharacter_3 컴파일에 성공했습니다만, 경고가 1 회 있습니다. [소요시간 567 ms] (/Game/pratice/wonseok/character/ThirdPersonCharacter_3.ThirdPersonCharacter_3)
[2018.01.21-12.48.06:259][164]LogAIModule: Creating AISystem for world testmap1
[2018.01.21-12.48.06:259][164]LogLoad: Game class is 'LobbyGM1_C'
[2018.01.21-12.48.06:260][164]LogOnline: Warning: STEAM: Steamworks: SteamUtils() failed!
[2018.01.21-12.48.06:260][164]LogOnline: Warning: STEAM: Steamworks: SteamUser() failed!
[2018.01.21-12.48.06:260][164]LogOnline: Warning: STEAM: Steamworks: SteamFriends() failed!
[2018.01.21-12.48.06:260][164]LogOnline: Warning: STEAM: Steamworks: SteamRemoteStorage() failed!
[2018.01.21-12.48.06:260][164]LogOnline: Warning: STEAM: Steamworks: SteamUserStats() failed!
[2018.01.21-12.48.06:260][164]LogOnline: Warning: STEAM: Steamworks: SteamMatchmakingServers() failed!
[2018.01.21-12.48.06:260][164]LogOnline: Warning: STEAM: Steamworks: SteamApps() failed!
[2018.01.21-12.48.06:260][164]LogOnline: Warning: STEAM: Steamworks: SteamNetworking() failed!
[2018.01.21-12.48.06:260][164]LogOnline: Warning: STEAM: Steamworks: SteamMatchmaking() failed!
[2018.01.21-12.48.06:260][164]LogOnline: Display: STEAM: OnlineSubsystemSteam::Shutdown()
[2018.01.21-12.48.06:260][164]LogOnline: Warning: STEAM: Steam API failed to initialize!
[2018.01.21-12.48.06:260][164]LogOnline: Display: STEAM: OnlineSubsystemSteam::Shutdown()
[2018.01.21-12.48.06:261][164]LogTemp: Display: ParseSettings for GameNetDriver
[2018.01.21-12.48.06:261][164]LogTemp: Display: ParseSettings for IpNetDriver_0
[2018.01.21-12.48.06:261][164]LogTemp: Display: ParseSettings for GameNetDriver
[2018.01.21-12.48.06:261][164]LogInit: WinSock: Socket queue 131072 / 131072
[2018.01.21-12.48.06:261][164]PacketHandlerLog: Loaded PacketHandler component: Engine.EngineHandlerComponentFactory (StatelessConnectHandlerComponent)
[2018.01.21-12.48.06:261][164]LogNet: GameNetDriver IpNetDriver_0 IpNetDriver listening on port 7777
[2018.01.21-12.48.06:263][164]LogWorld: Bringing World /Game/pratice/wonseok/MultiPlay/Maps/testmap1.testmap1 up for play (max tick rate 0) at 2018.01.21-21.48.06
[2018.01.21-12.48.06:263][164]LogWorld: Bringing up level for play took: 0.001253
[2018.01.21-12.48.06:281][164]LogGameMode: Display: Match State Changed from EnteringMap to WaitingToStart
[2018.01.21-12.48.06:281][164]LogGameState: Match State Changed from EnteringMap to WaitingToStart
[2018.01.21-12.48.06:281][164]LogGameMode: Display: Match State Changed from WaitingToStart to InProgress
[2018.01.21-12.48.06:282][164]LogGameState: Match State Changed from WaitingToStart to InProgress
[2018.01.21-12.48.06:282][164]LogLoad: Took 2.029075 seconds to LoadMap(/Game/pratice/wonseok/MultiPlay/Maps/testmap1)
[2018.01.21-12.48.06:335][165]LogScript: Warning: K2Node_DynamicCast_AsThird_Person_Character_3 프로퍼티를 읽으려던 중 None 에 접근했습니다.
	wonseokanimBP_C /Game/pratice/wonseok/MultiPlay/Maps/testmap1.testmap1:PersistentLevel.Base_C_1.CharacterMesh0.wonseokanimBP_C_1
	Function /Game/pratice/wonseok/character/wonseokanimBP.wonseokanimBP_C:ExecuteUbergraph_wonseokanimBP:0D30
[2018.01.21-12.48.06:335][165]LogScript: Warning: Script call stack:
	Function /Game/pratice/wonseok/character/wonseokanimBP.wonseokanimBP_C:AnimNotify_Launch
	Function /Game/pratice/wonseok/character/wonseokanimBP.wonseokanimBP_C:ExecuteUbergraph_wonseokanimBP

[2018.01.21-12.48.06:335][165]LogScript: Warning: K2Node_DynamicCast_AsThird_Person_Character_3 프로퍼티를 읽으려던 중 None 에 접근했습니다.
	wonseokanimBP_C /Game/pratice/wonseok/MultiPlay/Maps/testmap1.testmap1:PersistentLevel.Base_C_1.CharacterMesh0.wonseokanimBP_C_1
	Function /Game/pratice/wonseok/character/wonseokanimBP.wonseokanimBP_C:ExecuteUbergraph_wonseokanimBP:0D0B
[2018.01.21-12.48.06:335][165]LogScript: Warning: Script call stack:
	Function /Game/pratice/wonseok/character/wonseokanimBP.wonseokanimBP_C:AnimNotify_CameraShake
	Function /Game/pratice/wonseok/character/wonseokanimBP.wonseokanimBP_C:ExecuteUbergraph_wonseokanimBP

[2018.01.21-12.48.06:606][181]LogScript: Warning: K2Node_DynamicCast_AsThird_Person_Character_3 프로퍼티를 읽으려던 중 None 에 접근했습니다.
	wonseokanimBP_C /Game/pratice/wonseok/MultiPlay/Maps/testmap1.testmap1:PersistentLevel.Base_C_1.CharacterMesh0.wonseokanimBP_C_1
	Function /Game/pratice/wonseok/character/wonseokanimBP.wonseokanimBP_C:ExecuteUbergraph_wonseokanimBP:0AEC
[2018.01.21-12.48.06:606][181]LogScript: Warning: Script call stack:
	Function /Game/pratice/wonseok/character/wonseokanimBP.wonseokanimBP_C:AnimNotify_Chain
	Function /Game/pratice/wonseok/character/wonseokanimBP.wonseokanimBP_C:ExecuteUbergraph_wonseokanimBP

[2018.01.21-12.48.06:897][199]LogScript: Warning: K2Node_DynamicCast_AsThird_Person_Character_3 프로퍼티를 읽으려던 중 None 에 접근했습니다.
	wonseokanimBP_C /Game/pratice/wonseok/MultiPlay/Maps/testmap1.testmap1:PersistentLevel.Base_C_1.CharacterMesh0.wonseokanimBP_C_1
	Function /Game/pratice/wonseok/character/wonseokanimBP.wonseokanimBP_C:ExecuteUbergraph_wonseokanimBP:0D55
[2018.01.21-12.48.06:897][199]LogScript: Warning: Script call stack:
	Function /Game/pratice/wonseok/character/wonseokanimBP.wonseokanimBP_C:AnimNotify_Reset
	Function /Game/pratice/wonseok/character/wonseokanimBP.wonseokanimBP_C:ExecuteUbergraph_wonseokanimBP

[2018.01.21-12.48.06:897][199]LogScript: Warning: K2Node_DynamicCast_AsThird_Person_Character_3 프로퍼티를 읽으려던 중 None 에 접근했습니다.
	wonseokanimBP_C /Game/pratice/wonseok/MultiPlay/Maps/testmap1.testmap1:PersistentLevel.Base_C_1.CharacterMesh0.wonseokanimBP_C_1
	Function /Game/pratice/wonseok/character/wonseokanimBP.wonseokanimBP_C:ExecuteUbergraph_wonseokanimBP:0B40
[2018.01.21-12.48.06:897][199]LogScript: Warning: Script call stack:
	Function /Game/pratice/wonseok/character/wonseokanimBP.wonseokanimBP_C:AnimNotify_Reset
	Function /Game/pratice/wonseok/character/wonseokanimBP.wonseokanimBP_C:ExecuteUbergraph_wonseokanimBP

[2018.01.21-12.48.06:897][199]LogScript: Warning: None 에 접근
	wonseokanimBP_C /Game/pratice/wonseok/MultiPlay/Maps/testmap1.testmap1:PersistentLevel.Base_C_1.CharacterMesh0.wonseokanimBP_C_1
	Function /Game/pratice/wonseok/character/wonseokanimBP.wonseokanimBP_C:ExecuteUbergraph_wonseokanimBP:0B55
[2018.01.21-12.48.06:897][199]LogScript: Warning: Script call stack:
	Function /Game/pratice/wonseok/character/wonseokanimBP.wonseokanimBP_C:AnimNotify_Reset
	Function /Game/pratice/wonseok/character/wonseokanimBP.wonseokanimBP_C:ExecuteUbergraph_wonseokanimBP

[2018.01.21-12.48.06:897][199]LogScript: Warning: None 에 할당하려 했습니다.
	wonseokanimBP_C /Game/pratice/wonseok/MultiPlay/Maps/testmap1.testmap1:PersistentLevel.Base_C_1.CharacterMesh0.wonseokanimBP_C_1
	Function /Game/pratice/wonseok/character/wonseokanimBP.wonseokanimBP_C:ExecuteUbergraph_wonseokanimBP:0B6A
[2018.01.21-12.48.06:897][199]LogScript: Warning: Script call stack:
	Function /Game/pratice/wonseok/character/wonseokanimBP.wonseokanimBP_C:AnimNotify_Reset
	Function /Game/pratice/wonseok/character/wonseokanimBP.wonseokanimBP_C:ExecuteUbergraph_wonseokanimBP

[2018.01.21-12.48.20:386][ 25]LogWindowsTextInputMethodSystem: Display: IME system now activated using TSF (Microsoft 입력기).
[2018.01.21-12.48.20:393][ 25]LogWindowsTextInputMethodSystem: Display: IME system now activated using TSF (Microsoft 입력기).
[2018.01.21-12.48.20:397][ 25]LogScriptCore: Warning: Script Msg: DestroySession - Invalid player state
[2018.01.21-12.48.20:398][ 25]LogEngine: All Windows Closed
[2018.01.21-12.48.20:398][ 25]LogWindows: FPlatformMisc::RequestExit(0)
[2018.01.21-12.48.20:407][ 26]LogNet: World NetDriver shutdown IpNetDriver_0 [GameNetDriver]
[2018.01.21-12.48.20:407][ 26]LogNet: DestroyNamedNetDriver IpNetDriver_0 [GameNetDriver]
[2018.01.21-12.48.20:407][ 26]LogExit: GameNetDriver IpNetDriver_0 shut down
[2018.01.21-12.48.20:774][ 26]LogExit: Preparing to exit.
[2018.01.21-12.48.20:774][ 26]LogMoviePlayer: Shutting down movie player
[2018.01.21-12.48.21:903][ 26]LogExit: Game engine shut down
[2018.01.21-12.48.22:047][ 26]LogExit: Object subsystem successfully closed.
[2018.01.21-12.48.22:073][ 26]LogD3D11RHI: Shutdown
[2018.01.21-12.48.22:074][ 26]LogD3D11RHI: CleanupD3DDevice
[2018.01.21-12.48.22:076][ 26]LogD3D11RHI: ~FD3D11DynamicRHI
[2018.01.21-12.48.22:088][ 26]LogModuleManager: Shutting down and abandoning module SequenceRecorderSections (318)
[2018.01.21-12.48.22:088][ 26]LogModuleManager: Shutting down and abandoning module SequenceRecorder (316)
[2018.01.21-12.48.22:088][ 26]LogModuleManager: Shutting down and abandoning module AutomationController (314)
[2018.01.21-12.48.22:088][ 26]LogModuleManager: Shutting down and abandoning module AutomationWorker (312)
[2018.01.21-12.48.22:088][ 26]LogModuleManager: Shutting down and abandoning module Voice (310)
[2018.01.21-12.48.22:088][ 26]LogModuleManager: Shutting down and abandoning module AIModule (308)
[2018.01.21-12.48.22:088][ 26]LogModuleManager: Shutting down and abandoning module GameplayDebugger (307)
[2018.01.21-12.48.22:088][ 26]LogModuleManager: Shutting down and abandoning module AITestSuite (305)
[2018.01.21-12.48.22:088][ 26]LogModuleManager: Shutting down and abandoning module WmfMediaFactory (302)
[2018.01.21-12.48.22:088][ 26]LogModuleManager: Shutting down and abandoning module OpenExrWrapper (300)
[2018.01.21-12.48.22:088][ 26]LogModuleManager: Shutting down and abandoning module ImgMediaFactory (298)
[2018.01.21-12.48.22:088][ 26]LogModuleManager: Shutting down and abandoning module AvfMediaFactory (296)
[2018.01.21-12.48.22:088][ 26]LogModuleManager: Shutting down and abandoning module CharacterAI (294)
[2018.01.21-12.48.22:088][ 26]LogModuleManager: Shutting down and abandoning module SessionServices (292)
[2018.01.21-12.48.22:088][ 26]LogModuleManager: Shutting down and abandoning module MovieSceneCapture (290)
[2018.01.21-12.48.22:088][ 26]LogModuleManager: Shutting down and abandoning module MovieSceneTracks (288)
[2018.01.21-12.48.22:088][ 26]LogModuleManager: Shutting down and abandoning module MovieScene (286)
[2018.01.21-12.48.22:088][ 26]LogModuleManager: Shutting down and abandoning module GeometryCache (284)
[2018.01.21-12.48.22:088][ 26]LogModuleManager: Shutting down and abandoning module GeometryCacheEd (283)
[2018.01.21-12.48.22:088][ 26]LogModuleManager: Shutting down and abandoning module StreamingPauseRendering (280)
[2018.01.21-12.48.22:088][ 26]LogModuleManager: Shutting down and abandoning module PortalServices (278)
[2018.01.21-12.48.22:088][ 26]LogModuleManager: Shutting down and abandoning module PortalRpc (276)
[2018.01.21-12.48.22:088][ 26]LogModuleManager: Shutting down and abandoning module MessagingRpc (274)
[2018.01.21-12.48.22:088][ 26]LogModuleManager: Shutting down and abandoning module ProfilerService (272)
[2018.01.21-12.48.22:245][ 26]LogModuleManager: Shutting down and abandoning module TaskGraph (270)
[2018.01.21-12.48.22:245][ 26]LogModuleManager: Shutting down and abandoning module SteamVRController (268)
[2018.01.21-12.48.22:245][ 26]LogModuleManager: Shutting down and abandoning module ProceduralMeshComponent (266)
[2018.01.21-12.48.22:245][ 26]LogModuleManager: Shutting down and abandoning module OculusInput (264)
[2018.01.21-12.48.22:245][ 26]LogModuleManager: Shutting down and abandoning module MobilePatchingUtils (262)
[2018.01.21-12.48.22:245][ 26]LogModuleManager: Shutting down and abandoning module CustomMeshComponent (260)
[2018.01.21-12.48.22:245][ 26]LogModuleManager: Shutting down and abandoning module CableComponent (258)
[2018.01.21-12.48.22:245][ 26]LogModuleManager: Shutting down and abandoning module ArchVisCharacter (256)
[2018.01.21-12.48.22:245][ 26]LogModuleManager: Shutting down and abandoning module AndroidPermission (254)
[2018.01.21-12.48.22:245][ 26]LogModuleManager: Shutting down and abandoning module ActorSequence (252)
[2018.01.21-12.48.22:245][ 26]LogModuleManager: Shutting down and abandoning module MediaCompositing (250)
[2018.01.21-12.48.22:245][ 26]LogModuleManager: Shutting down and abandoning module HTML5Networking (248)
[2018.01.21-12.48.22:245][ 26]LogModuleManager: Shutting down and abandoning module VisualStudioSourceCodeAccess (246)
[2018.01.21-12.48.22:245][ 26]LogModuleManager: Shutting down and abandoning module HotReload (245)
[2018.01.21-12.48.22:245][ 26]LogDirectoryWatcher: A directory notification for 'D:/20180120/set/main/Binaries/Win64' was aborted.
[2018.01.21-12.48.22:245][ 26]LogModuleManager: Shutting down and abandoning module VisualStudioCodeSourceCodeAccess (242)
[2018.01.21-12.48.22:245][ 26]LogModuleManager: Shutting down and abandoning module UObjectPlugin (240)
[2018.01.21-12.48.22:245][ 26]LogModuleManager: Shutting down and abandoning module SubversionSourceControl (238)
[2018.01.21-12.48.22:245][ 26]LogModuleManager: Shutting down and abandoning module PerforceSourceControl (236)
[2018.01.21-12.48.22:245][ 26]LogModuleManager: Shutting down and abandoning module SourceControl (235)
[2018.01.21-12.48.22:245][ 26]LogModuleManager: Shutting down and abandoning module main (232)
[2018.01.21-12.48.22:245][ 26]LogModuleManager: Shutting down and abandoning module RuntimePhysXCooking (230)
[2018.01.21-12.48.22:245][ 26]LogModuleManager: Shutting down and abandoning module PhysXVehiclesEditor (228)
[2018.01.21-12.48.22:245][ 26]LogModuleManager: Shutting down and abandoning module PhysXVehicles (226)
[2018.01.21-12.48.22:245][ 26]LogModuleManager: Shutting down and abandoning module LocationServicesBPLibrary (224)
[2018.01.21-12.48.22:245][ 26]LogModuleManager: Shutting down and abandoning module ImmediatePhysicsEditor (222)
[2018.01.21-12.48.22:245][ 26]LogModuleManager: Shutting down and abandoning module ImmediatePhysics (220)
[2018.01.21-12.48.22:245][ 26]LogModuleManager: Shutting down and abandoning module UdpMessaging (218)
[2018.01.21-12.48.22:346][ 26]LogModuleManager: Shutting down and abandoning module TcpMessaging (216)
[2018.01.21-12.48.22:698][ 26]LogModuleManager: Shutting down and abandoning module GameplayTagsEditor (214)
[2018.01.21-12.48.22:698][ 26]LogModuleManager: Shutting down and abandoning module FacialAnimation (212)
[2018.01.21-12.48.22:698][ 26]LogModuleManager: Shutting down and abandoning module AssetManagerEditor (210)
[2018.01.21-12.48.22:698][ 26]LogModuleManager: Shutting down and abandoning module GraphEditor (209)
[2018.01.21-12.48.22:698][ 26]LogModuleManager: Shutting down and abandoning module ContentBrowser (207)
[2018.01.21-12.48.22:698][ 26]LogModuleManager: Shutting down and abandoning module CollectionManager (206)
[2018.01.21-12.48.22:698][ 26]LogDirectoryWatcher: A directory notification for 'D:/20180120/set/main/Content/Collections/' was aborted.
[2018.01.21-12.48.22:698][ 26]LogDirectoryWatcher: A directory notification for 'D:/20180120/set/main/Content/Developers/choiw/Collections/' was aborted.
[2018.01.21-12.48.22:698][ 26]LogDirectoryWatcher: A directory notification for 'D:/20180120/set/main/Saved/Collections/' was aborted.
[2018.01.21-12.48.22:698][ 26]LogModuleManager: Shutting down and abandoning module DirectoryWatcher (205)
[2018.01.21-12.48.22:698][ 26]LogModuleManager: Shutting down and abandoning module LightPropagationVolumeRuntime (200)
[2018.01.21-12.48.22:698][ 26]LogModuleManager: Shutting down and abandoning module Paper2D (198)
[2018.01.21-12.48.22:698][ 26]LogModuleManager: Shutting down and abandoning module WindowsMoviePlayer (196)
[2018.01.21-12.48.22:699][ 26]LogModuleManager: Shutting down and abandoning module WmfMedia (194)
[2018.01.21-12.48.22:701][ 26]LogModuleManager: Shutting down and abandoning module ImgMedia (192)
[2018.01.21-12.48.22:701][ 26]LogModuleManager: Shutting down and abandoning module PacketHandler (190)
[2018.01.21-12.48.22:701][ 26]LogModuleManager: Shutting down and abandoning module ClothingSystemEditor (188)
[2018.01.21-12.48.22:701][ 26]LogModuleManager: Shutting down and abandoning module ClothingSystemRuntime (186)
[2018.01.21-12.48.22:701][ 26]LogModuleManager: Shutting down and abandoning module MediaAssets (184)
[2018.01.21-12.48.22:701][ 26]LogModuleManager: Shutting down and abandoning module Media (183)
[2018.01.21-12.48.22:707][ 26]LogModuleManager: Shutting down and abandoning module Overlay (180)
[2018.01.21-12.48.22:707][ 26]LogModuleManager: Shutting down and abandoning module OverlayEditor (179)
[2018.01.21-12.48.22:707][ 26]LogModuleManager: Shutting down and abandoning module VREditor (176)
[2018.01.21-12.48.22:707][ 26]LogModuleManager: Shutting down and abandoning module StringTableEditor (174)
[2018.01.21-12.48.22:707][ 26]LogModuleManager: Shutting down and abandoning module GameplayTasksEditor (172)
[2018.01.21-12.48.22:707][ 26]LogModuleManager: Shutting down and abandoning module BehaviorTreeEditor (170)
[2018.01.21-12.48.22:707][ 26]LogModuleManager: Shutting down and abandoning module FunctionalTesting (168)
[2018.01.21-12.48.22:707][ 26]LogModuleManager: Shutting down and abandoning module CollisionAnalyzer (166)
[2018.01.21-12.48.22:707][ 26]LogModuleManager: Shutting down and abandoning module WorkspaceMenuStructure (165)
[2018.01.21-12.48.22:707][ 26]LogModuleManager: Shutting down and abandoning module UMG (162)
[2018.01.21-12.48.22:707][ 26]LogModuleManager: Shutting down and abandoning module UMGEditor (161)
[2018.01.21-12.48.22:707][ 26]LogModuleManager: Shutting down and abandoning module Sequencer (160)
[2018.01.21-12.48.22:707][ 26]LogModuleManager: Shutting down and abandoning module MessageLog (157)
[2018.01.21-12.48.22:707][ 26]LogModuleManager: Shutting down and abandoning module SlateReflector (152)
[2018.01.21-12.48.22:707][ 26]LogModuleManager: Shutting down and abandoning module Slate (150)
[2018.01.21-12.48.22:707][ 26]LogModuleManager: Shutting down and abandoning module EditorStyle (148)
[2018.01.21-12.48.22:709][ 26]LogModuleManager: Shutting down and abandoning module MRMesh (146)
[2018.01.21-12.48.22:709][ 26]LogModuleManager: Shutting down and abandoning module Messaging (144)
[2018.01.21-12.48.22:709][ 26]LogModuleManager: Shutting down and abandoning module SourceCodeAccess (142)
[2018.01.21-12.48.22:709][ 26]LogModuleManager: Shutting down and abandoning module HeadMountedDisplay (140)
[2018.01.21-12.48.22:709][ 26]LogModuleManager: Shutting down and abandoning module XAudio2 (138)
[2018.01.21-12.48.22:709][ 26]LogModuleManager: Shutting down and abandoning module Networking (136)
[2018.01.21-12.48.22:709][ 26]LogModuleManager: Shutting down and abandoning module Core (134)
[2018.01.21-12.48.22:709][ 26]LogModuleManager: Shutting down and abandoning module LevelSequence (132)
[2018.01.21-12.48.22:709][ 26]LogModuleManager: Shutting down and abandoning module KismetCompiler (130)
[2018.01.21-12.48.22:709][ 26]LogModuleManager: Shutting down and abandoning module MeshUtilities (128)
[2018.01.21-12.48.22:709][ 26]LogModuleManager: Shutting down and abandoning module MeshMergeUtilities (127)
[2018.01.21-12.48.22:709][ 26]LogModuleManager: Shutting down and abandoning module MeshReductionInterface (126)
[2018.01.21-12.48.22:709][ 26]LogModuleManager: Shutting down and abandoning module SimplygonSwarm (125)
[2018.01.21-12.48.22:709][ 26]LogModuleManager: Shutting down and abandoning module SimplygonMeshReduction (123)
[2018.01.21-12.48.22:709][ 26]LogModuleManager: Shutting down and abandoning module QuadricMeshReduction (121)
[2018.01.21-12.48.22:709][ 26]LogModuleManager: Shutting down and abandoning module MaterialBaking (117)
[2018.01.21-12.48.22:709][ 26]LogModuleManager: Shutting down and abandoning module DerivedDataCache (112)
[2018.01.21-12.48.23:150][ 26]LogDerivedDataCache: Shutdown
[2018.01.21-12.48.23:150][ 26]LogModuleManager: Shutting down and abandoning module TargetPlatform (110)
[2018.01.21-12.48.23:150][ 26]LogModuleManager: Shutting down and abandoning module VulkanShaderFormat (109)
[2018.01.21-12.48.23:150][ 26]LogModuleManager: Shutting down and abandoning module ShaderFormatVectorVM (107)
[2018.01.21-12.48.23:150][ 26]LogModuleManager: Shutting down and abandoning module ShaderFormatOpenGL (105)
[2018.01.21-12.48.23:150][ 26]LogModuleManager: Shutting down and abandoning module ShaderFormatD3D (103)
[2018.01.21-12.48.23:150][ 26]LogModuleManager: Shutting down and abandoning module MetalShaderFormat (101)
[2018.01.21-12.48.23:150][ 26]LogModuleManager: Shutting down and abandoning module TextureFormatUncompressed (99)
[2018.01.21-12.48.23:150][ 26]LogModuleManager: Shutting down and abandoning module TextureFormatPVR (97)
[2018.01.21-12.48.23:150][ 26]LogModuleManager: Shutting down and abandoning module TextureFormatDXT (95)
[2018.01.21-12.48.23:150][ 26]LogModuleManager: Shutting down and abandoning module TextureFormatIntelISPCTexComp (93)
[2018.01.21-12.48.23:150][ 26]LogModuleManager: Shutting down and abandoning module TextureFormatASTC (91)
[2018.01.21-12.48.23:150][ 26]LogModuleManager: Shutting down and abandoning module ImageWrapper (90)
[2018.01.21-12.48.23:150][ 26]LogModuleManager: Shutting down and abandoning module TextureFormatAndroid (87)
[2018.01.21-12.48.23:150][ 26]LogModuleManager: Shutting down and abandoning module AudioFormatOpus (85)
[2018.01.21-12.48.23:150][ 26]LogModuleManager: Shutting down and abandoning module AudioFormatOgg (83)
[2018.01.21-12.48.23:150][ 26]LogModuleManager: Shutting down and abandoning module AudioFormatADPCM (81)
[2018.01.21-12.48.23:150][ 26]LogModuleManager: Shutting down and abandoning module WindowsTargetPlatform (79)
[2018.01.21-12.48.23:150][ 26]LogModuleManager: Shutting down and abandoning module WindowsServerTargetPlatform (77)
[2018.01.21-12.48.23:150][ 26]LogModuleManager: Shutting down and abandoning module WindowsNoEditorTargetPlatform (75)
[2018.01.21-12.48.23:150][ 26]LogModuleManager: Shutting down and abandoning module WindowsClientTargetPlatform (73)
[2018.01.21-12.48.23:150][ 26]LogModuleManager: Shutting down and abandoning module InputCore (70)
[2018.01.21-12.48.23:150][ 26]LogModuleManager: Shutting down and abandoning module Settings (68)
[2018.01.21-12.48.23:150][ 26]LogModuleManager: Shutting down and abandoning module PhysXCooking (66)
[2018.01.21-12.48.23:150][ 26]LogModuleManager: Shutting down and abandoning module SteamVR (64)
[2018.01.21-12.48.23:150][ 26]LogModuleManager: Shutting down and abandoning module OculusHMD (62)
[2018.01.21-12.48.23:150][ 26]LogModuleManager: Shutting down and abandoning module ExampleDeviceProfileSelector (60)
[2018.01.21-12.48.23:150][ 26]LogModuleManager: Shutting down and abandoning module AppleARKit (58)
[2018.01.21-12.48.23:150][ 26]LogModuleManager: Shutting down and abandoning module AugmentedReality (57)
[2018.01.21-12.48.23:150][ 26]LogModuleManager: Shutting down and abandoning module OnlineBlueprintSupport (54)
[2018.01.21-12.48.23:151][ 26]LogModuleManager: Shutting down and abandoning module OnlineSubsystem (50)
[2018.01.21-12.48.23:151][ 26]LogOnline: Display: OSS: FOnlineSubsystemNull::Shutdown()
[2018.01.21-12.48.23:151][ 26]LogOnline: Display: OSS: FOnlineAsyncTaskManager::Stop() ActiveTask:0000000000000000 Tasks[0/0]
[2018.01.21-12.48.23:151][ 26]LogOnline: Display: OSS: FOnlineAsyncTaskManager::Exit() started
[2018.01.21-12.48.23:151][ 26]LogOnline: Display: OSS: FOnlineAsyncTaskManager::Exit() finished
[2018.01.21-12.48.23:151][ 26]LogModuleManager: Shutting down and abandoning module XMPP (43)
[2018.01.21-12.48.23:152][ 26]LogModuleManager: Shutting down and abandoning module HTTP (41)
[2018.01.21-12.48.23:155][ 26]LogModuleManager: Shutting down and abandoning module SSL (40)
[2018.01.21-12.48.23:156][ 26]LogModuleManager: Shutting down and abandoning module AnimationModifiers (36)
[2018.01.21-12.48.23:157][ 26]LogModuleManager: Shutting down and abandoning module PropertyEditor (35)
[2018.01.21-12.48.23:157][ 26]LogModuleManager: Shutting down and abandoning module AudioEditor (32)
[2018.01.21-12.48.23:157][ 26]LogModuleManager: Shutting down and abandoning module TextureCompressor (30)
[2018.01.21-12.48.23:157][ 26]LogModuleManager: Shutting down and abandoning module ShaderCore (28)
[2018.01.21-12.48.23:157][ 26]LogModuleManager: Shutting down and abandoning module Landscape (26)
[2018.01.21-12.48.23:157][ 26]LogModuleManager: Shutting down and abandoning module SlateRHIRenderer (24)
[2018.01.21-12.48.23:159][ 26]LogModuleManager: Shutting down and abandoning module OpenGLDrv (22)
[2018.01.21-12.48.23:159][ 26]LogModuleManager: Shutting down and abandoning module D3D11RHI (20)
[2018.01.21-12.48.23:159][ 26]LogModuleManager: Shutting down and abandoning module AnimGraphRuntime (18)
[2018.01.21-12.48.23:159][ 26]LogModuleManager: Shutting down and abandoning module Renderer (16)
[2018.01.21-12.48.23:159][ 26]LogModuleManager: Shutting down and abandoning module Engine (14)
[2018.01.21-12.48.23:159][ 26]LogModuleManager: Shutting down and abandoning module CoreUObject (12)
[2018.01.21-12.48.23:159][ 26]LogModuleManager: Shutting down and abandoning module NetworkFile (10)
[2018.01.21-12.48.23:159][ 26]LogModuleManager: Shutting down and abandoning module CookedIterativeFile (8)
[2018.01.21-12.48.23:159][ 26]LogModuleManager: Shutting down and abandoning module StreamingFile (6)
[2018.01.21-12.48.23:159][ 26]LogModuleManager: Shutting down and abandoning module SandboxFile (4)
[2018.01.21-12.48.23:159][ 26]LogModuleManager: Shutting down and abandoning module PakFile (2)
[2018.01.21-12.48.23:162][ 26]LogExit: Exiting.
[2018.01.21-12.48.23:164][ 26]Log file closed, 01/21/18 21:48:23
