Log file open, 12/22/17 20:38:43
LogWindows: Failed to load 'aqProf.dll' (GetLastError=126)
LogWindows: File 'aqProf.dll' does not exist
LogWindows: Failed to load 'VSPerf140.dll' (GetLastError=126)
LogWindows: File 'VSPerf140.dll' does not exist
LogWindows: Failed to load 'VtuneApi.dll' (GetLastError=126)
LogWindows: File 'VtuneApi.dll' does not exist
LogWindows: Failed to load 'VtuneApi32e.dll' (GetLastError=126)
LogWindows: File 'VtuneApi32e.dll' does not exist
LogInit: Display: Running engine for game: allinone
LogPlatformFile: Not using cached read wrapper
LogInit: Display: RandInit(-1063415000) SRandInit(-1063415000).
LogInit: Read version file with build ID '3709383'
LogInit: Overriding engine version to CL 3794801, compatible CL 3709383
LogInit: Registered custom module enumerator with build ID '3709383'
LogTaskGraph: Started task graph with 5 named threads and 14 total threads with 3 sets of task threads.
LogStats: Stats thread started at 0.199191
LogD3D11RHI: Aftermath initialized
LogPluginManager: Mounting plugin Paper2D
LogPluginManager: Mounting plugin LightPropagationVolume
LogPluginManager: Mounting plugin CodeLiteSourceCodeAccess
LogPluginManager: Mounting plugin GitSourceControl
LogPluginManager: Mounting plugin KDevelopSourceCodeAccess
LogPluginManager: Mounting plugin NullSourceCodeAccess
LogPluginManager: Mounting plugin PerforceSourceControl
LogPluginManager: Mounting plugin SubversionSourceControl
LogPluginManager: Mounting plugin UObjectPlugin
LogPluginManager: Mounting plugin VisualStudioCodeSourceCodeAccess
LogPluginManager: Mounting plugin VisualStudioSourceCodeAccess
LogPluginManager: Mounting plugin XCodeSourceCodeAccess
LogPluginManager: Mounting plugin AssetManagerEditor
LogPluginManager: Mounting plugin AudioCapture
LogPluginManager: Mounting plugin FacialAnimation
LogPluginManager: Mounting plugin GameplayTagsEditor
LogPluginManager: Mounting plugin MobileLauncherProfileWizard
LogPluginManager: Mounting plugin PluginBrowser
LogPluginManager: Mounting plugin SpeedTreeImporter
LogPluginManager: Mounting plugin AlembicImporter
LogPluginManager: Mounting plugin CharacterAI
LogPluginManager: Mounting plugin HTML5Networking
LogPluginManager: Mounting plugin AndroidMedia
LogPluginManager: Mounting plugin AvfMedia
LogPluginManager: Mounting plugin ImgMedia
LogPluginManager: Mounting plugin MediaCompositing
LogPluginManager: Mounting plugin MediaPlayerEditor
LogPluginManager: Mounting plugin WmfMedia
LogPluginManager: Mounting plugin TcpMessaging
LogPluginManager: Mounting plugin UdpMessaging
LogPluginManager: Mounting plugin ActorSequence
LogPluginManager: Mounting plugin LevelSequenceEditor
LogPluginManager: Mounting plugin MatineeToLevelSequence
LogPluginManager: Mounting plugin OnlineSubsystemGooglePlay
LogPluginManager: Mounting plugin OnlineSubsystemIOS
LogPluginManager: Mounting plugin OnlineSubsystem
LogPluginManager: Mounting plugin OnlineSubsystemNull
LogPluginManager: Mounting plugin OnlineSubsystemUtils
LogPluginManager: Mounting plugin AndroidDeviceProfileSelector
LogPluginManager: Mounting plugin AndroidMoviePlayer
LogPluginManager: Mounting plugin AndroidPermission
LogPluginManager: Mounting plugin ApexDestruction
LogPluginManager: Mounting plugin AppleARKit
LogPluginManager: Mounting plugin AppleMoviePlayer
LogPluginManager: Mounting plugin ArchVisCharacter
LogPluginManager: Mounting plugin CableComponent
LogPluginManager: Mounting plugin CustomMeshComponent
LogPluginManager: Mounting plugin ExampleDeviceProfileSelector
LogPluginManager: Mounting plugin GoogleCloudMessaging
LogPluginManager: Mounting plugin ImmediatePhysics
LogPluginManager: Mounting plugin IOSDeviceProfileSelector
LogPluginManager: Mounting plugin LinuxDeviceProfileSelector
LogPluginManager: Mounting plugin LocationServicesBPLibrary
LogPluginManager: Mounting plugin MobilePatchingUtils
LogPluginManager: Mounting plugin OculusVR
LogPluginManager: Plugin shader directory ../../../Engine/Plugins/Runtime/Oculus/OculusVR/Shaders found
LogPluginManager: Mapping shader source directory ../../../Engine/Plugins/Runtime/Oculus/OculusVR/Shaders to virtual directory /Plugin/OculusVR
LogPluginManager: Mounting plugin PhysXVehicles
LogPluginManager: Mounting plugin ProceduralMeshComponent
LogPluginManager: Mounting plugin RuntimePhysXCooking
LogPluginManager: Mounting plugin SteamVR
LogPluginManager: Mounting plugin WindowsMoviePlayer
LogModuleManager: Display: Found up-to-date module file ../../../../../../Users/강망/Desktop/새 폴더 (4)/Binaries/Win64/UE4Editor-allinone-3517.dll (API version 3709383).
LogModuleManager: Display: Found up-to-date module file ../../../Engine/Plugins/2D/Paper2D/Binaries/Win64/UE4Editor-Paper2D.dll (API version 3709383).
LogModuleManager: Display: Found up-to-date module file ../../../Engine/Plugins/2D/Paper2D/Binaries/Win64/UE4Editor-Paper2DEditor.dll (API version 3709383).
LogModuleManager: Display: Found up-to-date module file ../../../Engine/Plugins/2D/Paper2D/Binaries/Win64/UE4Editor-PaperSpriteSheetImporter.dll (API version 3709383).
LogModuleManager: Display: Found up-to-date module file ../../../Engine/Plugins/2D/Paper2D/Binaries/Win64/UE4Editor-PaperTiledImporter.dll (API version 3709383).
LogModuleManager: Display: Found up-to-date module file ../../../Engine/Plugins/2D/Paper2D/Binaries/Win64/UE4Editor-SmartSnapping.dll (API version 3709383).
LogModuleManager: Display: Found up-to-date module file ../../../Engine/Plugins/Blendables/LightPropagationVolume/Binaries/Win64/UE4Editor-LightPropagationVolumeRuntime.dll (API version 3709383).
LogModuleManager: Display: Found up-to-date module file ../../../Engine/Plugins/Blendables/LightPropagationVolume/Binaries/Win64/UE4Editor-LightPropagationVolumeEditor.dll (API version 3709383).
LogModuleManager: Display: Found up-to-date module file ../../../Engine/Plugins/Developer/GitSourceControl/Binaries/Win64/UE4Editor-GitSourceControl.dll (API version 3709383).
LogModuleManager: Display: Found up-to-date module file ../../../Engine/Plugins/Developer/PerforceSourceControl/Binaries/Win64/UE4Editor-PerforceSourceControl.dll (API version 3709383).
LogModuleManager: Display: Found up-to-date module file ../../../Engine/Plugins/Developer/SubversionSourceControl/Binaries/Win64/UE4Editor-SubversionSourceControl.dll (API version 3709383).
LogModuleManager: Display: Found up-to-date module file ../../../Engine/Plugins/Developer/UObjectPlugin/Binaries/Win64/UE4Editor-UObjectPlugin.dll (API version 3709383).
LogModuleManager: Display: Found up-to-date module file ../../../Engine/Plugins/Developer/VisualStudioCodeSourceCodeAccess/Binaries/Win64/UE4Editor-VisualStudioCodeSourceCodeAccess.dll (API version 3709383).
LogModuleManager: Display: Found up-to-date module file ../../../Engine/Plugins/Developer/VisualStudioSourceCodeAccess/Binaries/Win64/UE4Editor-VisualStudioSourceCodeAccess.dll (API version 3709383).
LogModuleManager: Display: Found up-to-date module file ../../../Engine/Plugins/Editor/AssetManagerEditor/Binaries/Win64/UE4Editor-AssetManagerEditor.dll (API version 3709383).
LogModuleManager: Display: Found up-to-date module file ../../../Engine/Plugins/Editor/AudioCapture/Binaries/Win64/UE4Editor-AudioCapture.dll (API version 3709383).
LogModuleManager: Display: Found up-to-date module file ../../../Engine/Plugins/Editor/FacialAnimation/Binaries/Win64/UE4Editor-FacialAnimation.dll (API version 3709383).
LogModuleManager: Display: Found up-to-date module file ../../../Engine/Plugins/Editor/FacialAnimation/Binaries/Win64/UE4Editor-FacialAnimationEditor.dll (API version 3709383).
LogModuleManager: Display: Found up-to-date module file ../../../Engine/Plugins/Editor/GameplayTagsEditor/Binaries/Win64/UE4Editor-GameplayTagsEditor.dll (API version 3709383).
LogModuleManager: Display: Found up-to-date module file ../../../Engine/Plugins/Editor/MobileLauncherProfileWizard/Binaries/Win64/UE4Editor-MobileLauncherProfileWizard.dll (API version 3709383).
LogModuleManager: Display: Found up-to-date module file ../../../Engine/Plugins/Editor/PluginBrowser/Binaries/Win64/UE4Editor-PluginBrowser.dll (API version 3709383).
LogModuleManager: Display: Found up-to-date module file ../../../Engine/Plugins/Editor/SpeedTreeImporter/Binaries/Win64/UE4Editor-SpeedTreeImporter.dll (API version 3709383).
LogModuleManager: Display: Found up-to-date module file ../../../Engine/Plugins/Experimental/AlembicImporter/Binaries/Win64/UE4Editor-AlembicImporter.dll (API version 3709383).
LogModuleManager: Display: Found up-to-date module file ../../../Engine/Plugins/Experimental/AlembicImporter/Binaries/Win64/UE4Editor-AlembicLibrary.dll (API version 3709383).
LogModuleManager: Display: Found up-to-date module file ../../../Engine/Plugins/Experimental/CharacterAI/Binaries/Win64/UE4Editor-CharacterAI.dll (API version 3709383).
LogModuleManager: Display: Found up-to-date module file ../../../Engine/Plugins/Experimental/HTML5Networking/Binaries/Win64/UE4Editor-HTML5Networking.dll (API version 3709383).
LogModuleManager: Display: Found up-to-date module file ../../../Engine/Plugins/Media/AndroidMedia/Binaries/Win64/UE4Editor-AndroidMediaEditor.dll (API version 3709383).
LogModuleManager: Display: Found up-to-date module file ../../../Engine/Plugins/Media/AndroidMedia/Binaries/Win64/UE4Editor-AndroidMediaFactory.dll (API version 3709383).
LogModuleManager: Display: Found up-to-date module file ../../../Engine/Plugins/Media/AvfMedia/Binaries/Win64/UE4Editor-AvfMediaEditor.dll (API version 3709383).
LogModuleManager: Display: Found up-to-date module file ../../../Engine/Plugins/Media/AvfMedia/Binaries/Win64/UE4Editor-AvfMediaFactory.dll (API version 3709383).
LogModuleManager: Display: Found up-to-date module file ../../../Engine/Plugins/Media/AvfMedia/Binaries/Win64/UE4Editor-AvfMediaFactory.dll (API version 3709383).
LogModuleManager: Display: Found up-to-date module file ../../../Engine/Plugins/Media/ImgMedia/Binaries/Win64/UE4Editor-ImgMedia.dll (API version 3709383).
LogModuleManager: Display: Found up-to-date module file ../../../Engine/Plugins/Media/ImgMedia/Binaries/Win64/UE4Editor-ImgMediaEditor.dll (API version 3709383).
LogModuleManager: Display: Found up-to-date module file ../../../Engine/Plugins/Media/ImgMedia/Binaries/Win64/UE4Editor-ImgMediaFactory.dll (API version 3709383).
LogModuleManager: Display: Found up-to-date module file ../../../Engine/Plugins/Media/ImgMedia/Binaries/Win64/UE4Editor-ImgMediaFactory.dll (API version 3709383).
LogModuleManager: Display: Found up-to-date module file ../../../Engine/Plugins/Media/ImgMedia/Binaries/Win64/UE4Editor-OpenExrWrapper.dll (API version 3709383).
LogModuleManager: Display: Found up-to-date module file ../../../Engine/Plugins/Media/MediaCompositing/Binaries/Win64/UE4Editor-MediaCompositing.dll (API version 3709383).
LogModuleManager: Display: Found up-to-date module file ../../../Engine/Plugins/Media/MediaCompositing/Binaries/Win64/UE4Editor-MediaCompositingEditor.dll (API version 3709383).
LogModuleManager: Display: Found up-to-date module file ../../../Engine/Plugins/Media/MediaPlayerEditor/Binaries/Win64/UE4Editor-MediaPlayerEditor.dll (API version 3709383).
LogModuleManager: Display: Found up-to-date module file ../../../Engine/Plugins/Media/WmfMedia/Binaries/Win64/UE4Editor-WmfMedia.dll (API version 3709383).
LogModuleManager: Display: Found up-to-date module file ../../../Engine/Plugins/Media/WmfMedia/Binaries/Win64/UE4Editor-WmfMediaEditor.dll (API version 3709383).
LogModuleManager: Display: Found up-to-date module file ../../../Engine/Plugins/Media/WmfMedia/Binaries/Win64/UE4Editor-WmfMediaFactory.dll (API version 3709383).
LogModuleManager: Display: Found up-to-date module file ../../../Engine/Plugins/Media/WmfMedia/Binaries/Win64/UE4Editor-WmfMediaFactory.dll (API version 3709383).
LogModuleManager: Display: Found up-to-date module file ../../../Engine/Plugins/Messaging/TcpMessaging/Binaries/Win64/UE4Editor-TcpMessaging.dll (API version 3709383).
LogModuleManager: Display: Found up-to-date module file ../../../Engine/Plugins/Messaging/UdpMessaging/Binaries/Win64/UE4Editor-UdpMessaging.dll (API version 3709383).
LogModuleManager: Display: Found up-to-date module file ../../../Engine/Plugins/MovieScene/ActorSequence/Binaries/Win64/UE4Editor-ActorSequence.dll (API version 3709383).
LogModuleManager: Display: Found up-to-date module file ../../../Engine/Plugins/MovieScene/LevelSequenceEditor/Binaries/Win64/UE4Editor-LevelSequenceEditor.dll (API version 3709383).
LogModuleManager: Display: Found up-to-date module file ../../../Engine/Plugins/MovieScene/MatineeToLevelSequence/Binaries/Win64/UE4Editor-MatineeToLevelSequence.dll (API version 3709383).
LogModuleManager: Display: Found up-to-date module file ../../../Engine/Plugins/Online/OnlineSubsystem/Binaries/Win64/UE4Editor-OnlineSubsystem.dll (API version 3709383).
LogModuleManager: Display: Found up-to-date module file ../../../Engine/Plugins/Online/OnlineSubsystemNull/Binaries/Win64/UE4Editor-OnlineSubsystemNull.dll (API version 3709383).
LogModuleManager: Display: Found up-to-date module file ../../../Engine/Plugins/Online/OnlineSubsystemUtils/Binaries/Win64/UE4Editor-OnlineSubsystemUtils.dll (API version 3709383).
LogModuleManager: Display: Found up-to-date module file ../../../Engine/Plugins/Online/OnlineSubsystemUtils/Binaries/Win64/UE4Editor-OnlineBlueprintSupport.dll (API version 3709383).
LogModuleManager: Display: Found up-to-date module file ../../../Engine/Plugins/Runtime/AndroidDeviceProfileSelector/Binaries/Win64/UE4Editor-AndroidDeviceProfileSelector.dll (API version 3709383).
LogModuleManager: Display: Found up-to-date module file ../../../Engine/Plugins/Runtime/AndroidPermission/Binaries/Win64/UE4Editor-AndroidPermission.dll (API version 3709383).
LogModuleManager: Display: Found up-to-date module file ../../../Engine/Plugins/Runtime/ApexDestruction/Binaries/Win64/UE4Editor-ApexDestruction.dll (API version 3709383).
LogModuleManager: Display: Found up-to-date module file ../../../Engine/Plugins/Runtime/ApexDestruction/Binaries/Win64/UE4Editor-ApexDestructionEditor.dll (API version 3709383).
LogModuleManager: Display: Found up-to-date module file ../../../Engine/Plugins/Runtime/AppleARKit/Binaries/Win64/UE4Editor-AppleARKit.dll (API version 3709383).
LogModuleManager: Display: Found up-to-date module file ../../../Engine/Plugins/Runtime/ArchVisCharacter/Binaries/Win64/UE4Editor-ArchVisCharacter.dll (API version 3709383).
LogModuleManager: Display: Found up-to-date module file ../../../Engine/Plugins/Runtime/CableComponent/Binaries/Win64/UE4Editor-CableComponent.dll (API version 3709383).
LogModuleManager: Display: Found up-to-date module file ../../../Engine/Plugins/Runtime/CustomMeshComponent/Binaries/Win64/UE4Editor-CustomMeshComponent.dll (API version 3709383).
LogModuleManager: Display: Found up-to-date module file ../../../Engine/Plugins/Runtime/ExampleDeviceProfileSelector/Binaries/Win64/UE4Editor-ExampleDeviceProfileSelector.dll (API version 3709383).
LogModuleManager: Display: Found up-to-date module file ../../../Engine/Plugins/Runtime/ImmediatePhysics/Binaries/Win64/UE4Editor-ImmediatePhysics.dll (API version 3709383).
LogModuleManager: Display: Found up-to-date module file ../../../Engine/Plugins/Runtime/ImmediatePhysics/Binaries/Win64/UE4Editor-ImmediatePhysicsEditor.dll (API version 3709383).
LogModuleManager: Display: Found up-to-date module file ../../../Engine/Plugins/Runtime/LocationServicesBPLibrary/Binaries/Win64/UE4Editor-LocationServicesBPLibrary.dll (API version 3709383).
LogModuleManager: Display: Found up-to-date module file ../../../Engine/Plugins/Runtime/MobilePatchingUtils/Binaries/Win64/UE4Editor-MobilePatchingUtils.dll (API version 3709383).
LogModuleManager: Display: Found up-to-date module file ../../../Engine/Plugins/Runtime/Oculus/OculusVR/Binaries/Win64/UE4Editor-OculusHMD.dll (API version 3709383).
LogModuleManager: Display: Found up-to-date module file ../../../Engine/Plugins/Runtime/Oculus/OculusVR/Binaries/Win64/UE4Editor-OculusInput.dll (API version 3709383).
LogModuleManager: Display: Found up-to-date module file ../../../Engine/Plugins/Runtime/Oculus/OculusVR/Binaries/Win64/UE4Editor-OculusEditor.dll (API version 3709383).
LogModuleManager: Display: Found up-to-date module file ../../../Engine/Plugins/Runtime/PhysXVehicles/Binaries/Win64/UE4Editor-PhysXVehicles.dll (API version 3709383).
LogModuleManager: Display: Found up-to-date module file ../../../Engine/Plugins/Runtime/PhysXVehicles/Binaries/Win64/UE4Editor-PhysXVehiclesEditor.dll (API version 3709383).
LogModuleManager: Display: Found up-to-date module file ../../../Engine/Plugins/Runtime/ProceduralMeshComponent/Binaries/Win64/UE4Editor-ProceduralMeshComponent.dll (API version 3709383).
LogModuleManager: Display: Found up-to-date module file ../../../Engine/Plugins/Runtime/ProceduralMeshComponent/Binaries/Win64/UE4Editor-ProceduralMeshComponentEditor.dll (API version 3709383).
LogModuleManager: Display: Found up-to-date module file ../../../Engine/Plugins/Runtime/RuntimePhysXCooking/Binaries/Win64/UE4Editor-RuntimePhysXCooking.dll (API version 3709383).
LogModuleManager: Display: Found up-to-date module file ../../../Engine/Plugins/Runtime/Steam/SteamVR/Binaries/Win64/UE4Editor-SteamVR.dll (API version 3709383).
LogModuleManager: Display: Found up-to-date module file ../../../Engine/Plugins/Runtime/Steam/SteamVR/Binaries/Win64/UE4Editor-SteamVRController.dll (API version 3709383).
LogModuleManager: Display: Found up-to-date module file ../../../Engine/Plugins/Runtime/WindowsMoviePlayer/Binaries/Win64/UE4Editor-WindowsMoviePlayer.dll (API version 3709383).
LogInit: Using libcurl 7.47.1
LogInit:  - built for x86_64-pc-win32
LogInit:  - supports SSL with OpenSSL/1.0.2g
LogInit:  - supports HTTP deflate (compression) using libz 1.2.8
LogInit:  - other features:
LogInit:      CURL_VERSION_SSL
LogInit:      CURL_VERSION_LIBZ
LogInit:      CURL_VERSION_IPV6
LogInit:      CURL_VERSION_ASYNCHDNS
LogInit:      CURL_VERSION_LARGEFILE
LogInit:      CURL_VERSION_IDN
LogInit:  CurlRequestOptions (configurable via config and command line):
LogInit:  - bVerifyPeer = false  - Libcurl will NOT verify peer certificate
LogInit:  - bUseHttpProxy = false  - Libcurl will NOT use HTTP proxy
LogInit:  - bDontReuseConnections = false  - Libcurl will reuse connections
LogInit:  - CertBundlePath = nullptr  - Libcurl will use whatever was configured at build time.
LogInit: Build: ++UE4+Release-4.18-CL-3794801
LogInit: Engine Version: 4.18.2-3794801+++UE4+Release-4.18
LogInit: Compatible Engine Version: 4.18.0-3709383+++UE4+Release-4.18
LogInit: Net CL: 3709383
LogDevObjectVersion: Number of dev versions registered: 16
LogDevObjectVersion:   Dev-Blueprints (B0D832E4-1F89-4F0D-ACCF-7EB736FD4AA2): 10
LogDevObjectVersion:   Dev-Build (E1C64328-A22C-4D53-A36C-8E866417BD8C): 0
LogDevObjectVersion:   Dev-Core (375EC13C-06E4-48FB-B500-84F0262A717E): 2
LogDevObjectVersion:   Dev-Editor (E4B068ED-F494-42E9-A231-DA0B2E46BB41): 20
LogDevObjectVersion:   Dev-Framework (CFFC743F-43B0-4480-9391-14DF171D2073): 30
LogDevObjectVersion:   Dev-Mobile (B02B49B5-BB20-44E9-A304-32B752E40360): 0
LogDevObjectVersion:   Dev-Networking (A4E4105C-59A1-49B5-A7C5-40C4547EDFEE): 0
LogDevObjectVersion:   Dev-Online (39C831C9-5AE6-47DC-9A44-9C173E1C8E7C): 0
LogDevObjectVersion:   Dev-Physics (78F01B33-EBEA-4F98-B9B4-84EACCB95AA2): 0
LogDevObjectVersion:   Dev-Platform (6631380F-2D4D-43E0-8009-CF276956A95A): 0
LogDevObjectVersion:   Dev-Rendering (12F88B9F-8875-4AFC-A67C-D90C383ABD29): 20
LogDevObjectVersion:   Dev-Sequencer (7B5AE74C-D270-4C10-A958-57980B212A5A): 4
LogDevObjectVersion:   Dev-VR (D7296918-1DD6-4BDD-9DE2-64A83CC13884): 0
LogDevObjectVersion:   Dev-LoadTimes (C2A15278-BFE7-4AFE-6C17-90FF531DF755): 1
LogDevObjectVersion:   Private-Geometry (6EACA3D4-40EC-4CC1-B786-8BED09428FC5): 1
LogDevObjectVersion:   Dev-AnimPhys (29E575DD-E0A3-4627-9D10-D276232CDCEA): 12
LogInit: Compiled (64-bit): Dec  8 2017 02:04:53
LogInit: Compiled with Visual C++: 19.00.24215.01
LogInit: Build Configuration: Development
LogInit: Branch Name: ++UE4+Release-4.18
LogInit: Command line: -EpicPortal 
LogInit: Base directory: C:/Program Files/Epic Games/UE_4.18/Engine/Binaries/Win64/
LogInit: Installed Engine Build: 1
LogInit: Presizing for max 8388607 objects, including 0 objects not considered by GC, pre-allocating 0 bytes for permanent pool.
LogInit: Object subsystem initialized
[2017.12.22-11.38.48:030][  0]LogInit: Selected Device Profile: [Windows]
[2017.12.22-11.38.48:030][  0]LogInit: Applying CVar settings loaded from the selected device profile: [Windows]
[2017.12.22-11.38.48:052][  0]LogInit: Computer: DESKTOP-FRCQVUI
[2017.12.22-11.38.48:052][  0]LogInit: User: oner
[2017.12.22-11.38.48:052][  0]LogInit: CPU Page size=4096, Cores=4
[2017.12.22-11.38.48:052][  0]LogInit: High frequency timer resolution =2.630626 MHz
[2017.12.22-11.38.48:053][  0]LogMemory: Memory total: Physical=7.9GB (8GB approx)
[2017.12.22-11.38.48:053][  0]LogMemory: Platform Memory Stats for Windows
[2017.12.22-11.38.48:053][  0]LogMemory: Process Physical Memory: 274.88 MB used, 274.88 MB peak
[2017.12.22-11.38.48:053][  0]LogMemory: Process Virtual Memory: 269.55 MB used, 269.55 MB peak
[2017.12.22-11.38.48:053][  0]LogMemory: Physical Memory: 3459.40 MB used,  4621.34 MB free, 8080.75 MB total
[2017.12.22-11.38.48:053][  0]LogMemory: Virtual Memory: 643.75 MB used,  4621.34 MB free, 134217728.00 MB total
[2017.12.22-11.38.48:388][  0]LogInit: Using OS detected language (ko-KR).
[2017.12.22-11.38.48:388][  0]LogInit: Using OS detected locale (ko-KR).
[2017.12.22-11.38.48:395][  0]LogTextLocalizationManager: No specific localization for 'ko-KR' exists, so the 'ko' localization will be used.
[2017.12.22-11.38.48:584][  0]LogInit: Setting process to per monitor DPI aware
[2017.12.22-11.38.49:012][  0]LogD3D11RHI: D3D11 adapters:
[2017.12.22-11.38.49:051][  0]LogD3D11RHI:    0. 'NVIDIA GeForce GTX 970M' (Feature Level 11_0)
[2017.12.22-11.38.49:051][  0]LogD3D11RHI:       3040/0/4040 MB DedicatedVideo/DedicatedSystem/SharedSystem, Outputs:1, VendorId:0x10de
[2017.12.22-11.38.49:063][  0]LogD3D11RHI:    1. 'Intel(R) HD Graphics 5600' (Feature Level 11_0)
[2017.12.22-11.38.49:063][  0]LogD3D11RHI:       128/0/4040 MB DedicatedVideo/DedicatedSystem/SharedSystem, Outputs:0, VendorId:0x8086
[2017.12.22-11.38.49:065][  0]LogD3D11RHI:    2. 'Microsoft Basic Render Driver' (Feature Level 11_0)
[2017.12.22-11.38.49:065][  0]LogD3D11RHI:       0/0/4040 MB DedicatedVideo/DedicatedSystem/SharedSystem, Outputs:0, VendorId:0x1414
[2017.12.22-11.38.49:065][  0]LogD3D11RHI: Chosen D3D11 Adapter: 0
[2017.12.22-11.38.49:070][  0]LogD3D11RHI: Creating new Direct3DDevice
[2017.12.22-11.38.49:070][  0]LogD3D11RHI:     GPU DeviceId: 0x13d8 (for the marketing name, search the web for "GPU Device Id")
[2017.12.22-11.38.49:070][  0]LogWindows: EnumDisplayDevices:
[2017.12.22-11.38.49:071][  0]LogWindows:    0. 'Intel(R) HD Graphics 5600' (P:1 D:1)
[2017.12.22-11.38.49:071][  0]LogWindows:    1. 'Intel(R) HD Graphics 5600' (P:0 D:0)
[2017.12.22-11.38.49:071][  0]LogWindows:    2. 'Intel(R) HD Graphics 5600' (P:0 D:0)
[2017.12.22-11.38.49:071][  0]LogWindows: DebugString: PrimaryIsNotTheChoosenAdapter PrimaryIsNotTheChoosenAdapter PrimaryIsNotTheChoosenAdapter FoundDriverCount:0 
[2017.12.22-11.38.49:071][  0]LogD3D11RHI:     Adapter Name: NVIDIA GeForce GTX 970M
[2017.12.22-11.38.49:071][  0]LogD3D11RHI:   Driver Version: Unknown (internal:Unknown, unified:Unknown)
[2017.12.22-11.38.49:071][  0]LogD3D11RHI:      Driver Date: Unknown
[2017.12.22-11.38.49:071][  0]LogRHI: Texture pool is 2128 MB (70% of 3040 MB)
[2017.12.22-11.38.49:102][  0]LogD3D11RHI: Async texture creation enabled
[2017.12.22-11.38.49:286][  0]LogD3D11RHI: GPU Timing Frequency: 1000.000000 (Debug: 2 1)
[2017.12.22-11.38.49:288][  0]LogShaderCompilers: Guid format shader working directory is 0 characters bigger than the processId version (../../../../../../Users/강망/Desktop/새 폴더 (4)/Intermediate/Shaders/WorkingDirectory/1388/).
[2017.12.22-11.38.49:288][  0]LogShaderCompilers: Cleaned the shader compiler working directory 'C:/Users/강망/AppData/Local/Temp/UnrealShaderWorkingDir/4C08905545013407810CDABE9C0BAD9B/'.
[2017.12.22-11.38.49:288][  0]LogShaderCompilers: Display: Using Local Shader Compiler.
[2017.12.22-11.38.50:454][  0]LogTemp: Display: Loaded TP AllDesktopTargetPlatform
[2017.12.22-11.38.50:569][  0]LogTemp: Display: Loaded TP MacClientTargetPlatform
[2017.12.22-11.38.50:683][  0]LogTemp: Display: Loaded TP MacNoEditorTargetPlatform
[2017.12.22-11.38.50:796][  0]LogTemp: Display: Loaded TP MacServerTargetPlatform
[2017.12.22-11.38.50:913][  0]LogTemp: Display: Loaded TP MacTargetPlatform
[2017.12.22-11.38.51:031][  0]LogTemp: Display: Loaded TP WindowsClientTargetPlatform
[2017.12.22-11.38.51:148][  0]LogTemp: Display: Loaded TP WindowsNoEditorTargetPlatform
[2017.12.22-11.38.51:265][  0]LogTemp: Display: Loaded TP WindowsServerTargetPlatform
[2017.12.22-11.38.51:372][  0]LogTemp: Display: Loaded TP WindowsTargetPlatform
[2017.12.22-11.38.51:486][  0]LogTemp: Display: Loaded TP Android_ASTCTargetPlatform
[2017.12.22-11.38.51:599][  0]LogTemp: Display: Loaded TP Android_ATCTargetPlatform
[2017.12.22-11.38.51:723][  0]LogTemp: Display: Loaded TP Android_DXTTargetPlatform
[2017.12.22-11.38.51:847][  0]LogTemp: Display: Loaded TP Android_ETC1TargetPlatform
[2017.12.22-11.38.51:969][  0]LogTemp: Display: Loaded TP Android_ETC2TargetPlatform
[2017.12.22-11.38.52:215][  0]LogTemp: Display: Loaded TP Android_MultiTargetPlatform
[2017.12.22-11.38.52:215][  0]LogTemp: Display: Loaded TP Android_PVRTCTargetPlatform
[2017.12.22-11.38.52:328][  0]LogTemp: Display: Loaded TP AndroidTargetPlatform
[2017.12.22-11.38.52:429][  0]LogTemp: Display: Loaded TP HTML5TargetPlatform
[2017.12.22-11.38.52:598][  0]LogTemp: Display: Loaded TP IOSTargetPlatform
[2017.12.22-11.38.52:667][  0]LogTemp: Display: Loaded TP TVOSTargetPlatform
[2017.12.22-11.38.52:798][  0]LogTemp: Display: Loaded TP LinuxClientTargetPlatform
[2017.12.22-11.38.52:919][  0]LogTemp: Display: Loaded TP LinuxNoEditorTargetPlatform
[2017.12.22-11.38.53:045][  0]LogTemp: Display: Loaded TP LinuxServerTargetPlatform
[2017.12.22-11.38.53:167][  0]LogTemp: Display: Loaded TP LinuxTargetPlatform
[2017.12.22-11.38.53:167][  0]LogTargetPlatformManager: Display: Building Assets For Windows
[2017.12.22-11.38.54:168][  0]LogDerivedDataCache: Display: Max Cache Size: 512 MB
[2017.12.22-11.38.54:291][  0]LogDerivedDataCache: Loaded boot cache 0.12s 78MB C:/Users/강망/AppData/Local/UnrealEngine/4.18/DerivedDataCache/Boot.ddc.
[2017.12.22-11.38.54:291][  0]LogDerivedDataCache: Display: Loaded Boot cache: C:/Users/강망/AppData/Local/UnrealEngine/4.18/DerivedDataCache/Boot.ddc
[2017.12.22-11.38.54:291][  0]LogDerivedDataCache: FDerivedDataBackendGraph:  Pak pak cache file ../../../../../../Users/강망/Desktop/새 폴더 (4)/DerivedDataCache/DDC.ddp not found, will not use a pak cache.
[2017.12.22-11.38.54:291][  0]LogDerivedDataCache: Unable to find inner node Pak for hierarchical cache Hierarchy.
[2017.12.22-11.38.54:292][  0]LogDerivedDataCache: FDerivedDataBackendGraph:  CompressedPak pak cache file ../../../../../../Users/강망/Desktop/새 폴더 (4)/DerivedDataCache/Compressed.ddp not found, will not use a pak cache.
[2017.12.22-11.38.54:292][  0]LogDerivedDataCache: Unable to find inner node CompressedPak for hierarchical cache Hierarchy.
[2017.12.22-11.38.54:309][  0]LogDerivedDataCache: Display: Pak cache opened for reading ../../../Engine/DerivedDataCache/Compressed.ddp.
[2017.12.22-11.38.54:322][  0]LogDerivedDataCache: Using Local data cache path C:/Users/강망/AppData/Local/UnrealEngine/Common/DerivedDataCache: Writable
[2017.12.22-11.38.54:336][  0]LogMaterial: Verifying Global Shaders for PCD3D_SM5
[2017.12.22-11.38.54:336][  0]LogSlate: Using Freetype 2.6.0
[2017.12.22-11.38.54:337][  0]LogSlate: SlateFontCache - WITH_FREETYPE: 1, WITH_HARFBUZZ: 1
[2017.12.22-11.38.54:337][  0]LogSlate: SlateFontCache - WITH_FREETYPE: 1, WITH_HARFBUZZ: 1
[2017.12.22-11.38.54:851][  0]LogInit: Selected Device Profile: [Windows]
[2017.12.22-11.38.55:526][  0]LogSimplygon: Simplygon DLL not present - disabling.
[2017.12.22-11.38.55:631][  0]LogMeshReduction: Using SimplygonSwarm for distributed automatic mesh merging
[2017.12.22-11.38.55:631][  0]LogMeshReduction: Using QuadricMeshReduction for automatic static mesh reduction
[2017.12.22-11.38.55:631][  0]LogMeshReduction: No automatic skeletal mesh reduction module available
[2017.12.22-11.38.55:632][  0]LogMeshReduction: No automatic mesh merging module available
[2017.12.22-11.38.55:632][  0]LogMeshMerging: No automatic mesh merging module available
[2017.12.22-11.38.55:673][  0]LogNetVersion: allinone , NetCL: 3709383, EngineNetVer: 2, GameNetVer: 0 (Checksum: 1047487898)
[2017.12.22-11.38.55:931][  0]LogAssetRegistry: FAssetRegistry took 0.0275 seconds to start up
[2017.12.22-11.38.56:719][  0]LogPackageLocalizationCache: Processed 7 localized package path(s) for 2 prioritized culture(s) in 0.102938 seconds
[2017.12.22-11.38.56:729][  0]LogUObjectArray: 35900 objects as part of root set at end of initial load.
[2017.12.22-11.38.56:729][  0]LogUObjectAllocator: 7372016 out of 0 bytes used by permanent object pool.
[2017.12.22-11.38.56:729][  0]LogUObjectArray: CloseDisregardForGC: 0/0 objects in disregard for GC pool
[2017.12.22-11.38.56:866][  0]LogInit: WinSock: version 1.1 (2.2), MaxSocks=32767, MaxUdp=65467
[2017.12.22-11.39.02:042][  0]LogTcpMessaging: Initializing TcpMessaging bridge
[2017.12.22-11.39.02:139][  0]LogUdpMessaging: Initializing bridge on interface 0.0.0.0:0 to multicast group 230.0.0.1:6666.
[2017.12.22-11.39.04:333][  0]LogMaterial: Uniform references updated for custom material expression Custom.
[2017.12.22-11.39.05:274][  0]SourceControl: 소스 콘트롤이 꺼졌습니다.
[2017.12.22-11.39.05:274][  0]SourceControl: 소스 콘트롤이 꺼졌습니다.
[2017.12.22-11.39.05:405][  0]SourceControl: 소스 콘트롤이 꺼졌습니다.
[2017.12.22-11.39.05:531][  0]SourceControl: 소스 콘트롤이 꺼졌습니다.
[2017.12.22-11.39.07:572][  0]LogAndroidPermission: UAndroidPermissionCallbackProxy::GetInstance
[2017.12.22-11.39.08:300][  0]LogOcInput: OculusInput pre-init called
[2017.12.22-11.39.08:911][  0]LogEngine: Initializing Engine...
[2017.12.22-11.39.08:914][  0]LogHMD: Failed to initialize OpenVR with code 110
[2017.12.22-11.39.09:235][  0]LogStats: UGameplayTagsManager::ConstructGameplayTagTree: Construct from data asset -  0.000 s
[2017.12.22-11.39.09:235][  0]LogStats: UGameplayTagsManager::ConstructGameplayTagTree: GameplayTagTreeChangedEvent.Broadcast -  0.000 s
[2017.12.22-11.39.09:555][  0]LogAIModule: Creating AISystem for world Untitled
[2017.12.22-11.39.09:562][  0]LogInit: XAudio2 using '스피커(Realtek High Definition Audio)' : 2 channels at 48 kHz using 32 bits per sample (channel mask 0x3)
[2017.12.22-11.39.09:610][  0]LogInit: FAudioDevice initialized.
[2017.12.22-11.39.09:804][  0]LogDerivedDataCache: Saved boot cache 0.19s 78MB C:/Users/강망/AppData/Local/UnrealEngine/4.18/DerivedDataCache/Boot.ddc.
[2017.12.22-11.39.09:839][  0]LogInit: Texture streaming: Enabled
[2017.12.22-11.39.10:039][  0]LogEngineSessionManager: EngineSessionManager initialized
[2017.12.22-11.39.10:372][  0]LogInit: Transaction tracking system initialized
[2017.12.22-11.39.11:236][  0]BlueprintLog: New page: 에디터 로드
[2017.12.22-11.39.13:536][  0]LocalizationService: 현지화 서비스가 비활성화되었습니다.
[2017.12.22-11.39.15:604][  0]LogConsoleResponse: Display: 
[2017.12.22-11.39.15:845][  0]LogCook: Display: Max memory allowance for cook 16384mb min free memory 0mb
[2017.12.22-11.39.15:846][  0]LogCook: Display: Mobile HDR setting 1
[2017.12.22-11.39.15:846][  0]LogGameplayTags: Display: UGameplayTagsManager::DoneAddingNativeTags. DelegateIsBound: 0
[2017.12.22-11.39.16:458][  0]LogFileCache: Scanning file cache for directory 'C:/Users/강망/Desktop/새 폴더 (4)/Content/' took 0.05s
[2017.12.22-11.39.18:813][  0]SourceControl: 소스 콘트롤이 꺼졌습니다.
[2017.12.22-11.39.18:813][  0]Cmd: MAP LOAD FILE="../../../../../../Users/강망/Desktop/새 폴더 (4)/Content/ThirdPersonCPP/Maps/ThirdPersonExampleMap.umap" TEMPLATE=0 SHOWPROGRESS=1 FEATURELEVEL=3
[2017.12.22-11.39.18:820][  0]LightingResults: New page: 라이팅 빌드
[2017.12.22-11.39.18:928][  0]MapCheck: New page: 맵 체크
[2017.12.22-11.39.18:928][  0]LightingResults: New page: 라이팅 빌드
[2017.12.22-11.39.19:382][  0]LogAIModule: Creating AISystem for world ThirdPersonExampleMap
[2017.12.22-11.39.19:390][  0]LogEditorServer: Finished looking for orphan Actors (0.000 secs)
[2017.12.22-11.39.19:404][  0]Cmd: MAP CHECKDEP NOCLEARLOG
[2017.12.22-11.39.19:487][  0]MapCheck: 맵 체크 완료: 오류 0 회, 경고 0 회, 소요 시간 82.358ms.
[2017.12.22-11.39.19:487][  0]LogFileHelpers: Loading map 'ThirdPersonExampleMap' took 0.674
[2017.12.22-11.39.19:544][  0]LogWindowsTextInputMethodSystem: Display: IME system now activated using TSF (Microsoft 입력기).
[2017.12.22-11.39.19:682][  0]LogCollectionManager: Loaded 0 collections in 0.003095 seconds
[2017.12.22-11.39.19:854][  0]LogFileCache: Scanning file cache for directory 'C:/Users/강망/Desktop/새 폴더 (4)/Saved/Collections/' took 0.01s
[2017.12.22-11.39.19:854][  0]LogFileCache: Scanning file cache for directory 'C:/Users/강망/Desktop/새 폴더 (4)/Content/Developers/oner/Collections/' took 0.01s
[2017.12.22-11.39.19:854][  0]LogFileCache: Scanning file cache for directory 'C:/Users/강망/Desktop/새 폴더 (4)/Content/Collections/' took 0.01s
[2017.12.22-11.39.19:854][  0]LogCollectionManager: Rebuilt the GUID cache for 0 collections in 0.000000 seconds
[2017.12.22-11.39.19:864][  0]LogContentBrowser: Native class hierarchy populated in 0.0098 seconds. Added 2374 classes and 526 folders.
[2017.12.22-11.39.20:018][  0]LogContentBrowser: Native class hierarchy updated for 'WidgetCarousel' in 0.0007 seconds. Added 0 classes and 0 folders.
[2017.12.22-11.39.20:456][  0]LogContentBrowser: Native class hierarchy updated for 'AddContentDialog' in 0.0009 seconds. Added 0 classes and 0 folders.
[2017.12.22-11.39.20:570][  0]LogContentBrowser: Native class hierarchy updated for 'SceneOutliner' in 0.0009 seconds. Added 1 classes and 2 folders.
[2017.12.22-11.39.20:727][  0]LogDirectoryWatcher: Warning: Failed to begin reading directory changes for ../../../../../../Users/강망/Desktop/새 폴더 (4)/Plugins/. Error: 지정된 파일을 찾을 수 없습니다. (0x00000002)
[2017.12.22-11.39.20:896][  0]LogContentBrowser: Native class hierarchy updated for 'HierarchicalLODOutliner' in 0.0014 seconds. Added 1 classes and 2 folders.
[2017.12.22-11.39.20:896][  0]LogLoad: (Engine Initialization) Total time: 38.88 seconds
[2017.12.22-11.39.20:896][  0]LogLoad: (Engine Initialization) Total Blueprint compile time: 0.00 seconds
[2017.12.22-11.39.20:896][  0]LogExternalProfiler: No external profilers were discovered.  External profiling features will not be available.
[2017.12.22-11.39.20:926][  0]LogContentStreaming: Texture pool size now 600 MB
[2017.12.22-11.39.20:927][  0]LogSlate: Took 0.000273 seconds to synchronously load lazily loaded font '../../../Engine/Content/Slate/Fonts/Roboto-Regular.ttf' (155K)
[2017.12.22-11.39.20:936][  0]LogSlate: Took 0.008070 seconds to synchronously load lazily loaded font '../../../Engine/Content/Slate/Fonts/NanumGothic.ttf' (4243K)
[2017.12.22-11.39.20:937][  0]LogSlate: Took 0.000263 seconds to synchronously load lazily loaded font '../../../Engine/Content/Slate/Fonts/Roboto-Bold.ttf' (160K)
[2017.12.22-11.39.20:950][  0]LogSlate: Took 0.008747 seconds to synchronously load lazily loaded font '../../../Engine/Content/Editor/Slate/Fonts/FontAwesome.ttf' (139K)
[2017.12.22-11.39.21:180][  0]LogRenderer: Reallocating scene render targets to support 1000x512 Format 9 NumSamples 1 (Frame:1).
[2017.12.22-11.39.21:222][  0]LogSlate: Took 0.005770 seconds to synchronously load lazily loaded font '../../../Engine/Content/Slate/Fonts/Roboto-Light.ttf' (159K)
[2017.12.22-11.39.21:627][  2]LogAssetRegistry: Asset discovery search completed in 25.7192 seconds
[2017.12.22-11.39.21:643][  2]LogCollectionManager: Rebuilt the object cache for 0 collections in 0.000001 seconds (found 0 objects)
[2017.12.22-11.39.21:643][  2]LogCollectionManager: Fixed up redirectors for 0 collections in 0.000204 seconds (updated 0 objects)
[2017.12.22-11.39.22:166][  6]LogSlate: Took 0.001897 seconds to synchronously load lazily loaded font '../../../Engine/Content/Slate/Fonts/Roboto-Light.ttf' (159K)
[2017.12.22-11.39.24:536][ 26]LogDirectoryWatcher: A directory notification for '../../../Engine/Plugins/' was aborted.
[2017.12.22-11.39.31:489][142]LogSlate: Took 0.000287 seconds to synchronously load lazily loaded font '../../../Engine/Content/Slate/Fonts/Roboto-Light.ttf' (159K)
[2017.12.22-11.39.31:724][142]LogContentBrowser: Native class hierarchy updated for 'SkeletonEditor' in 0.0009 seconds. Added 1 classes and 2 folders.
[2017.12.22-11.39.32:037][142]LogSlate: Took 0.000247 seconds to synchronously load lazily loaded font '../../../Engine/Content/Slate/Fonts/Roboto-Regular.ttf' (155K)
[2017.12.22-11.39.32:281][142]LogActorComponent: RegisterComponentWithWorld: (/Engine/Transient.World_2:PersistentLevel.Actor_0.DebugSkelMeshComponent_0) Already registered. Aborting.
[2017.12.22-11.39.33:040][142]LogContentBrowser: Native class hierarchy updated for 'ClothingSystemEditorInterface' in 0.0008 seconds. Added 1 classes and 0 folders.
[2017.12.22-11.39.33:056][142]LogContentBrowser: Verbose: The majority of assets in the view are of type: AnimSequence
[2017.12.22-11.39.46:265][289]LogRenderer: Reallocating scene render targets to support 1144x512 Format 9 NumSamples 1 (Frame:149).
[2017.12.22-11.40.16:988][946]Cmd: OBJ SAVEPACKAGE PACKAGE="/Game/pratice/animmontage" FILE="../../../../../../Users/강망/Desktop/새 폴더 (4)/Content/pratice/animmontage.uasset" SILENT=true
[2017.12.22-11.40.17:013][946]LogSavePackage: Save=15.38ms
[2017.12.22-11.40.17:013][946]LogSavePackage: Moving '../../../../../../Users/강망/Desktop/새 폴더 (4)/Saved/animmontageCDFCBCDD428EF70E606953B45F1364C9.tmp' to '../../../../../../Users/강망/Desktop/새 폴더 (4)/Content/pratice/animmontage.uasset'
[2017.12.22-11.40.17:021][946]LogSavePackage: Display: Finished SavePackage ../../../../../../Users/강망/Desktop/새 폴더 (4)/Content/pratice/animmontage.uasset
[2017.12.22-11.40.28:787][218]LogActorComponent: RegisterComponentWithWorld: (/Engine/Transient.World_5:PersistentLevel.Actor_1.DebugSkelMeshComponent_2) Already registered. Aborting.
[2017.12.22-11.40.29:301][218]LogContentBrowser: Verbose: The majority of assets in the view are of type: AnimSequence
[2017.12.22-11.40.50:140][670]LogBlueprint: Warning: [Compiler NewAnimBlueprint] WALK -> attack  will never be taken, please connect something to  Can Enter Transition
[2017.12.22-11.40.50:142][670]LogBlueprint: Warning: [Compiler NewAnimBlueprint] [0128.12] NewAnimBlueprint 컴파일에 성공했습니다만, 경고가 1 회 있습니다. [소요시간 5 ms] (/Game/InfinityBladeAdversaries/Enemy/Enemy_Master_Grunt/NewAnimBlueprint.NewAnimBlueprint)
[2017.12.22-11.40.55:880][670]LogAIModule: Creating AISystem for world ElvenRuins
[2017.12.22-11.40.56:027][670]Cmd: MAP LOAD FILE="../../../../../../Users/강망/Desktop/새 폴더 (4)/Content/InfinityBladeGrassLands/Maps/ElvenRuins.umap" TEMPLATE=0 SHOWPROGRESS=1 FEATURELEVEL=3
[2017.12.22-11.40.56:027][670]LightingResults: New page: 라이팅 빌드
[2017.12.22-11.40.56:028][670]LoadErrors: New page: 맵 로드중: ElvenRuins.umap
[2017.12.22-11.40.56:029][670]MapCheck: New page: 맵 체크
[2017.12.22-11.40.56:029][670]LightingResults: New page: 라이팅 빌드
[2017.12.22-11.40.56:775][670]LogEditorServer: Finished looking for orphan Actors (0.001 secs)
[2017.12.22-11.40.56:868][670]Cmd: MAP CHECKDEP NOCLEARLOG
[2017.12.22-11.40.57:024][670]MapCheck: 맵 체크 완료: 오류 0 회, 경고 0 회, 소요 시간 156.27ms.
[2017.12.22-11.40.57:028][670]LogFileHelpers: Loading map 'ElvenRuins' took 1.002
[2017.12.22-11.41.10:697][ 54]LogTemp: Repeating last play command: 선택된 뷰포트
[2017.12.22-11.41.10:839][ 54]LogBlueprintUserMessages: Early PlayInEditor Detection: Level '/Game/InfinityBladeGrassLands/Maps/ElvenRuins.ElvenRuins:PersistentLevel' has LevelScriptBlueprint '/Game/InfinityBladeGrassLands/Maps/ElvenRuins.ElvenRuins:PersistentLevel.ElvenRuins' with GeneratedClass '/Game/InfinityBladeGrassLands/Maps/ElvenRuins.ElvenRuins_C' with ClassGeneratedBy '/Game/InfinityBladeGrassLands/Maps/ElvenRuins.ElvenRuins:PersistentLevel.ElvenRuins'
[2017.12.22-11.41.10:839][ 54]LogPlayLevel: PlayLevel: No blueprints needed recompiling
[2017.12.22-11.41.10:839][ 54]PIE: New page: PIE 세션: ElvenRuins (2017. 12. 23. 오전 5:41:10)
[2017.12.22-11.41.10:839][ 54]LogPlayLevel: Creating play world package: /Game/InfinityBladeGrassLands/Maps/UEDPIE_0_ElvenRuins
[2017.12.22-11.41.10:948][ 54]LogPlayLevel: PIE: StaticDuplicateObject took: (0.108806s)
[2017.12.22-11.41.10:949][ 54]LogAIModule: Creating AISystem for world ElvenRuins
[2017.12.22-11.41.10:949][ 54]LogPlayLevel: PIE: World Init took: (0.001104s)
[2017.12.22-11.41.10:950][ 54]LogPlayLevel: PIE: Created PIE world by copying editor world from /Game/InfinityBladeGrassLands/Maps/ElvenRuins.ElvenRuins to /Game/InfinityBladeGrassLands/Maps/UEDPIE_0_ElvenRuins.ElvenRuins (0.110760s)
[2017.12.22-11.41.10:965][ 54]LogInit: XAudio2 using '스피커(Realtek High Definition Audio)' : 2 channels at 48 kHz using 32 bits per sample (channel mask 0x3)
[2017.12.22-11.41.10:989][ 54]LogInit: FAudioDevice initialized.
[2017.12.22-11.41.11:033][ 54]LogLoad: Game class is 'allinoneGameMode'
[2017.12.22-11.41.11:058][ 54]LogWorld: Bringing World /Game/InfinityBladeGrassLands/Maps/UEDPIE_0_ElvenRuins.ElvenRuins up for play (max tick rate 60) at 2017.12.22-20.41.11
[2017.12.22-11.41.11:061][ 54]LogWorld: Bringing up level for play took: 0.027747
[2017.12.22-11.41.11:174][ 54]LogContentBrowser: Native class hierarchy updated for 'MovieSceneCapture' in 0.0009 seconds. Added 11 classes and 0 folders.
[2017.12.22-11.41.11:179][ 54]PIE: /Game/InfinityBladeGrassLands/Maps/UEDPIE_0_ElvenRuins 에 대한 에디터에서 플레이 시작 시간: 0.028
[2017.12.22-11.41.11:180][ 54]LogBlueprintUserMessages: Late PlayInEditor Detection: Level '/Game/InfinityBladeGrassLands/Maps/ElvenRuins.ElvenRuins:PersistentLevel' has LevelScriptBlueprint '/Game/InfinityBladeGrassLands/Maps/ElvenRuins.ElvenRuins:PersistentLevel.ElvenRuins' with GeneratedClass '/Game/InfinityBladeGrassLands/Maps/ElvenRuins.ElvenRuins_C' with ClassGeneratedBy '/Game/InfinityBladeGrassLands/Maps/ElvenRuins.ElvenRuins:PersistentLevel.ElvenRuins'
[2017.12.22-11.41.12:798][111]LogBlueprintUserMessages: Early EndPlayMap Detection: Level '/Game/InfinityBladeGrassLands/Maps/ElvenRuins.ElvenRuins:PersistentLevel' has LevelScriptBlueprint '/Game/InfinityBladeGrassLands/Maps/ElvenRuins.ElvenRuins:PersistentLevel.ElvenRuins' with GeneratedClass '/Game/InfinityBladeGrassLands/Maps/ElvenRuins.ElvenRuins_C' with ClassGeneratedBy '/Game/InfinityBladeGrassLands/Maps/ElvenRuins.ElvenRuins:PersistentLevel.ElvenRuins'
[2017.12.22-11.41.12:874][111]LogBlueprintUserMessages: Late EndPlayMap Detection: Level '/Game/InfinityBladeGrassLands/Maps/ElvenRuins.ElvenRuins:PersistentLevel' has LevelScriptBlueprint '/Game/InfinityBladeGrassLands/Maps/ElvenRuins.ElvenRuins:PersistentLevel.ElvenRuins' with GeneratedClass '/Game/InfinityBladeGrassLands/Maps/ElvenRuins.ElvenRuins_C' with ClassGeneratedBy '/Game/InfinityBladeGrassLands/Maps/ElvenRuins.ElvenRuins:PersistentLevel.ElvenRuins'
[2017.12.22-11.41.19:167][379]LogEditorViewport: Clicking on Actor (LMB): ThirdPersonCharacter_C (ThirdPersonCharacter)
[2017.12.22-11.41.24:651][603]LogEditorViewport: Clicking on Actor (LMB): ThirdPersonCharacter_C (ThirdPersonCharacter)
[2017.12.22-11.41.24:730][604]LogEditorViewport: Clicking on Component (LMB): SkeletalMeshComponent (CharacterMesh0)
[2017.12.22-11.41.25:768][645]LogEditorViewport: Clicking on Actor (LMB): TriggerVolume (TriggerVolume15)
[2017.12.22-11.41.25:918][646]LogEditorViewport: Clicking on Actor (double click): TriggerVolume (TriggerVolume15)
[2017.12.22-11.41.26:665][679]LogEditorViewport: Clicking on Actor (LMB): ThirdPersonCharacter_C (ThirdPersonCharacter)
[2017.12.22-11.41.26:783][679]LogEditorViewport: Clicking on Component (LMB): SkeletalMeshComponent (CharacterMesh0)
[2017.12.22-11.41.29:886][760]LogContentBrowser: Native class hierarchy updated for 'BlueprintGraph' in 0.0024 seconds. Added 116 classes and 0 folders.
[2017.12.22-11.41.30:636][760]LogSlate: Took 0.006225 seconds to synchronously load lazily loaded font '../../../Engine/Content/Editor/Slate/Fonts/Roboto-BoldCondensed.ttf' (158K)
[2017.12.22-11.41.30:775][761]LogSlate: Took 0.008029 seconds to synchronously load lazily loaded font '../../../Engine/Content/Editor/Slate/Fonts/Roboto-Italic.ttf' (157K)
[2017.12.22-11.45.31:567][726]LogRenderer: Reallocating scene render targets to support 1144x712 Format 9 NumSamples 1 (Frame:1).
[2017.12.22-11.45.54:551][279]LogActorComponent: RegisterComponentWithWorld: (/Engine/Transient.World_12:PersistentLevel.Actor_2.DebugSkelMeshComponent_4) Already registered. Aborting.
[2017.12.22-11.49.01:502][261]LogActorComponent: RegisterComponentWithWorld: (/Engine/Transient.World_14:PersistentLevel.Actor_3.DebugSkelMeshComponent_6) Already registered. Aborting.
[2017.12.22-11.49.02:001][261]LogContentBrowser: Verbose: The majority of assets in the view are of type: AnimSequence
[2017.12.22-11.49.39:687][886]BlueprintLog: New page: ThirdPersonCharacter 컴파일
[2017.12.22-11.52.01:700][ 51]LogSavePackage: Save=8105.29ms
[2017.12.22-11.52.01:700][ 51]LogSavePackage: Moving '../../../../../../Users/강망/Desktop/새 폴더 (4)/Saved/ElvenRuins_Auto1A3B075684B23321C4142458D3571D172.tmp' to '../../../../../../Users/강망/Desktop/새 폴더 (4)/Saved/Autosaves/Game/InfinityBladeGrassLands/Maps/ElvenRuins_Auto1.umap'
[2017.12.22-11.52.01:709][ 51]LogSavePackage: Display: Finished SavePackage ../../../../../../Users/강망/Desktop/새 폴더 (4)/Saved/Autosaves/Game/InfinityBladeGrassLands/Maps/ElvenRuins_Auto1.umap
[2017.12.22-11.52.01:716][ 51]LogFileHelpers: Editor autosave (incl. sublevels) for '/Game/InfinityBladeGrassLands/Maps/ElvenRuins' took 8.386
[2017.12.22-11.52.01:716][ 51]LogFileHelpers: Editor autosave (incl. sublevels) for all levels took 8.386
[2017.12.22-11.52.01:748][ 51]OBJ SavePackage: Generating thumbnails for [1] asset(s) in package [/Game/ThirdPersonCPP/Blueprints/ThirdPersonCharacter] ([1] browsable assets)...
[2017.12.22-11.52.01:800][ 51]OBJ SavePackage:     Rendered thumbnail for [Blueprint /Game/ThirdPersonCPP/Blueprints/ThirdPersonCharacter.ThirdPersonCharacter]
[2017.12.22-11.52.01:800][ 51]OBJ SavePackage: Finished generating thumbnails for package [/Game/ThirdPersonCPP/Blueprints/ThirdPersonCharacter]
[2017.12.22-11.52.01:880][ 51]LogSavePackage: Save=65.45ms
[2017.12.22-11.52.01:880][ 51]LogSavePackage: Moving '../../../../../../Users/강망/Desktop/새 폴더 (4)/Saved/ThirdPersonCharacter_Auto1D80D3FA141E4116A8FA5FB8E6FA377EC.tmp' to '../../../../../../Users/강망/Desktop/새 폴더 (4)/Saved/Autosaves/Game/ThirdPersonCPP/Blueprints/ThirdPersonCharacter_Auto1.uasset'
[2017.12.22-11.52.01:884][ 51]LogSavePackage: Display: Finished SavePackage ../../../../../../Users/강망/Desktop/새 폴더 (4)/Saved/Autosaves/Game/ThirdPersonCPP/Blueprints/ThirdPersonCharacter_Auto1.uasset
[2017.12.22-11.52.01:885][ 51]OBJ SavePackage: Generating thumbnails for [1] asset(s) in package [/Game/InfinityBladeAdversaries/Enemy/Enemy_Master_Grunt/NewAnimBlueprint] ([1] browsable assets)...
[2017.12.22-11.52.01:905][ 51]OBJ SavePackage:     Rendered thumbnail for [AnimBlueprint /Game/InfinityBladeAdversaries/Enemy/Enemy_Master_Grunt/NewAnimBlueprint.NewAnimBlueprint]
[2017.12.22-11.52.01:905][ 51]OBJ SavePackage: Finished generating thumbnails for package [/Game/InfinityBladeAdversaries/Enemy/Enemy_Master_Grunt/NewAnimBlueprint]
[2017.12.22-11.52.02:017][ 51]LogSavePackage: Save=93.95ms
[2017.12.22-11.52.02:017][ 51]LogSavePackage: Moving '../../../../../../Users/강망/Desktop/새 폴더 (4)/Saved/NewAnimBlueprint_Auto18A4A564B4F5B8FDB59ACD18A1253DA45.tmp' to '../../../../../../Users/강망/Desktop/새 폴더 (4)/Saved/Autosaves/Game/InfinityBladeAdversaries/Enemy/Enemy_Master_Grunt/NewAnimBlueprint_Auto1.uasset'
[2017.12.22-11.52.02:019][ 51]LogSavePackage: Display: Finished SavePackage ../../../../../../Users/강망/Desktop/새 폴더 (4)/Saved/Autosaves/Game/InfinityBladeAdversaries/Enemy/Enemy_Master_Grunt/NewAnimBlueprint_Auto1.uasset
[2017.12.22-11.52.02:019][ 51]LogFileHelpers: Auto-saving content packages took 0.273
[2017.12.22-12.01.02:451][160]BlueprintLog: New page: NewAnimBlueprint 컴파일
[2017.12.22-12.01.02:472][160]LogBlueprint: Warning: [Compiler NewAnimBlueprint] WALK -> attack  will never be taken, please connect something to  Can Enter Transition
[2017.12.22-12.01.02:606][160]LogBlueprint: Warning: [Compiler NewAnimBlueprint] [1340.59] NewAnimBlueprint 컴파일에 성공했습니다만, 경고가 1 회 있습니다. [소요시간 155 ms] (/Game/InfinityBladeAdversaries/Enemy/Enemy_Master_Grunt/NewAnimBlueprint.NewAnimBlueprint)
[2017.12.22-12.01.18:892][692]BlueprintLog: New page: NewAnimBlueprint 컴파일
[2017.12.22-12.02.02:797][838]LogFileHelpers: Editor autosave (incl. sublevels) for '/Game/InfinityBladeGrassLands/Maps/ElvenRuins' took 0.042
[2017.12.22-12.02.02:814][838]OBJ SavePackage: Generating thumbnails for [1] asset(s) in package [/Game/InfinityBladeAdversaries/Enemy/Enemy_Master_Grunt/NewAnimBlueprint] ([1] browsable assets)...
[2017.12.22-12.02.02:875][838]OBJ SavePackage:     Rendered thumbnail for [AnimBlueprint /Game/InfinityBladeAdversaries/Enemy/Enemy_Master_Grunt/NewAnimBlueprint.NewAnimBlueprint]
[2017.12.22-12.02.02:875][838]OBJ SavePackage: Finished generating thumbnails for package [/Game/InfinityBladeAdversaries/Enemy/Enemy_Master_Grunt/NewAnimBlueprint]
[2017.12.22-12.02.02:976][838]LogSavePackage: Save=81.91ms
[2017.12.22-12.02.02:976][838]LogSavePackage: Moving '../../../../../../Users/강망/Desktop/새 폴더 (4)/Saved/NewAnimBlueprint_Auto219B198964D4AD6E55470CB8D29619B47.tmp' to '../../../../../../Users/강망/Desktop/새 폴더 (4)/Saved/Autosaves/Game/InfinityBladeAdversaries/Enemy/Enemy_Master_Grunt/NewAnimBlueprint_Auto2.uasset'
[2017.12.22-12.02.02:980][838]LogSavePackage: Display: Finished SavePackage ../../../../../../Users/강망/Desktop/새 폴더 (4)/Saved/Autosaves/Game/InfinityBladeAdversaries/Enemy/Enemy_Master_Grunt/NewAnimBlueprint_Auto2.uasset
[2017.12.22-12.02.02:981][838]LogFileHelpers: Auto-saving content packages took 0.169
[2017.12.22-12.03.37:669][554]LogEditorTransaction: Undo 현 선택을 삭제합니다.
[2017.12.22-12.03.37:680][554]LogActorComponent: RegisterComponentWithWorld: (/Engine/Transient.World_12:PersistentLevel.Actor_2.DebugSkelMeshComponent_4) Already registered. Aborting.
[2017.12.22-12.08.36:274][362]LogActorComponent: RegisterComponentWithWorld: (/Engine/Transient.World_18:PersistentLevel.Actor_4.DebugSkelMeshComponent_8) Already registered. Aborting.
[2017.12.22-12.08.36:645][362]LogContentBrowser: Verbose: The majority of assets in the view are of type: AnimSequence
[2017.12.22-12.08.54:720][812]LogEditorTransaction: Undo 노드 추가
[2017.12.22-12.08.54:727][812]LogActorComponent: RegisterComponentWithWorld: (/Engine/Transient.World_12:PersistentLevel.Actor_2.DebugSkelMeshComponent_4) Already registered. Aborting.
[2017.12.22-12.08.54:944][812]LogActorComponent: RegisterComponentWithWorld: (/Engine/Transient.World_18:PersistentLevel.Actor_4.DebugSkelMeshComponent_8) Already registered. Aborting.
[2017.12.22-12.11.14:504][969]Cmd: OBJ SAVEPACKAGE PACKAGE="/Game/pratice/animmontage" FILE="../../../../../../Users/강망/Desktop/새 폴더 (4)/Content/pratice/animmontage.uasset" SILENT=true
[2017.12.22-12.11.14:530][969]LogSavePackage: Save=16.01ms
[2017.12.22-12.11.14:530][969]LogSavePackage: Moving '../../../../../../Users/강망/Desktop/새 폴더 (4)/Saved/animmontage196EBD5A4AAD9C86B7F6D4B97C5C5D7C.tmp' to '../../../../../../Users/강망/Desktop/새 폴더 (4)/Content/pratice/animmontage.uasset'
[2017.12.22-12.11.14:535][969]LogSavePackage: Display: Finished SavePackage ../../../../../../Users/강망/Desktop/새 폴더 (4)/Content/pratice/animmontage.uasset
[2017.12.22-12.11.29:653][497]LogTemp: Repeating last play command: 선택된 뷰포트
[2017.12.22-12.11.29:695][497]LogBlueprintUserMessages: Early PlayInEditor Detection: Level '/Game/InfinityBladeGrassLands/Maps/ElvenRuins.ElvenRuins:PersistentLevel' has LevelScriptBlueprint '/Game/InfinityBladeGrassLands/Maps/ElvenRuins.ElvenRuins:PersistentLevel.ElvenRuins' with GeneratedClass '/Game/InfinityBladeGrassLands/Maps/ElvenRuins.ElvenRuins_C' with ClassGeneratedBy '/Game/InfinityBladeGrassLands/Maps/ElvenRuins.ElvenRuins:PersistentLevel.ElvenRuins'
[2017.12.22-12.11.29:695][497]BlueprintLog: New page: 플레이 전 자동 컴파일
[2017.12.22-12.11.29:704][497]LogPlayLevel: [PlayLevel] Compiling NewAnimBlueprint before play...
[2017.12.22-12.11.29:870][497]LogPlayLevel: PlayLevel: Blueprint regeneration took 175 ms (1 blueprints)
[2017.12.22-12.11.29:871][497]PIE: New page: PIE 세션: ElvenRuins (2017. 12. 23. 오전 6:11:29)
[2017.12.22-12.11.29:871][497]LogPlayLevel: Creating play world package: /Game/InfinityBladeGrassLands/Maps/UEDPIE_0_ElvenRuins
[2017.12.22-12.11.29:958][497]LogPlayLevel: PIE: StaticDuplicateObject took: (0.087634s)
[2017.12.22-12.11.29:960][497]LogAIModule: Creating AISystem for world ElvenRuins
[2017.12.22-12.11.29:960][497]LogPlayLevel: PIE: World Init took: (0.001305s)
[2017.12.22-12.11.29:961][497]LogPlayLevel: PIE: Created PIE world by copying editor world from /Game/InfinityBladeGrassLands/Maps/ElvenRuins.ElvenRuins to /Game/InfinityBladeGrassLands/Maps/UEDPIE_0_ElvenRuins.ElvenRuins (0.090002s)
[2017.12.22-12.11.29:989][497]LogInit: XAudio2 using '스피커(Realtek High Definition Audio)' : 2 channels at 48 kHz using 32 bits per sample (channel mask 0x3)
[2017.12.22-12.11.30:009][497]LogInit: FAudioDevice initialized.
[2017.12.22-12.11.30:050][497]LogLoad: Game class is 'allinoneGameMode'
[2017.12.22-12.11.30:080][497]LogWorld: Bringing World /Game/InfinityBladeGrassLands/Maps/UEDPIE_0_ElvenRuins.ElvenRuins up for play (max tick rate 60) at 2017.12.22-21.11.30
[2017.12.22-12.11.30:082][497]LogWorld: Bringing up level for play took: 0.032039
[2017.12.22-12.11.30:085][497]PIE: /Game/InfinityBladeGrassLands/Maps/UEDPIE_0_ElvenRuins 에 대한 에디터에서 플레이 시작 시간: 0.934
[2017.12.22-12.11.30:086][497]LogBlueprintUserMessages: Late PlayInEditor Detection: Level '/Game/InfinityBladeGrassLands/Maps/ElvenRuins.ElvenRuins:PersistentLevel' has LevelScriptBlueprint '/Game/InfinityBladeGrassLands/Maps/ElvenRuins.ElvenRuins:PersistentLevel.ElvenRuins' with GeneratedClass '/Game/InfinityBladeGrassLands/Maps/ElvenRuins.ElvenRuins_C' with ClassGeneratedBy '/Game/InfinityBladeGrassLands/Maps/ElvenRuins.ElvenRuins:PersistentLevel.ElvenRuins'
[2017.12.22-12.11.32:076][563]LogBlueprintUserMessages: Early EndPlayMap Detection: Level '/Game/InfinityBladeGrassLands/Maps/ElvenRuins.ElvenRuins:PersistentLevel' has LevelScriptBlueprint '/Game/InfinityBladeGrassLands/Maps/ElvenRuins.ElvenRuins:PersistentLevel.ElvenRuins' with GeneratedClass '/Game/InfinityBladeGrassLands/Maps/ElvenRuins.ElvenRuins_C' with ClassGeneratedBy '/Game/InfinityBladeGrassLands/Maps/ElvenRuins.ElvenRuins:PersistentLevel.ElvenRuins'
[2017.12.22-12.11.32:126][563]LogBlueprintUserMessages: Late EndPlayMap Detection: Level '/Game/InfinityBladeGrassLands/Maps/ElvenRuins.ElvenRuins:PersistentLevel' has LevelScriptBlueprint '/Game/InfinityBladeGrassLands/Maps/ElvenRuins.ElvenRuins:PersistentLevel.ElvenRuins' with GeneratedClass '/Game/InfinityBladeGrassLands/Maps/ElvenRuins.ElvenRuins_C' with ClassGeneratedBy '/Game/InfinityBladeGrassLands/Maps/ElvenRuins.ElvenRuins:PersistentLevel.ElvenRuins'
[2017.12.22-12.11.32:974][583]BlueprintLog: New page: NewAnimBlueprint 컴파일
[2017.12.22-12.11.35:420][661]LogTemp: Repeating last play command: 선택된 뷰포트
[2017.12.22-12.11.35:454][661]LogBlueprintUserMessages: Early PlayInEditor Detection: Level '/Game/InfinityBladeGrassLands/Maps/ElvenRuins.ElvenRuins:PersistentLevel' has LevelScriptBlueprint '/Game/InfinityBladeGrassLands/Maps/ElvenRuins.ElvenRuins:PersistentLevel.ElvenRuins' with GeneratedClass '/Game/InfinityBladeGrassLands/Maps/ElvenRuins.ElvenRuins_C' with ClassGeneratedBy '/Game/InfinityBladeGrassLands/Maps/ElvenRuins.ElvenRuins:PersistentLevel.ElvenRuins'
[2017.12.22-12.11.35:454][661]LogPlayLevel: PlayLevel: No blueprints needed recompiling
[2017.12.22-12.11.35:454][661]PIE: New page: PIE 세션: ElvenRuins (2017. 12. 23. 오전 6:11:35)
[2017.12.22-12.11.35:454][661]LogPlayLevel: Creating play world package: /Game/InfinityBladeGrassLands/Maps/UEDPIE_0_ElvenRuins
[2017.12.22-12.11.35:543][661]LogPlayLevel: PIE: StaticDuplicateObject took: (0.088929s)
[2017.12.22-12.11.35:544][661]LogAIModule: Creating AISystem for world ElvenRuins
[2017.12.22-12.11.35:544][661]LogPlayLevel: PIE: World Init took: (0.001118s)
[2017.12.22-12.11.35:545][661]LogPlayLevel: PIE: Created PIE world by copying editor world from /Game/InfinityBladeGrassLands/Maps/ElvenRuins.ElvenRuins to /Game/InfinityBladeGrassLands/Maps/UEDPIE_0_ElvenRuins.ElvenRuins (0.090853s)
[2017.12.22-12.11.35:572][661]LogInit: XAudio2 using '스피커(Realtek High Definition Audio)' : 2 channels at 48 kHz using 32 bits per sample (channel mask 0x3)
[2017.12.22-12.11.35:595][661]LogInit: FAudioDevice initialized.
[2017.12.22-12.11.35:625][661]LogLoad: Game class is 'allinoneGameMode'
[2017.12.22-12.11.35:648][661]LogWorld: Bringing World /Game/InfinityBladeGrassLands/Maps/UEDPIE_0_ElvenRuins.ElvenRuins up for play (max tick rate 60) at 2017.12.22-21.11.35
[2017.12.22-12.11.35:651][661]LogWorld: Bringing up level for play took: 0.025592
[2017.12.22-12.11.35:654][661]PIE: /Game/InfinityBladeGrassLands/Maps/UEDPIE_0_ElvenRuins 에 대한 에디터에서 플레이 시작 시간: 0.503
[2017.12.22-12.11.35:655][661]LogBlueprintUserMessages: Late PlayInEditor Detection: Level '/Game/InfinityBladeGrassLands/Maps/ElvenRuins.ElvenRuins:PersistentLevel' has LevelScriptBlueprint '/Game/InfinityBladeGrassLands/Maps/ElvenRuins.ElvenRuins:PersistentLevel.ElvenRuins' with GeneratedClass '/Game/InfinityBladeGrassLands/Maps/ElvenRuins.ElvenRuins_C' with ClassGeneratedBy '/Game/InfinityBladeGrassLands/Maps/ElvenRuins.ElvenRuins:PersistentLevel.ElvenRuins'
[2017.12.22-12.11.49:349][477]LogBlueprintUserMessages: Early EndPlayMap Detection: Level '/Game/InfinityBladeGrassLands/Maps/ElvenRuins.ElvenRuins:PersistentLevel' has LevelScriptBlueprint '/Game/InfinityBladeGrassLands/Maps/ElvenRuins.ElvenRuins:PersistentLevel.ElvenRuins' with GeneratedClass '/Game/InfinityBladeGrassLands/Maps/ElvenRuins.ElvenRuins_C' with ClassGeneratedBy '/Game/InfinityBladeGrassLands/Maps/ElvenRuins.ElvenRuins:PersistentLevel.ElvenRuins'
[2017.12.22-12.11.49:400][477]LogBlueprintUserMessages: Late EndPlayMap Detection: Level '/Game/InfinityBladeGrassLands/Maps/ElvenRuins.ElvenRuins:PersistentLevel' has LevelScriptBlueprint '/Game/InfinityBladeGrassLands/Maps/ElvenRuins.ElvenRuins:PersistentLevel.ElvenRuins' with GeneratedClass '/Game/InfinityBladeGrassLands/Maps/ElvenRuins.ElvenRuins_C' with ClassGeneratedBy '/Game/InfinityBladeGrassLands/Maps/ElvenRuins.ElvenRuins:PersistentLevel.ElvenRuins'
[2017.12.22-12.12.20:585][631]LogTemp: Repeating last play command: 선택된 뷰포트
[2017.12.22-12.12.20:626][631]LogBlueprintUserMessages: Early PlayInEditor Detection: Level '/Game/InfinityBladeGrassLands/Maps/ElvenRuins.ElvenRuins:PersistentLevel' has LevelScriptBlueprint '/Game/InfinityBladeGrassLands/Maps/ElvenRuins.ElvenRuins:PersistentLevel.ElvenRuins' with GeneratedClass '/Game/InfinityBladeGrassLands/Maps/ElvenRuins.ElvenRuins_C' with ClassGeneratedBy '/Game/InfinityBladeGrassLands/Maps/ElvenRuins.ElvenRuins:PersistentLevel.ElvenRuins'
[2017.12.22-12.12.20:626][631]BlueprintLog: New page: 플레이 전 자동 컴파일
[2017.12.22-12.12.20:633][631]LogPlayLevel: [PlayLevel] Compiling NewAnimBlueprint before play...
[2017.12.22-12.12.20:779][631]LogPlayLevel: PlayLevel: Blueprint regeneration took 152 ms (1 blueprints)
[2017.12.22-12.12.20:779][631]PIE: New page: PIE 세션: ElvenRuins (2017. 12. 23. 오전 6:12:20)
[2017.12.22-12.12.20:779][631]LogPlayLevel: Creating play world package: /Game/InfinityBladeGrassLands/Maps/UEDPIE_0_ElvenRuins
[2017.12.22-12.12.20:864][631]LogPlayLevel: PIE: StaticDuplicateObject took: (0.084458s)
[2017.12.22-12.12.20:865][631]LogAIModule: Creating AISystem for world ElvenRuins
[2017.12.22-12.12.20:865][631]LogPlayLevel: PIE: World Init took: (0.001112s)
[2017.12.22-12.12.20:866][631]LogPlayLevel: PIE: Created PIE world by copying editor world from /Game/InfinityBladeGrassLands/Maps/ElvenRuins.ElvenRuins to /Game/InfinityBladeGrassLands/Maps/UEDPIE_0_ElvenRuins.ElvenRuins (0.086684s)
[2017.12.22-12.12.20:893][631]LogInit: XAudio2 using '스피커(Realtek High Definition Audio)' : 2 channels at 48 kHz using 32 bits per sample (channel mask 0x3)
[2017.12.22-12.12.20:914][631]LogInit: FAudioDevice initialized.
[2017.12.22-12.12.20:955][631]LogLoad: Game class is 'allinoneGameMode'
[2017.12.22-12.12.20:978][631]LogWorld: Bringing World /Game/InfinityBladeGrassLands/Maps/UEDPIE_0_ElvenRuins.ElvenRuins up for play (max tick rate 60) at 2017.12.22-21.12.20
[2017.12.22-12.12.20:984][631]LogWorld: Bringing up level for play took: 0.028090
[2017.12.22-12.12.20:987][631]PIE: /Game/InfinityBladeGrassLands/Maps/UEDPIE_0_ElvenRuins 에 대한 에디터에서 플레이 시작 시간: -0.164
[2017.12.22-12.12.20:988][631]LogBlueprintUserMessages: Late PlayInEditor Detection: Level '/Game/InfinityBladeGrassLands/Maps/ElvenRuins.ElvenRuins:PersistentLevel' has LevelScriptBlueprint '/Game/InfinityBladeGrassLands/Maps/ElvenRuins.ElvenRuins:PersistentLevel.ElvenRuins' with GeneratedClass '/Game/InfinityBladeGrassLands/Maps/ElvenRuins.ElvenRuins_C' with ClassGeneratedBy '/Game/InfinityBladeGrassLands/Maps/ElvenRuins.ElvenRuins:PersistentLevel.ElvenRuins'
[2017.12.22-12.12.23:115][694]LogBlueprintUserMessages: Early EndPlayMap Detection: Level '/Game/InfinityBladeGrassLands/Maps/ElvenRuins.ElvenRuins:PersistentLevel' has LevelScriptBlueprint '/Game/InfinityBladeGrassLands/Maps/ElvenRuins.ElvenRuins:PersistentLevel.ElvenRuins' with GeneratedClass '/Game/InfinityBladeGrassLands/Maps/ElvenRuins.ElvenRuins_C' with ClassGeneratedBy '/Game/InfinityBladeGrassLands/Maps/ElvenRuins.ElvenRuins:PersistentLevel.ElvenRuins'
[2017.12.22-12.12.23:165][694]LogBlueprintUserMessages: Late EndPlayMap Detection: Level '/Game/InfinityBladeGrassLands/Maps/ElvenRuins.ElvenRuins:PersistentLevel' has LevelScriptBlueprint '/Game/InfinityBladeGrassLands/Maps/ElvenRuins.ElvenRuins:PersistentLevel.ElvenRuins' with GeneratedClass '/Game/InfinityBladeGrassLands/Maps/ElvenRuins.ElvenRuins_C' with ClassGeneratedBy '/Game/InfinityBladeGrassLands/Maps/ElvenRuins.ElvenRuins:PersistentLevel.ElvenRuins'
[2017.12.22-12.12.40:766][989]LogActorComponent: RegisterComponentWithWorld: (/Engine/Transient.World_20:PersistentLevel.Actor_5.DebugSkelMeshComponent_10) Already registered. Aborting.
[2017.12.22-12.13.01:920][960]LogContentBrowser: Verbose: The majority of assets in the view are of type: AnimSequence
[2017.12.22-12.13.29:345][965]Cmd: OBJ SAVEPACKAGE PACKAGE="/Game/pratice/animmontage" FILE="../../../../../../Users/강망/Desktop/새 폴더 (4)/Content/pratice/animmontage.uasset" SILENT=true
[2017.12.22-12.13.29:366][965]LogSavePackage: Save=13.77ms
[2017.12.22-12.13.29:366][965]LogSavePackage: Moving '../../../../../../Users/강망/Desktop/새 폴더 (4)/Saved/animmontage26AB2D334B7BBE896D71AB89ACDB4035.tmp' to '../../../../../../Users/강망/Desktop/새 폴더 (4)/Content/pratice/animmontage.uasset'
[2017.12.22-12.13.29:370][965]LogSavePackage: Display: Finished SavePackage ../../../../../../Users/강망/Desktop/새 폴더 (4)/Content/pratice/animmontage.uasset
[2017.12.22-12.13.37:939][204]Cmd: OBJ SAVEPACKAGE PACKAGE="/Game/pratice/animmontage" FILE="../../../../../../Users/강망/Desktop/새 폴더 (4)/Content/pratice/animmontage.uasset" SILENT=true
[2017.12.22-12.13.37:957][204]LogSavePackage: Save=13.93ms
[2017.12.22-12.13.37:957][204]LogSavePackage: Moving '../../../../../../Users/강망/Desktop/새 폴더 (4)/Saved/animmontage41E83ABD478C2D57B6E923946C9F06E2.tmp' to '../../../../../../Users/강망/Desktop/새 폴더 (4)/Content/pratice/animmontage.uasset'
[2017.12.22-12.13.37:963][204]LogSavePackage: Display: Finished SavePackage ../../../../../../Users/강망/Desktop/새 폴더 (4)/Content/pratice/animmontage.uasset
[2017.12.22-12.13.44:075][371]BlueprintLog: New page: NewAnimBlueprint 컴파일
[2017.12.22-12.13.48:681][494]BlueprintLog: New page: NewAnimBlueprint 컴파일
[2017.12.22-12.13.50:064][527]LogTemp: Repeating last play command: 선택된 뷰포트
[2017.12.22-12.13.50:094][527]LogBlueprintUserMessages: Early PlayInEditor Detection: Level '/Game/InfinityBladeGrassLands/Maps/ElvenRuins.ElvenRuins:PersistentLevel' has LevelScriptBlueprint '/Game/InfinityBladeGrassLands/Maps/ElvenRuins.ElvenRuins:PersistentLevel.ElvenRuins' with GeneratedClass '/Game/InfinityBladeGrassLands/Maps/ElvenRuins.ElvenRuins_C' with ClassGeneratedBy '/Game/InfinityBladeGrassLands/Maps/ElvenRuins.ElvenRuins:PersistentLevel.ElvenRuins'
[2017.12.22-12.13.50:095][527]LogPlayLevel: PlayLevel: No blueprints needed recompiling
[2017.12.22-12.13.50:095][527]PIE: New page: PIE 세션: ElvenRuins (2017. 12. 23. 오전 6:13:50)
[2017.12.22-12.13.50:095][527]LogPlayLevel: Creating play world package: /Game/InfinityBladeGrassLands/Maps/UEDPIE_0_ElvenRuins
[2017.12.22-12.13.50:196][527]LogPlayLevel: PIE: StaticDuplicateObject took: (0.100469s)
[2017.12.22-12.13.50:196][527]LogAIModule: Creating AISystem for world ElvenRuins
[2017.12.22-12.13.50:197][527]LogPlayLevel: PIE: World Init took: (0.001026s)
[2017.12.22-12.13.50:197][527]LogPlayLevel: PIE: Created PIE world by copying editor world from /Game/InfinityBladeGrassLands/Maps/ElvenRuins.ElvenRuins to /Game/InfinityBladeGrassLands/Maps/UEDPIE_0_ElvenRuins.ElvenRuins (0.102260s)
[2017.12.22-12.13.50:223][527]LogInit: XAudio2 using '스피커(Realtek High Definition Audio)' : 2 channels at 48 kHz using 32 bits per sample (channel mask 0x3)
[2017.12.22-12.13.50:241][527]LogInit: FAudioDevice initialized.
[2017.12.22-12.13.50:278][527]LogLoad: Game class is 'allinoneGameMode'
[2017.12.22-12.13.50:305][527]LogWorld: Bringing World /Game/InfinityBladeGrassLands/Maps/UEDPIE_0_ElvenRuins.ElvenRuins up for play (max tick rate 60) at 2017.12.22-21.13.50
[2017.12.22-12.13.50:308][527]LogWorld: Bringing up level for play took: 0.029357
[2017.12.22-12.13.50:311][527]PIE: /Game/InfinityBladeGrassLands/Maps/UEDPIE_0_ElvenRuins 에 대한 에디터에서 플레이 시작 시간: 1.16
[2017.12.22-12.13.50:311][527]LogBlueprintUserMessages: Late PlayInEditor Detection: Level '/Game/InfinityBladeGrassLands/Maps/ElvenRuins.ElvenRuins:PersistentLevel' has LevelScriptBlueprint '/Game/InfinityBladeGrassLands/Maps/ElvenRuins.ElvenRuins:PersistentLevel.ElvenRuins' with GeneratedClass '/Game/InfinityBladeGrassLands/Maps/ElvenRuins.ElvenRuins_C' with ClassGeneratedBy '/Game/InfinityBladeGrassLands/Maps/ElvenRuins.ElvenRuins:PersistentLevel.ElvenRuins'
[2017.12.22-12.13.54:742][636]LogBlueprintUserMessages: Early EndPlayMap Detection: Level '/Game/InfinityBladeGrassLands/Maps/ElvenRuins.ElvenRuins:PersistentLevel' has LevelScriptBlueprint '/Game/InfinityBladeGrassLands/Maps/ElvenRuins.ElvenRuins:PersistentLevel.ElvenRuins' with GeneratedClass '/Game/InfinityBladeGrassLands/Maps/ElvenRuins.ElvenRuins_C' with ClassGeneratedBy '/Game/InfinityBladeGrassLands/Maps/ElvenRuins.ElvenRuins:PersistentLevel.ElvenRuins'
[2017.12.22-12.13.54:799][636]LogBlueprintUserMessages: Late EndPlayMap Detection: Level '/Game/InfinityBladeGrassLands/Maps/ElvenRuins.ElvenRuins:PersistentLevel' has LevelScriptBlueprint '/Game/InfinityBladeGrassLands/Maps/ElvenRuins.ElvenRuins:PersistentLevel.ElvenRuins' with GeneratedClass '/Game/InfinityBladeGrassLands/Maps/ElvenRuins.ElvenRuins_C' with ClassGeneratedBy '/Game/InfinityBladeGrassLands/Maps/ElvenRuins.ElvenRuins:PersistentLevel.ElvenRuins'
[2017.12.22-12.14.02:455][907]LogTemp: Repeating last play command: 선택된 뷰포트
[2017.12.22-12.14.02:490][907]LogBlueprintUserMessages: Early PlayInEditor Detection: Level '/Game/InfinityBladeGrassLands/Maps/ElvenRuins.ElvenRuins:PersistentLevel' has LevelScriptBlueprint '/Game/InfinityBladeGrassLands/Maps/ElvenRuins.ElvenRuins:PersistentLevel.ElvenRuins' with GeneratedClass '/Game/InfinityBladeGrassLands/Maps/ElvenRuins.ElvenRuins_C' with ClassGeneratedBy '/Game/InfinityBladeGrassLands/Maps/ElvenRuins.ElvenRuins:PersistentLevel.ElvenRuins'
[2017.12.22-12.14.02:490][907]LogPlayLevel: PlayLevel: No blueprints needed recompiling
[2017.12.22-12.14.02:490][907]PIE: New page: PIE 세션: ElvenRuins (2017. 12. 23. 오전 6:14:02)
[2017.12.22-12.14.02:490][907]LogPlayLevel: Creating play world package: /Game/InfinityBladeGrassLands/Maps/UEDPIE_0_ElvenRuins
[2017.12.22-12.14.02:573][907]LogPlayLevel: PIE: StaticDuplicateObject took: (0.082310s)
[2017.12.22-12.14.02:573][907]LogAIModule: Creating AISystem for world ElvenRuins
[2017.12.22-12.14.02:574][907]LogPlayLevel: PIE: World Init took: (0.001051s)
[2017.12.22-12.14.02:574][907]LogPlayLevel: PIE: Created PIE world by copying editor world from /Game/InfinityBladeGrassLands/Maps/ElvenRuins.ElvenRuins to /Game/InfinityBladeGrassLands/Maps/UEDPIE_0_ElvenRuins.ElvenRuins (0.084069s)
[2017.12.22-12.14.02:602][907]LogInit: XAudio2 using '스피커(Realtek High Definition Audio)' : 2 channels at 48 kHz using 32 bits per sample (channel mask 0x3)
[2017.12.22-12.14.02:620][907]LogInit: FAudioDevice initialized.
[2017.12.22-12.14.02:656][907]LogLoad: Game class is 'allinoneGameMode'
[2017.12.22-12.14.02:680][907]LogWorld: Bringing World /Game/InfinityBladeGrassLands/Maps/UEDPIE_0_ElvenRuins.ElvenRuins up for play (max tick rate 60) at 2017.12.22-21.14.02
[2017.12.22-12.14.02:683][907]LogWorld: Bringing up level for play took: 0.026049
[2017.12.22-12.14.02:685][907]PIE: /Game/InfinityBladeGrassLands/Maps/UEDPIE_0_ElvenRuins 에 대한 에디터에서 플레이 시작 시간: -0.466
[2017.12.22-12.14.02:686][907]LogBlueprintUserMessages: Late PlayInEditor Detection: Level '/Game/InfinityBladeGrassLands/Maps/ElvenRuins.ElvenRuins:PersistentLevel' has LevelScriptBlueprint '/Game/InfinityBladeGrassLands/Maps/ElvenRuins.ElvenRuins:PersistentLevel.ElvenRuins' with GeneratedClass '/Game/InfinityBladeGrassLands/Maps/ElvenRuins.ElvenRuins_C' with ClassGeneratedBy '/Game/InfinityBladeGrassLands/Maps/ElvenRuins.ElvenRuins:PersistentLevel.ElvenRuins'
[2017.12.22-12.14.08:314][239]LogBlueprintUserMessages: Early EndPlayMap Detection: Level '/Game/InfinityBladeGrassLands/Maps/ElvenRuins.ElvenRuins:PersistentLevel' has LevelScriptBlueprint '/Game/InfinityBladeGrassLands/Maps/ElvenRuins.ElvenRuins:PersistentLevel.ElvenRuins' with GeneratedClass '/Game/InfinityBladeGrassLands/Maps/ElvenRuins.ElvenRuins_C' with ClassGeneratedBy '/Game/InfinityBladeGrassLands/Maps/ElvenRuins.ElvenRuins:PersistentLevel.ElvenRuins'
[2017.12.22-12.14.08:362][239]LogBlueprintUserMessages: Late EndPlayMap Detection: Level '/Game/InfinityBladeGrassLands/Maps/ElvenRuins.ElvenRuins:PersistentLevel' has LevelScriptBlueprint '/Game/InfinityBladeGrassLands/Maps/ElvenRuins.ElvenRuins:PersistentLevel.ElvenRuins' with GeneratedClass '/Game/InfinityBladeGrassLands/Maps/ElvenRuins.ElvenRuins_C' with ClassGeneratedBy '/Game/InfinityBladeGrassLands/Maps/ElvenRuins.ElvenRuins:PersistentLevel.ElvenRuins'
[2017.12.22-12.14.23:454][683]LogWindows: Error: === Critical error: ===
[2017.12.22-12.14.23:455][683]LogWindows: Error: 
[2017.12.22-12.14.23:455][683]LogWindows: Error: Fatal error!
[2017.12.22-12.14.23:455][683]LogWindows: Error: 
[2017.12.22-12.14.23:455][683]LogWindows: Error: Unhandled Exception: EXCEPTION_ACCESS_VIOLATION reading address 0x00000000
[2017.12.22-12.14.23:455][683]LogWindows: Error: 
[2017.12.22-12.14.23:455][683]LogWindows: Error: [Callstack] 0x000000005CAF470B UE4Editor-allinone-351!AallinoneCharacter::Tick() [c:\allinone\source\allinone\allinonecharacter.cpp:166]
[2017.12.22-12.14.23:455][683]LogWindows: Error: [Callstack] 0x0000000080780C39 UE4Editor-Engine.dll!UnknownFunction []
[2017.12.22-12.14.23:455][683]LogWindows: Error: [Callstack] 0x00000000807358B6 UE4Editor-Engine.dll!UnknownFunction []
[2017.12.22-12.14.23:455][683]LogWindows: Error: [Callstack] 0x0000000081789BDB UE4Editor-Engine.dll!UnknownFunction []
[2017.12.22-12.14.23:455][683]LogWindows: Error: [Callstack] 0x000000008178DD0B UE4Editor-Engine.dll!UnknownFunction []
[2017.12.22-12.14.23:456][683]LogWindows: Error: [Callstack] 0x0000000084D54845 UE4Editor-Core.dll!UnknownFunction []
[2017.12.22-12.14.23:456][683]LogWindows: Error: [Callstack] 0x0000000084D54E2A UE4Editor-Core.dll!UnknownFunction []
[2017.12.22-12.14.23:456][683]LogWindows: Error: [Callstack] 0x0000000084D7589E UE4Editor-Core.dll!UnknownFunction []
[2017.12.22-12.14.23:456][683]LogWindows: Error: [Callstack] 0x00000000817A7E11 UE4Editor-Engine.dll!UnknownFunction []
[2017.12.22-12.14.23:456][683]LogWindows: Error: [Callstack] 0x00000000817AC632 UE4Editor-Engine.dll!UnknownFunction []
[2017.12.22-12.14.23:456][683]LogWindows: Error: [Callstack] 0x000000008109D104 UE4Editor-Engine.dll!UnknownFunction []
[2017.12.22-12.14.23:456][683]LogWindows: Error: [Callstack] 0x00000000810A6448 UE4Editor-Engine.dll!UnknownFunction []
[2017.12.22-12.14.23:456][683]LogWindows: Error: [Callstack] 0x000000007798B522 UE4Editor-Kismet.dll!UnknownFunction []
[2017.12.22-12.14.23:456][683]LogWindows: Error: [Callstack] 0x0000000078296ECF UE4Editor-UnrealEd.dll!UnknownFunction []
[2017.12.22-12.14.23:456][683]LogWindows: Error: [Callstack] 0x0000000078B44AC6 UE4Editor-UnrealEd.dll!UnknownFunction []
[2017.12.22-12.14.23:456][683]LogWindows: Error: [Callstack] 0x00000000FF645A26 UE4Editor.exe!UnknownFunction []
[2017.12.22-12.14.23:456][683]LogWindows: Error: [Callstack] 0x00000000FF655430 UE4Editor.exe!UnknownFunction []
[2017.12.22-12.14.23:456][683]LogWindows: Error: [Callstack] 0x00000000FF6554AA UE4Editor.exe!UnknownFunction []
[2017.12.22-12.14.23:456][683]LogWindows: Error: [Callstack] 0x00000000FF662379 UE4Editor.exe!UnknownFunction []
[2017.12.22-12.14.23:456][683]LogWindows: Error: [Callstack] 0x00000000FF663D57 UE4Editor.exe!UnknownFunction []
[2017.12.22-12.14.23:456][683]LogWindows: Error: [Callstack] 0x00000000B5852774 KERNEL32.DLL!UnknownFunction []
[2017.12.22-12.14.23:456][683]LogWindows: Error: [Callstack] 0x00000000B7B80D51 ntdll.dll!UnknownFunction []
[2017.12.22-12.14.23:456][683]LogWindows: Error: [Callstack] 0x00000000B7B80D51 ntdll.dll!UnknownFunction []
[2017.12.22-12.14.23:456][683]LogWindows: Error: 
[2017.12.22-12.14.23:470][683]LogExit: Executing StaticShutdownAfterError
[2017.12.22-12.14.23:531][683]LogWindows: FPlatformMisc::RequestExit(1)
[2017.12.22-12.14.23:532][683]Log file closed, 12/22/17 21:14:23
