Log file open, 12/22/17 21:16:55
LogWindows: Failed to load 'aqProf.dll' (GetLastError=126)
LogWindows: File 'aqProf.dll' does not exist
LogWindows: Failed to load 'VSPerf140.dll' (GetLastError=126)
LogWindows: File 'VSPerf140.dll' does not exist
LogWindows: Failed to load 'VtuneApi.dll' (GetLastError=126)
LogWindows: File 'VtuneApi.dll' does not exist
LogWindows: Failed to load 'VtuneApi32e.dll' (GetLastError=126)
LogWindows: File 'VtuneApi32e.dll' does not exist
LogInit: Display: Running engine for game: allinone
LogPlatformFile: Not using cached read wrapper
LogInit: Display: RandInit(670402081) SRandInit(670402081).
LogInit: Read version file with build ID '3709383'
LogInit: Overriding engine version to CL 3794801, compatible CL 3709383
LogInit: Registered custom module enumerator with build ID '3709383'
LogTaskGraph: Started task graph with 5 named threads and 14 total threads with 3 sets of task threads.
LogStats: Stats thread started at 0.193254
LogD3D11RHI: Aftermath initialized
LogPluginManager: Mounting plugin Paper2D
LogPluginManager: Mounting plugin LightPropagationVolume
LogPluginManager: Mounting plugin CodeLiteSourceCodeAccess
LogPluginManager: Mounting plugin GitSourceControl
LogPluginManager: Mounting plugin KDevelopSourceCodeAccess
LogPluginManager: Mounting plugin NullSourceCodeAccess
LogPluginManager: Mounting plugin PerforceSourceControl
LogPluginManager: Mounting plugin SubversionSourceControl
LogPluginManager: Mounting plugin UObjectPlugin
LogPluginManager: Mounting plugin VisualStudioCodeSourceCodeAccess
LogPluginManager: Mounting plugin VisualStudioSourceCodeAccess
LogPluginManager: Mounting plugin XCodeSourceCodeAccess
LogPluginManager: Mounting plugin AssetManagerEditor
LogPluginManager: Mounting plugin AudioCapture
LogPluginManager: Mounting plugin FacialAnimation
LogPluginManager: Mounting plugin GameplayTagsEditor
LogPluginManager: Mounting plugin MobileLauncherProfileWizard
LogPluginManager: Mounting plugin PluginBrowser
LogPluginManager: Mounting plugin SpeedTreeImporter
LogPluginManager: Mounting plugin AlembicImporter
LogPluginManager: Mounting plugin CharacterAI
LogPluginManager: Mounting plugin HTML5Networking
LogPluginManager: Mounting plugin AndroidMedia
LogPluginManager: Mounting plugin AvfMedia
LogPluginManager: Mounting plugin ImgMedia
LogPluginManager: Mounting plugin MediaCompositing
LogPluginManager: Mounting plugin MediaPlayerEditor
LogPluginManager: Mounting plugin WmfMedia
LogPluginManager: Mounting plugin TcpMessaging
LogPluginManager: Mounting plugin UdpMessaging
LogPluginManager: Mounting plugin ActorSequence
LogPluginManager: Mounting plugin LevelSequenceEditor
LogPluginManager: Mounting plugin MatineeToLevelSequence
LogPluginManager: Mounting plugin OnlineSubsystemGooglePlay
LogPluginManager: Mounting plugin OnlineSubsystemIOS
LogPluginManager: Mounting plugin OnlineSubsystem
LogPluginManager: Mounting plugin OnlineSubsystemNull
LogPluginManager: Mounting plugin OnlineSubsystemUtils
LogPluginManager: Mounting plugin AndroidDeviceProfileSelector
LogPluginManager: Mounting plugin AndroidMoviePlayer
LogPluginManager: Mounting plugin AndroidPermission
LogPluginManager: Mounting plugin ApexDestruction
LogPluginManager: Mounting plugin AppleARKit
LogPluginManager: Mounting plugin AppleMoviePlayer
LogPluginManager: Mounting plugin ArchVisCharacter
LogPluginManager: Mounting plugin CableComponent
LogPluginManager: Mounting plugin CustomMeshComponent
LogPluginManager: Mounting plugin ExampleDeviceProfileSelector
LogPluginManager: Mounting plugin GoogleCloudMessaging
LogPluginManager: Mounting plugin ImmediatePhysics
LogPluginManager: Mounting plugin IOSDeviceProfileSelector
LogPluginManager: Mounting plugin LinuxDeviceProfileSelector
LogPluginManager: Mounting plugin LocationServicesBPLibrary
LogPluginManager: Mounting plugin MobilePatchingUtils
LogPluginManager: Mounting plugin OculusVR
LogPluginManager: Plugin shader directory ../../../Engine/Plugins/Runtime/Oculus/OculusVR/Shaders found
LogPluginManager: Mapping shader source directory ../../../Engine/Plugins/Runtime/Oculus/OculusVR/Shaders to virtual directory /Plugin/OculusVR
LogPluginManager: Mounting plugin PhysXVehicles
LogPluginManager: Mounting plugin ProceduralMeshComponent
LogPluginManager: Mounting plugin RuntimePhysXCooking
LogPluginManager: Mounting plugin SteamVR
LogPluginManager: Mounting plugin WindowsMoviePlayer
LogModuleManager: Display: Found up-to-date module file ../../../../../../Users/강망/Desktop/새 폴더 (4)/Binaries/Win64/UE4Editor-allinone-3517.dll (API version 3709383).
LogModuleManager: Display: Found up-to-date module file ../../../Engine/Plugins/2D/Paper2D/Binaries/Win64/UE4Editor-Paper2D.dll (API version 3709383).
LogModuleManager: Display: Found up-to-date module file ../../../Engine/Plugins/2D/Paper2D/Binaries/Win64/UE4Editor-Paper2DEditor.dll (API version 3709383).
LogModuleManager: Display: Found up-to-date module file ../../../Engine/Plugins/2D/Paper2D/Binaries/Win64/UE4Editor-PaperSpriteSheetImporter.dll (API version 3709383).
LogModuleManager: Display: Found up-to-date module file ../../../Engine/Plugins/2D/Paper2D/Binaries/Win64/UE4Editor-PaperTiledImporter.dll (API version 3709383).
LogModuleManager: Display: Found up-to-date module file ../../../Engine/Plugins/2D/Paper2D/Binaries/Win64/UE4Editor-SmartSnapping.dll (API version 3709383).
LogModuleManager: Display: Found up-to-date module file ../../../Engine/Plugins/Blendables/LightPropagationVolume/Binaries/Win64/UE4Editor-LightPropagationVolumeRuntime.dll (API version 3709383).
LogModuleManager: Display: Found up-to-date module file ../../../Engine/Plugins/Blendables/LightPropagationVolume/Binaries/Win64/UE4Editor-LightPropagationVolumeEditor.dll (API version 3709383).
LogModuleManager: Display: Found up-to-date module file ../../../Engine/Plugins/Developer/GitSourceControl/Binaries/Win64/UE4Editor-GitSourceControl.dll (API version 3709383).
LogModuleManager: Display: Found up-to-date module file ../../../Engine/Plugins/Developer/PerforceSourceControl/Binaries/Win64/UE4Editor-PerforceSourceControl.dll (API version 3709383).
LogModuleManager: Display: Found up-to-date module file ../../../Engine/Plugins/Developer/SubversionSourceControl/Binaries/Win64/UE4Editor-SubversionSourceControl.dll (API version 3709383).
LogModuleManager: Display: Found up-to-date module file ../../../Engine/Plugins/Developer/UObjectPlugin/Binaries/Win64/UE4Editor-UObjectPlugin.dll (API version 3709383).
LogModuleManager: Display: Found up-to-date module file ../../../Engine/Plugins/Developer/VisualStudioCodeSourceCodeAccess/Binaries/Win64/UE4Editor-VisualStudioCodeSourceCodeAccess.dll (API version 3709383).
LogModuleManager: Display: Found up-to-date module file ../../../Engine/Plugins/Developer/VisualStudioSourceCodeAccess/Binaries/Win64/UE4Editor-VisualStudioSourceCodeAccess.dll (API version 3709383).
LogModuleManager: Display: Found up-to-date module file ../../../Engine/Plugins/Editor/AssetManagerEditor/Binaries/Win64/UE4Editor-AssetManagerEditor.dll (API version 3709383).
LogModuleManager: Display: Found up-to-date module file ../../../Engine/Plugins/Editor/AudioCapture/Binaries/Win64/UE4Editor-AudioCapture.dll (API version 3709383).
LogModuleManager: Display: Found up-to-date module file ../../../Engine/Plugins/Editor/FacialAnimation/Binaries/Win64/UE4Editor-FacialAnimation.dll (API version 3709383).
LogModuleManager: Display: Found up-to-date module file ../../../Engine/Plugins/Editor/FacialAnimation/Binaries/Win64/UE4Editor-FacialAnimationEditor.dll (API version 3709383).
LogModuleManager: Display: Found up-to-date module file ../../../Engine/Plugins/Editor/GameplayTagsEditor/Binaries/Win64/UE4Editor-GameplayTagsEditor.dll (API version 3709383).
LogModuleManager: Display: Found up-to-date module file ../../../Engine/Plugins/Editor/MobileLauncherProfileWizard/Binaries/Win64/UE4Editor-MobileLauncherProfileWizard.dll (API version 3709383).
LogModuleManager: Display: Found up-to-date module file ../../../Engine/Plugins/Editor/PluginBrowser/Binaries/Win64/UE4Editor-PluginBrowser.dll (API version 3709383).
LogModuleManager: Display: Found up-to-date module file ../../../Engine/Plugins/Editor/SpeedTreeImporter/Binaries/Win64/UE4Editor-SpeedTreeImporter.dll (API version 3709383).
LogModuleManager: Display: Found up-to-date module file ../../../Engine/Plugins/Experimental/AlembicImporter/Binaries/Win64/UE4Editor-AlembicImporter.dll (API version 3709383).
LogModuleManager: Display: Found up-to-date module file ../../../Engine/Plugins/Experimental/AlembicImporter/Binaries/Win64/UE4Editor-AlembicLibrary.dll (API version 3709383).
LogModuleManager: Display: Found up-to-date module file ../../../Engine/Plugins/Experimental/CharacterAI/Binaries/Win64/UE4Editor-CharacterAI.dll (API version 3709383).
LogModuleManager: Display: Found up-to-date module file ../../../Engine/Plugins/Experimental/HTML5Networking/Binaries/Win64/UE4Editor-HTML5Networking.dll (API version 3709383).
LogModuleManager: Display: Found up-to-date module file ../../../Engine/Plugins/Media/AndroidMedia/Binaries/Win64/UE4Editor-AndroidMediaEditor.dll (API version 3709383).
LogModuleManager: Display: Found up-to-date module file ../../../Engine/Plugins/Media/AndroidMedia/Binaries/Win64/UE4Editor-AndroidMediaFactory.dll (API version 3709383).
LogModuleManager: Display: Found up-to-date module file ../../../Engine/Plugins/Media/AvfMedia/Binaries/Win64/UE4Editor-AvfMediaEditor.dll (API version 3709383).
LogModuleManager: Display: Found up-to-date module file ../../../Engine/Plugins/Media/AvfMedia/Binaries/Win64/UE4Editor-AvfMediaFactory.dll (API version 3709383).
LogModuleManager: Display: Found up-to-date module file ../../../Engine/Plugins/Media/AvfMedia/Binaries/Win64/UE4Editor-AvfMediaFactory.dll (API version 3709383).
LogModuleManager: Display: Found up-to-date module file ../../../Engine/Plugins/Media/ImgMedia/Binaries/Win64/UE4Editor-ImgMedia.dll (API version 3709383).
LogModuleManager: Display: Found up-to-date module file ../../../Engine/Plugins/Media/ImgMedia/Binaries/Win64/UE4Editor-ImgMediaEditor.dll (API version 3709383).
LogModuleManager: Display: Found up-to-date module file ../../../Engine/Plugins/Media/ImgMedia/Binaries/Win64/UE4Editor-ImgMediaFactory.dll (API version 3709383).
LogModuleManager: Display: Found up-to-date module file ../../../Engine/Plugins/Media/ImgMedia/Binaries/Win64/UE4Editor-ImgMediaFactory.dll (API version 3709383).
LogModuleManager: Display: Found up-to-date module file ../../../Engine/Plugins/Media/ImgMedia/Binaries/Win64/UE4Editor-OpenExrWrapper.dll (API version 3709383).
LogModuleManager: Display: Found up-to-date module file ../../../Engine/Plugins/Media/MediaCompositing/Binaries/Win64/UE4Editor-MediaCompositing.dll (API version 3709383).
LogModuleManager: Display: Found up-to-date module file ../../../Engine/Plugins/Media/MediaCompositing/Binaries/Win64/UE4Editor-MediaCompositingEditor.dll (API version 3709383).
LogModuleManager: Display: Found up-to-date module file ../../../Engine/Plugins/Media/MediaPlayerEditor/Binaries/Win64/UE4Editor-MediaPlayerEditor.dll (API version 3709383).
LogModuleManager: Display: Found up-to-date module file ../../../Engine/Plugins/Media/WmfMedia/Binaries/Win64/UE4Editor-WmfMedia.dll (API version 3709383).
LogModuleManager: Display: Found up-to-date module file ../../../Engine/Plugins/Media/WmfMedia/Binaries/Win64/UE4Editor-WmfMediaEditor.dll (API version 3709383).
LogModuleManager: Display: Found up-to-date module file ../../../Engine/Plugins/Media/WmfMedia/Binaries/Win64/UE4Editor-WmfMediaFactory.dll (API version 3709383).
LogModuleManager: Display: Found up-to-date module file ../../../Engine/Plugins/Media/WmfMedia/Binaries/Win64/UE4Editor-WmfMediaFactory.dll (API version 3709383).
LogModuleManager: Display: Found up-to-date module file ../../../Engine/Plugins/Messaging/TcpMessaging/Binaries/Win64/UE4Editor-TcpMessaging.dll (API version 3709383).
LogModuleManager: Display: Found up-to-date module file ../../../Engine/Plugins/Messaging/UdpMessaging/Binaries/Win64/UE4Editor-UdpMessaging.dll (API version 3709383).
LogModuleManager: Display: Found up-to-date module file ../../../Engine/Plugins/MovieScene/ActorSequence/Binaries/Win64/UE4Editor-ActorSequence.dll (API version 3709383).
LogModuleManager: Display: Found up-to-date module file ../../../Engine/Plugins/MovieScene/LevelSequenceEditor/Binaries/Win64/UE4Editor-LevelSequenceEditor.dll (API version 3709383).
LogModuleManager: Display: Found up-to-date module file ../../../Engine/Plugins/MovieScene/MatineeToLevelSequence/Binaries/Win64/UE4Editor-MatineeToLevelSequence.dll (API version 3709383).
LogModuleManager: Display: Found up-to-date module file ../../../Engine/Plugins/Online/OnlineSubsystem/Binaries/Win64/UE4Editor-OnlineSubsystem.dll (API version 3709383).
LogModuleManager: Display: Found up-to-date module file ../../../Engine/Plugins/Online/OnlineSubsystemNull/Binaries/Win64/UE4Editor-OnlineSubsystemNull.dll (API version 3709383).
LogModuleManager: Display: Found up-to-date module file ../../../Engine/Plugins/Online/OnlineSubsystemUtils/Binaries/Win64/UE4Editor-OnlineSubsystemUtils.dll (API version 3709383).
LogModuleManager: Display: Found up-to-date module file ../../../Engine/Plugins/Online/OnlineSubsystemUtils/Binaries/Win64/UE4Editor-OnlineBlueprintSupport.dll (API version 3709383).
LogModuleManager: Display: Found up-to-date module file ../../../Engine/Plugins/Runtime/AndroidDeviceProfileSelector/Binaries/Win64/UE4Editor-AndroidDeviceProfileSelector.dll (API version 3709383).
LogModuleManager: Display: Found up-to-date module file ../../../Engine/Plugins/Runtime/AndroidPermission/Binaries/Win64/UE4Editor-AndroidPermission.dll (API version 3709383).
LogModuleManager: Display: Found up-to-date module file ../../../Engine/Plugins/Runtime/ApexDestruction/Binaries/Win64/UE4Editor-ApexDestruction.dll (API version 3709383).
LogModuleManager: Display: Found up-to-date module file ../../../Engine/Plugins/Runtime/ApexDestruction/Binaries/Win64/UE4Editor-ApexDestructionEditor.dll (API version 3709383).
LogModuleManager: Display: Found up-to-date module file ../../../Engine/Plugins/Runtime/AppleARKit/Binaries/Win64/UE4Editor-AppleARKit.dll (API version 3709383).
LogModuleManager: Display: Found up-to-date module file ../../../Engine/Plugins/Runtime/ArchVisCharacter/Binaries/Win64/UE4Editor-ArchVisCharacter.dll (API version 3709383).
LogModuleManager: Display: Found up-to-date module file ../../../Engine/Plugins/Runtime/CableComponent/Binaries/Win64/UE4Editor-CableComponent.dll (API version 3709383).
LogModuleManager: Display: Found up-to-date module file ../../../Engine/Plugins/Runtime/CustomMeshComponent/Binaries/Win64/UE4Editor-CustomMeshComponent.dll (API version 3709383).
LogModuleManager: Display: Found up-to-date module file ../../../Engine/Plugins/Runtime/ExampleDeviceProfileSelector/Binaries/Win64/UE4Editor-ExampleDeviceProfileSelector.dll (API version 3709383).
LogModuleManager: Display: Found up-to-date module file ../../../Engine/Plugins/Runtime/ImmediatePhysics/Binaries/Win64/UE4Editor-ImmediatePhysics.dll (API version 3709383).
LogModuleManager: Display: Found up-to-date module file ../../../Engine/Plugins/Runtime/ImmediatePhysics/Binaries/Win64/UE4Editor-ImmediatePhysicsEditor.dll (API version 3709383).
LogModuleManager: Display: Found up-to-date module file ../../../Engine/Plugins/Runtime/LocationServicesBPLibrary/Binaries/Win64/UE4Editor-LocationServicesBPLibrary.dll (API version 3709383).
LogModuleManager: Display: Found up-to-date module file ../../../Engine/Plugins/Runtime/MobilePatchingUtils/Binaries/Win64/UE4Editor-MobilePatchingUtils.dll (API version 3709383).
LogModuleManager: Display: Found up-to-date module file ../../../Engine/Plugins/Runtime/Oculus/OculusVR/Binaries/Win64/UE4Editor-OculusHMD.dll (API version 3709383).
LogModuleManager: Display: Found up-to-date module file ../../../Engine/Plugins/Runtime/Oculus/OculusVR/Binaries/Win64/UE4Editor-OculusInput.dll (API version 3709383).
LogModuleManager: Display: Found up-to-date module file ../../../Engine/Plugins/Runtime/Oculus/OculusVR/Binaries/Win64/UE4Editor-OculusEditor.dll (API version 3709383).
LogModuleManager: Display: Found up-to-date module file ../../../Engine/Plugins/Runtime/PhysXVehicles/Binaries/Win64/UE4Editor-PhysXVehicles.dll (API version 3709383).
LogModuleManager: Display: Found up-to-date module file ../../../Engine/Plugins/Runtime/PhysXVehicles/Binaries/Win64/UE4Editor-PhysXVehiclesEditor.dll (API version 3709383).
LogModuleManager: Display: Found up-to-date module file ../../../Engine/Plugins/Runtime/ProceduralMeshComponent/Binaries/Win64/UE4Editor-ProceduralMeshComponent.dll (API version 3709383).
LogModuleManager: Display: Found up-to-date module file ../../../Engine/Plugins/Runtime/ProceduralMeshComponent/Binaries/Win64/UE4Editor-ProceduralMeshComponentEditor.dll (API version 3709383).
LogModuleManager: Display: Found up-to-date module file ../../../Engine/Plugins/Runtime/RuntimePhysXCooking/Binaries/Win64/UE4Editor-RuntimePhysXCooking.dll (API version 3709383).
LogModuleManager: Display: Found up-to-date module file ../../../Engine/Plugins/Runtime/Steam/SteamVR/Binaries/Win64/UE4Editor-SteamVR.dll (API version 3709383).
LogModuleManager: Display: Found up-to-date module file ../../../Engine/Plugins/Runtime/Steam/SteamVR/Binaries/Win64/UE4Editor-SteamVRController.dll (API version 3709383).
LogModuleManager: Display: Found up-to-date module file ../../../Engine/Plugins/Runtime/WindowsMoviePlayer/Binaries/Win64/UE4Editor-WindowsMoviePlayer.dll (API version 3709383).
LogInit: Using libcurl 7.47.1
LogInit:  - built for x86_64-pc-win32
LogInit:  - supports SSL with OpenSSL/1.0.2g
LogInit:  - supports HTTP deflate (compression) using libz 1.2.8
LogInit:  - other features:
LogInit:      CURL_VERSION_SSL
LogInit:      CURL_VERSION_LIBZ
LogInit:      CURL_VERSION_IPV6
LogInit:      CURL_VERSION_ASYNCHDNS
LogInit:      CURL_VERSION_LARGEFILE
LogInit:      CURL_VERSION_IDN
LogInit:  CurlRequestOptions (configurable via config and command line):
LogInit:  - bVerifyPeer = false  - Libcurl will NOT verify peer certificate
LogInit:  - bUseHttpProxy = false  - Libcurl will NOT use HTTP proxy
LogInit:  - bDontReuseConnections = false  - Libcurl will reuse connections
LogInit:  - CertBundlePath = nullptr  - Libcurl will use whatever was configured at build time.
LogInit: Build: ++UE4+Release-4.18-CL-3794801
LogInit: Engine Version: 4.18.2-3794801+++UE4+Release-4.18
LogInit: Compatible Engine Version: 4.18.0-3709383+++UE4+Release-4.18
LogInit: Net CL: 3709383
LogDevObjectVersion: Number of dev versions registered: 16
LogDevObjectVersion:   Dev-Blueprints (B0D832E4-1F89-4F0D-ACCF-7EB736FD4AA2): 10
LogDevObjectVersion:   Dev-Build (E1C64328-A22C-4D53-A36C-8E866417BD8C): 0
LogDevObjectVersion:   Dev-Core (375EC13C-06E4-48FB-B500-84F0262A717E): 2
LogDevObjectVersion:   Dev-Editor (E4B068ED-F494-42E9-A231-DA0B2E46BB41): 20
LogDevObjectVersion:   Dev-Framework (CFFC743F-43B0-4480-9391-14DF171D2073): 30
LogDevObjectVersion:   Dev-Mobile (B02B49B5-BB20-44E9-A304-32B752E40360): 0
LogDevObjectVersion:   Dev-Networking (A4E4105C-59A1-49B5-A7C5-40C4547EDFEE): 0
LogDevObjectVersion:   Dev-Online (39C831C9-5AE6-47DC-9A44-9C173E1C8E7C): 0
LogDevObjectVersion:   Dev-Physics (78F01B33-EBEA-4F98-B9B4-84EACCB95AA2): 0
LogDevObjectVersion:   Dev-Platform (6631380F-2D4D-43E0-8009-CF276956A95A): 0
LogDevObjectVersion:   Dev-Rendering (12F88B9F-8875-4AFC-A67C-D90C383ABD29): 20
LogDevObjectVersion:   Dev-Sequencer (7B5AE74C-D270-4C10-A958-57980B212A5A): 4
LogDevObjectVersion:   Dev-VR (D7296918-1DD6-4BDD-9DE2-64A83CC13884): 0
LogDevObjectVersion:   Dev-LoadTimes (C2A15278-BFE7-4AFE-6C17-90FF531DF755): 1
LogDevObjectVersion:   Private-Geometry (6EACA3D4-40EC-4CC1-B786-8BED09428FC5): 1
LogDevObjectVersion:   Dev-AnimPhys (29E575DD-E0A3-4627-9D10-D276232CDCEA): 12
LogInit: Compiled (64-bit): Dec  8 2017 02:04:53
LogInit: Compiled with Visual C++: 19.00.24215.01
LogInit: Build Configuration: Development
LogInit: Branch Name: ++UE4+Release-4.18
LogInit: Command line: -EpicPortal 
LogInit: Base directory: C:/Program Files/Epic Games/UE_4.18/Engine/Binaries/Win64/
LogInit: Installed Engine Build: 1
LogInit: Presizing for max 8388607 objects, including 0 objects not considered by GC, pre-allocating 0 bytes for permanent pool.
LogInit: Object subsystem initialized
[2017.12.22-12.16.59:084][  0]LogInit: Selected Device Profile: [Windows]
[2017.12.22-12.16.59:084][  0]LogInit: Applying CVar settings loaded from the selected device profile: [Windows]
[2017.12.22-12.16.59:119][  0]LogInit: Computer: DESKTOP-FRCQVUI
[2017.12.22-12.16.59:119][  0]LogInit: User: oner
[2017.12.22-12.16.59:119][  0]LogInit: CPU Page size=4096, Cores=4
[2017.12.22-12.16.59:119][  0]LogInit: High frequency timer resolution =2.630626 MHz
[2017.12.22-12.16.59:120][  0]LogMemory: Memory total: Physical=7.9GB (8GB approx)
[2017.12.22-12.16.59:120][  0]LogMemory: Platform Memory Stats for Windows
[2017.12.22-12.16.59:120][  0]LogMemory: Process Physical Memory: 273.23 MB used, 273.23 MB peak
[2017.12.22-12.16.59:120][  0]LogMemory: Process Virtual Memory: 269.82 MB used, 269.82 MB peak
[2017.12.22-12.16.59:120][  0]LogMemory: Physical Memory: 3456.59 MB used,  4624.16 MB free, 8080.75 MB total
[2017.12.22-12.16.59:120][  0]LogMemory: Virtual Memory: 643.75 MB used,  4624.16 MB free, 134217728.00 MB total
[2017.12.22-12.16.59:414][  0]LogInit: Using OS detected language (ko-KR).
[2017.12.22-12.16.59:414][  0]LogInit: Using OS detected locale (ko-KR).
[2017.12.22-12.16.59:418][  0]LogTextLocalizationManager: No specific localization for 'ko-KR' exists, so the 'ko' localization will be used.
[2017.12.22-12.16.59:597][  0]LogInit: Setting process to per monitor DPI aware
[2017.12.22-12.17.00:331][  0]LogD3D11RHI: D3D11 adapters:
[2017.12.22-12.17.00:389][  0]LogD3D11RHI:    0. 'NVIDIA GeForce GTX 970M' (Feature Level 11_0)
[2017.12.22-12.17.00:390][  0]LogD3D11RHI:       3040/0/4040 MB DedicatedVideo/DedicatedSystem/SharedSystem, Outputs:1, VendorId:0x10de
[2017.12.22-12.17.00:395][  0]LogD3D11RHI:    1. 'Intel(R) HD Graphics 5600' (Feature Level 11_0)
[2017.12.22-12.17.00:395][  0]LogD3D11RHI:       128/0/4040 MB DedicatedVideo/DedicatedSystem/SharedSystem, Outputs:0, VendorId:0x8086
[2017.12.22-12.17.00:396][  0]LogD3D11RHI:    2. 'Microsoft Basic Render Driver' (Feature Level 11_0)
[2017.12.22-12.17.00:396][  0]LogD3D11RHI:       0/0/4040 MB DedicatedVideo/DedicatedSystem/SharedSystem, Outputs:0, VendorId:0x1414
[2017.12.22-12.17.00:396][  0]LogD3D11RHI: Chosen D3D11 Adapter: 0
[2017.12.22-12.17.00:404][  0]LogD3D11RHI: Creating new Direct3DDevice
[2017.12.22-12.17.00:404][  0]LogD3D11RHI:     GPU DeviceId: 0x13d8 (for the marketing name, search the web for "GPU Device Id")
[2017.12.22-12.17.00:404][  0]LogWindows: EnumDisplayDevices:
[2017.12.22-12.17.00:404][  0]LogWindows:    0. 'Intel(R) HD Graphics 5600' (P:1 D:1)
[2017.12.22-12.17.00:405][  0]LogWindows:    1. 'Intel(R) HD Graphics 5600' (P:0 D:0)
[2017.12.22-12.17.00:405][  0]LogWindows:    2. 'Intel(R) HD Graphics 5600' (P:0 D:0)
[2017.12.22-12.17.00:405][  0]LogWindows: DebugString: PrimaryIsNotTheChoosenAdapter PrimaryIsNotTheChoosenAdapter PrimaryIsNotTheChoosenAdapter FoundDriverCount:0 
[2017.12.22-12.17.00:405][  0]LogD3D11RHI:     Adapter Name: NVIDIA GeForce GTX 970M
[2017.12.22-12.17.00:405][  0]LogD3D11RHI:   Driver Version: Unknown (internal:Unknown, unified:Unknown)
[2017.12.22-12.17.00:405][  0]LogD3D11RHI:      Driver Date: Unknown
[2017.12.22-12.17.00:405][  0]LogRHI: Texture pool is 2128 MB (70% of 3040 MB)
[2017.12.22-12.17.00:452][  0]LogD3D11RHI: Async texture creation enabled
[2017.12.22-12.17.00:603][  0]LogD3D11RHI: GPU Timing Frequency: 1000.000000 (Debug: 2 1)
[2017.12.22-12.17.00:605][  0]LogShaderCompilers: Guid format shader working directory is 1 characters bigger than the processId version (../../../../../../Users/강망/Desktop/새 폴더 (4)/Intermediate/Shaders/WorkingDirectory/768/).
[2017.12.22-12.17.00:605][  0]LogShaderCompilers: Cleaned the shader compiler working directory 'C:/Users/강망/AppData/Local/Temp/UnrealShaderWorkingDir/C168232B49F588595030C2B22CB140D7/'.
[2017.12.22-12.17.00:605][  0]LogShaderCompilers: Display: Using Local Shader Compiler.
[2017.12.22-12.17.02:110][  0]LogTemp: Display: Loaded TP AllDesktopTargetPlatform
[2017.12.22-12.17.02:279][  0]LogTemp: Display: Loaded TP MacClientTargetPlatform
[2017.12.22-12.17.02:436][  0]LogTemp: Display: Loaded TP MacNoEditorTargetPlatform
[2017.12.22-12.17.02:580][  0]LogTemp: Display: Loaded TP MacServerTargetPlatform
[2017.12.22-12.17.02:740][  0]LogTemp: Display: Loaded TP MacTargetPlatform
[2017.12.22-12.17.02:903][  0]LogTemp: Display: Loaded TP WindowsClientTargetPlatform
[2017.12.22-12.17.03:051][  0]LogTemp: Display: Loaded TP WindowsNoEditorTargetPlatform
[2017.12.22-12.17.03:211][  0]LogTemp: Display: Loaded TP WindowsServerTargetPlatform
[2017.12.22-12.17.03:350][  0]LogTemp: Display: Loaded TP WindowsTargetPlatform
[2017.12.22-12.17.03:493][  0]LogTemp: Display: Loaded TP Android_ASTCTargetPlatform
[2017.12.22-12.17.03:642][  0]LogTemp: Display: Loaded TP Android_ATCTargetPlatform
[2017.12.22-12.17.03:790][  0]LogTemp: Display: Loaded TP Android_DXTTargetPlatform
[2017.12.22-12.17.03:931][  0]LogTemp: Display: Loaded TP Android_ETC1TargetPlatform
[2017.12.22-12.17.04:071][  0]LogTemp: Display: Loaded TP Android_ETC2TargetPlatform
[2017.12.22-12.17.04:345][  0]LogTemp: Display: Loaded TP Android_MultiTargetPlatform
[2017.12.22-12.17.04:345][  0]LogTemp: Display: Loaded TP Android_PVRTCTargetPlatform
[2017.12.22-12.17.04:484][  0]LogTemp: Display: Loaded TP AndroidTargetPlatform
[2017.12.22-12.17.04:619][  0]LogTemp: Display: Loaded TP HTML5TargetPlatform
[2017.12.22-12.17.04:830][  0]LogTemp: Display: Loaded TP IOSTargetPlatform
[2017.12.22-12.17.04:883][  0]LogTemp: Display: Loaded TP TVOSTargetPlatform
[2017.12.22-12.17.05:020][  0]LogTemp: Display: Loaded TP LinuxClientTargetPlatform
[2017.12.22-12.17.05:148][  0]LogTemp: Display: Loaded TP LinuxNoEditorTargetPlatform
[2017.12.22-12.17.05:274][  0]LogTemp: Display: Loaded TP LinuxServerTargetPlatform
[2017.12.22-12.17.05:398][  0]LogTemp: Display: Loaded TP LinuxTargetPlatform
[2017.12.22-12.17.05:398][  0]LogTargetPlatformManager: Display: Building Assets For Windows
[2017.12.22-12.17.06:469][  0]LogDerivedDataCache: Display: Max Cache Size: 512 MB
[2017.12.22-12.17.06:595][  0]LogDerivedDataCache: Loaded boot cache 0.13s 78MB C:/Users/강망/AppData/Local/UnrealEngine/4.18/DerivedDataCache/Boot.ddc.
[2017.12.22-12.17.06:595][  0]LogDerivedDataCache: Display: Loaded Boot cache: C:/Users/강망/AppData/Local/UnrealEngine/4.18/DerivedDataCache/Boot.ddc
[2017.12.22-12.17.06:595][  0]LogDerivedDataCache: FDerivedDataBackendGraph:  Pak pak cache file ../../../../../../Users/강망/Desktop/새 폴더 (4)/DerivedDataCache/DDC.ddp not found, will not use a pak cache.
[2017.12.22-12.17.06:595][  0]LogDerivedDataCache: Unable to find inner node Pak for hierarchical cache Hierarchy.
[2017.12.22-12.17.06:596][  0]LogDerivedDataCache: FDerivedDataBackendGraph:  CompressedPak pak cache file ../../../../../../Users/강망/Desktop/새 폴더 (4)/DerivedDataCache/Compressed.ddp not found, will not use a pak cache.
[2017.12.22-12.17.06:596][  0]LogDerivedDataCache: Unable to find inner node CompressedPak for hierarchical cache Hierarchy.
[2017.12.22-12.17.06:612][  0]LogDerivedDataCache: Display: Pak cache opened for reading ../../../Engine/DerivedDataCache/Compressed.ddp.
[2017.12.22-12.17.06:624][  0]LogDerivedDataCache: Using Local data cache path C:/Users/강망/AppData/Local/UnrealEngine/Common/DerivedDataCache: Writable
[2017.12.22-12.17.06:637][  0]LogMaterial: Verifying Global Shaders for PCD3D_SM5
[2017.12.22-12.17.06:637][  0]LogSlate: Using Freetype 2.6.0
[2017.12.22-12.17.06:638][  0]LogSlate: SlateFontCache - WITH_FREETYPE: 1, WITH_HARFBUZZ: 1
[2017.12.22-12.17.06:638][  0]LogSlate: SlateFontCache - WITH_FREETYPE: 1, WITH_HARFBUZZ: 1
[2017.12.22-12.17.07:172][  0]LogInit: Selected Device Profile: [Windows]
[2017.12.22-12.17.07:921][  0]LogSimplygon: Simplygon DLL not present - disabling.
[2017.12.22-12.17.08:043][  0]LogMeshReduction: Using SimplygonSwarm for distributed automatic mesh merging
[2017.12.22-12.17.08:043][  0]LogMeshReduction: Using QuadricMeshReduction for automatic static mesh reduction
[2017.12.22-12.17.08:043][  0]LogMeshReduction: No automatic skeletal mesh reduction module available
[2017.12.22-12.17.08:043][  0]LogMeshReduction: No automatic mesh merging module available
[2017.12.22-12.17.08:043][  0]LogMeshMerging: No automatic mesh merging module available
[2017.12.22-12.17.08:090][  0]LogNetVersion: allinone , NetCL: 3709383, EngineNetVer: 2, GameNetVer: 0 (Checksum: 1047487898)
[2017.12.22-12.17.08:383][  0]LogAssetRegistry: FAssetRegistry took 0.0272 seconds to start up
[2017.12.22-12.17.09:279][  0]LogPackageLocalizationCache: Processed 7 localized package path(s) for 2 prioritized culture(s) in 0.125950 seconds
[2017.12.22-12.17.09:290][  0]LogUObjectArray: 35900 objects as part of root set at end of initial load.
[2017.12.22-12.17.09:290][  0]LogUObjectAllocator: 7372016 out of 0 bytes used by permanent object pool.
[2017.12.22-12.17.09:290][  0]LogUObjectArray: CloseDisregardForGC: 0/0 objects in disregard for GC pool
[2017.12.22-12.17.09:457][  0]LogInit: WinSock: version 1.1 (2.2), MaxSocks=32767, MaxUdp=65467
[2017.12.22-12.17.15:036][  0]LogTcpMessaging: Initializing TcpMessaging bridge
[2017.12.22-12.17.15:115][  0]LogUdpMessaging: Initializing bridge on interface 0.0.0.0:0 to multicast group 230.0.0.1:6666.
[2017.12.22-12.17.17:347][  0]LogMaterial: Uniform references updated for custom material expression Custom.
[2017.12.22-12.17.18:370][  0]SourceControl: 소스 콘트롤이 꺼졌습니다.
[2017.12.22-12.17.18:370][  0]SourceControl: 소스 콘트롤이 꺼졌습니다.
[2017.12.22-12.17.18:509][  0]SourceControl: 소스 콘트롤이 꺼졌습니다.
[2017.12.22-12.17.18:651][  0]SourceControl: 소스 콘트롤이 꺼졌습니다.
[2017.12.22-12.17.20:726][  0]LogAndroidPermission: UAndroidPermissionCallbackProxy::GetInstance
[2017.12.22-12.17.21:432][  0]LogOcInput: OculusInput pre-init called
[2017.12.22-12.17.22:102][  0]LogEngine: Initializing Engine...
[2017.12.22-12.17.22:105][  0]LogHMD: Failed to initialize OpenVR with code 110
[2017.12.22-12.17.22:416][  0]LogStats: UGameplayTagsManager::ConstructGameplayTagTree: Construct from data asset -  0.000 s
[2017.12.22-12.17.22:417][  0]LogStats: UGameplayTagsManager::ConstructGameplayTagTree: GameplayTagTreeChangedEvent.Broadcast -  0.000 s
[2017.12.22-12.17.22:794][  0]LogAIModule: Creating AISystem for world Untitled
[2017.12.22-12.17.22:804][  0]LogInit: XAudio2 using '스피커(Realtek High Definition Audio)' : 2 channels at 48 kHz using 32 bits per sample (channel mask 0x3)
[2017.12.22-12.17.22:833][  0]LogInit: FAudioDevice initialized.
[2017.12.22-12.17.22:972][  0]LogDerivedDataCache: Saved boot cache 0.14s 78MB C:/Users/강망/AppData/Local/UnrealEngine/4.18/DerivedDataCache/Boot.ddc.
[2017.12.22-12.17.23:001][  0]LogInit: Texture streaming: Enabled
[2017.12.22-12.17.23:180][  0]LogEngineSessionManager: EngineSessionManager initialized
[2017.12.22-12.17.23:500][  0]LogInit: Transaction tracking system initialized
[2017.12.22-12.17.24:215][  0]BlueprintLog: New page: 에디터 로드
[2017.12.22-12.17.26:351][  0]LocalizationService: 현지화 서비스가 비활성화되었습니다.
[2017.12.22-12.17.28:454][  0]LogConsoleResponse: Display: 
[2017.12.22-12.17.28:693][  0]LogCook: Display: Max memory allowance for cook 16384mb min free memory 0mb
[2017.12.22-12.17.28:693][  0]LogCook: Display: Mobile HDR setting 1
[2017.12.22-12.17.28:693][  0]LogGameplayTags: Display: UGameplayTagsManager::DoneAddingNativeTags. DelegateIsBound: 0
[2017.12.22-12.17.29:882][  0]LogFileCache: Scanning file cache for directory 'C:/Users/강망/Desktop/새 폴더 (4)/Content/' took 0.04s
[2017.12.22-12.17.31:448][  0]SourceControl: 소스 콘트롤이 꺼졌습니다.
[2017.12.22-12.17.31:539][  0]LogSlate: Took 0.000310 seconds to synchronously load lazily loaded font '../../../Engine/Content/Slate/Fonts/Roboto-Regular.ttf' (155K)
[2017.12.22-12.17.31:547][  0]LogSlate: Took 0.008503 seconds to synchronously load lazily loaded font '../../../Engine/Content/Slate/Fonts/NanumGothic.ttf' (4243K)
[2017.12.22-12.18.35:596][  0]LogWindowsTextInputMethodSystem: Display: IME system now activated using TSF (Microsoft 입력기).
[2017.12.22-12.18.35:612][  0]LogWindowsTextInputMethodSystem: Display: IME system now activated using TSF (Microsoft 입력기).
[2017.12.22-12.18.37:716][  0]LogWindowsTextInputMethodSystem: Display: IME system now activated using TSF (Microsoft 입력기).
[2017.12.22-12.18.37:877][  0]LoadErrors: New page: 패키지 로드중: /Game/ThirdPersonCPP/Blueprints/ThirdPersonCharacter
[2017.12.22-12.18.37:895][  0]LogWindowsTextInputMethodSystem: Display: IME system now activated using TSF (Microsoft 입력기).
[2017.12.22-12.18.37:898][  0]Cmd: MAP LOAD FILE="../../../../../../Users/강망/Desktop/새 폴더 (4)/Content/ThirdPersonCPP/Maps/ThirdPersonExampleMap.umap" TEMPLATE=0 SHOWPROGRESS=1 FEATURELEVEL=3
[2017.12.22-12.18.37:900][  0]LightingResults: New page: 라이팅 빌드
[2017.12.22-12.18.38:048][  0]MapCheck: New page: 맵 체크
[2017.12.22-12.18.38:048][  0]LightingResults: New page: 라이팅 빌드
[2017.12.22-12.18.39:098][  0]LogUObjectBase: Error: 'this' pointer is misaligned.
[2017.12.22-12.18.39:098][  0]LogStats: FPlatformStackWalk::StackWalkAndDump -  0.596 s
[2017.12.22-12.18.39:098][  0]LogOutputDevice: Error: === Handled ensure: ===
[2017.12.22-12.18.39:098][  0]LogOutputDevice: Error: 
[2017.12.22-12.18.39:098][  0]LogOutputDevice: Error: Ensure condition failed: (Object == nullptr) || Object->IsValidLowLevelFast() [File:D:\Build\++UE4+Release-4.18+Compile\Sync\Engine\Source\Runtime\CoreUObject\Private\UObject\UObjectGlobals.cpp] [Line: 3327]
[2017.12.22-12.18.39:098][  0]LogOutputDevice: Error: Invalid object referenced by the PersistentFrame: 0x00007ff85c795bf9 (Blueprint object: NULL, ReferencingProperty: ObjectProperty /Game/ThirdPersonCPP/Blueprints/ThirdPersonCharacter.ThirdPersonCharacter_C:ExecuteUbergraph_ThirdPersonCharacter.CallFunc_GetCharacterOwner_ReturnValue) - If you have a reliable repro for this, please contact the development team with it.
[2017.12.22-12.18.39:098][  0]LogOutputDevice: Error: Stack: 
[2017.12.22-12.18.39:098][  0]LogOutputDevice: Error: [Callstack] 0x00000000856E2786 UE4Editor-Core.dll!UnknownFunction []
[2017.12.22-12.18.39:098][  0]LogOutputDevice: Error: [Callstack] 0x000000008548123A UE4Editor-Core.dll!UnknownFunction []
[2017.12.22-12.18.39:098][  0]LogOutputDevice: Error: [Callstack] 0x000000008549B906 UE4Editor-Core.dll!UnknownFunction []
[2017.12.22-12.18.39:098][  0]LogOutputDevice: Error: [Callstack] 0x0000000084FD8D9F UE4Editor-CoreUObject.dll!UnknownFunction []
[2017.12.22-12.18.39:098][  0]LogOutputDevice: Error: [Callstack] 0x0000000084E805D3 UE4Editor-CoreUObject.dll!UnknownFunction []
[2017.12.22-12.18.39:098][  0]LogOutputDevice: Error: [Callstack] 0x0000000080ACB1A3 UE4Editor-Engine.dll!UnknownFunction []
[2017.12.22-12.18.39:098][  0]LogOutputDevice: Error: [Callstack] 0x0000000084EEBC7E UE4Editor-CoreUObject.dll!UnknownFunction []
[2017.12.22-12.18.39:098][  0]LogOutputDevice: Error: [Callstack] 0x0000000084EB98FD UE4Editor-CoreUObject.dll!UnknownFunction []
[2017.12.22-12.18.39:098][  0]LogOutputDevice: Error: [Callstack] 0x0000000084EBF70A UE4Editor-CoreUObject.dll!UnknownFunction []
[2017.12.22-12.18.39:098][  0]LogOutputDevice: Error: [Callstack] 0x0000000085343CD7 UE4Editor-Core.dll!UnknownFunction []
[2017.12.22-12.18.39:098][  0]LogOutputDevice: Error: [Callstack] 0x0000000085344FB8 UE4Editor-Core.dll!UnknownFunction []
[2017.12.22-12.18.39:098][  0]LogOutputDevice: Error: [Callstack] 0x00000000853537D5 UE4Editor-Core.dll!UnknownFunction []
[2017.12.22-12.18.39:098][  0]LogOutputDevice: Error: [Callstack] 0x00000000856E092C UE4Editor-Core.dll!UnknownFunction []
[2017.12.22-12.18.39:098][  0]LogOutputDevice: Error: [Callstack] 0x00000000856D2563 UE4Editor-Core.dll!UnknownFunction []
[2017.12.22-12.18.39:098][  0]LogOutputDevice: Error: [Callstack] 0x00000000B5852774 KERNEL32.DLL!UnknownFunction []
[2017.12.22-12.18.39:098][  0]LogOutputDevice: Error: [Callstack] 0x00000000B7B80D51 ntdll.dll!UnknownFunction []
[2017.12.22-12.18.39:098][  0]LogOutputDevice: Error: 
[2017.12.22-12.18.39:098][  0]LogStats:                SubmitErrorReport -  0.000 s
[2017.12.22-12.18.39:098][  0]LogStats:                    SendNewReport -  0.447 s
[2017.12.22-12.18.39:098][  0]LogStats:             FDebug::EnsureFailed -  1.043 s
[2017.12.22-12.18.39:554][  0]LogThreadingWindows: Error: Runnable thread TaskGraphThreadBP 8 crashed.
[2017.12.22-12.18.39:554][  0]LogWindows: Error: === Critical error: ===
[2017.12.22-12.18.39:554][  0]LogWindows: Error: 
[2017.12.22-12.18.39:554][  0]LogWindows: Error: Unhandled Exception: EXCEPTION_ACCESS_VIOLATION writing address 0x5c79e460
[2017.12.22-12.18.39:554][  0]LogWindows: Error: 
[2017.12.22-12.18.39:554][  0]LogWindows: Error: [Callstack] 0x0000000084FD8E03 UE4Editor-CoreUObject.dll!UnknownFunction []
[2017.12.22-12.18.39:554][  0]LogWindows: Error: [Callstack] 0x0000000084E805D3 UE4Editor-CoreUObject.dll!UnknownFunction []
[2017.12.22-12.18.39:554][  0]LogWindows: Error: [Callstack] 0x0000000080ACB1A3 UE4Editor-Engine.dll!UnknownFunction []
[2017.12.22-12.18.39:554][  0]LogWindows: Error: [Callstack] 0x0000000084EEBC7E UE4Editor-CoreUObject.dll!UnknownFunction []
[2017.12.22-12.18.39:554][  0]LogWindows: Error: [Callstack] 0x0000000084EB98FD UE4Editor-CoreUObject.dll!UnknownFunction []
[2017.12.22-12.18.39:554][  0]LogWindows: Error: [Callstack] 0x0000000084EBF70A UE4Editor-CoreUObject.dll!UnknownFunction []
[2017.12.22-12.18.39:554][  0]LogWindows: Error: [Callstack] 0x0000000085343CD7 UE4Editor-Core.dll!UnknownFunction []
[2017.12.22-12.18.39:554][  0]LogWindows: Error: [Callstack] 0x0000000085344FB8 UE4Editor-Core.dll!UnknownFunction []
[2017.12.22-12.18.39:554][  0]LogWindows: Error: [Callstack] 0x00000000853537D5 UE4Editor-Core.dll!UnknownFunction []
[2017.12.22-12.18.39:554][  0]LogWindows: Error: [Callstack] 0x00000000856E092C UE4Editor-Core.dll!UnknownFunction []
[2017.12.22-12.18.39:554][  0]LogWindows: Error: [Callstack] 0x00000000856D2563 UE4Editor-Core.dll!UnknownFunction []
[2017.12.22-12.18.39:554][  0]LogWindows: Error: [Callstack] 0x00000000B5852774 KERNEL32.DLL!UnknownFunction []
[2017.12.22-12.18.39:554][  0]LogWindows: Error: [Callstack] 0x00000000B7B80D51 ntdll.dll!UnknownFunction []
[2017.12.22-12.18.39:554][  0]LogWindows: Error: [Callstack] 0x00000000B7B80D51 ntdll.dll!UnknownFunction []
[2017.12.22-12.18.39:554][  0]LogWindows: Error: 
[2017.12.22-12.18.39:554][  0]LogWindows: Error: Crash in runnable thread TaskGraphThreadBP 8
[2017.12.22-12.18.39:568][  0]LogExit: Executing StaticShutdownAfterError
[2017.12.22-12.18.39:568][  0]LogWindows: FPlatformMisc::RequestExit(1)
[2017.12.22-12.18.39:568][  0]Log file closed, 12/22/17 21:18:39
