Log file open, 12/22/17 14:41:37
LogWindows: Failed to load 'aqProf.dll' (GetLastError=126)
LogWindows: File 'aqProf.dll' does not exist
LogWindows: Failed to load 'VSPerf140.dll' (GetLastError=126)
LogWindows: File 'VSPerf140.dll' does not exist
LogWindows: Failed to load 'VtuneApi.dll' (GetLastError=126)
LogWindows: File 'VtuneApi.dll' does not exist
LogWindows: Failed to load 'VtuneApi32e.dll' (GetLastError=126)
LogWindows: File 'VtuneApi32e.dll' does not exist
LogInit: Display: Running engine for game: allinone
LogPlatformFile: Not using cached read wrapper
LogInit: Display: RandInit(-1593128266) SRandInit(-1593128266).
LogInit: Read version file with build ID '3709383'
LogInit: Overriding engine version to CL 3794801, compatible CL 3709383
LogInit: Registered custom module enumerator with build ID '3709383'
LogTaskGraph: Started task graph with 5 named threads and 14 total threads with 3 sets of task threads.
LogStats: Stats thread started at 0.215346
LogD3D11RHI: Aftermath initialized
LogPluginManager: Mounting plugin Paper2D
LogPluginManager: Mounting plugin LightPropagationVolume
LogPluginManager: Mounting plugin CodeLiteSourceCodeAccess
LogPluginManager: Mounting plugin GitSourceControl
LogPluginManager: Mounting plugin KDevelopSourceCodeAccess
LogPluginManager: Mounting plugin NullSourceCodeAccess
LogPluginManager: Mounting plugin PerforceSourceControl
LogPluginManager: Mounting plugin SubversionSourceControl
LogPluginManager: Mounting plugin UObjectPlugin
LogPluginManager: Mounting plugin VisualStudioCodeSourceCodeAccess
LogPluginManager: Mounting plugin VisualStudioSourceCodeAccess
LogPluginManager: Mounting plugin XCodeSourceCodeAccess
LogPluginManager: Mounting plugin AssetManagerEditor
LogPluginManager: Mounting plugin AudioCapture
LogPluginManager: Mounting plugin FacialAnimation
LogPluginManager: Mounting plugin GameplayTagsEditor
LogPluginManager: Mounting plugin MobileLauncherProfileWizard
LogPluginManager: Mounting plugin PluginBrowser
LogPluginManager: Mounting plugin SpeedTreeImporter
LogPluginManager: Mounting plugin AlembicImporter
LogPluginManager: Mounting plugin CharacterAI
LogPluginManager: Mounting plugin HTML5Networking
LogPluginManager: Mounting plugin AndroidMedia
LogPluginManager: Mounting plugin AvfMedia
LogPluginManager: Mounting plugin ImgMedia
LogPluginManager: Mounting plugin MediaCompositing
LogPluginManager: Mounting plugin MediaPlayerEditor
LogPluginManager: Mounting plugin WmfMedia
LogPluginManager: Mounting plugin TcpMessaging
LogPluginManager: Mounting plugin UdpMessaging
LogPluginManager: Mounting plugin ActorSequence
LogPluginManager: Mounting plugin LevelSequenceEditor
LogPluginManager: Mounting plugin MatineeToLevelSequence
LogPluginManager: Mounting plugin OnlineSubsystemGooglePlay
LogPluginManager: Mounting plugin OnlineSubsystemIOS
LogPluginManager: Mounting plugin OnlineSubsystem
LogPluginManager: Mounting plugin OnlineSubsystemNull
LogPluginManager: Mounting plugin OnlineSubsystemUtils
LogPluginManager: Mounting plugin AndroidDeviceProfileSelector
LogPluginManager: Mounting plugin AndroidMoviePlayer
LogPluginManager: Mounting plugin AndroidPermission
LogPluginManager: Mounting plugin AppleARKit
LogPluginManager: Mounting plugin AppleMoviePlayer
LogPluginManager: Mounting plugin ArchVisCharacter
LogPluginManager: Mounting plugin CableComponent
LogPluginManager: Mounting plugin CustomMeshComponent
LogPluginManager: Mounting plugin ExampleDeviceProfileSelector
LogPluginManager: Mounting plugin GoogleCloudMessaging
LogPluginManager: Mounting plugin ImmediatePhysics
LogPluginManager: Mounting plugin IOSDeviceProfileSelector
LogPluginManager: Mounting plugin LinuxDeviceProfileSelector
LogPluginManager: Mounting plugin LocationServicesBPLibrary
LogPluginManager: Mounting plugin MobilePatchingUtils
LogPluginManager: Mounting plugin OculusVR
LogPluginManager: Plugin shader directory ../../../Engine/Plugins/Runtime/Oculus/OculusVR/Shaders found
LogPluginManager: Mapping shader source directory ../../../Engine/Plugins/Runtime/Oculus/OculusVR/Shaders to virtual directory /Plugin/OculusVR
LogPluginManager: Mounting plugin PhysXVehicles
LogPluginManager: Mounting plugin ProceduralMeshComponent
LogPluginManager: Mounting plugin RuntimePhysXCooking
LogPluginManager: Mounting plugin SteamVR
LogPluginManager: Mounting plugin WindowsMoviePlayer
LogModuleManager: Display: Found up-to-date module file ../../../../../../Users/강망/Desktop/새 폴더 (4)/Binaries/Win64/UE4Editor-allinone-3517.dll (API version 3709383).
LogModuleManager: Display: Found up-to-date module file ../../../Engine/Plugins/2D/Paper2D/Binaries/Win64/UE4Editor-Paper2D.dll (API version 3709383).
LogModuleManager: Display: Found up-to-date module file ../../../Engine/Plugins/2D/Paper2D/Binaries/Win64/UE4Editor-Paper2DEditor.dll (API version 3709383).
LogModuleManager: Display: Found up-to-date module file ../../../Engine/Plugins/2D/Paper2D/Binaries/Win64/UE4Editor-PaperSpriteSheetImporter.dll (API version 3709383).
LogModuleManager: Display: Found up-to-date module file ../../../Engine/Plugins/2D/Paper2D/Binaries/Win64/UE4Editor-PaperTiledImporter.dll (API version 3709383).
LogModuleManager: Display: Found up-to-date module file ../../../Engine/Plugins/2D/Paper2D/Binaries/Win64/UE4Editor-SmartSnapping.dll (API version 3709383).
LogModuleManager: Display: Found up-to-date module file ../../../Engine/Plugins/Blendables/LightPropagationVolume/Binaries/Win64/UE4Editor-LightPropagationVolumeRuntime.dll (API version 3709383).
LogModuleManager: Display: Found up-to-date module file ../../../Engine/Plugins/Blendables/LightPropagationVolume/Binaries/Win64/UE4Editor-LightPropagationVolumeEditor.dll (API version 3709383).
LogModuleManager: Display: Found up-to-date module file ../../../Engine/Plugins/Developer/GitSourceControl/Binaries/Win64/UE4Editor-GitSourceControl.dll (API version 3709383).
LogModuleManager: Display: Found up-to-date module file ../../../Engine/Plugins/Developer/PerforceSourceControl/Binaries/Win64/UE4Editor-PerforceSourceControl.dll (API version 3709383).
LogModuleManager: Display: Found up-to-date module file ../../../Engine/Plugins/Developer/SubversionSourceControl/Binaries/Win64/UE4Editor-SubversionSourceControl.dll (API version 3709383).
LogModuleManager: Display: Found up-to-date module file ../../../Engine/Plugins/Developer/UObjectPlugin/Binaries/Win64/UE4Editor-UObjectPlugin.dll (API version 3709383).
LogModuleManager: Display: Found up-to-date module file ../../../Engine/Plugins/Developer/VisualStudioCodeSourceCodeAccess/Binaries/Win64/UE4Editor-VisualStudioCodeSourceCodeAccess.dll (API version 3709383).
LogModuleManager: Display: Found up-to-date module file ../../../Engine/Plugins/Developer/VisualStudioSourceCodeAccess/Binaries/Win64/UE4Editor-VisualStudioSourceCodeAccess.dll (API version 3709383).
LogModuleManager: Display: Found up-to-date module file ../../../Engine/Plugins/Editor/AssetManagerEditor/Binaries/Win64/UE4Editor-AssetManagerEditor.dll (API version 3709383).
LogModuleManager: Display: Found up-to-date module file ../../../Engine/Plugins/Editor/AudioCapture/Binaries/Win64/UE4Editor-AudioCapture.dll (API version 3709383).
LogModuleManager: Display: Found up-to-date module file ../../../Engine/Plugins/Editor/FacialAnimation/Binaries/Win64/UE4Editor-FacialAnimation.dll (API version 3709383).
LogModuleManager: Display: Found up-to-date module file ../../../Engine/Plugins/Editor/FacialAnimation/Binaries/Win64/UE4Editor-FacialAnimationEditor.dll (API version 3709383).
LogModuleManager: Display: Found up-to-date module file ../../../Engine/Plugins/Editor/GameplayTagsEditor/Binaries/Win64/UE4Editor-GameplayTagsEditor.dll (API version 3709383).
LogModuleManager: Display: Found up-to-date module file ../../../Engine/Plugins/Editor/MobileLauncherProfileWizard/Binaries/Win64/UE4Editor-MobileLauncherProfileWizard.dll (API version 3709383).
LogModuleManager: Display: Found up-to-date module file ../../../Engine/Plugins/Editor/PluginBrowser/Binaries/Win64/UE4Editor-PluginBrowser.dll (API version 3709383).
LogModuleManager: Display: Found up-to-date module file ../../../Engine/Plugins/Editor/SpeedTreeImporter/Binaries/Win64/UE4Editor-SpeedTreeImporter.dll (API version 3709383).
LogModuleManager: Display: Found up-to-date module file ../../../Engine/Plugins/Experimental/AlembicImporter/Binaries/Win64/UE4Editor-AlembicImporter.dll (API version 3709383).
LogModuleManager: Display: Found up-to-date module file ../../../Engine/Plugins/Experimental/AlembicImporter/Binaries/Win64/UE4Editor-AlembicLibrary.dll (API version 3709383).
LogModuleManager: Display: Found up-to-date module file ../../../Engine/Plugins/Experimental/CharacterAI/Binaries/Win64/UE4Editor-CharacterAI.dll (API version 3709383).
LogModuleManager: Display: Found up-to-date module file ../../../Engine/Plugins/Experimental/HTML5Networking/Binaries/Win64/UE4Editor-HTML5Networking.dll (API version 3709383).
LogModuleManager: Display: Found up-to-date module file ../../../Engine/Plugins/Media/AndroidMedia/Binaries/Win64/UE4Editor-AndroidMediaEditor.dll (API version 3709383).
LogModuleManager: Display: Found up-to-date module file ../../../Engine/Plugins/Media/AndroidMedia/Binaries/Win64/UE4Editor-AndroidMediaFactory.dll (API version 3709383).
LogModuleManager: Display: Found up-to-date module file ../../../Engine/Plugins/Media/AvfMedia/Binaries/Win64/UE4Editor-AvfMediaEditor.dll (API version 3709383).
LogModuleManager: Display: Found up-to-date module file ../../../Engine/Plugins/Media/AvfMedia/Binaries/Win64/UE4Editor-AvfMediaFactory.dll (API version 3709383).
LogModuleManager: Display: Found up-to-date module file ../../../Engine/Plugins/Media/AvfMedia/Binaries/Win64/UE4Editor-AvfMediaFactory.dll (API version 3709383).
LogModuleManager: Display: Found up-to-date module file ../../../Engine/Plugins/Media/ImgMedia/Binaries/Win64/UE4Editor-ImgMedia.dll (API version 3709383).
LogModuleManager: Display: Found up-to-date module file ../../../Engine/Plugins/Media/ImgMedia/Binaries/Win64/UE4Editor-ImgMediaEditor.dll (API version 3709383).
LogModuleManager: Display: Found up-to-date module file ../../../Engine/Plugins/Media/ImgMedia/Binaries/Win64/UE4Editor-ImgMediaFactory.dll (API version 3709383).
LogModuleManager: Display: Found up-to-date module file ../../../Engine/Plugins/Media/ImgMedia/Binaries/Win64/UE4Editor-ImgMediaFactory.dll (API version 3709383).
LogModuleManager: Display: Found up-to-date module file ../../../Engine/Plugins/Media/ImgMedia/Binaries/Win64/UE4Editor-OpenExrWrapper.dll (API version 3709383).
LogModuleManager: Display: Found up-to-date module file ../../../Engine/Plugins/Media/MediaCompositing/Binaries/Win64/UE4Editor-MediaCompositing.dll (API version 3709383).
LogModuleManager: Display: Found up-to-date module file ../../../Engine/Plugins/Media/MediaCompositing/Binaries/Win64/UE4Editor-MediaCompositingEditor.dll (API version 3709383).
LogModuleManager: Display: Found up-to-date module file ../../../Engine/Plugins/Media/MediaPlayerEditor/Binaries/Win64/UE4Editor-MediaPlayerEditor.dll (API version 3709383).
LogModuleManager: Display: Found up-to-date module file ../../../Engine/Plugins/Media/WmfMedia/Binaries/Win64/UE4Editor-WmfMedia.dll (API version 3709383).
LogModuleManager: Display: Found up-to-date module file ../../../Engine/Plugins/Media/WmfMedia/Binaries/Win64/UE4Editor-WmfMediaEditor.dll (API version 3709383).
LogModuleManager: Display: Found up-to-date module file ../../../Engine/Plugins/Media/WmfMedia/Binaries/Win64/UE4Editor-WmfMediaFactory.dll (API version 3709383).
LogModuleManager: Display: Found up-to-date module file ../../../Engine/Plugins/Media/WmfMedia/Binaries/Win64/UE4Editor-WmfMediaFactory.dll (API version 3709383).
LogModuleManager: Display: Found up-to-date module file ../../../Engine/Plugins/Messaging/TcpMessaging/Binaries/Win64/UE4Editor-TcpMessaging.dll (API version 3709383).
LogModuleManager: Display: Found up-to-date module file ../../../Engine/Plugins/Messaging/UdpMessaging/Binaries/Win64/UE4Editor-UdpMessaging.dll (API version 3709383).
LogModuleManager: Display: Found up-to-date module file ../../../Engine/Plugins/MovieScene/ActorSequence/Binaries/Win64/UE4Editor-ActorSequence.dll (API version 3709383).
LogModuleManager: Display: Found up-to-date module file ../../../Engine/Plugins/MovieScene/LevelSequenceEditor/Binaries/Win64/UE4Editor-LevelSequenceEditor.dll (API version 3709383).
LogModuleManager: Display: Found up-to-date module file ../../../Engine/Plugins/MovieScene/MatineeToLevelSequence/Binaries/Win64/UE4Editor-MatineeToLevelSequence.dll (API version 3709383).
LogModuleManager: Display: Found up-to-date module file ../../../Engine/Plugins/Online/OnlineSubsystem/Binaries/Win64/UE4Editor-OnlineSubsystem.dll (API version 3709383).
LogModuleManager: Display: Found up-to-date module file ../../../Engine/Plugins/Online/OnlineSubsystemNull/Binaries/Win64/UE4Editor-OnlineSubsystemNull.dll (API version 3709383).
LogModuleManager: Display: Found up-to-date module file ../../../Engine/Plugins/Online/OnlineSubsystemUtils/Binaries/Win64/UE4Editor-OnlineSubsystemUtils.dll (API version 3709383).
LogModuleManager: Display: Found up-to-date module file ../../../Engine/Plugins/Online/OnlineSubsystemUtils/Binaries/Win64/UE4Editor-OnlineBlueprintSupport.dll (API version 3709383).
LogModuleManager: Display: Found up-to-date module file ../../../Engine/Plugins/Runtime/AndroidDeviceProfileSelector/Binaries/Win64/UE4Editor-AndroidDeviceProfileSelector.dll (API version 3709383).
LogModuleManager: Display: Found up-to-date module file ../../../Engine/Plugins/Runtime/AndroidPermission/Binaries/Win64/UE4Editor-AndroidPermission.dll (API version 3709383).
LogModuleManager: Display: Found up-to-date module file ../../../Engine/Plugins/Runtime/AppleARKit/Binaries/Win64/UE4Editor-AppleARKit.dll (API version 3709383).
LogModuleManager: Display: Found up-to-date module file ../../../Engine/Plugins/Runtime/ArchVisCharacter/Binaries/Win64/UE4Editor-ArchVisCharacter.dll (API version 3709383).
LogModuleManager: Display: Found up-to-date module file ../../../Engine/Plugins/Runtime/CableComponent/Binaries/Win64/UE4Editor-CableComponent.dll (API version 3709383).
LogModuleManager: Display: Found up-to-date module file ../../../Engine/Plugins/Runtime/CustomMeshComponent/Binaries/Win64/UE4Editor-CustomMeshComponent.dll (API version 3709383).
LogModuleManager: Display: Found up-to-date module file ../../../Engine/Plugins/Runtime/ExampleDeviceProfileSelector/Binaries/Win64/UE4Editor-ExampleDeviceProfileSelector.dll (API version 3709383).
LogModuleManager: Display: Found up-to-date module file ../../../Engine/Plugins/Runtime/ImmediatePhysics/Binaries/Win64/UE4Editor-ImmediatePhysics.dll (API version 3709383).
LogModuleManager: Display: Found up-to-date module file ../../../Engine/Plugins/Runtime/ImmediatePhysics/Binaries/Win64/UE4Editor-ImmediatePhysicsEditor.dll (API version 3709383).
LogModuleManager: Display: Found up-to-date module file ../../../Engine/Plugins/Runtime/LocationServicesBPLibrary/Binaries/Win64/UE4Editor-LocationServicesBPLibrary.dll (API version 3709383).
LogModuleManager: Display: Found up-to-date module file ../../../Engine/Plugins/Runtime/MobilePatchingUtils/Binaries/Win64/UE4Editor-MobilePatchingUtils.dll (API version 3709383).
LogModuleManager: Display: Found up-to-date module file ../../../Engine/Plugins/Runtime/Oculus/OculusVR/Binaries/Win64/UE4Editor-OculusHMD.dll (API version 3709383).
LogModuleManager: Display: Found up-to-date module file ../../../Engine/Plugins/Runtime/Oculus/OculusVR/Binaries/Win64/UE4Editor-OculusInput.dll (API version 3709383).
LogModuleManager: Display: Found up-to-date module file ../../../Engine/Plugins/Runtime/Oculus/OculusVR/Binaries/Win64/UE4Editor-OculusEditor.dll (API version 3709383).
LogModuleManager: Display: Found up-to-date module file ../../../Engine/Plugins/Runtime/PhysXVehicles/Binaries/Win64/UE4Editor-PhysXVehicles.dll (API version 3709383).
LogModuleManager: Display: Found up-to-date module file ../../../Engine/Plugins/Runtime/PhysXVehicles/Binaries/Win64/UE4Editor-PhysXVehiclesEditor.dll (API version 3709383).
LogModuleManager: Display: Found up-to-date module file ../../../Engine/Plugins/Runtime/ProceduralMeshComponent/Binaries/Win64/UE4Editor-ProceduralMeshComponent.dll (API version 3709383).
LogModuleManager: Display: Found up-to-date module file ../../../Engine/Plugins/Runtime/ProceduralMeshComponent/Binaries/Win64/UE4Editor-ProceduralMeshComponentEditor.dll (API version 3709383).
LogModuleManager: Display: Found up-to-date module file ../../../Engine/Plugins/Runtime/RuntimePhysXCooking/Binaries/Win64/UE4Editor-RuntimePhysXCooking.dll (API version 3709383).
LogModuleManager: Display: Found up-to-date module file ../../../Engine/Plugins/Runtime/Steam/SteamVR/Binaries/Win64/UE4Editor-SteamVR.dll (API version 3709383).
LogModuleManager: Display: Found up-to-date module file ../../../Engine/Plugins/Runtime/Steam/SteamVR/Binaries/Win64/UE4Editor-SteamVRController.dll (API version 3709383).
LogModuleManager: Display: Found up-to-date module file ../../../Engine/Plugins/Runtime/WindowsMoviePlayer/Binaries/Win64/UE4Editor-WindowsMoviePlayer.dll (API version 3709383).
LogInit: Using libcurl 7.47.1
LogInit:  - built for x86_64-pc-win32
LogInit:  - supports SSL with OpenSSL/1.0.2g
LogInit:  - supports HTTP deflate (compression) using libz 1.2.8
LogInit:  - other features:
LogInit:      CURL_VERSION_SSL
LogInit:      CURL_VERSION_LIBZ
LogInit:      CURL_VERSION_IPV6
LogInit:      CURL_VERSION_ASYNCHDNS
LogInit:      CURL_VERSION_LARGEFILE
LogInit:      CURL_VERSION_IDN
LogInit:  CurlRequestOptions (configurable via config and command line):
LogInit:  - bVerifyPeer = false  - Libcurl will NOT verify peer certificate
LogInit:  - bUseHttpProxy = false  - Libcurl will NOT use HTTP proxy
LogInit:  - bDontReuseConnections = false  - Libcurl will reuse connections
LogInit:  - CertBundlePath = nullptr  - Libcurl will use whatever was configured at build time.
LogInit: Build: ++UE4+Release-4.18-CL-3794801
LogInit: Engine Version: 4.18.2-3794801+++UE4+Release-4.18
LogInit: Compatible Engine Version: 4.18.0-3709383+++UE4+Release-4.18
LogInit: Net CL: 3709383
LogDevObjectVersion: Number of dev versions registered: 16
LogDevObjectVersion:   Dev-Blueprints (B0D832E4-1F89-4F0D-ACCF-7EB736FD4AA2): 10
LogDevObjectVersion:   Dev-Build (E1C64328-A22C-4D53-A36C-8E866417BD8C): 0
LogDevObjectVersion:   Dev-Core (375EC13C-06E4-48FB-B500-84F0262A717E): 2
LogDevObjectVersion:   Dev-Editor (E4B068ED-F494-42E9-A231-DA0B2E46BB41): 20
LogDevObjectVersion:   Dev-Framework (CFFC743F-43B0-4480-9391-14DF171D2073): 30
LogDevObjectVersion:   Dev-Mobile (B02B49B5-BB20-44E9-A304-32B752E40360): 0
LogDevObjectVersion:   Dev-Networking (A4E4105C-59A1-49B5-A7C5-40C4547EDFEE): 0
LogDevObjectVersion:   Dev-Online (39C831C9-5AE6-47DC-9A44-9C173E1C8E7C): 0
LogDevObjectVersion:   Dev-Physics (78F01B33-EBEA-4F98-B9B4-84EACCB95AA2): 0
LogDevObjectVersion:   Dev-Platform (6631380F-2D4D-43E0-8009-CF276956A95A): 0
LogDevObjectVersion:   Dev-Rendering (12F88B9F-8875-4AFC-A67C-D90C383ABD29): 20
LogDevObjectVersion:   Dev-Sequencer (7B5AE74C-D270-4C10-A958-57980B212A5A): 4
LogDevObjectVersion:   Dev-VR (D7296918-1DD6-4BDD-9DE2-64A83CC13884): 0
LogDevObjectVersion:   Dev-LoadTimes (C2A15278-BFE7-4AFE-6C17-90FF531DF755): 1
LogDevObjectVersion:   Private-Geometry (6EACA3D4-40EC-4CC1-B786-8BED09428FC5): 1
LogDevObjectVersion:   Dev-AnimPhys (29E575DD-E0A3-4627-9D10-D276232CDCEA): 12
LogInit: Compiled (64-bit): Dec  8 2017 02:04:53
LogInit: Compiled with Visual C++: 19.00.24215.01
LogInit: Build Configuration: Development
LogInit: Branch Name: ++UE4+Release-4.18
LogInit: Command line: -EpicPortal 
LogInit: Base directory: C:/Program Files/Epic Games/UE_4.18/Engine/Binaries/Win64/
LogInit: Installed Engine Build: 1
LogInit: Presizing for max 8388607 objects, including 0 objects not considered by GC, pre-allocating 0 bytes for permanent pool.
LogInit: Object subsystem initialized
[2017.12.22-05.41.41:684][  0]LogInit: Selected Device Profile: [Windows]
[2017.12.22-05.41.41:684][  0]LogInit: Applying CVar settings loaded from the selected device profile: [Windows]
[2017.12.22-05.41.41:698][  0]LogInit: Computer: DESKTOP-FRCQVUI
[2017.12.22-05.41.41:698][  0]LogInit: User: oner
[2017.12.22-05.41.41:698][  0]LogInit: CPU Page size=4096, Cores=4
[2017.12.22-05.41.41:698][  0]LogInit: High frequency timer resolution =2.630626 MHz
[2017.12.22-05.41.41:698][  0]LogMemory: Memory total: Physical=7.9GB (8GB approx)
[2017.12.22-05.41.41:698][  0]LogMemory: Platform Memory Stats for Windows
[2017.12.22-05.41.41:698][  0]LogMemory: Process Physical Memory: 275.00 MB used, 275.00 MB peak
[2017.12.22-05.41.41:698][  0]LogMemory: Process Virtual Memory: 269.61 MB used, 269.61 MB peak
[2017.12.22-05.41.41:698][  0]LogMemory: Physical Memory: 3868.63 MB used,  4212.12 MB free, 8080.75 MB total
[2017.12.22-05.41.41:698][  0]LogMemory: Virtual Memory: 643.75 MB used,  4212.12 MB free, 134217728.00 MB total
[2017.12.22-05.41.42:038][  0]LogInit: Using OS detected language (ko-KR).
[2017.12.22-05.41.42:039][  0]LogInit: Using OS detected locale (ko-KR).
[2017.12.22-05.41.42:042][  0]LogTextLocalizationManager: No specific localization for 'ko-KR' exists, so the 'ko' localization will be used.
[2017.12.22-05.41.42:236][  0]LogInit: Setting process to per monitor DPI aware
[2017.12.22-05.41.42:746][  0]LogD3D11RHI: D3D11 adapters:
[2017.12.22-05.41.42:812][  0]LogD3D11RHI:    0. 'NVIDIA GeForce GTX 970M' (Feature Level 11_0)
[2017.12.22-05.41.42:812][  0]LogD3D11RHI:       3040/0/4040 MB DedicatedVideo/DedicatedSystem/SharedSystem, Outputs:1, VendorId:0x10de
[2017.12.22-05.41.42:822][  0]LogD3D11RHI:    1. 'Intel(R) HD Graphics 5600' (Feature Level 11_0)
[2017.12.22-05.41.42:822][  0]LogD3D11RHI:       128/0/4040 MB DedicatedVideo/DedicatedSystem/SharedSystem, Outputs:0, VendorId:0x8086
[2017.12.22-05.41.42:824][  0]LogD3D11RHI:    2. 'Microsoft Basic Render Driver' (Feature Level 11_0)
[2017.12.22-05.41.42:824][  0]LogD3D11RHI:       0/0/4040 MB DedicatedVideo/DedicatedSystem/SharedSystem, Outputs:0, VendorId:0x1414
[2017.12.22-05.41.42:824][  0]LogD3D11RHI: Chosen D3D11 Adapter: 0
[2017.12.22-05.41.42:831][  0]LogD3D11RHI: Creating new Direct3DDevice
[2017.12.22-05.41.42:832][  0]LogD3D11RHI:     GPU DeviceId: 0x13d8 (for the marketing name, search the web for "GPU Device Id")
[2017.12.22-05.41.42:832][  0]LogWindows: EnumDisplayDevices:
[2017.12.22-05.41.42:832][  0]LogWindows:    0. 'Intel(R) HD Graphics 5600' (P:1 D:1)
[2017.12.22-05.41.42:833][  0]LogWindows:    1. 'Intel(R) HD Graphics 5600' (P:0 D:0)
[2017.12.22-05.41.42:833][  0]LogWindows:    2. 'Intel(R) HD Graphics 5600' (P:0 D:0)
[2017.12.22-05.41.42:833][  0]LogWindows: DebugString: PrimaryIsNotTheChoosenAdapter PrimaryIsNotTheChoosenAdapter PrimaryIsNotTheChoosenAdapter FoundDriverCount:0 
[2017.12.22-05.41.42:833][  0]LogD3D11RHI:     Adapter Name: NVIDIA GeForce GTX 970M
[2017.12.22-05.41.42:833][  0]LogD3D11RHI:   Driver Version: Unknown (internal:Unknown, unified:Unknown)
[2017.12.22-05.41.42:833][  0]LogD3D11RHI:      Driver Date: Unknown
[2017.12.22-05.41.42:833][  0]LogRHI: Texture pool is 2128 MB (70% of 3040 MB)
[2017.12.22-05.41.42:865][  0]LogD3D11RHI: Async texture creation enabled
[2017.12.22-05.41.42:933][  0]LogD3D11RHI: GPU Timing Frequency: 1000.000000 (Debug: 2 1)
[2017.12.22-05.41.42:935][  0]LogShaderCompilers: Guid format shader working directory is -1 characters bigger than the processId version (../../../../../../Users/강망/Desktop/새 폴더 (4)/Intermediate/Shaders/WorkingDirectory/13108/).
[2017.12.22-05.41.42:935][  0]LogShaderCompilers: Cleaned the shader compiler working directory 'C:/Users/강망/AppData/Local/Temp/UnrealShaderWorkingDir/0AD31DA648C7D67E2EF8FCB5721864BF/'.
[2017.12.22-05.41.42:935][  0]LogShaderCompilers: Display: Using Local Shader Compiler.
[2017.12.22-05.41.44:177][  0]LogTemp: Display: Loaded TP AllDesktopTargetPlatform
[2017.12.22-05.41.44:300][  0]LogTemp: Display: Loaded TP MacClientTargetPlatform
[2017.12.22-05.41.44:425][  0]LogTemp: Display: Loaded TP MacNoEditorTargetPlatform
[2017.12.22-05.41.44:542][  0]LogTemp: Display: Loaded TP MacServerTargetPlatform
[2017.12.22-05.41.44:683][  0]LogTemp: Display: Loaded TP MacTargetPlatform
[2017.12.22-05.41.44:798][  0]LogTemp: Display: Loaded TP WindowsClientTargetPlatform
[2017.12.22-05.41.44:924][  0]LogTemp: Display: Loaded TP WindowsNoEditorTargetPlatform
[2017.12.22-05.41.45:035][  0]LogTemp: Display: Loaded TP WindowsServerTargetPlatform
[2017.12.22-05.41.45:165][  0]LogTemp: Display: Loaded TP WindowsTargetPlatform
[2017.12.22-05.41.45:279][  0]LogTemp: Display: Loaded TP Android_ASTCTargetPlatform
[2017.12.22-05.41.45:402][  0]LogTemp: Display: Loaded TP Android_ATCTargetPlatform
[2017.12.22-05.41.45:513][  0]LogTemp: Display: Loaded TP Android_DXTTargetPlatform
[2017.12.22-05.41.45:644][  0]LogTemp: Display: Loaded TP Android_ETC1TargetPlatform
[2017.12.22-05.41.45:757][  0]LogTemp: Display: Loaded TP Android_ETC2TargetPlatform
[2017.12.22-05.41.46:015][  0]LogTemp: Display: Loaded TP Android_MultiTargetPlatform
[2017.12.22-05.41.46:015][  0]LogTemp: Display: Loaded TP Android_PVRTCTargetPlatform
[2017.12.22-05.41.46:145][  0]LogTemp: Display: Loaded TP AndroidTargetPlatform
[2017.12.22-05.41.46:248][  0]LogTemp: Display: Loaded TP HTML5TargetPlatform
[2017.12.22-05.41.46:437][  0]LogTemp: Display: Loaded TP IOSTargetPlatform
[2017.12.22-05.41.46:482][  0]LogTemp: Display: Loaded TP TVOSTargetPlatform
[2017.12.22-05.41.46:611][  0]LogTemp: Display: Loaded TP LinuxClientTargetPlatform
[2017.12.22-05.41.46:727][  0]LogTemp: Display: Loaded TP LinuxNoEditorTargetPlatform
[2017.12.22-05.41.46:854][  0]LogTemp: Display: Loaded TP LinuxServerTargetPlatform
[2017.12.22-05.41.46:967][  0]LogTemp: Display: Loaded TP LinuxTargetPlatform
[2017.12.22-05.41.46:967][  0]LogTargetPlatformManager: Display: Building Assets For Windows
[2017.12.22-05.41.47:995][  0]LogDerivedDataCache: Display: Max Cache Size: 512 MB
[2017.12.22-05.41.48:133][  0]LogDerivedDataCache: Loaded boot cache 0.14s 79MB C:/Users/강망/AppData/Local/UnrealEngine/4.18/DerivedDataCache/Boot.ddc.
[2017.12.22-05.41.48:133][  0]LogDerivedDataCache: Display: Loaded Boot cache: C:/Users/강망/AppData/Local/UnrealEngine/4.18/DerivedDataCache/Boot.ddc
[2017.12.22-05.41.48:134][  0]LogDerivedDataCache: FDerivedDataBackendGraph:  Pak pak cache file ../../../../../../Users/강망/Desktop/새 폴더 (4)/DerivedDataCache/DDC.ddp not found, will not use a pak cache.
[2017.12.22-05.41.48:134][  0]LogDerivedDataCache: Unable to find inner node Pak for hierarchical cache Hierarchy.
[2017.12.22-05.41.48:134][  0]LogDerivedDataCache: FDerivedDataBackendGraph:  CompressedPak pak cache file ../../../../../../Users/강망/Desktop/새 폴더 (4)/DerivedDataCache/Compressed.ddp not found, will not use a pak cache.
[2017.12.22-05.41.48:134][  0]LogDerivedDataCache: Unable to find inner node CompressedPak for hierarchical cache Hierarchy.
[2017.12.22-05.41.48:150][  0]LogDerivedDataCache: Display: Pak cache opened for reading ../../../Engine/DerivedDataCache/Compressed.ddp.
[2017.12.22-05.41.48:162][  0]LogDerivedDataCache: Using Local data cache path C:/Users/강망/AppData/Local/UnrealEngine/Common/DerivedDataCache: Writable
[2017.12.22-05.41.48:174][  0]LogMaterial: Verifying Global Shaders for PCD3D_SM5
[2017.12.22-05.41.48:175][  0]LogSlate: Using Freetype 2.6.0
[2017.12.22-05.41.48:175][  0]LogSlate: SlateFontCache - WITH_FREETYPE: 1, WITH_HARFBUZZ: 1
[2017.12.22-05.41.48:175][  0]LogSlate: SlateFontCache - WITH_FREETYPE: 1, WITH_HARFBUZZ: 1
[2017.12.22-05.41.48:741][  0]LogInit: Selected Device Profile: [Windows]
[2017.12.22-05.41.49:424][  0]LogSimplygon: Simplygon DLL not present - disabling.
[2017.12.22-05.41.49:530][  0]LogMeshReduction: Using SimplygonSwarm for distributed automatic mesh merging
[2017.12.22-05.41.49:530][  0]LogMeshReduction: Using QuadricMeshReduction for automatic static mesh reduction
[2017.12.22-05.41.49:530][  0]LogMeshReduction: No automatic skeletal mesh reduction module available
[2017.12.22-05.41.49:530][  0]LogMeshReduction: No automatic mesh merging module available
[2017.12.22-05.41.49:530][  0]LogMeshMerging: No automatic mesh merging module available
[2017.12.22-05.41.49:572][  0]LogNetVersion: allinone , NetCL: 3709383, EngineNetVer: 2, GameNetVer: 0 (Checksum: 1047487898)
[2017.12.22-05.41.49:863][  0]LogAssetRegistry: FAssetRegistry took 0.0260 seconds to start up
[2017.12.22-05.41.50:670][  0]LogPackageLocalizationCache: Processed 7 localized package path(s) for 2 prioritized culture(s) in 0.099862 seconds
[2017.12.22-05.41.50:685][  0]LogUObjectArray: 35900 objects as part of root set at end of initial load.
[2017.12.22-05.41.50:685][  0]LogUObjectAllocator: 7372024 out of 0 bytes used by permanent object pool.
[2017.12.22-05.41.50:685][  0]LogUObjectArray: CloseDisregardForGC: 0/0 objects in disregard for GC pool
[2017.12.22-05.41.50:874][  0]LogInit: WinSock: version 1.1 (2.2), MaxSocks=32767, MaxUdp=65467
[2017.12.22-05.41.56:237][  0]LogTcpMessaging: Initializing TcpMessaging bridge
[2017.12.22-05.41.56:312][  0]LogUdpMessaging: Initializing bridge on interface 0.0.0.0:0 to multicast group 230.0.0.1:6666.
[2017.12.22-05.41.58:309][  0]LogMaterial: Uniform references updated for custom material expression Custom.
[2017.12.22-05.41.59:294][  0]SourceControl: 소스 콘트롤이 꺼졌습니다.
[2017.12.22-05.41.59:294][  0]SourceControl: 소스 콘트롤이 꺼졌습니다.
[2017.12.22-05.41.59:437][  0]SourceControl: 소스 콘트롤이 꺼졌습니다.
[2017.12.22-05.41.59:567][  0]SourceControl: 소스 콘트롤이 꺼졌습니다.
[2017.12.22-05.42.01:586][  0]LogAndroidPermission: UAndroidPermissionCallbackProxy::GetInstance
[2017.12.22-05.42.02:244][  0]LogOcInput: OculusInput pre-init called
[2017.12.22-05.42.02:872][  0]LogEngine: Initializing Engine...
[2017.12.22-05.42.02:876][  0]LogHMD: Failed to initialize OpenVR with code 110
[2017.12.22-05.42.03:173][  0]LogStats: UGameplayTagsManager::ConstructGameplayTagTree: Construct from data asset -  0.000 s
[2017.12.22-05.42.03:174][  0]LogStats: UGameplayTagsManager::ConstructGameplayTagTree: GameplayTagTreeChangedEvent.Broadcast -  0.000 s
[2017.12.22-05.42.03:538][  0]LogAIModule: Creating AISystem for world Untitled
[2017.12.22-05.42.03:547][  0]LogInit: XAudio2 using '스피커(Realtek High Definition Audio)' : 2 channels at 48 kHz using 32 bits per sample (channel mask 0x3)
[2017.12.22-05.42.03:593][  0]LogInit: FAudioDevice initialized.
[2017.12.22-05.42.03:809][  0]LogDerivedDataCache: Saved boot cache 0.22s 79MB C:/Users/강망/AppData/Local/UnrealEngine/4.18/DerivedDataCache/Boot.ddc.
[2017.12.22-05.42.03:838][  0]LogInit: Texture streaming: Enabled
[2017.12.22-05.42.04:041][  0]LogEngineSessionManager: EngineSessionManager initialized
[2017.12.22-05.42.04:365][  0]LogInit: Transaction tracking system initialized
[2017.12.22-05.42.05:201][  0]BlueprintLog: New page: 에디터 로드
[2017.12.22-05.42.07:507][  0]LocalizationService: 현지화 서비스가 비활성화되었습니다.
[2017.12.22-05.42.09:592][  0]LogConsoleResponse: Display: 
[2017.12.22-05.42.09:856][  0]LogCook: Display: Max memory allowance for cook 16384mb min free memory 0mb
[2017.12.22-05.42.09:857][  0]LogCook: Display: Mobile HDR setting 1
[2017.12.22-05.42.09:857][  0]LogGameplayTags: Display: UGameplayTagsManager::DoneAddingNativeTags. DelegateIsBound: 0
[2017.12.22-05.42.10:493][  0]LogFileCache: Scanning file cache for directory 'C:/Users/강망/Desktop/새 폴더 (4)/Content/' took 0.05s
[2017.12.22-05.42.12:788][  0]SourceControl: 소스 콘트롤이 꺼졌습니다.
[2017.12.22-05.42.12:788][  0]Cmd: MAP LOAD FILE="../../../../../../Users/강망/Desktop/새 폴더 (4)/Content/ThirdPersonCPP/Maps/ThirdPersonExampleMap.umap" TEMPLATE=0 SHOWPROGRESS=1 FEATURELEVEL=3
[2017.12.22-05.42.12:795][  0]LightingResults: New page: 라이팅 빌드
[2017.12.22-05.42.12:908][  0]MapCheck: New page: 맵 체크
[2017.12.22-05.42.12:908][  0]LightingResults: New page: 라이팅 빌드
[2017.12.22-05.42.13:489][  0]LogAIModule: Creating AISystem for world ThirdPersonExampleMap
[2017.12.22-05.42.13:511][  0]LogEditorServer: Finished looking for orphan Actors (0.000 secs)
[2017.12.22-05.42.13:525][  0]Cmd: MAP CHECKDEP NOCLEARLOG
[2017.12.22-05.42.13:611][  0]MapCheck: 맵 체크 완료: 오류 0 회, 경고 0 회, 소요 시간 85.786ms.
[2017.12.22-05.42.13:611][  0]LogFileHelpers: Loading map 'ThirdPersonExampleMap' took 0.823
[2017.12.22-05.42.13:681][  0]LogWindowsTextInputMethodSystem: Display: IME system now activated using TSF (Microsoft 입력기).
[2017.12.22-05.42.13:961][  0]LogCollectionManager: Loaded 0 collections in 0.002374 seconds
[2017.12.22-05.42.14:146][  0]LogFileCache: Scanning file cache for directory 'C:/Users/강망/Desktop/새 폴더 (4)/Saved/Collections/' took 0.01s
[2017.12.22-05.42.14:146][  0]LogFileCache: Scanning file cache for directory 'C:/Users/강망/Desktop/새 폴더 (4)/Content/Developers/oner/Collections/' took 0.01s
[2017.12.22-05.42.14:146][  0]LogFileCache: Scanning file cache for directory 'C:/Users/강망/Desktop/새 폴더 (4)/Content/Collections/' took 0.01s
[2017.12.22-05.42.14:146][  0]LogCollectionManager: Rebuilt the GUID cache for 0 collections in 0.000000 seconds
[2017.12.22-05.42.14:158][  0]LogContentBrowser: Native class hierarchy populated in 0.0109 seconds. Added 2365 classes and 521 folders.
[2017.12.22-05.42.14:317][  0]LogContentBrowser: Native class hierarchy updated for 'WidgetCarousel' in 0.0008 seconds. Added 0 classes and 0 folders.
[2017.12.22-05.42.14:799][  0]LogContentBrowser: Native class hierarchy updated for 'AddContentDialog' in 0.0010 seconds. Added 0 classes and 0 folders.
[2017.12.22-05.42.14:920][  0]LogContentBrowser: Native class hierarchy updated for 'SceneOutliner' in 0.0012 seconds. Added 1 classes and 2 folders.
[2017.12.22-05.42.15:346][  0]LogContentBrowser: Native class hierarchy updated for 'HierarchicalLODOutliner' in 0.0011 seconds. Added 1 classes and 2 folders.
[2017.12.22-05.42.15:346][  0]LogLoad: (Engine Initialization) Total time: 39.53 seconds
[2017.12.22-05.42.15:346][  0]LogLoad: (Engine Initialization) Total Blueprint compile time: 0.00 seconds
[2017.12.22-05.42.15:346][  0]LogExternalProfiler: No external profilers were discovered.  External profiling features will not be available.
[2017.12.22-05.42.15:397][  0]LogContentStreaming: Texture pool size now 600 MB
[2017.12.22-05.42.15:399][  0]LogSlate: Took 0.000310 seconds to synchronously load lazily loaded font '../../../Engine/Content/Slate/Fonts/Roboto-Regular.ttf' (155K)
[2017.12.22-05.42.15:408][  0]LogSlate: Took 0.008206 seconds to synchronously load lazily loaded font '../../../Engine/Content/Slate/Fonts/NanumGothic.ttf' (4243K)
[2017.12.22-05.42.15:409][  0]LogSlate: Took 0.000673 seconds to synchronously load lazily loaded font '../../../Engine/Content/Slate/Fonts/Roboto-Bold.ttf' (160K)
[2017.12.22-05.42.15:433][  0]LogSlate: Took 0.014040 seconds to synchronously load lazily loaded font '../../../Engine/Content/Editor/Slate/Fonts/FontAwesome.ttf' (139K)
[2017.12.22-05.42.15:753][  0]LogRenderer: Reallocating scene render targets to support 1000x512 Format 9 NumSamples 1 (Frame:1).
[2017.12.22-05.42.15:824][  0]LogSlate: Took 0.005659 seconds to synchronously load lazily loaded font '../../../Engine/Content/Slate/Fonts/Roboto-Light.ttf' (159K)
[2017.12.22-05.42.16:070][  3]LogAssetRegistry: Asset discovery search completed in 26.2286 seconds
[2017.12.22-05.42.16:087][  3]LogCollectionManager: Rebuilt the object cache for 0 collections in 0.000002 seconds (found 0 objects)
[2017.12.22-05.42.16:087][  3]LogCollectionManager: Fixed up redirectors for 0 collections in 0.000389 seconds (updated 0 objects)
[2017.12.22-05.42.16:543][  7]LogSlate: Took 0.000815 seconds to synchronously load lazily loaded font '../../../Engine/Content/Slate/Fonts/Roboto-Light.ttf' (159K)
[2017.12.22-05.42.38:348][579]LogSlate: Took 0.001346 seconds to synchronously load lazily loaded font '../../../Engine/Content/Slate/Fonts/Roboto-Light.ttf' (159K)
[2017.12.22-05.42.39:851][579]LogSlate: Took 0.000315 seconds to synchronously load lazily loaded font '../../../Engine/Content/Slate/Fonts/Roboto-Regular.ttf' (155K)
[2017.12.22-05.42.47:910][579]LogAIModule: Creating AISystem for world ElvenRuins
[2017.12.22-05.42.48:083][579]Cmd: MAP LOAD FILE="../../../../../../Users/강망/Desktop/새 폴더 (4)/Content/InfinityBladeGrassLands/Maps/ElvenRuins.umap" TEMPLATE=0 SHOWPROGRESS=1 FEATURELEVEL=3
[2017.12.22-05.42.48:084][579]LightingResults: New page: 라이팅 빌드
[2017.12.22-05.42.48:086][579]LoadErrors: New page: 맵 로드중: ElvenRuins.umap
[2017.12.22-05.42.48:088][579]MapCheck: New page: 맵 체크
[2017.12.22-05.42.48:088][579]LightingResults: New page: 라이팅 빌드
[2017.12.22-05.42.48:898][579]LogEditorServer: Finished looking for orphan Actors (0.000 secs)
[2017.12.22-05.42.48:996][579]Cmd: MAP CHECKDEP NOCLEARLOG
[2017.12.22-05.42.49:164][579]MapCheck: 맵 체크 완료: 오류 0 회, 경고 0 회, 소요 시간 167.827ms.
[2017.12.22-05.42.49:171][579]LogFileHelpers: Loading map 'ElvenRuins' took 1.090
[2017.12.22-05.42.55:313][644]Cmd: MAP LOAD FILE="../../../Engine/Content/Maps/Templates/Template_Default.umap" TEMPLATE=1 SHOWPROGRESS=1 FEATURELEVEL=3
[2017.12.22-05.42.55:406][644]LightingResults: New page: 라이팅 빌드
[2017.12.22-05.42.55:409][644]LoadErrors: New page: 맵 로드중: Template_Default.umap
[2017.12.22-05.42.55:477][644]MapCheck: New page: 맵 체크
[2017.12.22-05.42.55:478][644]LightingResults: New page: 라이팅 빌드
[2017.12.22-05.42.55:732][644]LogAIModule: Creating AISystem for world Untitled_1
[2017.12.22-05.42.55:976][644]LogEditorServer: Finished looking for orphan Actors (0.000 secs)
[2017.12.22-05.42.56:034][644]Cmd: MAP CHECKDEP NOCLEARLOG
[2017.12.22-05.42.56:244][644]MapCheck: 맵 체크 완료: 오류 0 회, 경고 0 회, 소요 시간 208.497ms.
[2017.12.22-05.42.56:244][644]LogFileHelpers: Loading map 'Template_Default' took 0.932
[2017.12.22-05.43.05:301][803]LogMaterial: Missing cached shader map for material M_Rock, compiling. 
[2017.12.22-05.43.36:086][177]LogAIModule: Creating AISystem for world ElvenRuins
[2017.12.22-05.43.36:314][177]Cmd: MAP LOAD FILE="../../../../../../Users/강망/Desktop/새 폴더 (4)/Content/InfinityBladeGrassLands/Maps/ElvenRuins.umap" TEMPLATE=0 SHOWPROGRESS=1 FEATURELEVEL=3
[2017.12.22-05.43.36:314][177]LightingResults: New page: 라이팅 빌드
[2017.12.22-05.43.36:315][177]LoadErrors: New page: 맵 로드중: ElvenRuins.umap
[2017.12.22-05.43.36:316][177]MapCheck: New page: 맵 체크
[2017.12.22-05.43.36:316][177]LightingResults: New page: 라이팅 빌드
[2017.12.22-05.43.37:730][177]LogEditorServer: Finished looking for orphan Actors (0.000 secs)
[2017.12.22-05.43.37:827][177]Cmd: MAP CHECKDEP NOCLEARLOG
[2017.12.22-05.43.38:004][177]MapCheck: 맵 체크 완료: 오류 0 회, 경고 0 회, 소요 시간 176.286ms.
[2017.12.22-05.43.38:008][177]LogFileHelpers: Loading map 'ElvenRuins' took 1.695
[2017.12.22-05.43.47:166][258]LogEditorViewport: Clicking on Actor (LMB): StaticMeshActor (SM_Plains_Angel_Statue_01_nobase)
[2017.12.22-05.45.04:338][130]LogRenderer: Reallocating scene render targets to support 1172x512 Format 9 NumSamples 1 (Frame:1).
[2017.12.22-05.48.06:948][595]LogContentBrowser: Native class hierarchy updated for 'BlueprintGraph' in 0.0015 seconds. Added 116 classes and 0 folders.
[2017.12.22-05.48.13:225][667]LogSlate: Took 0.023814 seconds to synchronously load lazily loaded font '../../../Engine/Content/Editor/Slate/Fonts/Roboto-Italic.ttf' (157K)
[2017.12.22-05.53.35:734][805]LogFileHelpers: Editor autosave (incl. sublevels) for '/Game/InfinityBladeGrassLands/Maps/ElvenRuins' took 0.097
[2017.12.22-05.53.35:745][805]OBJ SavePackage: Generating thumbnails for [1] asset(s) in package [/Game/Blueprints/SM_Plains_Angel_Statue_01_nobase] ([1] browsable assets)...
[2017.12.22-05.53.35:831][805]OBJ SavePackage:     Rendered thumbnail for [Blueprint /Game/Blueprints/SM_Plains_Angel_Statue_01_nobase.SM_Plains_Angel_Statue_01_nobase]
[2017.12.22-05.53.35:831][805]OBJ SavePackage: Finished generating thumbnails for package [/Game/Blueprints/SM_Plains_Angel_Statue_01_nobase]
[2017.12.22-05.53.35:896][805]LogSavePackage: Save=50.85ms
[2017.12.22-05.53.35:896][805]LogSavePackage: Moving '../../../../../../Users/강망/Desktop/새 폴더 (4)/Saved/SM_Plains_Angel_Statue_01_nobaseFF23481A443543CAACED0C992D1FCBB4.tmp' to '../../../../../../Users/강망/Desktop/새 폴더 (4)/Saved/Autosaves/Game/Blueprints/SM_Plains_Angel_Statue_01_nobase_Auto1.uasset'
[2017.12.22-05.53.35:899][805]LogSavePackage: Display: Finished SavePackage ../../../../../../Users/강망/Desktop/새 폴더 (4)/Saved/Autosaves/Game/Blueprints/SM_Plains_Angel_Statue_01_nobase_Auto1.uasset
[2017.12.22-05.53.35:900][805]LogFileHelpers: Auto-saving content packages took 0.164
[2017.12.22-05.56.05:411][985]LogTexture: Display: 텍스처 빌드: T_Plains_Ruins_DemonDoor_N (BC5, 2048X2048)
[2017.12.22-05.56.05:412][985]LogTexture: Display: 텍스처 빌드: T_Plains_Ruins_DemonDoor_D (AutoDXT, 2048X2048)
[2017.12.22-05.56.05:412][985]LogStaticMesh: SM_Plains_Castle_DemonDoor_01 스태틱 메시 빌드중...
[2017.12.22-05.56.05:512][985]LogStaticMesh: Built static mesh [0.10s] /Game/InfinityBladeGrassLands/Environments/Plains/Env_Plains_Statues/StaticMesh/SM_Plains_Castle_DemonDoor_01.SM_Plains_Castle_DemonDoor_01
[2017.12.22-05.56.07:902][985]LogMaterial: Missing cached shader map for material M_Plains_Castle_Demon, compiling. 
[2017.12.22-05.56.34:780][342]LogWindows: LaunchURL http://docs.unrealengine.com/latest/KOR/Engine/Content/Types/StaticMeshes/index.html?utm_source=editor&utm_medium=docs&utm_campaign=cb_docs
[2017.12.22-05.58.11:133][145]LogRenderer: Reallocating scene render targets to support 1172x532 Format 9 NumSamples 1 (Frame:384).
[2017.12.22-05.58.11:309][145]LogRenderer: Reallocating scene render targets to support 1172x556 Format 9 NumSamples 1 (Frame:385).
[2017.12.22-05.59.04:762][759]LogSavePackage: Save=22.88ms
[2017.12.22-05.59.04:762][759]LogSavePackage: Moving '../../../../../../Users/강망/Desktop/새 폴더 (4)/Saved/SM_Plains_Angel_Statue_01_nobase6D96A8C04FAAD845A53501840C4CE147.tmp' to '../../../../../../Users/강망/Desktop/새 폴더 (4)/Content/L10N/ko-KR/InfinityBladeGrassLands/Environments/Plains/Env_Plains_Statues/StaticMesh/SM_Plains_Angel_Statue_01_nobase.uasset'
[2017.12.22-05.59.04:777][759]LogSavePackage: Display: Finished SavePackage ../../../../../../Users/강망/Desktop/새 폴더 (4)/Content/L10N/ko-KR/InfinityBladeGrassLands/Environments/Plains/Env_Plains_Statues/StaticMesh/SM_Plains_Angel_Statue_01_nobase.uasset
[2017.12.22-06.03.47:052][861]LogSavePackage: Save=9969.16ms
[2017.12.22-06.03.47:052][861]LogSavePackage: Moving '../../../../../../Users/강망/Desktop/새 폴더 (4)/Saved/ElvenRuins_Auto27D67125F4DA231CB5C67A3B7CFA16301.tmp' to '../../../../../../Users/강망/Desktop/새 폴더 (4)/Saved/Autosaves/Game/InfinityBladeGrassLands/Maps/ElvenRuins_Auto2.umap'
[2017.12.22-06.03.47:058][861]LogSavePackage: Display: Finished SavePackage ../../../../../../Users/강망/Desktop/새 폴더 (4)/Saved/Autosaves/Game/InfinityBladeGrassLands/Maps/ElvenRuins_Auto2.umap
[2017.12.22-06.03.47:067][861]LogFileHelpers: Editor autosave (incl. sublevels) for '/Game/InfinityBladeGrassLands/Maps/ElvenRuins' took 10.516
[2017.12.22-06.03.47:068][861]LogFileHelpers: Editor autosave (incl. sublevels) for all levels took 10.516
[2017.12.22-06.05.07:865][544]LogDirectoryWatcher: Warning: Failed to begin reading directory changes for ../../../../../../Users/강망/Desktop/새 폴더 (4)/Plugins/. Error: 지정된 파일을 찾을 수 없습니다. (0x00000002)
[2017.12.22-06.05.35:413][990]Cmd: CLOSE_SLATE_MAINFRAME
[2017.12.22-06.05.38:414][990]Cmd: OBJ SAVEPACKAGE PACKAGE="/Game/Blueprints/SM_Plains_Angel_Statue_01_nobase" FILE="../../../../../../Users/강망/Desktop/새 폴더 (4)/Content/Blueprints/SM_Plains_Angel_Statue_01_nobase.uasset" SILENT=true
[2017.12.22-06.05.38:452][990]LogSavePackage: Save=30.64ms
[2017.12.22-06.05.38:452][990]LogSavePackage: Moving '../../../../../../Users/강망/Desktop/새 폴더 (4)/Saved/SM_Plains_Angel_Statue_01_nobase86B653D64BFC171EDDD6AC8FEE8F7AC8.tmp' to '../../../../../../Users/강망/Desktop/새 폴더 (4)/Content/Blueprints/SM_Plains_Angel_Statue_01_nobase.uasset'
[2017.12.22-06.05.38:459][990]LogSavePackage: Display: Finished SavePackage ../../../../../../Users/강망/Desktop/새 폴더 (4)/Content/Blueprints/SM_Plains_Angel_Statue_01_nobase.uasset
[2017.12.22-06.05.44:969][990]LogSavePackage: Save=6185.91ms
[2017.12.22-06.05.44:969][990]LogSavePackage: Moving '../../../../../../Users/강망/Desktop/새 폴더 (4)/Saved/ElvenRuinsF283F5204C88DB03E93E83B8BB5B0750.tmp' to '../../../../../../Users/강망/Desktop/새 폴더 (4)/Content/InfinityBladeGrassLands/Maps/ElvenRuins.umap'
[2017.12.22-06.05.44:997][990]LogSavePackage: Display: Finished SavePackage ../../../../../../Users/강망/Desktop/새 폴더 (4)/Content/InfinityBladeGrassLands/Maps/ElvenRuins.umap
[2017.12.22-06.05.45:054][990]LogFileHelpers: Saving map 'ElvenRuins' took 6.541
[2017.12.22-06.05.45:250][990]LogDirectoryWatcher: A directory notification for '../../../Engine/Plugins/' was aborted.
[2017.12.22-06.05.45:883][991]Cmd: QUIT_EDITOR
[2017.12.22-06.05.45:929][991]LogWindowsTextInputMethodSystem: Display: IME system now activated using TSF (Microsoft 입력기).
[2017.12.22-06.05.45:987][991]LogExit: Preparing to exit.
[2017.12.22-06.05.46:753][991]LogDirectoryWatcher: A directory notification for 'C:/Users/강망/Desktop/새 폴더 (4)/Content/' was aborted.
[2017.12.22-06.05.46:984][991]LogExit: Editor shut down
[2017.12.22-06.05.47:112][991]LogExit: Transaction tracking system shut down
[2017.12.22-06.05.47:454][991]LogDirectoryWatcher: A directory notification for '../../../Engine/Content/' was aborted.
[2017.12.22-06.05.47:455][991]LogDirectoryWatcher: A directory notification for '../../../../../../Users/강망/Desktop/새 폴더 (4)/Content/' was aborted.
[2017.12.22-06.05.47:455][991]LogDirectoryWatcher: A directory notification for '../../../Engine/Plugins/2D/Paper2D/Content/' was aborted.
[2017.12.22-06.05.47:455][991]LogDirectoryWatcher: A directory notification for '../../../Engine/Plugins/Media/MediaCompositing/Content/' was aborted.
[2017.12.22-06.05.47:455][991]LogDirectoryWatcher: A directory notification for '../../../Engine/Plugins/Runtime/AppleARKit/Content/' was aborted.
[2017.12.22-06.05.47:455][991]LogDirectoryWatcher: A directory notification for '../../../Engine/Plugins/Runtime/Oculus/OculusVR/Content/' was aborted.
[2017.12.22-06.05.47:455][991]LogDirectoryWatcher: A directory notification for '../../../Engine/Plugins/Runtime/Steam/SteamVR/Content/' was aborted.
[2017.12.22-06.05.48:012][991]LogExit: Object subsystem successfully closed.
[2017.12.22-06.05.48:071][991]LogD3D11RHI: Shutdown
[2017.12.22-06.05.48:071][991]LogD3D11RHI: CleanupD3DDevice
[2017.12.22-06.05.48:083][991]LogD3D11RHI: ~FD3D11DynamicRHI
[2017.12.22-06.05.48:179][991]LogModuleManager: Shutting down and abandoning module BlueprintGraph (558)
[2017.12.22-06.05.48:179][991]LogModuleManager: Shutting down and abandoning module StaticMeshEditor (556)
[2017.12.22-06.05.48:179][991]LogModuleManager: Shutting down and abandoning module HierarchicalLODUtilities (554)
[2017.12.22-06.05.48:179][991]LogModuleManager: Shutting down and abandoning module NewLevelDialog (552)
[2017.12.22-06.05.48:179][991]LogModuleManager: Shutting down and abandoning module HierarchicalLODOutliner (550)
[2017.12.22-06.05.48:179][991]LogModuleManager: Shutting down and abandoning module DesktopPlatform (548)
[2017.12.22-06.05.48:179][991]LogModuleManager: Shutting down and abandoning module SceneOutliner (546)
[2017.12.22-06.05.48:197][991]LogModuleManager: Shutting down and abandoning module AddContentDialog (544)
[2017.12.22-06.05.48:205][991]LogDirectoryWatcher: A directory notification for 'C:/Program Files/Epic Games/UE_4.18/FeaturePacks/' was aborted.
[2017.12.22-06.05.48:212][991]LogModuleManager: Shutting down and abandoning module WidgetCarousel (543)
[2017.12.22-06.05.48:213][991]LogModuleManager: Shutting down and abandoning module EditorWidgets (540)
[2017.12.22-06.05.48:213][991]LogModuleManager: Shutting down and abandoning module CollectionManager (538)
[2017.12.22-06.05.48:213][991]LogDirectoryWatcher: A directory notification for 'C:/Users/강망/Desktop/새 폴더 (4)/Content/Collections/' was aborted.
[2017.12.22-06.05.48:213][991]LogDirectoryWatcher: A directory notification for 'C:/Users/강망/Desktop/새 폴더 (4)/Content/Developers/oner/Collections/' was aborted.
[2017.12.22-06.05.48:213][991]LogDirectoryWatcher: A directory notification for 'C:/Users/강망/Desktop/새 폴더 (4)/Saved/Collections/' was aborted.
[2017.12.22-06.05.48:214][991]LogModuleManager: Shutting down and abandoning module StatsViewer (536)
[2017.12.22-06.05.48:214][991]LogModuleManager: Shutting down and abandoning module FoliageEdit (534)
[2017.12.22-06.05.48:214][991]LogModuleManager: Shutting down and abandoning module LandscapeEditor (532)
[2017.12.22-06.05.48:214][991]LogModuleManager: Shutting down and abandoning module MeshPaintMode (530)
[2017.12.22-06.05.48:214][991]LogModuleManager: Shutting down and abandoning module SceneDepthPickerMode (528)
[2017.12.22-06.05.48:214][991]LogModuleManager: Shutting down and abandoning module ActorPickerMode (526)
[2017.12.22-06.05.48:214][991]LogModuleManager: Shutting down and abandoning module GeometryMode (524)
[2017.12.22-06.05.48:214][991]LogModuleManager: Shutting down and abandoning module TextureAlignMode (522)
[2017.12.22-06.05.48:214][991]LogModuleManager: Shutting down and abandoning module BspMode (520)
[2017.12.22-06.05.48:214][991]LogModuleManager: Shutting down and abandoning module PIEPreviewDeviceProfileSelector (518)
[2017.12.22-06.05.48:214][991]LogModuleManager: Shutting down and abandoning module HardwareSurvey (516)
[2017.12.22-06.05.48:214][991]LogModuleManager: Shutting down and abandoning module SequenceRecorderSections (514)
[2017.12.22-06.05.48:214][991]LogModuleManager: Shutting down and abandoning module AutomationWorker (512)
[2017.12.22-06.05.48:214][991]LogModuleManager: Shutting down and abandoning module MatineeToLevelSequence (510)
[2017.12.22-06.05.48:214][991]LogModuleManager: Shutting down and abandoning module LevelSequenceEditor (508)
[2017.12.22-06.05.48:215][991]LogModuleManager: Shutting down and abandoning module PlacementMode (507)
[2017.12.22-06.05.48:215][991]LogModuleManager: Shutting down and abandoning module WmfMediaFactory (504)
[2017.12.22-06.05.48:215][991]LogModuleManager: Shutting down and abandoning module WmfMediaEditor (502)
[2017.12.22-06.05.48:215][991]LogModuleManager: Shutting down and abandoning module OpenExrWrapper (500)
[2017.12.22-06.05.48:215][991]LogModuleManager: Shutting down and abandoning module ImgMediaFactory (498)
[2017.12.22-06.05.48:215][991]LogModuleManager: Shutting down and abandoning module ImgMediaEditor (496)
[2017.12.22-06.05.48:215][991]LogModuleManager: Shutting down and abandoning module AvfMediaFactory (494)
[2017.12.22-06.05.48:215][991]LogModuleManager: Shutting down and abandoning module AvfMediaEditor (492)
[2017.12.22-06.05.48:215][991]LogModuleManager: Shutting down and abandoning module AndroidMediaFactory (490)
[2017.12.22-06.05.48:215][991]LogModuleManager: Shutting down and abandoning module AndroidMediaEditor (488)
[2017.12.22-06.05.48:215][991]LogModuleManager: Shutting down and abandoning module CharacterAI (486)
[2017.12.22-06.05.48:215][991]LogModuleManager: Shutting down and abandoning module AudioCapture (484)
[2017.12.22-06.05.48:215][991]LogModuleManager: Shutting down and abandoning module SequenceRecorder (483)
[2017.12.22-06.05.48:215][991]LogModuleManager: Shutting down and abandoning module SmartSnapping (480)
[2017.12.22-06.05.48:215][991]LogModuleManager: Shutting down and abandoning module SessionServices (478)
[2017.12.22-06.05.48:215][991]LogModuleManager: Shutting down and abandoning module ViewportSnapping (476)
[2017.12.22-06.05.48:215][991]LogModuleManager: Shutting down and abandoning module ViewportInteraction (474)
[2017.12.22-06.05.48:216][991]LogModuleManager: Shutting down and abandoning module ClothPainter (472)
[2017.12.22-06.05.48:216][991]LogModuleManager: Shutting down and abandoning module SkeletalMeshEditor (471)
[2017.12.22-06.05.48:216][991]LogModuleManager: Shutting down and abandoning module LogVisualizer (468)
[2017.12.22-06.05.48:216][991]LogModuleManager: Shutting down and abandoning module IntroTutorials (466)
[2017.12.22-06.05.48:216][991]LogModuleManager: Shutting down and abandoning module GameProjectGeneration (465)
[2017.12.22-06.05.48:216][991]LogModuleManager: Shutting down and abandoning module IOSPlatformEditor (462)
[2017.12.22-06.05.48:216][991]LogModuleManager: Shutting down and abandoning module HTML5PlatformEditor (460)
[2017.12.22-06.05.48:216][991]LogModuleManager: Shutting down and abandoning module AndroidPlatformEditor (458)
[2017.12.22-06.05.48:216][991]LogModuleManager: Shutting down and abandoning module AndroidDeviceDetection (457)
[2017.12.22-06.05.49:084][991]LogModuleManager: Shutting down and abandoning module WindowsPlatformEditor (454)
[2017.12.22-06.05.49:084][991]LogModuleManager: Shutting down and abandoning module IOSRuntimeSettings (452)
[2017.12.22-06.05.49:084][991]LogModuleManager: Shutting down and abandoning module AndroidRuntimeSettings (450)
[2017.12.22-06.05.49:084][991]LogModuleManager: Shutting down and abandoning module InputBindingEditor (448)
[2017.12.22-06.05.49:084][991]LogModuleManager: Shutting down and abandoning module MergeActors (446)
[2017.12.22-06.05.49:084][991]LogModuleManager: Shutting down and abandoning module SizeMap (444)
[2017.12.22-06.05.49:084][991]LogModuleManager: Shutting down and abandoning module TreeMap (442)
[2017.12.22-06.05.49:084][991]LogModuleManager: Shutting down and abandoning module ReferenceViewer (440)
[2017.12.22-06.05.49:085][991]LogModuleManager: Shutting down and abandoning module LocalizationDashboard (438)
[2017.12.22-06.05.49:085][991]LogModuleManager: Shutting down and abandoning module LocalizationService (437)
[2017.12.22-06.05.49:085][991]LogModuleManager: Shutting down and abandoning module HardwareTargeting (434)
[2017.12.22-06.05.49:085][991]LogModuleManager: Shutting down and abandoning module DeviceProfileEditor (432)
[2017.12.22-06.05.49:085][991]LogModuleManager: Shutting down and abandoning module UndoHistory (430)
[2017.12.22-06.05.49:085][991]LogModuleManager: Shutting down and abandoning module XmlParser (428)
[2017.12.22-06.05.49:085][991]LogModuleManager: Shutting down and abandoning module Blutility (426)
[2017.12.22-06.05.49:085][991]LogModuleManager: Shutting down and abandoning module ProjectSettingsViewer (424)
[2017.12.22-06.05.49:085][991]LogModuleManager: Shutting down and abandoning module ProjectTargetPlatformEditor (423)
[2017.12.22-06.05.49:086][991]LogModuleManager: Shutting down and abandoning module EditorSettingsViewer (420)
[2017.12.22-06.05.49:086][991]LogModuleManager: Shutting down and abandoning module SettingsEditor (418)
[2017.12.22-06.05.49:086][991]LogModuleManager: Shutting down and abandoning module ProjectLauncher (416)
[2017.12.22-06.05.49:086][991]LogModuleManager: Shutting down and abandoning module SessionFrontend (414)
[2017.12.22-06.05.49:086][991]LogModuleManager: Shutting down and abandoning module ProfilerClient (412)
[2017.12.22-06.05.49:086][991]LogModuleManager: Shutting down and abandoning module DeviceManager (410)
[2017.12.22-06.05.49:086][991]LogModuleManager: Shutting down and abandoning module TargetDeviceServices (409)
[2017.12.22-06.05.49:139][991]LogModuleManager: Shutting down and abandoning module AutomationController (406)
[2017.12.22-06.05.49:140][991]LogModuleManager: Shutting down and abandoning module AutomationWindow (404)
[2017.12.22-06.05.49:140][991]LogModuleManager: Shutting down and abandoning module Layers (402)
[2017.12.22-06.05.49:140][991]LogModuleManager: Shutting down and abandoning module ComponentVisualizers (400)
[2017.12.22-06.05.49:140][991]LogModuleManager: Shutting down and abandoning module DetailCustomizations (398)
[2017.12.22-06.05.49:140][991]LogModuleManager: Shutting down and abandoning module PackagesDialog (396)
[2017.12.22-06.05.49:141][991]LogModuleManager: Shutting down and abandoning module Persona (394)
[2017.12.22-06.05.49:141][991]LogModuleManager: Shutting down and abandoning module AdvancedPreviewScene (393)
[2017.12.22-06.05.49:141][991]LogModuleManager: Shutting down and abandoning module AnimGraph (391)
[2017.12.22-06.05.49:141][991]LogModuleManager: Shutting down and abandoning module Kismet (388)
[2017.12.22-06.05.49:156][991]LogModuleManager: Shutting down and abandoning module ClassViewer (386)
[2017.12.22-06.05.49:156][991]LogModuleManager: Shutting down and abandoning module Toolbox (384)
[2017.12.22-06.05.49:156][991]LogModuleManager: Shutting down and abandoning module ModuleUI (382)
[2017.12.22-06.05.49:156][991]LogModuleManager: Shutting down and abandoning module MovieSceneTools (380)
[2017.12.22-06.05.49:157][991]LogModuleManager: Shutting down and abandoning module OutputLog (378)
[2017.12.22-06.05.49:157][991]LogModuleManager: Shutting down and abandoning module GammaUI (376)
[2017.12.22-06.05.49:157][991]LogModuleManager: Shutting down and abandoning module Documentation (374)
[2017.12.22-06.05.49:157][991]LogModuleManager: Shutting down and abandoning module MovieSceneTracks (372)
[2017.12.22-06.05.49:157][991]LogModuleManager: Shutting down and abandoning module MovieScene (370)
[2017.12.22-06.05.49:157][991]LogModuleManager: Shutting down and abandoning module StreamingPauseRendering (368)
[2017.12.22-06.05.49:157][991]LogModuleManager: Shutting down and abandoning module LauncherPlatform (366)
[2017.12.22-06.05.49:157][991]LogModuleManager: Shutting down and abandoning module AnalyticsET (364)
[2017.12.22-06.05.49:157][991]LogModuleManager: Shutting down and abandoning module PortalServices (362)
[2017.12.22-06.05.49:157][991]LogModuleManager: Shutting down and abandoning module PortalRpc (360)
[2017.12.22-06.05.49:157][991]LogModuleManager: Shutting down and abandoning module MessagingRpc (358)
[2017.12.22-06.05.49:157][991]LogModuleManager: Shutting down and abandoning module AIModule (356)
[2017.12.22-06.05.49:157][991]LogModuleManager: Shutting down and abandoning module GameplayDebugger (355)
[2017.12.22-06.05.49:157][991]LogModuleManager: Shutting down and abandoning module AITestSuite (353)
[2017.12.22-06.05.49:157][991]LogModuleManager: Shutting down and abandoning module ProfilerService (350)
[2017.12.22-06.05.49:405][991]LogModuleManager: Shutting down and abandoning module TaskGraph (348)
[2017.12.22-06.05.49:405][991]LogModuleManager: Shutting down and abandoning module SteamVRController (346)
[2017.12.22-06.05.49:405][991]LogModuleManager: Shutting down and abandoning module ProceduralMeshComponentEditor (344)
[2017.12.22-06.05.49:405][991]LogModuleManager: Shutting down and abandoning module ProceduralMeshComponent (342)
[2017.12.22-06.05.49:405][991]LogModuleManager: Shutting down and abandoning module OculusInput (340)
[2017.12.22-06.05.49:405][991]LogModuleManager: Shutting down and abandoning module MobilePatchingUtils (338)
[2017.12.22-06.05.49:405][991]LogModuleManager: Shutting down and abandoning module CustomMeshComponent (336)
[2017.12.22-06.05.49:405][991]LogModuleManager: Shutting down and abandoning module CableComponent (334)
[2017.12.22-06.05.49:405][991]LogModuleManager: Shutting down and abandoning module ArchVisCharacter (332)
[2017.12.22-06.05.49:405][991]LogModuleManager: Shutting down and abandoning module AndroidPermission (330)
[2017.12.22-06.05.49:406][991]LogModuleManager: Shutting down and abandoning module ActorSequence (326)
[2017.12.22-06.05.49:406][991]LogModuleManager: Shutting down and abandoning module MediaPlayerEditor (324)
[2017.12.22-06.05.49:406][991]LogModuleManager: Shutting down and abandoning module MediaCompositingEditor (322)
[2017.12.22-06.05.49:406][991]LogModuleManager: Shutting down and abandoning module MediaCompositing (320)
[2017.12.22-06.05.49:406][991]LogModuleManager: Shutting down and abandoning module HTML5Networking (318)
[2017.12.22-06.05.49:406][991]LogModuleManager: Shutting down and abandoning module AlembicImporter (316)
[2017.12.22-06.05.49:406][991]LogModuleManager: Shutting down and abandoning module AlembicLibrary (315)
[2017.12.22-06.05.49:406][991]LogModuleManager: Shutting down and abandoning module GeometryCache (314)
[2017.12.22-06.05.49:406][991]LogModuleManager: Shutting down and abandoning module GeometryCacheEd (313)
[2017.12.22-06.05.49:406][991]LogModuleManager: Shutting down and abandoning module SpeedTreeImporter (308)
[2017.12.22-06.05.49:406][991]LogModuleManager: Shutting down and abandoning module PluginBrowser (306)
[2017.12.22-06.05.49:406][991]LogModuleManager: Shutting down and abandoning module MobileLauncherProfileWizard (304)
[2017.12.22-06.05.49:406][991]LogModuleManager: Shutting down and abandoning module VisualStudioSourceCodeAccess (302)
[2017.12.22-06.05.49:406][991]LogModuleManager: Shutting down and abandoning module VisualStudioCodeSourceCodeAccess (300)
[2017.12.22-06.05.49:406][991]LogModuleManager: Shutting down and abandoning module UObjectPlugin (298)
[2017.12.22-06.05.49:406][991]LogModuleManager: Shutting down and abandoning module SubversionSourceControl (296)
[2017.12.22-06.05.49:406][991]LogModuleManager: Shutting down and abandoning module PerforceSourceControl (294)
[2017.12.22-06.05.49:406][991]LogModuleManager: Shutting down and abandoning module GitSourceControl (292)
[2017.12.22-06.05.49:406][991]LogModuleManager: Shutting down and abandoning module SourceControl (291)
[2017.12.22-06.05.49:407][991]LogModuleManager: Shutting down and abandoning module LightPropagationVolumeEditor (288)
[2017.12.22-06.05.49:407][991]LogModuleManager: Shutting down and abandoning module PaperTiledImporter (286)
[2017.12.22-06.05.49:407][991]LogModuleManager: Shutting down and abandoning module PaperSpriteSheetImporter (284)
[2017.12.22-06.05.49:407][991]LogModuleManager: Shutting down and abandoning module Paper2DEditor (282)
[2017.12.22-06.05.49:407][991]LogModuleManager: Shutting down and abandoning module MeshPaint (281)
[2017.12.22-06.05.49:407][991]LogModuleManager: Shutting down and abandoning module LevelEditor (279)
[2017.12.22-06.05.49:410][991]LogModuleManager: Shutting down and abandoning module PixelInspectorModule (278)
[2017.12.22-06.05.49:411][991]LogModuleManager: Shutting down and abandoning module MainFrame (276)
[2017.12.22-06.05.49:411][991]LogModuleManager: Shutting down and abandoning module HotReload (275)
[2017.12.22-06.05.49:411][991]LogDirectoryWatcher: A directory notification for 'C:/Users/강망/Desktop/새 폴더 (4)/Binaries/Win64' was aborted.
[2017.12.22-06.05.49:412][991]LogModuleManager: Shutting down and abandoning module allinone (270)
[2017.12.22-06.05.49:413][991]LogModuleManager: Shutting down and abandoning module RuntimePhysXCooking (268)
[2017.12.22-06.05.49:413][991]LogModuleManager: Shutting down and abandoning module PhysXVehiclesEditor (266)
[2017.12.22-06.05.49:413][991]LogModuleManager: Shutting down and abandoning module PhysXVehicles (264)
[2017.12.22-06.05.49:413][991]LogModuleManager: Shutting down and abandoning module OculusEditor (262)
[2017.12.22-06.05.49:413][991]LogModuleManager: Shutting down and abandoning module LocationServicesBPLibrary (260)
[2017.12.22-06.05.49:413][991]LogModuleManager: Shutting down and abandoning module ImmediatePhysicsEditor (258)
[2017.12.22-06.05.49:413][991]LogModuleManager: Shutting down and abandoning module ImmediatePhysics (256)
[2017.12.22-06.05.49:413][991]LogModuleManager: Shutting down and abandoning module UdpMessaging (254)
[2017.12.22-06.05.49:516][991]LogModuleManager: Shutting down and abandoning module TcpMessaging (252)
[2017.12.22-06.05.49:619][991]LogModuleManager: Shutting down and abandoning module GameplayTagsEditor (250)
[2017.12.22-06.05.49:619][991]LogModuleManager: Shutting down and abandoning module FacialAnimationEditor (248)
[2017.12.22-06.05.49:619][991]LogModuleManager: Shutting down and abandoning module FacialAnimation (246)
[2017.12.22-06.05.49:619][991]LogModuleManager: Shutting down and abandoning module AssetManagerEditor (244)
[2017.12.22-06.05.49:619][991]LogModuleManager: Shutting down and abandoning module GraphEditor (243)
[2017.12.22-06.05.49:620][991]LogModuleManager: Shutting down and abandoning module ContentBrowser (241)
[2017.12.22-06.05.49:640][991]LogModuleManager: Shutting down and abandoning module LightPropagationVolumeRuntime (238)
[2017.12.22-06.05.49:640][991]LogModuleManager: Shutting down and abandoning module Paper2D (236)
[2017.12.22-06.05.49:640][991]LogModuleManager: Shutting down and abandoning module WindowsMoviePlayer (234)
[2017.12.22-06.05.49:640][991]LogModuleManager: Shutting down and abandoning module WmfMedia (232)
[2017.12.22-06.05.49:643][991]LogModuleManager: Shutting down and abandoning module ImgMedia (230)
[2017.12.22-06.05.49:644][991]LogModuleManager: Shutting down and abandoning module PacketHandler (228)
[2017.12.22-06.05.49:644][991]LogModuleManager: Shutting down and abandoning module ClothingSystemEditor (226)
[2017.12.22-06.05.49:644][991]LogModuleManager: Shutting down and abandoning module ClothingSystemRuntime (224)
[2017.12.22-06.05.49:644][991]LogModuleManager: Shutting down and abandoning module MediaAssets (222)
[2017.12.22-06.05.49:644][991]LogModuleManager: Shutting down and abandoning module Media (221)
[2017.12.22-06.05.49:655][991]LogModuleManager: Shutting down and abandoning module Overlay (218)
[2017.12.22-06.05.49:655][991]LogModuleManager: Shutting down and abandoning module OverlayEditor (217)
[2017.12.22-06.05.49:655][991]LogModuleManager: Shutting down and abandoning module VREditor (214)
[2017.12.22-06.05.49:656][991]LogModuleManager: Shutting down and abandoning module StringTableEditor (212)
[2017.12.22-06.05.49:656][991]LogModuleManager: Shutting down and abandoning module GameplayTasksEditor (210)
[2017.12.22-06.05.49:656][991]LogModuleManager: Shutting down and abandoning module BehaviorTreeEditor (208)
[2017.12.22-06.05.49:656][991]LogModuleManager: Shutting down and abandoning module FunctionalTesting (206)
[2017.12.22-06.05.49:656][991]LogModuleManager: Shutting down and abandoning module CollisionAnalyzer (204)
[2017.12.22-06.05.49:656][991]LogModuleManager: Shutting down and abandoning module WorkspaceMenuStructure (203)
[2017.12.22-06.05.49:656][991]LogModuleManager: Shutting down and abandoning module UMG (200)
[2017.12.22-06.05.49:656][991]LogModuleManager: Shutting down and abandoning module UMGEditor (199)
[2017.12.22-06.05.49:656][991]LogModuleManager: Shutting down and abandoning module Sequencer (198)
[2017.12.22-06.05.49:657][991]LogModuleManager: Shutting down and abandoning module MessageLog (195)
[2017.12.22-06.05.49:658][991]LogModuleManager: Shutting down and abandoning module SlateReflector (190)
[2017.12.22-06.05.49:658][991]LogModuleManager: Shutting down and abandoning module Slate (188)
[2017.12.22-06.05.49:659][991]LogModuleManager: Shutting down and abandoning module EditorStyle (186)
[2017.12.22-06.05.49:675][991]LogModuleManager: Shutting down and abandoning module MRMesh (184)
[2017.12.22-06.05.49:675][991]LogModuleManager: Shutting down and abandoning module SourceCodeAccess (182)
[2017.12.22-06.05.49:675][991]LogModuleManager: Shutting down and abandoning module HeadMountedDisplay (180)
[2017.12.22-06.05.49:675][991]LogModuleManager: Shutting down and abandoning module XAudio2 (178)
[2017.12.22-06.05.49:675][991]LogModuleManager: Shutting down and abandoning module Networking (176)
[2017.12.22-06.05.49:675][991]LogModuleManager: Shutting down and abandoning module Core (172)
[2017.12.22-06.05.49:675][991]LogModuleManager: Shutting down and abandoning module LevelSequence (168)
[2017.12.22-06.05.49:675][991]LogModuleManager: Shutting down and abandoning module DirectoryWatcher (166)
[2017.12.22-06.05.49:698][991]LogModuleManager: Shutting down and abandoning module KismetCompiler (164)
[2017.12.22-06.05.49:699][991]LogModuleManager: Shutting down and abandoning module MeshUtilities (162)
[2017.12.22-06.05.49:699][991]LogModuleManager: Shutting down and abandoning module MeshMergeUtilities (161)
[2017.12.22-06.05.49:699][991]LogModuleManager: Shutting down and abandoning module MeshReductionInterface (160)
[2017.12.22-06.05.49:699][991]LogModuleManager: Shutting down and abandoning module SimplygonSwarm (159)
[2017.12.22-06.05.49:699][991]LogModuleManager: Shutting down and abandoning module SimplygonMeshReduction (157)
[2017.12.22-06.05.49:700][991]LogModuleManager: Shutting down and abandoning module QuadricMeshReduction (155)
[2017.12.22-06.05.49:700][991]LogModuleManager: Shutting down and abandoning module MaterialBaking (151)
[2017.12.22-06.05.49:700][991]LogModuleManager: Shutting down and abandoning module DerivedDataCache (148)
[2017.12.22-06.05.49:754][991]LogDerivedDataCache: Shutdown
[2017.12.22-06.05.49:754][991]LogModuleManager: Shutting down and abandoning module TargetPlatform (146)
[2017.12.22-06.05.49:754][991]LogModuleManager: Shutting down and abandoning module VulkanShaderFormat (145)
[2017.12.22-06.05.49:754][991]LogModuleManager: Shutting down and abandoning module ShaderFormatVectorVM (143)
[2017.12.22-06.05.49:754][991]LogModuleManager: Shutting down and abandoning module ShaderFormatOpenGL (141)
[2017.12.22-06.05.49:754][991]LogModuleManager: Shutting down and abandoning module ShaderFormatD3D (139)
[2017.12.22-06.05.49:754][991]LogModuleManager: Shutting down and abandoning module MetalShaderFormat (137)
[2017.12.22-06.05.49:754][991]LogModuleManager: Shutting down and abandoning module TextureFormatUncompressed (135)
[2017.12.22-06.05.49:754][991]LogModuleManager: Shutting down and abandoning module TextureFormatPVR (133)
[2017.12.22-06.05.49:754][991]LogModuleManager: Shutting down and abandoning module TextureFormatDXT (131)
[2017.12.22-06.05.49:754][991]LogModuleManager: Shutting down and abandoning module TextureFormatIntelISPCTexComp (129)
[2017.12.22-06.05.49:754][991]LogModuleManager: Shutting down and abandoning module TextureFormatASTC (127)
[2017.12.22-06.05.49:755][991]LogModuleManager: Shutting down and abandoning module ImageWrapper (126)
[2017.12.22-06.05.49:755][991]LogModuleManager: Shutting down and abandoning module TextureFormatAndroid (123)
[2017.12.22-06.05.49:755][991]LogModuleManager: Shutting down and abandoning module AudioFormatOpus (121)
[2017.12.22-06.05.49:755][991]LogModuleManager: Shutting down and abandoning module AudioFormatOgg (119)
[2017.12.22-06.05.49:755][991]LogModuleManager: Shutting down and abandoning module AudioFormatADPCM (117)
[2017.12.22-06.05.49:755][991]LogModuleManager: Shutting down and abandoning module LinuxTargetPlatform (115)
[2017.12.22-06.05.49:755][991]LogModuleManager: Shutting down and abandoning module LinuxServerTargetPlatform (113)
[2017.12.22-06.05.49:755][991]LogModuleManager: Shutting down and abandoning module LinuxNoEditorTargetPlatform (111)
[2017.12.22-06.05.49:755][991]LogModuleManager: Shutting down and abandoning module LinuxClientTargetPlatform (109)
[2017.12.22-06.05.49:755][991]LogModuleManager: Shutting down and abandoning module TVOSTargetPlatform (107)
[2017.12.22-06.05.49:755][991]LogModuleManager: Shutting down and abandoning module Messaging (105)
[2017.12.22-06.05.49:755][991]LogModuleManager: Shutting down and abandoning module IOSTargetPlatform (103)
[2017.12.22-06.05.49:755][991]LogModuleManager: Shutting down and abandoning module HTML5TargetPlatform (101)
[2017.12.22-06.05.49:755][991]LogModuleManager: Shutting down and abandoning module AndroidTargetPlatform (99)
[2017.12.22-06.05.49:755][991]LogModuleManager: Shutting down and abandoning module Android_PVRTCTargetPlatform (97)
[2017.12.22-06.05.49:755][991]LogModuleManager: Shutting down and abandoning module Android_MultiTargetPlatform (95)
[2017.12.22-06.05.49:755][991]LogModuleManager: Shutting down and abandoning module Android_ETC2TargetPlatform (93)
[2017.12.22-06.05.49:755][991]LogModuleManager: Shutting down and abandoning module Android_ETC1TargetPlatform (91)
[2017.12.22-06.05.49:755][991]LogModuleManager: Shutting down and abandoning module Android_DXTTargetPlatform (89)
[2017.12.22-06.05.49:755][991]LogModuleManager: Shutting down and abandoning module Android_ATCTargetPlatform (87)
[2017.12.22-06.05.49:755][991]LogModuleManager: Shutting down and abandoning module Android_ASTCTargetPlatform (85)
[2017.12.22-06.05.49:755][991]LogModuleManager: Shutting down and abandoning module WindowsTargetPlatform (83)
[2017.12.22-06.05.49:755][991]LogModuleManager: Shutting down and abandoning module WindowsServerTargetPlatform (81)
[2017.12.22-06.05.49:755][991]LogModuleManager: Shutting down and abandoning module WindowsNoEditorTargetPlatform (79)
[2017.12.22-06.05.49:755][991]LogModuleManager: Shutting down and abandoning module WindowsClientTargetPlatform (77)
[2017.12.22-06.05.49:756][991]LogModuleManager: Shutting down and abandoning module MacTargetPlatform (75)
[2017.12.22-06.05.49:756][991]LogModuleManager: Shutting down and abandoning module MacServerTargetPlatform (73)
[2017.12.22-06.05.49:756][991]LogModuleManager: Shutting down and abandoning module MacNoEditorTargetPlatform (71)
[2017.12.22-06.05.49:756][991]LogModuleManager: Shutting down and abandoning module MacClientTargetPlatform (69)
[2017.12.22-06.05.49:756][991]LogModuleManager: Shutting down and abandoning module AllDesktopTargetPlatform (67)
[2017.12.22-06.05.49:756][991]LogModuleManager: Shutting down and abandoning module InputCore (64)
[2017.12.22-06.05.49:756][991]LogModuleManager: Shutting down and abandoning module Settings (62)
[2017.12.22-06.05.49:756][991]LogModuleManager: Shutting down and abandoning module PhysXCooking (60)
[2017.12.22-06.05.49:756][991]LogModuleManager: Shutting down and abandoning module SteamVR (58)
[2017.12.22-06.05.49:756][991]LogModuleManager: Shutting down and abandoning module OculusHMD (56)
[2017.12.22-06.05.49:756][991]LogModuleManager: Shutting down and abandoning module ExampleDeviceProfileSelector (54)
[2017.12.22-06.05.49:756][991]LogModuleManager: Shutting down and abandoning module AppleARKit (52)
[2017.12.22-06.05.49:756][991]LogModuleManager: Shutting down and abandoning module AugmentedReality (51)
[2017.12.22-06.05.49:756][991]LogModuleManager: Shutting down and abandoning module OnlineBlueprintSupport (48)
[2017.12.22-06.05.49:756][991]LogModuleManager: Shutting down and abandoning module OnlineSubsystem (44)
[2017.12.22-06.05.49:756][991]LogModuleManager: Shutting down and abandoning module XMPP (43)
[2017.12.22-06.05.49:756][991]LogModuleManager: Shutting down and abandoning module HTTP (41)
[2017.12.22-06.05.49:756][991]LogHttp: Display: Http module shutting down, but needs to wait on 1 outstanding Http requests:
[2017.12.22-06.05.49:756][991]LogHttp: Display: 	verb=[POST] url=[https://datarouter.ol.epicgames.com/datarouter/api/v1/public/data?SessionID=%7B3C81BF19-41FA-0F3C-C8E4-4B95C995A18C%7D&AppID=UEEditor.Rocket.Release&AppVersion=4.18.2-3794801%2B%2B%2BUE4%2BRelease-4.18&UserID=463d32804ed0e00b32bdea8316121d1a%7Cbe7002ba347b47079d44449137132371%7C9fb0c685-e72c-4645-aa63-f3eea19a5c0c&AppEnvironment=datacollector-binary&UploadType=eteventstream] status=Processing
[2017.12.22-06.05.49:774][991]LogModuleManager: Shutting down and abandoning module SSL (40)
[2017.12.22-06.05.49:778][991]LogModuleManager: Shutting down and abandoning module AnimationModifiers (36)
[2017.12.22-06.05.49:778][991]LogModuleManager: Shutting down and abandoning module PropertyEditor (35)
[2017.12.22-06.05.49:779][991]LogModuleManager: Shutting down and abandoning module AudioEditor (32)
[2017.12.22-06.05.49:779][991]LogModuleManager: Shutting down and abandoning module TextureCompressor (30)
[2017.12.22-06.05.49:779][991]LogModuleManager: Shutting down and abandoning module ShaderCore (28)
[2017.12.22-06.05.49:779][991]LogModuleManager: Shutting down and abandoning module Landscape (26)
[2017.12.22-06.05.49:779][991]LogModuleManager: Shutting down and abandoning module SlateRHIRenderer (24)
[2017.12.22-06.05.49:801][991]LogModuleManager: Shutting down and abandoning module OpenGLDrv (22)
[2017.12.22-06.05.49:801][991]LogModuleManager: Shutting down and abandoning module D3D11RHI (20)
[2017.12.22-06.05.49:801][991]LogModuleManager: Shutting down and abandoning module AnimGraphRuntime (18)
[2017.12.22-06.05.49:801][991]LogModuleManager: Shutting down and abandoning module Renderer (16)
[2017.12.22-06.05.49:801][991]LogModuleManager: Shutting down and abandoning module Engine (14)
[2017.12.22-06.05.49:801][991]LogModuleManager: Shutting down and abandoning module CoreUObject (12)
[2017.12.22-06.05.49:801][991]LogModuleManager: Shutting down and abandoning module NetworkFile (10)
[2017.12.22-06.05.49:801][991]LogModuleManager: Shutting down and abandoning module CookedIterativeFile (8)
[2017.12.22-06.05.49:801][991]LogModuleManager: Shutting down and abandoning module StreamingFile (6)
[2017.12.22-06.05.49:801][991]LogModuleManager: Shutting down and abandoning module SandboxFile (4)
[2017.12.22-06.05.49:801][991]LogModuleManager: Shutting down and abandoning module PakFile (2)
[2017.12.22-06.05.49:815][991]LogExit: Exiting.
[2017.12.22-06.05.49:853][991]Log file closed, 12/22/17 15:05:49
