Log file open, 12/24/17 03:13:17
LogWindows: Failed to load 'aqProf.dll' (GetLastError=126)
LogWindows: File 'aqProf.dll' does not exist
LogWindows: Failed to load 'VSPerf140.dll' (GetLastError=126)
LogWindows: File 'VSPerf140.dll' does not exist
LogWindows: Failed to load 'VtuneApi.dll' (GetLastError=126)
LogWindows: File 'VtuneApi.dll' does not exist
LogWindows: Failed to load 'VtuneApi32e.dll' (GetLastError=126)
LogWindows: File 'VtuneApi32e.dll' does not exist
LogInit: Display: Running engine for game: allinone
LogPlatformFile: Not using cached read wrapper
LogInit: Display: RandInit(744888267) SRandInit(744888267).
LogInit: Read version file with build ID '3709383'
LogInit: Overriding engine version to CL 3794801, compatible CL 3709383
LogInit: Registered custom module enumerator with build ID '3709383'
LogTaskGraph: Started task graph with 5 named threads and 14 total threads with 3 sets of task threads.
LogStats: Stats thread started at 0.210997
LogD3D11RHI: Aftermath initialized
LogPluginManager: Mounting plugin Paper2D
LogPluginManager: Mounting plugin LightPropagationVolume
LogPluginManager: Mounting plugin CodeLiteSourceCodeAccess
LogPluginManager: Mounting plugin GitSourceControl
LogPluginManager: Mounting plugin KDevelopSourceCodeAccess
LogPluginManager: Mounting plugin NullSourceCodeAccess
LogPluginManager: Mounting plugin PerforceSourceControl
LogPluginManager: Mounting plugin SubversionSourceControl
LogPluginManager: Mounting plugin UObjectPlugin
LogPluginManager: Mounting plugin VisualStudioCodeSourceCodeAccess
LogPluginManager: Mounting plugin VisualStudioSourceCodeAccess
LogPluginManager: Mounting plugin XCodeSourceCodeAccess
LogPluginManager: Mounting plugin AssetManagerEditor
LogPluginManager: Mounting plugin AudioCapture
LogPluginManager: Mounting plugin FacialAnimation
LogPluginManager: Mounting plugin GameplayTagsEditor
LogPluginManager: Mounting plugin MobileLauncherProfileWizard
LogPluginManager: Mounting plugin PluginBrowser
LogPluginManager: Mounting plugin SpeedTreeImporter
LogPluginManager: Mounting plugin AlembicImporter
LogPluginManager: Mounting plugin CharacterAI
LogPluginManager: Mounting plugin HTML5Networking
LogPluginManager: Mounting plugin AndroidMedia
LogPluginManager: Mounting plugin AvfMedia
LogPluginManager: Mounting plugin ImgMedia
LogPluginManager: Mounting plugin MediaCompositing
LogPluginManager: Mounting plugin MediaPlayerEditor
LogPluginManager: Mounting plugin WmfMedia
LogPluginManager: Mounting plugin TcpMessaging
LogPluginManager: Mounting plugin UdpMessaging
LogPluginManager: Mounting plugin ActorSequence
LogPluginManager: Mounting plugin LevelSequenceEditor
LogPluginManager: Mounting plugin MatineeToLevelSequence
LogPluginManager: Mounting plugin OnlineSubsystemGooglePlay
LogPluginManager: Mounting plugin OnlineSubsystemIOS
LogPluginManager: Mounting plugin OnlineSubsystem
LogPluginManager: Mounting plugin OnlineSubsystemNull
LogPluginManager: Mounting plugin OnlineSubsystemUtils
LogPluginManager: Mounting plugin AndroidDeviceProfileSelector
LogPluginManager: Mounting plugin AndroidMoviePlayer
LogPluginManager: Mounting plugin AndroidPermission
LogPluginManager: Mounting plugin ApexDestruction
LogPluginManager: Mounting plugin AppleARKit
LogPluginManager: Mounting plugin AppleMoviePlayer
LogPluginManager: Mounting plugin ArchVisCharacter
LogPluginManager: Mounting plugin CableComponent
LogPluginManager: Mounting plugin CustomMeshComponent
LogPluginManager: Mounting plugin ExampleDeviceProfileSelector
LogPluginManager: Mounting plugin GoogleCloudMessaging
LogPluginManager: Mounting plugin ImmediatePhysics
LogPluginManager: Mounting plugin IOSDeviceProfileSelector
LogPluginManager: Mounting plugin LinuxDeviceProfileSelector
LogPluginManager: Mounting plugin LocationServicesBPLibrary
LogPluginManager: Mounting plugin MobilePatchingUtils
LogPluginManager: Mounting plugin OculusVR
LogPluginManager: Plugin shader directory ../../../Engine/Plugins/Runtime/Oculus/OculusVR/Shaders found
LogPluginManager: Mapping shader source directory ../../../Engine/Plugins/Runtime/Oculus/OculusVR/Shaders to virtual directory /Plugin/OculusVR
LogPluginManager: Mounting plugin PhysXVehicles
LogPluginManager: Mounting plugin ProceduralMeshComponent
LogPluginManager: Mounting plugin RuntimePhysXCooking
LogPluginManager: Mounting plugin SteamVR
LogPluginManager: Mounting plugin WindowsMoviePlayer
LogModuleManager: Display: Found up-to-date module file ../../../../../../새 폴더 (4)/Binaries/Win64/UE4Editor-allinone-3517.dll (API version 3709383).
LogModuleManager: Display: Found up-to-date module file ../../../Engine/Plugins/2D/Paper2D/Binaries/Win64/UE4Editor-Paper2D.dll (API version 3709383).
LogModuleManager: Display: Found up-to-date module file ../../../Engine/Plugins/2D/Paper2D/Binaries/Win64/UE4Editor-Paper2DEditor.dll (API version 3709383).
LogModuleManager: Display: Found up-to-date module file ../../../Engine/Plugins/2D/Paper2D/Binaries/Win64/UE4Editor-PaperSpriteSheetImporter.dll (API version 3709383).
LogModuleManager: Display: Found up-to-date module file ../../../Engine/Plugins/2D/Paper2D/Binaries/Win64/UE4Editor-PaperTiledImporter.dll (API version 3709383).
LogModuleManager: Display: Found up-to-date module file ../../../Engine/Plugins/2D/Paper2D/Binaries/Win64/UE4Editor-SmartSnapping.dll (API version 3709383).
LogModuleManager: Display: Found up-to-date module file ../../../Engine/Plugins/Blendables/LightPropagationVolume/Binaries/Win64/UE4Editor-LightPropagationVolumeRuntime.dll (API version 3709383).
LogModuleManager: Display: Found up-to-date module file ../../../Engine/Plugins/Blendables/LightPropagationVolume/Binaries/Win64/UE4Editor-LightPropagationVolumeEditor.dll (API version 3709383).
LogModuleManager: Display: Found up-to-date module file ../../../Engine/Plugins/Developer/GitSourceControl/Binaries/Win64/UE4Editor-GitSourceControl.dll (API version 3709383).
LogModuleManager: Display: Found up-to-date module file ../../../Engine/Plugins/Developer/PerforceSourceControl/Binaries/Win64/UE4Editor-PerforceSourceControl.dll (API version 3709383).
LogModuleManager: Display: Found up-to-date module file ../../../Engine/Plugins/Developer/SubversionSourceControl/Binaries/Win64/UE4Editor-SubversionSourceControl.dll (API version 3709383).
LogModuleManager: Display: Found up-to-date module file ../../../Engine/Plugins/Developer/UObjectPlugin/Binaries/Win64/UE4Editor-UObjectPlugin.dll (API version 3709383).
LogModuleManager: Display: Found up-to-date module file ../../../Engine/Plugins/Developer/VisualStudioCodeSourceCodeAccess/Binaries/Win64/UE4Editor-VisualStudioCodeSourceCodeAccess.dll (API version 3709383).
LogModuleManager: Display: Found up-to-date module file ../../../Engine/Plugins/Developer/VisualStudioSourceCodeAccess/Binaries/Win64/UE4Editor-VisualStudioSourceCodeAccess.dll (API version 3709383).
LogModuleManager: Display: Found up-to-date module file ../../../Engine/Plugins/Editor/AssetManagerEditor/Binaries/Win64/UE4Editor-AssetManagerEditor.dll (API version 3709383).
LogModuleManager: Display: Found up-to-date module file ../../../Engine/Plugins/Editor/AudioCapture/Binaries/Win64/UE4Editor-AudioCapture.dll (API version 3709383).
LogModuleManager: Display: Found up-to-date module file ../../../Engine/Plugins/Editor/FacialAnimation/Binaries/Win64/UE4Editor-FacialAnimation.dll (API version 3709383).
LogModuleManager: Display: Found up-to-date module file ../../../Engine/Plugins/Editor/FacialAnimation/Binaries/Win64/UE4Editor-FacialAnimationEditor.dll (API version 3709383).
LogModuleManager: Display: Found up-to-date module file ../../../Engine/Plugins/Editor/GameplayTagsEditor/Binaries/Win64/UE4Editor-GameplayTagsEditor.dll (API version 3709383).
LogModuleManager: Display: Found up-to-date module file ../../../Engine/Plugins/Editor/MobileLauncherProfileWizard/Binaries/Win64/UE4Editor-MobileLauncherProfileWizard.dll (API version 3709383).
LogModuleManager: Display: Found up-to-date module file ../../../Engine/Plugins/Editor/PluginBrowser/Binaries/Win64/UE4Editor-PluginBrowser.dll (API version 3709383).
LogModuleManager: Display: Found up-to-date module file ../../../Engine/Plugins/Editor/SpeedTreeImporter/Binaries/Win64/UE4Editor-SpeedTreeImporter.dll (API version 3709383).
LogModuleManager: Display: Found up-to-date module file ../../../Engine/Plugins/Experimental/AlembicImporter/Binaries/Win64/UE4Editor-AlembicImporter.dll (API version 3709383).
LogModuleManager: Display: Found up-to-date module file ../../../Engine/Plugins/Experimental/AlembicImporter/Binaries/Win64/UE4Editor-AlembicLibrary.dll (API version 3709383).
LogModuleManager: Display: Found up-to-date module file ../../../Engine/Plugins/Experimental/CharacterAI/Binaries/Win64/UE4Editor-CharacterAI.dll (API version 3709383).
LogModuleManager: Display: Found up-to-date module file ../../../Engine/Plugins/Experimental/HTML5Networking/Binaries/Win64/UE4Editor-HTML5Networking.dll (API version 3709383).
LogModuleManager: Display: Found up-to-date module file ../../../Engine/Plugins/Media/AndroidMedia/Binaries/Win64/UE4Editor-AndroidMediaEditor.dll (API version 3709383).
LogModuleManager: Display: Found up-to-date module file ../../../Engine/Plugins/Media/AndroidMedia/Binaries/Win64/UE4Editor-AndroidMediaFactory.dll (API version 3709383).
LogModuleManager: Display: Found up-to-date module file ../../../Engine/Plugins/Media/AvfMedia/Binaries/Win64/UE4Editor-AvfMediaEditor.dll (API version 3709383).
LogModuleManager: Display: Found up-to-date module file ../../../Engine/Plugins/Media/AvfMedia/Binaries/Win64/UE4Editor-AvfMediaFactory.dll (API version 3709383).
LogModuleManager: Display: Found up-to-date module file ../../../Engine/Plugins/Media/AvfMedia/Binaries/Win64/UE4Editor-AvfMediaFactory.dll (API version 3709383).
LogModuleManager: Display: Found up-to-date module file ../../../Engine/Plugins/Media/ImgMedia/Binaries/Win64/UE4Editor-ImgMedia.dll (API version 3709383).
LogModuleManager: Display: Found up-to-date module file ../../../Engine/Plugins/Media/ImgMedia/Binaries/Win64/UE4Editor-ImgMediaEditor.dll (API version 3709383).
LogModuleManager: Display: Found up-to-date module file ../../../Engine/Plugins/Media/ImgMedia/Binaries/Win64/UE4Editor-ImgMediaFactory.dll (API version 3709383).
LogModuleManager: Display: Found up-to-date module file ../../../Engine/Plugins/Media/ImgMedia/Binaries/Win64/UE4Editor-ImgMediaFactory.dll (API version 3709383).
LogModuleManager: Display: Found up-to-date module file ../../../Engine/Plugins/Media/ImgMedia/Binaries/Win64/UE4Editor-OpenExrWrapper.dll (API version 3709383).
LogModuleManager: Display: Found up-to-date module file ../../../Engine/Plugins/Media/MediaCompositing/Binaries/Win64/UE4Editor-MediaCompositing.dll (API version 3709383).
LogModuleManager: Display: Found up-to-date module file ../../../Engine/Plugins/Media/MediaCompositing/Binaries/Win64/UE4Editor-MediaCompositingEditor.dll (API version 3709383).
LogModuleManager: Display: Found up-to-date module file ../../../Engine/Plugins/Media/MediaPlayerEditor/Binaries/Win64/UE4Editor-MediaPlayerEditor.dll (API version 3709383).
LogModuleManager: Display: Found up-to-date module file ../../../Engine/Plugins/Media/WmfMedia/Binaries/Win64/UE4Editor-WmfMedia.dll (API version 3709383).
LogModuleManager: Display: Found up-to-date module file ../../../Engine/Plugins/Media/WmfMedia/Binaries/Win64/UE4Editor-WmfMediaEditor.dll (API version 3709383).
LogModuleManager: Display: Found up-to-date module file ../../../Engine/Plugins/Media/WmfMedia/Binaries/Win64/UE4Editor-WmfMediaFactory.dll (API version 3709383).
LogModuleManager: Display: Found up-to-date module file ../../../Engine/Plugins/Media/WmfMedia/Binaries/Win64/UE4Editor-WmfMediaFactory.dll (API version 3709383).
LogModuleManager: Display: Found up-to-date module file ../../../Engine/Plugins/Messaging/TcpMessaging/Binaries/Win64/UE4Editor-TcpMessaging.dll (API version 3709383).
LogModuleManager: Display: Found up-to-date module file ../../../Engine/Plugins/Messaging/UdpMessaging/Binaries/Win64/UE4Editor-UdpMessaging.dll (API version 3709383).
LogModuleManager: Display: Found up-to-date module file ../../../Engine/Plugins/MovieScene/ActorSequence/Binaries/Win64/UE4Editor-ActorSequence.dll (API version 3709383).
LogModuleManager: Display: Found up-to-date module file ../../../Engine/Plugins/MovieScene/LevelSequenceEditor/Binaries/Win64/UE4Editor-LevelSequenceEditor.dll (API version 3709383).
LogModuleManager: Display: Found up-to-date module file ../../../Engine/Plugins/MovieScene/MatineeToLevelSequence/Binaries/Win64/UE4Editor-MatineeToLevelSequence.dll (API version 3709383).
LogModuleManager: Display: Found up-to-date module file ../../../Engine/Plugins/Online/OnlineSubsystem/Binaries/Win64/UE4Editor-OnlineSubsystem.dll (API version 3709383).
LogModuleManager: Display: Found up-to-date module file ../../../Engine/Plugins/Online/OnlineSubsystemNull/Binaries/Win64/UE4Editor-OnlineSubsystemNull.dll (API version 3709383).
LogModuleManager: Display: Found up-to-date module file ../../../Engine/Plugins/Online/OnlineSubsystemUtils/Binaries/Win64/UE4Editor-OnlineSubsystemUtils.dll (API version 3709383).
LogModuleManager: Display: Found up-to-date module file ../../../Engine/Plugins/Online/OnlineSubsystemUtils/Binaries/Win64/UE4Editor-OnlineBlueprintSupport.dll (API version 3709383).
LogModuleManager: Display: Found up-to-date module file ../../../Engine/Plugins/Runtime/AndroidDeviceProfileSelector/Binaries/Win64/UE4Editor-AndroidDeviceProfileSelector.dll (API version 3709383).
LogModuleManager: Display: Found up-to-date module file ../../../Engine/Plugins/Runtime/AndroidPermission/Binaries/Win64/UE4Editor-AndroidPermission.dll (API version 3709383).
LogModuleManager: Display: Found up-to-date module file ../../../Engine/Plugins/Runtime/ApexDestruction/Binaries/Win64/UE4Editor-ApexDestruction.dll (API version 3709383).
LogModuleManager: Display: Found up-to-date module file ../../../Engine/Plugins/Runtime/ApexDestruction/Binaries/Win64/UE4Editor-ApexDestructionEditor.dll (API version 3709383).
LogModuleManager: Display: Found up-to-date module file ../../../Engine/Plugins/Runtime/AppleARKit/Binaries/Win64/UE4Editor-AppleARKit.dll (API version 3709383).
LogModuleManager: Display: Found up-to-date module file ../../../Engine/Plugins/Runtime/ArchVisCharacter/Binaries/Win64/UE4Editor-ArchVisCharacter.dll (API version 3709383).
LogModuleManager: Display: Found up-to-date module file ../../../Engine/Plugins/Runtime/CableComponent/Binaries/Win64/UE4Editor-CableComponent.dll (API version 3709383).
LogModuleManager: Display: Found up-to-date module file ../../../Engine/Plugins/Runtime/CustomMeshComponent/Binaries/Win64/UE4Editor-CustomMeshComponent.dll (API version 3709383).
LogModuleManager: Display: Found up-to-date module file ../../../Engine/Plugins/Runtime/ExampleDeviceProfileSelector/Binaries/Win64/UE4Editor-ExampleDeviceProfileSelector.dll (API version 3709383).
LogModuleManager: Display: Found up-to-date module file ../../../Engine/Plugins/Runtime/ImmediatePhysics/Binaries/Win64/UE4Editor-ImmediatePhysics.dll (API version 3709383).
LogModuleManager: Display: Found up-to-date module file ../../../Engine/Plugins/Runtime/ImmediatePhysics/Binaries/Win64/UE4Editor-ImmediatePhysicsEditor.dll (API version 3709383).
LogModuleManager: Display: Found up-to-date module file ../../../Engine/Plugins/Runtime/LocationServicesBPLibrary/Binaries/Win64/UE4Editor-LocationServicesBPLibrary.dll (API version 3709383).
LogModuleManager: Display: Found up-to-date module file ../../../Engine/Plugins/Runtime/MobilePatchingUtils/Binaries/Win64/UE4Editor-MobilePatchingUtils.dll (API version 3709383).
LogModuleManager: Display: Found up-to-date module file ../../../Engine/Plugins/Runtime/Oculus/OculusVR/Binaries/Win64/UE4Editor-OculusHMD.dll (API version 3709383).
LogModuleManager: Display: Found up-to-date module file ../../../Engine/Plugins/Runtime/Oculus/OculusVR/Binaries/Win64/UE4Editor-OculusInput.dll (API version 3709383).
LogModuleManager: Display: Found up-to-date module file ../../../Engine/Plugins/Runtime/Oculus/OculusVR/Binaries/Win64/UE4Editor-OculusEditor.dll (API version 3709383).
LogModuleManager: Display: Found up-to-date module file ../../../Engine/Plugins/Runtime/PhysXVehicles/Binaries/Win64/UE4Editor-PhysXVehicles.dll (API version 3709383).
LogModuleManager: Display: Found up-to-date module file ../../../Engine/Plugins/Runtime/PhysXVehicles/Binaries/Win64/UE4Editor-PhysXVehiclesEditor.dll (API version 3709383).
LogModuleManager: Display: Found up-to-date module file ../../../Engine/Plugins/Runtime/ProceduralMeshComponent/Binaries/Win64/UE4Editor-ProceduralMeshComponent.dll (API version 3709383).
LogModuleManager: Display: Found up-to-date module file ../../../Engine/Plugins/Runtime/ProceduralMeshComponent/Binaries/Win64/UE4Editor-ProceduralMeshComponentEditor.dll (API version 3709383).
LogModuleManager: Display: Found up-to-date module file ../../../Engine/Plugins/Runtime/RuntimePhysXCooking/Binaries/Win64/UE4Editor-RuntimePhysXCooking.dll (API version 3709383).
LogModuleManager: Display: Found up-to-date module file ../../../Engine/Plugins/Runtime/Steam/SteamVR/Binaries/Win64/UE4Editor-SteamVR.dll (API version 3709383).
LogModuleManager: Display: Found up-to-date module file ../../../Engine/Plugins/Runtime/Steam/SteamVR/Binaries/Win64/UE4Editor-SteamVRController.dll (API version 3709383).
LogModuleManager: Display: Found up-to-date module file ../../../Engine/Plugins/Runtime/WindowsMoviePlayer/Binaries/Win64/UE4Editor-WindowsMoviePlayer.dll (API version 3709383).
LogInit: Using libcurl 7.47.1
LogInit:  - built for x86_64-pc-win32
LogInit:  - supports SSL with OpenSSL/1.0.2g
LogInit:  - supports HTTP deflate (compression) using libz 1.2.8
LogInit:  - other features:
LogInit:      CURL_VERSION_SSL
LogInit:      CURL_VERSION_LIBZ
LogInit:      CURL_VERSION_IPV6
LogInit:      CURL_VERSION_ASYNCHDNS
LogInit:      CURL_VERSION_LARGEFILE
LogInit:      CURL_VERSION_IDN
LogInit:  CurlRequestOptions (configurable via config and command line):
LogInit:  - bVerifyPeer = false  - Libcurl will NOT verify peer certificate
LogInit:  - bUseHttpProxy = false  - Libcurl will NOT use HTTP proxy
LogInit:  - bDontReuseConnections = false  - Libcurl will reuse connections
LogInit:  - CertBundlePath = nullptr  - Libcurl will use whatever was configured at build time.
LogInit: Build: ++UE4+Release-4.18-CL-3794801
LogInit: Engine Version: 4.18.2-3794801+++UE4+Release-4.18
LogInit: Compatible Engine Version: 4.18.0-3709383+++UE4+Release-4.18
LogInit: Net CL: 3709383
LogDevObjectVersion: Number of dev versions registered: 16
LogDevObjectVersion:   Dev-Blueprints (B0D832E4-1F89-4F0D-ACCF-7EB736FD4AA2): 10
LogDevObjectVersion:   Dev-Build (E1C64328-A22C-4D53-A36C-8E866417BD8C): 0
LogDevObjectVersion:   Dev-Core (375EC13C-06E4-48FB-B500-84F0262A717E): 2
LogDevObjectVersion:   Dev-Editor (E4B068ED-F494-42E9-A231-DA0B2E46BB41): 20
LogDevObjectVersion:   Dev-Framework (CFFC743F-43B0-4480-9391-14DF171D2073): 30
LogDevObjectVersion:   Dev-Mobile (B02B49B5-BB20-44E9-A304-32B752E40360): 0
LogDevObjectVersion:   Dev-Networking (A4E4105C-59A1-49B5-A7C5-40C4547EDFEE): 0
LogDevObjectVersion:   Dev-Online (39C831C9-5AE6-47DC-9A44-9C173E1C8E7C): 0
LogDevObjectVersion:   Dev-Physics (78F01B33-EBEA-4F98-B9B4-84EACCB95AA2): 0
LogDevObjectVersion:   Dev-Platform (6631380F-2D4D-43E0-8009-CF276956A95A): 0
LogDevObjectVersion:   Dev-Rendering (12F88B9F-8875-4AFC-A67C-D90C383ABD29): 20
LogDevObjectVersion:   Dev-Sequencer (7B5AE74C-D270-4C10-A958-57980B212A5A): 4
LogDevObjectVersion:   Dev-VR (D7296918-1DD6-4BDD-9DE2-64A83CC13884): 0
LogDevObjectVersion:   Dev-LoadTimes (C2A15278-BFE7-4AFE-6C17-90FF531DF755): 1
LogDevObjectVersion:   Private-Geometry (6EACA3D4-40EC-4CC1-B786-8BED09428FC5): 1
LogDevObjectVersion:   Dev-AnimPhys (29E575DD-E0A3-4627-9D10-D276232CDCEA): 12
LogInit: Compiled (64-bit): Dec  8 2017 02:04:53
LogInit: Compiled with Visual C++: 19.00.24215.01
LogInit: Build Configuration: Development
LogInit: Branch Name: ++UE4+Release-4.18
LogInit: Command line:  
LogInit: Base directory: C:/Program Files/Epic Games/UE_4.18/Engine/Binaries/Win64/
LogInit: Installed Engine Build: 1
LogInit: Presizing for max 8388607 objects, including 0 objects not considered by GC, pre-allocating 0 bytes for permanent pool.
LogInit: Object subsystem initialized
[2017.12.23-18.13.22:767][  0]LogInit: Selected Device Profile: [Windows]
[2017.12.23-18.13.22:767][  0]LogInit: Applying CVar settings loaded from the selected device profile: [Windows]
[2017.12.23-18.13.22:799][  0]LogInit: Computer: DESKTOP-FRCQVUI
[2017.12.23-18.13.22:799][  0]LogInit: User: oner
[2017.12.23-18.13.22:799][  0]LogInit: CPU Page size=4096, Cores=4
[2017.12.23-18.13.22:799][  0]LogInit: High frequency timer resolution =2.630626 MHz
[2017.12.23-18.13.22:800][  0]LogMemory: Memory total: Physical=7.9GB (8GB approx)
[2017.12.23-18.13.22:800][  0]LogMemory: Platform Memory Stats for Windows
[2017.12.23-18.13.22:800][  0]LogMemory: Process Physical Memory: 273.78 MB used, 273.78 MB peak
[2017.12.23-18.13.22:800][  0]LogMemory: Process Virtual Memory: 271.62 MB used, 271.62 MB peak
[2017.12.23-18.13.22:800][  0]LogMemory: Physical Memory: 5514.37 MB used,  2566.38 MB free, 8080.75 MB total
[2017.12.23-18.13.22:800][  0]LogMemory: Virtual Memory: 645.81 MB used,  2566.38 MB free, 134217728.00 MB total
[2017.12.23-18.13.23:447][  0]LogInit: Using OS detected language (ko-KR).
[2017.12.23-18.13.23:447][  0]LogInit: Using OS detected locale (ko-KR).
[2017.12.23-18.13.23:455][  0]LogTextLocalizationManager: No specific localization for 'ko-KR' exists, so the 'ko' localization will be used.
[2017.12.23-18.13.23:759][  0]LogInit: Setting process to per monitor DPI aware
[2017.12.23-18.13.24:466][  0]LogD3D11RHI: D3D11 adapters:
[2017.12.23-18.13.24:552][  0]LogD3D11RHI:    0. 'NVIDIA GeForce GTX 970M' (Feature Level 11_0)
[2017.12.23-18.13.24:552][  0]LogD3D11RHI:       3040/0/4040 MB DedicatedVideo/DedicatedSystem/SharedSystem, Outputs:1, VendorId:0x10de
[2017.12.23-18.13.24:559][  0]LogD3D11RHI:    1. 'Intel(R) HD Graphics 5600' (Feature Level 11_0)
[2017.12.23-18.13.24:559][  0]LogD3D11RHI:       128/0/4040 MB DedicatedVideo/DedicatedSystem/SharedSystem, Outputs:0, VendorId:0x8086
[2017.12.23-18.13.24:561][  0]LogD3D11RHI:    2. 'Microsoft Basic Render Driver' (Feature Level 11_0)
[2017.12.23-18.13.24:561][  0]LogD3D11RHI:       0/0/4040 MB DedicatedVideo/DedicatedSystem/SharedSystem, Outputs:0, VendorId:0x1414
[2017.12.23-18.13.24:561][  0]LogD3D11RHI: Chosen D3D11 Adapter: 0
[2017.12.23-18.13.24:571][  0]LogD3D11RHI: Creating new Direct3DDevice
[2017.12.23-18.13.24:571][  0]LogD3D11RHI:     GPU DeviceId: 0x13d8 (for the marketing name, search the web for "GPU Device Id")
[2017.12.23-18.13.24:571][  0]LogWindows: EnumDisplayDevices:
[2017.12.23-18.13.24:572][  0]LogWindows:    0. 'Intel(R) HD Graphics 5600' (P:1 D:1)
[2017.12.23-18.13.24:572][  0]LogWindows:    1. 'Intel(R) HD Graphics 5600' (P:0 D:0)
[2017.12.23-18.13.24:572][  0]LogWindows:    2. 'Intel(R) HD Graphics 5600' (P:0 D:0)
[2017.12.23-18.13.24:572][  0]LogWindows: DebugString: PrimaryIsNotTheChoosenAdapter PrimaryIsNotTheChoosenAdapter PrimaryIsNotTheChoosenAdapter FoundDriverCount:0 
[2017.12.23-18.13.24:572][  0]LogD3D11RHI:     Adapter Name: NVIDIA GeForce GTX 970M
[2017.12.23-18.13.24:572][  0]LogD3D11RHI:   Driver Version: Unknown (internal:Unknown, unified:Unknown)
[2017.12.23-18.13.24:572][  0]LogD3D11RHI:      Driver Date: Unknown
[2017.12.23-18.13.24:572][  0]LogRHI: Texture pool is 2128 MB (70% of 3040 MB)
[2017.12.23-18.13.24:611][  0]LogD3D11RHI: Async texture creation enabled
[2017.12.23-18.13.24:708][  0]LogD3D11RHI: GPU Timing Frequency: 1000.000000 (Debug: 2 1)
[2017.12.23-18.13.24:709][  0]LogShaderCompilers: Guid format shader working directory is 17 characters bigger than the processId version (../../../../../../새 폴더 (4)/Intermediate/Shaders/WorkingDirectory/2168/).
[2017.12.23-18.13.24:710][  0]LogShaderCompilers: Cleaned the shader compiler working directory 'C:/Users/강망/AppData/Local/Temp/UnrealShaderWorkingDir/238C12DA46EA567D5F304BA1A1E6900F/'.
[2017.12.23-18.13.24:710][  0]LogShaderCompilers: Display: Using Local Shader Compiler.
[2017.12.23-18.13.26:334][  0]LogTemp: Display: Loaded TP AllDesktopTargetPlatform
[2017.12.23-18.13.26:482][  0]LogTemp: Display: Loaded TP MacClientTargetPlatform
[2017.12.23-18.13.26:645][  0]LogTemp: Display: Loaded TP MacNoEditorTargetPlatform
[2017.12.23-18.13.26:812][  0]LogTemp: Display: Loaded TP MacServerTargetPlatform
[2017.12.23-18.13.26:965][  0]LogTemp: Display: Loaded TP MacTargetPlatform
[2017.12.23-18.13.27:177][  0]LogTemp: Display: Loaded TP WindowsClientTargetPlatform
[2017.12.23-18.13.27:349][  0]LogTemp: Display: Loaded TP WindowsNoEditorTargetPlatform
[2017.12.23-18.13.27:518][  0]LogTemp: Display: Loaded TP WindowsServerTargetPlatform
[2017.12.23-18.13.27:720][  0]LogTemp: Display: Loaded TP WindowsTargetPlatform
[2017.12.23-18.13.27:909][  0]LogTemp: Display: Loaded TP Android_ASTCTargetPlatform
[2017.12.23-18.13.28:058][  0]LogTemp: Display: Loaded TP Android_ATCTargetPlatform
[2017.12.23-18.13.28:258][  0]LogTemp: Display: Loaded TP Android_DXTTargetPlatform
[2017.12.23-18.13.28:431][  0]LogTemp: Display: Loaded TP Android_ETC1TargetPlatform
[2017.12.23-18.13.28:583][  0]LogTemp: Display: Loaded TP Android_ETC2TargetPlatform
[2017.12.23-18.13.28:908][  0]LogTemp: Display: Loaded TP Android_MultiTargetPlatform
[2017.12.23-18.13.28:908][  0]LogTemp: Display: Loaded TP Android_PVRTCTargetPlatform
[2017.12.23-18.13.29:077][  0]LogTemp: Display: Loaded TP AndroidTargetPlatform
[2017.12.23-18.13.29:222][  0]LogTemp: Display: Loaded TP HTML5TargetPlatform
[2017.12.23-18.13.29:488][  0]LogTemp: Display: Loaded TP IOSTargetPlatform
[2017.12.23-18.13.29:549][  0]LogTemp: Display: Loaded TP TVOSTargetPlatform
[2017.12.23-18.13.29:731][  0]LogTemp: Display: Loaded TP LinuxClientTargetPlatform
[2017.12.23-18.13.29:904][  0]LogTemp: Display: Loaded TP LinuxNoEditorTargetPlatform
[2017.12.23-18.13.30:058][  0]LogTemp: Display: Loaded TP LinuxServerTargetPlatform
[2017.12.23-18.13.30:214][  0]LogTemp: Display: Loaded TP LinuxTargetPlatform
[2017.12.23-18.13.30:214][  0]LogTargetPlatformManager: Display: Building Assets For Windows
[2017.12.23-18.13.31:588][  0]LogDerivedDataCache: Display: Max Cache Size: 512 MB
[2017.12.23-18.13.31:749][  0]LogDerivedDataCache: Loaded boot cache 0.16s 78MB C:/Users/강망/AppData/Local/UnrealEngine/4.18/DerivedDataCache/Boot.ddc.
[2017.12.23-18.13.31:749][  0]LogDerivedDataCache: Display: Loaded Boot cache: C:/Users/강망/AppData/Local/UnrealEngine/4.18/DerivedDataCache/Boot.ddc
[2017.12.23-18.13.31:750][  0]LogDerivedDataCache: FDerivedDataBackendGraph:  Pak pak cache file ../../../../../../새 폴더 (4)/DerivedDataCache/DDC.ddp not found, will not use a pak cache.
[2017.12.23-18.13.31:750][  0]LogDerivedDataCache: Unable to find inner node Pak for hierarchical cache Hierarchy.
[2017.12.23-18.13.31:750][  0]LogDerivedDataCache: FDerivedDataBackendGraph:  CompressedPak pak cache file ../../../../../../새 폴더 (4)/DerivedDataCache/Compressed.ddp not found, will not use a pak cache.
[2017.12.23-18.13.31:750][  0]LogDerivedDataCache: Unable to find inner node CompressedPak for hierarchical cache Hierarchy.
[2017.12.23-18.13.31:769][  0]LogDerivedDataCache: Display: Pak cache opened for reading ../../../Engine/DerivedDataCache/Compressed.ddp.
[2017.12.23-18.13.31:782][  0]LogDerivedDataCache: Using Local data cache path C:/Users/강망/AppData/Local/UnrealEngine/Common/DerivedDataCache: Writable
[2017.12.23-18.13.31:797][  0]LogMaterial: Verifying Global Shaders for PCD3D_SM5
[2017.12.23-18.13.31:797][  0]LogSlate: Using Freetype 2.6.0
[2017.12.23-18.13.31:798][  0]LogSlate: SlateFontCache - WITH_FREETYPE: 1, WITH_HARFBUZZ: 1
[2017.12.23-18.13.31:798][  0]LogSlate: SlateFontCache - WITH_FREETYPE: 1, WITH_HARFBUZZ: 1
[2017.12.23-18.13.32:548][  0]LogInit: Selected Device Profile: [Windows]
[2017.12.23-18.13.33:475][  0]LogSimplygon: Simplygon DLL not present - disabling.
[2017.12.23-18.13.33:605][  0]LogMeshReduction: Using SimplygonSwarm for distributed automatic mesh merging
[2017.12.23-18.13.33:605][  0]LogMeshReduction: Using QuadricMeshReduction for automatic static mesh reduction
[2017.12.23-18.13.33:605][  0]LogMeshReduction: No automatic skeletal mesh reduction module available
[2017.12.23-18.13.33:605][  0]LogMeshReduction: No automatic mesh merging module available
[2017.12.23-18.13.33:605][  0]LogMeshMerging: No automatic mesh merging module available
[2017.12.23-18.13.33:663][  0]LogNetVersion: allinone , NetCL: 3709383, EngineNetVer: 2, GameNetVer: 0 (Checksum: 1047487898)
[2017.12.23-18.13.34:007][  0]LogAssetRegistry: FAssetRegistry took 0.0322 seconds to start up
[2017.12.23-18.13.35:089][  0]LogPackageLocalizationCache: Processed 7 localized package path(s) for 2 prioritized culture(s) in 0.115233 seconds
[2017.12.23-18.13.35:100][  0]LogUObjectArray: 35900 objects as part of root set at end of initial load.
[2017.12.23-18.13.35:100][  0]LogUObjectAllocator: 7372024 out of 0 bytes used by permanent object pool.
[2017.12.23-18.13.35:100][  0]LogUObjectArray: CloseDisregardForGC: 0/0 objects in disregard for GC pool
[2017.12.23-18.13.35:267][  0]LogInit: WinSock: version 1.1 (2.2), MaxSocks=32767, MaxUdp=65467
[2017.12.23-18.13.42:269][  0]LogTcpMessaging: Initializing TcpMessaging bridge
[2017.12.23-18.13.42:353][  0]LogUdpMessaging: Initializing bridge on interface 0.0.0.0:0 to multicast group 230.0.0.1:6666.
[2017.12.23-18.13.44:950][  0]LogMaterial: Uniform references updated for custom material expression Custom.
[2017.12.23-18.13.46:457][  0]SourceControl: 소스 콘트롤이 꺼졌습니다.
[2017.12.23-18.13.46:457][  0]SourceControl: 소스 콘트롤이 꺼졌습니다.
[2017.12.23-18.13.46:644][  0]SourceControl: 소스 콘트롤이 꺼졌습니다.
[2017.12.23-18.13.46:838][  0]SourceControl: 소스 콘트롤이 꺼졌습니다.
[2017.12.23-18.13.49:443][  0]LogAndroidPermission: UAndroidPermissionCallbackProxy::GetInstance
[2017.12.23-18.13.50:321][  0]LogOcInput: OculusInput pre-init called
[2017.12.23-18.13.51:097][  0]LogEngine: Initializing Engine...
[2017.12.23-18.13.51:100][  0]LogHMD: Failed to initialize OpenVR with code 110
[2017.12.23-18.13.51:499][  0]LogStats: UGameplayTagsManager::ConstructGameplayTagTree: Construct from data asset -  0.000 s
[2017.12.23-18.13.51:499][  0]LogStats: UGameplayTagsManager::ConstructGameplayTagTree: GameplayTagTreeChangedEvent.Broadcast -  0.000 s
[2017.12.23-18.13.51:932][  0]LogAIModule: Creating AISystem for world Untitled
[2017.12.23-18.13.51:943][  0]LogInit: XAudio2 using '스피커(Realtek High Definition Audio)' : 2 channels at 48 kHz using 32 bits per sample (channel mask 0x3)
[2017.12.23-18.13.51:975][  0]LogInit: FAudioDevice initialized.
[2017.12.23-18.13.52:129][  0]LogDerivedDataCache: Saved boot cache 0.15s 78MB C:/Users/강망/AppData/Local/UnrealEngine/4.18/DerivedDataCache/Boot.ddc.
[2017.12.23-18.13.52:175][  0]LogInit: Texture streaming: Enabled
[2017.12.23-18.13.52:430][  0]LogEngineSessionManager: EngineSessionManager initialized
[2017.12.23-18.13.52:881][  0]LogInit: Transaction tracking system initialized
[2017.12.23-18.13.54:078][  0]BlueprintLog: New page: 에디터 로드
[2017.12.23-18.13.57:129][  0]LocalizationService: 현지화 서비스가 비활성화되었습니다.
[2017.12.23-18.14.00:201][  0]LogConsoleResponse: Display: 
[2017.12.23-18.14.00:685][  0]LogCook: Display: Max memory allowance for cook 16384mb min free memory 0mb
[2017.12.23-18.14.00:686][  0]LogCook: Display: Mobile HDR setting 1
[2017.12.23-18.14.00:686][  0]LogGameplayTags: Display: UGameplayTagsManager::DoneAddingNativeTags. DelegateIsBound: 0
[2017.12.23-18.14.00:841][  0]LogFileCache: Scanning file cache for directory 'C:/새 폴더 (4)/Content/' took 0.09s
[2017.12.23-18.14.07:304][  0]SourceControl: 소스 콘트롤이 꺼졌습니다.
[2017.12.23-18.14.07:304][  0]Cmd: MAP LOAD FILE="../../../../../../새 폴더 (4)/Content/InfinityBladeGrassLands/Maps/ElvenRuins.umap" TEMPLATE=0 SHOWPROGRESS=1 FEATURELEVEL=3
[2017.12.23-18.14.07:313][  0]LightingResults: New page: 라이팅 빌드
[2017.12.23-18.14.07:839][  0]MapCheck: New page: 맵 체크
[2017.12.23-18.14.07:839][  0]LightingResults: New page: 라이팅 빌드
[2017.12.23-18.14.13:598][  0]LogAIModule: Creating AISystem for world ElvenRuins
[2017.12.23-18.14.13:738][  0]LogEditorServer: Finished looking for orphan Actors (0.000 secs)
[2017.12.23-18.14.13:809][  0]Cmd: MAP CHECKDEP NOCLEARLOG
[2017.12.23-18.14.14:109][  0]MapCheck: 맵 체크 완료: 오류 0 회, 경고 0 회, 소요 시간 299.837ms.
[2017.12.23-18.14.14:109][  0]LogFileHelpers: Loading map 'ElvenRuins' took 6.805
[2017.12.23-18.14.14:190][  0]LogWindowsTextInputMethodSystem: Display: IME system now activated using TSF (Microsoft 입력기).
[2017.12.23-18.14.14:352][  0]LogCollectionManager: Loaded 0 collections in 0.002373 seconds
[2017.12.23-18.14.14:546][  0]LogFileCache: Scanning file cache for directory 'C:/새 폴더 (4)/Saved/Collections/' took 0.01s
[2017.12.23-18.14.14:547][  0]LogFileCache: Scanning file cache for directory 'C:/새 폴더 (4)/Content/Developers/oner/Collections/' took 0.01s
[2017.12.23-18.14.14:547][  0]LogFileCache: Scanning file cache for directory 'C:/새 폴더 (4)/Content/Collections/' took 0.01s
[2017.12.23-18.14.14:547][  0]LogCollectionManager: Rebuilt the GUID cache for 0 collections in 0.000003 seconds
[2017.12.23-18.14.14:560][  0]LogContentBrowser: Native class hierarchy populated in 0.0128 seconds. Added 2374 classes and 526 folders.
[2017.12.23-18.14.14:790][  0]LogContentBrowser: Native class hierarchy updated for 'WidgetCarousel' in 0.0011 seconds. Added 0 classes and 0 folders.
[2017.12.23-18.14.15:278][  0]LogContentBrowser: Native class hierarchy updated for 'AddContentDialog' in 0.0011 seconds. Added 0 classes and 0 folders.
[2017.12.23-18.14.15:424][  0]LogContentBrowser: Native class hierarchy updated for 'SceneOutliner' in 0.0011 seconds. Added 1 classes and 2 folders.
[2017.12.23-18.14.16:372][  0]LogContentBrowser: Native class hierarchy updated for 'HierarchicalLODOutliner' in 0.0013 seconds. Added 1 classes and 2 folders.
[2017.12.23-18.14.16:372][  0]LogLoad: (Engine Initialization) Total time: 60.53 seconds
[2017.12.23-18.14.16:372][  0]LogLoad: (Engine Initialization) Total Blueprint compile time: 0.00 seconds
[2017.12.23-18.14.16:372][  0]LogExternalProfiler: No external profilers were discovered.  External profiling features will not be available.
[2017.12.23-18.14.16:424][  0]LogContentStreaming: Texture pool size now 600 MB
[2017.12.23-18.14.16:435][  0]LogSlate: Took 0.007681 seconds to synchronously load lazily loaded font '../../../Engine/Content/Slate/Fonts/Roboto-Regular.ttf' (155K)
[2017.12.23-18.14.16:458][  0]LogSlate: Took 0.022606 seconds to synchronously load lazily loaded font '../../../Engine/Content/Slate/Fonts/NanumGothic.ttf' (4243K)
[2017.12.23-18.14.16:465][  0]LogSlate: Took 0.006450 seconds to synchronously load lazily loaded font '../../../Engine/Content/Slate/Fonts/Roboto-Bold.ttf' (160K)
[2017.12.23-18.14.16:476][  0]LogSlate: Took 0.006890 seconds to synchronously load lazily loaded font '../../../Engine/Content/Editor/Slate/Fonts/FontAwesome.ttf' (139K)
[2017.12.23-18.14.16:755][  0]LogSlate: Took 0.008141 seconds to synchronously load lazily loaded font '../../../Engine/Content/Slate/Fonts/Roboto-Light.ttf' (159K)
[2017.12.23-18.14.16:899][  2]LogRenderer: Reallocating scene render targets to support 1000x560 Format 9 NumSamples 1 (Frame:1).
[2017.12.23-18.14.17:674][  3]LogAssetRegistry: Asset discovery search completed in 43.6908 seconds
[2017.12.23-18.14.17:683][  3]LogCollectionManager: Rebuilt the object cache for 0 collections in 0.000000 seconds (found 0 objects)
[2017.12.23-18.14.17:683][  3]LogCollectionManager: Fixed up redirectors for 0 collections in 0.000073 seconds (updated 0 objects)
[2017.12.23-18.14.23:358][157]LogSlate: Took 0.001272 seconds to synchronously load lazily loaded font '../../../Engine/Content/Slate/Fonts/Roboto-Light.ttf' (159K)
[2017.12.23-18.15.00:101][358]LogVSAccessor: Warning: Visual Studio is open but could not be queried - it may be blocked by a modal operation
[2017.12.23-18.15.03:712][367]LogVSAccessor: Warning: Visual Studio is open but could not be queried - it may be blocked by a modal operation
[2017.12.23-18.15.39:092][516]LogVSAccessor: Warning: Couldn't access Visual Studio
[2017.12.23-18.15.39:128][516]Candidate modules for hot reload:
[2017.12.23-18.15.39:128][516]  allinone
[2017.12.23-18.15.39:129][516]Launching UnrealBuildTool... [C:/Program Files/Epic Games/UE_4.18/Engine/Binaries/DotNET/UnrealBuildTool.exe allinone -ModuleWithSuffix allinone 6606 Win64 Development -editorrecompile -canskiplink "C:/새 폴더 (4)/allinone.uproject" ]
[2017.12.23-18.15.39:160][516]Warning: Starting HotReload took  0.1s.
[2017.12.23-18.18.29:681][763]CompilerResultsLog: New page: 컴파일 - 2017. 12. 24. 오후 12:18:29
[2017.12.23-18.18.29:682][763]CompilerResultsLog: Using 'git status' to determine working set for adaptive non-unity build.
[2017.12.23-18.18.29:682][763]CompilerResultsLog: Creating makefile for hot reloading allinone (game project files are newer)
[2017.12.23-18.18.29:682][763]CompilerResultsLog: Compiling game modules for hot reload
[2017.12.23-18.18.29:682][763]CompilerResultsLog: Parsing headers for allinoneEditor
[2017.12.23-18.18.29:682][763]CompilerResultsLog:    Running UnrealHeaderTool "C:\?? ???? (4) \allinone.uproject" "C:\?? ???? (4)\Intermediate\Build\Win64\allinoneEditor\Development\allinoneEditor.uhtmanifest" -LogCmds="loginit warning, logexit warning, logdatabase error" -Unattended -WarningsAsErrors -installed
[2017.12.23-18.18.29:682][763]CompilerResultsLog: Reflection code generated for allinoneEditor in 42.1234021 seconds
[2017.12.23-18.18.29:682][763]CompilerResultsLog: Performing 8 actions (4 in parallel)
[2017.12.23-18.18.29:682][763]CompilerResultsLog: allinoneCharacter.cpp
[2017.12.23-18.18.29:682][763]CompilerResultsLog: allinoneGameMode.cpp
[2017.12.23-18.18.29:682][763]CompilerResultsLog: allinone.init.gen.cpp
[2017.12.23-18.18.29:682][763]CompilerResultsLog: Error: c1xx: fatal error C1083: ?ҽ? ?????? ?? ?? ?????ϴ?. 'C:\????더 (4) \Source\allinone\allinoneCharacter.cpp': No such file or directoryc1xx: fatal error C1083: ?ҽ? ?????? ?? ?? ?????ϴ?. 'C:\????더 (4)\Intermediate\Build\Win64\UE4Editor\Inc\allinone\allinone.init.gen.cpp': No such file or directoryc1xx: fatal error C1083: ?ҽ? ?????? ?? ?? ?????ϴ?. 'C:\????더 (4)\Source\allinone\allinoneGameMode.cpp': No such file or directory
[2017.12.23-18.18.29:682][763]CompilerResultsLog: 
[2017.12.23-18.18.29:682][763]CompilerResultsLog: 
[2017.12.23-18.18.29:682][763]CompilerResultsLog: allinone.cpp
[2017.12.23-18.18.29:682][763]CompilerResultsLog: allinoneGameMode.gen.cpp
[2017.12.23-18.18.29:682][763]CompilerResultsLog: Error: c1xx: fatal error C1083: ?ҽ? ?????? ?? ?? ?????ϴ?. 'C:\????더 (4) \Source\allinone\allinone.cpp': No such file or directory
[2017.12.23-18.18.29:682][763]CompilerResultsLog: allinoneCharacter.gen.cpp
[2017.12.23-18.18.29:682][763]CompilerResultsLog: Error: c1xx: fatal error C1083: ?ҽ? ?????? ?? ?? ?????ϴ?. 'C:\????더 (4) \Intermediate\Build\Win64\UE4Editor\Inc\allinone\allinoneGameMode.gen.cpp': No such file or directory
[2017.12.23-18.18.29:682][763]CompilerResultsLog: Error: c1xx: fatal error C1083: ?ҽ? ?????? ?? ?? ?????ϴ?. 'C:\????더 (4) \Intermediate\Build\Win64\UE4Editor\Inc\allinone\allinoneCharacter.gen.cpp': No such file or directory
[2017.12.23-18.18.29:682][763]CompilerResultsLog: Error: ERROR: UBT ERROR: Failed to produce item: C:\?? ???? (4) \Binaries\Win64\UE4Editor-allinone-6606.dll
[2017.12.23-18.18.29:682][763]CompilerResultsLog: Total build time: 169.01 seconds (Local executor: 0.00 seconds)
[2017.12.23-18.18.29:682][763]LogMainFrame: MainFrame: Module compiling took 170.590 seconds
[2017.12.23-18.18.29:683][763]Warning: HotReload failed, recompile failed
[2017.12.23-18.18.43:717][822]LogSlate: Took 0.044284 seconds to synchronously load lazily loaded font '../../../Engine/Content/SlateDebug/Fonts/LastResort.ttf' (5269K)
[2017.12.23-18.19.09:001][926]LogVSAccessor: Warning: Visual Studio is open but could not be queried - it may be blocked by a modal operation
[2017.12.23-18.19.09:291][927]LogVSAccessor: Warning: Visual Studio is open but could not be queried - it may be blocked by a modal operation
[2017.12.23-18.19.09:624][928]LogVSAccessor: Warning: Visual Studio is open but could not be queried - it may be blocked by a modal operation
[2017.12.23-18.19.09:958][929]LogVSAccessor: Warning: Visual Studio is open but could not be queried - it may be blocked by a modal operation
[2017.12.23-18.19.10:291][930]LogVSAccessor: Warning: Visual Studio is open but could not be queried - it may be blocked by a modal operation
[2017.12.23-18.19.10:868][931]LogVSAccessor: Warning: Visual Studio is open but could not be queried - it may be blocked by a modal operation
[2017.12.23-18.19.11:433][932]LogVSAccessor: Warning: Visual Studio is open but could not be queried - it may be blocked by a modal operation
[2017.12.23-18.19.11:443][933]LogVSAccessor: Warning: Visual Studio is open but could not be queried - it may be blocked by a modal operation
[2017.12.23-18.19.15:851][948]LogWindowsTextInputMethodSystem: Display: IME system now activated using TSF (Microsoft 입력기).
[2017.12.23-18.19.16:195][949]Cmd: QUIT_EDITOR
[2017.12.23-18.19.16:225][949]LogExit: Preparing to exit.
[2017.12.23-18.19.16:711][949]LogDirectoryWatcher: A directory notification for 'C:/새 폴더 (4)/Content/' was aborted.
[2017.12.23-18.19.16:763][949]LogExit: Editor shut down
[2017.12.23-18.19.16:774][949]LogExit: Transaction tracking system shut down
[2017.12.23-18.19.17:082][949]LogDirectoryWatcher: A directory notification for '../../../Engine/Content/' was aborted.
[2017.12.23-18.19.17:082][949]LogDirectoryWatcher: A directory notification for '../../../../../../새 폴더 (4)/Content/' was aborted.
[2017.12.23-18.19.17:082][949]LogDirectoryWatcher: A directory notification for '../../../Engine/Plugins/2D/Paper2D/Content/' was aborted.
[2017.12.23-18.19.17:082][949]LogDirectoryWatcher: A directory notification for '../../../Engine/Plugins/Media/MediaCompositing/Content/' was aborted.
[2017.12.23-18.19.17:082][949]LogDirectoryWatcher: A directory notification for '../../../Engine/Plugins/Runtime/AppleARKit/Content/' was aborted.
[2017.12.23-18.19.17:082][949]LogDirectoryWatcher: A directory notification for '../../../Engine/Plugins/Runtime/Oculus/OculusVR/Content/' was aborted.
[2017.12.23-18.19.17:082][949]LogDirectoryWatcher: A directory notification for '../../../Engine/Plugins/Runtime/Steam/SteamVR/Content/' was aborted.
[2017.12.23-18.19.17:168][949]LogExit: Object subsystem successfully closed.
[2017.12.23-18.19.17:198][949]LogD3D11RHI: Shutdown
[2017.12.23-18.19.17:198][949]LogD3D11RHI: CleanupD3DDevice
[2017.12.23-18.19.17:201][949]LogD3D11RHI: ~FD3D11DynamicRHI
[2017.12.23-18.19.17:224][949]LogModuleManager: Shutting down and abandoning module HierarchicalLODOutliner (554)
[2017.12.23-18.19.17:224][949]LogModuleManager: Shutting down and abandoning module DesktopPlatform (552)
[2017.12.23-18.19.17:224][949]LogModuleManager: Shutting down and abandoning module SceneOutliner (550)
[2017.12.23-18.19.17:224][949]LogModuleManager: Shutting down and abandoning module AddContentDialog (548)
[2017.12.23-18.19.17:224][949]LogDirectoryWatcher: A directory notification for 'C:/Program Files/Epic Games/UE_4.18/FeaturePacks/' was aborted.
[2017.12.23-18.19.17:225][949]LogModuleManager: Shutting down and abandoning module WidgetCarousel (547)
[2017.12.23-18.19.17:226][949]LogModuleManager: Shutting down and abandoning module EditorWidgets (544)
[2017.12.23-18.19.17:226][949]LogModuleManager: Shutting down and abandoning module CollectionManager (542)
[2017.12.23-18.19.17:226][949]LogDirectoryWatcher: A directory notification for 'C:/새 폴더 (4)/Content/Collections/' was aborted.
[2017.12.23-18.19.17:226][949]LogDirectoryWatcher: A directory notification for 'C:/새 폴더 (4)/Content/Developers/oner/Collections/' was aborted.
[2017.12.23-18.19.17:226][949]LogDirectoryWatcher: A directory notification for 'C:/새 폴더 (4)/Saved/Collections/' was aborted.
[2017.12.23-18.19.17:226][949]LogModuleManager: Shutting down and abandoning module StatsViewer (540)
[2017.12.23-18.19.17:226][949]LogModuleManager: Shutting down and abandoning module FoliageEdit (538)
[2017.12.23-18.19.17:226][949]LogModuleManager: Shutting down and abandoning module LandscapeEditor (536)
[2017.12.23-18.19.17:226][949]LogModuleManager: Shutting down and abandoning module MeshPaintMode (534)
[2017.12.23-18.19.17:226][949]LogModuleManager: Shutting down and abandoning module SceneDepthPickerMode (532)
[2017.12.23-18.19.17:226][949]LogModuleManager: Shutting down and abandoning module ActorPickerMode (530)
[2017.12.23-18.19.17:227][949]LogModuleManager: Shutting down and abandoning module GeometryMode (528)
[2017.12.23-18.19.17:227][949]LogModuleManager: Shutting down and abandoning module TextureAlignMode (526)
[2017.12.23-18.19.17:227][949]LogModuleManager: Shutting down and abandoning module BspMode (524)
[2017.12.23-18.19.17:227][949]LogModuleManager: Shutting down and abandoning module PIEPreviewDeviceProfileSelector (522)
[2017.12.23-18.19.17:227][949]LogModuleManager: Shutting down and abandoning module HardwareSurvey (520)
[2017.12.23-18.19.17:227][949]LogModuleManager: Shutting down and abandoning module SequenceRecorderSections (518)
[2017.12.23-18.19.17:227][949]LogModuleManager: Shutting down and abandoning module AutomationWorker (516)
[2017.12.23-18.19.17:227][949]LogModuleManager: Shutting down and abandoning module MatineeToLevelSequence (514)
[2017.12.23-18.19.17:227][949]LogModuleManager: Shutting down and abandoning module LevelSequenceEditor (512)
[2017.12.23-18.19.17:227][949]LogModuleManager: Shutting down and abandoning module PlacementMode (511)
[2017.12.23-18.19.17:227][949]LogModuleManager: Shutting down and abandoning module WmfMediaFactory (508)
[2017.12.23-18.19.17:227][949]LogModuleManager: Shutting down and abandoning module WmfMediaEditor (506)
[2017.12.23-18.19.17:227][949]LogModuleManager: Shutting down and abandoning module OpenExrWrapper (504)
[2017.12.23-18.19.17:227][949]LogModuleManager: Shutting down and abandoning module ImgMediaFactory (502)
[2017.12.23-18.19.17:227][949]LogModuleManager: Shutting down and abandoning module ImgMediaEditor (500)
[2017.12.23-18.19.17:227][949]LogModuleManager: Shutting down and abandoning module AvfMediaFactory (498)
[2017.12.23-18.19.17:227][949]LogModuleManager: Shutting down and abandoning module AvfMediaEditor (496)
[2017.12.23-18.19.17:227][949]LogModuleManager: Shutting down and abandoning module AndroidMediaFactory (494)
[2017.12.23-18.19.17:227][949]LogModuleManager: Shutting down and abandoning module AndroidMediaEditor (492)
[2017.12.23-18.19.17:227][949]LogModuleManager: Shutting down and abandoning module CharacterAI (490)
[2017.12.23-18.19.17:227][949]LogModuleManager: Shutting down and abandoning module AudioCapture (488)
[2017.12.23-18.19.17:227][949]LogModuleManager: Shutting down and abandoning module SequenceRecorder (487)
[2017.12.23-18.19.17:227][949]LogModuleManager: Shutting down and abandoning module SmartSnapping (484)
[2017.12.23-18.19.17:227][949]LogModuleManager: Shutting down and abandoning module SessionServices (482)
[2017.12.23-18.19.17:227][949]LogModuleManager: Shutting down and abandoning module ViewportSnapping (480)
[2017.12.23-18.19.17:227][949]LogModuleManager: Shutting down and abandoning module ViewportInteraction (478)
[2017.12.23-18.19.17:227][949]LogModuleManager: Shutting down and abandoning module ClothPainter (476)
[2017.12.23-18.19.17:227][949]LogModuleManager: Shutting down and abandoning module SkeletalMeshEditor (475)
[2017.12.23-18.19.17:228][949]LogModuleManager: Shutting down and abandoning module LogVisualizer (472)
[2017.12.23-18.19.17:228][949]LogModuleManager: Shutting down and abandoning module IntroTutorials (470)
[2017.12.23-18.19.17:228][949]LogModuleManager: Shutting down and abandoning module GameProjectGeneration (469)
[2017.12.23-18.19.17:228][949]LogModuleManager: Shutting down and abandoning module IOSPlatformEditor (466)
[2017.12.23-18.19.17:228][949]LogModuleManager: Shutting down and abandoning module HTML5PlatformEditor (464)
[2017.12.23-18.19.17:228][949]LogModuleManager: Shutting down and abandoning module AndroidPlatformEditor (462)
[2017.12.23-18.19.17:228][949]LogModuleManager: Shutting down and abandoning module AndroidDeviceDetection (461)
[2017.12.23-18.19.17:527][949]LogModuleManager: Shutting down and abandoning module WindowsPlatformEditor (458)
[2017.12.23-18.19.17:527][949]LogModuleManager: Shutting down and abandoning module IOSRuntimeSettings (456)
[2017.12.23-18.19.17:527][949]LogModuleManager: Shutting down and abandoning module AndroidRuntimeSettings (454)
[2017.12.23-18.19.17:527][949]LogModuleManager: Shutting down and abandoning module InputBindingEditor (452)
[2017.12.23-18.19.17:527][949]LogModuleManager: Shutting down and abandoning module MergeActors (450)
[2017.12.23-18.19.17:527][949]LogModuleManager: Shutting down and abandoning module SizeMap (448)
[2017.12.23-18.19.17:527][949]LogModuleManager: Shutting down and abandoning module TreeMap (446)
[2017.12.23-18.19.17:527][949]LogModuleManager: Shutting down and abandoning module ReferenceViewer (444)
[2017.12.23-18.19.17:527][949]LogModuleManager: Shutting down and abandoning module LocalizationDashboard (442)
[2017.12.23-18.19.17:527][949]LogModuleManager: Shutting down and abandoning module LocalizationService (441)
[2017.12.23-18.19.17:527][949]LogModuleManager: Shutting down and abandoning module HardwareTargeting (438)
[2017.12.23-18.19.17:527][949]LogModuleManager: Shutting down and abandoning module DeviceProfileEditor (436)
[2017.12.23-18.19.17:527][949]LogModuleManager: Shutting down and abandoning module UndoHistory (434)
[2017.12.23-18.19.17:527][949]LogModuleManager: Shutting down and abandoning module XmlParser (432)
[2017.12.23-18.19.17:528][949]LogModuleManager: Shutting down and abandoning module Blutility (430)
[2017.12.23-18.19.17:528][949]LogModuleManager: Shutting down and abandoning module ProjectSettingsViewer (428)
[2017.12.23-18.19.17:528][949]LogModuleManager: Shutting down and abandoning module ProjectTargetPlatformEditor (427)
[2017.12.23-18.19.17:528][949]LogModuleManager: Shutting down and abandoning module EditorSettingsViewer (424)
[2017.12.23-18.19.17:528][949]LogModuleManager: Shutting down and abandoning module SettingsEditor (422)
[2017.12.23-18.19.17:528][949]LogModuleManager: Shutting down and abandoning module ProjectLauncher (420)
[2017.12.23-18.19.17:528][949]LogModuleManager: Shutting down and abandoning module SessionFrontend (418)
[2017.12.23-18.19.17:528][949]LogModuleManager: Shutting down and abandoning module ProfilerClient (416)
[2017.12.23-18.19.17:528][949]LogModuleManager: Shutting down and abandoning module DeviceManager (414)
[2017.12.23-18.19.17:528][949]LogModuleManager: Shutting down and abandoning module TargetDeviceServices (413)
[2017.12.23-18.19.17:580][949]LogModuleManager: Shutting down and abandoning module AutomationController (410)
[2017.12.23-18.19.17:580][949]LogModuleManager: Shutting down and abandoning module AutomationWindow (408)
[2017.12.23-18.19.17:580][949]LogModuleManager: Shutting down and abandoning module Layers (406)
[2017.12.23-18.19.17:580][949]LogModuleManager: Shutting down and abandoning module ComponentVisualizers (404)
[2017.12.23-18.19.17:580][949]LogModuleManager: Shutting down and abandoning module DetailCustomizations (402)
[2017.12.23-18.19.17:580][949]LogModuleManager: Shutting down and abandoning module PackagesDialog (400)
[2017.12.23-18.19.17:580][949]LogModuleManager: Shutting down and abandoning module Persona (398)
[2017.12.23-18.19.17:580][949]LogModuleManager: Shutting down and abandoning module AdvancedPreviewScene (397)
[2017.12.23-18.19.17:580][949]LogModuleManager: Shutting down and abandoning module AnimGraph (395)
[2017.12.23-18.19.17:580][949]LogModuleManager: Shutting down and abandoning module Kismet (392)
[2017.12.23-18.19.17:581][949]LogModuleManager: Shutting down and abandoning module ClassViewer (390)
[2017.12.23-18.19.17:581][949]LogModuleManager: Shutting down and abandoning module Toolbox (388)
[2017.12.23-18.19.17:581][949]LogModuleManager: Shutting down and abandoning module ModuleUI (386)
[2017.12.23-18.19.17:581][949]LogModuleManager: Shutting down and abandoning module MovieSceneTools (384)
[2017.12.23-18.19.17:581][949]LogModuleManager: Shutting down and abandoning module OutputLog (382)
[2017.12.23-18.19.17:581][949]LogModuleManager: Shutting down and abandoning module GammaUI (380)
[2017.12.23-18.19.17:581][949]LogModuleManager: Shutting down and abandoning module Documentation (378)
[2017.12.23-18.19.17:581][949]LogModuleManager: Shutting down and abandoning module MovieSceneTracks (376)
[2017.12.23-18.19.17:581][949]LogModuleManager: Shutting down and abandoning module MovieScene (374)
[2017.12.23-18.19.17:581][949]LogModuleManager: Shutting down and abandoning module StreamingPauseRendering (372)
[2017.12.23-18.19.17:581][949]LogModuleManager: Shutting down and abandoning module LauncherPlatform (370)
[2017.12.23-18.19.17:581][949]LogModuleManager: Shutting down and abandoning module AnalyticsET (368)
[2017.12.23-18.19.17:581][949]LogModuleManager: Shutting down and abandoning module PortalServices (366)
[2017.12.23-18.19.17:581][949]LogModuleManager: Shutting down and abandoning module PortalRpc (364)
[2017.12.23-18.19.17:581][949]LogModuleManager: Shutting down and abandoning module MessagingRpc (362)
[2017.12.23-18.19.17:581][949]LogModuleManager: Shutting down and abandoning module AIModule (360)
[2017.12.23-18.19.17:581][949]LogModuleManager: Shutting down and abandoning module GameplayDebugger (359)
[2017.12.23-18.19.17:581][949]LogModuleManager: Shutting down and abandoning module AITestSuite (357)
[2017.12.23-18.19.17:581][949]LogModuleManager: Shutting down and abandoning module ProfilerService (354)
[2017.12.23-18.19.17:599][949]LogModuleManager: Shutting down and abandoning module TaskGraph (352)
[2017.12.23-18.19.17:599][949]LogModuleManager: Shutting down and abandoning module SteamVRController (350)
[2017.12.23-18.19.17:599][949]LogModuleManager: Shutting down and abandoning module ProceduralMeshComponentEditor (348)
[2017.12.23-18.19.17:599][949]LogModuleManager: Shutting down and abandoning module ProceduralMeshComponent (346)
[2017.12.23-18.19.17:599][949]LogModuleManager: Shutting down and abandoning module OculusInput (344)
[2017.12.23-18.19.17:599][949]LogModuleManager: Shutting down and abandoning module MobilePatchingUtils (342)
[2017.12.23-18.19.17:599][949]LogModuleManager: Shutting down and abandoning module CustomMeshComponent (340)
[2017.12.23-18.19.17:599][949]LogModuleManager: Shutting down and abandoning module CableComponent (338)
[2017.12.23-18.19.17:599][949]LogModuleManager: Shutting down and abandoning module ArchVisCharacter (336)
[2017.12.23-18.19.17:599][949]LogModuleManager: Shutting down and abandoning module AndroidPermission (334)
[2017.12.23-18.19.17:599][949]LogModuleManager: Shutting down and abandoning module ActorSequence (330)
[2017.12.23-18.19.17:599][949]LogModuleManager: Shutting down and abandoning module MediaPlayerEditor (328)
[2017.12.23-18.19.17:599][949]LogModuleManager: Shutting down and abandoning module MediaCompositingEditor (326)
[2017.12.23-18.19.17:599][949]LogModuleManager: Shutting down and abandoning module MediaCompositing (324)
[2017.12.23-18.19.17:599][949]LogModuleManager: Shutting down and abandoning module HTML5Networking (322)
[2017.12.23-18.19.17:599][949]LogModuleManager: Shutting down and abandoning module AlembicImporter (320)
[2017.12.23-18.19.17:599][949]LogModuleManager: Shutting down and abandoning module AlembicLibrary (319)
[2017.12.23-18.19.17:599][949]LogModuleManager: Shutting down and abandoning module GeometryCache (318)
[2017.12.23-18.19.17:599][949]LogModuleManager: Shutting down and abandoning module GeometryCacheEd (317)
[2017.12.23-18.19.17:599][949]LogModuleManager: Shutting down and abandoning module SpeedTreeImporter (312)
[2017.12.23-18.19.17:599][949]LogModuleManager: Shutting down and abandoning module PluginBrowser (310)
[2017.12.23-18.19.17:599][949]LogModuleManager: Shutting down and abandoning module MobileLauncherProfileWizard (308)
[2017.12.23-18.19.17:599][949]LogModuleManager: Shutting down and abandoning module VisualStudioSourceCodeAccess (306)
[2017.12.23-18.19.17:599][949]LogModuleManager: Shutting down and abandoning module VisualStudioCodeSourceCodeAccess (304)
[2017.12.23-18.19.17:599][949]LogModuleManager: Shutting down and abandoning module UObjectPlugin (302)
[2017.12.23-18.19.17:599][949]LogModuleManager: Shutting down and abandoning module SubversionSourceControl (300)
[2017.12.23-18.19.17:599][949]LogModuleManager: Shutting down and abandoning module PerforceSourceControl (298)
[2017.12.23-18.19.17:599][949]LogModuleManager: Shutting down and abandoning module GitSourceControl (296)
[2017.12.23-18.19.17:599][949]LogModuleManager: Shutting down and abandoning module SourceControl (295)
[2017.12.23-18.19.17:599][949]LogModuleManager: Shutting down and abandoning module LightPropagationVolumeEditor (292)
[2017.12.23-18.19.17:599][949]LogModuleManager: Shutting down and abandoning module PaperTiledImporter (290)
[2017.12.23-18.19.17:599][949]LogModuleManager: Shutting down and abandoning module PaperSpriteSheetImporter (288)
[2017.12.23-18.19.17:599][949]LogModuleManager: Shutting down and abandoning module Paper2DEditor (286)
[2017.12.23-18.19.17:599][949]LogModuleManager: Shutting down and abandoning module MeshPaint (285)
[2017.12.23-18.19.17:599][949]LogModuleManager: Shutting down and abandoning module LevelEditor (283)
[2017.12.23-18.19.17:600][949]LogModuleManager: Shutting down and abandoning module PixelInspectorModule (282)
[2017.12.23-18.19.17:600][949]LogModuleManager: Shutting down and abandoning module MainFrame (280)
[2017.12.23-18.19.17:600][949]LogModuleManager: Shutting down and abandoning module HotReload (279)
[2017.12.23-18.19.17:601][949]LogDirectoryWatcher: A directory notification for 'C:/새 폴더 (4)/Binaries/Win64' was aborted.
[2017.12.23-18.19.17:601][949]LogModuleManager: Shutting down and abandoning module allinone (274)
[2017.12.23-18.19.17:601][949]LogModuleManager: Shutting down and abandoning module RuntimePhysXCooking (272)
[2017.12.23-18.19.17:601][949]LogModuleManager: Shutting down and abandoning module PhysXVehiclesEditor (270)
[2017.12.23-18.19.17:601][949]LogModuleManager: Shutting down and abandoning module PhysXVehicles (268)
[2017.12.23-18.19.17:601][949]LogModuleManager: Shutting down and abandoning module OculusEditor (266)
[2017.12.23-18.19.17:601][949]LogModuleManager: Shutting down and abandoning module LocationServicesBPLibrary (264)
[2017.12.23-18.19.17:601][949]LogModuleManager: Shutting down and abandoning module ImmediatePhysicsEditor (262)
[2017.12.23-18.19.17:601][949]LogModuleManager: Shutting down and abandoning module ImmediatePhysics (260)
[2017.12.23-18.19.17:601][949]LogModuleManager: Shutting down and abandoning module ApexDestructionEditor (258)
[2017.12.23-18.19.17:601][949]LogModuleManager: Shutting down and abandoning module ApexDestruction (256)
[2017.12.23-18.19.17:601][949]LogModuleManager: Shutting down and abandoning module UdpMessaging (254)
[2017.12.23-18.19.17:702][949]LogModuleManager: Shutting down and abandoning module TcpMessaging (252)
[2017.12.23-18.19.17:803][949]LogModuleManager: Shutting down and abandoning module GameplayTagsEditor (250)
[2017.12.23-18.19.17:803][949]LogModuleManager: Shutting down and abandoning module FacialAnimationEditor (248)
[2017.12.23-18.19.17:803][949]LogModuleManager: Shutting down and abandoning module FacialAnimation (246)
[2017.12.23-18.19.17:803][949]LogModuleManager: Shutting down and abandoning module AssetManagerEditor (244)
[2017.12.23-18.19.17:803][949]LogModuleManager: Shutting down and abandoning module GraphEditor (243)
[2017.12.23-18.19.17:803][949]LogModuleManager: Shutting down and abandoning module ContentBrowser (241)
[2017.12.23-18.19.17:804][949]LogModuleManager: Shutting down and abandoning module LightPropagationVolumeRuntime (238)
[2017.12.23-18.19.17:804][949]LogModuleManager: Shutting down and abandoning module Paper2D (236)
[2017.12.23-18.19.17:804][949]LogModuleManager: Shutting down and abandoning module WindowsMoviePlayer (234)
[2017.12.23-18.19.17:804][949]LogModuleManager: Shutting down and abandoning module WmfMedia (232)
[2017.12.23-18.19.17:804][949]LogModuleManager: Shutting down and abandoning module ImgMedia (230)
[2017.12.23-18.19.17:804][949]LogModuleManager: Shutting down and abandoning module PacketHandler (228)
[2017.12.23-18.19.17:804][949]LogModuleManager: Shutting down and abandoning module ClothingSystemEditor (226)
[2017.12.23-18.19.17:804][949]LogModuleManager: Shutting down and abandoning module ClothingSystemRuntime (224)
[2017.12.23-18.19.17:804][949]LogModuleManager: Shutting down and abandoning module MediaAssets (222)
[2017.12.23-18.19.17:804][949]LogModuleManager: Shutting down and abandoning module Media (221)
[2017.12.23-18.19.17:810][949]LogModuleManager: Shutting down and abandoning module Overlay (218)
[2017.12.23-18.19.17:811][949]LogModuleManager: Shutting down and abandoning module OverlayEditor (217)
[2017.12.23-18.19.17:811][949]LogModuleManager: Shutting down and abandoning module VREditor (214)
[2017.12.23-18.19.17:811][949]LogModuleManager: Shutting down and abandoning module StringTableEditor (212)
[2017.12.23-18.19.17:811][949]LogModuleManager: Shutting down and abandoning module GameplayTasksEditor (210)
[2017.12.23-18.19.17:811][949]LogModuleManager: Shutting down and abandoning module BehaviorTreeEditor (208)
[2017.12.23-18.19.17:811][949]LogModuleManager: Shutting down and abandoning module FunctionalTesting (206)
[2017.12.23-18.19.17:811][949]LogModuleManager: Shutting down and abandoning module CollisionAnalyzer (204)
[2017.12.23-18.19.17:811][949]LogModuleManager: Shutting down and abandoning module WorkspaceMenuStructure (203)
[2017.12.23-18.19.17:811][949]LogModuleManager: Shutting down and abandoning module UMG (200)
[2017.12.23-18.19.17:811][949]LogModuleManager: Shutting down and abandoning module UMGEditor (199)
[2017.12.23-18.19.17:811][949]LogModuleManager: Shutting down and abandoning module Sequencer (198)
[2017.12.23-18.19.17:811][949]LogModuleManager: Shutting down and abandoning module MessageLog (195)
[2017.12.23-18.19.17:811][949]LogModuleManager: Shutting down and abandoning module SlateReflector (190)
[2017.12.23-18.19.17:811][949]LogModuleManager: Shutting down and abandoning module Slate (188)
[2017.12.23-18.19.17:811][949]LogModuleManager: Shutting down and abandoning module EditorStyle (186)
[2017.12.23-18.19.17:814][949]LogModuleManager: Shutting down and abandoning module MRMesh (184)
[2017.12.23-18.19.17:814][949]LogModuleManager: Shutting down and abandoning module SourceCodeAccess (182)
[2017.12.23-18.19.17:814][949]LogModuleManager: Shutting down and abandoning module HeadMountedDisplay (180)
[2017.12.23-18.19.17:814][949]LogModuleManager: Shutting down and abandoning module XAudio2 (178)
[2017.12.23-18.19.17:814][949]LogModuleManager: Shutting down and abandoning module Networking (176)
[2017.12.23-18.19.17:814][949]LogModuleManager: Shutting down and abandoning module Core (172)
[2017.12.23-18.19.17:814][949]LogModuleManager: Shutting down and abandoning module LevelSequence (168)
[2017.12.23-18.19.17:814][949]LogModuleManager: Shutting down and abandoning module DirectoryWatcher (166)
[2017.12.23-18.19.17:815][949]LogModuleManager: Shutting down and abandoning module KismetCompiler (164)
[2017.12.23-18.19.17:815][949]LogModuleManager: Shutting down and abandoning module MeshUtilities (162)
[2017.12.23-18.19.17:815][949]LogModuleManager: Shutting down and abandoning module MeshMergeUtilities (161)
[2017.12.23-18.19.17:815][949]LogModuleManager: Shutting down and abandoning module MeshReductionInterface (160)
[2017.12.23-18.19.17:815][949]LogModuleManager: Shutting down and abandoning module SimplygonSwarm (159)
[2017.12.23-18.19.17:815][949]LogModuleManager: Shutting down and abandoning module SimplygonMeshReduction (157)
[2017.12.23-18.19.17:815][949]LogModuleManager: Shutting down and abandoning module QuadricMeshReduction (155)
[2017.12.23-18.19.17:815][949]LogModuleManager: Shutting down and abandoning module MaterialBaking (151)
[2017.12.23-18.19.17:815][949]LogModuleManager: Shutting down and abandoning module DerivedDataCache (148)
[2017.12.23-18.19.17:857][949]LogDerivedDataCache: Shutdown
[2017.12.23-18.19.17:857][949]LogModuleManager: Shutting down and abandoning module TargetPlatform (146)
[2017.12.23-18.19.17:857][949]LogModuleManager: Shutting down and abandoning module VulkanShaderFormat (145)
[2017.12.23-18.19.17:857][949]LogModuleManager: Shutting down and abandoning module ShaderFormatVectorVM (143)
[2017.12.23-18.19.17:857][949]LogModuleManager: Shutting down and abandoning module ShaderFormatOpenGL (141)
[2017.12.23-18.19.17:857][949]LogModuleManager: Shutting down and abandoning module ShaderFormatD3D (139)
[2017.12.23-18.19.17:857][949]LogModuleManager: Shutting down and abandoning module MetalShaderFormat (137)
[2017.12.23-18.19.17:857][949]LogModuleManager: Shutting down and abandoning module TextureFormatUncompressed (135)
[2017.12.23-18.19.17:857][949]LogModuleManager: Shutting down and abandoning module TextureFormatPVR (133)
[2017.12.23-18.19.17:857][949]LogModuleManager: Shutting down and abandoning module TextureFormatDXT (131)
[2017.12.23-18.19.17:857][949]LogModuleManager: Shutting down and abandoning module TextureFormatIntelISPCTexComp (129)
[2017.12.23-18.19.17:857][949]LogModuleManager: Shutting down and abandoning module TextureFormatASTC (127)
[2017.12.23-18.19.17:857][949]LogModuleManager: Shutting down and abandoning module ImageWrapper (126)
[2017.12.23-18.19.17:857][949]LogModuleManager: Shutting down and abandoning module TextureFormatAndroid (123)
[2017.12.23-18.19.17:857][949]LogModuleManager: Shutting down and abandoning module AudioFormatOpus (121)
[2017.12.23-18.19.17:857][949]LogModuleManager: Shutting down and abandoning module AudioFormatOgg (119)
[2017.12.23-18.19.17:858][949]LogModuleManager: Shutting down and abandoning module AudioFormatADPCM (117)
[2017.12.23-18.19.17:858][949]LogModuleManager: Shutting down and abandoning module LinuxTargetPlatform (115)
[2017.12.23-18.19.17:858][949]LogModuleManager: Shutting down and abandoning module LinuxServerTargetPlatform (113)
[2017.12.23-18.19.17:858][949]LogModuleManager: Shutting down and abandoning module LinuxNoEditorTargetPlatform (111)
[2017.12.23-18.19.17:858][949]LogModuleManager: Shutting down and abandoning module LinuxClientTargetPlatform (109)
[2017.12.23-18.19.17:858][949]LogModuleManager: Shutting down and abandoning module TVOSTargetPlatform (107)
[2017.12.23-18.19.17:858][949]LogModuleManager: Shutting down and abandoning module Messaging (105)
[2017.12.23-18.19.17:858][949]LogModuleManager: Shutting down and abandoning module IOSTargetPlatform (103)
[2017.12.23-18.19.17:858][949]LogModuleManager: Shutting down and abandoning module HTML5TargetPlatform (101)
[2017.12.23-18.19.17:858][949]LogModuleManager: Shutting down and abandoning module AndroidTargetPlatform (99)
[2017.12.23-18.19.17:858][949]LogModuleManager: Shutting down and abandoning module Android_PVRTCTargetPlatform (97)
[2017.12.23-18.19.17:858][949]LogModuleManager: Shutting down and abandoning module Android_MultiTargetPlatform (95)
[2017.12.23-18.19.17:858][949]LogModuleManager: Shutting down and abandoning module Android_ETC2TargetPlatform (93)
[2017.12.23-18.19.17:858][949]LogModuleManager: Shutting down and abandoning module Android_ETC1TargetPlatform (91)
[2017.12.23-18.19.17:858][949]LogModuleManager: Shutting down and abandoning module Android_DXTTargetPlatform (89)
[2017.12.23-18.19.17:858][949]LogModuleManager: Shutting down and abandoning module Android_ATCTargetPlatform (87)
[2017.12.23-18.19.17:858][949]LogModuleManager: Shutting down and abandoning module Android_ASTCTargetPlatform (85)
[2017.12.23-18.19.17:858][949]LogModuleManager: Shutting down and abandoning module WindowsTargetPlatform (83)
[2017.12.23-18.19.17:858][949]LogModuleManager: Shutting down and abandoning module WindowsServerTargetPlatform (81)
[2017.12.23-18.19.17:858][949]LogModuleManager: Shutting down and abandoning module WindowsNoEditorTargetPlatform (79)
[2017.12.23-18.19.17:858][949]LogModuleManager: Shutting down and abandoning module WindowsClientTargetPlatform (77)
[2017.12.23-18.19.17:858][949]LogModuleManager: Shutting down and abandoning module MacTargetPlatform (75)
[2017.12.23-18.19.17:858][949]LogModuleManager: Shutting down and abandoning module MacServerTargetPlatform (73)
[2017.12.23-18.19.17:858][949]LogModuleManager: Shutting down and abandoning module MacNoEditorTargetPlatform (71)
[2017.12.23-18.19.17:858][949]LogModuleManager: Shutting down and abandoning module MacClientTargetPlatform (69)
[2017.12.23-18.19.17:858][949]LogModuleManager: Shutting down and abandoning module AllDesktopTargetPlatform (67)
[2017.12.23-18.19.17:858][949]LogModuleManager: Shutting down and abandoning module InputCore (64)
[2017.12.23-18.19.17:858][949]LogModuleManager: Shutting down and abandoning module Settings (62)
[2017.12.23-18.19.17:858][949]LogModuleManager: Shutting down and abandoning module PhysXCooking (60)
[2017.12.23-18.19.17:858][949]LogModuleManager: Shutting down and abandoning module SteamVR (58)
[2017.12.23-18.19.17:858][949]LogModuleManager: Shutting down and abandoning module OculusHMD (56)
[2017.12.23-18.19.17:858][949]LogModuleManager: Shutting down and abandoning module ExampleDeviceProfileSelector (54)
[2017.12.23-18.19.17:858][949]LogModuleManager: Shutting down and abandoning module AppleARKit (52)
[2017.12.23-18.19.17:858][949]LogModuleManager: Shutting down and abandoning module AugmentedReality (51)
[2017.12.23-18.19.17:858][949]LogModuleManager: Shutting down and abandoning module OnlineBlueprintSupport (48)
[2017.12.23-18.19.17:858][949]LogModuleManager: Shutting down and abandoning module OnlineSubsystem (44)
[2017.12.23-18.19.17:858][949]LogModuleManager: Shutting down and abandoning module XMPP (43)
[2017.12.23-18.19.17:858][949]LogModuleManager: Shutting down and abandoning module HTTP (41)
[2017.12.23-18.19.17:858][949]LogHttp: Display: Http module shutting down, but needs to wait on 1 outstanding Http requests:
[2017.12.23-18.19.17:858][949]LogHttp: Display: 	verb=[POST] url=[https://datarouter.ol.epicgames.com/datarouter/api/v1/public/data?SessionID=%7B6ED49C8F-4D1C-6994-1C65-B3AF6A54F85E%7D&AppID=UEEditor.Rocket.Release&AppVersion=4.18.2-3794801%2B%2B%2BUE4%2BRelease-4.18&UserID=463d32804ed0e00b32bdea8316121d1a%7Cbe7002ba347b47079d44449137132371%7C9fb0c685-e72c-4645-aa63-f3eea19a5c0c&AppEnvironment=datacollector-binary&UploadType=eteventstream] status=Processing
[2017.12.23-18.19.17:863][949]LogModuleManager: Shutting down and abandoning module SSL (40)
[2017.12.23-18.19.17:864][949]LogModuleManager: Shutting down and abandoning module AnimationModifiers (36)
[2017.12.23-18.19.17:864][949]LogModuleManager: Shutting down and abandoning module PropertyEditor (35)
[2017.12.23-18.19.17:864][949]LogModuleManager: Shutting down and abandoning module AudioEditor (32)
[2017.12.23-18.19.17:864][949]LogModuleManager: Shutting down and abandoning module TextureCompressor (30)
[2017.12.23-18.19.17:864][949]LogModuleManager: Shutting down and abandoning module ShaderCore (28)
[2017.12.23-18.19.17:864][949]LogModuleManager: Shutting down and abandoning module Landscape (26)
[2017.12.23-18.19.17:864][949]LogModuleManager: Shutting down and abandoning module SlateRHIRenderer (24)
[2017.12.23-18.19.17:868][949]LogModuleManager: Shutting down and abandoning module OpenGLDrv (22)
[2017.12.23-18.19.17:869][949]LogModuleManager: Shutting down and abandoning module D3D11RHI (20)
[2017.12.23-18.19.17:869][949]LogModuleManager: Shutting down and abandoning module AnimGraphRuntime (18)
[2017.12.23-18.19.17:869][949]LogModuleManager: Shutting down and abandoning module Renderer (16)
[2017.12.23-18.19.17:869][949]LogModuleManager: Shutting down and abandoning module Engine (14)
[2017.12.23-18.19.17:869][949]LogModuleManager: Shutting down and abandoning module CoreUObject (12)
[2017.12.23-18.19.17:869][949]LogModuleManager: Shutting down and abandoning module NetworkFile (10)
[2017.12.23-18.19.17:869][949]LogModuleManager: Shutting down and abandoning module CookedIterativeFile (8)
[2017.12.23-18.19.17:869][949]LogModuleManager: Shutting down and abandoning module StreamingFile (6)
[2017.12.23-18.19.17:869][949]LogModuleManager: Shutting down and abandoning module SandboxFile (4)
[2017.12.23-18.19.17:869][949]LogModuleManager: Shutting down and abandoning module PakFile (2)
[2017.12.23-18.19.17:872][949]LogExit: Exiting.
[2017.12.23-18.19.17:893][949]Log file closed, 12/24/17 03:19:17
