Log file open, 01/06/18 15:01:48
LogWindows: Failed to load 'aqProf.dll' (GetLastError=126)
LogWindows: File 'aqProf.dll' does not exist
LogWindows: Failed to load 'VSPerf140.dll' (GetLastError=126)
LogWindows: File 'VSPerf140.dll' does not exist
LogWindows: Failed to load 'VtuneApi.dll' (GetLastError=126)
LogWindows: File 'VtuneApi.dll' does not exist
LogWindows: Failed to load 'VtuneApi32e.dll' (GetLastError=126)
LogWindows: File 'VtuneApi32e.dll' does not exist
LogInit: Display: Running engine for game: main
LogPlatformFile: Not using cached read wrapper
LogInit: Display: RandInit(1774794560) SRandInit(1774794560).
LogInit: Read version file with build ID '3709383'
LogInit: Overriding engine version to CL 3794801, compatible CL 3709383
LogInit: Registered custom module enumerator with build ID '3709383'
LogTaskGraph: Started task graph with 5 named threads and 14 total threads with 3 sets of task threads.
LogStats: Stats thread started at 0.248022
LogD3D11RHI: Aftermath initialized
LogPluginManager: Mounting plugin Paper2D
LogPluginManager: Mounting plugin LightPropagationVolume
LogPluginManager: Mounting plugin CodeLiteSourceCodeAccess
LogPluginManager: Mounting plugin GitSourceControl
LogPluginManager: Mounting plugin KDevelopSourceCodeAccess
LogPluginManager: Mounting plugin NullSourceCodeAccess
LogPluginManager: Mounting plugin PerforceSourceControl
LogPluginManager: Mounting plugin SubversionSourceControl
LogPluginManager: Mounting plugin UObjectPlugin
LogPluginManager: Mounting plugin VisualStudioCodeSourceCodeAccess
LogPluginManager: Mounting plugin VisualStudioSourceCodeAccess
LogPluginManager: Mounting plugin XCodeSourceCodeAccess
LogPluginManager: Mounting plugin AssetManagerEditor
LogPluginManager: Mounting plugin AudioCapture
LogPluginManager: Mounting plugin FacialAnimation
LogPluginManager: Mounting plugin GameplayTagsEditor
LogPluginManager: Mounting plugin MobileLauncherProfileWizard
LogPluginManager: Mounting plugin PluginBrowser
LogPluginManager: Mounting plugin SpeedTreeImporter
LogPluginManager: Mounting plugin AlembicImporter
LogPluginManager: Mounting plugin CharacterAI
LogPluginManager: Mounting plugin HTML5Networking
LogPluginManager: Mounting plugin AndroidMedia
LogPluginManager: Mounting plugin AvfMedia
LogPluginManager: Mounting plugin ImgMedia
LogPluginManager: Mounting plugin MediaCompositing
LogPluginManager: Mounting plugin MediaPlayerEditor
LogPluginManager: Mounting plugin WmfMedia
LogPluginManager: Mounting plugin TcpMessaging
LogPluginManager: Mounting plugin UdpMessaging
LogPluginManager: Mounting plugin ActorSequence
LogPluginManager: Mounting plugin LevelSequenceEditor
LogPluginManager: Mounting plugin MatineeToLevelSequence
LogPluginManager: Mounting plugin OnlineSubsystemGooglePlay
LogPluginManager: Mounting plugin OnlineSubsystemIOS
LogPluginManager: Mounting plugin OnlineSubsystem
LogPluginManager: Mounting plugin OnlineSubsystemNull
LogPluginManager: Mounting plugin OnlineSubsystemUtils
LogPluginManager: Mounting plugin AndroidDeviceProfileSelector
LogPluginManager: Mounting plugin AndroidMoviePlayer
LogPluginManager: Mounting plugin AndroidPermission
LogPluginManager: Mounting plugin AppleARKit
LogPluginManager: Mounting plugin AppleMoviePlayer
LogPluginManager: Mounting plugin ArchVisCharacter
LogPluginManager: Mounting plugin CableComponent
LogPluginManager: Mounting plugin CustomMeshComponent
LogPluginManager: Mounting plugin ExampleDeviceProfileSelector
LogPluginManager: Mounting plugin GoogleCloudMessaging
LogPluginManager: Mounting plugin ImmediatePhysics
LogPluginManager: Mounting plugin IOSDeviceProfileSelector
LogPluginManager: Mounting plugin LinuxDeviceProfileSelector
LogPluginManager: Mounting plugin LocationServicesBPLibrary
LogPluginManager: Mounting plugin MobilePatchingUtils
LogPluginManager: Mounting plugin OculusVR
LogPluginManager: Plugin shader directory ../../../Engine/Plugins/Runtime/Oculus/OculusVR/Shaders found
LogPluginManager: Mapping shader source directory ../../../Engine/Plugins/Runtime/Oculus/OculusVR/Shaders to virtual directory /Plugin/OculusVR
LogPluginManager: Mounting plugin PhysXVehicles
LogPluginManager: Mounting plugin ProceduralMeshComponent
LogPluginManager: Mounting plugin RuntimePhysXCooking
LogPluginManager: Mounting plugin SteamVR
LogPluginManager: Mounting plugin WindowsMoviePlayer
LogModuleManager: Display: Found up-to-date module file D:/PLZ/main/Binaries/Win64/UE4Editor-main.dll (API version 3709383).
LogModuleManager: Display: Found up-to-date module file ../../../Engine/Plugins/2D/Paper2D/Binaries/Win64/UE4Editor-Paper2D.dll (API version 3709383).
LogModuleManager: Display: Found up-to-date module file ../../../Engine/Plugins/2D/Paper2D/Binaries/Win64/UE4Editor-Paper2DEditor.dll (API version 3709383).
LogModuleManager: Display: Found up-to-date module file ../../../Engine/Plugins/2D/Paper2D/Binaries/Win64/UE4Editor-PaperSpriteSheetImporter.dll (API version 3709383).
LogModuleManager: Display: Found up-to-date module file ../../../Engine/Plugins/2D/Paper2D/Binaries/Win64/UE4Editor-PaperTiledImporter.dll (API version 3709383).
LogModuleManager: Display: Found up-to-date module file ../../../Engine/Plugins/2D/Paper2D/Binaries/Win64/UE4Editor-SmartSnapping.dll (API version 3709383).
LogModuleManager: Display: Found up-to-date module file ../../../Engine/Plugins/Blendables/LightPropagationVolume/Binaries/Win64/UE4Editor-LightPropagationVolumeRuntime.dll (API version 3709383).
LogModuleManager: Display: Found up-to-date module file ../../../Engine/Plugins/Blendables/LightPropagationVolume/Binaries/Win64/UE4Editor-LightPropagationVolumeEditor.dll (API version 3709383).
LogModuleManager: Display: Found up-to-date module file ../../../Engine/Plugins/Developer/GitSourceControl/Binaries/Win64/UE4Editor-GitSourceControl.dll (API version 3709383).
LogModuleManager: Display: Found up-to-date module file ../../../Engine/Plugins/Developer/PerforceSourceControl/Binaries/Win64/UE4Editor-PerforceSourceControl.dll (API version 3709383).
LogModuleManager: Display: Found up-to-date module file ../../../Engine/Plugins/Developer/SubversionSourceControl/Binaries/Win64/UE4Editor-SubversionSourceControl.dll (API version 3709383).
LogModuleManager: Display: Found up-to-date module file ../../../Engine/Plugins/Developer/UObjectPlugin/Binaries/Win64/UE4Editor-UObjectPlugin.dll (API version 3709383).
LogModuleManager: Display: Found up-to-date module file ../../../Engine/Plugins/Developer/VisualStudioCodeSourceCodeAccess/Binaries/Win64/UE4Editor-VisualStudioCodeSourceCodeAccess.dll (API version 3709383).
LogModuleManager: Display: Found up-to-date module file ../../../Engine/Plugins/Developer/VisualStudioSourceCodeAccess/Binaries/Win64/UE4Editor-VisualStudioSourceCodeAccess.dll (API version 3709383).
LogModuleManager: Display: Found up-to-date module file ../../../Engine/Plugins/Editor/AssetManagerEditor/Binaries/Win64/UE4Editor-AssetManagerEditor.dll (API version 3709383).
LogModuleManager: Display: Found up-to-date module file ../../../Engine/Plugins/Editor/AudioCapture/Binaries/Win64/UE4Editor-AudioCapture.dll (API version 3709383).
LogModuleManager: Display: Found up-to-date module file ../../../Engine/Plugins/Editor/FacialAnimation/Binaries/Win64/UE4Editor-FacialAnimation.dll (API version 3709383).
LogModuleManager: Display: Found up-to-date module file ../../../Engine/Plugins/Editor/FacialAnimation/Binaries/Win64/UE4Editor-FacialAnimationEditor.dll (API version 3709383).
LogModuleManager: Display: Found up-to-date module file ../../../Engine/Plugins/Editor/GameplayTagsEditor/Binaries/Win64/UE4Editor-GameplayTagsEditor.dll (API version 3709383).
LogModuleManager: Display: Found up-to-date module file ../../../Engine/Plugins/Editor/MobileLauncherProfileWizard/Binaries/Win64/UE4Editor-MobileLauncherProfileWizard.dll (API version 3709383).
LogModuleManager: Display: Found up-to-date module file ../../../Engine/Plugins/Editor/PluginBrowser/Binaries/Win64/UE4Editor-PluginBrowser.dll (API version 3709383).
LogModuleManager: Display: Found up-to-date module file ../../../Engine/Plugins/Editor/SpeedTreeImporter/Binaries/Win64/UE4Editor-SpeedTreeImporter.dll (API version 3709383).
LogModuleManager: Display: Found up-to-date module file ../../../Engine/Plugins/Experimental/AlembicImporter/Binaries/Win64/UE4Editor-AlembicImporter.dll (API version 3709383).
LogModuleManager: Display: Found up-to-date module file ../../../Engine/Plugins/Experimental/AlembicImporter/Binaries/Win64/UE4Editor-AlembicLibrary.dll (API version 3709383).
LogModuleManager: Display: Found up-to-date module file ../../../Engine/Plugins/Experimental/CharacterAI/Binaries/Win64/UE4Editor-CharacterAI.dll (API version 3709383).
LogModuleManager: Display: Found up-to-date module file ../../../Engine/Plugins/Experimental/HTML5Networking/Binaries/Win64/UE4Editor-HTML5Networking.dll (API version 3709383).
LogModuleManager: Display: Found up-to-date module file ../../../Engine/Plugins/Media/AndroidMedia/Binaries/Win64/UE4Editor-AndroidMediaEditor.dll (API version 3709383).
LogModuleManager: Display: Found up-to-date module file ../../../Engine/Plugins/Media/AndroidMedia/Binaries/Win64/UE4Editor-AndroidMediaFactory.dll (API version 3709383).
LogModuleManager: Display: Found up-to-date module file ../../../Engine/Plugins/Media/AvfMedia/Binaries/Win64/UE4Editor-AvfMediaEditor.dll (API version 3709383).
LogModuleManager: Display: Found up-to-date module file ../../../Engine/Plugins/Media/AvfMedia/Binaries/Win64/UE4Editor-AvfMediaFactory.dll (API version 3709383).
LogModuleManager: Display: Found up-to-date module file ../../../Engine/Plugins/Media/AvfMedia/Binaries/Win64/UE4Editor-AvfMediaFactory.dll (API version 3709383).
LogModuleManager: Display: Found up-to-date module file ../../../Engine/Plugins/Media/ImgMedia/Binaries/Win64/UE4Editor-ImgMedia.dll (API version 3709383).
LogModuleManager: Display: Found up-to-date module file ../../../Engine/Plugins/Media/ImgMedia/Binaries/Win64/UE4Editor-ImgMediaEditor.dll (API version 3709383).
LogModuleManager: Display: Found up-to-date module file ../../../Engine/Plugins/Media/ImgMedia/Binaries/Win64/UE4Editor-ImgMediaFactory.dll (API version 3709383).
LogModuleManager: Display: Found up-to-date module file ../../../Engine/Plugins/Media/ImgMedia/Binaries/Win64/UE4Editor-ImgMediaFactory.dll (API version 3709383).
LogModuleManager: Display: Found up-to-date module file ../../../Engine/Plugins/Media/ImgMedia/Binaries/Win64/UE4Editor-OpenExrWrapper.dll (API version 3709383).
LogModuleManager: Display: Found up-to-date module file ../../../Engine/Plugins/Media/MediaCompositing/Binaries/Win64/UE4Editor-MediaCompositing.dll (API version 3709383).
LogModuleManager: Display: Found up-to-date module file ../../../Engine/Plugins/Media/MediaCompositing/Binaries/Win64/UE4Editor-MediaCompositingEditor.dll (API version 3709383).
LogModuleManager: Display: Found up-to-date module file ../../../Engine/Plugins/Media/MediaPlayerEditor/Binaries/Win64/UE4Editor-MediaPlayerEditor.dll (API version 3709383).
LogModuleManager: Display: Found up-to-date module file ../../../Engine/Plugins/Media/WmfMedia/Binaries/Win64/UE4Editor-WmfMedia.dll (API version 3709383).
LogModuleManager: Display: Found up-to-date module file ../../../Engine/Plugins/Media/WmfMedia/Binaries/Win64/UE4Editor-WmfMediaEditor.dll (API version 3709383).
LogModuleManager: Display: Found up-to-date module file ../../../Engine/Plugins/Media/WmfMedia/Binaries/Win64/UE4Editor-WmfMediaFactory.dll (API version 3709383).
LogModuleManager: Display: Found up-to-date module file ../../../Engine/Plugins/Media/WmfMedia/Binaries/Win64/UE4Editor-WmfMediaFactory.dll (API version 3709383).
LogModuleManager: Display: Found up-to-date module file ../../../Engine/Plugins/Messaging/TcpMessaging/Binaries/Win64/UE4Editor-TcpMessaging.dll (API version 3709383).
LogModuleManager: Display: Found up-to-date module file ../../../Engine/Plugins/Messaging/UdpMessaging/Binaries/Win64/UE4Editor-UdpMessaging.dll (API version 3709383).
LogModuleManager: Display: Found up-to-date module file ../../../Engine/Plugins/MovieScene/ActorSequence/Binaries/Win64/UE4Editor-ActorSequence.dll (API version 3709383).
LogModuleManager: Display: Found up-to-date module file ../../../Engine/Plugins/MovieScene/LevelSequenceEditor/Binaries/Win64/UE4Editor-LevelSequenceEditor.dll (API version 3709383).
LogModuleManager: Display: Found up-to-date module file ../../../Engine/Plugins/MovieScene/MatineeToLevelSequence/Binaries/Win64/UE4Editor-MatineeToLevelSequence.dll (API version 3709383).
LogModuleManager: Display: Found up-to-date module file ../../../Engine/Plugins/Online/OnlineSubsystem/Binaries/Win64/UE4Editor-OnlineSubsystem.dll (API version 3709383).
LogModuleManager: Display: Found up-to-date module file ../../../Engine/Plugins/Online/OnlineSubsystemNull/Binaries/Win64/UE4Editor-OnlineSubsystemNull.dll (API version 3709383).
LogModuleManager: Display: Found up-to-date module file ../../../Engine/Plugins/Online/OnlineSubsystemUtils/Binaries/Win64/UE4Editor-OnlineSubsystemUtils.dll (API version 3709383).
LogModuleManager: Display: Found up-to-date module file ../../../Engine/Plugins/Online/OnlineSubsystemUtils/Binaries/Win64/UE4Editor-OnlineBlueprintSupport.dll (API version 3709383).
LogModuleManager: Display: Found up-to-date module file ../../../Engine/Plugins/Runtime/AndroidDeviceProfileSelector/Binaries/Win64/UE4Editor-AndroidDeviceProfileSelector.dll (API version 3709383).
LogModuleManager: Display: Found up-to-date module file ../../../Engine/Plugins/Runtime/AndroidPermission/Binaries/Win64/UE4Editor-AndroidPermission.dll (API version 3709383).
LogModuleManager: Display: Found up-to-date module file ../../../Engine/Plugins/Runtime/AppleARKit/Binaries/Win64/UE4Editor-AppleARKit.dll (API version 3709383).
LogModuleManager: Display: Found up-to-date module file ../../../Engine/Plugins/Runtime/ArchVisCharacter/Binaries/Win64/UE4Editor-ArchVisCharacter.dll (API version 3709383).
LogModuleManager: Display: Found up-to-date module file ../../../Engine/Plugins/Runtime/CableComponent/Binaries/Win64/UE4Editor-CableComponent.dll (API version 3709383).
LogModuleManager: Display: Found up-to-date module file ../../../Engine/Plugins/Runtime/CustomMeshComponent/Binaries/Win64/UE4Editor-CustomMeshComponent.dll (API version 3709383).
LogModuleManager: Display: Found up-to-date module file ../../../Engine/Plugins/Runtime/ExampleDeviceProfileSelector/Binaries/Win64/UE4Editor-ExampleDeviceProfileSelector.dll (API version 3709383).
LogModuleManager: Display: Found up-to-date module file ../../../Engine/Plugins/Runtime/ImmediatePhysics/Binaries/Win64/UE4Editor-ImmediatePhysics.dll (API version 3709383).
LogModuleManager: Display: Found up-to-date module file ../../../Engine/Plugins/Runtime/ImmediatePhysics/Binaries/Win64/UE4Editor-ImmediatePhysicsEditor.dll (API version 3709383).
LogModuleManager: Display: Found up-to-date module file ../../../Engine/Plugins/Runtime/LocationServicesBPLibrary/Binaries/Win64/UE4Editor-LocationServicesBPLibrary.dll (API version 3709383).
LogModuleManager: Display: Found up-to-date module file ../../../Engine/Plugins/Runtime/MobilePatchingUtils/Binaries/Win64/UE4Editor-MobilePatchingUtils.dll (API version 3709383).
LogModuleManager: Display: Found up-to-date module file ../../../Engine/Plugins/Runtime/Oculus/OculusVR/Binaries/Win64/UE4Editor-OculusHMD.dll (API version 3709383).
LogModuleManager: Display: Found up-to-date module file ../../../Engine/Plugins/Runtime/Oculus/OculusVR/Binaries/Win64/UE4Editor-OculusInput.dll (API version 3709383).
LogModuleManager: Display: Found up-to-date module file ../../../Engine/Plugins/Runtime/Oculus/OculusVR/Binaries/Win64/UE4Editor-OculusEditor.dll (API version 3709383).
LogModuleManager: Display: Found up-to-date module file ../../../Engine/Plugins/Runtime/PhysXVehicles/Binaries/Win64/UE4Editor-PhysXVehicles.dll (API version 3709383).
LogModuleManager: Display: Found up-to-date module file ../../../Engine/Plugins/Runtime/PhysXVehicles/Binaries/Win64/UE4Editor-PhysXVehiclesEditor.dll (API version 3709383).
LogModuleManager: Display: Found up-to-date module file ../../../Engine/Plugins/Runtime/ProceduralMeshComponent/Binaries/Win64/UE4Editor-ProceduralMeshComponent.dll (API version 3709383).
LogModuleManager: Display: Found up-to-date module file ../../../Engine/Plugins/Runtime/ProceduralMeshComponent/Binaries/Win64/UE4Editor-ProceduralMeshComponentEditor.dll (API version 3709383).
LogModuleManager: Display: Found up-to-date module file ../../../Engine/Plugins/Runtime/RuntimePhysXCooking/Binaries/Win64/UE4Editor-RuntimePhysXCooking.dll (API version 3709383).
LogModuleManager: Display: Found up-to-date module file ../../../Engine/Plugins/Runtime/Steam/SteamVR/Binaries/Win64/UE4Editor-SteamVR.dll (API version 3709383).
LogModuleManager: Display: Found up-to-date module file ../../../Engine/Plugins/Runtime/Steam/SteamVR/Binaries/Win64/UE4Editor-SteamVRController.dll (API version 3709383).
LogModuleManager: Display: Found up-to-date module file ../../../Engine/Plugins/Runtime/WindowsMoviePlayer/Binaries/Win64/UE4Editor-WindowsMoviePlayer.dll (API version 3709383).
LogInit: Using libcurl 7.47.1
LogInit:  - built for x86_64-pc-win32
LogInit:  - supports SSL with OpenSSL/1.0.2g
LogInit:  - supports HTTP deflate (compression) using libz 1.2.8
LogInit:  - other features:
LogInit:      CURL_VERSION_SSL
LogInit:      CURL_VERSION_LIBZ
LogInit:      CURL_VERSION_IPV6
LogInit:      CURL_VERSION_ASYNCHDNS
LogInit:      CURL_VERSION_LARGEFILE
LogInit:      CURL_VERSION_IDN
LogInit:  CurlRequestOptions (configurable via config and command line):
LogInit:  - bVerifyPeer = false  - Libcurl will NOT verify peer certificate
LogInit:  - bUseHttpProxy = false  - Libcurl will NOT use HTTP proxy
LogInit:  - bDontReuseConnections = false  - Libcurl will reuse connections
LogInit:  - CertBundlePath = nullptr  - Libcurl will use whatever was configured at build time.
LogInit: Build: ++UE4+Release-4.18-CL-3794801
LogInit: Engine Version: 4.18.2-3794801+++UE4+Release-4.18
LogInit: Compatible Engine Version: 4.18.0-3709383+++UE4+Release-4.18
LogInit: Net CL: 3709383
LogDevObjectVersion: Number of dev versions registered: 16
LogDevObjectVersion:   Dev-Blueprints (B0D832E4-1F89-4F0D-ACCF-7EB736FD4AA2): 10
LogDevObjectVersion:   Dev-Build (E1C64328-A22C-4D53-A36C-8E866417BD8C): 0
LogDevObjectVersion:   Dev-Core (375EC13C-06E4-48FB-B500-84F0262A717E): 2
LogDevObjectVersion:   Dev-Editor (E4B068ED-F494-42E9-A231-DA0B2E46BB41): 20
LogDevObjectVersion:   Dev-Framework (CFFC743F-43B0-4480-9391-14DF171D2073): 30
LogDevObjectVersion:   Dev-Mobile (B02B49B5-BB20-44E9-A304-32B752E40360): 0
LogDevObjectVersion:   Dev-Networking (A4E4105C-59A1-49B5-A7C5-40C4547EDFEE): 0
LogDevObjectVersion:   Dev-Online (39C831C9-5AE6-47DC-9A44-9C173E1C8E7C): 0
LogDevObjectVersion:   Dev-Physics (78F01B33-EBEA-4F98-B9B4-84EACCB95AA2): 0
LogDevObjectVersion:   Dev-Platform (6631380F-2D4D-43E0-8009-CF276956A95A): 0
LogDevObjectVersion:   Dev-Rendering (12F88B9F-8875-4AFC-A67C-D90C383ABD29): 20
LogDevObjectVersion:   Dev-Sequencer (7B5AE74C-D270-4C10-A958-57980B212A5A): 4
LogDevObjectVersion:   Dev-VR (D7296918-1DD6-4BDD-9DE2-64A83CC13884): 0
LogDevObjectVersion:   Dev-LoadTimes (C2A15278-BFE7-4AFE-6C17-90FF531DF755): 1
LogDevObjectVersion:   Private-Geometry (6EACA3D4-40EC-4CC1-B786-8BED09428FC5): 1
LogDevObjectVersion:   Dev-AnimPhys (29E575DD-E0A3-4627-9D10-D276232CDCEA): 12
LogInit: Compiled (64-bit): Dec  8 2017 02:04:53
LogInit: Compiled with Visual C++: 19.00.24215.01
LogInit: Build Configuration: Development
LogInit: Branch Name: ++UE4+Release-4.18
LogInit: Command line:  
LogInit: Base directory: C:/Program Files/Epic Games/UE_4.18/Engine/Binaries/Win64/
LogInit: Installed Engine Build: 1
LogInit: Presizing for max 8388607 objects, including 0 objects not considered by GC, pre-allocating 0 bytes for permanent pool.
LogInit: Object subsystem initialized
[2018.01.06-06.01.50:872][  0]LogInit: Selected Device Profile: [Windows]
[2018.01.06-06.01.50:872][  0]LogInit: Applying CVar settings loaded from the selected device profile: [Windows]
[2018.01.06-06.01.50:958][  0]LogInit: Computer: DESKTOP-LOUV37F
[2018.01.06-06.01.50:958][  0]LogInit: User: choiw
[2018.01.06-06.01.50:958][  0]LogInit: CPU Page size=4096, Cores=4
[2018.01.06-06.01.50:958][  0]LogInit: High frequency timer resolution =2.742187 MHz
[2018.01.06-06.01.50:959][  0]LogMemory: Memory total: Physical=7.9GB (8GB approx)
[2018.01.06-06.01.50:959][  0]LogMemory: Platform Memory Stats for Windows
[2018.01.06-06.01.50:959][  0]LogMemory: Process Physical Memory: 272.08 MB used, 272.08 MB peak
[2018.01.06-06.01.50:959][  0]LogMemory: Process Virtual Memory: 269.58 MB used, 269.58 MB peak
[2018.01.06-06.01.50:959][  0]LogMemory: Physical Memory: 2728.49 MB used,  5355.58 MB free, 8084.07 MB total
[2018.01.06-06.01.50:959][  0]LogMemory: Virtual Memory: 643.75 MB used,  5355.58 MB free, 134217728.00 MB total
[2018.01.06-06.01.52:275][  0]LogInit: Using OS detected language (ko-KR).
[2018.01.06-06.01.52:275][  0]LogInit: Using OS detected locale (ko-KR).
[2018.01.06-06.01.52:354][  0]LogTextLocalizationManager: No specific localization for 'ko-KR' exists, so the 'ko' localization will be used.
[2018.01.06-06.01.52:632][  0]LogInit: Setting process to per monitor DPI aware
[2018.01.06-06.01.55:656][  0]LogD3D11RHI: D3D11 adapters:
[2018.01.06-06.01.56:692][  0]LogD3D11RHI:    0. 'NVIDIA GeForce GTX 1060 with Max-Q Design' (Feature Level 11_0)
[2018.01.06-06.01.56:692][  0]LogD3D11RHI:       6061/0/4042 MB DedicatedVideo/DedicatedSystem/SharedSystem, Outputs:1, VendorId:0x10de
[2018.01.06-06.01.56:718][  0]LogD3D11RHI:    1. 'Intel(R) HD Graphics 630' (Feature Level 11_0)
[2018.01.06-06.01.56:718][  0]LogD3D11RHI:       128/0/4042 MB DedicatedVideo/DedicatedSystem/SharedSystem, Outputs:0, VendorId:0x8086
[2018.01.06-06.01.56:722][  0]LogD3D11RHI:    2. 'Microsoft Basic Render Driver' (Feature Level 11_0)
[2018.01.06-06.01.56:722][  0]LogD3D11RHI:       0/0/4042 MB DedicatedVideo/DedicatedSystem/SharedSystem, Outputs:0, VendorId:0x1414
[2018.01.06-06.01.56:722][  0]LogD3D11RHI: Chosen D3D11 Adapter: 0
[2018.01.06-06.01.56:740][  0]LogD3D11RHI: Creating new Direct3DDevice
[2018.01.06-06.01.56:740][  0]LogD3D11RHI:     GPU DeviceId: 0x1c20 (for the marketing name, search the web for "GPU Device Id")
[2018.01.06-06.01.56:740][  0]LogWindows: EnumDisplayDevices:
[2018.01.06-06.01.56:740][  0]LogWindows:    0. 'Intel(R) HD Graphics 630' (P:1 D:1)
[2018.01.06-06.01.56:741][  0]LogWindows:    1. 'Intel(R) HD Graphics 630' (P:0 D:0)
[2018.01.06-06.01.56:742][  0]LogWindows:    2. 'Intel(R) HD Graphics 630' (P:0 D:0)
[2018.01.06-06.01.56:742][  0]LogWindows:    3. 'NVIDIA GeForce GTX 1060 with Max-Q Design' (P:0 D:0)
[2018.01.06-06.01.56:743][  0]LogWindows:    4. 'NVIDIA GeForce GTX 1060 with Max-Q Design' (P:0 D:0)
[2018.01.06-06.01.56:743][  0]LogWindows:    5. 'NVIDIA GeForce GTX 1060 with Max-Q Design' (P:0 D:0)
[2018.01.06-06.01.56:743][  0]LogWindows:    6. 'NVIDIA GeForce GTX 1060 with Max-Q Design' (P:0 D:0)
[2018.01.06-06.01.56:744][  0]LogWindows: DebugString: PrimaryIsNotTheChoosenAdapter PrimaryIsNotTheChoosenAdapter PrimaryIsNotTheChoosenAdapter FoundDriverCount:4 
[2018.01.06-06.01.56:744][  0]LogD3D11RHI:     Adapter Name: NVIDIA GeForce GTX 1060 with Max-Q Design
[2018.01.06-06.01.56:744][  0]LogD3D11RHI:   Driver Version: 388.31 (internal:23.21.13.8831, unified:388.31)
[2018.01.06-06.01.56:744][  0]LogD3D11RHI:      Driver Date: 11-14-2017
[2018.01.06-06.01.56:744][  0]LogRHI: Texture pool is 4242 MB (70% of 6061 MB)
[2018.01.06-06.01.56:798][  0]LogD3D11RHI: Async texture creation enabled
[2018.01.06-06.01.56:846][  0]LogD3D11RHI: GPU Timing Frequency: 1000.000000 (Debug: 2 1)
[2018.01.06-06.01.56:859][  0]LogShaderCompilers: Guid format shader working directory is 35 characters bigger than the processId version (D:/PLZ/main/Intermediate/Shaders/WorkingDirectory/7212/).
[2018.01.06-06.01.56:859][  0]LogShaderCompilers: Cleaned the shader compiler working directory 'C:/Users/choiw/AppData/Local/Temp/UnrealShaderWorkingDir/D195D92E4BA978E40B08A19A7EDF03B8/'.
[2018.01.06-06.01.56:860][  0]LogShaderCompilers: Display: Using Local Shader Compiler.
[2018.01.06-06.01.59:241][  0]LogTemp: Display: Loaded TP AllDesktopTargetPlatform
[2018.01.06-06.01.59:299][  0]LogTemp: Display: Loaded TP MacClientTargetPlatform
[2018.01.06-06.01.59:356][  0]LogTemp: Display: Loaded TP MacNoEditorTargetPlatform
[2018.01.06-06.01.59:413][  0]LogTemp: Display: Loaded TP MacServerTargetPlatform
[2018.01.06-06.01.59:464][  0]LogTemp: Display: Loaded TP MacTargetPlatform
[2018.01.06-06.01.59:505][  0]LogTemp: Display: Loaded TP WindowsClientTargetPlatform
[2018.01.06-06.01.59:546][  0]LogTemp: Display: Loaded TP WindowsNoEditorTargetPlatform
[2018.01.06-06.01.59:586][  0]LogTemp: Display: Loaded TP WindowsServerTargetPlatform
[2018.01.06-06.01.59:622][  0]LogTemp: Display: Loaded TP WindowsTargetPlatform
[2018.01.06-06.01.59:661][  0]LogTemp: Display: Loaded TP Android_ASTCTargetPlatform
[2018.01.06-06.01.59:699][  0]LogTemp: Display: Loaded TP Android_ATCTargetPlatform
[2018.01.06-06.01.59:737][  0]LogTemp: Display: Loaded TP Android_DXTTargetPlatform
[2018.01.06-06.01.59:775][  0]LogTemp: Display: Loaded TP Android_ETC1TargetPlatform
[2018.01.06-06.01.59:813][  0]LogTemp: Display: Loaded TP Android_ETC2TargetPlatform
[2018.01.06-06.01.59:891][  0]LogTemp: Display: Loaded TP Android_MultiTargetPlatform
[2018.01.06-06.01.59:892][  0]LogTemp: Display: Loaded TP Android_PVRTCTargetPlatform
[2018.01.06-06.01.59:935][  0]LogTemp: Display: Loaded TP AndroidTargetPlatform
[2018.01.06-06.01.59:965][  0]LogTemp: Display: Loaded TP HTML5TargetPlatform
[2018.01.06-06.02.00:049][  0]LogTemp: Display: Loaded TP IOSTargetPlatform
[2018.01.06-06.02.00:071][  0]LogTemp: Display: Loaded TP TVOSTargetPlatform
[2018.01.06-06.02.00:111][  0]LogTemp: Display: Loaded TP LinuxClientTargetPlatform
[2018.01.06-06.02.00:149][  0]LogTemp: Display: Loaded TP LinuxNoEditorTargetPlatform
[2018.01.06-06.02.00:187][  0]LogTemp: Display: Loaded TP LinuxServerTargetPlatform
[2018.01.06-06.02.00:230][  0]LogTemp: Display: Loaded TP LinuxTargetPlatform
[2018.01.06-06.02.00:230][  0]LogTargetPlatformManager: Display: Building Assets For Windows
[2018.01.06-06.02.00:809][  0]LogDerivedDataCache: Display: Max Cache Size: 512 MB
[2018.01.06-06.02.01:097][  0]LogDerivedDataCache: Loaded boot cache 0.29s 79MB C:/Users/choiw/AppData/Local/UnrealEngine/4.18/DerivedDataCache/Boot.ddc.
[2018.01.06-06.02.01:097][  0]LogDerivedDataCache: Display: Loaded Boot cache: C:/Users/choiw/AppData/Local/UnrealEngine/4.18/DerivedDataCache/Boot.ddc
[2018.01.06-06.02.01:097][  0]LogDerivedDataCache: FDerivedDataBackendGraph:  Pak pak cache file D:/PLZ/main/DerivedDataCache/DDC.ddp not found, will not use a pak cache.
[2018.01.06-06.02.01:097][  0]LogDerivedDataCache: Unable to find inner node Pak for hierarchical cache Hierarchy.
[2018.01.06-06.02.01:097][  0]LogDerivedDataCache: FDerivedDataBackendGraph:  CompressedPak pak cache file D:/PLZ/main/DerivedDataCache/Compressed.ddp not found, will not use a pak cache.
[2018.01.06-06.02.01:098][  0]LogDerivedDataCache: Unable to find inner node CompressedPak for hierarchical cache Hierarchy.
[2018.01.06-06.02.01:167][  0]LogDerivedDataCache: Display: Pak cache opened for reading ../../../Engine/DerivedDataCache/Compressed.ddp.
[2018.01.06-06.02.01:181][  0]LogDerivedDataCache: Using Local data cache path C:/Users/choiw/AppData/Local/UnrealEngine/Common/DerivedDataCache: Writable
[2018.01.06-06.02.01:214][  0]LogMaterial: Verifying Global Shaders for PCD3D_SM5
[2018.01.06-06.02.01:223][  0]LogSlate: Using Freetype 2.6.0
[2018.01.06-06.02.01:253][  0]LogSlate: SlateFontCache - WITH_FREETYPE: 1, WITH_HARFBUZZ: 1
[2018.01.06-06.02.01:254][  0]LogSlate: SlateFontCache - WITH_FREETYPE: 1, WITH_HARFBUZZ: 1
[2018.01.06-06.02.02:759][  0]LogInit: Selected Device Profile: [Windows]
[2018.01.06-06.02.03:529][  0]LogSimplygon: Simplygon DLL not present - disabling.
[2018.01.06-06.02.03:563][  0]LogMeshReduction: Using SimplygonSwarm for distributed automatic mesh merging
[2018.01.06-06.02.03:563][  0]LogMeshReduction: Using QuadricMeshReduction for automatic static mesh reduction
[2018.01.06-06.02.03:563][  0]LogMeshReduction: No automatic skeletal mesh reduction module available
[2018.01.06-06.02.03:563][  0]LogMeshReduction: No automatic mesh merging module available
[2018.01.06-06.02.03:563][  0]LogMeshMerging: No automatic mesh merging module available
[2018.01.06-06.02.03:654][  0]LogNetVersion: main , NetCL: 3709383, EngineNetVer: 2, GameNetVer: 0 (Checksum: 1998149536)
[2018.01.06-06.02.04:628][  0]LogAssetRegistry: FAssetRegistry took 0.0373 seconds to start up
[2018.01.06-06.02.06:958][  0]LogPackageLocalizationCache: Processed 7 localized package path(s) for 2 prioritized culture(s) in 0.146941 seconds
[2018.01.06-06.02.06:968][  0]LogUObjectArray: 35900 objects as part of root set at end of initial load.
[2018.01.06-06.02.06:968][  0]LogUObjectAllocator: 7372024 out of 0 bytes used by permanent object pool.
[2018.01.06-06.02.06:968][  0]LogUObjectArray: CloseDisregardForGC: 0/0 objects in disregard for GC pool
[2018.01.06-06.02.07:044][  0]LogInit: WinSock: version 1.1 (2.2), MaxSocks=32767, MaxUdp=65467
[2018.01.06-06.02.16:169][  0]LogPackageName: Warning: String asset reference "S_ClothTarps_03.SM.Mesh.S_ClothTarps_03" is in short form, which is unsupported and -- even if valid -- resolving it will be really slow.
[2018.01.06-06.02.16:169][  0]LogPackageName: Warning: Please consider resaving package in order to speed-up loading.
[2018.01.06-06.02.16:169][  0]LogPackageName: SearchForPackageOnDisk took   0.201s, but failed to resolve S_ClothTarps_03.
[2018.01.06-06.02.16:169][  0]LogPackageName: Warning: String asset reference "S_ClothTarps_03.SM.Mesh.S_ClothTarps_03" could not be resolved.
[2018.01.06-06.02.16:821][  0]LogTcpMessaging: Initializing TcpMessaging bridge
[2018.01.06-06.02.16:867][  0]LogUdpMessaging: Initializing bridge on interface 0.0.0.0:0 to multicast group 230.0.0.1:6666.
[2018.01.06-06.02.18:519][  0]LogLinker: Warning: Asset 'D:/PLZ/main/Content/pratice/gamehud.uasset' has been saved with empty engine version. The asset will be loaded but may be incompatible.
[2018.01.06-06.02.20:200][  0]LogLinker: Warning: '/Game/pratice/crosshair' 파일을 찾을 수 없습니다.
[2018.01.06-06.02.20:201][  0]LogLinker: Warning: D:/PLZ/main/Content/pratice/gamehud.uasset 로드중 '/Game/pratice/crosshair' 애셋에 대한 파일을 찾을 수 없습니다.
[2018.01.06-06.02.20:201][  0]LoadErrors: Error: /Game/pratice/gamehud : 애셋에 대한 파일을 찾을 수 없습니다. /Game/pratice/crosshair
[2018.01.06-06.02.20:201][  0]LogLinker: Warning: '/Game/pratice/crosshair' 파일을 찾을 수 없습니다.
[2018.01.06-06.02.20:201][  0]LogLinker: Warning: D:/PLZ/main/Content/pratice/gamehud.uasset 로드중 '/Game/pratice/crosshair' 애셋에 대한 파일을 찾을 수 없습니다.
[2018.01.06-06.02.20:201][  0]LoadErrors: Error: /Game/pratice/gamehud : 애셋에 대한 파일을 찾을 수 없습니다. /Game/pratice/crosshair
[2018.01.06-06.02.20:212][  0]LogLinker: Warning: '/Game/pratice/crosshair' 파일을 찾을 수 없습니다.
[2018.01.06-06.02.20:213][  0]LoadErrors: 로드에 실패했습니다. /Game/pratice/crosshair.crosshair 레퍼런싱한 것: K2Node_CallFunction_0
[2018.01.06-06.02.20:213][  0]LogLinker: Warning: D:/PLZ/main/Content/pratice/gamehud.uasset 로드중 '/Game/pratice/crosshair' 애셋에 대한 파일을 찾을 수 없습니다.
[2018.01.06-06.02.20:213][  0]LoadErrors: 로드에 실패했습니다. /Game/pratice/crosshair.crosshair 레퍼런싱한 것: K2Node_CallFunction_0
[2018.01.06-06.02.20:213][  0]LoadErrors: Error: /Game/pratice/gamehud : 애셋에 대한 파일을 찾을 수 없습니다. /Game/pratice/crosshair
[2018.01.06-06.02.20:345][  0]LogLinker: Warning: '/Game/pratice/crosshair' 파일을 찾을 수 없습니다.
[2018.01.06-06.02.20:345][  0]LogLinker: Warning: D:/PLZ/main/Content/pratice/gamehud.uasset 로드중 '/Game/pratice/crosshair' 애셋에 대한 파일을 찾을 수 없습니다.
[2018.01.06-06.02.20:345][  0]LoadErrors: Error: /Game/pratice/gamehud : 애셋에 대한 파일을 찾을 수 없습니다. /Game/pratice/crosshair
[2018.01.06-06.02.20:346][  0]LogLinker: Warning: '/Game/pratice/crosshair' 파일을 찾을 수 없습니다.
[2018.01.06-06.02.20:346][  0]LogLinker: Warning: D:/PLZ/main/Content/pratice/gamehud.uasset 로드중 '/Game/pratice/crosshair' 애셋에 대한 파일을 찾을 수 없습니다.
[2018.01.06-06.02.20:346][  0]LoadErrors: Error: /Game/pratice/gamehud : 애셋에 대한 파일을 찾을 수 없습니다. /Game/pratice/crosshair
[2018.01.06-06.02.21:387][  0]LogMaterial: Uniform references updated for custom material expression Custom.
[2018.01.06-06.02.22:299][  0]SourceControl: 소스 콘트롤이 꺼졌습니다.
[2018.01.06-06.02.22:299][  0]SourceControl: 소스 콘트롤이 꺼졌습니다.
[2018.01.06-06.02.22:394][  0]SourceControl: 소스 콘트롤이 꺼졌습니다.
[2018.01.06-06.02.22:528][  0]SourceControl: 소스 콘트롤이 꺼졌습니다.
[2018.01.06-06.02.23:728][  0]LogAndroidPermission: UAndroidPermissionCallbackProxy::GetInstance
[2018.01.06-06.02.23:961][  0]LogOcInput: OculusInput pre-init called
[2018.01.06-06.02.24:405][  0]LogEngine: Initializing Engine...
[2018.01.06-06.02.24:416][  0]LogHMD: Failed to initialize OpenVR with code 110
[2018.01.06-06.02.25:282][  0]LogStats: UGameplayTagsManager::ConstructGameplayTagTree: Construct from data asset -  0.000 s
[2018.01.06-06.02.25:282][  0]LogStats: UGameplayTagsManager::ConstructGameplayTagTree: GameplayTagTreeChangedEvent.Broadcast -  0.000 s
[2018.01.06-06.02.25:409][  0]LogAIModule: Creating AISystem for world Untitled
[2018.01.06-06.02.25:420][  0]LogInit: XAudio2 using '스피커(Realtek High Definition Audio)' : 2 channels at 48 kHz using 32 bits per sample (channel mask 0x3)
[2018.01.06-06.02.25:641][  0]LogInit: FAudioDevice initialized.
[2018.01.06-06.02.25:748][  0]LogDerivedDataCache: Saved boot cache 0.11s 79MB C:/Users/choiw/AppData/Local/UnrealEngine/4.18/DerivedDataCache/Boot.ddc.
[2018.01.06-06.02.25:771][  0]LogInit: Texture streaming: Enabled
[2018.01.06-06.02.25:863][  0]LogEngineSessionManager: EngineSessionManager initialized
[2018.01.06-06.02.26:059][  0]LogInit: Transaction tracking system initialized
[2018.01.06-06.02.26:779][  0]BlueprintLog: New page: 에디터 로드
[2018.01.06-06.02.27:903][  0]LocalizationService: 현지화 서비스가 비활성화되었습니다.
[2018.01.06-06.02.28:905][  0]LogConsoleResponse: Display: 
[2018.01.06-06.02.29:741][  0]LogCook: Display: Max memory allowance for cook 16384mb min free memory 0mb
[2018.01.06-06.02.29:742][  0]LogCook: Display: Mobile HDR setting 1
[2018.01.06-06.02.29:742][  0]LogGameplayTags: Display: UGameplayTagsManager::DoneAddingNativeTags. DelegateIsBound: 0
[2018.01.06-06.02.30:485][  0]LogFileCache: Scanning file cache for directory 'D:/PLZ/main/Content/' took 0.03s
[2018.01.06-06.02.31:374][  0]SourceControl: 소스 콘트롤이 꺼졌습니다.
[2018.01.06-06.02.31:376][  0]Cmd: MAP LOAD FILE="D:/PLZ/main/Content/InfinityBladeGrassLands/Maps/entry.umap" TEMPLATE=0 SHOWPROGRESS=1 FEATURELEVEL=3
[2018.01.06-06.02.31:377][  0]LightingResults: New page: 라이팅 빌드
[2018.01.06-06.02.31:424][  0]MapCheck: New page: 맵 체크
[2018.01.06-06.02.31:424][  0]LightingResults: New page: 라이팅 빌드
[2018.01.06-06.02.31:447][  0]LogAIModule: Creating AISystem for world entry
[2018.01.06-06.02.31:459][  0]LogEditorServer: Finished looking for orphan Actors (0.000 secs)
[2018.01.06-06.02.31:472][  0]Cmd: MAP CHECKDEP NOCLEARLOG
[2018.01.06-06.02.31:522][  0]MapCheck: 맵 체크 완료: 오류 0 회, 경고 0 회, 소요 시간 50.25ms.
[2018.01.06-06.02.31:522][  0]LogFileHelpers: Loading map 'entry' took 0.147
[2018.01.06-06.02.31:844][  0]LogCollectionManager: Loaded 0 collections in 0.001944 seconds
[2018.01.06-06.02.31:936][  0]LogFileCache: Scanning file cache for directory 'D:/PLZ/main/Saved/Collections/' took 0.01s
[2018.01.06-06.02.31:936][  0]LogFileCache: Scanning file cache for directory 'D:/PLZ/main/Content/Developers/choiw/Collections/' took 0.01s
[2018.01.06-06.02.31:936][  0]LogFileCache: Scanning file cache for directory 'D:/PLZ/main/Content/Collections/' took 0.01s
[2018.01.06-06.02.31:937][  0]LogCollectionManager: Rebuilt the GUID cache for 0 collections in 0.000000 seconds
[2018.01.06-06.02.31:947][  0]LogContentBrowser: Native class hierarchy populated in 0.0093 seconds. Added 2365 classes and 521 folders.
[2018.01.06-06.02.32:021][  0]LogContentBrowser: Native class hierarchy updated for 'WidgetCarousel' in 0.0005 seconds. Added 0 classes and 0 folders.
[2018.01.06-06.02.32:443][  0]LogContentBrowser: Native class hierarchy updated for 'AddContentDialog' in 0.0005 seconds. Added 0 classes and 0 folders.
[2018.01.06-06.02.32:505][  0]LogContentBrowser: Native class hierarchy updated for 'SceneOutliner' in 0.0007 seconds. Added 1 classes and 2 folders.
[2018.01.06-06.02.32:940][  0]LogContentBrowser: Native class hierarchy updated for 'HierarchicalLODOutliner' in 0.0014 seconds. Added 1 classes and 2 folders.
[2018.01.06-06.02.32:940][  0]LogLoad: (Engine Initialization) Total time: 49.36 seconds
[2018.01.06-06.02.32:940][  0]LogLoad: (Engine Initialization) Total Blueprint compile time: 0.00 seconds
[2018.01.06-06.02.32:941][  0]LogExternalProfiler: No external profilers were discovered.  External profiling features will not be available.
[2018.01.06-06.02.33:329][  0]LogContentStreaming: Texture pool size now 800 MB
[2018.01.06-06.02.33:443][  0]LogSlate: Took 0.019130 seconds to synchronously load lazily loaded font '../../../Engine/Content/Slate/Fonts/Roboto-Regular.ttf' (155K)
[2018.01.06-06.02.33:489][  0]LogSlate: Took 0.043709 seconds to synchronously load lazily loaded font '../../../Engine/Content/Slate/Fonts/NanumGothic.ttf' (4243K)
[2018.01.06-06.02.33:506][  0]LogSlate: Took 0.014894 seconds to synchronously load lazily loaded font '../../../Engine/Content/Slate/Fonts/Roboto-Bold.ttf' (160K)
[2018.01.06-06.02.33:537][  0]LogSlate: Took 0.015647 seconds to synchronously load lazily loaded font '../../../Engine/Content/Editor/Slate/Fonts/FontAwesome.ttf' (139K)
[2018.01.06-06.02.34:125][  0]LogSlate: Took 0.008417 seconds to synchronously load lazily loaded font '../../../Engine/Content/Slate/Fonts/Roboto-Light.ttf' (159K)
[2018.01.06-06.02.34:164][  1]LogFileCache: Retrieving MD5 hashes for directory 'D:/PLZ/main/Content/' took 0.86s
[2018.01.06-06.02.34:204][  2]LogRenderer: Reallocating scene render targets to support 836x380 Format 9 NumSamples 1 (Frame:1).
[2018.01.06-06.02.37:837][ 12]LogAssetRegistry: Asset discovery search completed in 33.2342 seconds
[2018.01.06-06.02.37:844][ 12]LogCollectionManager: Rebuilt the object cache for 0 collections in 0.000001 seconds (found 0 objects)
[2018.01.06-06.02.37:845][ 12]LogCollectionManager: Fixed up redirectors for 0 collections in 0.000127 seconds (updated 0 objects)
[2018.01.06-06.02.48:810][ 91]LogRenderer: Reallocating scene render targets to support 1004x456 Format 9 NumSamples 1 (Frame:54).
[2018.01.06-06.03.12:568][413]SourceControl: On branch master
[2018.01.06-06.03.12:568][413]SourceControl: No commits yet
[2018.01.06-06.03.12:568][413]SourceControl: Untracked files:
[2018.01.06-06.03.12:568][413]SourceControl:   (use "git add <file>..." to include in what will be committed)
[2018.01.06-06.03.12:568][413]SourceControl: 	.svn/
[2018.01.06-06.03.12:568][413]SourceControl: 	Binaries/
[2018.01.06-06.03.12:568][413]SourceControl: 	Config/
[2018.01.06-06.03.12:568][413]SourceControl: 	Content/
[2018.01.06-06.03.12:568][413]SourceControl: 	Intermediate/
[2018.01.06-06.03.12:568][413]SourceControl: 	Saved/
[2018.01.06-06.03.12:569][413]SourceControl: 	Source/
[2018.01.06-06.03.12:569][413]SourceControl: 	main.sln
[2018.01.06-06.03.12:569][413]SourceControl: 	main.uproject
[2018.01.06-06.03.12:569][413]SourceControl: nothing added to commit but untracked files present (use "git add" to track)
[2018.01.06-06.03.31:945][741]LogSlate: Took 0.000368 seconds to synchronously load lazily loaded font '../../../Engine/Content/Slate/Fonts/Roboto-Light.ttf' (159K)
[2018.01.06-06.03.32:121][741]Cmd: OBJ SAVEPACKAGE PACKAGE="/Game/ThirdPersonCPP/NewMaterial" FILE="D:/PLZ/main/Content/ThirdPersonCPP/NewMaterial.uasset" SILENT=true
[2018.01.06-06.03.32:182][741]LogSavePackage: Save=45.89ms
[2018.01.06-06.03.32:182][741]LogSavePackage: Moving 'D:/PLZ/main/Saved/NewMaterial0A224DD345223052C3B096B590075EF0.tmp' to 'D:/PLZ/main/Content/ThirdPersonCPP/NewMaterial.uasset'
[2018.01.06-06.03.32:190][741]LogSavePackage: Display: Finished SavePackage D:/PLZ/main/Content/ThirdPersonCPP/NewMaterial.uasset
[2018.01.06-06.03.41:872][814]LogSourceControl: FGitCheckInWorker: commit successful
[2018.01.06-06.03.41:984][814]SourceControl: [master (root-commit) d5cf2ae] hhh
[2018.01.06-06.03.41:984][814]SourceControl:  1 file changed, 0 insertions(+), 0 deletions(-)
[2018.01.06-06.03.41:984][814]SourceControl:  create mode 100644 Content/ThirdPersonCPP/NewMaterial.uasset
[2018.01.06-06.03.42:024][814]SourceControl: Commited [master (root-commit) d5cf2ae] hhh.
[2018.01.06-06.03.50:144][897]LogSourceControl: Writed 'D:/PLZ/main/Saved/Diff/temp-d5cf2ae6e1ae3103919c1d3d99a3ef2c40cbee89-NewMaterial.uasset' (112154o)
[2018.01.06-06.03.50:149][897]LogMaterial: Missing cached shader map for material NewMaterial, compiling. 
[2018.01.06-06.04.03:350][ 60]SourceControl: fatal: C:/Program Files/Epic Games/UE_4.18/Engine/Content/: 'C:/Program Files/Epic Games/UE_4.18/Engine/Content/' is outside repository
[2018.01.06-06.04.03:561][ 60]LogPackageName: Error: Illegal call to DoesPackageExist: 'D:/PLZ/main/main.uproject' is not a standard unreal filename or a long path name. Reason: 경로는 4 자 미만이어야 합니다.
[2018.01.06-06.04.04:381][ 60]LogStats: FPlatformStackWalk::StackWalkAndDump -  0.820 s
[2018.01.06-06.04.04:381][ 60]LogOutputDevice: Error: === Handled ensure: ===
[2018.01.06-06.04.04:381][ 60]LogOutputDevice: Error: 
[2018.01.06-06.04.04:381][ 60]LogOutputDevice: Error: Ensure condition failed: false [File:D:\Build\++UE4+Release-4.18+Compile\Sync\Engine\Source\Runtime\CoreUObject\Private\Misc\PackageName.cpp] [Line: 810]
[2018.01.06-06.04.04:381][ 60]LogOutputDevice: Error: Illegal call to DoesPackageExist: 'D:/PLZ/main/main.uproject' is not a standard unreal filename or a long path name. Reason: 경로는 4 자 미만이어야 합니다.
[2018.01.06-06.04.04:381][ 60]LogOutputDevice: Error: Stack: 
[2018.01.06-06.04.04:381][ 60]LogOutputDevice: Error: [Callstack] 0x000000005EBD2786 UE4Editor-Core.dll!UnknownFunction []
[2018.01.06-06.04.04:381][ 60]LogOutputDevice: Error: [Callstack] 0x000000005E97123A UE4Editor-Core.dll!UnknownFunction []
[2018.01.06-06.04.04:381][ 60]LogOutputDevice: Error: [Callstack] 0x000000005E98B906 UE4Editor-Core.dll!UnknownFunction []
[2018.01.06-06.04.04:381][ 60]LogOutputDevice: Error: [Callstack] 0x000000005D8C8B45 UE4Editor-CoreUObject.dll!UnknownFunction []
[2018.01.06-06.04.04:381][ 60]LogOutputDevice: Error: [Callstack] 0x0000000047E676B2 UE4Editor-SourceControl.dll!UnknownFunction []
[2018.01.06-06.04.04:381][ 60]LogOutputDevice: Error: [Callstack] 0x0000000047E67847 UE4Editor-SourceControl.dll!UnknownFunction []
[2018.01.06-06.04.04:381][ 60]LogOutputDevice: Error: [Callstack] 0x00000000447385AE UE4Editor-SourceControlWindows.dll!UnknownFunction []
[2018.01.06-06.04.04:381][ 60]LogOutputDevice: Error: [Callstack] 0x00000000446F4475 UE4Editor-SourceControlWindows.dll!UnknownFunction []
[2018.01.06-06.04.04:381][ 60]LogOutputDevice: Error: [Callstack] 0x00000000446F3A4D UE4Editor-SourceControlWindows.dll!UnknownFunction []
[2018.01.06-06.04.04:381][ 60]LogOutputDevice: Error: [Callstack] 0x0000000044708AA4 UE4Editor-SourceControlWindows.dll!UnknownFunction []
[2018.01.06-06.04.04:381][ 60]LogOutputDevice: Error: [Callstack] 0x000000003A4C39D9 UE4Editor-GitSourceControl.dll!UnknownFunction []
[2018.01.06-06.04.04:381][ 60]LogOutputDevice: Error: [Callstack] 0x0000000047E6C5BC UE4Editor-SourceControl.dll!UnknownFunction []
[2018.01.06-06.04.04:381][ 60]LogOutputDevice: Error: [Callstack] 0x000000004CD372EB UE4Editor-UnrealEd.dll!UnknownFunction []
[2018.01.06-06.04.04:381][ 60]LogOutputDevice: Error: [Callstack] 0x000000004D5E4AC6 UE4Editor-UnrealEd.dll!UnknownFunction []
[2018.01.06-06.04.04:381][ 60]LogOutputDevice: Error: [Callstack] 0x00000000687E5A26 UE4Editor.exe!UnknownFunction []
[2018.01.06-06.04.04:381][ 60]LogOutputDevice: Error: [Callstack] 0x00000000687F5430 UE4Editor.exe!UnknownFunction []
[2018.01.06-06.04.04:381][ 60]LogOutputDevice: Error: [Callstack] 0x00000000687F54AA UE4Editor.exe!UnknownFunction []
[2018.01.06-06.04.04:381][ 60]LogOutputDevice: Error: [Callstack] 0x0000000068802379 UE4Editor.exe!UnknownFunction []
[2018.01.06-06.04.04:381][ 60]LogOutputDevice: Error: [Callstack] 0x0000000068803D57 UE4Editor.exe!UnknownFunction []
[2018.01.06-06.04.04:381][ 60]LogOutputDevice: Error: [Callstack] 0x0000000091332774 KERNEL32.DLL!UnknownFunction []
[2018.01.06-06.04.04:381][ 60]LogOutputDevice: Error: [Callstack] 0x0000000091960D51 ntdll.dll!UnknownFunction []
[2018.01.06-06.04.04:381][ 60]LogOutputDevice: Error: 
[2018.01.06-06.04.04:384][ 60]LogStats:                SubmitErrorReport -  0.000 s
[2018.01.06-06.04.04:844][ 60]LogStats:                    SendNewReport -  0.460 s
[2018.01.06-06.04.04:844][ 60]LogStats:             FDebug::EnsureFailed -  1.283 s
[2018.01.06-06.04.23:636][ 60]LogSourceControl: FGitCheckInWorker: commit successful
[2018.01.06-06.04.23:703][ 60]SourceControl: [master 95acaad] lll
[2018.01.06-06.04.23:703][ 60]SourceControl:  9 files changed, 13 insertions(+)
[2018.01.06-06.04.23:703][ 60]SourceControl:  create mode 100644 Content/InfinityBladeGrassLands/Maps/ElvenRuins.umap
[2018.01.06-06.04.23:703][ 60]SourceControl:  create mode 100644 Content/InfinityBladeGrassLands/Maps/Overview.umap
[2018.01.06-06.04.23:703][ 60]SourceControl:  create mode 100644 Content/InfinityBladeGrassLands/Maps/entry.umap
[2018.01.06-06.04.23:703][ 60]SourceControl:  create mode 100644 Content/InfinityBladeGrassLands/Maps/entry_BuiltData.uasset
[2018.01.06-06.04.23:703][ 60]SourceControl:  create mode 100644 Content/InfinityBladeGrassLands/Maps/map.umap
[2018.01.06-06.04.23:703][ 60]SourceControl:  create mode 100644 Content/InfinityBladeGrassLands/Maps/map_BuiltData.uasset
[2018.01.06-06.04.23:703][ 60]SourceControl:  create mode 100644 Content/InfinityBladeGrassLands/Maps/trasitionmap.umap
[2018.01.06-06.04.23:703][ 60]SourceControl:  create mode 100644 Content/InfinityBladeGrassLands/Maps/trasitionmap_BuiltData.uasset
[2018.01.06-06.04.23:703][ 60]SourceControl:  create mode 100644 main.uproject
[2018.01.06-06.04.23:732][ 60]SourceControl: Commited [master 95acaad] lll.
[2018.01.06-06.05.04:712][412]SourceControl: On branch master
[2018.01.06-06.05.04:712][412]SourceControl: Untracked files:
[2018.01.06-06.05.04:712][412]SourceControl:   (use "git add <file>..." to include in what will be committed)
[2018.01.06-06.05.04:712][412]SourceControl: 	.svn/
[2018.01.06-06.05.04:712][412]SourceControl: 	Binaries/
[2018.01.06-06.05.04:712][412]SourceControl: 	Config/
[2018.01.06-06.05.04:712][412]SourceControl: 	Content/Geometry/
[2018.01.06-06.05.04:712][412]SourceControl: 	Content/InfinityBladeAdversaries/
[2018.01.06-06.05.04:712][412]SourceControl: 	Content/InfinityBladeGrassLands/Effects/
[2018.01.06-06.05.04:712][412]SourceControl: 	Content/InfinityBladeGrassLands/Environments/
[2018.01.06-06.05.04:712][412]SourceControl: 	Content/InfinityBladeGrassLands/Maps/LevelContent/
[2018.01.06-06.05.04:712][412]SourceControl: 	Content/Mannequin/
[2018.01.06-06.05.04:712][412]SourceControl: 	Content/StarterContent/
[2018.01.06-06.05.04:712][412]SourceControl: 	Content/ThirdPerson/
[2018.01.06-06.05.04:712][412]SourceControl: 	Content/ThirdPersonCPP/Blueprints/
[2018.01.06-06.05.04:712][412]SourceControl: 	Content/ThirdPersonCPP/Maps/
[2018.01.06-06.05.04:712][412]SourceControl: 	Content/pratice/
[2018.01.06-06.05.04:712][412]SourceControl: 	Intermediate/
[2018.01.06-06.05.04:712][412]SourceControl: 	Saved/
[2018.01.06-06.05.04:713][412]SourceControl: 	Source/
[2018.01.06-06.05.04:713][412]SourceControl: 	main.sln
[2018.01.06-06.05.04:713][412]SourceControl: nothing added to commit but untracked files present (use "git add" to track)
[2018.01.06-06.05.07:884][456]LogWindowsTextInputMethodSystem: Display: IME system now activated using TSF (Microsoft 입력기).
[2018.01.06-06.05.08:271][457]Cmd: QUIT_EDITOR
[2018.01.06-06.05.08:364][457]LogExit: Preparing to exit.
[2018.01.06-06.05.09:368][457]LogActorComponent: UnregisterComponent: (None.None) Not registered. Aborting.
[2018.01.06-06.05.09:368][457]LogActorComponent: UnregisterComponent: (None.None) Not registered. Aborting.
[2018.01.06-06.05.09:368][457]LogActorComponent: UnregisterComponent: (None.None) Not registered. Aborting.
[2018.01.06-06.05.09:368][457]LogActorComponent: UnregisterComponent: (None.None) Not registered. Aborting.
[2018.01.06-06.05.09:368][457]LogActorComponent: UnregisterComponent: (None.None) Not registered. Aborting.
[2018.01.06-06.05.09:368][457]LogActorComponent: UnregisterComponent: (None.None) Not registered. Aborting.
[2018.01.06-06.05.09:368][457]LogActorComponent: UnregisterComponent: (None.None) Not registered. Aborting.
[2018.01.06-06.05.09:420][457]LogExit: Editor shut down
[2018.01.06-06.05.09:433][457]LogExit: Transaction tracking system shut down
[2018.01.06-06.05.09:709][457]LogDirectoryWatcher: A directory notification for '../../../Engine/Content/' was aborted.
[2018.01.06-06.05.09:709][457]LogDirectoryWatcher: A directory notification for 'D:/PLZ/main/Content/' was aborted.
[2018.01.06-06.05.09:709][457]LogDirectoryWatcher: A directory notification for '../../../Engine/Plugins/2D/Paper2D/Content/' was aborted.
[2018.01.06-06.05.09:709][457]LogDirectoryWatcher: A directory notification for '../../../Engine/Plugins/Media/MediaCompositing/Content/' was aborted.
[2018.01.06-06.05.09:709][457]LogDirectoryWatcher: A directory notification for '../../../Engine/Plugins/Runtime/AppleARKit/Content/' was aborted.
[2018.01.06-06.05.09:710][457]LogDirectoryWatcher: A directory notification for '../../../Engine/Plugins/Runtime/Oculus/OculusVR/Content/' was aborted.
[2018.01.06-06.05.09:710][457]LogDirectoryWatcher: A directory notification for '../../../Engine/Plugins/Runtime/Steam/SteamVR/Content/' was aborted.
[2018.01.06-06.05.09:842][457]LogExit: Object subsystem successfully closed.
[2018.01.06-06.05.09:876][457]LogD3D11RHI: Shutdown
[2018.01.06-06.05.09:877][457]LogD3D11RHI: CleanupD3DDevice
[2018.01.06-06.05.09:882][457]LogD3D11RHI: ~FD3D11DynamicRHI
[2018.01.06-06.05.09:923][457]LogModuleManager: Shutting down and abandoning module HierarchicalLODOutliner (550)
[2018.01.06-06.05.09:923][457]LogModuleManager: Shutting down and abandoning module DesktopPlatform (548)
[2018.01.06-06.05.09:923][457]LogModuleManager: Shutting down and abandoning module SceneOutliner (546)
[2018.01.06-06.05.09:924][457]LogModuleManager: Shutting down and abandoning module AddContentDialog (544)
[2018.01.06-06.05.09:924][457]LogDirectoryWatcher: A directory notification for 'C:/Program Files/Epic Games/UE_4.18/FeaturePacks/' was aborted.
[2018.01.06-06.05.09:925][457]LogModuleManager: Shutting down and abandoning module WidgetCarousel (543)
[2018.01.06-06.05.09:925][457]LogModuleManager: Shutting down and abandoning module EditorWidgets (540)
[2018.01.06-06.05.09:925][457]LogModuleManager: Shutting down and abandoning module CollectionManager (538)
[2018.01.06-06.05.09:926][457]LogDirectoryWatcher: A directory notification for 'D:/PLZ/main/Content/Collections/' was aborted.
[2018.01.06-06.05.09:926][457]LogDirectoryWatcher: A directory notification for 'D:/PLZ/main/Content/Developers/choiw/Collections/' was aborted.
[2018.01.06-06.05.09:926][457]LogDirectoryWatcher: A directory notification for 'D:/PLZ/main/Saved/Collections/' was aborted.
[2018.01.06-06.05.09:926][457]LogModuleManager: Shutting down and abandoning module StatsViewer (536)
[2018.01.06-06.05.09:926][457]LogModuleManager: Shutting down and abandoning module FoliageEdit (534)
[2018.01.06-06.05.09:926][457]LogModuleManager: Shutting down and abandoning module LandscapeEditor (532)
[2018.01.06-06.05.09:927][457]LogModuleManager: Shutting down and abandoning module MeshPaintMode (530)
[2018.01.06-06.05.09:927][457]LogModuleManager: Shutting down and abandoning module SceneDepthPickerMode (528)
[2018.01.06-06.05.09:927][457]LogModuleManager: Shutting down and abandoning module ActorPickerMode (526)
[2018.01.06-06.05.09:927][457]LogModuleManager: Shutting down and abandoning module GeometryMode (524)
[2018.01.06-06.05.09:927][457]LogModuleManager: Shutting down and abandoning module TextureAlignMode (522)
[2018.01.06-06.05.09:927][457]LogModuleManager: Shutting down and abandoning module BspMode (520)
[2018.01.06-06.05.09:927][457]LogModuleManager: Shutting down and abandoning module PIEPreviewDeviceProfileSelector (518)
[2018.01.06-06.05.09:927][457]LogModuleManager: Shutting down and abandoning module HardwareSurvey (516)
[2018.01.06-06.05.09:927][457]LogModuleManager: Shutting down and abandoning module SequenceRecorderSections (514)
[2018.01.06-06.05.09:927][457]LogModuleManager: Shutting down and abandoning module AutomationWorker (512)
[2018.01.06-06.05.09:927][457]LogModuleManager: Shutting down and abandoning module MatineeToLevelSequence (510)
[2018.01.06-06.05.09:927][457]LogModuleManager: Shutting down and abandoning module LevelSequenceEditor (508)
[2018.01.06-06.05.09:928][457]LogModuleManager: Shutting down and abandoning module PlacementMode (507)
[2018.01.06-06.05.09:928][457]LogModuleManager: Shutting down and abandoning module WmfMediaFactory (504)
[2018.01.06-06.05.09:928][457]LogModuleManager: Shutting down and abandoning module WmfMediaEditor (502)
[2018.01.06-06.05.09:928][457]LogModuleManager: Shutting down and abandoning module OpenExrWrapper (500)
[2018.01.06-06.05.09:928][457]LogModuleManager: Shutting down and abandoning module ImgMediaFactory (498)
[2018.01.06-06.05.09:928][457]LogModuleManager: Shutting down and abandoning module ImgMediaEditor (496)
[2018.01.06-06.05.09:928][457]LogModuleManager: Shutting down and abandoning module AvfMediaFactory (494)
[2018.01.06-06.05.09:928][457]LogModuleManager: Shutting down and abandoning module AvfMediaEditor (492)
[2018.01.06-06.05.09:928][457]LogModuleManager: Shutting down and abandoning module AndroidMediaFactory (490)
[2018.01.06-06.05.09:928][457]LogModuleManager: Shutting down and abandoning module AndroidMediaEditor (488)
[2018.01.06-06.05.09:928][457]LogModuleManager: Shutting down and abandoning module CharacterAI (486)
[2018.01.06-06.05.09:928][457]LogModuleManager: Shutting down and abandoning module AudioCapture (484)
[2018.01.06-06.05.09:928][457]LogModuleManager: Shutting down and abandoning module SequenceRecorder (483)
[2018.01.06-06.05.09:928][457]LogModuleManager: Shutting down and abandoning module SmartSnapping (480)
[2018.01.06-06.05.09:928][457]LogModuleManager: Shutting down and abandoning module SessionServices (478)
[2018.01.06-06.05.09:928][457]LogModuleManager: Shutting down and abandoning module ViewportSnapping (476)
[2018.01.06-06.05.09:928][457]LogModuleManager: Shutting down and abandoning module ViewportInteraction (474)
[2018.01.06-06.05.09:928][457]LogModuleManager: Shutting down and abandoning module ClothPainter (472)
[2018.01.06-06.05.09:929][457]LogModuleManager: Shutting down and abandoning module SkeletalMeshEditor (471)
[2018.01.06-06.05.09:931][457]LogModuleManager: Shutting down and abandoning module LogVisualizer (468)
[2018.01.06-06.05.09:931][457]LogModuleManager: Shutting down and abandoning module IntroTutorials (466)
[2018.01.06-06.05.09:931][457]LogModuleManager: Shutting down and abandoning module GameProjectGeneration (465)
[2018.01.06-06.05.09:932][457]LogModuleManager: Shutting down and abandoning module IOSPlatformEditor (462)
[2018.01.06-06.05.09:932][457]LogModuleManager: Shutting down and abandoning module HTML5PlatformEditor (460)
[2018.01.06-06.05.09:932][457]LogModuleManager: Shutting down and abandoning module AndroidPlatformEditor (458)
[2018.01.06-06.05.09:932][457]LogModuleManager: Shutting down and abandoning module AndroidDeviceDetection (457)
[2018.01.06-06.05.10:819][457]LogModuleManager: Shutting down and abandoning module WindowsPlatformEditor (454)
[2018.01.06-06.05.10:819][457]LogModuleManager: Shutting down and abandoning module IOSRuntimeSettings (452)
[2018.01.06-06.05.10:819][457]LogModuleManager: Shutting down and abandoning module AndroidRuntimeSettings (450)
[2018.01.06-06.05.10:819][457]LogModuleManager: Shutting down and abandoning module InputBindingEditor (448)
[2018.01.06-06.05.10:819][457]LogModuleManager: Shutting down and abandoning module MergeActors (446)
[2018.01.06-06.05.10:827][457]LogModuleManager: Shutting down and abandoning module SizeMap (444)
[2018.01.06-06.05.10:827][457]LogModuleManager: Shutting down and abandoning module TreeMap (442)
[2018.01.06-06.05.10:827][457]LogModuleManager: Shutting down and abandoning module ReferenceViewer (440)
[2018.01.06-06.05.10:827][457]LogModuleManager: Shutting down and abandoning module LocalizationDashboard (438)
[2018.01.06-06.05.10:827][457]LogModuleManager: Shutting down and abandoning module LocalizationService (437)
[2018.01.06-06.05.10:827][457]LogModuleManager: Shutting down and abandoning module HardwareTargeting (434)
[2018.01.06-06.05.10:827][457]LogModuleManager: Shutting down and abandoning module DeviceProfileEditor (432)
[2018.01.06-06.05.10:827][457]LogModuleManager: Shutting down and abandoning module UndoHistory (430)
[2018.01.06-06.05.10:827][457]LogModuleManager: Shutting down and abandoning module XmlParser (428)
[2018.01.06-06.05.10:827][457]LogModuleManager: Shutting down and abandoning module Blutility (426)
[2018.01.06-06.05.10:827][457]LogModuleManager: Shutting down and abandoning module ProjectSettingsViewer (424)
[2018.01.06-06.05.10:827][457]LogModuleManager: Shutting down and abandoning module ProjectTargetPlatformEditor (423)
[2018.01.06-06.05.10:827][457]LogModuleManager: Shutting down and abandoning module EditorSettingsViewer (420)
[2018.01.06-06.05.10:827][457]LogModuleManager: Shutting down and abandoning module SettingsEditor (418)
[2018.01.06-06.05.10:828][457]LogModuleManager: Shutting down and abandoning module ProjectLauncher (416)
[2018.01.06-06.05.10:828][457]LogModuleManager: Shutting down and abandoning module SessionFrontend (414)
[2018.01.06-06.05.10:828][457]LogModuleManager: Shutting down and abandoning module ProfilerClient (412)
[2018.01.06-06.05.10:828][457]LogModuleManager: Shutting down and abandoning module DeviceManager (410)
[2018.01.06-06.05.10:828][457]LogModuleManager: Shutting down and abandoning module TargetDeviceServices (409)
[2018.01.06-06.05.10:883][457]LogModuleManager: Shutting down and abandoning module AutomationController (406)
[2018.01.06-06.05.10:883][457]LogModuleManager: Shutting down and abandoning module AutomationWindow (404)
[2018.01.06-06.05.10:884][457]LogModuleManager: Shutting down and abandoning module Layers (402)
[2018.01.06-06.05.10:885][457]LogModuleManager: Shutting down and abandoning module ComponentVisualizers (400)
[2018.01.06-06.05.10:885][457]LogModuleManager: Shutting down and abandoning module DetailCustomizations (398)
[2018.01.06-06.05.10:885][457]LogModuleManager: Shutting down and abandoning module PackagesDialog (396)
[2018.01.06-06.05.10:885][457]LogModuleManager: Shutting down and abandoning module Persona (394)
[2018.01.06-06.05.10:886][457]LogModuleManager: Shutting down and abandoning module AdvancedPreviewScene (393)
[2018.01.06-06.05.10:886][457]LogModuleManager: Shutting down and abandoning module AnimGraph (391)
[2018.01.06-06.05.10:886][457]LogModuleManager: Shutting down and abandoning module Kismet (388)
[2018.01.06-06.05.10:886][457]LogModuleManager: Shutting down and abandoning module ClassViewer (386)
[2018.01.06-06.05.10:886][457]LogModuleManager: Shutting down and abandoning module Toolbox (384)
[2018.01.06-06.05.10:886][457]LogModuleManager: Shutting down and abandoning module ModuleUI (382)
[2018.01.06-06.05.10:886][457]LogModuleManager: Shutting down and abandoning module MovieSceneTools (380)
[2018.01.06-06.05.10:887][457]LogModuleManager: Shutting down and abandoning module OutputLog (378)
[2018.01.06-06.05.10:887][457]LogModuleManager: Shutting down and abandoning module GammaUI (376)
[2018.01.06-06.05.10:887][457]LogModuleManager: Shutting down and abandoning module Documentation (374)
[2018.01.06-06.05.10:887][457]LogModuleManager: Shutting down and abandoning module MovieSceneTracks (372)
[2018.01.06-06.05.10:887][457]LogModuleManager: Shutting down and abandoning module MovieScene (370)
[2018.01.06-06.05.10:887][457]LogModuleManager: Shutting down and abandoning module StreamingPauseRendering (368)
[2018.01.06-06.05.10:887][457]LogModuleManager: Shutting down and abandoning module LauncherPlatform (366)
[2018.01.06-06.05.10:887][457]LogModuleManager: Shutting down and abandoning module AnalyticsET (364)
[2018.01.06-06.05.10:887][457]LogModuleManager: Shutting down and abandoning module PortalServices (362)
[2018.01.06-06.05.10:887][457]LogModuleManager: Shutting down and abandoning module PortalRpc (360)
[2018.01.06-06.05.10:887][457]LogModuleManager: Shutting down and abandoning module MessagingRpc (358)
[2018.01.06-06.05.10:887][457]LogModuleManager: Shutting down and abandoning module AIModule (356)
[2018.01.06-06.05.10:887][457]LogModuleManager: Shutting down and abandoning module GameplayDebugger (355)
[2018.01.06-06.05.10:887][457]LogModuleManager: Shutting down and abandoning module AITestSuite (353)
[2018.01.06-06.05.10:887][457]LogModuleManager: Shutting down and abandoning module ProfilerService (350)
[2018.01.06-06.05.11:112][457]LogModuleManager: Shutting down and abandoning module TaskGraph (348)
[2018.01.06-06.05.11:112][457]LogModuleManager: Shutting down and abandoning module SteamVRController (346)
[2018.01.06-06.05.11:113][457]LogModuleManager: Shutting down and abandoning module ProceduralMeshComponentEditor (344)
[2018.01.06-06.05.11:113][457]LogModuleManager: Shutting down and abandoning module ProceduralMeshComponent (342)
[2018.01.06-06.05.11:113][457]LogModuleManager: Shutting down and abandoning module OculusInput (340)
[2018.01.06-06.05.11:113][457]LogModuleManager: Shutting down and abandoning module MobilePatchingUtils (338)
[2018.01.06-06.05.11:113][457]LogModuleManager: Shutting down and abandoning module CustomMeshComponent (336)
[2018.01.06-06.05.11:113][457]LogModuleManager: Shutting down and abandoning module CableComponent (334)
[2018.01.06-06.05.11:113][457]LogModuleManager: Shutting down and abandoning module ArchVisCharacter (332)
[2018.01.06-06.05.11:113][457]LogModuleManager: Shutting down and abandoning module AndroidPermission (330)
[2018.01.06-06.05.11:113][457]LogModuleManager: Shutting down and abandoning module ActorSequence (326)
[2018.01.06-06.05.11:113][457]LogModuleManager: Shutting down and abandoning module MediaPlayerEditor (324)
[2018.01.06-06.05.11:113][457]LogModuleManager: Shutting down and abandoning module MediaCompositingEditor (322)
[2018.01.06-06.05.11:113][457]LogModuleManager: Shutting down and abandoning module MediaCompositing (320)
[2018.01.06-06.05.11:113][457]LogModuleManager: Shutting down and abandoning module HTML5Networking (318)
[2018.01.06-06.05.11:113][457]LogModuleManager: Shutting down and abandoning module AlembicImporter (316)
[2018.01.06-06.05.11:114][457]LogModuleManager: Shutting down and abandoning module AlembicLibrary (315)
[2018.01.06-06.05.11:114][457]LogModuleManager: Shutting down and abandoning module GeometryCache (314)
[2018.01.06-06.05.11:114][457]LogModuleManager: Shutting down and abandoning module GeometryCacheEd (313)
[2018.01.06-06.05.11:114][457]LogModuleManager: Shutting down and abandoning module SpeedTreeImporter (308)
[2018.01.06-06.05.11:114][457]LogModuleManager: Shutting down and abandoning module PluginBrowser (306)
[2018.01.06-06.05.11:114][457]LogModuleManager: Shutting down and abandoning module MobileLauncherProfileWizard (304)
[2018.01.06-06.05.11:114][457]LogModuleManager: Shutting down and abandoning module VisualStudioSourceCodeAccess (302)
[2018.01.06-06.05.11:115][457]LogModuleManager: Shutting down and abandoning module VisualStudioCodeSourceCodeAccess (300)
[2018.01.06-06.05.11:115][457]LogModuleManager: Shutting down and abandoning module UObjectPlugin (298)
[2018.01.06-06.05.11:115][457]LogModuleManager: Shutting down and abandoning module SubversionSourceControl (296)
[2018.01.06-06.05.11:115][457]LogModuleManager: Shutting down and abandoning module PerforceSourceControl (294)
[2018.01.06-06.05.11:115][457]LogModuleManager: Shutting down and abandoning module GitSourceControl (292)
[2018.01.06-06.05.11:115][457]LogModuleManager: Shutting down and abandoning module SourceControl (291)
[2018.01.06-06.05.11:115][457]LogModuleManager: Shutting down and abandoning module LightPropagationVolumeEditor (288)
[2018.01.06-06.05.11:115][457]LogModuleManager: Shutting down and abandoning module PaperTiledImporter (286)
[2018.01.06-06.05.11:115][457]LogModuleManager: Shutting down and abandoning module PaperSpriteSheetImporter (284)
[2018.01.06-06.05.11:115][457]LogModuleManager: Shutting down and abandoning module Paper2DEditor (282)
[2018.01.06-06.05.11:115][457]LogModuleManager: Shutting down and abandoning module MeshPaint (281)
[2018.01.06-06.05.11:115][457]LogModuleManager: Shutting down and abandoning module LevelEditor (279)
[2018.01.06-06.05.11:117][457]LogModuleManager: Shutting down and abandoning module PixelInspectorModule (278)
[2018.01.06-06.05.11:117][457]LogModuleManager: Shutting down and abandoning module MainFrame (276)
[2018.01.06-06.05.11:117][457]LogModuleManager: Shutting down and abandoning module HotReload (275)
[2018.01.06-06.05.11:117][457]LogDirectoryWatcher: A directory notification for 'D:/PLZ/main/Binaries/Win64' was aborted.
[2018.01.06-06.05.11:118][457]LogModuleManager: Shutting down and abandoning module main (270)
[2018.01.06-06.05.11:118][457]LogModuleManager: Shutting down and abandoning module RuntimePhysXCooking (268)
[2018.01.06-06.05.11:118][457]LogModuleManager: Shutting down and abandoning module PhysXVehiclesEditor (266)
[2018.01.06-06.05.11:118][457]LogModuleManager: Shutting down and abandoning module PhysXVehicles (264)
[2018.01.06-06.05.11:118][457]LogModuleManager: Shutting down and abandoning module OculusEditor (262)
[2018.01.06-06.05.11:118][457]LogModuleManager: Shutting down and abandoning module LocationServicesBPLibrary (260)
[2018.01.06-06.05.11:118][457]LogModuleManager: Shutting down and abandoning module ImmediatePhysicsEditor (258)
[2018.01.06-06.05.11:118][457]LogModuleManager: Shutting down and abandoning module ImmediatePhysics (256)
[2018.01.06-06.05.11:118][457]LogModuleManager: Shutting down and abandoning module UdpMessaging (254)
[2018.01.06-06.05.11:219][457]LogModuleManager: Shutting down and abandoning module TcpMessaging (252)
[2018.01.06-06.05.11:320][457]LogModuleManager: Shutting down and abandoning module GameplayTagsEditor (250)
[2018.01.06-06.05.11:320][457]LogModuleManager: Shutting down and abandoning module FacialAnimationEditor (248)
[2018.01.06-06.05.11:320][457]LogModuleManager: Shutting down and abandoning module FacialAnimation (246)
[2018.01.06-06.05.11:320][457]LogModuleManager: Shutting down and abandoning module AssetManagerEditor (244)
[2018.01.06-06.05.11:320][457]LogModuleManager: Shutting down and abandoning module GraphEditor (243)
[2018.01.06-06.05.11:329][457]LogModuleManager: Shutting down and abandoning module ContentBrowser (241)
[2018.01.06-06.05.11:331][457]LogModuleManager: Shutting down and abandoning module LightPropagationVolumeRuntime (238)
[2018.01.06-06.05.11:331][457]LogModuleManager: Shutting down and abandoning module Paper2D (236)
[2018.01.06-06.05.11:331][457]LogModuleManager: Shutting down and abandoning module WindowsMoviePlayer (234)
[2018.01.06-06.05.11:332][457]LogModuleManager: Shutting down and abandoning module WmfMedia (232)
[2018.01.06-06.05.11:332][457]LogModuleManager: Shutting down and abandoning module ImgMedia (230)
[2018.01.06-06.05.11:332][457]LogModuleManager: Shutting down and abandoning module PacketHandler (228)
[2018.01.06-06.05.11:332][457]LogModuleManager: Shutting down and abandoning module ClothingSystemEditor (226)
[2018.01.06-06.05.11:332][457]LogModuleManager: Shutting down and abandoning module ClothingSystemRuntime (224)
[2018.01.06-06.05.11:333][457]LogModuleManager: Shutting down and abandoning module MediaAssets (222)
[2018.01.06-06.05.11:333][457]LogModuleManager: Shutting down and abandoning module Media (221)
[2018.01.06-06.05.11:340][457]LogModuleManager: Shutting down and abandoning module Overlay (218)
[2018.01.06-06.05.11:340][457]LogModuleManager: Shutting down and abandoning module OverlayEditor (217)
[2018.01.06-06.05.11:340][457]LogModuleManager: Shutting down and abandoning module VREditor (214)
[2018.01.06-06.05.11:341][457]LogModuleManager: Shutting down and abandoning module StringTableEditor (212)
[2018.01.06-06.05.11:341][457]LogModuleManager: Shutting down and abandoning module GameplayTasksEditor (210)
[2018.01.06-06.05.11:341][457]LogModuleManager: Shutting down and abandoning module BehaviorTreeEditor (208)
[2018.01.06-06.05.11:341][457]LogModuleManager: Shutting down and abandoning module FunctionalTesting (206)
[2018.01.06-06.05.11:342][457]LogModuleManager: Shutting down and abandoning module CollisionAnalyzer (204)
[2018.01.06-06.05.11:342][457]LogModuleManager: Shutting down and abandoning module WorkspaceMenuStructure (203)
[2018.01.06-06.05.11:342][457]LogModuleManager: Shutting down and abandoning module UMG (200)
[2018.01.06-06.05.11:342][457]LogModuleManager: Shutting down and abandoning module UMGEditor (199)
[2018.01.06-06.05.11:343][457]LogModuleManager: Shutting down and abandoning module Sequencer (198)
[2018.01.06-06.05.11:344][457]LogModuleManager: Shutting down and abandoning module MessageLog (195)
[2018.01.06-06.05.11:344][457]LogModuleManager: Shutting down and abandoning module SlateReflector (190)
[2018.01.06-06.05.11:344][457]LogModuleManager: Shutting down and abandoning module Slate (188)
[2018.01.06-06.05.11:345][457]LogModuleManager: Shutting down and abandoning module EditorStyle (186)
[2018.01.06-06.05.11:351][457]LogModuleManager: Shutting down and abandoning module MRMesh (184)
[2018.01.06-06.05.11:351][457]LogModuleManager: Shutting down and abandoning module SourceCodeAccess (182)
[2018.01.06-06.05.11:351][457]LogModuleManager: Shutting down and abandoning module HeadMountedDisplay (180)
[2018.01.06-06.05.11:351][457]LogModuleManager: Shutting down and abandoning module XAudio2 (178)
[2018.01.06-06.05.11:352][457]LogModuleManager: Shutting down and abandoning module Networking (176)
[2018.01.06-06.05.11:352][457]LogModuleManager: Shutting down and abandoning module Core (172)
[2018.01.06-06.05.11:352][457]LogModuleManager: Shutting down and abandoning module LevelSequence (168)
[2018.01.06-06.05.11:352][457]LogModuleManager: Shutting down and abandoning module DirectoryWatcher (166)
[2018.01.06-06.05.11:354][457]LogModuleManager: Shutting down and abandoning module KismetCompiler (164)
[2018.01.06-06.05.11:354][457]LogModuleManager: Shutting down and abandoning module MeshUtilities (162)
[2018.01.06-06.05.11:354][457]LogModuleManager: Shutting down and abandoning module MeshMergeUtilities (161)
[2018.01.06-06.05.11:355][457]LogModuleManager: Shutting down and abandoning module MeshReductionInterface (160)
[2018.01.06-06.05.11:355][457]LogModuleManager: Shutting down and abandoning module SimplygonSwarm (159)
[2018.01.06-06.05.11:355][457]LogModuleManager: Shutting down and abandoning module SimplygonMeshReduction (157)
[2018.01.06-06.05.11:355][457]LogModuleManager: Shutting down and abandoning module QuadricMeshReduction (155)
[2018.01.06-06.05.11:355][457]LogModuleManager: Shutting down and abandoning module MaterialBaking (151)
[2018.01.06-06.05.11:355][457]LogModuleManager: Shutting down and abandoning module DerivedDataCache (148)
[2018.01.06-06.05.11:432][457]LogDerivedDataCache: Shutdown
[2018.01.06-06.05.11:432][457]LogModuleManager: Shutting down and abandoning module TargetPlatform (146)
[2018.01.06-06.05.11:432][457]LogModuleManager: Shutting down and abandoning module VulkanShaderFormat (145)
[2018.01.06-06.05.11:432][457]LogModuleManager: Shutting down and abandoning module ShaderFormatVectorVM (143)
[2018.01.06-06.05.11:433][457]LogModuleManager: Shutting down and abandoning module ShaderFormatOpenGL (141)
[2018.01.06-06.05.11:433][457]LogModuleManager: Shutting down and abandoning module ShaderFormatD3D (139)
[2018.01.06-06.05.11:434][457]LogModuleManager: Shutting down and abandoning module MetalShaderFormat (137)
[2018.01.06-06.05.11:434][457]LogModuleManager: Shutting down and abandoning module TextureFormatUncompressed (135)
[2018.01.06-06.05.11:434][457]LogModuleManager: Shutting down and abandoning module TextureFormatPVR (133)
[2018.01.06-06.05.11:434][457]LogModuleManager: Shutting down and abandoning module TextureFormatDXT (131)
[2018.01.06-06.05.11:434][457]LogModuleManager: Shutting down and abandoning module TextureFormatIntelISPCTexComp (129)
[2018.01.06-06.05.11:434][457]LogModuleManager: Shutting down and abandoning module TextureFormatASTC (127)
[2018.01.06-06.05.11:434][457]LogModuleManager: Shutting down and abandoning module ImageWrapper (126)
[2018.01.06-06.05.11:435][457]LogModuleManager: Shutting down and abandoning module TextureFormatAndroid (123)
[2018.01.06-06.05.11:435][457]LogModuleManager: Shutting down and abandoning module AudioFormatOpus (121)
[2018.01.06-06.05.11:435][457]LogModuleManager: Shutting down and abandoning module AudioFormatOgg (119)
[2018.01.06-06.05.11:435][457]LogModuleManager: Shutting down and abandoning module AudioFormatADPCM (117)
[2018.01.06-06.05.11:435][457]LogModuleManager: Shutting down and abandoning module LinuxTargetPlatform (115)
[2018.01.06-06.05.11:435][457]LogModuleManager: Shutting down and abandoning module LinuxServerTargetPlatform (113)
[2018.01.06-06.05.11:435][457]LogModuleManager: Shutting down and abandoning module LinuxNoEditorTargetPlatform (111)
[2018.01.06-06.05.11:435][457]LogModuleManager: Shutting down and abandoning module LinuxClientTargetPlatform (109)
[2018.01.06-06.05.11:435][457]LogModuleManager: Shutting down and abandoning module TVOSTargetPlatform (107)
[2018.01.06-06.05.11:435][457]LogModuleManager: Shutting down and abandoning module Messaging (105)
[2018.01.06-06.05.11:435][457]LogModuleManager: Shutting down and abandoning module IOSTargetPlatform (103)
[2018.01.06-06.05.11:435][457]LogModuleManager: Shutting down and abandoning module HTML5TargetPlatform (101)
[2018.01.06-06.05.11:435][457]LogModuleManager: Shutting down and abandoning module AndroidTargetPlatform (99)
[2018.01.06-06.05.11:435][457]LogModuleManager: Shutting down and abandoning module Android_PVRTCTargetPlatform (97)
[2018.01.06-06.05.11:435][457]LogModuleManager: Shutting down and abandoning module Android_MultiTargetPlatform (95)
[2018.01.06-06.05.11:435][457]LogModuleManager: Shutting down and abandoning module Android_ETC2TargetPlatform (93)
[2018.01.06-06.05.11:435][457]LogModuleManager: Shutting down and abandoning module Android_ETC1TargetPlatform (91)
[2018.01.06-06.05.11:435][457]LogModuleManager: Shutting down and abandoning module Android_DXTTargetPlatform (89)
[2018.01.06-06.05.11:435][457]LogModuleManager: Shutting down and abandoning module Android_ATCTargetPlatform (87)
[2018.01.06-06.05.11:435][457]LogModuleManager: Shutting down and abandoning module Android_ASTCTargetPlatform (85)
[2018.01.06-06.05.11:436][457]LogModuleManager: Shutting down and abandoning module WindowsTargetPlatform (83)
[2018.01.06-06.05.11:436][457]LogModuleManager: Shutting down and abandoning module WindowsServerTargetPlatform (81)
[2018.01.06-06.05.11:436][457]LogModuleManager: Shutting down and abandoning module WindowsNoEditorTargetPlatform (79)
[2018.01.06-06.05.11:436][457]LogModuleManager: Shutting down and abandoning module WindowsClientTargetPlatform (77)
[2018.01.06-06.05.11:436][457]LogModuleManager: Shutting down and abandoning module MacTargetPlatform (75)
[2018.01.06-06.05.11:436][457]LogModuleManager: Shutting down and abandoning module MacServerTargetPlatform (73)
[2018.01.06-06.05.11:436][457]LogModuleManager: Shutting down and abandoning module MacNoEditorTargetPlatform (71)
[2018.01.06-06.05.11:436][457]LogModuleManager: Shutting down and abandoning module MacClientTargetPlatform (69)
[2018.01.06-06.05.11:436][457]LogModuleManager: Shutting down and abandoning module AllDesktopTargetPlatform (67)
[2018.01.06-06.05.11:436][457]LogModuleManager: Shutting down and abandoning module InputCore (64)
[2018.01.06-06.05.11:436][457]LogModuleManager: Shutting down and abandoning module Settings (62)
[2018.01.06-06.05.11:436][457]LogModuleManager: Shutting down and abandoning module PhysXCooking (60)
[2018.01.06-06.05.11:436][457]LogModuleManager: Shutting down and abandoning module SteamVR (58)
[2018.01.06-06.05.11:436][457]LogModuleManager: Shutting down and abandoning module OculusHMD (56)
[2018.01.06-06.05.11:436][457]LogModuleManager: Shutting down and abandoning module ExampleDeviceProfileSelector (54)
[2018.01.06-06.05.11:436][457]LogModuleManager: Shutting down and abandoning module AppleARKit (52)
[2018.01.06-06.05.11:436][457]LogModuleManager: Shutting down and abandoning module AugmentedReality (51)
[2018.01.06-06.05.11:436][457]LogModuleManager: Shutting down and abandoning module OnlineBlueprintSupport (48)
[2018.01.06-06.05.11:436][457]LogModuleManager: Shutting down and abandoning module OnlineSubsystem (44)
[2018.01.06-06.05.11:437][457]LogModuleManager: Shutting down and abandoning module XMPP (43)
[2018.01.06-06.05.11:437][457]LogModuleManager: Shutting down and abandoning module HTTP (41)
[2018.01.06-06.05.11:437][457]LogHttp: Display: Http module shutting down, but needs to wait on 1 outstanding Http requests:
[2018.01.06-06.05.11:437][457]LogHttp: Display: 	verb=[POST] url=[https://datarouter.ol.epicgames.com/datarouter/api/v1/public/data?SessionID=%7B785825A6-488B-FA19-B259-0093379C8EC0%7D&AppID=UEEditor.Rocket.Release&AppVersion=4.18.2-3794801%2B%2B%2BUE4%2BRelease-4.18&UserID=8d73201645b8829efdca98b8ca014480%7C827879c181fe46a9a9ae70ac9af31475%7C5c586428-a53f-40b2-8650-fc78ac88a1f1&AppEnvironment=datacollector-binary&UploadType=eteventstream] status=Processing
[2018.01.06-06.05.11:468][457]LogModuleManager: Shutting down and abandoning module SSL (40)
[2018.01.06-06.05.11:470][457]LogModuleManager: Shutting down and abandoning module AnimationModifiers (36)
[2018.01.06-06.05.11:470][457]LogModuleManager: Shutting down and abandoning module PropertyEditor (35)
[2018.01.06-06.05.11:470][457]LogModuleManager: Shutting down and abandoning module AudioEditor (32)
[2018.01.06-06.05.11:470][457]LogModuleManager: Shutting down and abandoning module TextureCompressor (30)
[2018.01.06-06.05.11:471][457]LogModuleManager: Shutting down and abandoning module ShaderCore (28)
[2018.01.06-06.05.11:471][457]LogModuleManager: Shutting down and abandoning module Landscape (26)
[2018.01.06-06.05.11:471][457]LogModuleManager: Shutting down and abandoning module SlateRHIRenderer (24)
[2018.01.06-06.05.11:476][457]LogModuleManager: Shutting down and abandoning module OpenGLDrv (22)
[2018.01.06-06.05.11:477][457]LogModuleManager: Shutting down and abandoning module D3D11RHI (20)
[2018.01.06-06.05.11:477][457]LogModuleManager: Shutting down and abandoning module AnimGraphRuntime (18)
[2018.01.06-06.05.11:477][457]LogModuleManager: Shutting down and abandoning module Renderer (16)
[2018.01.06-06.05.11:477][457]LogModuleManager: Shutting down and abandoning module Engine (14)
[2018.01.06-06.05.11:477][457]LogModuleManager: Shutting down and abandoning module CoreUObject (12)
[2018.01.06-06.05.11:477][457]LogModuleManager: Shutting down and abandoning module NetworkFile (10)
[2018.01.06-06.05.11:477][457]LogModuleManager: Shutting down and abandoning module CookedIterativeFile (8)
[2018.01.06-06.05.11:477][457]LogModuleManager: Shutting down and abandoning module StreamingFile (6)
[2018.01.06-06.05.11:477][457]LogModuleManager: Shutting down and abandoning module SandboxFile (4)
[2018.01.06-06.05.11:477][457]LogModuleManager: Shutting down and abandoning module PakFile (2)
[2018.01.06-06.05.11:483][457]LogExit: Exiting.
[2018.01.06-06.05.11:522][457]Log file closed, 01/06/18 15:05:11
